 INFO LOG: _Apr__5_2: Logging enabled.   Loading logs.rb.
 INFO LOG: _Apr__5_2: Loading utils.rb
 INFO LOG: _Apr__5_2: Loading constants.rb
 INFO LOG: _Apr__5_2: Loading class_property.rb
 INFO LOG: _Apr__5_2: Loading editors.rb
 INFO LOG: _Apr__5_2: Loading mxp.rb
 INFO LOG: _Apr__5_2: Loading mccp.rb
 INFO LOG: _Apr__5_2: Loading flags.rb
 INFO LOG: _Apr__5_2: Loading damage.rb
 INFO LOG: _Apr__5_2: Loading event.rb
 INFO LOG: _Apr__5_2: Loading cities.automap.rb
 INFO LOG: _Apr__5_2: Loading cities.olc.rb
 INFO LOG: _Apr__5_2: Loading cities.rb
 INFO LOG: _Apr__5_2: Loading help.rb
 INFO LOG: _Apr__5_2: Loading imcruby.rb
 INFO LOG: _Apr__5_2: Loading player.rb
 INFO LOG: _Apr__5_2: Loading player.commands.rb
 INFO LOG: _Apr__5_2: Loading random.rb
 INFO LOG: _Apr__5_2: Loading spells.rb
 INFO LOG: _Apr__5_2: Starting server.
 INFO LOG: _Apr__5_2: CoralMUD is now up on port 4000.
 INFO LOG: _Apr__5_2: -- 99.191.82.191:38359 connected to CoralMUD!
 INFO LOG: _Apr__5_2: -- 99.191.82.191:38359 disconnected from CoralMUD!
 INFO LOG: _Apr__5_2: -- 99.191.82.191:35758 connected to CoralMUD!
 INFO LOG: _Apr__5_2: Retnur is trying to connect.
 INFO LOG: _Apr__5_2: Retnur has entered the game.
 INFO LOG: _Apr__5_2: tick!!!
 INFO LOG: _Apr__5_2: tick!!!
 INFO LOG: _Apr__5_2: tick!!!
 INFO LOG: _Apr__5_2: tick!!!
 INFO LOG: _Apr__5_2: tick!!!
 INFO LOG: _Apr__5_2: tick!!!
 INFO LOG: _Apr__5_2: tick!!!
 INFO LOG: _Apr__5_2: tick!!!
 INFO LOG: _Apr__5_2: tick!!!
 INFO LOG: _Apr__5_2: tick!!!
 INFO LOG: _Apr__5_2: tick!!!
 INFO LOG: _Apr__5_2: tick!!!
 INFO LOG: _Apr__5_2: tick!!!
 INFO LOG: _Apr__5_2: tick!!!
 INFO LOG: _Apr__5_2: tick!!!
 INFO LOG: _Apr__5_2: tick!!!
 INFO LOG: _Apr__5_2: tick!!!
 INFO LOG: _Apr__5_2: tick!!!
 INFO LOG: _Apr__5_2: tick!!!
 INFO LOG: _Apr__5_2: tick!!!
 INFO LOG: _Apr__5_2: tick!!!
 INFO LOG: _Apr__5_2: tick!!!
 INFO LOG: _Apr__5_2: tick!!!
 INFO LOG: _Apr__5_2: tick!!!
 INFO LOG: _Apr__5_2: tick!!!
 INFO LOG: _Apr__5_2: tick!!!
 INFO LOG: _Apr__5_2: tick!!!
 INFO LOG: _Apr__5_2: tick!!!
 INFO LOG: _Apr__5_2: tick!!!
 INFO LOG: _Apr__5_2: tick!!!
 INFO LOG: _Apr__5_2: tick!!!
 INFO LOG: _Apr__5_2: tick!!!
 INFO LOG: _Apr__5_2: tick!!!
 INFO LOG: _Apr__5_2: tick!!!
 INFO LOG: _Apr__5_2: tick!!!
 INFO LOG: _Apr__5_2: tick!!!
 INFO LOG: _Apr__5_2: tick!!!
 INFO LOG: _Apr__5_2: tick!!!
 INFO LOG: _Apr__5_2: tick!!!
 INFO LOG: _Apr__5_2: tick!!!
 INFO LOG: _Apr__5_2: tick!!!
 INFO LOG: _Apr__5_2: tick!!!
 INFO LOG: _Apr__5_2: tick!!!
 INFO LOG: _Apr__5_2: tick!!!
 INFO LOG: _Apr__5_2: tick!!!
 INFO LOG: _Apr__5_2: tick!!!
 INFO LOG: _Apr__5_2: tick!!!
 INFO LOG: _Apr__5_2: tick!!!
 INFO LOG: _Apr__5_2: tick!!!
 INFO LOG: _Apr__5_2: tick!!!
 INFO LOG: _Apr__5_2: tick!!!
 INFO LOG: _Apr__5_2: tick!!!
 INFO LOG: _Apr__5_2: tick!!!
 INFO LOG: _Apr__5_2: tick!!!
 INFO LOG: _Apr__5_2: tick!!!
 INFO LOG: _Apr__5_2: tick!!!
 INFO LOG: _Apr__5_2: tick!!!
 INFO LOG: _Apr__5_2: tick!!!
 INFO LOG: _Apr__5_2: tick!!!
 INFO LOG: _Apr__5_2: tick!!!
 INFO LOG: _Apr__5_2: tick!!!
 INFO LOG: _Apr__5_2: tick!!!
 INFO LOG: _Apr__5_2: tick!!!
 INFO LOG: _Apr__5_2: tick!!!
 INFO LOG: _Apr__5_2: tick!!!
 INFO LOG: _Apr__5_2: tick!!!
 INFO LOG: _Apr__5_2: -- 24.219.161.147:57571 connected to CoralMUD!
 INFO LOG: _Apr__5_2: Aragron is trying to connect.
 INFO LOG: _Apr__5_2: -- 24.219.161.147:57571 disconnected from CoralMUD!
 INFO LOG: _Apr__5_2: -- 24.219.161.147:57572 connected to CoralMUD!
 INFO LOG: _Apr__5_2: Aragorn is trying to connect.
 INFO LOG: _Apr__5_2: tick!!!
 INFO LOG: _Apr__5_2: -- 24.219.161.147:57572 disconnected from CoralMUD!
 INFO LOG: _Apr__5_2: -- 24.219.161.147:57595 connected to CoralMUD!
 INFO LOG: _Apr__5_2: Aragorn is trying to connect.
 INFO LOG: _Apr__5_2: tick!!!
 INFO LOG: _Apr__5_2: New player: Aragorn.
 INFO LOG: _Apr__5_2: Aragorn has entered the game.
 INFO LOG: _Apr__5_2: tick!!!
 INFO LOG: _Apr__5_2: tick!!!
 INFO LOG: _Apr__5_2: Aragorn has left the game.
 INFO LOG: _Apr__5_2: -- 24.219.161.147:57595 disconnected from CoralMUD!
 INFO LOG: _Apr__5_2: tick!!!
 INFO LOG: _Apr__5_2: tick!!!
 INFO LOG: _Apr__5_2: tick!!!
 INFO LOG: _Apr__5_2: tick!!!
 INFO LOG: _Apr__5_2: tick!!!
 INFO LOG: _Apr__5_2: tick!!!
 INFO LOG: _Apr__5_2: tick!!!
 INFO LOG: _Apr__5_2: tick!!!
 INFO LOG: _Apr__5_2: tick!!!
 INFO LOG: _Apr__6_0: tick!!!
 INFO LOG: _Apr__6_0: tick!!!
 INFO LOG: _Apr__6_0: tick!!!
 INFO LOG: _Apr__6_0: tick!!!
 INFO LOG: _Apr__6_0: tick!!!
 INFO LOG: _Apr__6_0: tick!!!
 INFO LOG: _Apr__6_0: tick!!!
 INFO LOG: _Apr__6_0: tick!!!
 INFO LOG: _Apr__6_0: tick!!!
 INFO LOG: _Apr__6_0: tick!!!
 INFO LOG: _Apr__6_0: tick!!!
 INFO LOG: _Apr__6_0: tick!!!
 INFO LOG: _Apr__6_0: tick!!!
 INFO LOG: _Apr__6_0: tick!!!
 INFO LOG: _Apr__6_0: tick!!!
 INFO LOG: _Apr__6_0: Loading player.commands.rb
 INFO LOG: _Apr__6_0: Loading cities.rb
 INFO LOG: _Apr__6_0: tick!!!
 INFO LOG: _Apr__6_0: tick!!!
 INFO LOG: _Apr__6_0: tick!!!
 INFO LOG: _Apr__6_0: tick!!!
 INFO LOG: _Apr__6_0: tick!!!
 INFO LOG: _Apr__6_0: Loading cities.rb
 INFO LOG: _Apr__6_0: tick!!!
 INFO LOG: _Apr__6_0: tick!!!
 INFO LOG: _Apr__6_0: tick!!!
 INFO LOG: _Apr__6_0: tick!!!
 INFO LOG: _Apr__6_0: tick!!!
 INFO LOG: _Apr__6_0: tick!!!
 INFO LOG: _Apr__6_0: tick!!!
 INFO LOG: _Apr__6_0: tick!!!
 INFO LOG: _Apr__6_0: tick!!!
 INFO LOG: _Apr__6_0: tick!!!
 INFO LOG: _Apr__6_0: tick!!!
 INFO LOG: _Apr__6_0: tick!!!
 INFO LOG: _Apr__6_0: tick!!!
 INFO LOG: _Apr__6_0: tick!!!
 INFO LOG: _Apr__6_0: tick!!!
 INFO LOG: _Apr__6_0: tick!!!
 INFO LOG: _Apr__6_0: tick!!!
 INFO LOG: _Apr__6_0: tick!!!
 INFO LOG: _Apr__6_0: tick!!!
 INFO LOG: _Apr__6_0: tick!!!
 INFO LOG: _Apr__6_0: tick!!!
 INFO LOG: _Apr__6_0: tick!!!
 INFO LOG: _Apr__6_0: tick!!!
 INFO LOG: _Apr__6_0: tick!!!
 INFO LOG: _Apr__6_0: tick!!!
 INFO LOG: _Apr__6_0: tick!!!
 INFO LOG: _Apr__6_0: tick!!!
 INFO LOG: _Apr__6_0: tick!!!
 INFO LOG: _Apr__6_0: tick!!!
 INFO LOG: _Apr__6_0: tick!!!
 INFO LOG: _Apr__6_0: tick!!!
 INFO LOG: _Apr__6_0: tick!!!
 INFO LOG: _Apr__6_0: tick!!!
 INFO LOG: _Apr__6_0: tick!!!
 INFO LOG: _Apr__6_0: tick!!!
 INFO LOG: _Apr__6_0: tick!!!
 INFO LOG: _Apr__6_0: tick!!!
 INFO LOG: _Apr__6_0: tick!!!
 INFO LOG: _Apr__6_0: tick!!!
 INFO LOG: _Apr__6_0: tick!!!
 INFO LOG: _Apr__6_0: tick!!!
 INFO LOG: _Apr__6_0: tick!!!
 INFO LOG: _Apr__6_0: tick!!!
 INFO LOG: _Apr__6_0: tick!!!
 INFO LOG: _Apr__6_0: tick!!!
 INFO LOG: _Apr__6_0: tick!!!
 INFO LOG: _Apr__6_0: tick!!!
 INFO LOG: _Apr__6_0: tick!!!
 INFO LOG: _Apr__6_0: tick!!!
 INFO LOG: _Apr__6_0: tick!!!
 INFO LOG: _Apr__6_0: tick!!!
 INFO LOG: _Apr__6_0: tick!!!
 INFO LOG: _Apr__6_0: tick!!!
 INFO LOG: _Apr__6_0: tick!!!
 INFO LOG: _Apr__6_0: tick!!!
 INFO LOG: _Apr__6_0: tick!!!
 INFO LOG: _Apr__6_0: tick!!!
 INFO LOG: _Apr__6_0: tick!!!
 INFO LOG: _Apr__6_0: tick!!!
 INFO LOG: _Apr__6_0: tick!!!
 INFO LOG: _Apr__6_0: tick!!!
 INFO LOG: _Apr__6_0: tick!!!
 INFO LOG: _Apr__6_0: tick!!!
 INFO LOG: _Apr__6_0: tick!!!
 INFO LOG: _Apr__6_0: tick!!!
 INFO LOG: _Apr__6_0: tick!!!
 INFO LOG: _Apr__6_0: tick!!!
 INFO LOG: _Apr__6_0: tick!!!
 INFO LOG: _Apr__6_0: tick!!!
 INFO LOG: _Apr__6_0: tick!!!
 INFO LOG: _Apr__6_0: tick!!!
 INFO LOG: _Apr__6_0: tick!!!
 INFO LOG: _Apr__6_0: tick!!!
 INFO LOG: _Apr__6_0: tick!!!
 INFO LOG: _Apr__6_0: tick!!!
 INFO LOG: _Apr__6_0: tick!!!
 INFO LOG: _Apr__6_0: tick!!!
 INFO LOG: _Apr__6_0: tick!!!
 INFO LOG: _Apr__6_0: tick!!!
 INFO LOG: _Apr__6_0: tick!!!
 INFO LOG: _Apr__6_0: tick!!!
 INFO LOG: _Apr__6_0: tick!!!
 INFO LOG: _Apr__6_0: tick!!!
 INFO LOG: _Apr__6_0: tick!!!
 INFO LOG: _Apr__6_0: tick!!!
 INFO LOG: _Apr__6_0: tick!!!
 INFO LOG: _Apr__6_0: tick!!!
 INFO LOG: _Apr__6_0: tick!!!
 INFO LOG: _Apr__6_0: tick!!!
 INFO LOG: _Apr__6_0: tick!!!
 INFO LOG: _Apr__6_0: tick!!!
 INFO LOG: _Apr__6_0: tick!!!
 INFO LOG: _Apr__6_0: tick!!!
 INFO LOG: _Apr__6_0: tick!!!
 INFO LOG: _Apr__6_0: tick!!!
 INFO LOG: _Apr__6_0: tick!!!
 INFO LOG: _Apr__6_0: tick!!!
 INFO LOG: _Apr__6_0: tick!!!
 INFO LOG: _Apr__6_0: tick!!!
 INFO LOG: _Apr__6_0: tick!!!
 INFO LOG: _Apr__6_0: tick!!!
 INFO LOG: _Apr__6_0: tick!!!
 INFO LOG: _Apr__6_0: tick!!!
 INFO LOG: _Apr__6_0: tick!!!
 INFO LOG: _Apr__6_0: tick!!!
 INFO LOG: _Apr__6_0: tick!!!
 INFO LOG: _Apr__6_0: tick!!!
 INFO LOG: _Apr__6_0: tick!!!
 INFO LOG: _Apr__6_0: tick!!!
 INFO LOG: _Apr__6_0: tick!!!
 INFO LOG: _Apr__6_0: tick!!!
 INFO LOG: _Apr__6_0: tick!!!
 INFO LOG: _Apr__6_0: tick!!!
 INFO LOG: _Apr__6_0: tick!!!
 INFO LOG: _Apr__6_0: tick!!!
 INFO LOG: _Apr__6_0: tick!!!
 INFO LOG: _Apr__6_0: tick!!!
 INFO LOG: _Apr__6_0: tick!!!
 INFO LOG: _Apr__6_0: tick!!!
 INFO LOG: _Apr__6_0: tick!!!
 INFO LOG: _Apr__6_0: tick!!!
 INFO LOG: _Apr__6_0: tick!!!
 INFO LOG: _Apr__6_0: tick!!!
 INFO LOG: _Apr__6_0: tick!!!
 INFO LOG: _Apr__6_0: tick!!!
 INFO LOG: _Apr__6_0: tick!!!
 INFO LOG: _Apr__6_0: tick!!!
 INFO LOG: _Apr__6_0: tick!!!
 INFO LOG: _Apr__6_0: tick!!!
 INFO LOG: _Apr__6_0: tick!!!
 INFO LOG: _Apr__6_0: tick!!!
 INFO LOG: _Apr__6_0: tick!!!
 INFO LOG: _Apr__6_0: tick!!!
 INFO LOG: _Apr__6_0: tick!!!
 INFO LOG: _Apr__6_0: tick!!!
 INFO LOG: _Apr__6_0: tick!!!
 INFO LOG: _Apr__6_0: tick!!!
 INFO LOG: _Apr__6_0: tick!!!
 INFO LOG: _Apr__6_0: tick!!!
 INFO LOG: _Apr__6_0: tick!!!
 INFO LOG: _Apr__6_0: tick!!!
 INFO LOG: _Apr__6_0: tick!!!
 INFO LOG: _Apr__6_0: tick!!!
 INFO LOG: _Apr__6_0: tick!!!
 INFO LOG: _Apr__6_0: tick!!!
 INFO LOG: _Apr__6_0: tick!!!
 INFO LOG: _Apr__6_0: tick!!!
 INFO LOG: _Apr__6_0: tick!!!
 INFO LOG: _Apr__6_0: tick!!!
 INFO LOG: _Apr__6_0: tick!!!
 INFO LOG: _Apr__6_0: tick!!!
 INFO LOG: _Apr__6_0: tick!!!
 INFO LOG: _Apr__6_0: tick!!!
 INFO LOG: _Apr__6_0: tick!!!
 INFO LOG: _Apr__6_0: tick!!!
 INFO LOG: _Apr__6_0: tick!!!
 INFO LOG: _Apr__6_0: tick!!!
 INFO LOG: _Apr__6_0: tick!!!
 INFO LOG: _Apr__6_0: tick!!!
 INFO LOG: _Apr__6_0: tick!!!
 INFO LOG: _Apr__6_0: tick!!!
 INFO LOG: _Apr__6_0: tick!!!
 INFO LOG: _Apr__6_0: tick!!!
 INFO LOG: _Apr__6_0: tick!!!
 INFO LOG: _Apr__6_0: tick!!!
 INFO LOG: _Apr__6_0: tick!!!
 INFO LOG: _Apr__6_0: tick!!!
 INFO LOG: _Apr__6_0: tick!!!
 INFO LOG: _Apr__6_0: tick!!!
 INFO LOG: _Apr__6_0: tick!!!
 INFO LOG: _Apr__6_0: tick!!!
 INFO LOG: _Apr__6_0: tick!!!
 INFO LOG: _Apr__6_0: tick!!!
 INFO LOG: _Apr__6_0: tick!!!
 INFO LOG: _Apr__6_0: tick!!!
 INFO LOG: _Apr__6_0: tick!!!
 INFO LOG: _Apr__6_0: tick!!!
 INFO LOG: _Apr__6_0: tick!!!
 INFO LOG: _Apr__6_0: tick!!!
 INFO LOG: _Apr__6_0: tick!!!
 INFO LOG: _Apr__6_0: tick!!!
 INFO LOG: _Apr__6_0: tick!!!
 INFO LOG: _Apr__6_0: tick!!!
 INFO LOG: _Apr__6_0: tick!!!
 INFO LOG: _Apr__6_0: tick!!!
 INFO LOG: _Apr__6_0: tick!!!
 INFO LOG: _Apr__6_0: tick!!!
 INFO LOG: _Apr__6_0: tick!!!
 INFO LOG: _Apr__6_0: tick!!!
 INFO LOG: _Apr__6_0: tick!!!
 INFO LOG: _Apr__6_0: tick!!!
 INFO LOG: _Apr__6_0: tick!!!
 INFO LOG: _Apr__6_0: tick!!!
 INFO LOG: _Apr__6_0: tick!!!
 INFO LOG: _Apr__6_0: tick!!!
 INFO LOG: _Apr__6_0: tick!!!
 INFO LOG: _Apr__6_0: tick!!!
 INFO LOG: _Apr__6_0: tick!!!
 INFO LOG: _Apr__6_0: tick!!!
 INFO LOG: _Apr__6_0: tick!!!
 INFO LOG: _Apr__6_0: tick!!!
 INFO LOG: _Apr__6_0: tick!!!
 INFO LOG: _Apr__6_0: tick!!!
 INFO LOG: _Apr__6_0: tick!!!
 INFO LOG: _Apr__6_0: tick!!!
 INFO LOG: _Apr__6_0: tick!!!
 INFO LOG: _Apr__6_0: tick!!!
 INFO LOG: _Apr__6_0: tick!!!
 INFO LOG: _Apr__6_0: tick!!!
 INFO LOG: _Apr__6_0: tick!!!
 INFO LOG: _Apr__6_0: tick!!!
 INFO LOG: _Apr__6_0: tick!!!
 INFO LOG: _Apr__6_0: tick!!!
 INFO LOG: _Apr__6_0: tick!!!
 INFO LOG: _Apr__6_0: tick!!!
 INFO LOG: _Apr__6_0: tick!!!
 INFO LOG: _Apr__6_0: tick!!!
 INFO LOG: _Apr__6_0: tick!!!
 INFO LOG: _Apr__6_0: tick!!!
 INFO LOG: _Apr__6_0: -- 99.191.82.191:35758 disconnected from CoralMUD!
 INFO LOG: _Apr__6_0: Program closed.
