 INFO LOG: Apr_14_10: Logging enabled.   Loading logs.rb.
 INFO LOG: Apr_14_10: Loading utils.rb
 INFO LOG: Apr_14_10: Loading constants.rb
 INFO LOG: Apr_14_10: Loading class_property.rb
 INFO LOG: Apr_14_10: Loading tags.rb
 INFO LOG: Apr_14_10: Loading editor/editors.rb
 INFO LOG: Apr_14_10: Loading editor/editor.strings.rb
 INFO LOG: Apr_14_10: Loading editor/editor.rooms.rb
 INFO LOG: Apr_14_10: Loading editor/editor.exits.rb
 INFO LOG: Apr_14_10: Loading editor/editor.zones.rb
 INFO LOG: Apr_14_10: Loading mxp.rb
 INFO LOG: Apr_14_10: Loading mccp.rb
 INFO LOG: Apr_14_10: Loading flags.rb
 INFO LOG: Apr_14_10: Loading damage.rb
 INFO LOG: Apr_14_10: Loading areas.rb
 INFO LOG: Apr_14_10: Loading event.rb
 INFO LOG: Apr_14_10: Loading automap/automap.rb
 INFO LOG: Apr_14_10: Loading cities.olc.rb
 INFO LOG: Apr_14_10: Loading cities.rb
 INFO LOG: Apr_14_10: Loading sector definitions.
 INFO LOG: Apr_14_10: Loading help.rb
 INFO LOG: Apr_14_10: Loading imcruby.rb
 INFO LOG: Apr_14_10: Loading player.rb
 INFO LOG: Apr_14_10: Loading player.commands.rb
 INFO LOG: Apr_14_10: Loading random.rb
 INFO LOG: Apr_14_10: Loading spells.rb
 INFO LOG: Apr_14_10: Loading all zones.
 INFO LOG: Apr_14_10: Starting server.
 INFO LOG: Apr_14_10: CoralMUD is now up on port 4000.
 INFO LOG: Apr_14_10: -- 99.191.82.191:54805 connected to CoralMUD!
 INFO LOG: Apr_14_10: -- 99.191.82.191:54805: Retnur is trying to connect.
 INFO LOG: Apr_14_10: -- 99.191.82.191:54805: Retnur player file found.
 INFO LOG: Apr_14_10: -- Retnur has entered the game.
 INFO LOG: Apr_14_10: -- #<Player:0x00000001976c28>:99.191.82.191:54805 disconnected from CoralMUD!
 INFO LOG: Apr_14_10: Program closed.
 INFO LOG: Apr_14_10: Logging enabled.   Loading logs.rb.
 INFO LOG: Apr_14_10: Loading utils.rb
 INFO LOG: Apr_14_10: Loading constants.rb
 INFO LOG: Apr_14_10: Loading class_property.rb
 INFO LOG: Apr_14_10: Loading tags.rb
 INFO LOG: Apr_14_10: Loading editor/editors.rb
 INFO LOG: Apr_14_10: Loading editor/editor.strings.rb
 INFO LOG: Apr_14_10: Loading editor/editor.rooms.rb
 INFO LOG: Apr_14_10: Loading editor/editor.exits.rb
 INFO LOG: Apr_14_10: Loading editor/editor.zones.rb
 INFO LOG: Apr_14_10: Loading mxp.rb
 INFO LOG: Apr_14_10: Loading mccp.rb
 INFO LOG: Apr_14_10: Loading flags.rb
 INFO LOG: Apr_14_10: Loading damage.rb
 INFO LOG: Apr_14_10: Loading areas.rb
 INFO LOG: Apr_14_10: Loading event.rb
 INFO LOG: Apr_14_10: Loading automap/automap.rb
 INFO LOG: Apr_14_10: Loading cities.olc.rb
 INFO LOG: Apr_14_10: Loading cities.rb
 INFO LOG: Apr_14_10: Loading sector definitions.
 INFO LOG: Apr_14_10: Loading help.rb
 INFO LOG: Apr_14_10: Loading imcruby.rb
 INFO LOG: Apr_14_10: Loading player.rb
 INFO LOG: Apr_14_10: Loading player.commands.rb
 INFO LOG: Apr_14_10: Loading random.rb
 INFO LOG: Apr_14_10: Loading spells.rb
 INFO LOG: Apr_14_10: Loading all zones.
 INFO LOG: Apr_14_10: Starting server.
 INFO LOG: Apr_14_10: CoralMUD is now up on port 4000.
 INFO LOG: Apr_14_10: -- 99.191.82.191:38481 connected to CoralMUD!
 INFO LOG: Apr_14_10: -- 99.191.82.191:38481: Retnur is trying to connect.
 INFO LOG: Apr_14_10: -- 99.191.82.191:38481: Retnur player file found.
 INFO LOG: Apr_14_10: -- Retnur has entered the game.
 INFO LOG: Apr_14_10: tick!!!
 INFO LOG: Apr_14_10: tick!!!
 INFO LOG: Apr_14_10: tick!!!
 INFO LOG: Apr_14_10: tick!!!
 INFO LOG: Apr_14_10: tick!!!
 INFO LOG: Apr_14_10: tick!!!
 INFO LOG: Apr_14_10: tick!!!
 INFO LOG: Apr_14_10: tick!!!
 INFO LOG: Apr_14_10: tick!!!
 INFO LOG: Apr_14_10: tick!!!
 INFO LOG: Apr_14_10: tick!!!
 INFO LOG: Apr_14_10: tick!!!
 INFO LOG: Apr_14_10: tick!!!
 INFO LOG: Apr_14_11: tick!!!
 INFO LOG: Apr_14_11: tick!!!
 INFO LOG: Apr_14_11: tick!!!
 INFO LOG: Apr_14_11: tick!!!
 INFO LOG: Apr_14_11: tick!!!
 INFO LOG: Apr_14_11: tick!!!
 INFO LOG: Apr_14_11: tick!!!
 INFO LOG: Apr_14_11: tick!!!
 INFO LOG: Apr_14_11: tick!!!
 INFO LOG: Apr_14_11: tick!!!
 INFO LOG: Apr_14_11: tick!!!
 INFO LOG: Apr_14_11: tick!!!
 INFO LOG: Apr_14_11: tick!!!
 INFO LOG: Apr_14_11: tick!!!
 INFO LOG: Apr_14_11: tick!!!
 INFO LOG: Apr_14_11: tick!!!
 INFO LOG: Apr_14_11: tick!!!
 INFO LOG: Apr_14_11: tick!!!
 INFO LOG: Apr_14_11: tick!!!
 INFO LOG: Apr_14_11: tick!!!
 INFO LOG: Apr_14_11: tick!!!
 INFO LOG: Apr_14_11: tick!!!
 INFO LOG: Apr_14_11: tick!!!
 INFO LOG: Apr_14_11: tick!!!
 INFO LOG: Apr_14_11: tick!!!
 INFO LOG: Apr_14_11: tick!!!
 INFO LOG: Apr_14_11: tick!!!
 INFO LOG: Apr_14_11: tick!!!
 INFO LOG: Apr_14_11: tick!!!
 INFO LOG: Apr_14_11: tick!!!
 INFO LOG: Apr_14_12: tick!!!
 INFO LOG: Apr_14_12: tick!!!
 INFO LOG: Apr_14_12: tick!!!
 INFO LOG: Apr_14_12: tick!!!
 INFO LOG: Apr_14_12: tick!!!
 INFO LOG: Apr_14_12: tick!!!
 INFO LOG: Apr_14_12: tick!!!
 INFO LOG: Apr_14_12: tick!!!
 INFO LOG: Apr_14_12: tick!!!
 INFO LOG: Apr_14_12: tick!!!
 INFO LOG: Apr_14_12: tick!!!
 INFO LOG: Apr_14_12: tick!!!
 INFO LOG: Apr_14_12: tick!!!
 INFO LOG: Apr_14_12: tick!!!
 INFO LOG: Apr_14_12: tick!!!
 INFO LOG: Apr_14_12: tick!!!
 INFO LOG: Apr_14_12: tick!!!
 INFO LOG: Apr_14_12: tick!!!
 INFO LOG: Apr_14_12: tick!!!
 INFO LOG: Apr_14_12: tick!!!
 INFO LOG: Apr_14_12: tick!!!
 INFO LOG: Apr_14_12: tick!!!
 INFO LOG: Apr_14_12: tick!!!
 INFO LOG: Apr_14_12: tick!!!
 INFO LOG: Apr_14_12: tick!!!
 INFO LOG: Apr_14_12: tick!!!
 INFO LOG: Apr_14_12: tick!!!
 INFO LOG: Apr_14_12: tick!!!
 INFO LOG: Apr_14_12: tick!!!
 INFO LOG: Apr_14_12: tick!!!
 INFO LOG: Apr_14_13: tick!!!
 INFO LOG: Apr_14_13: tick!!!
 INFO LOG: Apr_14_13: tick!!!
 INFO LOG: Apr_14_13: tick!!!
 INFO LOG: Apr_14_13: tick!!!
 INFO LOG: Apr_14_13: tick!!!
 INFO LOG: Apr_14_13: tick!!!
 INFO LOG: Apr_14_13: tick!!!
 INFO LOG: Apr_14_13: tick!!!
 INFO LOG: Apr_14_13: tick!!!
 INFO LOG: Apr_14_13: tick!!!
 INFO LOG: Apr_14_13: tick!!!
 INFO LOG: Apr_14_13: tick!!!
 INFO LOG: Apr_14_13: tick!!!
 INFO LOG: Apr_14_13: tick!!!
 INFO LOG: Apr_14_13: tick!!!
 INFO LOG: Apr_14_13: tick!!!
 INFO LOG: Apr_14_13: tick!!!
 INFO LOG: Apr_14_13: tick!!!
 INFO LOG: Apr_14_13: tick!!!
 INFO LOG: Apr_14_13: tick!!!
 INFO LOG: Apr_14_13: tick!!!
 INFO LOG: Apr_14_13: tick!!!
 INFO LOG: Apr_14_13: tick!!!
 INFO LOG: Apr_14_13: tick!!!
 INFO LOG: Apr_14_13: tick!!!
 INFO LOG: Apr_14_13: tick!!!
 INFO LOG: Apr_14_13: tick!!!
 INFO LOG: Apr_14_13: tick!!!
 INFO LOG: Apr_14_13: tick!!!
 INFO LOG: Apr_14_14: tick!!!
 INFO LOG: Apr_14_14: tick!!!
 INFO LOG: Apr_14_14: tick!!!
 INFO LOG: Apr_14_14: tick!!!
 INFO LOG: Apr_14_14: tick!!!
 INFO LOG: Apr_14_14: tick!!!
 INFO LOG: Apr_14_14: tick!!!
 INFO LOG: Apr_14_14: tick!!!
 INFO LOG: Apr_14_14: tick!!!
 INFO LOG: Apr_14_14: tick!!!
 INFO LOG: Apr_14_14: tick!!!
 INFO LOG: Apr_14_14: tick!!!
 INFO LOG: Apr_14_14: tick!!!
 INFO LOG: Apr_14_14: tick!!!
 INFO LOG: Apr_14_14: tick!!!
 INFO LOG: Apr_14_14: tick!!!
 INFO LOG: Apr_14_14: tick!!!
 INFO LOG: Apr_14_14: tick!!!
 INFO LOG: Apr_14_14: tick!!!
 INFO LOG: Apr_14_14: tick!!!
 INFO LOG: Apr_14_14: tick!!!
 INFO LOG: Apr_14_14: tick!!!
 INFO LOG: Apr_14_14: tick!!!
 INFO LOG: Apr_14_14: tick!!!
 INFO LOG: Apr_14_14: tick!!!
 INFO LOG: Apr_14_14: tick!!!
 INFO LOG: Apr_14_14: tick!!!
 INFO LOG: Apr_14_14: tick!!!
 INFO LOG: Apr_14_14: tick!!!
 INFO LOG: Apr_14_14: tick!!!
 INFO LOG: Apr_14_15: tick!!!
 INFO LOG: Apr_14_15: tick!!!
 INFO LOG: Apr_14_15: tick!!!
 INFO LOG: Apr_14_15: tick!!!
 INFO LOG: Apr_14_15: tick!!!
 INFO LOG: Apr_14_15: tick!!!
 INFO LOG: Apr_14_15: tick!!!
 INFO LOG: Apr_14_15: tick!!!
 INFO LOG: Apr_14_15: tick!!!
 INFO LOG: Apr_14_15: tick!!!
 INFO LOG: Apr_14_15: tick!!!
 INFO LOG: Apr_14_15: tick!!!
 INFO LOG: Apr_14_15: tick!!!
 INFO LOG: Apr_14_15: tick!!!
 INFO LOG: Apr_14_15: tick!!!
 INFO LOG: Apr_14_15: tick!!!
 INFO LOG: Apr_14_15: tick!!!
 INFO LOG: Apr_14_15: tick!!!
 INFO LOG: Apr_14_15: tick!!!
 INFO LOG: Apr_14_15: tick!!!
 INFO LOG: Apr_14_15: tick!!!
 INFO LOG: Apr_14_15: tick!!!
 INFO LOG: Apr_14_15: tick!!!
 INFO LOG: Apr_14_15: tick!!!
 INFO LOG: Apr_14_15: tick!!!
 INFO LOG: Apr_14_15: tick!!!
 INFO LOG: Apr_14_15: tick!!!
 INFO LOG: Apr_14_15: tick!!!
 INFO LOG: Apr_14_15: tick!!!
 INFO LOG: Apr_14_15: tick!!!
 INFO LOG: Apr_14_16: tick!!!
 INFO LOG: Apr_14_16: tick!!!
 INFO LOG: Apr_14_16: tick!!!
 INFO LOG: Apr_14_16: tick!!!
 INFO LOG: Apr_14_16: tick!!!
 INFO LOG: Apr_14_16: tick!!!
 INFO LOG: Apr_14_16: tick!!!
 INFO LOG: Apr_14_16: tick!!!
 INFO LOG: Apr_14_16: tick!!!
 INFO LOG: Apr_14_16: tick!!!
 INFO LOG: Apr_14_16: tick!!!
 INFO LOG: Apr_14_16: tick!!!
 INFO LOG: Apr_14_16: tick!!!
 INFO LOG: Apr_14_16: tick!!!
 INFO LOG: Apr_14_16: tick!!!
 INFO LOG: Apr_14_16: tick!!!
 INFO LOG: Apr_14_16: tick!!!
 INFO LOG: Apr_14_16: tick!!!
 INFO LOG: Apr_14_16: tick!!!
 INFO LOG: Apr_14_16: tick!!!
 INFO LOG: Apr_14_16: tick!!!
 INFO LOG: Apr_14_16: tick!!!
 INFO LOG: Apr_14_16: tick!!!
 INFO LOG: Apr_14_16: tick!!!
 INFO LOG: Apr_14_16: tick!!!
 INFO LOG: Apr_14_16: tick!!!
 INFO LOG: Apr_14_16: tick!!!
 INFO LOG: Apr_14_16: tick!!!
 INFO LOG: Apr_14_16: tick!!!
 INFO LOG: Apr_14_16: Loading editor/editor.zones.rb
 INFO LOG: Apr_14_16: -- #<Player:0x000000028c83e8>:99.191.82.191:38481 disconnected from CoralMUD!
 INFO LOG: Apr_14_16: Program closed.
 INFO LOG: Apr_14_16: Logging enabled.   Loading logs.rb.
 INFO LOG: Apr_14_16: Loading utils.rb
 INFO LOG: Apr_14_16: Loading constants.rb
 INFO LOG: Apr_14_16: Loading class_property.rb
 INFO LOG: Apr_14_16: Loading tags.rb
 INFO LOG: Apr_14_16: Loading editor/editors.rb
 INFO LOG: Apr_14_16: Loading editor/editor.strings.rb
 INFO LOG: Apr_14_16: Loading editor/editor.rooms.rb
 INFO LOG: Apr_14_16: Loading editor/editor.exits.rb
 INFO LOG: Apr_14_16: Loading editor/editor.zones.rb
 INFO LOG: Apr_14_16: Loading mxp.rb
 INFO LOG: Apr_14_16: Loading mccp.rb
 INFO LOG: Apr_14_16: Loading flags.rb
 INFO LOG: Apr_14_16: Loading damage.rb
 INFO LOG: Apr_14_16: Loading areas.rb
 INFO LOG: Apr_14_16: Loading event.rb
 INFO LOG: Apr_14_16: Loading automap/automap.rb
 INFO LOG: Apr_14_16: Loading cities.olc.rb
 INFO LOG: Apr_14_16: Loading cities.rb
 INFO LOG: Apr_14_16: Loading sector definitions.
 INFO LOG: Apr_14_16: Loading help.rb
 INFO LOG: Apr_14_16: Loading imcruby.rb
 INFO LOG: Apr_14_16: Loading player.rb
 INFO LOG: Apr_14_16: Loading player.commands.rb
 INFO LOG: Apr_14_16: Loading random.rb
 INFO LOG: Apr_14_16: Loading spells.rb
 INFO LOG: Apr_14_16: Loading all zones.
 INFO LOG: Apr_14_16: Starting server.
 INFO LOG: Apr_14_16: CoralMUD is now up on port 4000.
 INFO LOG: Apr_14_16: -- 99.191.82.191:39536 connected to CoralMUD!
 INFO LOG: Apr_14_16: -- 99.191.82.191:39536: Retnur is trying to connect.
 INFO LOG: Apr_14_16: -- 99.191.82.191:39536: Retnur player file found.
 INFO LOG: Apr_14_16: -- Retnur has entered the game.
 INFO LOG: Apr_14_16: -- #<Player:0x00000001e1cc28>:99.191.82.191:39536 disconnected from CoralMUD!
 INFO LOG: Apr_14_16: Program closed.
 INFO LOG: Apr_14_17: Logging enabled.   Loading logs.rb.
 INFO LOG: Apr_14_17: Loading utils.rb
 INFO LOG: Apr_14_17: Loading constants.rb
 INFO LOG: Apr_14_17: Loading class_property.rb
 INFO LOG: Apr_14_17: Loading tags.rb
 INFO LOG: Apr_14_17: Loading editor/editors.rb
 INFO LOG: Apr_14_17: Loading editor/editor.strings.rb
 INFO LOG: Apr_14_17: Loading editor/editor.rooms.rb
 INFO LOG: Apr_14_17: Loading editor/editor.exits.rb
 INFO LOG: Apr_14_17: Loading editor/editor.zones.rb
 INFO LOG: Apr_14_17: Loading mxp.rb
 INFO LOG: Apr_14_17: Loading mccp.rb
 INFO LOG: Apr_14_17: Loading flags.rb
 INFO LOG: Apr_14_17: Loading damage.rb
 INFO LOG: Apr_14_17: Loading areas.rb
 INFO LOG: Apr_14_17: Loading event.rb
 INFO LOG: Apr_14_17: Loading automap/automap.rb
 INFO LOG: Apr_14_17: Loading cities.olc.rb
 INFO LOG: Apr_14_17: Loading cities.rb
 INFO LOG: Apr_14_17: Loading sector definitions.
 INFO LOG: Apr_14_17: Loading help.rb
 INFO LOG: Apr_14_17: Loading imcruby.rb
 INFO LOG: Apr_14_17: Loading player.rb
 INFO LOG: Apr_14_17: Loading player.commands.rb
 INFO LOG: Apr_14_17: Loading random.rb
 INFO LOG: Apr_14_17: Loading spells.rb
 INFO LOG: Apr_14_17: Loading all zones.
 INFO LOG: Apr_14_17: Starting server.
 INFO LOG: Apr_14_17: CoralMUD is now up on port 4000.
 INFO LOG: Apr_14_17: tick!!!
 INFO LOG: Apr_14_17: -- 99.191.82.191:57783 connected to CoralMUD!
 INFO LOG: Apr_14_17: -- 99.191.82.191:57783: Retnur is trying to connect.
 INFO LOG: Apr_14_17: -- 99.191.82.191:57783: Retnur player file found.
 INFO LOG: Apr_14_17: -- Retnur has entered the game.
 INFO LOG: Apr_14_17: tick!!!
 INFO LOG: Apr_14_17: Loading player.commands.rb
 INFO LOG: Apr_14_17: tick!!!
 INFO LOG: Apr_14_17: tick!!!
 INFO LOG: Apr_14_17: Loading player.commands.rb
 INFO LOG: Apr_14_17: Loading areas.rb
ERROR LOG: undefined local variable or method `f' for #<Zone:0x00000001e3eaf8>
ERROR LOG: /home/heath/coral/lib/areas.rb:16:in `to_s'
ERROR LOG: /home/heath/coral/lib/player.commands.rb:719:in `block in cmd_vtag'
ERROR LOG: /home/heath/coral/lib/player.commands.rb:718:in `each'
ERROR LOG: /home/heath/coral/lib/player.commands.rb:718:in `cmd_vtag'
ERROR LOG: /home/heath/coral/lib/player.commands.rb:192:in `execute_command'
ERROR LOG: /home/heath/coral/core/socketengine.rb:156:in `handle_cmd_input'
ERROR LOG: /home/heath/coral/core/socketengine.rb:136:in `receive_data'
ERROR LOG: /usr/local/lib/ruby/gems/1.9.1/gems/eventmachine-0.12.8/lib/eventmachine.rb:242:in `run_machine'
ERROR LOG: /usr/local/lib/ruby/gems/1.9.1/gems/eventmachine-0.12.8/lib/eventmachine.rb:242:in `run'
ERROR LOG: coral.rb:158:in `<main>'
 INFO LOG: Apr_14_17: -- #<Player:0x00000001ec2b78>:99.191.82.191:57783 disconnected from CoralMUD!
 INFO LOG: Apr_14_17: Program closed.
 INFO LOG: Apr_14_17: Logging enabled.   Loading logs.rb.
 INFO LOG: Apr_14_17: Loading utils.rb
 INFO LOG: Apr_14_17: Loading constants.rb
 INFO LOG: Apr_14_17: Loading class_property.rb
 INFO LOG: Apr_14_17: Loading tags.rb
 INFO LOG: Apr_14_17: Loading editor/editors.rb
 INFO LOG: Apr_14_17: Loading editor/editor.strings.rb
 INFO LOG: Apr_14_17: Loading editor/editor.rooms.rb
 INFO LOG: Apr_14_17: Loading editor/editor.exits.rb
 INFO LOG: Apr_14_17: Loading editor/editor.zones.rb
 INFO LOG: Apr_14_17: Loading mxp.rb
 INFO LOG: Apr_14_17: Loading mccp.rb
 INFO LOG: Apr_14_17: Loading flags.rb
 INFO LOG: Apr_14_17: Loading damage.rb
 INFO LOG: Apr_14_17: Loading areas.rb
 INFO LOG: Apr_14_17: Loading event.rb
 INFO LOG: Apr_14_17: Loading automap/automap.rb
 INFO LOG: Apr_14_17: Loading cities.olc.rb
 INFO LOG: Apr_14_17: Loading cities.rb
 INFO LOG: Apr_14_17: Loading sector definitions.
 INFO LOG: Apr_14_17: Loading help.rb
 INFO LOG: Apr_14_17: Loading imcruby.rb
 INFO LOG: Apr_14_17: Loading player.rb
 INFO LOG: Apr_14_17: Loading player.commands.rb
 INFO LOG: Apr_14_17: Loading random.rb
 INFO LOG: Apr_14_17: Loading spells.rb
 INFO LOG: Apr_14_17: Loading all zones.
 INFO LOG: Apr_14_17: Starting server.
 INFO LOG: Apr_14_17: CoralMUD is now up on port 4000.
 INFO LOG: Apr_14_17: Loading player.commands.rb
 INFO LOG: Apr_14_17: -- 99.191.82.191:44577 connected to CoralMUD!
 INFO LOG: Apr_14_17: -- 99.191.82.191:44577: Retnur is trying to connect.
 INFO LOG: Apr_14_17: -- 99.191.82.191:44577: Retnur player file found.
 INFO LOG: Apr_14_17: -- Retnur has entered the game.
ERROR LOG: undefined local variable or method `f' for #<Zone:0x00000000f6c0e8>
ERROR LOG: /home/heath/coral/lib/areas.rb:16:in `to_s'
ERROR LOG: /home/heath/coral/lib/player.commands.rb:719:in `block in cmd_vtag'
ERROR LOG: /home/heath/coral/lib/player.commands.rb:718:in `each'
ERROR LOG: /home/heath/coral/lib/player.commands.rb:718:in `cmd_vtag'
ERROR LOG: /home/heath/coral/lib/player.commands.rb:192:in `execute_command'
ERROR LOG: /home/heath/coral/core/socketengine.rb:156:in `handle_cmd_input'
ERROR LOG: /home/heath/coral/core/socketengine.rb:136:in `receive_data'
ERROR LOG: /usr/local/lib/ruby/gems/1.9.1/gems/eventmachine-0.12.8/lib/eventmachine.rb:242:in `run_machine'
ERROR LOG: /usr/local/lib/ruby/gems/1.9.1/gems/eventmachine-0.12.8/lib/eventmachine.rb:242:in `run'
ERROR LOG: coral.rb:158:in `<main>'
 INFO LOG: Apr_14_17: Loading areas.rb
 INFO LOG: Apr_14_17: tick!!!
 INFO LOG: Apr_14_17: Loading cities.rb
 INFO LOG: Apr_14_17: Loading sector definitions.
 INFO LOG: Apr_14_17: tick!!!
 INFO LOG: Apr_14_17: Loading cities.rb
 INFO LOG: Apr_14_17: Loading sector definitions.
 INFO LOG: Apr_14_17: Loading cities.rb
 INFO LOG: Apr_14_17: Loading sector definitions.
 INFO LOG: Apr_14_17: -- #<Player:0x00000001042120>:99.191.82.191:44577 disconnected from CoralMUD!
 INFO LOG: Apr_14_17: Program closed.
 INFO LOG: Apr_14_17: Logging enabled.   Loading logs.rb.
 INFO LOG: Apr_14_17: Loading utils.rb
 INFO LOG: Apr_14_17: Loading constants.rb
 INFO LOG: Apr_14_17: Loading class_property.rb
 INFO LOG: Apr_14_17: Loading tags.rb
 INFO LOG: Apr_14_17: Loading editor/editors.rb
 INFO LOG: Apr_14_17: Loading editor/editor.strings.rb
 INFO LOG: Apr_14_17: Loading editor/editor.rooms.rb
 INFO LOG: Apr_14_17: Loading editor/editor.exits.rb
 INFO LOG: Apr_14_17: Loading editor/editor.zones.rb
 INFO LOG: Apr_14_17: Loading mxp.rb
 INFO LOG: Apr_14_17: Loading mccp.rb
 INFO LOG: Apr_14_17: Loading flags.rb
 INFO LOG: Apr_14_17: Loading damage.rb
 INFO LOG: Apr_14_17: Loading areas.rb
 INFO LOG: Apr_14_17: Loading event.rb
 INFO LOG: Apr_14_17: Loading automap/automap.rb
 INFO LOG: Apr_14_17: Loading cities.olc.rb
 INFO LOG: Apr_14_17: Loading cities.rb
 INFO LOG: Apr_14_17: Loading sector definitions.
 INFO LOG: Apr_14_17: Loading help.rb
 INFO LOG: Apr_14_17: Loading imcruby.rb
 INFO LOG: Apr_14_17: Loading player.rb
 INFO LOG: Apr_14_17: Loading player.commands.rb
 INFO LOG: Apr_14_17: Loading random.rb
 INFO LOG: Apr_14_17: Loading spells.rb
 INFO LOG: Apr_14_17: Loading all zones.
 INFO LOG: Apr_14_17: Starting server.
 INFO LOG: Apr_14_17: CoralMUD is now up on port 4000.
 INFO LOG: Apr_14_17: -- 99.191.82.191:55154 connected to CoralMUD!
 INFO LOG: Apr_14_17: -- 99.191.82.191:55154: Retnur is trying to connect.
 INFO LOG: Apr_14_17: -- 99.191.82.191:55154: Retnur player file found.
 INFO LOG: Apr_14_17: -- Retnur has entered the game.
 INFO LOG: Apr_14_17: tick!!!
 INFO LOG: Apr_14_17: tick!!!
 INFO LOG: Apr_14_17: -- #<Player:0x0000000118bb08>:99.191.82.191:55154 disconnected from CoralMUD!
 INFO LOG: Apr_14_17: Program closed.
 INFO LOG: Apr_14_17: Logging enabled.   Loading logs.rb.
 INFO LOG: Apr_14_17: Loading utils.rb
 INFO LOG: Apr_14_17: Loading constants.rb
 INFO LOG: Apr_14_17: Loading class_property.rb
 INFO LOG: Apr_14_17: Loading tags.rb
 INFO LOG: Apr_14_17: Loading editor/editors.rb
 INFO LOG: Apr_14_17: Loading editor/editor.strings.rb
 INFO LOG: Apr_14_17: Loading editor/editor.rooms.rb
 INFO LOG: Apr_14_17: Loading editor/editor.exits.rb
 INFO LOG: Apr_14_17: Loading editor/editor.zones.rb
 INFO LOG: Apr_14_17: Loading mxp.rb
 INFO LOG: Apr_14_17: Loading mccp.rb
 INFO LOG: Apr_14_17: Loading flags.rb
 INFO LOG: Apr_14_17: Loading damage.rb
 INFO LOG: Apr_14_17: Loading areas.rb
 INFO LOG: Apr_14_17: Loading event.rb
 INFO LOG: Apr_14_17: Loading automap/automap.rb
 INFO LOG: Apr_14_17: Loading cities.olc.rb
 INFO LOG: Apr_14_17: Loading cities.rb
 INFO LOG: Apr_14_17: Loading sector definitions.
 INFO LOG: Apr_14_17: Loading help.rb
 INFO LOG: Apr_14_17: Loading imcruby.rb
 INFO LOG: Apr_14_17: Loading player.rb
 INFO LOG: Apr_14_17: Loading player.commands.rb
 INFO LOG: Apr_14_17: Loading random.rb
 INFO LOG: Apr_14_17: Loading spells.rb
 INFO LOG: Apr_14_17: Loading all zones.
 INFO LOG: Apr_14_17: Starting server.
 INFO LOG: Apr_14_17: CoralMUD is now up on port 4000.
 INFO LOG: Apr_14_17: -- 99.191.82.191:59857 connected to CoralMUD!
 INFO LOG: Apr_14_17: -- 99.191.82.191:59857: Retnur is trying to connect.
 INFO LOG: Apr_14_17: -- 99.191.82.191:59857: Retnur player file found.
 INFO LOG: Apr_14_17: -- Retnur has entered the game.
 INFO LOG: Apr_14_17: tick!!!
ERROR LOG: undefined local variable or method `in_room' for #<Tag:0x000000019a8ef8 @vtag=[["room", "alpha", "1"]]>
ERROR LOG: /home/heath/coral/lib/tags.rb:73:in `reassociate'
ERROR LOG: /home/heath/coral/lib/class_property.rb:44:in `reassociate_tag'
ERROR LOG: /home/heath/coral/lib/editor/editors.rb:268:in `block (2 levels) in define_editor_field'
ERROR LOG: /home/heath/coral/lib/editor/editors.rb:168:in `call_fun'
ERROR LOG: /home/heath/coral/lib/player.commands.rb:145:in `execute_command'
ERROR LOG: /home/heath/coral/core/socketengine.rb:156:in `handle_cmd_input'
ERROR LOG: /home/heath/coral/core/socketengine.rb:136:in `receive_data'
ERROR LOG: /usr/local/lib/ruby/gems/1.9.1/gems/eventmachine-0.12.8/lib/eventmachine.rb:242:in `run_machine'
ERROR LOG: /usr/local/lib/ruby/gems/1.9.1/gems/eventmachine-0.12.8/lib/eventmachine.rb:242:in `run'
ERROR LOG: coral.rb:158:in `<main>'
 INFO LOG: Apr_14_17: Loading tags.rb
 INFO LOG: Apr_14_17: -- #<Player:0x00000001ba21a0>:99.191.82.191:59857 disconnected from CoralMUD!
 INFO LOG: Apr_14_17: Program closed.
 INFO LOG: Apr_14_17: Logging enabled.   Loading logs.rb.
 INFO LOG: Apr_14_17: Loading utils.rb
 INFO LOG: Apr_14_17: Loading constants.rb
 INFO LOG: Apr_14_17: Loading class_property.rb
 INFO LOG: Apr_14_17: Loading tags.rb
 INFO LOG: Apr_14_17: Loading editor/editors.rb
 INFO LOG: Apr_14_17: Loading editor/editor.strings.rb
 INFO LOG: Apr_14_17: Loading editor/editor.rooms.rb
 INFO LOG: Apr_14_17: Loading editor/editor.exits.rb
 INFO LOG: Apr_14_17: Loading editor/editor.zones.rb
 INFO LOG: Apr_14_17: Loading mxp.rb
 INFO LOG: Apr_14_17: Loading mccp.rb
 INFO LOG: Apr_14_17: Loading flags.rb
 INFO LOG: Apr_14_17: Loading damage.rb
 INFO LOG: Apr_14_17: Loading areas.rb
 INFO LOG: Apr_14_17: Loading event.rb
 INFO LOG: Apr_14_17: Loading automap/automap.rb
 INFO LOG: Apr_14_17: Loading cities.olc.rb
 INFO LOG: Apr_14_17: Loading cities.rb
 INFO LOG: Apr_14_17: Loading sector definitions.
 INFO LOG: Apr_14_17: Loading help.rb
 INFO LOG: Apr_14_17: Loading imcruby.rb
 INFO LOG: Apr_14_17: Loading player.rb
 INFO LOG: Apr_14_17: Loading player.commands.rb
 INFO LOG: Apr_14_17: Loading random.rb
 INFO LOG: Apr_14_17: Loading spells.rb
 INFO LOG: Apr_14_17: Loading all zones.
 INFO LOG: Apr_14_17: Starting server.
 INFO LOG: Apr_14_17: CoralMUD is now up on port 4000.
 INFO LOG: Apr_14_17: -- 99.191.82.191:35353 connected to CoralMUD!
 INFO LOG: Apr_14_17: -- 99.191.82.191:35353: Retnur is trying to connect.
 INFO LOG: Apr_14_17: -- 99.191.82.191:35353: Retnur player file found.
 INFO LOG: Apr_14_17: -- Retnur has entered the game.
 INFO LOG: Apr_14_17: Loading tags.rb
 INFO LOG: Apr_14_17: -- #<Player:0x0000000245f518>:99.191.82.191:35353 disconnected from CoralMUD!
 INFO LOG: Apr_14_17: Program closed.
 INFO LOG: Apr_14_17: Logging enabled.   Loading logs.rb.
 INFO LOG: Apr_14_17: Loading utils.rb
 INFO LOG: Apr_14_17: Loading constants.rb
 INFO LOG: Apr_14_17: Loading class_property.rb
 INFO LOG: Apr_14_17: Loading tags.rb
 INFO LOG: Apr_14_17: Loading editor/editors.rb
 INFO LOG: Apr_14_17: Loading editor/editor.strings.rb
 INFO LOG: Apr_14_17: Loading editor/editor.rooms.rb
 INFO LOG: Apr_14_17: Loading editor/editor.exits.rb
 INFO LOG: Apr_14_17: Loading editor/editor.zones.rb
 INFO LOG: Apr_14_17: Loading mxp.rb
 INFO LOG: Apr_14_17: Loading mccp.rb
 INFO LOG: Apr_14_17: Loading flags.rb
 INFO LOG: Apr_14_17: Loading damage.rb
 INFO LOG: Apr_14_17: Loading areas.rb
 INFO LOG: Apr_14_17: Loading event.rb
 INFO LOG: Apr_14_17: Loading automap/automap.rb
 INFO LOG: Apr_14_17: Loading cities.olc.rb
 INFO LOG: Apr_14_17: Loading cities.rb
 INFO LOG: Apr_14_17: Loading sector definitions.
 INFO LOG: Apr_14_17: Loading help.rb
 INFO LOG: Apr_14_17: Loading imcruby.rb
 INFO LOG: Apr_14_17: Loading player.rb
 INFO LOG: Apr_14_17: Loading player.commands.rb
 INFO LOG: Apr_14_17: Loading random.rb
 INFO LOG: Apr_14_17: Loading spells.rb
 INFO LOG: Apr_14_17: Loading all zones.
 INFO LOG: Apr_14_17: Starting server.
 INFO LOG: Apr_14_17: CoralMUD is now up on port 4000.
 INFO LOG: Apr_14_17: -- 99.191.82.191:59237 connected to CoralMUD!
 INFO LOG: Apr_14_17: -- 99.191.82.191:59237: Retnur is trying to connect.
 INFO LOG: Apr_14_17: -- 99.191.82.191:59237: Retnur player file found.
 INFO LOG: Apr_14_17: -- Retnur has entered the game.
 INFO LOG: Apr_14_17: tick!!!
 INFO LOG: Apr_14_17: tick!!!
 INFO LOG: Apr_14_17: Loading player.commands.rb
 INFO LOG: Apr_14_17: tick!!!
 INFO LOG: Apr_14_17: tick!!!
 INFO LOG: Apr_14_17: Loading player.commands.rb
 INFO LOG: Apr_14_17: tick!!!
 INFO LOG: Apr_14_17: Loading player.commands.rb
 INFO LOG: Apr_14_17: tick!!!
 INFO LOG: Apr_14_17: Loading player.commands.rb
 INFO LOG: Apr_14_17: -- #<Player:0x00000002246b00>:99.191.82.191:59237 disconnected from CoralMUD!
 INFO LOG: Apr_14_17: Program closed.
 INFO LOG: Apr_14_17: Logging enabled.   Loading logs.rb.
 INFO LOG: Apr_14_17: Loading utils.rb
 INFO LOG: Apr_14_17: Loading constants.rb
 INFO LOG: Apr_14_17: Loading class_property.rb
 INFO LOG: Apr_14_17: Loading tags.rb
 INFO LOG: Apr_14_17: Loading editor/editors.rb
 INFO LOG: Apr_14_17: Loading editor/editor.strings.rb
 INFO LOG: Apr_14_17: Loading editor/editor.rooms.rb
 INFO LOG: Apr_14_17: Loading editor/editor.exits.rb
 INFO LOG: Apr_14_17: Loading editor/editor.zones.rb
 INFO LOG: Apr_14_17: Loading mxp.rb
 INFO LOG: Apr_14_17: Loading mccp.rb
 INFO LOG: Apr_14_17: Loading flags.rb
 INFO LOG: Apr_14_17: Loading damage.rb
 INFO LOG: Apr_14_17: Loading areas.rb
 INFO LOG: Apr_14_17: Loading event.rb
 INFO LOG: Apr_14_17: Loading automap/automap.rb
 INFO LOG: Apr_14_17: Loading cities.olc.rb
 INFO LOG: Apr_14_17: Loading cities.rb
 INFO LOG: Apr_14_17: Loading sector definitions.
 INFO LOG: Apr_14_17: Loading help.rb
 INFO LOG: Apr_14_17: Loading imcruby.rb
 INFO LOG: Apr_14_17: Loading player.rb
 INFO LOG: Apr_14_17: Loading player.commands.rb
 INFO LOG: Apr_14_17: Loading random.rb
 INFO LOG: Apr_14_17: Loading spells.rb
 INFO LOG: Apr_14_17: Loading all zones.
 INFO LOG: Apr_14_17: Starting server.
 INFO LOG: Apr_14_17: CoralMUD is now up on port 4000.
 INFO LOG: Apr_14_17: -- 99.191.82.191:56598 connected to CoralMUD!
 INFO LOG: Apr_14_17: -- 99.191.82.191:56598: Retnur is trying to connect.
 INFO LOG: Apr_14_17: -- 99.191.82.191:56598: Retnur player file found.
 INFO LOG: Apr_14_17: -- Retnur has entered the game.
 INFO LOG: Apr_14_17: Loading player.commands.rb
 INFO LOG: Apr_14_17: tick!!!
 INFO LOG: Apr_14_17: tick!!!
 INFO LOG: Apr_14_17: tick!!!
 INFO LOG: Apr_14_17: tick!!!
 INFO LOG: Apr_14_17: Loading cities.rb
 INFO LOG: Apr_14_17: Loading sector definitions.
 INFO LOG: Apr_14_17: tick!!!
 INFO LOG: Apr_14_17: -- #<Player:0x00000001528450>:99.191.82.191:56598 disconnected from CoralMUD!
 INFO LOG: Apr_14_17: Program closed.
 INFO LOG: Apr_14_17: Logging enabled.   Loading logs.rb.
 INFO LOG: Apr_14_17: Loading utils.rb
 INFO LOG: Apr_14_17: Loading constants.rb
 INFO LOG: Apr_14_17: Loading class_property.rb
 INFO LOG: Apr_14_17: Loading tags.rb
 INFO LOG: Apr_14_17: Loading editor/editors.rb
 INFO LOG: Apr_14_17: Loading editor/editor.strings.rb
 INFO LOG: Apr_14_17: Loading editor/editor.rooms.rb
 INFO LOG: Apr_14_17: Loading editor/editor.exits.rb
 INFO LOG: Apr_14_17: Loading editor/editor.zones.rb
 INFO LOG: Apr_14_17: Loading mxp.rb
 INFO LOG: Apr_14_17: Loading mccp.rb
 INFO LOG: Apr_14_17: Loading flags.rb
 INFO LOG: Apr_14_17: Loading damage.rb
 INFO LOG: Apr_14_17: Loading areas.rb
 INFO LOG: Apr_14_17: Loading event.rb
 INFO LOG: Apr_14_17: Loading automap/automap.rb
 INFO LOG: Apr_14_17: Loading cities.olc.rb
 INFO LOG: Apr_14_17: Loading cities.rb
 INFO LOG: Apr_14_17: Loading sector definitions.
 INFO LOG: Apr_14_17: Loading help.rb
 INFO LOG: Apr_14_17: Loading imcruby.rb
 INFO LOG: Apr_14_17: Loading player.rb
 INFO LOG: Apr_14_17: Loading player.commands.rb
 INFO LOG: Apr_14_17: Loading random.rb
 INFO LOG: Apr_14_17: Loading spells.rb
 INFO LOG: Apr_14_17: Loading all zones.
 INFO LOG: Apr_14_17: Starting server.
 INFO LOG: Apr_14_17: CoralMUD is now up on port 4000.
 INFO LOG: Apr_14_17: -- 99.191.82.191:55248 connected to CoralMUD!
 INFO LOG: Apr_14_17: -- 99.191.82.191:55248: Retnur is trying to connect.
 INFO LOG: Apr_14_17: -- 99.191.82.191:55248: Retnur player file found.
 INFO LOG: Apr_14_17: -- Retnur has entered the game.
 INFO LOG: Apr_14_17: Loading cities.rb
 INFO LOG: Apr_14_17: Loading sector definitions.
 INFO LOG: Apr_14_17: -- #<Player:0x000000023a2698>:99.191.82.191:55248 disconnected from CoralMUD!
 INFO LOG: Apr_14_17: Program closed.
 INFO LOG: Apr_14_17: Logging enabled.   Loading logs.rb.
 INFO LOG: Apr_14_17: Loading utils.rb
 INFO LOG: Apr_14_17: Loading constants.rb
 INFO LOG: Apr_14_17: Loading class_property.rb
 INFO LOG: Apr_14_17: Loading tags.rb
 INFO LOG: Apr_14_17: Loading editor/editors.rb
 INFO LOG: Apr_14_17: Loading editor/editor.strings.rb
 INFO LOG: Apr_14_17: Loading editor/editor.rooms.rb
 INFO LOG: Apr_14_17: Loading editor/editor.exits.rb
 INFO LOG: Apr_14_17: Loading editor/editor.zones.rb
 INFO LOG: Apr_14_17: Loading mxp.rb
 INFO LOG: Apr_14_17: Loading mccp.rb
 INFO LOG: Apr_14_17: Loading flags.rb
 INFO LOG: Apr_14_17: Loading damage.rb
 INFO LOG: Apr_14_17: Loading areas.rb
 INFO LOG: Apr_14_17: Loading event.rb
 INFO LOG: Apr_14_17: Loading automap/automap.rb
 INFO LOG: Apr_14_17: Loading cities.olc.rb
 INFO LOG: Apr_14_17: Loading cities.rb
 INFO LOG: Apr_14_17: Loading sector definitions.
 INFO LOG: Apr_14_17: Loading help.rb
 INFO LOG: Apr_14_17: Loading imcruby.rb
 INFO LOG: Apr_14_17: Loading player.rb
 INFO LOG: Apr_14_17: Loading player.commands.rb
 INFO LOG: Apr_14_17: Loading random.rb
 INFO LOG: Apr_14_17: Loading spells.rb
 INFO LOG: Apr_14_17: Loading all zones.
 INFO LOG: Apr_14_17: Starting server.
 INFO LOG: Apr_14_17: CoralMUD is now up on port 4000.
 INFO LOG: Apr_14_17: -- 99.191.82.191:55886 connected to CoralMUD!
 INFO LOG: Apr_14_17: -- 99.191.82.191:55886: Retnur is trying to connect.
 INFO LOG: Apr_14_17: -- 99.191.82.191:55886: Retnur player file found.
 INFO LOG: Apr_14_17: -- Retnur has entered the game.
 INFO LOG: Apr_14_17: Loading cities.rb
 INFO LOG: Apr_14_17: Loading sector definitions.
 INFO LOG: Apr_14_17: -- #<Player:0x000000020dc058>:99.191.82.191:55886 disconnected from CoralMUD!
 INFO LOG: Apr_14_17: Program closed.
 INFO LOG: Apr_14_17: Logging enabled.   Loading logs.rb.
 INFO LOG: Apr_14_17: Loading utils.rb
 INFO LOG: Apr_14_17: Loading constants.rb
 INFO LOG: Apr_14_17: Loading class_property.rb
 INFO LOG: Apr_14_17: Loading tags.rb
 INFO LOG: Apr_14_17: Loading editor/editors.rb
 INFO LOG: Apr_14_17: Loading editor/editor.strings.rb
 INFO LOG: Apr_14_17: Loading editor/editor.rooms.rb
 INFO LOG: Apr_14_17: Loading editor/editor.exits.rb
 INFO LOG: Apr_14_17: Loading editor/editor.zones.rb
 INFO LOG: Apr_14_17: Loading mxp.rb
 INFO LOG: Apr_14_17: Loading mccp.rb
 INFO LOG: Apr_14_17: Loading flags.rb
 INFO LOG: Apr_14_17: Loading damage.rb
 INFO LOG: Apr_14_17: Loading areas.rb
 INFO LOG: Apr_14_17: Loading event.rb
 INFO LOG: Apr_14_17: Loading automap/automap.rb
 INFO LOG: Apr_14_17: Loading cities.olc.rb
 INFO LOG: Apr_14_17: Loading cities.rb
 INFO LOG: Apr_14_17: Loading sector definitions.
 INFO LOG: Apr_14_17: Loading help.rb
 INFO LOG: Apr_14_17: Loading imcruby.rb
 INFO LOG: Apr_14_17: Loading player.rb
 INFO LOG: Apr_14_17: Loading player.commands.rb
 INFO LOG: Apr_14_17: Loading random.rb
 INFO LOG: Apr_14_17: Loading spells.rb
 INFO LOG: Apr_14_17: Loading all zones.
 INFO LOG: Apr_14_17: Starting server.
 INFO LOG: Apr_14_17: CoralMUD is now up on port 4000.
 INFO LOG: Apr_14_17: -- 99.191.82.191:36619 connected to CoralMUD!
 INFO LOG: Apr_14_17: -- 99.191.82.191:36619: Retnur is trying to connect.
 INFO LOG: Apr_14_17: -- 99.191.82.191:36619: Retnur player file found.
 INFO LOG: Apr_14_17: -- Retnur has entered the game.
 INFO LOG: Apr_14_17: Loading cities.rb
 INFO LOG: Apr_14_17: Loading sector definitions.
 INFO LOG: Apr_14_17: Loading areas.rb
 INFO LOG: Apr_14_17: -- #<Player:0x00000001f95078>:99.191.82.191:36619 disconnected from CoralMUD!
 INFO LOG: Apr_14_17: Program closed.
 INFO LOG: Apr_14_17: Logging enabled.   Loading logs.rb.
 INFO LOG: Apr_14_17: Loading utils.rb
 INFO LOG: Apr_14_17: Loading constants.rb
 INFO LOG: Apr_14_17: Loading class_property.rb
 INFO LOG: Apr_14_17: Loading tags.rb
 INFO LOG: Apr_14_17: Loading editor/editors.rb
 INFO LOG: Apr_14_17: Loading editor/editor.strings.rb
 INFO LOG: Apr_14_17: Loading editor/editor.rooms.rb
 INFO LOG: Apr_14_17: Loading editor/editor.exits.rb
 INFO LOG: Apr_14_17: Loading editor/editor.zones.rb
 INFO LOG: Apr_14_17: Loading mxp.rb
 INFO LOG: Apr_14_17: Loading mccp.rb
 INFO LOG: Apr_14_17: Loading flags.rb
 INFO LOG: Apr_14_17: Loading damage.rb
 INFO LOG: Apr_14_17: Loading areas.rb
 INFO LOG: Apr_14_17: Loading event.rb
 INFO LOG: Apr_14_17: Loading automap/automap.rb
 INFO LOG: Apr_14_17: Loading cities.olc.rb
 INFO LOG: Apr_14_17: Loading cities.rb
 INFO LOG: Apr_14_17: Loading sector definitions.
 INFO LOG: Apr_14_17: Loading help.rb
 INFO LOG: Apr_14_17: Loading imcruby.rb
 INFO LOG: Apr_14_17: Loading player.rb
 INFO LOG: Apr_14_17: Loading player.commands.rb
 INFO LOG: Apr_14_17: Loading random.rb
 INFO LOG: Apr_14_17: Loading spells.rb
 INFO LOG: Apr_14_17: Loading all zones.
 INFO LOG: Apr_14_17: Starting server.
 INFO LOG: Apr_14_17: CoralMUD is now up on port 4000.
 INFO LOG: Apr_14_17: -- 99.191.82.191:40366 connected to CoralMUD!
 INFO LOG: Apr_14_17: -- 99.191.82.191:40366: Retnur is trying to connect.
 INFO LOG: Apr_14_17: -- 99.191.82.191:40366: Retnur player file found.
 INFO LOG: Apr_14_17: -- Retnur has entered the game.
 INFO LOG: Apr_14_17: Loading player.commands.rb
 INFO LOG: Apr_14_17: tick!!!
 INFO LOG: Apr_14_17: tick!!!
 INFO LOG: Apr_14_17: Loading cities.rb
 INFO LOG: Apr_14_17: Loading sector definitions.
 INFO LOG: Apr_14_17: tick!!!
 INFO LOG: Apr_14_17: tick!!!
 INFO LOG: Apr_14_18: tick!!!
 INFO LOG: Apr_14_18: Loading player.commands.rb
 INFO LOG: Apr_14_18: -- #<Player:0x00000002047390>:99.191.82.191:40366 disconnected from CoralMUD!
 INFO LOG: Apr_14_18: Program closed.
 INFO LOG: Apr_14_18: Logging enabled.   Loading logs.rb.
 INFO LOG: Apr_14_18: Loading utils.rb
 INFO LOG: Apr_14_18: Loading constants.rb
 INFO LOG: Apr_14_18: Loading class_property.rb
 INFO LOG: Apr_14_18: Loading tags.rb
 INFO LOG: Apr_14_18: Loading editor/editors.rb
 INFO LOG: Apr_14_18: Loading editor/editor.strings.rb
 INFO LOG: Apr_14_18: Loading editor/editor.rooms.rb
 INFO LOG: Apr_14_18: Loading editor/editor.exits.rb
 INFO LOG: Apr_14_18: Loading editor/editor.zones.rb
 INFO LOG: Apr_14_18: Loading mxp.rb
 INFO LOG: Apr_14_18: Loading mccp.rb
 INFO LOG: Apr_14_18: Loading flags.rb
 INFO LOG: Apr_14_18: Loading damage.rb
 INFO LOG: Apr_14_18: Loading areas.rb
 INFO LOG: Apr_14_18: Loading event.rb
 INFO LOG: Apr_14_18: Loading automap/automap.rb
 INFO LOG: Apr_14_18: Loading cities.olc.rb
 INFO LOG: Apr_14_18: Loading cities.rb
 INFO LOG: Apr_14_18: Loading sector definitions.
 INFO LOG: Apr_14_18: Loading help.rb
 INFO LOG: Apr_14_18: Loading imcruby.rb
 INFO LOG: Apr_14_18: Loading player.rb
 INFO LOG: Apr_14_18: Loading player.commands.rb
 INFO LOG: Apr_14_18: Loading random.rb
 INFO LOG: Apr_14_18: Loading spells.rb
 INFO LOG: Apr_14_18: Loading all zones.
 INFO LOG: Apr_14_18: Starting server.
 INFO LOG: Apr_14_18: CoralMUD is now up on port 4000.
 INFO LOG: Apr_14_18: -- 99.191.82.191:56253 connected to CoralMUD!
 INFO LOG: Apr_14_18: -- 99.191.82.191:56253: Retnur is trying to connect.
 INFO LOG: Apr_14_18: -- 99.191.82.191:56253: Retnur player file found.
 INFO LOG: Apr_14_18: -- Retnur has entered the game.
ERROR LOG: undefined method `find_any_obj' for #<Player:0x00000000c08140>
ERROR LOG: /home/heath/coral/lib/player.commands.rb:383:in `cmd_goto'
ERROR LOG: /home/heath/coral/lib/player.commands.rb:192:in `execute_command'
ERROR LOG: /home/heath/coral/core/socketengine.rb:156:in `handle_cmd_input'
ERROR LOG: /home/heath/coral/core/socketengine.rb:136:in `receive_data'
ERROR LOG: /usr/local/lib/ruby/gems/1.9.1/gems/eventmachine-0.12.8/lib/eventmachine.rb:242:in `run_machine'
ERROR LOG: /usr/local/lib/ruby/gems/1.9.1/gems/eventmachine-0.12.8/lib/eventmachine.rb:242:in `run'
ERROR LOG: coral.rb:158:in `<main>'
 INFO LOG: Apr_14_18: Loading player.commands.rb
ERROR LOG: wrong number of arguments (0 for 1)
ERROR LOG: /home/heath/coral/lib/player.commands.rb:386:in `cmd_goto'
ERROR LOG: /home/heath/coral/lib/player.commands.rb:192:in `execute_command'
ERROR LOG: /home/heath/coral/core/socketengine.rb:156:in `handle_cmd_input'
ERROR LOG: /home/heath/coral/core/socketengine.rb:136:in `receive_data'
ERROR LOG: /usr/local/lib/ruby/gems/1.9.1/gems/eventmachine-0.12.8/lib/eventmachine.rb:242:in `run_machine'
ERROR LOG: /usr/local/lib/ruby/gems/1.9.1/gems/eventmachine-0.12.8/lib/eventmachine.rb:242:in `run'
ERROR LOG: coral.rb:158:in `<main>'
ERROR LOG: wrong number of arguments (0 for 1)
ERROR LOG: /home/heath/coral/lib/player.commands.rb:386:in `cmd_goto'
ERROR LOG: /home/heath/coral/lib/player.commands.rb:192:in `execute_command'
ERROR LOG: /home/heath/coral/core/socketengine.rb:156:in `handle_cmd_input'
ERROR LOG: /home/heath/coral/core/socketengine.rb:136:in `receive_data'
ERROR LOG: /usr/local/lib/ruby/gems/1.9.1/gems/eventmachine-0.12.8/lib/eventmachine.rb:242:in `run_machine'
ERROR LOG: /usr/local/lib/ruby/gems/1.9.1/gems/eventmachine-0.12.8/lib/eventmachine.rb:242:in `run'
ERROR LOG: coral.rb:158:in `<main>'
 INFO LOG: Apr_14_18: -- #<Player:0x00000000c08140>:99.191.82.191:56253 disconnected from CoralMUD!
 INFO LOG: Apr_14_18: Program closed.
 INFO LOG: Apr_14_18: Logging enabled.   Loading logs.rb.
 INFO LOG: Apr_14_18: Loading utils.rb
 INFO LOG: Apr_14_18: Loading constants.rb
 INFO LOG: Apr_14_18: Loading class_property.rb
 INFO LOG: Apr_14_18: Loading tags.rb
 INFO LOG: Apr_14_18: Loading editor/editors.rb
 INFO LOG: Apr_14_18: Loading editor/editor.strings.rb
 INFO LOG: Apr_14_18: Loading editor/editor.rooms.rb
 INFO LOG: Apr_14_18: Loading editor/editor.exits.rb
 INFO LOG: Apr_14_18: Loading editor/editor.zones.rb
 INFO LOG: Apr_14_18: Loading mxp.rb
 INFO LOG: Apr_14_18: Loading mccp.rb
 INFO LOG: Apr_14_18: Loading flags.rb
 INFO LOG: Apr_14_18: Loading damage.rb
 INFO LOG: Apr_14_18: Loading areas.rb
 INFO LOG: Apr_14_18: Loading event.rb
 INFO LOG: Apr_14_18: Loading automap/automap.rb
 INFO LOG: Apr_14_18: Loading cities.olc.rb
 INFO LOG: Apr_14_18: Loading cities.rb
 INFO LOG: Apr_14_18: Loading sector definitions.
 INFO LOG: Apr_14_18: Loading help.rb
 INFO LOG: Apr_14_18: Loading imcruby.rb
 INFO LOG: Apr_14_18: Loading player.rb
 INFO LOG: Apr_14_18: Loading player.commands.rb
 INFO LOG: Apr_14_18: Loading random.rb
 INFO LOG: Apr_14_18: Loading spells.rb
 INFO LOG: Apr_14_18: Loading all zones.
 INFO LOG: Apr_14_18: Starting server.
 INFO LOG: Apr_14_18: CoralMUD is now up on port 4000.
 INFO LOG: Apr_14_18: -- 99.191.82.191:33504 connected to CoralMUD!
 INFO LOG: Apr_14_18: -- 99.191.82.191:33504: Retnur is trying to connect.
 INFO LOG: Apr_14_18: -- 99.191.82.191:33504: Retnur player file found.
 INFO LOG: Apr_14_18: -- Retnur has entered the game.
ERROR LOG: undefined method `begin_win?' for "Retnur":String
ERROR LOG: /home/heath/coral/lib/utils.rb:268:in `block in get_player'
ERROR LOG: /home/heath/coral/lib/utils.rb:266:in `each'
ERROR LOG: /home/heath/coral/lib/utils.rb:266:in `get_player'
ERROR LOG: /home/heath/coral/lib/player.commands.rb:386:in `cmd_goto'
ERROR LOG: /home/heath/coral/lib/player.commands.rb:192:in `execute_command'
ERROR LOG: /home/heath/coral/core/socketengine.rb:156:in `handle_cmd_input'
ERROR LOG: /home/heath/coral/core/socketengine.rb:136:in `receive_data'
ERROR LOG: /usr/local/lib/ruby/gems/1.9.1/gems/eventmachine-0.12.8/lib/eventmachine.rb:242:in `run_machine'
ERROR LOG: /usr/local/lib/ruby/gems/1.9.1/gems/eventmachine-0.12.8/lib/eventmachine.rb:242:in `run'
ERROR LOG: coral.rb:158:in `<main>'
 INFO LOG: Apr_14_18: -- #<Player:0x00000001d45958>:99.191.82.191:33504 disconnected from CoralMUD!
 INFO LOG: Apr_14_18: Logging enabled.   Loading logs.rb.
 INFO LOG: Apr_14_18: Loading utils.rb
 INFO LOG: Apr_14_18: Loading constants.rb
 INFO LOG: Apr_14_18: Loading class_property.rb
 INFO LOG: Apr_14_18: Loading tags.rb
 INFO LOG: Apr_14_18: Loading editor/editors.rb
 INFO LOG: Apr_14_18: Loading editor/editor.strings.rb
 INFO LOG: Apr_14_18: Loading editor/editor.rooms.rb
 INFO LOG: Apr_14_18: Loading editor/editor.exits.rb
 INFO LOG: Apr_14_18: Loading editor/editor.zones.rb
 INFO LOG: Apr_14_18: Loading mxp.rb
 INFO LOG: Apr_14_18: Loading mccp.rb
 INFO LOG: Apr_14_18: Loading flags.rb
 INFO LOG: Apr_14_18: Loading damage.rb
 INFO LOG: Apr_14_18: Loading areas.rb
 INFO LOG: Apr_14_18: Loading event.rb
 INFO LOG: Apr_14_18: Loading automap/automap.rb
 INFO LOG: Apr_14_18: Loading cities.olc.rb
 INFO LOG: Apr_14_18: Loading cities.rb
 INFO LOG: Apr_14_18: Loading sector definitions.
 INFO LOG: Apr_14_18: Loading help.rb
 INFO LOG: Apr_14_18: Loading imcruby.rb
 INFO LOG: Apr_14_18: Loading player.rb
 INFO LOG: Apr_14_18: Loading player.commands.rb
 INFO LOG: Apr_14_18: Loading random.rb
 INFO LOG: Apr_14_18: Loading spells.rb
 INFO LOG: Apr_14_18: Loading all zones.
 INFO LOG: Apr_14_18: Starting server.
 INFO LOG: Apr_14_18: CoralMUD is now up on port 4000.
 INFO LOG: Apr_14_18: -- 99.191.82.191:54527 connected to CoralMUD!
 INFO LOG: Apr_14_18: -- 99.191.82.191:54527: Retnur is trying to connect.
 INFO LOG: Apr_14_18: -- 99.191.82.191:54527: Retnur player file found.
 INFO LOG: Apr_14_18: -- Retnur has entered the game.
ERROR LOG: undefined local variable or method `ch' for #<Player:0x000000017eb318>
ERROR LOG: /home/heath/coral/lib/player.commands.rb:697:in `cmd_create'
ERROR LOG: /home/heath/coral/lib/player.commands.rb:192:in `execute_command'
ERROR LOG: /home/heath/coral/core/socketengine.rb:156:in `handle_cmd_input'
ERROR LOG: /home/heath/coral/core/socketengine.rb:136:in `receive_data'
ERROR LOG: /usr/local/lib/ruby/gems/1.9.1/gems/eventmachine-0.12.8/lib/eventmachine.rb:242:in `run_machine'
ERROR LOG: /usr/local/lib/ruby/gems/1.9.1/gems/eventmachine-0.12.8/lib/eventmachine.rb:242:in `run'
ERROR LOG: coral.rb:158:in `<main>'
 INFO LOG: Apr_14_18: tick!!!
 INFO LOG: Apr_14_18: Loading player.commands.rb
ERROR LOG: undefined method `namespace=' for Room:Class
ERROR LOG: /home/heath/coral/lib/cities.rb:183:in `create'
ERROR LOG: /home/heath/coral/lib/player.commands.rb:697:in `cmd_create'
ERROR LOG: /home/heath/coral/lib/player.commands.rb:192:in `execute_command'
ERROR LOG: /home/heath/coral/core/socketengine.rb:156:in `handle_cmd_input'
ERROR LOG: /home/heath/coral/core/socketengine.rb:136:in `receive_data'
ERROR LOG: /usr/local/lib/ruby/gems/1.9.1/gems/eventmachine-0.12.8/lib/eventmachine.rb:242:in `run_machine'
ERROR LOG: /usr/local/lib/ruby/gems/1.9.1/gems/eventmachine-0.12.8/lib/eventmachine.rb:242:in `run'
ERROR LOG: coral.rb:158:in `<main>'
 INFO LOG: Apr_14_18: Loading cities.rb
 INFO LOG: Apr_14_18: Loading sector definitions.
 INFO LOG: Apr_14_18: -- #<Player:0x000000017eb318>:99.191.82.191:54527 disconnected from CoralMUD!
 INFO LOG: Apr_14_18: Program closed.
 INFO LOG: Apr_14_18: Logging enabled.   Loading logs.rb.
 INFO LOG: Apr_14_18: Loading utils.rb
 INFO LOG: Apr_14_18: Loading constants.rb
 INFO LOG: Apr_14_18: Loading class_property.rb
 INFO LOG: Apr_14_18: Loading tags.rb
 INFO LOG: Apr_14_18: Loading editor/editors.rb
 INFO LOG: Apr_14_18: Loading editor/editor.strings.rb
 INFO LOG: Apr_14_18: Loading editor/editor.rooms.rb
 INFO LOG: Apr_14_18: Loading editor/editor.exits.rb
 INFO LOG: Apr_14_18: Loading editor/editor.zones.rb
 INFO LOG: Apr_14_18: Loading mxp.rb
 INFO LOG: Apr_14_18: Loading mccp.rb
 INFO LOG: Apr_14_18: Loading flags.rb
 INFO LOG: Apr_14_18: Loading damage.rb
 INFO LOG: Apr_14_18: Loading areas.rb
 INFO LOG: Apr_14_18: Loading event.rb
 INFO LOG: Apr_14_18: Loading automap/automap.rb
 INFO LOG: Apr_14_18: Loading cities.olc.rb
 INFO LOG: Apr_14_18: Loading cities.rb
 INFO LOG: Apr_14_18: Loading sector definitions.
 INFO LOG: Apr_14_18: Loading help.rb
 INFO LOG: Apr_14_18: Loading imcruby.rb
 INFO LOG: Apr_14_18: Loading player.rb
 INFO LOG: Apr_14_18: Loading player.commands.rb
 INFO LOG: Apr_14_18: Loading random.rb
 INFO LOG: Apr_14_18: Loading spells.rb
 INFO LOG: Apr_14_18: Loading all zones.
 INFO LOG: Apr_14_18: Starting server.
 INFO LOG: Apr_14_18: CoralMUD is now up on port 4000.
 INFO LOG: Apr_14_18: -- 99.191.82.191:58877 connected to CoralMUD!
 INFO LOG: Apr_14_18: -- 99.191.82.191:58877: () Invalid name in character creation.
 INFO LOG: Apr_14_18: -- 99.191.82.191:58877: Retnur is trying to connect.
 INFO LOG: Apr_14_18: -- 99.191.82.191:58877: Retnur player file found.
 INFO LOG: Apr_14_18: -- Retnur has entered the game.
ERROR LOG: undefined method `namespace' for Room:Class
ERROR LOG: /home/heath/coral/lib/tags.rb:89:in `block (2 levels) in gen_generic_tag'
ERROR LOG: /home/heath/coral/lib/tags.rb:87:in `each'
ERROR LOG: /home/heath/coral/lib/tags.rb:87:in `block in gen_generic_tag'
ERROR LOG: /home/heath/coral/lib/tags.rb:86:in `each'
ERROR LOG: /home/heath/coral/lib/tags.rb:86:in `gen_generic_tag'
ERROR LOG: /home/heath/coral/lib/cities.rb:184:in `create'
ERROR LOG: /home/heath/coral/lib/player.commands.rb:697:in `cmd_create'
ERROR LOG: /home/heath/coral/lib/player.commands.rb:192:in `execute_command'
ERROR LOG: /home/heath/coral/core/socketengine.rb:156:in `handle_cmd_input'
ERROR LOG: /home/heath/coral/core/socketengine.rb:136:in `receive_data'
ERROR LOG: /usr/local/lib/ruby/gems/1.9.1/gems/eventmachine-0.12.8/lib/eventmachine.rb:242:in `run_machine'
ERROR LOG: /usr/local/lib/ruby/gems/1.9.1/gems/eventmachine-0.12.8/lib/eventmachine.rb:242:in `run'
ERROR LOG: coral.rb:158:in `<main>'
 INFO LOG: Apr_14_18: -- #<Player:0x00000001bded08>:99.191.82.191:58877 disconnected from CoralMUD!
 INFO LOG: Apr_14_18: Program closed.
 INFO LOG: Apr_14_18: Logging enabled.   Loading logs.rb.
 INFO LOG: Apr_14_18: Loading utils.rb
 INFO LOG: Apr_14_18: Loading constants.rb
 INFO LOG: Apr_14_18: Loading class_property.rb
 INFO LOG: Apr_14_18: Loading tags.rb
 INFO LOG: Apr_14_18: Loading editor/editors.rb
 INFO LOG: Apr_14_18: Loading editor/editor.strings.rb
 INFO LOG: Apr_14_18: Loading editor/editor.rooms.rb
 INFO LOG: Apr_14_18: Loading editor/editor.exits.rb
 INFO LOG: Apr_14_18: Loading editor/editor.zones.rb
 INFO LOG: Apr_14_18: Loading mxp.rb
 INFO LOG: Apr_14_18: Loading mccp.rb
 INFO LOG: Apr_14_18: Loading flags.rb
 INFO LOG: Apr_14_18: Loading damage.rb
 INFO LOG: Apr_14_18: Loading areas.rb
 INFO LOG: Apr_14_18: Loading event.rb
 INFO LOG: Apr_14_18: Loading automap/automap.rb
 INFO LOG: Apr_14_18: Loading cities.olc.rb
 INFO LOG: Apr_14_18: Loading cities.rb
 INFO LOG: Apr_14_18: Loading sector definitions.
 INFO LOG: Apr_14_18: Loading help.rb
 INFO LOG: Apr_14_18: Loading imcruby.rb
 INFO LOG: Apr_14_18: Loading player.rb
 INFO LOG: Apr_14_18: Loading player.commands.rb
 INFO LOG: Apr_14_18: Loading random.rb
 INFO LOG: Apr_14_18: Loading spells.rb
 INFO LOG: Apr_14_18: Loading all zones.
ERROR LOG: undefined method `namespace=' for #<Room:0x000000016a0698>
ERROR LOG: /home/heath/coral/lib/tags.rb:36:in `initialize'
ERROR LOG: /home/heath/coral/lib/class_property.rb:34:in `new'
ERROR LOG: /home/heath/coral/lib/class_property.rb:34:in `assign_tag'
ERROR LOG: /home/heath/coral/lib/cities.rb:277:in `data_transform_on_load'
ERROR LOG: /home/heath/coral/lib/class_property.rb:107:in `configure'
ERROR LOG: /home/heath/coral/lib/areas.rb:56:in `block in data_transform_on_load'
ERROR LOG: /home/heath/coral/lib/areas.rb:53:in `each'
ERROR LOG: /home/heath/coral/lib/areas.rb:53:in `data_transform_on_load'
ERROR LOG: /home/heath/coral/lib/class_property.rb:107:in `configure'
ERROR LOG: /home/heath/coral/lib/class_property.rb:84:in `load_from_file'
ERROR LOG: /home/heath/coral/lib/areas.rb:24:in `block in load_zones'
ERROR LOG: /home/heath/coral/lib/areas.rb:22:in `each'
ERROR LOG: /home/heath/coral/lib/areas.rb:22:in `load_zones'
ERROR LOG: coral.rb:150:in `<main>'
ERROR LOG: Apr_14_18: Unable to configure: data/areas/first.area.yml
 INFO LOG: Apr_14_18: Logging enabled.   Loading logs.rb.
 INFO LOG: Apr_14_18: Loading utils.rb
 INFO LOG: Apr_14_18: Loading constants.rb
 INFO LOG: Apr_14_18: Loading class_property.rb
 INFO LOG: Apr_14_18: Loading tags.rb
 INFO LOG: Apr_14_18: Loading editor/editors.rb
 INFO LOG: Apr_14_18: Loading editor/editor.strings.rb
 INFO LOG: Apr_14_18: Loading editor/editor.rooms.rb
 INFO LOG: Apr_14_18: Loading editor/editor.exits.rb
 INFO LOG: Apr_14_18: Loading editor/editor.zones.rb
 INFO LOG: Apr_14_18: Loading mxp.rb
 INFO LOG: Apr_14_18: Loading mccp.rb
 INFO LOG: Apr_14_18: Loading flags.rb
 INFO LOG: Apr_14_18: Loading damage.rb
 INFO LOG: Apr_14_18: Loading areas.rb
 INFO LOG: Apr_14_18: Loading event.rb
 INFO LOG: Apr_14_18: Loading automap/automap.rb
 INFO LOG: Apr_14_18: Loading cities.olc.rb
 INFO LOG: Apr_14_18: Loading cities.rb
 INFO LOG: Apr_14_18: Loading sector definitions.
 INFO LOG: Apr_14_18: Loading help.rb
 INFO LOG: Apr_14_18: Loading imcruby.rb
 INFO LOG: Apr_14_18: Loading player.rb
 INFO LOG: Apr_14_18: Loading player.commands.rb
 INFO LOG: Apr_14_18: Loading random.rb
 INFO LOG: Apr_14_18: Loading spells.rb
 INFO LOG: Apr_14_18: Loading all zones.
 INFO LOG: Apr_14_18: Starting server.
 INFO LOG: Apr_14_18: CoralMUD is now up on port 4000.
 INFO LOG: Apr_14_18: -- 99.191.82.191:38815 connected to CoralMUD!
 INFO LOG: Apr_14_18: -- 99.191.82.191:38815: Retnur is trying to connect.
 INFO LOG: Apr_14_18: -- 99.191.82.191:38815: Retnur player file found.
 INFO LOG: Apr_14_18: -- Retnur has entered the game.
ERROR LOG: undefined method `namespace' for Room:Class
ERROR LOG: /home/heath/coral/lib/tags.rb:89:in `block (2 levels) in gen_generic_tag'
ERROR LOG: /home/heath/coral/lib/tags.rb:87:in `each'
ERROR LOG: /home/heath/coral/lib/tags.rb:87:in `block in gen_generic_tag'
ERROR LOG: /home/heath/coral/lib/tags.rb:86:in `each'
ERROR LOG: /home/heath/coral/lib/tags.rb:86:in `gen_generic_tag'
ERROR LOG: /home/heath/coral/lib/cities.rb:184:in `create'
ERROR LOG: /home/heath/coral/lib/player.commands.rb:697:in `cmd_create'
ERROR LOG: /home/heath/coral/lib/player.commands.rb:192:in `execute_command'
ERROR LOG: /home/heath/coral/core/socketengine.rb:156:in `handle_cmd_input'
ERROR LOG: /home/heath/coral/core/socketengine.rb:136:in `receive_data'
ERROR LOG: /usr/local/lib/ruby/gems/1.9.1/gems/eventmachine-0.12.8/lib/eventmachine.rb:242:in `run_machine'
ERROR LOG: /usr/local/lib/ruby/gems/1.9.1/gems/eventmachine-0.12.8/lib/eventmachine.rb:242:in `run'
ERROR LOG: coral.rb:158:in `<main>'
 INFO LOG: Apr_14_18: Loading cities.rb
 INFO LOG: Apr_14_18: Loading sector definitions.
 INFO LOG: Apr_14_18: -- #<Player:0x00000000d6dbc0>:99.191.82.191:38815 disconnected from CoralMUD!
 INFO LOG: Apr_14_18: Program closed.
 INFO LOG: Apr_14_18: Logging enabled.   Loading logs.rb.
 INFO LOG: Apr_14_18: Loading utils.rb
 INFO LOG: Apr_14_18: Loading constants.rb
 INFO LOG: Apr_14_18: Loading class_property.rb
 INFO LOG: Apr_14_18: Loading tags.rb
 INFO LOG: Apr_14_18: Loading editor/editors.rb
 INFO LOG: Apr_14_18: Loading editor/editor.strings.rb
 INFO LOG: Apr_14_18: Loading editor/editor.rooms.rb
 INFO LOG: Apr_14_18: Loading editor/editor.exits.rb
 INFO LOG: Apr_14_18: Loading editor/editor.zones.rb
 INFO LOG: Apr_14_18: Loading mxp.rb
 INFO LOG: Apr_14_18: Loading mccp.rb
 INFO LOG: Apr_14_18: Loading flags.rb
 INFO LOG: Apr_14_18: Loading damage.rb
 INFO LOG: Apr_14_18: Loading areas.rb
 INFO LOG: Apr_14_18: Loading event.rb
 INFO LOG: Apr_14_18: Loading automap/automap.rb
 INFO LOG: Apr_14_18: Loading cities.olc.rb
 INFO LOG: Apr_14_18: Loading cities.rb
 INFO LOG: Apr_14_18: Loading sector definitions.
 INFO LOG: Apr_14_18: Loading help.rb
 INFO LOG: Apr_14_18: Loading imcruby.rb
 INFO LOG: Apr_14_18: Loading player.rb
 INFO LOG: Apr_14_18: Loading player.commands.rb
 INFO LOG: Apr_14_18: Loading random.rb
 INFO LOG: Apr_14_18: Loading spells.rb
 INFO LOG: Apr_14_18: Loading all zones.
 INFO LOG: Apr_14_18: Starting server.
 INFO LOG: Apr_14_18: CoralMUD is now up on port 4000.
 INFO LOG: Apr_14_18: -- 99.191.82.191:39893 connected to CoralMUD!
 INFO LOG: Apr_14_18: -- 99.191.82.191:39893: Retnur is trying to connect.
 INFO LOG: Apr_14_18: -- 99.191.82.191:39893: Retnur player file found.
 INFO LOG: Apr_14_18: -- Retnur has entered the game.
ERROR LOG: undefined method `namespace' for Room:Class
ERROR LOG: /home/heath/coral/lib/tags.rb:89:in `block (2 levels) in gen_generic_tag'
ERROR LOG: /home/heath/coral/lib/tags.rb:87:in `each'
ERROR LOG: /home/heath/coral/lib/tags.rb:87:in `block in gen_generic_tag'
ERROR LOG: /home/heath/coral/lib/tags.rb:86:in `each'
ERROR LOG: /home/heath/coral/lib/tags.rb:86:in `gen_generic_tag'
ERROR LOG: /home/heath/coral/lib/cities.rb:184:in `create'
ERROR LOG: /home/heath/coral/lib/player.commands.rb:697:in `cmd_create'
ERROR LOG: /home/heath/coral/lib/player.commands.rb:192:in `execute_command'
ERROR LOG: /home/heath/coral/core/socketengine.rb:156:in `handle_cmd_input'
ERROR LOG: /home/heath/coral/core/socketengine.rb:136:in `receive_data'
ERROR LOG: /usr/local/lib/ruby/gems/1.9.1/gems/eventmachine-0.12.8/lib/eventmachine.rb:242:in `run_machine'
ERROR LOG: /usr/local/lib/ruby/gems/1.9.1/gems/eventmachine-0.12.8/lib/eventmachine.rb:242:in `run'
ERROR LOG: coral.rb:158:in `<main>'
 INFO LOG: Apr_14_18: Loading cities.rb
 INFO LOG: Apr_14_18: Loading sector definitions.
 INFO LOG: Apr_14_18: -- #<Player:0x0000000223dd70>:99.191.82.191:39893 disconnected from CoralMUD!
 INFO LOG: Apr_14_18: Program closed.
 INFO LOG: Apr_14_18: Logging enabled.   Loading logs.rb.
 INFO LOG: Apr_14_18: Loading utils.rb
 INFO LOG: Apr_14_18: Loading constants.rb
 INFO LOG: Apr_14_18: Loading class_property.rb
 INFO LOG: Apr_14_18: Loading tags.rb
 INFO LOG: Apr_14_18: Loading editor/editors.rb
 INFO LOG: Apr_14_18: Loading editor/editor.strings.rb
 INFO LOG: Apr_14_18: Loading editor/editor.rooms.rb
 INFO LOG: Apr_14_18: Loading editor/editor.exits.rb
 INFO LOG: Apr_14_18: Loading editor/editor.zones.rb
 INFO LOG: Apr_14_18: Loading mxp.rb
 INFO LOG: Apr_14_18: Loading mccp.rb
 INFO LOG: Apr_14_18: Loading flags.rb
 INFO LOG: Apr_14_18: Loading damage.rb
 INFO LOG: Apr_14_18: Loading areas.rb
 INFO LOG: Apr_14_18: Loading event.rb
 INFO LOG: Apr_14_18: Loading automap/automap.rb
 INFO LOG: Apr_14_18: Loading cities.olc.rb
 INFO LOG: Apr_14_18: Loading cities.rb
 INFO LOG: Apr_14_18: Loading sector definitions.
 INFO LOG: Apr_14_18: Loading help.rb
 INFO LOG: Apr_14_18: Loading imcruby.rb
 INFO LOG: Apr_14_18: Loading player.rb
 INFO LOG: Apr_14_18: Loading player.commands.rb
 INFO LOG: Apr_14_18: Loading random.rb
 INFO LOG: Apr_14_18: Loading spells.rb
 INFO LOG: Apr_14_18: Loading all zones.
 INFO LOG: Apr_14_18: Starting server.
 INFO LOG: Apr_14_18: CoralMUD is now up on port 4000.
 INFO LOG: Apr_14_18: -- 99.191.82.191:60429 connected to CoralMUD!
 INFO LOG: Apr_14_18: -- 99.191.82.191:60429: Retnur is trying to connect.
 INFO LOG: Apr_14_18: -- 99.191.82.191:60429: Retnur player file found.
 INFO LOG: Apr_14_18: -- Retnur has entered the game.
 INFO LOG: Apr_14_18: -- #<Player:0x00000001d1a5f0>:99.191.82.191:60429 disconnected from CoralMUD!
 INFO LOG: Apr_14_18: Program closed.
 INFO LOG: Apr_14_18: Logging enabled.   Loading logs.rb.
 INFO LOG: Apr_14_18: Loading utils.rb
 INFO LOG: Apr_14_18: Loading constants.rb
 INFO LOG: Apr_14_18: Loading class_property.rb
 INFO LOG: Apr_14_18: Loading tags.rb
 INFO LOG: Apr_14_18: Loading editor/editors.rb
 INFO LOG: Apr_14_18: Loading editor/editor.strings.rb
 INFO LOG: Apr_14_18: Loading editor/editor.rooms.rb
 INFO LOG: Apr_14_18: Loading editor/editor.exits.rb
 INFO LOG: Apr_14_18: Loading editor/editor.zones.rb
 INFO LOG: Apr_14_18: Loading mxp.rb
 INFO LOG: Apr_14_18: Loading mccp.rb
 INFO LOG: Apr_14_18: Loading flags.rb
 INFO LOG: Apr_14_18: Loading damage.rb
 INFO LOG: Apr_14_18: Loading areas.rb
 INFO LOG: Apr_14_18: Loading event.rb
 INFO LOG: Apr_14_18: Loading automap/automap.rb
 INFO LOG: Apr_14_18: Loading cities.olc.rb
 INFO LOG: Apr_14_18: Loading cities.rb
 INFO LOG: Apr_14_18: Loading sector definitions.
 INFO LOG: Apr_14_18: Loading help.rb
 INFO LOG: Apr_14_18: Loading imcruby.rb
 INFO LOG: Apr_14_18: Loading player.rb
 INFO LOG: Apr_14_18: Loading player.commands.rb
 INFO LOG: Apr_14_18: Loading random.rb
 INFO LOG: Apr_14_18: Loading spells.rb
 INFO LOG: Apr_14_18: Loading all zones.
 INFO LOG: Apr_14_18: Starting server.
 INFO LOG: Apr_14_18: CoralMUD is now up on port 4000.
 INFO LOG: Apr_14_18: -- 99.191.82.191:38196 connected to CoralMUD!
 INFO LOG: Apr_14_18: -- 99.191.82.191:38196: Retnur is trying to connect.
 INFO LOG: Apr_14_18: -- 99.191.82.191:38196: Retnur player file found.
 INFO LOG: Apr_14_18: -- Retnur has entered the game.
 INFO LOG: Apr_14_18: tick!!!
 INFO LOG: Apr_14_18: tick!!!
 INFO LOG: Apr_14_18: tick!!!
 INFO LOG: Apr_14_18: tick!!!
 INFO LOG: Apr_14_18: Loading cities.rb
 INFO LOG: Apr_14_18: Loading sector definitions.
 INFO LOG: Apr_14_18: tick!!!
 INFO LOG: Apr_14_18: tick!!!
 INFO LOG: Apr_14_18: Loading player.rb
 INFO LOG: Apr_14_18: -- #<Player:0x00000001758090>:99.191.82.191:38196 disconnected from CoralMUD!
 INFO LOG: Apr_14_18: Logging enabled.   Loading logs.rb.
 INFO LOG: Apr_14_18: Loading utils.rb
 INFO LOG: Apr_14_18: Loading constants.rb
 INFO LOG: Apr_14_18: Loading class_property.rb
 INFO LOG: Apr_14_18: Loading tags.rb
 INFO LOG: Apr_14_18: Loading editor/editors.rb
 INFO LOG: Apr_14_18: Loading editor/editor.strings.rb
 INFO LOG: Apr_14_18: Loading editor/editor.rooms.rb
 INFO LOG: Apr_14_18: Loading editor/editor.exits.rb
 INFO LOG: Apr_14_18: Loading editor/editor.zones.rb
 INFO LOG: Apr_14_18: Loading mxp.rb
 INFO LOG: Apr_14_18: Loading mccp.rb
 INFO LOG: Apr_14_18: Loading flags.rb
 INFO LOG: Apr_14_18: Loading damage.rb
 INFO LOG: Apr_14_18: Loading areas.rb
 INFO LOG: Apr_14_18: Loading event.rb
 INFO LOG: Apr_14_18: Loading automap/automap.rb
 INFO LOG: Apr_14_18: Loading cities.olc.rb
 INFO LOG: Apr_14_18: Loading cities.rb
 INFO LOG: Apr_14_18: Loading sector definitions.
 INFO LOG: Apr_14_18: Loading help.rb
 INFO LOG: Apr_14_18: Loading imcruby.rb
 INFO LOG: Apr_14_18: Loading player.rb
 INFO LOG: Apr_14_18: Loading player.commands.rb
 INFO LOG: Apr_14_18: Loading random.rb
 INFO LOG: Apr_14_18: Loading spells.rb
 INFO LOG: Apr_14_18: Loading all zones.
 INFO LOG: Apr_14_18: Starting server.
 INFO LOG: Apr_14_18: CoralMUD is now up on port 4000.
 INFO LOG: Apr_14_18: -- 99.191.82.191:35246 connected to CoralMUD!
 INFO LOG: Apr_14_18: -- 99.191.82.191:35246: Retnur is trying to connect.
 INFO LOG: Apr_14_18: -- 99.191.82.191:35246: Retnur player file found.
 INFO LOG: Apr_14_18: -- Retnur has entered the game.
 INFO LOG: Apr_14_18: Loading editor/editor.zones.rb
 INFO LOG: Apr_14_18: Loading areas.rb
 INFO LOG: Apr_14_18: tick!!!
 INFO LOG: Apr_14_18: Loading editor/editor.zones.rb
 INFO LOG: Apr_14_18: tick!!!
 INFO LOG: Apr_14_18: -- #<Player:0x00000001e82938>:99.191.82.191:35246 disconnected from CoralMUD!
 INFO LOG: Apr_14_18: Program closed.
 INFO LOG: Apr_14_18: Logging enabled.   Loading logs.rb.
 INFO LOG: Apr_14_18: Loading utils.rb
 INFO LOG: Apr_14_18: Loading constants.rb
 INFO LOG: Apr_14_18: Loading class_property.rb
 INFO LOG: Apr_14_18: Loading tags.rb
 INFO LOG: Apr_14_18: Loading editor/editors.rb
 INFO LOG: Apr_14_18: Loading editor/editor.strings.rb
 INFO LOG: Apr_14_18: Loading editor/editor.rooms.rb
 INFO LOG: Apr_14_18: Loading editor/editor.exits.rb
 INFO LOG: Apr_14_18: Loading editor/editor.zones.rb
 INFO LOG: Apr_14_18: Loading mxp.rb
 INFO LOG: Apr_14_18: Loading mccp.rb
 INFO LOG: Apr_14_18: Loading flags.rb
 INFO LOG: Apr_14_18: Loading damage.rb
 INFO LOG: Apr_14_18: Loading areas.rb
 INFO LOG: Apr_14_18: Loading event.rb
 INFO LOG: Apr_14_18: Loading automap/automap.rb
 INFO LOG: Apr_14_18: Loading cities.olc.rb
 INFO LOG: Apr_14_18: Loading cities.rb
 INFO LOG: Apr_14_18: Loading sector definitions.
 INFO LOG: Apr_14_18: Loading help.rb
 INFO LOG: Apr_14_18: Loading imcruby.rb
 INFO LOG: Apr_14_18: Loading player.rb
 INFO LOG: Apr_14_18: Loading player.commands.rb
 INFO LOG: Apr_14_18: Loading random.rb
 INFO LOG: Apr_14_18: Loading spells.rb
 INFO LOG: Apr_14_18: Loading all zones.
 INFO LOG: Apr_14_18: Starting server.
 INFO LOG: Apr_14_18: CoralMUD is now up on port 4000.
 INFO LOG: Apr_14_18: -- 99.191.82.191:32839 connected to CoralMUD!
 INFO LOG: Apr_14_18: -- 99.191.82.191:32839: Retnur is trying to connect.
 INFO LOG: Apr_14_18: -- 99.191.82.191:32839: Retnur player file found.
 INFO LOG: Apr_14_18: -- Retnur has entered the game.
 INFO LOG: Apr_14_18: -- #<Player:0x0000000262b338>:99.191.82.191:32839 disconnected from CoralMUD!
 INFO LOG: Apr_14_18: Program closed.
 INFO LOG: Apr_14_18: Logging enabled.   Loading logs.rb.
 INFO LOG: Apr_14_18: Loading utils.rb
 INFO LOG: Apr_14_18: Loading constants.rb
 INFO LOG: Apr_14_18: Loading class_property.rb
 INFO LOG: Apr_14_18: Loading tags.rb
 INFO LOG: Apr_14_18: Loading editor/editors.rb
 INFO LOG: Apr_14_18: Loading editor/editor.strings.rb
 INFO LOG: Apr_14_18: Loading editor/editor.rooms.rb
 INFO LOG: Apr_14_18: Loading editor/editor.exits.rb
 INFO LOG: Apr_14_18: Loading editor/editor.zones.rb
 INFO LOG: Apr_14_18: Loading editor/editor.items.rb
 INFO LOG: Apr_14_18: Loading mxp.rb
 INFO LOG: Apr_14_18: Loading mccp.rb
 INFO LOG: Apr_14_18: Loading flags.rb
 INFO LOG: Apr_14_18: Loading damage.rb
 INFO LOG: Apr_14_18: Loading areas.rb
 INFO LOG: Apr_14_18: Loading event.rb
 INFO LOG: Apr_14_18: Loading automap/automap.rb
 INFO LOG: Apr_14_18: Loading cities.olc.rb
 INFO LOG: Apr_14_18: Loading cities.rb
 INFO LOG: Apr_14_18: Loading sector definitions.
 INFO LOG: Apr_14_18: Loading help.rb
 INFO LOG: Apr_14_18: Loading imcruby.rb
 INFO LOG: Apr_14_18: Loading player.rb
 INFO LOG: Apr_14_18: Loading player.commands.rb
 INFO LOG: Apr_14_18: Loading random.rb
 INFO LOG: Apr_14_18: Loading spells.rb
 INFO LOG: Apr_14_18: Loading all zones.
 INFO LOG: Apr_14_18: Starting server.
 INFO LOG: Apr_14_18: CoralMUD is now up on port 4000.
 INFO LOG: Apr_14_19: Logging enabled.   Loading logs.rb.
 INFO LOG: Apr_14_19: Loading utils.rb
 INFO LOG: Apr_14_19: Loading constants.rb
 INFO LOG: Apr_14_19: Loading class_property.rb
 INFO LOG: Apr_14_19: Loading tags.rb
 INFO LOG: Apr_14_19: Loading editor/editors.rb
 INFO LOG: Apr_14_19: Loading editor/editor.strings.rb
 INFO LOG: Apr_14_19: Loading editor/editor.rooms.rb
 INFO LOG: Apr_14_19: Loading editor/editor.exits.rb
 INFO LOG: Apr_14_19: Loading editor/editor.zones.rb
 INFO LOG: Apr_14_19: Loading editor/editor.items.rb
 INFO LOG: Apr_14_19: Loading mxp.rb
 INFO LOG: Apr_14_19: Loading mccp.rb
 INFO LOG: Apr_14_19: Loading flags.rb
 INFO LOG: Apr_14_19: Loading damage.rb
 INFO LOG: Apr_14_19: Loading areas.rb
 INFO LOG: Apr_14_19: Loading event.rb
 INFO LOG: Apr_14_19: Loading automap/automap.rb
 INFO LOG: Apr_14_19: Loading cities.olc.rb
 INFO LOG: Apr_14_19: Loading cities.rb
 INFO LOG: Apr_14_19: Loading sector definitions.
 INFO LOG: Apr_14_19: Loading help.rb
 INFO LOG: Apr_14_19: Loading imcruby.rb
 INFO LOG: Apr_14_19: Loading player.rb
 INFO LOG: Apr_14_19: Loading player.commands.rb
 INFO LOG: Apr_14_19: Loading random.rb
 INFO LOG: Apr_14_19: Loading spells.rb
 INFO LOG: Apr_14_19: Loading all zones.
 INFO LOG: Apr_14_19: Starting server.
 INFO LOG: Apr_14_19: CoralMUD is now up on port 4000.
 INFO LOG: Apr_14_19: tick!!!
 INFO LOG: Apr_14_19: tick!!!
 INFO LOG: Apr_14_19: tick!!!
 INFO LOG: Apr_14_19: tick!!!
 INFO LOG: Apr_14_19: -- 99.191.82.191:35236 connected to CoralMUD!
 INFO LOG: Apr_14_19: -- 99.191.82.191:35236: Retnur is trying to connect.
 INFO LOG: Apr_14_19: -- 99.191.82.191:35236: Retnur player file found.
 INFO LOG: Apr_14_19: -- Retnur has entered the game.
 INFO LOG: Apr_14_19: tick!!!
 INFO LOG: Apr_14_19: tick!!!
 INFO LOG: Apr_14_19: tick!!!
 INFO LOG: Apr_14_19: tick!!!
 INFO LOG: Apr_14_19: tick!!!
 INFO LOG: Apr_14_19: tick!!!
 INFO LOG: Apr_14_19: tick!!!
 INFO LOG: Apr_14_19: tick!!!
 INFO LOG: Apr_14_19: tick!!!
 INFO LOG: Apr_14_19: tick!!!
 INFO LOG: Apr_14_19: tick!!!
 INFO LOG: Apr_14_19: Loading cities.rb
 INFO LOG: Apr_14_19: Loading sector definitions.
 INFO LOG: Apr_14_19: -- #<Player:0x00000001e06810>:99.191.82.191:35236 disconnected from CoralMUD!
 INFO LOG: Apr_14_19: Logging enabled.   Loading logs.rb.
 INFO LOG: Apr_14_19: Loading utils.rb
 INFO LOG: Apr_14_19: Loading constants.rb
 INFO LOG: Apr_14_19: Loading class_property.rb
 INFO LOG: Apr_14_19: Loading tags.rb
 INFO LOG: Apr_14_19: Loading editor/editors.rb
 INFO LOG: Apr_14_19: Loading editor/editor.strings.rb
 INFO LOG: Apr_14_19: Loading editor/editor.rooms.rb
 INFO LOG: Apr_14_19: Loading editor/editor.exits.rb
 INFO LOG: Apr_14_19: Loading editor/editor.zones.rb
 INFO LOG: Apr_14_19: Loading editor/editor.items.rb
 INFO LOG: Apr_14_19: Loading mxp.rb
 INFO LOG: Apr_14_19: Loading mccp.rb
 INFO LOG: Apr_14_19: Loading flags.rb
 INFO LOG: Apr_14_19: Loading damage.rb
 INFO LOG: Apr_14_19: Loading areas.rb
 INFO LOG: Apr_14_19: Loading event.rb
 INFO LOG: Apr_14_19: Loading automap/automap.rb
 INFO LOG: Apr_14_19: Loading cities.olc.rb
 INFO LOG: Apr_14_19: Loading cities.rb
 INFO LOG: Apr_14_19: Loading sector definitions.
 INFO LOG: Apr_14_19: Logging enabled.   Loading logs.rb.
 INFO LOG: Apr_14_19: Loading utils.rb
 INFO LOG: Apr_14_19: Loading constants.rb
 INFO LOG: Apr_14_19: Loading class_property.rb
 INFO LOG: Apr_14_19: Loading tags.rb
 INFO LOG: Apr_14_19: Loading editor/editors.rb
 INFO LOG: Apr_14_19: Loading editor/editor.strings.rb
 INFO LOG: Apr_14_19: Loading editor/editor.rooms.rb
 INFO LOG: Apr_14_19: Loading editor/editor.exits.rb
 INFO LOG: Apr_14_19: Loading editor/editor.zones.rb
 INFO LOG: Apr_14_19: Loading editor/editor.items.rb
 INFO LOG: Apr_14_19: Loading mxp.rb
 INFO LOG: Apr_14_19: Loading mccp.rb
 INFO LOG: Apr_14_19: Loading flags.rb
 INFO LOG: Apr_14_19: Loading damage.rb
 INFO LOG: Apr_14_19: Loading areas.rb
 INFO LOG: Apr_14_19: Loading event.rb
 INFO LOG: Apr_14_19: Loading automap/automap.rb
 INFO LOG: Apr_14_19: Loading cities.olc.rb
 INFO LOG: Apr_14_19: Loading cities.rb
 INFO LOG: Apr_14_19: Loading sector definitions.
 INFO LOG: Apr_14_19: Loading help.rb
 INFO LOG: Apr_14_19: Loading imcruby.rb
 INFO LOG: Apr_14_19: Loading player.rb
 INFO LOG: Apr_14_19: Loading player.commands.rb
 INFO LOG: Apr_14_19: Loading random.rb
 INFO LOG: Apr_14_19: Loading spells.rb
 INFO LOG: Apr_14_19: Loading all zones.
 INFO LOG: Apr_14_19: Starting server.
 INFO LOG: Apr_14_19: CoralMUD is now up on port 4000.
 INFO LOG: Apr_14_19: -- 99.191.82.191:58614 connected to CoralMUD!
 INFO LOG: Apr_14_19: -- 99.191.82.191:58614: Retnur is trying to connect.
 INFO LOG: Apr_14_19: -- 99.191.82.191:58614: Retnur player file found.
 INFO LOG: Apr_14_19: -- Retnur has entered the game.
 INFO LOG: Apr_14_19: Loading editor/editor.items.rb
 INFO LOG: Apr_14_19: -- #<Player:0x000000016e2070>:99.191.82.191:58614 disconnected from CoralMUD!
 INFO LOG: Apr_14_19: Logging enabled.   Loading logs.rb.
 INFO LOG: Apr_14_19: Loading utils.rb
 INFO LOG: Apr_14_19: Loading constants.rb
 INFO LOG: Apr_14_19: Loading class_property.rb
 INFO LOG: Apr_14_19: Loading tags.rb
 INFO LOG: Apr_14_19: Loading editor/editors.rb
 INFO LOG: Apr_14_19: Loading editor/editor.strings.rb
 INFO LOG: Apr_14_19: Loading editor/editor.rooms.rb
 INFO LOG: Apr_14_19: Loading editor/editor.exits.rb
 INFO LOG: Apr_14_19: Loading editor/editor.zones.rb
 INFO LOG: Apr_14_19: Loading editor/editor.items.rb
 INFO LOG: Apr_14_19: Logging enabled.   Loading logs.rb.
 INFO LOG: Apr_14_19: Loading utils.rb
 INFO LOG: Apr_14_19: Loading constants.rb
 INFO LOG: Apr_14_19: Loading class_property.rb
 INFO LOG: Apr_14_19: Loading tags.rb
 INFO LOG: Apr_14_19: Loading editor/editors.rb
 INFO LOG: Apr_14_19: Loading editor/editor.strings.rb
 INFO LOG: Apr_14_19: Loading editor/editor.rooms.rb
 INFO LOG: Apr_14_19: Loading editor/editor.exits.rb
 INFO LOG: Apr_14_19: Loading editor/editor.zones.rb
 INFO LOG: Apr_14_19: Loading editor/editor.items.rb
 INFO LOG: Apr_14_19: Loading mxp.rb
 INFO LOG: Apr_14_19: Loading mccp.rb
 INFO LOG: Apr_14_19: Loading flags.rb
 INFO LOG: Apr_14_19: Loading damage.rb
 INFO LOG: Apr_14_19: Loading areas.rb
 INFO LOG: Apr_14_19: Loading event.rb
 INFO LOG: Apr_14_19: Loading automap/automap.rb
 INFO LOG: Apr_14_19: Loading cities.olc.rb
 INFO LOG: Apr_14_19: Loading cities.rb
 INFO LOG: Apr_14_19: Loading sector definitions.
 INFO LOG: Apr_14_19: Loading help.rb
 INFO LOG: Apr_14_19: Loading imcruby.rb
 INFO LOG: Apr_14_19: Loading player.rb
 INFO LOG: Apr_14_19: Loading player.commands.rb
 INFO LOG: Apr_14_19: Loading random.rb
 INFO LOG: Apr_14_19: Loading items.rb
 INFO LOG: Apr_14_19: Loading spells.rb
 INFO LOG: Apr_14_19: Loading all zones.
 INFO LOG: Apr_14_19: Starting server.
 INFO LOG: Apr_14_19: CoralMUD is now up on port 4000.
 INFO LOG: Apr_14_19: -- 99.191.82.191:55218 connected to CoralMUD!
 INFO LOG: Apr_14_19: -- 99.191.82.191:55218: Retnur is trying to connect.
 INFO LOG: Apr_14_19: -- 99.191.82.191:55218: Retnur player file found.
 INFO LOG: Apr_14_19: -- Retnur has entered the game.
 INFO LOG: Apr_14_19: -- #<Player:0x00000000e36e58>:99.191.82.191:55218 disconnected from CoralMUD!
 INFO LOG: Apr_14_19: Program closed.
 INFO LOG: Apr_14_19: Logging enabled.   Loading logs.rb.
 INFO LOG: Apr_14_19: Loading utils.rb
 INFO LOG: Apr_14_19: Loading constants.rb
 INFO LOG: Apr_14_19: Loading class_property.rb
 INFO LOG: Apr_14_19: Loading tags.rb
 INFO LOG: Apr_14_19: Loading editor/editors.rb
 INFO LOG: Apr_14_19: Loading editor/editor.strings.rb
 INFO LOG: Apr_14_19: Loading editor/editor.rooms.rb
 INFO LOG: Apr_14_19: Loading editor/editor.exits.rb
 INFO LOG: Apr_14_19: Loading editor/editor.zones.rb
 INFO LOG: Apr_14_19: Loading editor/editor.items.rb
 INFO LOG: Apr_14_19: Loading mxp.rb
 INFO LOG: Apr_14_19: Loading mccp.rb
 INFO LOG: Apr_14_19: Loading flags.rb
 INFO LOG: Apr_14_19: Loading damage.rb
 INFO LOG: Apr_14_19: Loading areas.rb
 INFO LOG: Apr_14_19: Loading event.rb
 INFO LOG: Apr_14_19: Loading automap/automap.rb
 INFO LOG: Apr_14_19: Loading cities.olc.rb
 INFO LOG: Apr_14_19: Loading cities.rb
 INFO LOG: Apr_14_19: Loading sector definitions.
 INFO LOG: Apr_14_19: Loading help.rb
 INFO LOG: Apr_14_19: Loading imcruby.rb
 INFO LOG: Apr_14_19: Loading player.rb
 INFO LOG: Apr_14_19: Loading player.commands.rb
 INFO LOG: Apr_14_19: Loading random.rb
 INFO LOG: Apr_14_19: Loading items.rb
 INFO LOG: Apr_14_19: Loading spells.rb
 INFO LOG: Apr_14_19: Loading all zones.
 INFO LOG: Apr_14_19: Starting server.
 INFO LOG: Apr_14_19: CoralMUD is now up on port 4000.
 INFO LOG: Apr_14_19: -- 99.191.82.191:38917 connected to CoralMUD!
 INFO LOG: Apr_14_19: -- 99.191.82.191:38917: Retnur is trying to connect.
 INFO LOG: Apr_14_19: -- 99.191.82.191:38917: Retnur player file found.
 INFO LOG: Apr_14_19: -- Retnur has entered the game.
 INFO LOG: Apr_14_19: tick!!!
 INFO LOG: Apr_14_19: tick!!!
 INFO LOG: Apr_14_19: tick!!!
 INFO LOG: Apr_14_19: tick!!!
 INFO LOG: Apr_14_19: tick!!!
 INFO LOG: Apr_14_19: Loading items.rb
 INFO LOG: Apr_14_19: -- #<Player:0x0000000219a3c8>:99.191.82.191:38917 disconnected from CoralMUD!
 INFO LOG: Apr_14_19: Logging enabled.   Loading logs.rb.
 INFO LOG: Apr_14_19: Loading utils.rb
 INFO LOG: Apr_14_19: Loading constants.rb
 INFO LOG: Apr_14_19: Loading class_property.rb
 INFO LOG: Apr_14_19: Loading tags.rb
 INFO LOG: Apr_14_19: Loading editor/editors.rb
 INFO LOG: Apr_14_19: Loading editor/editor.strings.rb
 INFO LOG: Apr_14_19: Loading editor/editor.rooms.rb
 INFO LOG: Apr_14_19: Loading editor/editor.exits.rb
 INFO LOG: Apr_14_19: Loading editor/editor.zones.rb
 INFO LOG: Apr_14_19: Loading editor/editor.items.rb
 INFO LOG: Apr_14_19: Loading mxp.rb
 INFO LOG: Apr_14_19: Loading mccp.rb
 INFO LOG: Apr_14_19: Loading flags.rb
 INFO LOG: Apr_14_19: Loading damage.rb
 INFO LOG: Apr_14_19: Loading areas.rb
 INFO LOG: Apr_14_19: Loading event.rb
 INFO LOG: Apr_14_19: Loading automap/automap.rb
 INFO LOG: Apr_14_19: Loading cities.olc.rb
 INFO LOG: Apr_14_19: Loading cities.rb
 INFO LOG: Apr_14_19: Loading sector definitions.
 INFO LOG: Apr_14_19: Loading help.rb
 INFO LOG: Apr_14_19: Loading imcruby.rb
 INFO LOG: Apr_14_19: Loading player.rb
 INFO LOG: Apr_14_19: Loading player.commands.rb
 INFO LOG: Apr_14_19: Loading random.rb
 INFO LOG: Apr_14_19: Loading items.rb
 INFO LOG: Apr_14_19: Loading spells.rb
 INFO LOG: Apr_14_19: Loading all zones.
 INFO LOG: Apr_14_19: Starting server.
 INFO LOG: Apr_14_19: CoralMUD is now up on port 4000.
 INFO LOG: Apr_14_19: -- 99.191.82.191:53529 connected to CoralMUD!
 INFO LOG: Apr_14_19: -- 99.191.82.191:53529: Retnur is trying to connect.
 INFO LOG: Apr_14_19: -- 99.191.82.191:53529: Retnur player file found.
 INFO LOG: Apr_14_19: -- Retnur has entered the game.
 INFO LOG: Apr_14_19: Loading items.rb
 INFO LOG: Apr_14_19: Loading items.rb
 INFO LOG: Apr_14_19: tick!!!
 INFO LOG: Apr_14_19: Loading items.rb
 INFO LOG: Apr_14_19: Loading items.rb
 INFO LOG: Apr_14_19: Loading items.rb
 INFO LOG: Apr_14_19: tick!!!
 INFO LOG: Apr_14_19: Loading items.rb
 INFO LOG: Apr_14_19: Loading items.rb
 INFO LOG: Apr_14_19: -- #<Player:0x00000002884a80>:99.191.82.191:53529 disconnected from CoralMUD!
 INFO LOG: Apr_14_19: Logging enabled.   Loading logs.rb.
 INFO LOG: Apr_14_19: Loading utils.rb
 INFO LOG: Apr_14_19: Loading constants.rb
 INFO LOG: Apr_14_19: Loading class_property.rb
 INFO LOG: Apr_14_19: Loading tags.rb
 INFO LOG: Apr_14_19: Loading editor/editors.rb
 INFO LOG: Apr_14_19: Loading editor/editor.strings.rb
 INFO LOG: Apr_14_19: Loading editor/editor.rooms.rb
 INFO LOG: Apr_14_19: Loading editor/editor.exits.rb
 INFO LOG: Apr_14_19: Loading editor/editor.zones.rb
 INFO LOG: Apr_14_19: Loading editor/editor.items.rb
 INFO LOG: Apr_14_19: Loading mxp.rb
 INFO LOG: Apr_14_19: Loading mccp.rb
 INFO LOG: Apr_14_19: Loading flags.rb
 INFO LOG: Apr_14_19: Loading damage.rb
 INFO LOG: Apr_14_19: Loading areas.rb
 INFO LOG: Apr_14_19: Loading event.rb
 INFO LOG: Apr_14_19: Loading automap/automap.rb
 INFO LOG: Apr_14_19: Loading cities.olc.rb
 INFO LOG: Apr_14_19: Loading cities.rb
 INFO LOG: Apr_14_19: Loading sector definitions.
 INFO LOG: Apr_14_19: Loading help.rb
 INFO LOG: Apr_14_19: Loading imcruby.rb
 INFO LOG: Apr_14_19: Loading player.rb
 INFO LOG: Apr_14_19: Loading player.commands.rb
 INFO LOG: Apr_14_19: Loading random.rb
 INFO LOG: Apr_14_19: Loading items.rb
 INFO LOG: Apr_14_19: Logging enabled.   Loading logs.rb.
 INFO LOG: Apr_14_19: Loading utils.rb
 INFO LOG: Apr_14_19: Loading constants.rb
 INFO LOG: Apr_14_19: Loading class_property.rb
 INFO LOG: Apr_14_19: Loading tags.rb
 INFO LOG: Apr_14_19: Loading editor/editors.rb
 INFO LOG: Apr_14_19: Loading editor/editor.strings.rb
 INFO LOG: Apr_14_19: Loading editor/editor.rooms.rb
 INFO LOG: Apr_14_19: Loading editor/editor.exits.rb
 INFO LOG: Apr_14_19: Loading editor/editor.zones.rb
 INFO LOG: Apr_14_19: Loading editor/editor.items.rb
 INFO LOG: Apr_14_19: Loading mxp.rb
 INFO LOG: Apr_14_19: Loading mccp.rb
 INFO LOG: Apr_14_19: Loading flags.rb
 INFO LOG: Apr_14_19: Loading damage.rb
 INFO LOG: Apr_14_19: Loading areas.rb
 INFO LOG: Apr_14_19: Loading event.rb
 INFO LOG: Apr_14_19: Loading automap/automap.rb
 INFO LOG: Apr_14_19: Loading cities.olc.rb
 INFO LOG: Apr_14_19: Loading cities.rb
 INFO LOG: Apr_14_19: Loading sector definitions.
 INFO LOG: Apr_14_19: Loading help.rb
 INFO LOG: Apr_14_19: Loading imcruby.rb
 INFO LOG: Apr_14_19: Loading player.rb
 INFO LOG: Apr_14_19: Loading player.commands.rb
 INFO LOG: Apr_14_19: Loading random.rb
 INFO LOG: Apr_14_19: Loading items.rb
