 INFO LOG: Apr_21_22:51: Logging enabled.   Loading logs.rb.
 INFO LOG: Apr_21_22:51: Loading facade.rb
 INFO LOG: Apr_21_22:51: Loading utils.rb
 INFO LOG: Apr_21_22:51: Loading constants.rb
 INFO LOG: Apr_21_22:51: Loading class_property.rb
 INFO LOG: Apr_21_22:51: Loading tags.rb
 INFO LOG: Apr_21_22:51: Loading editor/editors.rb
 INFO LOG: Apr_21_22:51: Loading editor/editor.strings.rb
 INFO LOG: Apr_21_22:51: Loading editor/editor.rooms.rb
 INFO LOG: Apr_21_22:51: Loading editor/editor.exits.rb
 INFO LOG: Apr_21_22:51: Loading editor/editor.zones.rb
 INFO LOG: Apr_21_22:51: Loading editor/editor.npc.rb
 INFO LOG: Apr_21_22:51: Loading editor/editor.items.rb
 INFO LOG: Apr_21_22:51: Loading mxp.rb
 INFO LOG: Apr_21_22:51: Loading mccp.rb
 INFO LOG: Apr_21_22:51: Loading flags.rb
 INFO LOG: Apr_21_22:51: Loading damage.rb
 INFO LOG: Apr_21_22:51: Loading areas.rb
 INFO LOG: Apr_21_22:51: Loading event.rb
 INFO LOG: Apr_21_22:51: Loading automap/automap.rb
 INFO LOG: Apr_21_22:51: Loading cities.olc.rb
 INFO LOG: Apr_21_22:51: Loading cities.rb
 INFO LOG: Apr_21_22:51: Loading sector definitions.
 INFO LOG: Apr_21_22:51: Loading help.rb
 INFO LOG: Apr_21_22:51: Loading imcruby.rb
 INFO LOG: Apr_21_22:51: Loading player.rb
 INFO LOG: Apr_21_22:51: Loading commands.rb
 INFO LOG: Apr_21_22:51: Loading random.rb
 INFO LOG: Apr_21_22:51: Loading npc.rb
 INFO LOG: Apr_21_22:51: Loading items.rb
 INFO LOG: Apr_21_22:51: Loading spells.rb
 INFO LOG: Apr_21_22:51: Loading all zones.
 INFO LOG: Apr_21_22:51: Starting server.
 INFO LOG: Apr_21_22:51: CoralMUD is now up on port 4000.
 INFO LOG: Apr_21_22:52: -- 99.191.82.191:40833 connected to CoralMUD!
 INFO LOG: Apr_21_22:52: -- 99.191.82.191:40833: Retnur is trying to connect.
 INFO LOG: Apr_21_22:52: -- 99.191.82.191:40833: Retnur player file found.
 INFO LOG: Apr_21_22:52: -- Retnur has entered the game.
 INFO LOG: Apr_21_22:53: tick!!!
 INFO LOG: Apr_21_22:55: tick!!!
 INFO LOG: Apr_21_22:57: tick!!!
 INFO LOG: Apr_21_22:59: tick!!!
 INFO LOG: Apr_21_23:01: tick!!!
 INFO LOG: Apr_21_23:03: tick!!!
 INFO LOG: Apr_21_23:05: tick!!!
 INFO LOG: Apr_21_23:07: tick!!!
 INFO LOG: Apr_21_23:09: tick!!!
 INFO LOG: Apr_21_23:11: tick!!!
 INFO LOG: Apr_21_23:13: tick!!!
 INFO LOG: Apr_21_23:15: tick!!!
 INFO LOG: Apr_21_23:17: tick!!!
 INFO LOG: Apr_21_23:19: tick!!!
 INFO LOG: Apr_21_23:21: tick!!!
 INFO LOG: Apr_21_23:23: tick!!!
 INFO LOG: Apr_21_23:25: tick!!!
 INFO LOG: Apr_21_23:27: tick!!!
 INFO LOG: Apr_21_23:29: tick!!!
 INFO LOG: Apr_21_23:31: tick!!!
 INFO LOG: Apr_21_23:33: tick!!!
 INFO LOG: Apr_21_23:35: tick!!!
 INFO LOG: Apr_21_23:37: tick!!!
 INFO LOG: Apr_21_23:39: tick!!!
 INFO LOG: Apr_21_23:41: tick!!!
 INFO LOG: Apr_21_23:43: tick!!!
 INFO LOG: Apr_21_23:45: tick!!!
 INFO LOG: Apr_21_23:47: tick!!!
 INFO LOG: Apr_21_23:49: tick!!!
 INFO LOG: Apr_21_23:51: tick!!!
 INFO LOG: Apr_21_23:53: tick!!!
 INFO LOG: Apr_21_23:56: tick!!!
 INFO LOG: Apr_21_23:58: tick!!!
 INFO LOG: Apr_22_00:00: tick!!!
 INFO LOG: Apr_22_00:02: tick!!!
 INFO LOG: Apr_22_00:04: tick!!!
 INFO LOG: Apr_22_00:06: tick!!!
 INFO LOG: Apr_22_00:08: tick!!!
 INFO LOG: Apr_22_00:10: tick!!!
 INFO LOG: Apr_22_00:12: tick!!!
 INFO LOG: Apr_22_00:14: tick!!!
 INFO LOG: Apr_22_00:16: tick!!!
 INFO LOG: Apr_22_00:18: tick!!!
 INFO LOG: Apr_22_00:20: tick!!!
 INFO LOG: Apr_22_00:22: tick!!!
 INFO LOG: Apr_22_00:24: tick!!!
 INFO LOG: Apr_22_00:26: tick!!!
 INFO LOG: Apr_22_00:28: tick!!!
 INFO LOG: Apr_22_00:30: tick!!!
 INFO LOG: Apr_22_00:32: tick!!!
 INFO LOG: Apr_22_00:34: tick!!!
 INFO LOG: Apr_22_00:36: tick!!!
 INFO LOG: Apr_22_00:38: tick!!!
 INFO LOG: Apr_22_00:40: tick!!!
 INFO LOG: Apr_22_00:42: tick!!!
 INFO LOG: Apr_22_00:44: tick!!!
 INFO LOG: Apr_22_00:46: tick!!!
 INFO LOG: Apr_22_00:48: tick!!!
 INFO LOG: Apr_22_00:50: tick!!!
 INFO LOG: Apr_22_00:52: tick!!!
 INFO LOG: Apr_22_00:54: tick!!!
 INFO LOG: Apr_22_00:56: tick!!!
 INFO LOG: Apr_22_00:58: tick!!!
 INFO LOG: Apr_22_01:00: tick!!!
 INFO LOG: Apr_22_01:02: tick!!!
 INFO LOG: Apr_22_01:04: tick!!!
 INFO LOG: Apr_22_01:06: tick!!!
 INFO LOG: Apr_22_01:08: tick!!!
 INFO LOG: Apr_22_01:10: tick!!!
 INFO LOG: Apr_22_01:12: tick!!!
 INFO LOG: Apr_22_01:14: tick!!!
 INFO LOG: Apr_22_01:16: tick!!!
 INFO LOG: Apr_22_01:18: tick!!!
 INFO LOG: Apr_22_01:20: tick!!!
 INFO LOG: Apr_22_01:22: tick!!!
 INFO LOG: Apr_22_01:24: tick!!!
 INFO LOG: Apr_22_01:26: tick!!!
 INFO LOG: Apr_22_01:28: tick!!!
 INFO LOG: Apr_22_01:30: tick!!!
 INFO LOG: Apr_22_01:32: tick!!!
 INFO LOG: Apr_22_01:34: tick!!!
 INFO LOG: Apr_22_01:36: tick!!!
 INFO LOG: Apr_22_01:38: tick!!!
 INFO LOG: Apr_22_01:40: tick!!!
 INFO LOG: Apr_22_01:42: tick!!!
 INFO LOG: Apr_22_01:44: tick!!!
 INFO LOG: Apr_22_01:46: tick!!!
 INFO LOG: Apr_22_01:48: tick!!!
 INFO LOG: Apr_22_01:50: tick!!!
 INFO LOG: Apr_22_01:52: tick!!!
 INFO LOG: Apr_22_01:54: tick!!!
 INFO LOG: Apr_22_01:56: tick!!!
 INFO LOG: Apr_22_01:58: tick!!!
 INFO LOG: Apr_22_02:00: tick!!!
 INFO LOG: Apr_22_02:02: tick!!!
 INFO LOG: Apr_22_02:04: tick!!!
 INFO LOG: Apr_22_02:06: tick!!!
 INFO LOG: Apr_22_02:08: tick!!!
 INFO LOG: Apr_22_02:10: tick!!!
 INFO LOG: Apr_22_02:12: tick!!!
 INFO LOG: Apr_22_02:14: tick!!!
 INFO LOG: Apr_22_02:16: tick!!!
 INFO LOG: Apr_22_02:18: tick!!!
 INFO LOG: Apr_22_02:20: tick!!!
 INFO LOG: Apr_22_02:22: tick!!!
 INFO LOG: Apr_22_02:24: tick!!!
 INFO LOG: Apr_22_02:26: tick!!!
 INFO LOG: Apr_22_02:28: tick!!!
 INFO LOG: Apr_22_02:30: tick!!!
 INFO LOG: Apr_22_02:32: tick!!!
 INFO LOG: Apr_22_02:34: tick!!!
 INFO LOG: Apr_22_02:36: tick!!!
 INFO LOG: Apr_22_02:38: tick!!!
 INFO LOG: Apr_22_02:40: tick!!!
 INFO LOG: Apr_22_02:42: tick!!!
 INFO LOG: Apr_22_02:44: tick!!!
 INFO LOG: Apr_22_02:46: tick!!!
 INFO LOG: Apr_22_02:48: tick!!!
 INFO LOG: Apr_22_02:50: tick!!!
 INFO LOG: Apr_22_02:52: tick!!!
 INFO LOG: Apr_22_02:54: tick!!!
 INFO LOG: Apr_22_02:56: tick!!!
 INFO LOG: Apr_22_02:58: tick!!!
 INFO LOG: Apr_22_03:00: tick!!!
 INFO LOG: Apr_22_03:02: tick!!!
 INFO LOG: Apr_22_03:04: tick!!!
 INFO LOG: Apr_22_03:06: tick!!!
 INFO LOG: Apr_22_03:08: tick!!!
 INFO LOG: Apr_22_03:10: tick!!!
 INFO LOG: Apr_22_03:12: tick!!!
 INFO LOG: Apr_22_03:14: tick!!!
 INFO LOG: Apr_22_03:16: tick!!!
 INFO LOG: Apr_22_03:18: tick!!!
 INFO LOG: Apr_22_03:20: tick!!!
 INFO LOG: Apr_22_03:22: tick!!!
 INFO LOG: Apr_22_03:24: tick!!!
 INFO LOG: Apr_22_03:26: tick!!!
 INFO LOG: Apr_22_03:28: tick!!!
 INFO LOG: Apr_22_03:30: tick!!!
 INFO LOG: Apr_22_03:32: tick!!!
 INFO LOG: Apr_22_03:34: tick!!!
 INFO LOG: Apr_22_03:36: tick!!!
 INFO LOG: Apr_22_03:38: tick!!!
 INFO LOG: Apr_22_03:40: tick!!!
 INFO LOG: Apr_22_03:42: tick!!!
 INFO LOG: Apr_22_03:44: tick!!!
 INFO LOG: Apr_22_03:46: tick!!!
 INFO LOG: Apr_22_03:48: tick!!!
 INFO LOG: Apr_22_03:50: tick!!!
 INFO LOG: Apr_22_03:52: tick!!!
 INFO LOG: Apr_22_03:54: tick!!!
 INFO LOG: Apr_22_03:56: tick!!!
 INFO LOG: Apr_22_03:58: tick!!!
 INFO LOG: Apr_22_04:00: tick!!!
 INFO LOG: Apr_22_04:02: tick!!!
 INFO LOG: Apr_22_04:04: tick!!!
 INFO LOG: Apr_22_04:06: tick!!!
 INFO LOG: Apr_22_04:08: tick!!!
 INFO LOG: Apr_22_04:10: tick!!!
 INFO LOG: Apr_22_04:12: tick!!!
 INFO LOG: Apr_22_04:14: tick!!!
 INFO LOG: Apr_22_04:16: tick!!!
 INFO LOG: Apr_22_04:18: tick!!!
 INFO LOG: Apr_22_04:20: tick!!!
 INFO LOG: Apr_22_04:22: tick!!!
 INFO LOG: Apr_22_04:24: tick!!!
 INFO LOG: Apr_22_04:26: tick!!!
 INFO LOG: Apr_22_04:28: tick!!!
 INFO LOG: Apr_22_04:30: tick!!!
 INFO LOG: Apr_22_04:32: tick!!!
 INFO LOG: Apr_22_04:34: tick!!!
 INFO LOG: Apr_22_04:36: tick!!!
 INFO LOG: Apr_22_04:38: tick!!!
 INFO LOG: Apr_22_04:40: tick!!!
 INFO LOG: Apr_22_04:42: tick!!!
 INFO LOG: Apr_22_04:44: tick!!!
 INFO LOG: Apr_22_04:46: tick!!!
 INFO LOG: Apr_22_04:48: tick!!!
 INFO LOG: Apr_22_04:50: tick!!!
 INFO LOG: Apr_22_04:52: tick!!!
 INFO LOG: Apr_22_04:54: tick!!!
 INFO LOG: Apr_22_04:56: tick!!!
 INFO LOG: Apr_22_04:58: tick!!!
 INFO LOG: Apr_22_05:00: tick!!!
 INFO LOG: Apr_22_05:02: tick!!!
 INFO LOG: Apr_22_05:04: tick!!!
 INFO LOG: Apr_22_05:06: tick!!!
 INFO LOG: Apr_22_05:08: tick!!!
 INFO LOG: Apr_22_05:10: tick!!!
 INFO LOG: Apr_22_05:12: tick!!!
 INFO LOG: Apr_22_05:14: tick!!!
 INFO LOG: Apr_22_05:16: tick!!!
 INFO LOG: Apr_22_05:18: tick!!!
 INFO LOG: Apr_22_05:20: tick!!!
 INFO LOG: Apr_22_05:22: tick!!!
 INFO LOG: Apr_22_05:24: tick!!!
 INFO LOG: Apr_22_05:26: tick!!!
 INFO LOG: Apr_22_05:28: tick!!!
 INFO LOG: Apr_22_05:30: tick!!!
 INFO LOG: Apr_22_05:32: tick!!!
 INFO LOG: Apr_22_05:34: tick!!!
 INFO LOG: Apr_22_05:36: tick!!!
 INFO LOG: Apr_22_05:38: tick!!!
 INFO LOG: Apr_22_05:40: tick!!!
 INFO LOG: Apr_22_05:42: tick!!!
 INFO LOG: Apr_22_05:44: tick!!!
 INFO LOG: Apr_22_05:46: tick!!!
 INFO LOG: Apr_22_05:48: tick!!!
 INFO LOG: Apr_22_05:50: tick!!!
 INFO LOG: Apr_22_05:52: tick!!!
 INFO LOG: Apr_22_05:54: tick!!!
 INFO LOG: Apr_22_05:56: tick!!!
 INFO LOG: Apr_22_05:58: tick!!!
 INFO LOG: Apr_22_06:00: tick!!!
 INFO LOG: Apr_22_06:02: tick!!!
 INFO LOG: Apr_22_06:04: tick!!!
 INFO LOG: Apr_22_06:06: tick!!!
 INFO LOG: Apr_22_06:08: tick!!!
 INFO LOG: Apr_22_06:10: tick!!!
 INFO LOG: Apr_22_06:12: tick!!!
 INFO LOG: Apr_22_06:14: tick!!!
 INFO LOG: Apr_22_06:16: tick!!!
 INFO LOG: Apr_22_06:18: tick!!!
 INFO LOG: Apr_22_06:20: tick!!!
 INFO LOG: Apr_22_06:22: tick!!!
 INFO LOG: Apr_22_06:24: tick!!!
 INFO LOG: Apr_22_06:26: tick!!!
 INFO LOG: Apr_22_06:28: tick!!!
 INFO LOG: Apr_22_06:30: tick!!!
 INFO LOG: Apr_22_06:32: tick!!!
 INFO LOG: Apr_22_06:34: tick!!!
 INFO LOG: Apr_22_06:36: tick!!!
 INFO LOG: Apr_22_06:38: tick!!!
 INFO LOG: Apr_22_06:40: tick!!!
 INFO LOG: Apr_22_06:42: tick!!!
 INFO LOG: Apr_22_06:44: tick!!!
 INFO LOG: Apr_22_06:46: tick!!!
 INFO LOG: Apr_22_06:48: tick!!!
 INFO LOG: Apr_22_06:50: tick!!!
 INFO LOG: Apr_22_06:52: tick!!!
 INFO LOG: Apr_22_06:54: tick!!!
 INFO LOG: Apr_22_06:56: tick!!!
 INFO LOG: Apr_22_06:58: tick!!!
 INFO LOG: Apr_22_07:00: tick!!!
 INFO LOG: Apr_22_07:02: tick!!!
 INFO LOG: Apr_22_07:04: tick!!!
 INFO LOG: Apr_22_07:06: tick!!!
 INFO LOG: Apr_22_07:08: tick!!!
 INFO LOG: Apr_22_07:10: tick!!!
 INFO LOG: Apr_22_07:12: tick!!!
 INFO LOG: Apr_22_07:14: tick!!!
 INFO LOG: Apr_22_07:16: tick!!!
 INFO LOG: Apr_22_07:18: tick!!!
 INFO LOG: Apr_22_07:20: tick!!!
 INFO LOG: Apr_22_07:22: tick!!!
 INFO LOG: Apr_22_07:24: tick!!!
 INFO LOG: Apr_22_07:26: tick!!!
 INFO LOG: Apr_22_07:28: tick!!!
 INFO LOG: Apr_22_07:30: tick!!!
 INFO LOG: Apr_22_07:32: tick!!!
 INFO LOG: Apr_22_07:34: tick!!!
 INFO LOG: Apr_22_07:36: tick!!!
 INFO LOG: Apr_22_07:38: tick!!!
 INFO LOG: Apr_22_07:40: tick!!!
 INFO LOG: Apr_22_07:42: tick!!!
 INFO LOG: Apr_22_07:44: tick!!!
 INFO LOG: Apr_22_07:46: tick!!!
 INFO LOG: Apr_22_07:48: tick!!!
 INFO LOG: Apr_22_07:50: tick!!!
 INFO LOG: Apr_22_07:52: tick!!!
 INFO LOG: Apr_22_07:54: tick!!!
 INFO LOG: Apr_22_07:56: tick!!!
 INFO LOG: Apr_22_07:58: tick!!!
 INFO LOG: Apr_22_08:00: tick!!!
 INFO LOG: Apr_22_08:02: tick!!!
 INFO LOG: Apr_22_08:04: tick!!!
 INFO LOG: Apr_22_08:06: tick!!!
 INFO LOG: Apr_22_08:08: tick!!!
 INFO LOG: Apr_22_08:10: tick!!!
 INFO LOG: Apr_22_08:12: tick!!!
 INFO LOG: Apr_22_08:14: tick!!!
 INFO LOG: Apr_22_08:16: tick!!!
 INFO LOG: Apr_22_08:18: tick!!!
 INFO LOG: Apr_22_08:20: tick!!!
 INFO LOG: Apr_22_08:22: tick!!!
 INFO LOG: Apr_22_08:24: tick!!!
 INFO LOG: Apr_22_08:26: tick!!!
 INFO LOG: Apr_22_08:28: tick!!!
 INFO LOG: Apr_22_08:30: tick!!!
 INFO LOG: Apr_22_08:32: tick!!!
 INFO LOG: Apr_22_08:34: tick!!!
 INFO LOG: Apr_22_08:36: tick!!!
 INFO LOG: Apr_22_08:38: tick!!!
 INFO LOG: Apr_22_08:40: tick!!!
 INFO LOG: Apr_22_08:42: tick!!!
 INFO LOG: Apr_22_08:44: tick!!!
 INFO LOG: Apr_22_08:46: tick!!!
 INFO LOG: Apr_22_08:48: tick!!!
 INFO LOG: Apr_22_08:50: tick!!!
 INFO LOG: Apr_22_08:52: tick!!!
 INFO LOG: Apr_22_08:54: tick!!!
 INFO LOG: Apr_22_08:56: tick!!!
 INFO LOG: Apr_22_08:58: tick!!!
 INFO LOG: Apr_22_09:00: tick!!!
 INFO LOG: Apr_22_09:02: tick!!!
 INFO LOG: Apr_22_09:04: tick!!!
 INFO LOG: Apr_22_09:06: tick!!!
 INFO LOG: Apr_22_09:08: tick!!!
 INFO LOG: Apr_22_09:10: tick!!!
 INFO LOG: Apr_22_09:12: tick!!!
 INFO LOG: Apr_22_09:14: tick!!!
 INFO LOG: Apr_22_09:16: tick!!!
 INFO LOG: Apr_22_09:18: tick!!!
 INFO LOG: Apr_22_09:20: tick!!!
 INFO LOG: Apr_22_09:22: tick!!!
 INFO LOG: Apr_22_09:24: tick!!!
 INFO LOG: Apr_22_09:26: tick!!!
 INFO LOG: Apr_22_09:28: tick!!!
 INFO LOG: Apr_22_09:30: tick!!!
 INFO LOG: Apr_22_09:32: tick!!!
 INFO LOG: Apr_22_09:34: tick!!!
 INFO LOG: Apr_22_09:36: tick!!!
 INFO LOG: Apr_22_09:38: tick!!!
 INFO LOG: Apr_22_09:40: tick!!!
 INFO LOG: Apr_22_09:42: tick!!!
 INFO LOG: Apr_22_09:44: tick!!!
 INFO LOG: Apr_22_09:46: tick!!!
 INFO LOG: Apr_22_09:48: tick!!!
 INFO LOG: Apr_22_09:50: tick!!!
 INFO LOG: Apr_22_09:52: tick!!!
 INFO LOG: Apr_22_09:54: tick!!!
 INFO LOG: Apr_22_09:56: tick!!!
 INFO LOG: Apr_22_09:58: tick!!!
 INFO LOG: Apr_22_10:00: tick!!!
 INFO LOG: Apr_22_10:02: tick!!!
 INFO LOG: Apr_22_10:04: tick!!!
 INFO LOG: Apr_22_10:06: tick!!!
 INFO LOG: Apr_22_10:08: tick!!!
 INFO LOG: Apr_22_10:10: tick!!!
 INFO LOG: Apr_22_10:12: tick!!!
 INFO LOG: Apr_22_10:14: tick!!!
 INFO LOG: Apr_22_10:16: tick!!!
 INFO LOG: Apr_22_10:18: tick!!!
 INFO LOG: Apr_22_10:20: tick!!!
 INFO LOG: Apr_22_10:22: tick!!!
 INFO LOG: Apr_22_10:24: tick!!!
 INFO LOG: Apr_22_10:26: tick!!!
 INFO LOG: Apr_22_10:28: tick!!!
 INFO LOG: Apr_22_10:30: tick!!!
 INFO LOG: Apr_22_10:32: tick!!!
 INFO LOG: Apr_22_10:34: tick!!!
 INFO LOG: Apr_22_10:36: tick!!!
 INFO LOG: Apr_22_10:38: tick!!!
 INFO LOG: Apr_22_10:40: tick!!!
 INFO LOG: Apr_22_10:42: tick!!!
 INFO LOG: Apr_22_10:44: tick!!!
 INFO LOG: Apr_22_10:46: tick!!!
 INFO LOG: Apr_22_10:48: tick!!!
 INFO LOG: Apr_22_10:50: tick!!!
 INFO LOG: Apr_22_10:52: tick!!!
 INFO LOG: Apr_22_10:54: tick!!!
 INFO LOG: Apr_22_10:56: tick!!!
 INFO LOG: Apr_22_10:58: tick!!!
 INFO LOG: Apr_22_11:00: tick!!!
 INFO LOG: Apr_22_11:02: tick!!!
 INFO LOG: Apr_22_11:04: tick!!!
 INFO LOG: Apr_22_11:06: tick!!!
 INFO LOG: Apr_22_11:08: tick!!!
 INFO LOG: Apr_22_11:10: tick!!!
 INFO LOG: Apr_22_11:12: tick!!!
 INFO LOG: Apr_22_11:14: tick!!!
 INFO LOG: Apr_22_11:16: tick!!!
 INFO LOG: Apr_22_11:18: tick!!!
 INFO LOG: Apr_22_11:20: tick!!!
 INFO LOG: Apr_22_11:22: tick!!!
 INFO LOG: Apr_22_11:24: tick!!!
 INFO LOG: Apr_22_11:26: tick!!!
 INFO LOG: Apr_22_11:28: tick!!!
 INFO LOG: Apr_22_11:30: tick!!!
 INFO LOG: Apr_22_11:32: tick!!!
 INFO LOG: Apr_22_11:34: tick!!!
 INFO LOG: Apr_22_11:36: tick!!!
 INFO LOG: Apr_22_11:38: tick!!!
 INFO LOG: Apr_22_11:40: tick!!!
 INFO LOG: Apr_22_11:42: tick!!!
 INFO LOG: Apr_22_11:44: tick!!!
 INFO LOG: Apr_22_11:46: tick!!!
 INFO LOG: Apr_22_11:48: tick!!!
 INFO LOG: Apr_22_11:50: tick!!!
 INFO LOG: Apr_22_11:52: tick!!!
 INFO LOG: Apr_22_11:54: tick!!!
 INFO LOG: Apr_22_11:56: tick!!!
 INFO LOG: Apr_22_11:58: tick!!!
 INFO LOG: Apr_22_12:00: tick!!!
 INFO LOG: Apr_22_12:02: tick!!!
 INFO LOG: Apr_22_12:04: tick!!!
 INFO LOG: Apr_22_12:06: tick!!!
 INFO LOG: Apr_22_12:08: tick!!!
 INFO LOG: Apr_22_12:10: tick!!!
 INFO LOG: Apr_22_12:12: tick!!!
 INFO LOG: Apr_22_12:14: tick!!!
 INFO LOG: Apr_22_12:16: tick!!!
 INFO LOG: Apr_22_12:18: tick!!!
 INFO LOG: Apr_22_12:20: tick!!!
 INFO LOG: Apr_22_12:22: tick!!!
 INFO LOG: Apr_22_12:24: tick!!!
 INFO LOG: Apr_22_12:26: tick!!!
 INFO LOG: Apr_22_12:28: tick!!!
 INFO LOG: Apr_22_12:30: tick!!!
 INFO LOG: Apr_22_12:32: tick!!!
 INFO LOG: Apr_22_12:34: tick!!!
 INFO LOG: Apr_22_12:36: tick!!!
 INFO LOG: Apr_22_12:38: tick!!!
 INFO LOG: Apr_22_12:40: tick!!!
 INFO LOG: Apr_22_12:42: tick!!!
 INFO LOG: Apr_22_12:44: tick!!!
 INFO LOG: Apr_22_12:46: tick!!!
 INFO LOG: Apr_22_12:48: tick!!!
 INFO LOG: Apr_22_12:50: tick!!!
 INFO LOG: Apr_22_12:52: tick!!!
 INFO LOG: Apr_22_12:54: tick!!!
 INFO LOG: Apr_22_12:56: tick!!!
 INFO LOG: Apr_22_12:58: tick!!!
 INFO LOG: Apr_22_13:00: tick!!!
 INFO LOG: Apr_22_13:02: tick!!!
 INFO LOG: Apr_22_13:04: tick!!!
 INFO LOG: Apr_22_13:06: tick!!!
 INFO LOG: Apr_22_13:08: tick!!!
 INFO LOG: Apr_22_13:10: tick!!!
 INFO LOG: Apr_22_13:12: tick!!!
 INFO LOG: Apr_22_13:14: tick!!!
 INFO LOG: Apr_22_13:16: tick!!!
 INFO LOG: Apr_22_13:18: tick!!!
 INFO LOG: Apr_22_13:20: tick!!!
 INFO LOG: Apr_22_13:22: tick!!!
 INFO LOG: Apr_22_13:24: tick!!!
 INFO LOG: Apr_22_13:26: tick!!!
 INFO LOG: Apr_22_13:28: tick!!!
 INFO LOG: Apr_22_13:30: tick!!!
 INFO LOG: Apr_22_13:32: tick!!!
 INFO LOG: Apr_22_13:34: tick!!!
 INFO LOG: Apr_22_13:36: tick!!!
 INFO LOG: Apr_22_13:38: tick!!!
 INFO LOG: Apr_22_13:40: tick!!!
 INFO LOG: Apr_22_13:42: tick!!!
 INFO LOG: Apr_22_13:44: tick!!!
 INFO LOG: Apr_22_13:46: tick!!!
 INFO LOG: Apr_22_13:48: tick!!!
 INFO LOG: Apr_22_13:50: tick!!!
 INFO LOG: Apr_22_13:52: tick!!!
 INFO LOG: Apr_22_13:54: tick!!!
 INFO LOG: Apr_22_13:56: tick!!!
 INFO LOG: Apr_22_13:58: tick!!!
 INFO LOG: Apr_22_14:00: tick!!!
 INFO LOG: Apr_22_14:02: tick!!!
 INFO LOG: Apr_22_14:04: tick!!!
 INFO LOG: Apr_22_14:06: tick!!!
 INFO LOG: Apr_22_14:08: tick!!!
 INFO LOG: Apr_22_14:10: tick!!!
 INFO LOG: Apr_22_14:12: tick!!!
 INFO LOG: Apr_22_14:14: tick!!!
 INFO LOG: Apr_22_14:16: tick!!!
 INFO LOG: Apr_22_14:18: tick!!!
 INFO LOG: Apr_22_14:20: tick!!!
 INFO LOG: Apr_22_14:22: tick!!!
 INFO LOG: Apr_22_14:24: tick!!!
 INFO LOG: Apr_22_14:26: tick!!!
 INFO LOG: Apr_22_14:28: tick!!!
 INFO LOG: Apr_22_14:30: tick!!!
 INFO LOG: Apr_22_14:32: tick!!!
 INFO LOG: Apr_22_14:34: tick!!!
 INFO LOG: Apr_22_14:36: tick!!!
 INFO LOG: Apr_22_14:38: tick!!!
 INFO LOG: Apr_22_14:40: tick!!!
 INFO LOG: Apr_22_14:42: tick!!!
 INFO LOG: Apr_22_14:44: tick!!!
 INFO LOG: Apr_22_14:46: tick!!!
 INFO LOG: Apr_22_14:48: tick!!!
 INFO LOG: Apr_22_14:50: tick!!!
 INFO LOG: Apr_22_14:52: tick!!!
 INFO LOG: Apr_22_14:54: tick!!!
 INFO LOG: Apr_22_14:56: tick!!!
 INFO LOG: Apr_22_14:58: tick!!!
 INFO LOG: Apr_22_15:00: tick!!!
 INFO LOG: Apr_22_15:02: tick!!!
 INFO LOG: Apr_22_15:04: tick!!!
 INFO LOG: Apr_22_15:06: tick!!!
 INFO LOG: Apr_22_15:08: tick!!!
 INFO LOG: Apr_22_15:10: tick!!!
 INFO LOG: Apr_22_15:12: tick!!!
 INFO LOG: Apr_22_15:14: tick!!!
 INFO LOG: Apr_22_15:16: tick!!!
 INFO LOG: Apr_22_15:18: tick!!!
 INFO LOG: Apr_22_15:20: tick!!!
 INFO LOG: Apr_22_15:22: tick!!!
 INFO LOG: Apr_22_15:24: tick!!!
 INFO LOG: Apr_22_15:26: tick!!!
 INFO LOG: Apr_22_15:28: tick!!!
 INFO LOG: Apr_22_15:30: tick!!!
 INFO LOG: Apr_22_15:32: tick!!!
 INFO LOG: Apr_22_15:34: tick!!!
 INFO LOG: Apr_22_15:36: tick!!!
 INFO LOG: Apr_22_15:38: tick!!!
 INFO LOG: Apr_22_15:40: tick!!!
 INFO LOG: Apr_22_15:42: tick!!!
 INFO LOG: Apr_22_15:44: tick!!!
 INFO LOG: Apr_22_15:46: tick!!!
 INFO LOG: Apr_22_15:48: tick!!!
 INFO LOG: Apr_22_15:50: tick!!!
 INFO LOG: Apr_22_15:52: tick!!!
 INFO LOG: Apr_22_15:54: tick!!!
 INFO LOG: Apr_22_15:56: tick!!!
 INFO LOG: Apr_22_15:58: tick!!!
 INFO LOG: Apr_22_16:00: tick!!!
 INFO LOG: Apr_22_16:02: tick!!!
 INFO LOG: Apr_22_16:04: tick!!!
 INFO LOG: Apr_22_16:06: tick!!!
 INFO LOG: Apr_22_16:08: tick!!!
 INFO LOG: Apr_22_16:10: tick!!!
 INFO LOG: Apr_22_16:12: tick!!!
 INFO LOG: Apr_22_16:14: tick!!!
 INFO LOG: Apr_22_16:16: tick!!!
 INFO LOG: Apr_22_16:18: tick!!!
 INFO LOG: Apr_22_16:20: tick!!!
 INFO LOG: Apr_22_16:22: tick!!!
 INFO LOG: Apr_22_16:24: tick!!!
 INFO LOG: Apr_22_16:26: tick!!!
 INFO LOG: Apr_22_16:28: tick!!!
 INFO LOG: Apr_22_16:30: tick!!!
 INFO LOG: Apr_22_16:32: tick!!!
 INFO LOG: Apr_22_16:34: tick!!!
 INFO LOG: Apr_22_16:36: tick!!!
 INFO LOG: Apr_22_16:38: tick!!!
 INFO LOG: Apr_22_16:40: tick!!!
 INFO LOG: Apr_22_16:42: tick!!!
 INFO LOG: Apr_22_16:44: tick!!!
 INFO LOG: Apr_22_16:46: tick!!!
 INFO LOG: Apr_22_16:48: tick!!!
 INFO LOG: Apr_22_16:50: tick!!!
 INFO LOG: Apr_22_16:52: tick!!!
 INFO LOG: Apr_22_16:54: tick!!!
 INFO LOG: Apr_22_16:56: tick!!!
 INFO LOG: Apr_22_16:58: tick!!!
 INFO LOG: Apr_22_17:00: tick!!!
 INFO LOG: Apr_22_17:02: tick!!!
 INFO LOG: Apr_22_17:04: tick!!!
 INFO LOG: Apr_22_17:06: tick!!!
 INFO LOG: Apr_22_17:08: tick!!!
 INFO LOG: Apr_22_17:10: tick!!!
 INFO LOG: Apr_22_17:12: tick!!!
 INFO LOG: Apr_22_17:14: tick!!!
 INFO LOG: Apr_22_17:16: tick!!!
 INFO LOG: Apr_22_17:18: tick!!!
 INFO LOG: Apr_22_17:20: tick!!!
 INFO LOG: Apr_22_17:22: tick!!!
 INFO LOG: Apr_22_17:24: tick!!!
 INFO LOG: Apr_22_17:26: tick!!!
 INFO LOG: Apr_22_17:28: tick!!!
 INFO LOG: Apr_22_17:30: tick!!!
 INFO LOG: Apr_22_17:32: tick!!!
 INFO LOG: Apr_22_17:34: tick!!!
 INFO LOG: Apr_22_17:36: tick!!!
 INFO LOG: Apr_22_17:38: tick!!!
 INFO LOG: Apr_22_17:40: tick!!!
 INFO LOG: Apr_22_17:42: tick!!!
 INFO LOG: Apr_22_17:44: tick!!!
 INFO LOG: Apr_22_17:46: tick!!!
 INFO LOG: Apr_22_17:48: tick!!!
 INFO LOG: Apr_22_17:50: tick!!!
 INFO LOG: Apr_22_17:52: tick!!!
 INFO LOG: Apr_22_17:54: tick!!!
 INFO LOG: Apr_22_17:56: tick!!!
 INFO LOG: Apr_22_17:58: tick!!!
 INFO LOG: Apr_22_18:00: tick!!!
 INFO LOG: Apr_22_18:02: tick!!!
 INFO LOG: Apr_22_18:04: tick!!!
 INFO LOG: Apr_22_18:06: tick!!!
 INFO LOG: Apr_22_18:08: tick!!!
 INFO LOG: Apr_22_18:10: tick!!!
 INFO LOG: Apr_22_18:12: tick!!!
 INFO LOG: Apr_22_18:14: tick!!!
 INFO LOG: Apr_22_18:16: tick!!!
 INFO LOG: Apr_22_18:18: tick!!!
 INFO LOG: Apr_22_18:20: tick!!!
 INFO LOG: Apr_22_18:22: tick!!!
 INFO LOG: Apr_22_18:24: tick!!!
 INFO LOG: Apr_22_18:26: tick!!!
 INFO LOG: Apr_22_18:28: tick!!!
 INFO LOG: Apr_22_18:30: tick!!!
 INFO LOG: Apr_22_18:32: tick!!!
 INFO LOG: Apr_22_18:34: tick!!!
 INFO LOG: Apr_22_18:36: tick!!!
 INFO LOG: Apr_22_18:38: tick!!!
 INFO LOG: Apr_22_18:40: tick!!!
 INFO LOG: Apr_22_18:42: tick!!!
 INFO LOG: Apr_22_18:44: tick!!!
 INFO LOG: Apr_22_18:46: tick!!!
 INFO LOG: Apr_22_18:48: tick!!!
 INFO LOG: Apr_22_18:50: tick!!!
 INFO LOG: Apr_22_18:52: tick!!!
 INFO LOG: Apr_22_18:54: tick!!!
 INFO LOG: Apr_22_18:56: tick!!!
 INFO LOG: Apr_22_18:58: tick!!!
 INFO LOG: Apr_22_19:00: tick!!!
 INFO LOG: Apr_22_19:02: tick!!!
 INFO LOG: Apr_22_19:04: tick!!!
 INFO LOG: Apr_22_19:06: tick!!!
 INFO LOG: Apr_22_19:08: tick!!!
 INFO LOG: Apr_22_19:10: tick!!!
 INFO LOG: Apr_22_19:12: tick!!!
 INFO LOG: Apr_22_19:14: tick!!!
 INFO LOG: Apr_22_19:16: tick!!!
 INFO LOG: Apr_22_19:18: tick!!!
 INFO LOG: Apr_22_19:20: tick!!!
 INFO LOG: Apr_22_19:22: tick!!!
 INFO LOG: Apr_22_19:24: tick!!!
 INFO LOG: Apr_22_19:26: tick!!!
 INFO LOG: Apr_22_19:28: tick!!!
 INFO LOG: Apr_22_19:30: tick!!!
 INFO LOG: Apr_22_19:32: tick!!!
 INFO LOG: Apr_22_19:34: tick!!!
 INFO LOG: Apr_22_19:36: tick!!!
 INFO LOG: Apr_22_19:38: tick!!!
 INFO LOG: Apr_22_19:40: tick!!!
 INFO LOG: Apr_22_19:42: tick!!!
 INFO LOG: Apr_22_19:44: tick!!!
 INFO LOG: Apr_22_19:46: tick!!!
 INFO LOG: Apr_22_19:48: tick!!!
 INFO LOG: Apr_22_19:50: tick!!!
 INFO LOG: Apr_22_19:52: tick!!!
 INFO LOG: Apr_22_19:54: tick!!!
 INFO LOG: Apr_22_19:56: tick!!!
 INFO LOG: Apr_22_19:58: tick!!!
 INFO LOG: Apr_22_20:00: tick!!!
 INFO LOG: Apr_22_20:02: tick!!!
 INFO LOG: Apr_22_20:04: tick!!!
 INFO LOG: Apr_22_20:06: tick!!!
 INFO LOG: Apr_22_20:08: tick!!!
 INFO LOG: Apr_22_20:10: tick!!!
 INFO LOG: Apr_22_20:12: tick!!!
 INFO LOG: Apr_22_20:14: tick!!!
 INFO LOG: Apr_22_20:16: tick!!!
 INFO LOG: Apr_22_20:18: tick!!!
 INFO LOG: Apr_22_20:20: tick!!!
 INFO LOG: Apr_22_20:22: tick!!!
 INFO LOG: Apr_22_20:24: tick!!!
 INFO LOG: Apr_22_20:26: tick!!!
 INFO LOG: Apr_22_20:28: tick!!!
 INFO LOG: Apr_22_20:30: tick!!!
 INFO LOG: Apr_22_20:32: tick!!!
 INFO LOG: Apr_22_20:34: tick!!!
 INFO LOG: Apr_22_20:36: tick!!!
 INFO LOG: Apr_22_20:38: tick!!!
 INFO LOG: Apr_22_20:40: tick!!!
 INFO LOG: Apr_22_20:42: tick!!!
 INFO LOG: Apr_22_20:44: tick!!!
 INFO LOG: Apr_22_20:46: tick!!!
 INFO LOG: Apr_22_20:48: tick!!!
 INFO LOG: Apr_22_20:50: tick!!!
 INFO LOG: Apr_22_20:52: tick!!!
 INFO LOG: Apr_22_20:54: tick!!!
 INFO LOG: Apr_22_20:56: tick!!!
 INFO LOG: Apr_22_20:58: tick!!!
 INFO LOG: Apr_22_21:00: tick!!!
 INFO LOG: Apr_22_21:02: tick!!!
 INFO LOG: Apr_22_21:04: tick!!!
 INFO LOG: Apr_22_21:06: tick!!!
 INFO LOG: Apr_22_21:08: tick!!!
 INFO LOG: Apr_22_21:10: tick!!!
 INFO LOG: Apr_22_21:12: tick!!!
 INFO LOG: Apr_22_21:14: tick!!!
 INFO LOG: Apr_22_21:16: tick!!!
 INFO LOG: Apr_22_21:18: tick!!!
 INFO LOG: Apr_22_21:20: tick!!!
 INFO LOG: Apr_22_21:22: tick!!!
 INFO LOG: Apr_22_21:24: tick!!!
 INFO LOG: Apr_22_21:26: tick!!!
 INFO LOG: Apr_22_21:28: tick!!!
 INFO LOG: Apr_22_21:30: tick!!!
 INFO LOG: Apr_22_21:32: tick!!!
 INFO LOG: Apr_22_21:34: tick!!!
 INFO LOG: Apr_22_21:36: tick!!!
 INFO LOG: Apr_22_21:38: tick!!!
 INFO LOG: Apr_22_21:40: tick!!!
 INFO LOG: Apr_22_21:42: tick!!!
 INFO LOG: Apr_22_21:44: tick!!!
 INFO LOG: Apr_22_21:46: tick!!!
 INFO LOG: Apr_22_21:48: tick!!!
 INFO LOG: Apr_22_21:50: tick!!!
 INFO LOG: Apr_22_21:52: tick!!!
 INFO LOG: Apr_22_21:54: tick!!!
 INFO LOG: Apr_22_21:56: tick!!!
 INFO LOG: Apr_22_21:58: tick!!!
 INFO LOG: Apr_22_22:00: tick!!!
 INFO LOG: Apr_22_22:02: tick!!!
 INFO LOG: Apr_22_22:04: tick!!!
 INFO LOG: Apr_22_22:06: tick!!!
 INFO LOG: Apr_22_22:08: tick!!!
 INFO LOG: Apr_22_22:10: tick!!!
 INFO LOG: Apr_22_22:12: tick!!!
 INFO LOG: Apr_22_22:14: tick!!!
 INFO LOG: Apr_22_22:16: tick!!!
 INFO LOG: Apr_22_22:18: tick!!!
 INFO LOG: Apr_22_22:20: tick!!!
 INFO LOG: Apr_22_22:22: tick!!!
 INFO LOG: Apr_22_22:24: tick!!!
 INFO LOG: Apr_22_22:26: tick!!!
 INFO LOG: Apr_22_22:28: tick!!!
 INFO LOG: Apr_22_22:30: tick!!!
 INFO LOG: Apr_22_22:32: tick!!!
 INFO LOG: Apr_22_22:34: tick!!!
 INFO LOG: Apr_22_22:36: tick!!!
 INFO LOG: Apr_22_22:38: tick!!!
 INFO LOG: Apr_22_22:40: tick!!!
 INFO LOG: Apr_22_22:42: tick!!!
 INFO LOG: Apr_22_22:44: tick!!!
 INFO LOG: Apr_22_22:46: tick!!!
 INFO LOG: Apr_22_22:48: tick!!!
 INFO LOG: Apr_22_22:50: tick!!!
 INFO LOG: Apr_22_22:52: tick!!!
 INFO LOG: Apr_22_22:54: tick!!!
 INFO LOG: Apr_22_22:56: tick!!!
 INFO LOG: Apr_22_22:58: tick!!!
 INFO LOG: Apr_22_23:00: tick!!!
 INFO LOG: Apr_22_23:02: tick!!!
 INFO LOG: Apr_22_23:04: tick!!!
 INFO LOG: Apr_22_23:06: tick!!!
 INFO LOG: Apr_22_23:08: tick!!!
 INFO LOG: Apr_22_23:10: tick!!!
 INFO LOG: Apr_22_23:12: tick!!!
 INFO LOG: Apr_22_23:14: tick!!!
 INFO LOG: Apr_22_23:16: tick!!!
 INFO LOG: Apr_22_23:18: tick!!!
 INFO LOG: Apr_22_23:20: tick!!!
 INFO LOG: Apr_22_23:22: tick!!!
 INFO LOG: Apr_22_23:24: tick!!!
 INFO LOG: Apr_22_23:26: tick!!!
 INFO LOG: Apr_22_23:28: tick!!!
 INFO LOG: Apr_22_23:30: tick!!!
 INFO LOG: Apr_22_23:32: tick!!!
 INFO LOG: Apr_22_23:34: tick!!!
 INFO LOG: Apr_22_23:36: tick!!!
 INFO LOG: Apr_22_23:38: tick!!!
 INFO LOG: Apr_22_23:40: tick!!!
 INFO LOG: Apr_22_23:42: tick!!!
 INFO LOG: Apr_22_23:44: tick!!!
 INFO LOG: Apr_22_23:46: tick!!!
 INFO LOG: Apr_22_23:48: tick!!!
 INFO LOG: Apr_22_23:50: tick!!!
 INFO LOG: Apr_22_23:52: tick!!!
 INFO LOG: Apr_22_23:54: tick!!!
 INFO LOG: Apr_22_23:56: tick!!!
 INFO LOG: Apr_22_23:58: tick!!!
 INFO LOG: Apr_23_00:00: tick!!!
 INFO LOG: Apr_23_00:02: tick!!!
 INFO LOG: Apr_23_00:04: tick!!!
 INFO LOG: Apr_23_00:06: tick!!!
 INFO LOG: Apr_23_00:08: tick!!!
 INFO LOG: Apr_23_00:10: tick!!!
 INFO LOG: Apr_23_00:12: tick!!!
 INFO LOG: Apr_23_00:14: tick!!!
 INFO LOG: Apr_23_00:16: tick!!!
 INFO LOG: Apr_23_00:18: tick!!!
 INFO LOG: Apr_23_00:20: tick!!!
 INFO LOG: Apr_23_00:22: tick!!!
 INFO LOG: Apr_23_00:24: tick!!!
 INFO LOG: Apr_23_00:26: tick!!!
 INFO LOG: Apr_23_00:28: tick!!!
 INFO LOG: Apr_23_00:30: tick!!!
 INFO LOG: Apr_23_00:32: tick!!!
 INFO LOG: Apr_23_00:34: tick!!!
 INFO LOG: Apr_23_00:36: tick!!!
 INFO LOG: Apr_23_00:38: tick!!!
 INFO LOG: Apr_23_00:40: tick!!!
 INFO LOG: Apr_23_00:42: tick!!!
 INFO LOG: Apr_23_00:44: tick!!!
 INFO LOG: Apr_23_00:46: tick!!!
 INFO LOG: Apr_23_00:48: tick!!!
 INFO LOG: Apr_23_00:50: tick!!!
 INFO LOG: Apr_23_00:52: tick!!!
 INFO LOG: Apr_23_00:54: tick!!!
 INFO LOG: Apr_23_00:56: tick!!!
 INFO LOG: Apr_23_00:58: tick!!!
 INFO LOG: Apr_23_01:00: tick!!!
 INFO LOG: Apr_23_01:02: tick!!!
 INFO LOG: Apr_23_01:04: tick!!!
 INFO LOG: Apr_23_01:06: tick!!!
 INFO LOG: Apr_23_01:08: tick!!!
 INFO LOG: Apr_23_01:10: tick!!!
 INFO LOG: Apr_23_01:12: tick!!!
 INFO LOG: Apr_23_01:14: tick!!!
 INFO LOG: Apr_23_01:16: tick!!!
 INFO LOG: Apr_23_01:18: tick!!!
 INFO LOG: Apr_23_01:20: tick!!!
 INFO LOG: Apr_23_01:22: tick!!!
 INFO LOG: Apr_23_01:24: tick!!!
 INFO LOG: Apr_23_01:26: tick!!!
 INFO LOG: Apr_23_01:28: tick!!!
 INFO LOG: Apr_23_01:30: tick!!!
 INFO LOG: Apr_23_01:32: tick!!!
 INFO LOG: Apr_23_01:34: tick!!!
 INFO LOG: Apr_23_01:36: tick!!!
 INFO LOG: Apr_23_01:38: tick!!!
 INFO LOG: Apr_23_01:40: tick!!!
 INFO LOG: Apr_23_01:42: tick!!!
 INFO LOG: Apr_23_01:44: tick!!!
 INFO LOG: Apr_23_01:46: tick!!!
 INFO LOG: Apr_23_01:48: tick!!!
 INFO LOG: Apr_23_01:50: tick!!!
 INFO LOG: Apr_23_01:52: tick!!!
 INFO LOG: Apr_23_01:54: tick!!!
 INFO LOG: Apr_23_01:56: tick!!!
 INFO LOG: Apr_23_01:58: tick!!!
 INFO LOG: Apr_23_02:00: tick!!!
 INFO LOG: Apr_23_02:02: tick!!!
 INFO LOG: Apr_23_02:04: tick!!!
 INFO LOG: Apr_23_02:06: tick!!!
 INFO LOG: Apr_23_02:08: tick!!!
 INFO LOG: Apr_23_02:10: tick!!!
 INFO LOG: Apr_23_02:12: tick!!!
 INFO LOG: Apr_23_02:14: tick!!!
 INFO LOG: Apr_23_02:16: tick!!!
 INFO LOG: Apr_23_02:18: tick!!!
 INFO LOG: Apr_23_02:20: tick!!!
 INFO LOG: Apr_23_02:22: tick!!!
 INFO LOG: Apr_23_02:24: tick!!!
 INFO LOG: Apr_23_02:26: tick!!!
 INFO LOG: Apr_23_02:28: tick!!!
 INFO LOG: Apr_23_02:30: tick!!!
 INFO LOG: Apr_23_02:32: tick!!!
 INFO LOG: Apr_23_02:34: tick!!!
 INFO LOG: Apr_23_02:36: tick!!!
 INFO LOG: Apr_23_02:38: tick!!!
 INFO LOG: Apr_23_02:40: tick!!!
 INFO LOG: Apr_23_02:42: tick!!!
 INFO LOG: Apr_23_02:44: tick!!!
 INFO LOG: Apr_23_02:46: tick!!!
 INFO LOG: Apr_23_02:48: tick!!!
 INFO LOG: Apr_23_02:50: tick!!!
 INFO LOG: Apr_23_02:52: tick!!!
 INFO LOG: Apr_23_02:54: tick!!!
 INFO LOG: Apr_23_02:56: tick!!!
 INFO LOG: Apr_23_02:58: tick!!!
 INFO LOG: Apr_23_03:00: tick!!!
 INFO LOG: Apr_23_03:02: tick!!!
 INFO LOG: Apr_23_03:04: tick!!!
 INFO LOG: Apr_23_03:06: tick!!!
 INFO LOG: Apr_23_03:08: tick!!!
 INFO LOG: Apr_23_03:10: tick!!!
 INFO LOG: Apr_23_03:12: tick!!!
 INFO LOG: Apr_23_03:14: tick!!!
 INFO LOG: Apr_23_03:16: tick!!!
 INFO LOG: Apr_23_03:18: tick!!!
 INFO LOG: Apr_23_03:20: tick!!!
 INFO LOG: Apr_23_03:22: tick!!!
 INFO LOG: Apr_23_03:24: tick!!!
 INFO LOG: Apr_23_03:26: tick!!!
 INFO LOG: Apr_23_03:28: tick!!!
 INFO LOG: Apr_23_03:30: tick!!!
 INFO LOG: Apr_23_03:32: tick!!!
 INFO LOG: Apr_23_03:34: tick!!!
 INFO LOG: Apr_23_03:36: tick!!!
 INFO LOG: Apr_23_03:38: tick!!!
 INFO LOG: Apr_23_03:40: tick!!!
 INFO LOG: Apr_23_03:42: tick!!!
 INFO LOG: Apr_23_03:44: tick!!!
 INFO LOG: Apr_23_03:46: tick!!!
 INFO LOG: Apr_23_03:48: tick!!!
 INFO LOG: Apr_23_03:50: tick!!!
 INFO LOG: Apr_23_03:52: tick!!!
 INFO LOG: Apr_23_03:54: tick!!!
 INFO LOG: Apr_23_03:56: tick!!!
 INFO LOG: Apr_23_03:58: tick!!!
 INFO LOG: Apr_23_04:00: tick!!!
 INFO LOG: Apr_23_04:02: tick!!!
 INFO LOG: Apr_23_04:04: tick!!!
 INFO LOG: Apr_23_04:06: tick!!!
 INFO LOG: Apr_23_04:08: tick!!!
 INFO LOG: Apr_23_04:10: tick!!!
 INFO LOG: Apr_23_04:12: tick!!!
 INFO LOG: Apr_23_04:14: tick!!!
 INFO LOG: Apr_23_04:16: tick!!!
 INFO LOG: Apr_23_04:18: tick!!!
 INFO LOG: Apr_23_04:20: tick!!!
 INFO LOG: Apr_23_04:22: tick!!!
 INFO LOG: Apr_23_04:24: tick!!!
 INFO LOG: Apr_23_04:26: tick!!!
 INFO LOG: Apr_23_04:28: tick!!!
 INFO LOG: Apr_23_04:30: tick!!!
 INFO LOG: Apr_23_04:32: tick!!!
 INFO LOG: Apr_23_04:34: tick!!!
 INFO LOG: Apr_23_04:36: tick!!!
 INFO LOG: Apr_23_04:38: tick!!!
 INFO LOG: Apr_23_04:40: tick!!!
 INFO LOG: Apr_23_04:42: tick!!!
 INFO LOG: Apr_23_04:44: tick!!!
 INFO LOG: Apr_23_04:46: tick!!!
 INFO LOG: Apr_23_04:48: tick!!!
 INFO LOG: Apr_23_04:50: tick!!!
 INFO LOG: Apr_23_04:52: tick!!!
 INFO LOG: Apr_23_04:54: tick!!!
 INFO LOG: Apr_23_04:56: tick!!!
 INFO LOG: Apr_23_04:58: tick!!!
 INFO LOG: Apr_23_05:01: tick!!!
 INFO LOG: Apr_23_05:03: tick!!!
 INFO LOG: Apr_23_05:05: tick!!!
 INFO LOG: Apr_23_05:07: tick!!!
 INFO LOG: Apr_23_05:09: tick!!!
 INFO LOG: Apr_23_05:11: tick!!!
 INFO LOG: Apr_23_05:13: tick!!!
 INFO LOG: Apr_23_05:15: tick!!!
 INFO LOG: Apr_23_05:17: tick!!!
 INFO LOG: Apr_23_05:19: tick!!!
 INFO LOG: Apr_23_05:21: tick!!!
 INFO LOG: Apr_23_05:23: tick!!!
 INFO LOG: Apr_23_05:25: tick!!!
 INFO LOG: Apr_23_05:27: tick!!!
 INFO LOG: Apr_23_05:29: tick!!!
 INFO LOG: Apr_23_05:31: tick!!!
 INFO LOG: Apr_23_05:33: tick!!!
 INFO LOG: Apr_23_05:35: tick!!!
 INFO LOG: Apr_23_05:37: tick!!!
 INFO LOG: Apr_23_05:39: tick!!!
 INFO LOG: Apr_23_05:41: tick!!!
 INFO LOG: Apr_23_05:43: tick!!!
 INFO LOG: Apr_23_05:45: tick!!!
 INFO LOG: Apr_23_05:47: tick!!!
 INFO LOG: Apr_23_05:49: tick!!!
 INFO LOG: Apr_23_05:51: tick!!!
 INFO LOG: Apr_23_05:53: tick!!!
 INFO LOG: Apr_23_05:55: tick!!!
 INFO LOG: Apr_23_05:57: tick!!!
 INFO LOG: Apr_23_05:59: tick!!!
 INFO LOG: Apr_23_06:01: tick!!!
 INFO LOG: Apr_23_06:03: tick!!!
 INFO LOG: Apr_23_06:05: tick!!!
 INFO LOG: Apr_23_06:07: tick!!!
 INFO LOG: Apr_23_06:09: tick!!!
 INFO LOG: Apr_23_06:11: tick!!!
 INFO LOG: Apr_23_06:13: tick!!!
 INFO LOG: Apr_23_06:15: tick!!!
 INFO LOG: Apr_23_06:17: tick!!!
 INFO LOG: Apr_23_06:19: tick!!!
 INFO LOG: Apr_23_06:21: tick!!!
 INFO LOG: Apr_23_06:23: tick!!!
 INFO LOG: Apr_23_06:25: tick!!!
 INFO LOG: Apr_23_06:27: tick!!!
 INFO LOG: Apr_23_06:29: tick!!!
 INFO LOG: Apr_23_06:31: tick!!!
 INFO LOG: Apr_23_06:33: tick!!!
 INFO LOG: Apr_23_06:35: tick!!!
 INFO LOG: Apr_23_06:37: tick!!!
 INFO LOG: Apr_23_06:39: tick!!!
 INFO LOG: Apr_23_06:41: tick!!!
 INFO LOG: Apr_23_06:43: tick!!!
 INFO LOG: Apr_23_06:45: tick!!!
 INFO LOG: Apr_23_06:47: tick!!!
 INFO LOG: Apr_23_06:49: tick!!!
 INFO LOG: Apr_23_06:51: tick!!!
 INFO LOG: Apr_23_06:53: tick!!!
 INFO LOG: Apr_23_06:55: tick!!!
 INFO LOG: Apr_23_06:57: tick!!!
 INFO LOG: Apr_23_06:59: tick!!!
 INFO LOG: Apr_23_07:01: tick!!!
 INFO LOG: Apr_23_07:03: tick!!!
 INFO LOG: Apr_23_07:05: tick!!!
 INFO LOG: Apr_23_07:07: tick!!!
 INFO LOG: Apr_23_07:09: tick!!!
 INFO LOG: Apr_23_07:11: tick!!!
 INFO LOG: Apr_23_07:13: tick!!!
 INFO LOG: Apr_23_07:15: tick!!!
 INFO LOG: Apr_23_07:17: tick!!!
 INFO LOG: Apr_23_07:19: tick!!!
 INFO LOG: Apr_23_07:21: tick!!!
 INFO LOG: Apr_23_07:23: tick!!!
 INFO LOG: Apr_23_07:25: tick!!!
 INFO LOG: Apr_23_07:27: tick!!!
 INFO LOG: Apr_23_07:29: tick!!!
 INFO LOG: Apr_23_07:31: tick!!!
 INFO LOG: Apr_23_07:33: tick!!!
 INFO LOG: Apr_23_07:35: tick!!!
 INFO LOG: Apr_23_07:37: tick!!!
 INFO LOG: Apr_23_07:39: tick!!!
 INFO LOG: Apr_23_07:41: tick!!!
 INFO LOG: Apr_23_07:43: tick!!!
 INFO LOG: Apr_23_07:45: tick!!!
 INFO LOG: Apr_23_07:47: tick!!!
 INFO LOG: Apr_23_07:49: tick!!!
 INFO LOG: Apr_23_07:51: tick!!!
 INFO LOG: Apr_23_07:53: tick!!!
 INFO LOG: Apr_23_07:55: tick!!!
 INFO LOG: Apr_23_07:57: tick!!!
 INFO LOG: Apr_23_07:59: tick!!!
 INFO LOG: Apr_23_08:01: tick!!!
 INFO LOG: Apr_23_08:03: tick!!!
 INFO LOG: Apr_23_08:05: tick!!!
 INFO LOG: Apr_23_08:07: tick!!!
 INFO LOG: Apr_23_08:09: tick!!!
 INFO LOG: Apr_23_08:11: tick!!!
 INFO LOG: Apr_23_08:13: tick!!!
 INFO LOG: Apr_23_08:15: tick!!!
 INFO LOG: Apr_23_08:17: tick!!!
 INFO LOG: Apr_23_08:19: tick!!!
 INFO LOG: Apr_23_08:21: tick!!!
 INFO LOG: Apr_23_08:23: tick!!!
 INFO LOG: Apr_23_08:25: tick!!!
 INFO LOG: Apr_23_08:27: tick!!!
 INFO LOG: Apr_23_08:29: tick!!!
 INFO LOG: Apr_23_08:31: tick!!!
 INFO LOG: Apr_23_08:33: tick!!!
 INFO LOG: Apr_23_08:35: tick!!!
 INFO LOG: Apr_23_08:37: tick!!!
 INFO LOG: Apr_23_08:39: tick!!!
 INFO LOG: Apr_23_08:41: tick!!!
 INFO LOG: Apr_23_08:43: tick!!!
 INFO LOG: Apr_23_08:45: tick!!!
 INFO LOG: Apr_23_08:47: tick!!!
 INFO LOG: Apr_23_08:49: tick!!!
 INFO LOG: Apr_23_08:51: tick!!!
 INFO LOG: Apr_23_08:53: tick!!!
 INFO LOG: Apr_23_08:55: tick!!!
 INFO LOG: Apr_23_08:57: tick!!!
 INFO LOG: Apr_23_08:59: tick!!!
 INFO LOG: Apr_23_09:01: tick!!!
 INFO LOG: Apr_23_09:03: tick!!!
 INFO LOG: Apr_23_09:05: tick!!!
 INFO LOG: Apr_23_09:07: tick!!!
 INFO LOG: Apr_23_09:09: tick!!!
 INFO LOG: Apr_23_09:11: tick!!!
 INFO LOG: Apr_23_09:13: tick!!!
 INFO LOG: Apr_23_09:15: tick!!!
 INFO LOG: Apr_23_09:17: tick!!!
 INFO LOG: Apr_23_09:19: tick!!!
 INFO LOG: Apr_23_09:21: tick!!!
 INFO LOG: Apr_23_09:23: tick!!!
 INFO LOG: Apr_23_09:25: tick!!!
 INFO LOG: Apr_23_09:27: tick!!!
 INFO LOG: Apr_23_09:29: tick!!!
 INFO LOG: Apr_23_09:31: tick!!!
 INFO LOG: Apr_23_09:33: tick!!!
 INFO LOG: Apr_23_09:35: tick!!!
 INFO LOG: Apr_23_09:37: tick!!!
 INFO LOG: Apr_23_09:39: tick!!!
 INFO LOG: Apr_23_09:41: tick!!!
 INFO LOG: Apr_23_09:43: tick!!!
 INFO LOG: Apr_23_09:45: tick!!!
 INFO LOG: Apr_23_09:47: tick!!!
 INFO LOG: Apr_23_09:49: tick!!!
 INFO LOG: Apr_23_09:51: tick!!!
 INFO LOG: Apr_23_09:53: tick!!!
 INFO LOG: Apr_23_09:55: tick!!!
 INFO LOG: Apr_23_09:57: tick!!!
 INFO LOG: Apr_23_09:59: tick!!!
 INFO LOG: Apr_23_10:01: tick!!!
 INFO LOG: Apr_23_10:03: tick!!!
 INFO LOG: Apr_23_10:05: tick!!!
 INFO LOG: Apr_23_10:07: tick!!!
 INFO LOG: Apr_23_10:09: tick!!!
 INFO LOG: Apr_23_10:11: tick!!!
 INFO LOG: Apr_23_10:13: tick!!!
 INFO LOG: Apr_23_10:15: tick!!!
 INFO LOG: Apr_23_10:17: tick!!!
 INFO LOG: Apr_23_10:19: tick!!!
 INFO LOG: Apr_23_10:21: tick!!!
 INFO LOG: Apr_23_10:23: tick!!!
 INFO LOG: Apr_23_10:25: tick!!!
 INFO LOG: Apr_23_10:27: tick!!!
 INFO LOG: Apr_23_10:29: tick!!!
 INFO LOG: Apr_23_10:31: tick!!!
 INFO LOG: Apr_23_10:33: tick!!!
 INFO LOG: Apr_23_10:35: tick!!!
 INFO LOG: Apr_23_10:37: tick!!!
 INFO LOG: Apr_23_10:39: tick!!!
 INFO LOG: Apr_23_10:41: tick!!!
 INFO LOG: Apr_23_10:43: tick!!!
 INFO LOG: Apr_23_10:45: tick!!!
 INFO LOG: Apr_23_10:47: tick!!!
 INFO LOG: Apr_23_10:49: tick!!!
 INFO LOG: Apr_23_10:51: tick!!!
 INFO LOG: Apr_23_10:53: tick!!!
 INFO LOG: Apr_23_10:55: tick!!!
 INFO LOG: Apr_23_10:57: tick!!!
 INFO LOG: Apr_23_10:59: tick!!!
 INFO LOG: Apr_23_11:01: tick!!!
 INFO LOG: Apr_23_11:03: tick!!!
 INFO LOG: Apr_23_11:05: tick!!!
 INFO LOG: Apr_23_11:07: tick!!!
 INFO LOG: Apr_23_11:09: tick!!!
 INFO LOG: Apr_23_11:11: tick!!!
 INFO LOG: Apr_23_11:13: tick!!!
 INFO LOG: Apr_23_11:15: tick!!!
 INFO LOG: Apr_23_11:17: tick!!!
 INFO LOG: Apr_23_11:19: tick!!!
 INFO LOG: Apr_23_11:21: tick!!!
 INFO LOG: Apr_23_11:23: tick!!!
 INFO LOG: Apr_23_11:25: tick!!!
 INFO LOG: Apr_23_11:27: tick!!!
 INFO LOG: Apr_23_11:29: tick!!!
 INFO LOG: Apr_23_11:31: tick!!!
 INFO LOG: Apr_23_11:33: tick!!!
 INFO LOG: Apr_23_11:35: tick!!!
 INFO LOG: Apr_23_11:37: tick!!!
 INFO LOG: Apr_23_11:39: tick!!!
 INFO LOG: Apr_23_11:41: tick!!!
 INFO LOG: Apr_23_11:43: tick!!!
 INFO LOG: Apr_23_11:45: tick!!!
 INFO LOG: Apr_23_11:47: tick!!!
 INFO LOG: Apr_23_11:49: tick!!!
 INFO LOG: Apr_23_11:51: tick!!!
 INFO LOG: Apr_23_11:53: tick!!!
 INFO LOG: Apr_23_11:55: tick!!!
 INFO LOG: Apr_23_11:57: tick!!!
 INFO LOG: Apr_23_11:59: tick!!!
 INFO LOG: Apr_23_12:01: tick!!!
 INFO LOG: Apr_23_12:03: tick!!!
 INFO LOG: Apr_23_12:05: tick!!!
 INFO LOG: Apr_23_12:07: tick!!!
 INFO LOG: Apr_23_12:09: tick!!!
 INFO LOG: Apr_23_12:11: tick!!!
 INFO LOG: Apr_23_12:13: tick!!!
 INFO LOG: Apr_23_12:15: tick!!!
 INFO LOG: Apr_23_12:17: tick!!!
 INFO LOG: Apr_23_12:19: tick!!!
 INFO LOG: Apr_23_12:21: tick!!!
 INFO LOG: Apr_23_12:23: tick!!!
 INFO LOG: Apr_23_12:25: tick!!!
 INFO LOG: Apr_23_12:27: tick!!!
 INFO LOG: Apr_23_12:29: tick!!!
 INFO LOG: Apr_23_12:31: tick!!!
 INFO LOG: Apr_23_12:33: tick!!!
 INFO LOG: Apr_23_12:35: tick!!!
 INFO LOG: Apr_23_12:37: tick!!!
 INFO LOG: Apr_23_12:39: tick!!!
 INFO LOG: Apr_23_12:41: tick!!!
 INFO LOG: Apr_23_12:43: tick!!!
 INFO LOG: Apr_23_12:45: tick!!!
 INFO LOG: Apr_23_12:47: tick!!!
 INFO LOG: Apr_23_12:49: tick!!!
 INFO LOG: Apr_23_12:51: tick!!!
 INFO LOG: Apr_23_12:53: tick!!!
 INFO LOG: Apr_23_12:55: tick!!!
 INFO LOG: Apr_23_12:57: tick!!!
 INFO LOG: Apr_23_12:59: tick!!!
 INFO LOG: Apr_23_13:01: tick!!!
 INFO LOG: Apr_23_13:03: tick!!!
 INFO LOG: Apr_23_13:05: tick!!!
 INFO LOG: Apr_23_13:07: tick!!!
 INFO LOG: Apr_23_13:09: tick!!!
 INFO LOG: Apr_23_13:11: tick!!!
 INFO LOG: Apr_23_13:13: tick!!!
 INFO LOG: Apr_23_13:15: tick!!!
 INFO LOG: Apr_23_13:17: tick!!!
 INFO LOG: Apr_23_13:19: tick!!!
 INFO LOG: Apr_23_13:21: tick!!!
 INFO LOG: Apr_23_13:23: tick!!!
 INFO LOG: Apr_23_13:25: tick!!!
 INFO LOG: Apr_23_13:27: tick!!!
 INFO LOG: Apr_23_13:29: tick!!!
 INFO LOG: Apr_23_13:31: tick!!!
 INFO LOG: Apr_23_13:33: tick!!!
 INFO LOG: Apr_23_13:35: tick!!!
 INFO LOG: Apr_23_13:37: tick!!!
 INFO LOG: Apr_23_13:39: tick!!!
 INFO LOG: Apr_23_13:41: tick!!!
 INFO LOG: Apr_23_13:43: tick!!!
 INFO LOG: Apr_23_13:45: tick!!!
 INFO LOG: Apr_23_13:47: tick!!!
 INFO LOG: Apr_23_13:49: tick!!!
 INFO LOG: Apr_23_13:51: tick!!!
 INFO LOG: Apr_23_13:53: tick!!!
 INFO LOG: Apr_23_13:55: tick!!!
 INFO LOG: Apr_23_13:57: tick!!!
 INFO LOG: Apr_23_13:59: tick!!!
 INFO LOG: Apr_23_14:01: tick!!!
 INFO LOG: Apr_23_14:03: tick!!!
 INFO LOG: Apr_23_14:05: tick!!!
 INFO LOG: Apr_23_14:07: tick!!!
 INFO LOG: Apr_23_14:09: tick!!!
 INFO LOG: Apr_23_14:11: tick!!!
 INFO LOG: Apr_23_14:13: tick!!!
 INFO LOG: Apr_23_14:15: tick!!!
 INFO LOG: Apr_23_14:17: tick!!!
 INFO LOG: Apr_23_14:19: tick!!!
 INFO LOG: Apr_23_14:21: tick!!!
 INFO LOG: Apr_23_14:23: tick!!!
 INFO LOG: Apr_23_14:25: tick!!!
 INFO LOG: Apr_23_14:27: tick!!!
 INFO LOG: Apr_23_14:29: tick!!!
 INFO LOG: Apr_23_14:31: tick!!!
 INFO LOG: Apr_23_14:33: tick!!!
 INFO LOG: Apr_23_14:35: tick!!!
 INFO LOG: Apr_23_14:37: tick!!!
 INFO LOG: Apr_23_14:39: tick!!!
 INFO LOG: Apr_23_14:41: tick!!!
 INFO LOG: Apr_23_14:43: tick!!!
 INFO LOG: Apr_23_14:45: tick!!!
 INFO LOG: Apr_23_14:47: tick!!!
 INFO LOG: Apr_23_14:49: tick!!!
 INFO LOG: Apr_23_14:51: tick!!!
 INFO LOG: Apr_23_14:53: tick!!!
 INFO LOG: Apr_23_14:55: tick!!!
 INFO LOG: Apr_23_14:57: tick!!!
 INFO LOG: Apr_23_14:59: tick!!!
 INFO LOG: Apr_23_15:01: tick!!!
 INFO LOG: Apr_23_15:03: tick!!!
 INFO LOG: Apr_23_15:05: tick!!!
 INFO LOG: Apr_23_15:07: tick!!!
 INFO LOG: Apr_23_15:09: tick!!!
 INFO LOG: Apr_23_15:11: tick!!!
 INFO LOG: Apr_23_15:13: tick!!!
 INFO LOG: Apr_23_15:15: tick!!!
 INFO LOG: Apr_23_15:17: tick!!!
 INFO LOG: Apr_23_15:19: tick!!!
 INFO LOG: Apr_23_15:21: tick!!!
 INFO LOG: Apr_23_15:23: tick!!!
 INFO LOG: Apr_23_15:25: tick!!!
 INFO LOG: Apr_23_15:27: tick!!!
 INFO LOG: Apr_23_15:29: tick!!!
 INFO LOG: Apr_23_15:31: tick!!!
 INFO LOG: Apr_23_15:33: tick!!!
 INFO LOG: Apr_23_15:35: tick!!!
 INFO LOG: Apr_23_15:37: tick!!!
 INFO LOG: Apr_23_15:39: tick!!!
 INFO LOG: Apr_23_15:41: tick!!!
 INFO LOG: Apr_23_15:43: tick!!!
 INFO LOG: Apr_23_15:45: tick!!!
 INFO LOG: Apr_23_15:47: tick!!!
 INFO LOG: Apr_23_15:49: tick!!!
 INFO LOG: Apr_23_15:51: tick!!!
 INFO LOG: Apr_23_15:53: tick!!!
 INFO LOG: Apr_23_15:55: tick!!!
 INFO LOG: Apr_23_15:57: tick!!!
 INFO LOG: Apr_23_15:59: tick!!!
 INFO LOG: Apr_23_16:01: tick!!!
 INFO LOG: Apr_23_16:03: tick!!!
 INFO LOG: Apr_23_16:05: tick!!!
 INFO LOG: Apr_23_16:07: tick!!!
 INFO LOG: Apr_23_16:09: tick!!!
 INFO LOG: Apr_23_16:11: tick!!!
 INFO LOG: Apr_23_16:13: tick!!!
 INFO LOG: Apr_23_16:15: tick!!!
 INFO LOG: Apr_23_16:17: tick!!!
 INFO LOG: Apr_23_16:19: tick!!!
 INFO LOG: Apr_23_16:21: tick!!!
 INFO LOG: Apr_23_16:23: tick!!!
 INFO LOG: Apr_23_16:25: tick!!!
 INFO LOG: Apr_23_16:27: tick!!!
 INFO LOG: Apr_23_16:29: tick!!!
 INFO LOG: Apr_23_16:31: tick!!!
 INFO LOG: Apr_23_16:33: tick!!!
 INFO LOG: Apr_23_16:35: tick!!!
 INFO LOG: Apr_23_16:37: tick!!!
 INFO LOG: Apr_23_16:39: tick!!!
 INFO LOG: Apr_23_16:41: tick!!!
 INFO LOG: Apr_23_16:43: tick!!!
 INFO LOG: Apr_23_16:45: tick!!!
 INFO LOG: Apr_23_16:47: tick!!!
 INFO LOG: Apr_23_16:49: tick!!!
 INFO LOG: Apr_23_16:51: tick!!!
 INFO LOG: Apr_23_16:53: tick!!!
 INFO LOG: Apr_23_16:55: tick!!!
 INFO LOG: Apr_23_16:57: tick!!!
 INFO LOG: Apr_23_16:59: tick!!!
 INFO LOG: Apr_23_17:01: tick!!!
 INFO LOG: Apr_23_17:03: tick!!!
 INFO LOG: Apr_23_17:05: tick!!!
 INFO LOG: Apr_23_17:07: tick!!!
 INFO LOG: Apr_23_17:09: tick!!!
 INFO LOG: Apr_23_17:11: tick!!!
 INFO LOG: Apr_23_17:13: tick!!!
 INFO LOG: Apr_23_17:15: tick!!!
 INFO LOG: Apr_23_17:17: tick!!!
 INFO LOG: Apr_23_17:19: tick!!!
 INFO LOG: Apr_23_17:21: tick!!!
 INFO LOG: Apr_23_17:23: tick!!!
 INFO LOG: Apr_23_17:25: tick!!!
 INFO LOG: Apr_23_17:27: tick!!!
 INFO LOG: Apr_23_17:29: tick!!!
 INFO LOG: Apr_23_17:31: tick!!!
 INFO LOG: Apr_23_17:33: tick!!!
 INFO LOG: Apr_23_17:35: tick!!!
 INFO LOG: Apr_23_17:37: tick!!!
 INFO LOG: Apr_23_17:39: tick!!!
 INFO LOG: Apr_23_17:41: tick!!!
 INFO LOG: Apr_23_17:43: tick!!!
 INFO LOG: Apr_23_17:45: tick!!!
 INFO LOG: Apr_23_17:47: tick!!!
 INFO LOG: Apr_23_17:49: tick!!!
 INFO LOG: Apr_23_17:51: tick!!!
 INFO LOG: Apr_23_17:53: tick!!!
 INFO LOG: Apr_23_17:55: tick!!!
 INFO LOG: Apr_23_17:57: tick!!!
 INFO LOG: Apr_23_17:59: tick!!!
 INFO LOG: Apr_23_18:01: tick!!!
 INFO LOG: Apr_23_18:03: tick!!!
 INFO LOG: Apr_23_18:05: tick!!!
 INFO LOG: Apr_23_18:07: tick!!!
 INFO LOG: Apr_23_18:09: tick!!!
 INFO LOG: Apr_23_18:11: tick!!!
 INFO LOG: Apr_23_18:13: tick!!!
 INFO LOG: Apr_23_18:15: tick!!!
 INFO LOG: Apr_23_18:17: tick!!!
 INFO LOG: Apr_23_18:19: tick!!!
 INFO LOG: Apr_23_18:21: tick!!!
 INFO LOG: Apr_23_18:23: tick!!!
 INFO LOG: Apr_23_18:25: tick!!!
 INFO LOG: Apr_23_18:27: tick!!!
 INFO LOG: Apr_23_18:29: tick!!!
 INFO LOG: Apr_23_18:31: tick!!!
 INFO LOG: Apr_23_18:33: tick!!!
 INFO LOG: Apr_23_18:35: tick!!!
 INFO LOG: Apr_23_18:37: tick!!!
 INFO LOG: Apr_23_18:39: tick!!!
 INFO LOG: Apr_23_18:41: tick!!!
 INFO LOG: Apr_23_18:43: tick!!!
 INFO LOG: Apr_23_18:45: tick!!!
 INFO LOG: Apr_23_18:47: tick!!!
 INFO LOG: Apr_23_18:49: tick!!!
 INFO LOG: Apr_23_18:51: tick!!!
 INFO LOG: Apr_23_18:53: tick!!!
 INFO LOG: Apr_23_18:55: tick!!!
 INFO LOG: Apr_23_18:55: -- #<Player:0x00000002898030>:99.191.82.191:40833 disconnected from CoralMUD!
 INFO LOG: Apr_23_18:55: Program closed.
