 INFO LOG: Apr_30_13:51: Logging enabled.   Loading logs.rb.
 INFO LOG: Apr_30_13:51: Loading facade.rb
 INFO LOG: Apr_30_13:51: Loading utils.rb
 INFO LOG: Apr_30_13:51: Loading word_processing.rb
 INFO LOG: Apr_30_13:51: Loading constants.rb
 INFO LOG: Apr_30_13:51: Loading class_property.rb
 INFO LOG: Apr_30_13:51: Loading scripts.rb
 INFO LOG: Apr_30_13:51: Loading tags.rb
 INFO LOG: Apr_30_13:51: Loading editor/editors.rb
 INFO LOG: Apr_30_13:51: Loading editor/editor.strings.rb
 INFO LOG: Apr_30_13:51: Loading editor/editor.rooms.rb
 INFO LOG: Apr_30_13:51: Loading editor/editor.exits.rb
 INFO LOG: Apr_30_13:51: Loading editor/editor.zones.rb
 INFO LOG: Apr_30_13:51: Loading editor/editor.npc.rb
 INFO LOG: Apr_30_13:51: Loading editor/editor.items.rb
 INFO LOG: Apr_30_13:51: Loading mxp.rb
 INFO LOG: Apr_30_13:51: Loading mccp.rb
 INFO LOG: Apr_30_13:51: Loading flags.rb
 INFO LOG: Apr_30_13:51: Loading damage.rb
 INFO LOG: Apr_30_13:51: Loading areas.rb
 INFO LOG: Apr_30_13:51: Loading event.rb
 INFO LOG: Apr_30_13:51: Loading automap/automap.rb
 INFO LOG: Apr_30_13:51: Loading cities.olc.rb
 INFO LOG: Apr_30_13:51: Loading cities.rb
 INFO LOG: Apr_30_13:51: Loading sector definitions.
 INFO LOG: Apr_30_13:51: Loading help.rb
 INFO LOG: Apr_30_13:51: Loading imcruby.rb
 INFO LOG: Apr_30_13:51: Loading player.rb
 INFO LOG: Apr_30_13:51: Loading commands.rb
 INFO LOG: Apr_30_13:51: Loading random.rb
 INFO LOG: Apr_30_13:51: Loading npc.rb
 INFO LOG: Apr_30_13:51: Loading items.rb
 INFO LOG: Apr_30_13:51: Loading spells.rb
 INFO LOG: Apr_30_13:51: Loading all zones.
 INFO LOG: Apr_30_13:51: Starting server.
 INFO LOG: Apr_30_13:51: CoralMUD is now up on port 4000.
 INFO LOG: Apr_30_13:53: tick!!!
 INFO LOG: Apr_30_13:53: -- 99.191.82.191:54722 connected to CoralMUD!
 INFO LOG: Apr_30_13:53: -- 99.191.82.191:54722: Retnur is trying to connect.
 INFO LOG: Apr_30_13:53: -- 99.191.82.191:54722: Retnur player file found.
 INFO LOG: Apr_30_13:53: -- Retnur has entered the game.
 INFO LOG: Apr_30_13:55: tick!!!
 INFO LOG: Apr_30_13:57: tick!!!
 INFO LOG: Apr_30_13:59: tick!!!
 INFO LOG: Apr_30_14:01: tick!!!
 INFO LOG: Apr_30_14:03: tick!!!
 INFO LOG: Apr_30_14:05: tick!!!
 INFO LOG: Apr_30_14:07: tick!!!
 INFO LOG: Apr_30_14:09: tick!!!
 INFO LOG: Apr_30_14:11: tick!!!
 INFO LOG: Apr_30_14:13: tick!!!
 INFO LOG: Apr_30_14:15: tick!!!
 INFO LOG: Apr_30_14:17: tick!!!
 INFO LOG: Apr_30_14:19: tick!!!
 INFO LOG: Apr_30_14:21: tick!!!
 INFO LOG: Apr_30_14:23: tick!!!
 INFO LOG: Apr_30_14:25: tick!!!
 INFO LOG: Apr_30_14:27: tick!!!
 INFO LOG: Apr_30_14:29: tick!!!
 INFO LOG: Apr_30_14:31: tick!!!
 INFO LOG: Apr_30_14:33: tick!!!
 INFO LOG: Apr_30_14:35: tick!!!
 INFO LOG: Apr_30_14:37: tick!!!
 INFO LOG: Apr_30_14:39: tick!!!
 INFO LOG: Apr_30_14:41: tick!!!
 INFO LOG: Apr_30_14:43: tick!!!
 INFO LOG: Apr_30_14:45: tick!!!
 INFO LOG: Apr_30_14:47: tick!!!
 INFO LOG: Apr_30_14:49: tick!!!
 INFO LOG: Apr_30_14:51: tick!!!
 INFO LOG: Apr_30_14:53: tick!!!
 INFO LOG: Apr_30_14:55: tick!!!
 INFO LOG: Apr_30_14:57: tick!!!
 INFO LOG: Apr_30_14:59: tick!!!
 INFO LOG: Apr_30_15:01: tick!!!
 INFO LOG: Apr_30_15:03: tick!!!
 INFO LOG: Apr_30_15:05: tick!!!
 INFO LOG: Apr_30_15:07: tick!!!
 INFO LOG: Apr_30_15:09: tick!!!
 INFO LOG: Apr_30_15:11: tick!!!
 INFO LOG: Apr_30_15:13: tick!!!
 INFO LOG: Apr_30_15:15: tick!!!
 INFO LOG: Apr_30_15:17: tick!!!
 INFO LOG: Apr_30_15:19: tick!!!
 INFO LOG: Apr_30_15:21: tick!!!
 INFO LOG: Apr_30_15:23: tick!!!
 INFO LOG: Apr_30_15:25: tick!!!
 INFO LOG: Apr_30_15:27: tick!!!
 INFO LOG: Apr_30_15:29: tick!!!
 INFO LOG: Apr_30_15:31: tick!!!
 INFO LOG: Apr_30_15:33: tick!!!
 INFO LOG: Apr_30_15:35: tick!!!
 INFO LOG: Apr_30_15:37: tick!!!
 INFO LOG: Apr_30_15:39: tick!!!
 INFO LOG: Apr_30_15:41: tick!!!
 INFO LOG: Apr_30_15:43: tick!!!
 INFO LOG: Apr_30_15:45: tick!!!
 INFO LOG: Apr_30_15:47: tick!!!
 INFO LOG: Apr_30_15:49: tick!!!
 INFO LOG: Apr_30_15:51: tick!!!
 INFO LOG: Apr_30_15:53: tick!!!
 INFO LOG: Apr_30_15:55: tick!!!
 INFO LOG: Apr_30_15:57: tick!!!
 INFO LOG: Apr_30_15:59: tick!!!
 INFO LOG: Apr_30_16:01: tick!!!
 INFO LOG: Apr_30_16:03: tick!!!
 INFO LOG: Apr_30_16:05: tick!!!
 INFO LOG: Apr_30_16:07: tick!!!
 INFO LOG: Apr_30_16:09: tick!!!
 INFO LOG: Apr_30_16:11: tick!!!
 INFO LOG: Apr_30_16:13: tick!!!
 INFO LOG: Apr_30_16:15: tick!!!
 INFO LOG: Apr_30_16:17: tick!!!
 INFO LOG: Apr_30_16:19: tick!!!
 INFO LOG: Apr_30_16:21: tick!!!
 INFO LOG: Apr_30_16:23: tick!!!
 INFO LOG: Apr_30_16:25: tick!!!
 INFO LOG: Apr_30_16:27: tick!!!
 INFO LOG: Apr_30_16:29: tick!!!
 INFO LOG: Apr_30_16:31: tick!!!
 INFO LOG: Apr_30_16:33: tick!!!
 INFO LOG: Apr_30_16:35: tick!!!
 INFO LOG: Apr_30_16:37: tick!!!
 INFO LOG: Apr_30_16:39: tick!!!
 INFO LOG: Apr_30_16:41: tick!!!
 INFO LOG: Apr_30_16:43: tick!!!
 INFO LOG: Apr_30_16:45: tick!!!
 INFO LOG: Apr_30_16:47: tick!!!
 INFO LOG: Apr_30_16:49: tick!!!
 INFO LOG: Apr_30_16:51: tick!!!
 INFO LOG: Apr_30_16:53: tick!!!
 INFO LOG: Apr_30_16:55: tick!!!
 INFO LOG: Apr_30_16:57: tick!!!
 INFO LOG: Apr_30_16:59: tick!!!
 INFO LOG: Apr_30_17:01: tick!!!
 INFO LOG: Apr_30_17:03: tick!!!
 INFO LOG: Apr_30_17:05: tick!!!
 INFO LOG: Apr_30_17:07: tick!!!
 INFO LOG: Apr_30_17:09: tick!!!
 INFO LOG: Apr_30_17:11: tick!!!
 INFO LOG: Apr_30_17:13: tick!!!
 INFO LOG: Apr_30_17:15: tick!!!
 INFO LOG: Apr_30_17:17: tick!!!
 INFO LOG: Apr_30_17:19: tick!!!
 INFO LOG: Apr_30_17:21: tick!!!
 INFO LOG: Apr_30_17:23: tick!!!
 INFO LOG: Apr_30_17:25: tick!!!
 INFO LOG: Apr_30_17:27: tick!!!
 INFO LOG: Apr_30_17:29: tick!!!
 INFO LOG: Apr_30_17:31: tick!!!
 INFO LOG: Apr_30_17:33: tick!!!
 INFO LOG: Apr_30_17:35: tick!!!
 INFO LOG: Apr_30_17:37: -- #<Player:0x0000000191a0b8>:99.191.82.191:54722 disconnected from CoralMUD!
 INFO LOG: Apr_30_17:37: Program closed.
 INFO LOG: Apr_30_17:58: Logging enabled.   Loading logs.rb.
 INFO LOG: Apr_30_17:58: Loading facade.rb
 INFO LOG: Apr_30_17:58: Loading utils.rb
 INFO LOG: Apr_30_17:58: Loading word_processing.rb
 INFO LOG: Apr_30_17:58: Loading constants.rb
 INFO LOG: Apr_30_17:58: Loading class_property.rb
 INFO LOG: Apr_30_17:58: Loading scripts.rb
 INFO LOG: Apr_30_17:58: Loading tags.rb
 INFO LOG: Apr_30_17:58: Loading editor/editors.rb
 INFO LOG: Apr_30_17:58: Loading editor/editor.strings.rb
 INFO LOG: Apr_30_17:58: Loading editor/editor.rooms.rb
 INFO LOG: Apr_30_17:58: Loading editor/editor.exits.rb
 INFO LOG: Apr_30_17:58: Loading editor/editor.zones.rb
 INFO LOG: Apr_30_17:58: Loading editor/editor.npc.rb
 INFO LOG: Apr_30_17:58: Loading editor/editor.items.rb
 INFO LOG: Apr_30_17:58: Loading mxp.rb
 INFO LOG: Apr_30_17:58: Loading mccp.rb
 INFO LOG: Apr_30_17:58: Loading flags.rb
 INFO LOG: Apr_30_17:58: Loading damage.rb
 INFO LOG: Apr_30_17:58: Loading areas.rb
 INFO LOG: Apr_30_17:58: Loading event.rb
 INFO LOG: Apr_30_17:58: Loading automap/automap.rb
 INFO LOG: Apr_30_17:58: Loading cities.olc.rb
 INFO LOG: Apr_30_17:58: Loading cities.rb
 INFO LOG: Apr_30_17:58: Loading sector definitions.
 INFO LOG: Apr_30_17:58: Loading help.rb
 INFO LOG: Apr_30_17:58: Loading imcruby.rb
 INFO LOG: Apr_30_17:58: Loading player.rb
 INFO LOG: Apr_30_17:58: Loading commands.rb
 INFO LOG: Apr_30_17:58: Loading random.rb
 INFO LOG: Apr_30_17:58: Loading npc.rb
 INFO LOG: Apr_30_17:58: Loading items.rb
 INFO LOG: Apr_30_17:58: Loading spells.rb
 INFO LOG: Apr_30_17:58: Loading all zones.
 INFO LOG: Apr_30_17:58: Starting server.
 INFO LOG: Apr_30_17:58: CoralMUD is now up on port 4000.
 INFO LOG: Apr_30_17:58: -- 99.191.82.191:37853 connected to CoralMUD!
 INFO LOG: Apr_30_17:58: -- 99.191.82.191:37853: Retnur is trying to connect.
 INFO LOG: Apr_30_17:58: -- 99.191.82.191:37853: Retnur player file found.
 INFO LOG: Apr_30_17:58: -- Retnur has entered the game.
ERROR LOG: undefined local variable or method `arg' for #<Player:0x00000000e1dd40>
ERROR LOG: /home/heath/coral/lib/commands/get.rb:3:in `cmd_get'
ERROR LOG: /home/heath/coral/lib/commands.rb:229:in `execute_command'
ERROR LOG: /home/heath/coral/core/socketengine.rb:161:in `handle_cmd_input'
ERROR LOG: /home/heath/coral/core/socketengine.rb:135:in `receive_data'
ERROR LOG: /usr/local/lib/ruby/gems/1.9.1/gems/eventmachine-0.12.8/lib/eventmachine.rb:242:in `run_machine'
ERROR LOG: /usr/local/lib/ruby/gems/1.9.1/gems/eventmachine-0.12.8/lib/eventmachine.rb:242:in `run'
ERROR LOG: coral.rb:168:in `<main>'
 INFO LOG: Apr_30_17:59: -- #<Player:0x00000000e1dd40>:99.191.82.191:37853 disconnected from CoralMUD!
 INFO LOG: Apr_30_17:59: Logging enabled.   Loading logs.rb.
 INFO LOG: Apr_30_17:59: Loading facade.rb
 INFO LOG: Apr_30_17:59: Loading utils.rb
 INFO LOG: Apr_30_17:59: Loading word_processing.rb
 INFO LOG: Apr_30_17:59: Loading constants.rb
 INFO LOG: Apr_30_17:59: Loading class_property.rb
 INFO LOG: Apr_30_17:59: Loading scripts.rb
 INFO LOG: Apr_30_17:59: Loading tags.rb
 INFO LOG: Apr_30_17:59: Loading editor/editors.rb
 INFO LOG: Apr_30_17:59: Loading editor/editor.strings.rb
 INFO LOG: Apr_30_17:59: Loading editor/editor.rooms.rb
 INFO LOG: Apr_30_17:59: Loading editor/editor.exits.rb
 INFO LOG: Apr_30_17:59: Loading editor/editor.zones.rb
 INFO LOG: Apr_30_17:59: Loading editor/editor.npc.rb
 INFO LOG: Apr_30_17:59: Loading editor/editor.items.rb
 INFO LOG: Apr_30_17:59: Loading mxp.rb
 INFO LOG: Apr_30_17:59: Loading mccp.rb
 INFO LOG: Apr_30_17:59: Loading flags.rb
 INFO LOG: Apr_30_17:59: Loading damage.rb
 INFO LOG: Apr_30_17:59: Loading areas.rb
 INFO LOG: Apr_30_17:59: Loading event.rb
 INFO LOG: Apr_30_17:59: Loading automap/automap.rb
 INFO LOG: Apr_30_17:59: Loading cities.olc.rb
 INFO LOG: Apr_30_17:59: Loading cities.rb
 INFO LOG: Apr_30_17:59: Loading sector definitions.
 INFO LOG: Apr_30_17:59: Loading help.rb
 INFO LOG: Apr_30_17:59: Loading imcruby.rb
 INFO LOG: Apr_30_17:59: Loading player.rb
 INFO LOG: Apr_30_17:59: Loading commands.rb
 INFO LOG: Apr_30_17:59: Loading random.rb
 INFO LOG: Apr_30_17:59: Loading npc.rb
 INFO LOG: Apr_30_17:59: Loading items.rb
 INFO LOG: Apr_30_17:59: Loading spells.rb
 INFO LOG: Apr_30_17:59: Loading all zones.
 INFO LOG: Apr_30_17:59: Starting server.
 INFO LOG: Apr_30_17:59: CoralMUD is now up on port 4000.
 INFO LOG: Apr_30_17:59: -- 99.191.82.191:59168 connected to CoralMUD!
 INFO LOG: Apr_30_17:59: -- 99.191.82.191:59168: Retnur is trying to connect.
 INFO LOG: Apr_30_17:59: -- 99.191.82.191:59168: Retnur player file found.
 INFO LOG: Apr_30_17:59: -- Retnur has entered the game.
ERROR LOG: undefined local variable or method `arg' for #<Player:0x00000002b3d2b8>
ERROR LOG: /home/heath/coral/lib/commands/get.rb:4:in `cmd_get'
ERROR LOG: /home/heath/coral/lib/commands.rb:229:in `execute_command'
ERROR LOG: /home/heath/coral/core/socketengine.rb:161:in `handle_cmd_input'
ERROR LOG: /home/heath/coral/core/socketengine.rb:135:in `receive_data'
ERROR LOG: /usr/local/lib/ruby/gems/1.9.1/gems/eventmachine-0.12.8/lib/eventmachine.rb:242:in `run_machine'
ERROR LOG: /usr/local/lib/ruby/gems/1.9.1/gems/eventmachine-0.12.8/lib/eventmachine.rb:242:in `run'
ERROR LOG: coral.rb:168:in `<main>'
 INFO LOG: Apr_30_18:00: -- #<Player:0x00000002b3d2b8>:99.191.82.191:59168 disconnected from CoralMUD!
 INFO LOG: Apr_30_18:00: Logging enabled.   Loading logs.rb.
 INFO LOG: Apr_30_18:00: Loading facade.rb
 INFO LOG: Apr_30_18:00: Loading utils.rb
 INFO LOG: Apr_30_18:00: Loading word_processing.rb
 INFO LOG: Apr_30_18:00: Loading constants.rb
 INFO LOG: Apr_30_18:00: Loading class_property.rb
 INFO LOG: Apr_30_18:00: Loading scripts.rb
 INFO LOG: Apr_30_18:00: Loading tags.rb
 INFO LOG: Apr_30_18:00: Loading editor/editors.rb
 INFO LOG: Apr_30_18:00: Loading editor/editor.strings.rb
 INFO LOG: Apr_30_18:00: Loading editor/editor.rooms.rb
 INFO LOG: Apr_30_18:00: Loading editor/editor.exits.rb
 INFO LOG: Apr_30_18:00: Loading editor/editor.zones.rb
 INFO LOG: Apr_30_18:00: Loading editor/editor.npc.rb
 INFO LOG: Apr_30_18:00: Loading editor/editor.items.rb
 INFO LOG: Apr_30_18:00: Loading mxp.rb
 INFO LOG: Apr_30_18:00: Loading mccp.rb
 INFO LOG: Apr_30_18:00: Loading flags.rb
 INFO LOG: Apr_30_18:00: Loading damage.rb
 INFO LOG: Apr_30_18:00: Loading areas.rb
 INFO LOG: Apr_30_18:00: Loading event.rb
 INFO LOG: Apr_30_18:00: Loading automap/automap.rb
 INFO LOG: Apr_30_18:00: Loading cities.olc.rb
 INFO LOG: Apr_30_18:00: Loading cities.rb
 INFO LOG: Apr_30_18:00: Loading sector definitions.
 INFO LOG: Apr_30_18:00: Loading help.rb
 INFO LOG: Apr_30_18:00: Loading imcruby.rb
 INFO LOG: Apr_30_18:00: Loading player.rb
 INFO LOG: Apr_30_18:00: Loading commands.rb
 INFO LOG: Apr_30_18:00: Loading random.rb
 INFO LOG: Apr_30_18:00: Loading npc.rb
 INFO LOG: Apr_30_18:00: Loading items.rb
 INFO LOG: Apr_30_18:00: Loading spells.rb
 INFO LOG: Apr_30_18:00: Loading all zones.
 INFO LOG: Apr_30_18:00: Starting server.
 INFO LOG: Apr_30_18:00: CoralMUD is now up on port 4000.
 INFO LOG: Apr_30_18:00: -- 99.191.82.191:58551 connected to CoralMUD!
 INFO LOG: Apr_30_18:00: -- 99.191.82.191:58551: Retnur is trying to connect.
 INFO LOG: Apr_30_18:00: -- 99.191.82.191:58551: Retnur player file found.
 INFO LOG: Apr_30_18:00: -- Retnur has entered the game.
 INFO LOG: Apr_30_18:02: tick!!!
 INFO LOG: Apr_30_18:04: tick!!!
 INFO LOG: Apr_30_18:06: tick!!!
 INFO LOG: Apr_30_18:08: tick!!!
 INFO LOG: Apr_30_18:10: tick!!!
 INFO LOG: Apr_30_18:10: Loading commands.rb
 INFO LOG: Apr_30_18:11: Loading items.rb
 INFO LOG: Apr_30_18:12: tick!!!
 INFO LOG: Apr_30_18:12: Loading commands.rb
 INFO LOG: Apr_30_18:13: -- #<Player:0x00000002724500>:99.191.82.191:58551 disconnected from CoralMUD!
 INFO LOG: Apr_30_18:13: Logging enabled.   Loading logs.rb.
 INFO LOG: Apr_30_18:13: Loading facade.rb
 INFO LOG: Apr_30_18:13: Loading utils.rb
 INFO LOG: Apr_30_18:13: Loading word_processing.rb
 INFO LOG: Apr_30_18:13: Loading constants.rb
 INFO LOG: Apr_30_18:13: Loading class_property.rb
 INFO LOG: Apr_30_18:13: Loading scripts.rb
 INFO LOG: Apr_30_18:13: Loading tags.rb
 INFO LOG: Apr_30_18:13: Loading editor/editors.rb
 INFO LOG: Apr_30_18:13: Loading editor/editor.strings.rb
 INFO LOG: Apr_30_18:13: Loading editor/editor.rooms.rb
 INFO LOG: Apr_30_18:13: Loading editor/editor.exits.rb
 INFO LOG: Apr_30_18:13: Loading editor/editor.zones.rb
 INFO LOG: Apr_30_18:13: Loading editor/editor.npc.rb
 INFO LOG: Apr_30_18:13: Loading editor/editor.items.rb
 INFO LOG: Apr_30_18:13: Loading mxp.rb
 INFO LOG: Apr_30_18:13: Loading mccp.rb
 INFO LOG: Apr_30_18:13: Loading flags.rb
 INFO LOG: Apr_30_18:13: Loading damage.rb
 INFO LOG: Apr_30_18:13: Loading areas.rb
 INFO LOG: Apr_30_18:13: Loading event.rb
 INFO LOG: Apr_30_18:13: Loading automap/automap.rb
 INFO LOG: Apr_30_18:13: Loading cities.olc.rb
 INFO LOG: Apr_30_18:13: Loading cities.rb
 INFO LOG: Apr_30_18:13: Loading sector definitions.
 INFO LOG: Apr_30_18:13: Loading help.rb
 INFO LOG: Apr_30_18:13: Loading imcruby.rb
 INFO LOG: Apr_30_18:13: Loading player.rb
 INFO LOG: Apr_30_18:13: Loading commands.rb
 INFO LOG: Apr_30_18:13: Loading random.rb
 INFO LOG: Apr_30_18:13: Loading npc.rb
 INFO LOG: Apr_30_18:13: Loading items.rb
 INFO LOG: Apr_30_18:13: Loading spells.rb
 INFO LOG: Apr_30_18:13: Loading all zones.
 INFO LOG: Apr_30_18:13: Starting server.
 INFO LOG: Apr_30_18:13: CoralMUD is now up on port 4000.
 INFO LOG: Apr_30_18:13: -- 99.191.82.191:34462 connected to CoralMUD!
 INFO LOG: Apr_30_18:13: -- 99.191.82.191:34462: Retnur is trying to connect.
 INFO LOG: Apr_30_18:13: -- 99.191.82.191:34462: Retnur player file found.
 INFO LOG: Apr_30_18:13: -- Retnur has entered the game.
 INFO LOG: Apr_30_18:15: tick!!!
 INFO LOG: Apr_30_18:16: -- #<Player:0x00000001db8ae8>:99.191.82.191:34462 disconnected from CoralMUD!
 INFO LOG: Apr_30_18:16: Logging enabled.   Loading logs.rb.
 INFO LOG: Apr_30_18:16: Loading facade.rb
 INFO LOG: Apr_30_18:16: Loading utils.rb
 INFO LOG: Apr_30_18:16: Loading word_processing.rb
 INFO LOG: Apr_30_18:16: Loading constants.rb
 INFO LOG: Apr_30_18:16: Loading class_property.rb
 INFO LOG: Apr_30_18:16: Loading scripts.rb
 INFO LOG: Apr_30_18:16: Loading tags.rb
 INFO LOG: Apr_30_18:16: Loading editor/editors.rb
 INFO LOG: Apr_30_18:16: Loading editor/editor.strings.rb
 INFO LOG: Apr_30_18:16: Loading editor/editor.rooms.rb
 INFO LOG: Apr_30_18:16: Loading editor/editor.exits.rb
 INFO LOG: Apr_30_18:16: Loading editor/editor.zones.rb
 INFO LOG: Apr_30_18:16: Loading editor/editor.npc.rb
 INFO LOG: Apr_30_18:16: Loading editor/editor.items.rb
 INFO LOG: Apr_30_18:16: Loading mxp.rb
 INFO LOG: Apr_30_18:16: Loading mccp.rb
 INFO LOG: Apr_30_18:16: Loading flags.rb
 INFO LOG: Apr_30_18:16: Loading damage.rb
 INFO LOG: Apr_30_18:16: Loading areas.rb
 INFO LOG: Apr_30_18:16: Loading event.rb
 INFO LOG: Apr_30_18:16: Loading automap/automap.rb
 INFO LOG: Apr_30_18:16: Loading cities.olc.rb
 INFO LOG: Apr_30_18:16: Loading cities.rb
 INFO LOG: Apr_30_18:16: Loading sector definitions.
 INFO LOG: Apr_30_18:16: Loading help.rb
 INFO LOG: Apr_30_18:16: Loading imcruby.rb
 INFO LOG: Apr_30_18:16: Loading player.rb
 INFO LOG: Apr_30_18:16: Loading commands.rb
 INFO LOG: Apr_30_18:16: Loading random.rb
 INFO LOG: Apr_30_18:16: Loading npc.rb
 INFO LOG: Apr_30_18:16: Loading items.rb
 INFO LOG: Apr_30_18:16: Loading spells.rb
 INFO LOG: Apr_30_18:16: Loading all zones.
 INFO LOG: Apr_30_18:16: Starting server.
 INFO LOG: Apr_30_18:16: CoralMUD is now up on port 4000.
 INFO LOG: Apr_30_18:16: -- 99.191.82.191:39771 connected to CoralMUD!
 INFO LOG: Apr_30_18:16: -- 99.191.82.191:39771: Retnur is trying to connect.
 INFO LOG: Apr_30_18:16: -- 99.191.82.191:39771: Retnur player file found.
 INFO LOG: Apr_30_18:16: -- Retnur has entered the game.
ERROR LOG: can't convert nil into String
ERROR LOG: /home/heath/coral/lib/commands/inventory.rb:10:in `+'
ERROR LOG: /home/heath/coral/lib/commands/inventory.rb:10:in `cmd_inventory'
ERROR LOG: /home/heath/coral/lib/commands.rb:229:in `execute_command'
ERROR LOG: /home/heath/coral/core/socketengine.rb:161:in `handle_cmd_input'
ERROR LOG: /home/heath/coral/core/socketengine.rb:135:in `receive_data'
ERROR LOG: /usr/local/lib/ruby/gems/1.9.1/gems/eventmachine-0.12.8/lib/eventmachine.rb:242:in `run_machine'
ERROR LOG: /usr/local/lib/ruby/gems/1.9.1/gems/eventmachine-0.12.8/lib/eventmachine.rb:242:in `run'
ERROR LOG: coral.rb:168:in `<main>'
 INFO LOG: Apr_30_18:18: tick!!!
 INFO LOG: Apr_30_18:20: tick!!!
 INFO LOG: Apr_30_18:22: tick!!!
 INFO LOG: Apr_30_18:22: -- #<Player:0x000000012de758>:99.191.82.191:39771 disconnected from CoralMUD!
 INFO LOG: Apr_30_18:22: Logging enabled.   Loading logs.rb.
 INFO LOG: Apr_30_18:22: Loading facade.rb
 INFO LOG: Apr_30_18:22: Loading utils.rb
 INFO LOG: Apr_30_18:22: Loading word_processing.rb
 INFO LOG: Apr_30_18:22: Loading constants.rb
 INFO LOG: Apr_30_18:22: Loading class_property.rb
 INFO LOG: Apr_30_18:22: Loading scripts.rb
 INFO LOG: Apr_30_18:22: Loading tags.rb
 INFO LOG: Apr_30_18:22: Loading editor/editors.rb
 INFO LOG: Apr_30_18:22: Loading editor/editor.strings.rb
 INFO LOG: Apr_30_18:22: Loading editor/editor.rooms.rb
 INFO LOG: Apr_30_18:22: Loading editor/editor.exits.rb
 INFO LOG: Apr_30_18:22: Loading editor/editor.zones.rb
 INFO LOG: Apr_30_18:22: Loading editor/editor.npc.rb
 INFO LOG: Apr_30_18:22: Loading editor/editor.items.rb
 INFO LOG: Apr_30_18:22: Loading mxp.rb
 INFO LOG: Apr_30_18:22: Loading mccp.rb
 INFO LOG: Apr_30_18:22: Loading flags.rb
 INFO LOG: Apr_30_18:22: Loading damage.rb
 INFO LOG: Apr_30_18:22: Loading areas.rb
 INFO LOG: Apr_30_18:22: Loading event.rb
 INFO LOG: Apr_30_18:22: Loading automap/automap.rb
 INFO LOG: Apr_30_18:22: Loading cities.olc.rb
 INFO LOG: Apr_30_18:22: Loading cities.rb
 INFO LOG: Apr_30_18:22: Loading sector definitions.
 INFO LOG: Apr_30_18:22: Loading help.rb
 INFO LOG: Apr_30_18:22: Loading imcruby.rb
 INFO LOG: Apr_30_18:22: Loading player.rb
 INFO LOG: Apr_30_18:22: Loading commands.rb
 INFO LOG: Apr_30_18:22: Loading random.rb
 INFO LOG: Apr_30_18:22: Loading npc.rb
 INFO LOG: Apr_30_18:22: Loading items.rb
 INFO LOG: Apr_30_18:22: Loading spells.rb
 INFO LOG: Apr_30_18:22: Loading all zones.
 INFO LOG: Apr_30_18:22: Starting server.
 INFO LOG: Apr_30_18:22: CoralMUD is now up on port 4000.
 INFO LOG: Apr_30_18:22: -- 99.191.82.191:44340 connected to CoralMUD!
 INFO LOG: Apr_30_18:22: -- 99.191.82.191:44340: Retnur is trying to connect.
 INFO LOG: Apr_30_18:22: -- 99.191.82.191:44340: Retnur player file found.
 INFO LOG: Apr_30_18:22: -- Retnur has entered the game.
 INFO LOG: Apr_30_18:24: tick!!!
 INFO LOG: Apr_30_18:26: tick!!!
 INFO LOG: Apr_30_18:28: tick!!!
 INFO LOG: Apr_30_18:30: tick!!!
 INFO LOG: Apr_30_18:32: tick!!!
 INFO LOG: Apr_30_18:34: tick!!!
 INFO LOG: Apr_30_18:34: -- #<Player:0x00000001f1e068>:99.191.82.191:44340 disconnected from CoralMUD!
 INFO LOG: Apr_30_18:34: Logging enabled.   Loading logs.rb.
 INFO LOG: Apr_30_18:34: Loading facade.rb
 INFO LOG: Apr_30_18:34: Loading utils.rb
 INFO LOG: Apr_30_18:34: Loading word_processing.rb
 INFO LOG: Apr_30_18:34: Loading constants.rb
 INFO LOG: Apr_30_18:34: Loading class_property.rb
 INFO LOG: Apr_30_18:34: Loading scripts.rb
 INFO LOG: Apr_30_18:34: Loading tags.rb
 INFO LOG: Apr_30_18:34: Loading editor/editors.rb
 INFO LOG: Apr_30_18:34: Loading editor/editor.strings.rb
 INFO LOG: Apr_30_18:34: Loading editor/editor.rooms.rb
 INFO LOG: Apr_30_18:34: Loading editor/editor.exits.rb
 INFO LOG: Apr_30_18:34: Loading editor/editor.zones.rb
 INFO LOG: Apr_30_18:34: Loading editor/editor.npc.rb
 INFO LOG: Apr_30_18:34: Loading editor/editor.items.rb
 INFO LOG: Apr_30_18:34: Loading mxp.rb
 INFO LOG: Apr_30_18:34: Loading mccp.rb
 INFO LOG: Apr_30_18:34: Loading flags.rb
 INFO LOG: Apr_30_18:34: Loading damage.rb
 INFO LOG: Apr_30_18:34: Loading areas.rb
 INFO LOG: Apr_30_18:34: Loading event.rb
 INFO LOG: Apr_30_18:34: Loading automap/automap.rb
 INFO LOG: Apr_30_18:34: Loading cities.olc.rb
 INFO LOG: Apr_30_18:34: Loading cities.rb
 INFO LOG: Apr_30_18:34: Loading sector definitions.
 INFO LOG: Apr_30_18:34: Loading help.rb
 INFO LOG: Apr_30_18:34: Loading imcruby.rb
 INFO LOG: Apr_30_18:34: Loading player.rb
 INFO LOG: Apr_30_18:34: Loading commands.rb
 INFO LOG: Apr_30_18:34: Loading random.rb
 INFO LOG: Apr_30_18:34: Loading npc.rb
 INFO LOG: Apr_30_18:34: Loading items.rb
 INFO LOG: Apr_30_18:34: Loading spells.rb
 INFO LOG: Apr_30_18:34: Loading all zones.
 INFO LOG: Apr_30_18:34: Starting server.
 INFO LOG: Apr_30_18:34: CoralMUD is now up on port 4000.
 INFO LOG: Apr_30_18:34: -- 99.191.82.191:45579 connected to CoralMUD!
 INFO LOG: Apr_30_18:34: -- 99.191.82.191:45579: Retnur is trying to connect.
 INFO LOG: Apr_30_18:34: -- 99.191.82.191:45579: Retnur player file found.
 INFO LOG: Apr_30_18:34: -- Retnur has entered the game.
ERROR LOG: undefined method `capitalize' for nil:NilClass
ERROR LOG: /home/heath/coral/lib/commands/look.rb:40:in `cmd_look'
ERROR LOG: /home/heath/coral/lib/commands.rb:229:in `execute_command'
ERROR LOG: /home/heath/coral/core/creation.rb:114:in `block in assign_nanny'
ERROR LOG: undefined method `capitalize' for nil:NilClass
ERROR LOG: /home/heath/coral/lib/commands/look.rb:40:in `cmd_look'
ERROR LOG: /home/heath/coral/lib/commands.rb:229:in `execute_command'
ERROR LOG: /home/heath/coral/core/socketengine.rb:161:in `handle_cmd_input'
ERROR LOG: /home/heath/coral/core/socketengine.rb:135:in `receive_data'
ERROR LOG: /usr/local/lib/ruby/gems/1.9.1/gems/eventmachine-0.12.8/lib/eventmachine.rb:242:in `run_machine'
ERROR LOG: /usr/local/lib/ruby/gems/1.9.1/gems/eventmachine-0.12.8/lib/eventmachine.rb:242:in `run'
ERROR LOG: coral.rb:168:in `<main>'
 INFO LOG: Apr_30_18:35: Loading commands.rb
 INFO LOG: Apr_30_18:36: tick!!!
 INFO LOG: Apr_30_18:38: tick!!!
 INFO LOG: Apr_30_18:39: Loading items.rb
 INFO LOG: Apr_30_18:40: tick!!!
 INFO LOG: Apr_30_18:42: tick!!!
 INFO LOG: Apr_30_18:44: tick!!!
 INFO LOG: Apr_30_18:46: tick!!!
 INFO LOG: Apr_30_18:48: tick!!!
 INFO LOG: Apr_30_18:50: tick!!!
 INFO LOG: Apr_30_18:52: tick!!!
 INFO LOG: Apr_30_18:54: tick!!!
 INFO LOG: Apr_30_18:56: tick!!!
 INFO LOG: Apr_30_18:58: tick!!!
 INFO LOG: Apr_30_19:00: tick!!!
 INFO LOG: Apr_30_19:02: tick!!!
 INFO LOG: Apr_30_19:04: tick!!!
 INFO LOG: Apr_30_19:06: tick!!!
 INFO LOG: Apr_30_19:08: tick!!!
 INFO LOG: Apr_30_19:10: tick!!!
 INFO LOG: Apr_30_19:12: tick!!!
 INFO LOG: Apr_30_19:14: tick!!!
 INFO LOG: Apr_30_19:16: tick!!!
 INFO LOG: Apr_30_19:18: tick!!!
 INFO LOG: Apr_30_19:20: tick!!!
 INFO LOG: Apr_30_19:22: tick!!!
 INFO LOG: Apr_30_19:24: tick!!!
 INFO LOG: Apr_30_19:26: tick!!!
 INFO LOG: Apr_30_19:28: tick!!!
 INFO LOG: Apr_30_19:30: tick!!!
 INFO LOG: Apr_30_19:32: tick!!!
 INFO LOG: Apr_30_19:34: tick!!!
 INFO LOG: Apr_30_19:36: tick!!!
 INFO LOG: Apr_30_19:38: tick!!!
 INFO LOG: Apr_30_19:40: tick!!!
 INFO LOG: Apr_30_19:42: tick!!!
 INFO LOG: Apr_30_19:44: tick!!!
 INFO LOG: Apr_30_19:46: tick!!!
 INFO LOG: Apr_30_19:48: tick!!!
 INFO LOG: Apr_30_19:50: tick!!!
 INFO LOG: Apr_30_19:52: tick!!!
 INFO LOG: Apr_30_19:54: tick!!!
 INFO LOG: Apr_30_19:56: tick!!!
 INFO LOG: Apr_30_19:58: tick!!!
 INFO LOG: Apr_30_20:00: tick!!!
 INFO LOG: Apr_30_20:02: tick!!!
 INFO LOG: Apr_30_20:04: tick!!!
 INFO LOG: Apr_30_20:06: tick!!!
 INFO LOG: Apr_30_20:08: tick!!!
 INFO LOG: Apr_30_20:10: tick!!!
 INFO LOG: Apr_30_20:12: tick!!!
 INFO LOG: Apr_30_20:14: tick!!!
 INFO LOG: Apr_30_20:16: tick!!!
 INFO LOG: Apr_30_20:18: tick!!!
 INFO LOG: Apr_30_20:20: tick!!!
 INFO LOG: Apr_30_20:22: tick!!!
 INFO LOG: Apr_30_20:24: tick!!!
 INFO LOG: Apr_30_20:26: tick!!!
 INFO LOG: Apr_30_20:28: tick!!!
 INFO LOG: Apr_30_20:30: tick!!!
 INFO LOG: Apr_30_20:32: tick!!!
 INFO LOG: Apr_30_20:34: tick!!!
 INFO LOG: Apr_30_20:36: tick!!!
 INFO LOG: Apr_30_20:38: tick!!!
 INFO LOG: Apr_30_20:40: tick!!!
 INFO LOG: Apr_30_20:42: tick!!!
 INFO LOG: Apr_30_20:44: tick!!!
 INFO LOG: Apr_30_20:46: tick!!!
 INFO LOG: Apr_30_20:48: tick!!!
 INFO LOG: Apr_30_20:50: tick!!!
 INFO LOG: Apr_30_20:52: tick!!!
 INFO LOG: Apr_30_20:54: tick!!!
 INFO LOG: Apr_30_20:56: tick!!!
 INFO LOG: Apr_30_20:58: tick!!!
 INFO LOG: Apr_30_21:00: tick!!!
 INFO LOG: Apr_30_21:02: tick!!!
 INFO LOG: Apr_30_21:04: tick!!!
 INFO LOG: Apr_30_21:06: tick!!!
 INFO LOG: Apr_30_21:08: tick!!!
 INFO LOG: Apr_30_21:10: tick!!!
 INFO LOG: Apr_30_21:12: tick!!!
 INFO LOG: Apr_30_21:14: tick!!!
 INFO LOG: Apr_30_21:16: tick!!!
 INFO LOG: Apr_30_21:18: tick!!!
 INFO LOG: Apr_30_21:20: tick!!!
 INFO LOG: Apr_30_21:22: tick!!!
 INFO LOG: Apr_30_21:24: tick!!!
 INFO LOG: Apr_30_21:26: tick!!!
 INFO LOG: Apr_30_21:28: tick!!!
 INFO LOG: Apr_30_21:30: tick!!!
 INFO LOG: Apr_30_21:32: tick!!!
 INFO LOG: Apr_30_21:34: tick!!!
 INFO LOG: Apr_30_21:36: tick!!!
 INFO LOG: Apr_30_21:38: tick!!!
 INFO LOG: Apr_30_21:40: tick!!!
 INFO LOG: Apr_30_21:42: tick!!!
 INFO LOG: Apr_30_21:44: tick!!!
 INFO LOG: Apr_30_21:46: tick!!!
 INFO LOG: Apr_30_21:48: tick!!!
 INFO LOG: Apr_30_21:50: tick!!!
 INFO LOG: Apr_30_21:52: tick!!!
 INFO LOG: Apr_30_21:54: tick!!!
 INFO LOG: Apr_30_21:56: tick!!!
 INFO LOG: Apr_30_21:58: tick!!!
 INFO LOG: Apr_30_22:00: tick!!!
 INFO LOG: Apr_30_22:02: tick!!!
 INFO LOG: Apr_30_22:04: tick!!!
 INFO LOG: Apr_30_22:06: tick!!!
 INFO LOG: Apr_30_22:08: tick!!!
 INFO LOG: Apr_30_22:10: tick!!!
 INFO LOG: Apr_30_22:12: tick!!!
 INFO LOG: Apr_30_22:14: tick!!!
 INFO LOG: Apr_30_22:16: tick!!!
 INFO LOG: Apr_30_22:18: tick!!!
 INFO LOG: Apr_30_22:20: tick!!!
 INFO LOG: Apr_30_22:22: tick!!!
 INFO LOG: Apr_30_22:24: tick!!!
 INFO LOG: Apr_30_22:26: tick!!!
 INFO LOG: Apr_30_22:28: tick!!!
 INFO LOG: Apr_30_22:30: tick!!!
 INFO LOG: Apr_30_22:32: tick!!!
 INFO LOG: Apr_30_22:34: tick!!!
 INFO LOG: Apr_30_22:36: tick!!!
 INFO LOG: Apr_30_22:38: tick!!!
 INFO LOG: Apr_30_22:40: tick!!!
 INFO LOG: Apr_30_22:42: tick!!!
 INFO LOG: Apr_30_22:44: tick!!!
 INFO LOG: Apr_30_22:46: tick!!!
 INFO LOG: Apr_30_22:46: -- #<Player:0x00000002b86030>:99.191.82.191:45579 disconnected from CoralMUD!
 INFO LOG: Apr_30_22:47: Program closed.
