 INFO LOG: Apr__9_10: Logging enabled.   Loading logs.rb.
 INFO LOG: Apr__9_10: Loading utils.rb
 INFO LOG: Apr__9_10: Loading constants.rb
 INFO LOG: Apr__9_10: Loading class_property.rb
 INFO LOG: Apr__9_10: Loading editors.rb
 INFO LOG: Apr__9_10: Loading editor/editor.strings.rb
 INFO LOG: Apr__9_10: Loading mxp.rb
 INFO LOG: Apr__9_10: Loading mccp.rb
 INFO LOG: Apr__9_10: Loading flags.rb
 INFO LOG: Apr__9_10: Loading damage.rb
 INFO LOG: Apr__9_10: Loading event.rb
 INFO LOG: Apr__9_10: Loading automap/automap.rb
 INFO LOG: Apr__9_10: Loading cities.automap.rb
 INFO LOG: Apr__9_10: Loading cities.olc.rb
 INFO LOG: Apr__9_10: Loading cities.rb
 INFO LOG: Apr__9_10: Loading help.rb
 INFO LOG: Apr__9_10: Loading imcruby.rb
 INFO LOG: Apr__9_10: Loading player.rb
 INFO LOG: Apr__9_10: Loading player.commands.rb
 INFO LOG: Apr__9_10: Loading random.rb
 INFO LOG: Apr__9_10: Loading spells.rb
 INFO LOG: Apr__9_10: Starting server.
 INFO LOG: Apr__9_10: CoralMUD is now up on port 4000.
 INFO LOG: Apr__9_10: -- 99.191.82.191:35792 connected to CoralMUD!
 INFO LOG: Apr__9_10: -- 99.191.82.191:35792: Retnur is trying to connect.
 INFO LOG: Apr__9_10: -- 99.191.82.191:35792: Retnur player file found.
 INFO LOG: Apr__9_10: -- Retnur has entered the game.
 INFO LOG: Apr__9_10: -- #<Player:0x00000000b67bc8>:99.191.82.191:35792 disconnected from CoralMUD!
 INFO LOG: Apr__9_10: Program closed.
 INFO LOG: Apr__9_10: Logging enabled.   Loading logs.rb.
 INFO LOG: Apr__9_10: Loading utils.rb
 INFO LOG: Apr__9_10: Loading constants.rb
 INFO LOG: Apr__9_10: Loading class_property.rb
 INFO LOG: Apr__9_10: Loading editors.rb
 INFO LOG: Apr__9_10: Loading editor/editor.strings.rb
 INFO LOG: Apr__9_10: Loading mxp.rb
 INFO LOG: Apr__9_10: Loading mccp.rb
 INFO LOG: Apr__9_10: Loading flags.rb
 INFO LOG: Apr__9_10: Loading damage.rb
 INFO LOG: Apr__9_10: Loading event.rb
 INFO LOG: Apr__9_10: Loading automap/automap.rb
 INFO LOG: Apr__9_10: Loading cities.automap.rb
 INFO LOG: Apr__9_10: Loading cities.olc.rb
 INFO LOG: Apr__9_10: Loading cities.rb
 INFO LOG: Apr__9_10: Loading help.rb
 INFO LOG: Apr__9_10: Loading imcruby.rb
 INFO LOG: Apr__9_10: Loading player.rb
 INFO LOG: Apr__9_10: Loading player.commands.rb
 INFO LOG: Apr__9_10: Loading random.rb
 INFO LOG: Apr__9_10: Loading spells.rb
 INFO LOG: Apr__9_10: Starting server.
 INFO LOG: Apr__9_10: CoralMUD is now up on port 4000.
 INFO LOG: Apr__9_10: -- 99.191.82.191:56697 connected to CoralMUD!
 INFO LOG: Apr__9_10: -- 99.191.82.191:56697: Retnur is trying to connect.
 INFO LOG: Apr__9_10: -- 99.191.82.191:56697: Retnur player file found.
 INFO LOG: Apr__9_10: -- Retnur has entered the game.
 INFO LOG: Apr__9_10: -- #<Player:0x00000001827610>:99.191.82.191:56697 disconnected from CoralMUD!
 INFO LOG: Apr__9_10: tick!!!
 INFO LOG: Apr__9_10: -- 99.191.82.191:54300 connected to CoralMUD!
 INFO LOG: Apr__9_10: -- 99.191.82.191:54300: Retnur is trying to connect.
 INFO LOG: Apr__9_10: -- 99.191.82.191:54300: Retnur player file found.
 INFO LOG: Apr__9_10: -- Retnur has entered the game.
 INFO LOG: Apr__9_10: tick!!!
 INFO LOG: Apr__9_10: tick!!!
 INFO LOG: Apr__9_10: tick!!!
 INFO LOG: Apr__9_10: -- #<Player:0x000000018fcb08>:99.191.82.191:54300 disconnected from CoralMUD!
 INFO LOG: Apr__9_10: Program closed.
 INFO LOG: Apr__9_10: Logging enabled.   Loading logs.rb.
 INFO LOG: Apr__9_10: Loading utils.rb
 INFO LOG: Apr__9_10: Loading constants.rb
 INFO LOG: Apr__9_10: Loading class_property.rb
 INFO LOG: Apr__9_10: Loading editors.rb
 INFO LOG: Apr__9_10: Loading editor/editor.strings.rb
 INFO LOG: Apr__9_10: Loading mxp.rb
 INFO LOG: Apr__9_10: Loading mccp.rb
 INFO LOG: Apr__9_10: Loading flags.rb
 INFO LOG: Apr__9_10: Loading damage.rb
 INFO LOG: Apr__9_10: Loading event.rb
 INFO LOG: Apr__9_10: Loading automap/automap.rb
 INFO LOG: Apr__9_10: Loading cities.automap.rb
 INFO LOG: Apr__9_10: Loading cities.olc.rb
 INFO LOG: Apr__9_10: Loading cities.rb
 INFO LOG: Apr__9_10: Loading help.rb
 INFO LOG: Apr__9_10: Loading imcruby.rb
 INFO LOG: Apr__9_10: Loading player.rb
 INFO LOG: Apr__9_10: Loading player.commands.rb
 INFO LOG: Apr__9_10: Loading random.rb
 INFO LOG: Apr__9_10: Loading spells.rb
 INFO LOG: Apr__9_10: Starting server.
 INFO LOG: Apr__9_10: CoralMUD is now up on port 4000.
 INFO LOG: Apr__9_10: -- 99.191.82.191:44616 connected to CoralMUD!
 INFO LOG: Apr__9_10: -- 99.191.82.191:44616: Retnur is trying to connect.
 INFO LOG: Apr__9_10: -- 99.191.82.191:44616: Retnur player file found.
 INFO LOG: Apr__9_10: -- Retnur has entered the game.
 INFO LOG: Apr__9_10: tick!!!
 INFO LOG: Apr__9_10: -- #<Player:0x00000001802298>:99.191.82.191:44616 disconnected from CoralMUD!
 INFO LOG: Apr__9_10: Program closed.
 INFO LOG: Apr__9_10: Logging enabled.   Loading logs.rb.
 INFO LOG: Apr__9_10: Loading utils.rb
 INFO LOG: Apr__9_10: Loading constants.rb
 INFO LOG: Apr__9_10: Loading class_property.rb
 INFO LOG: Apr__9_10: Loading editors.rb
 INFO LOG: Apr__9_10: Loading editor/editor.strings.rb
 INFO LOG: Apr__9_10: Loading mxp.rb
 INFO LOG: Apr__9_10: Loading mccp.rb
 INFO LOG: Apr__9_10: Loading flags.rb
 INFO LOG: Apr__9_10: Loading damage.rb
 INFO LOG: Apr__9_10: Loading event.rb
 INFO LOG: Apr__9_10: Loading automap/automap.rb
 INFO LOG: Apr__9_10: Loading cities.automap.rb
 INFO LOG: Apr__9_10: Loading cities.olc.rb
 INFO LOG: Apr__9_10: Loading cities.rb
 INFO LOG: Apr__9_10: Loading help.rb
 INFO LOG: Apr__9_10: Loading imcruby.rb
 INFO LOG: Apr__9_10: Loading player.rb
 INFO LOG: Apr__9_10: Loading player.commands.rb
 INFO LOG: Apr__9_10: Loading random.rb
 INFO LOG: Apr__9_10: Loading spells.rb
 INFO LOG: Apr__9_10: Starting server.
 INFO LOG: Apr__9_10: CoralMUD is now up on port 4000.
 INFO LOG: Apr__9_10: -- 99.191.82.191:36618 connected to CoralMUD!
 INFO LOG: Apr__9_10: -- 99.191.82.191:36618: Retnur is trying to connect.
 INFO LOG: Apr__9_10: -- 99.191.82.191:36618: Retnur player file found.
 INFO LOG: Apr__9_10: -- Retnur has entered the game.
 INFO LOG: Apr__9_10: tick!!!
 INFO LOG: Apr__9_10: -- #<Player:0x000000028a0078>:99.191.82.191:36618 disconnected from CoralMUD!
 INFO LOG: Apr__9_10: Program closed.
 INFO LOG: Apr__9_10: Logging enabled.   Loading logs.rb.
 INFO LOG: Apr__9_10: Loading utils.rb
 INFO LOG: Apr__9_10: Loading constants.rb
 INFO LOG: Apr__9_10: Loading class_property.rb
 INFO LOG: Apr__9_10: Loading editors.rb
 INFO LOG: Apr__9_10: Loading editor/editor.strings.rb
 INFO LOG: Apr__9_10: Loading mxp.rb
 INFO LOG: Apr__9_10: Loading mccp.rb
 INFO LOG: Apr__9_10: Loading flags.rb
 INFO LOG: Apr__9_10: Loading damage.rb
 INFO LOG: Apr__9_10: Loading event.rb
 INFO LOG: Apr__9_10: Loading automap/automap.rb
 INFO LOG: Apr__9_10: Loading cities.automap.rb
 INFO LOG: Apr__9_10: Loading cities.olc.rb
 INFO LOG: Apr__9_10: Loading cities.rb
 INFO LOG: Apr__9_10: Loading help.rb
 INFO LOG: Apr__9_10: Loading imcruby.rb
 INFO LOG: Apr__9_10: Loading player.rb
 INFO LOG: Apr__9_10: Loading player.commands.rb
 INFO LOG: Apr__9_10: Loading random.rb
 INFO LOG: Apr__9_10: Loading spells.rb
 INFO LOG: Apr__9_10: Starting server.
 INFO LOG: Apr__9_10: CoralMUD is now up on port 4000.
 INFO LOG: Apr__9_10: -- 99.191.82.191:36059 connected to CoralMUD!
 INFO LOG: Apr__9_10: -- 99.191.82.191:36059: Retnur is trying to connect.
 INFO LOG: Apr__9_10: -- 99.191.82.191:36059: Retnur player file found.
 INFO LOG: Apr__9_10: -- Retnur has entered the game.
 INFO LOG: Apr__9_10: Loading automap/automap.rb
 INFO LOG: Apr__9_10: tick!!!
 INFO LOG: Apr__9_10: Loading cities.rb
 INFO LOG: Apr__9_10: tick!!!
 INFO LOG: Apr__9_10: -- #<Player:0x0000000221b9a0>:99.191.82.191:36059 disconnected from CoralMUD!
 INFO LOG: Apr__9_10: Program closed.
 INFO LOG: Apr__9_10: Logging enabled.   Loading logs.rb.
 INFO LOG: Apr__9_10: Loading utils.rb
 INFO LOG: Apr__9_10: Loading constants.rb
 INFO LOG: Apr__9_10: Loading class_property.rb
 INFO LOG: Apr__9_10: Loading editors.rb
 INFO LOG: Apr__9_10: Loading editor/editor.strings.rb
 INFO LOG: Apr__9_10: Loading mxp.rb
 INFO LOG: Apr__9_10: Loading mccp.rb
 INFO LOG: Apr__9_10: Loading flags.rb
 INFO LOG: Apr__9_10: Loading damage.rb
 INFO LOG: Apr__9_10: Loading event.rb
 INFO LOG: Apr__9_10: Loading automap/automap.rb
 INFO LOG: Apr__9_10: Loading cities.olc.rb
 INFO LOG: Apr__9_10: Loading cities.rb
 INFO LOG: Apr__9_10: Loading help.rb
 INFO LOG: Apr__9_10: Loading imcruby.rb
 INFO LOG: Apr__9_10: Loading player.rb
 INFO LOG: Apr__9_10: Loading player.commands.rb
 INFO LOG: Apr__9_10: Loading random.rb
 INFO LOG: Apr__9_10: Loading spells.rb
 INFO LOG: Apr__9_10: Starting server.
 INFO LOG: Apr__9_10: CoralMUD is now up on port 4000.
 INFO LOG: Apr__9_10: -- 99.191.82.191:45298 connected to CoralMUD!
 INFO LOG: Apr__9_10: -- 99.191.82.191:45298: Retnur is trying to connect.
 INFO LOG: Apr__9_10: -- 99.191.82.191:45298: Retnur player file found.
 INFO LOG: Apr__9_10: -- Retnur has entered the game.
 INFO LOG: Apr__9_10: -- #<Player:0x00000001d3f058>:99.191.82.191:45298 disconnected from CoralMUD!
 INFO LOG: Apr__9_10: Program closed.
 INFO LOG: Apr__9_10: Logging enabled.   Loading logs.rb.
 INFO LOG: Apr__9_10: Loading utils.rb
 INFO LOG: Apr__9_10: Loading constants.rb
 INFO LOG: Apr__9_10: Loading class_property.rb
 INFO LOG: Apr__9_10: Loading editors.rb
 INFO LOG: Apr__9_10: Loading editor/editor.strings.rb
 INFO LOG: Apr__9_10: Loading mxp.rb
 INFO LOG: Apr__9_10: Loading mccp.rb
 INFO LOG: Apr__9_10: Loading flags.rb
 INFO LOG: Apr__9_10: Loading damage.rb
 INFO LOG: Apr__9_10: Loading event.rb
 INFO LOG: Apr__9_10: Loading automap/automap.rb
 INFO LOG: Apr__9_10: Loading cities.olc.rb
 INFO LOG: Apr__9_10: Loading cities.rb
 INFO LOG: Apr__9_10: Loading help.rb
 INFO LOG: Apr__9_10: Loading imcruby.rb
 INFO LOG: Apr__9_10: Loading player.rb
 INFO LOG: Apr__9_10: Loading player.commands.rb
 INFO LOG: Apr__9_10: Loading random.rb
 INFO LOG: Apr__9_10: Loading spells.rb
 INFO LOG: Apr__9_10: Starting server.
 INFO LOG: Apr__9_10: CoralMUD is now up on port 4000.
 INFO LOG: Apr__9_10: -- 99.191.82.191:33108 connected to CoralMUD!
 INFO LOG: Apr__9_10: -- 99.191.82.191:33108: Invalid name in character creation.
 INFO LOG: Apr__9_10: -- 99.191.82.191:33108: Retnur is trying to connect.
 INFO LOG: Apr__9_10: -- 99.191.82.191:33108: Retnur player file found.
 INFO LOG: Apr__9_10: -- Retnur has entered the game.
 INFO LOG: Apr__9_10: -- #<Player:0x00000000dc7030>:99.191.82.191:33108 disconnected from CoralMUD!
 INFO LOG: Apr__9_10: Program closed.
 INFO LOG: Apr__9_10: Logging enabled.   Loading logs.rb.
 INFO LOG: Apr__9_10: Loading utils.rb
 INFO LOG: Apr__9_10: Loading constants.rb
 INFO LOG: Apr__9_10: Loading class_property.rb
 INFO LOG: Apr__9_10: Loading editors.rb
 INFO LOG: Apr__9_10: Loading editor/editor.strings.rb
 INFO LOG: Apr__9_10: Loading editor/editor.rooms.rb
 INFO LOG: Apr__9_10: Loading mxp.rb
 INFO LOG: Apr__9_10: Loading mccp.rb
 INFO LOG: Apr__9_10: Loading flags.rb
 INFO LOG: Apr__9_10: Loading damage.rb
 INFO LOG: Apr__9_10: Loading event.rb
 INFO LOG: Apr__9_10: Loading automap/automap.rb
 INFO LOG: Apr__9_10: Loading cities.olc.rb
 INFO LOG: Apr__9_10: Loading cities.rb
 INFO LOG: Apr__9_10: Loading help.rb
 INFO LOG: Apr__9_10: Loading imcruby.rb
 INFO LOG: Apr__9_10: Loading player.rb
 INFO LOG: Apr__9_10: Loading player.commands.rb
 INFO LOG: Apr__9_10: Loading random.rb
 INFO LOG: Apr__9_10: Loading spells.rb
 INFO LOG: Apr__9_10: Starting server.
 INFO LOG: Apr__9_10: CoralMUD is now up on port 4000.
 INFO LOG: Apr__9_10: -- 99.191.82.191:57119 connected to CoralMUD!
 INFO LOG: Apr__9_10: -- 99.191.82.191:57119: Retnur is trying to connect.
 INFO LOG: Apr__9_10: -- 99.191.82.191:57119: Retnur player file found.
 INFO LOG: Apr__9_10: -- Retnur has entered the game.
ERROR LOG: undefined method `each' for nil:NilClass
ERROR LOG: /home/heath/coral/lib/flags.rb:38:in `display_flags'
ERROR LOG: /home/heath/coral/lib/editors.rb:70:in `block in display_values'
ERROR LOG: /home/heath/coral/lib/editors.rb:65:in `collect'
ERROR LOG: /home/heath/coral/lib/editors.rb:65:in `display_values'
ERROR LOG: /home/heath/coral/lib/editors.rb:48:in `block in initialize'
ERROR LOG: /home/heath/coral/lib/editors.rb:144:in `call'
ERROR LOG: /home/heath/coral/lib/editors.rb:144:in `call_fun'
ERROR LOG: /home/heath/coral/lib/player.commands.rb:137:in `execute_command'
ERROR LOG: /home/heath/coral/lib/editors.rb:196:in `block in define_editor'
ERROR LOG: /home/heath/coral/lib/player.commands.rb:184:in `execute_command'
ERROR LOG: /home/heath/coral/core/socketengine.rb:156:in `handle_cmd_input'
ERROR LOG: /home/heath/coral/core/socketengine.rb:136:in `receive_data'
ERROR LOG: /usr/local/lib/ruby/gems/1.9.1/gems/eventmachine-0.12.8/lib/eventmachine.rb:242:in `run_machine'
ERROR LOG: /usr/local/lib/ruby/gems/1.9.1/gems/eventmachine-0.12.8/lib/eventmachine.rb:242:in `run'
ERROR LOG: coral.rb:110:in `<main>'
ERROR LOG: undefined method `each' for nil:NilClass
ERROR LOG: /home/heath/coral/lib/flags.rb:38:in `display_flags'
ERROR LOG: /home/heath/coral/lib/editors.rb:70:in `block in display_values'
ERROR LOG: /home/heath/coral/lib/editors.rb:65:in `collect'
ERROR LOG: /home/heath/coral/lib/editors.rb:65:in `display_values'
ERROR LOG: /home/heath/coral/lib/editors.rb:48:in `block in initialize'
ERROR LOG: /home/heath/coral/lib/editors.rb:144:in `call'
ERROR LOG: /home/heath/coral/lib/editors.rb:144:in `call_fun'
ERROR LOG: /home/heath/coral/lib/player.commands.rb:137:in `execute_command'
ERROR LOG: /home/heath/coral/lib/player.commands.rb:553:in `cmd_look'
ERROR LOG: /home/heath/coral/lib/player.commands.rb:184:in `execute_command'
ERROR LOG: /home/heath/coral/core/socketengine.rb:156:in `handle_cmd_input'
ERROR LOG: /home/heath/coral/core/socketengine.rb:136:in `receive_data'
ERROR LOG: /usr/local/lib/ruby/gems/1.9.1/gems/eventmachine-0.12.8/lib/eventmachine.rb:242:in `run_machine'
ERROR LOG: /usr/local/lib/ruby/gems/1.9.1/gems/eventmachine-0.12.8/lib/eventmachine.rb:242:in `run'
ERROR LOG: coral.rb:110:in `<main>'
ERROR LOG: undefined method `each' for nil:NilClass
ERROR LOG: /home/heath/coral/lib/flags.rb:38:in `display_flags'
ERROR LOG: /home/heath/coral/lib/editors.rb:70:in `block in display_values'
ERROR LOG: /home/heath/coral/lib/editors.rb:65:in `collect'
ERROR LOG: /home/heath/coral/lib/editors.rb:65:in `display_values'
ERROR LOG: /home/heath/coral/lib/editors.rb:48:in `block in initialize'
ERROR LOG: /home/heath/coral/lib/editors.rb:144:in `call'
ERROR LOG: /home/heath/coral/lib/editors.rb:144:in `call_fun'
ERROR LOG: /home/heath/coral/lib/player.commands.rb:137:in `execute_command'
ERROR LOG: /home/heath/coral/lib/player.commands.rb:553:in `cmd_look'
ERROR LOG: /home/heath/coral/lib/player.commands.rb:184:in `execute_command'
ERROR LOG: /home/heath/coral/core/socketengine.rb:156:in `handle_cmd_input'
ERROR LOG: /home/heath/coral/core/socketengine.rb:136:in `receive_data'
ERROR LOG: /usr/local/lib/ruby/gems/1.9.1/gems/eventmachine-0.12.8/lib/eventmachine.rb:242:in `run_machine'
ERROR LOG: /usr/local/lib/ruby/gems/1.9.1/gems/eventmachine-0.12.8/lib/eventmachine.rb:242:in `run'
ERROR LOG: coral.rb:110:in `<main>'
ERROR LOG: undefined method `each' for nil:NilClass
ERROR LOG: /home/heath/coral/lib/flags.rb:38:in `display_flags'
ERROR LOG: /home/heath/coral/lib/editors.rb:70:in `block in display_values'
ERROR LOG: /home/heath/coral/lib/editors.rb:65:in `collect'
ERROR LOG: /home/heath/coral/lib/editors.rb:65:in `display_values'
ERROR LOG: /home/heath/coral/lib/editors.rb:48:in `block in initialize'
ERROR LOG: /home/heath/coral/lib/editors.rb:144:in `call'
ERROR LOG: /home/heath/coral/lib/editors.rb:144:in `call_fun'
ERROR LOG: /home/heath/coral/lib/player.commands.rb:137:in `execute_command'
ERROR LOG: /home/heath/coral/lib/player.commands.rb:138:in `execute_command'
ERROR LOG: /home/heath/coral/core/socketengine.rb:156:in `handle_cmd_input'
ERROR LOG: /home/heath/coral/core/socketengine.rb:136:in `receive_data'
ERROR LOG: /usr/local/lib/ruby/gems/1.9.1/gems/eventmachine-0.12.8/lib/eventmachine.rb:242:in `run_machine'
ERROR LOG: /usr/local/lib/ruby/gems/1.9.1/gems/eventmachine-0.12.8/lib/eventmachine.rb:242:in `run'
ERROR LOG: coral.rb:110:in `<main>'
ERROR LOG: undefined method `each' for nil:NilClass
ERROR LOG: /home/heath/coral/lib/flags.rb:38:in `display_flags'
ERROR LOG: /home/heath/coral/lib/editors.rb:70:in `block in display_values'
ERROR LOG: /home/heath/coral/lib/editors.rb:65:in `collect'
ERROR LOG: /home/heath/coral/lib/editors.rb:65:in `display_values'
ERROR LOG: /home/heath/coral/lib/editors.rb:48:in `block in initialize'
ERROR LOG: /home/heath/coral/lib/editors.rb:144:in `call'
ERROR LOG: /home/heath/coral/lib/editors.rb:144:in `call_fun'
ERROR LOG: /home/heath/coral/lib/player.commands.rb:137:in `execute_command'
ERROR LOG: /home/heath/coral/core/socketengine.rb:156:in `handle_cmd_input'
ERROR LOG: /home/heath/coral/core/socketengine.rb:136:in `receive_data'
ERROR LOG: /usr/local/lib/ruby/gems/1.9.1/gems/eventmachine-0.12.8/lib/eventmachine.rb:242:in `run_machine'
ERROR LOG: /usr/local/lib/ruby/gems/1.9.1/gems/eventmachine-0.12.8/lib/eventmachine.rb:242:in `run'
ERROR LOG: coral.rb:110:in `<main>'
 INFO LOG: Apr__9_10: tick!!!
 INFO LOG: Apr__9_10: Loading editor/editor.rooms.rb
 INFO LOG: Apr__9_10: Loading flags.rb
 INFO LOG: Apr__9_10: tick!!!
 INFO LOG: Apr__9_10: tick!!!
 INFO LOG: Apr__9_10: Loading flags.rb
 INFO LOG: Apr__9_10: tick!!!
 INFO LOG: Apr__9_10: tick!!!
 INFO LOG: Apr__9_10: tick!!!
 INFO LOG: Apr__9_10: tick!!!
 INFO LOG: Apr__9_10: tick!!!
 INFO LOG: Apr__9_10: Loading cities.rb
 INFO LOG: Apr__9_10: Loading flags.rb
 INFO LOG: Apr__9_10: tick!!!
 INFO LOG: Apr__9_10: tick!!!
 INFO LOG: Apr__9_11: tick!!!
 INFO LOG: Apr__9_11: -- #<Player:0x00000000d9dbe0>:99.191.82.191:57119 disconnected from CoralMUD!
 INFO LOG: Apr__9_11: Program closed.
 INFO LOG: Apr__9_11: Logging enabled.   Loading logs.rb.
 INFO LOG: Apr__9_11: Loading utils.rb
 INFO LOG: Apr__9_11: Loading constants.rb
 INFO LOG: Apr__9_11: Loading class_property.rb
 INFO LOG: Apr__9_11: Loading editor/editors.rb
 INFO LOG: Apr__9_11: Loading editor/editor.strings.rb
 INFO LOG: Apr__9_11: Loading editor/editor.rooms.rb
 INFO LOG: Apr__9_11: Loading editor/editor.exits.rb
 INFO LOG: Apr__9_11: Loading mxp.rb
 INFO LOG: Apr__9_11: Loading mccp.rb
 INFO LOG: Apr__9_11: Loading flags.rb
 INFO LOG: Apr__9_11: Loading damage.rb
 INFO LOG: Apr__9_11: Loading event.rb
 INFO LOG: Apr__9_11: Loading automap/automap.rb
 INFO LOG: Apr__9_11: Loading cities.olc.rb
 INFO LOG: Apr__9_11: Loading cities.rb
 INFO LOG: Apr__9_11: Loading help.rb
 INFO LOG: Apr__9_11: Loading imcruby.rb
 INFO LOG: Apr__9_11: Loading player.rb
 INFO LOG: Apr__9_11: Loading player.commands.rb
 INFO LOG: Apr__9_11: Loading random.rb
 INFO LOG: Apr__9_11: Loading spells.rb
 INFO LOG: Apr__9_11: Starting server.
 INFO LOG: Apr__9_11: CoralMUD is now up on port 4000.
 INFO LOG: Apr__9_11: -- 99.191.82.191:42932 connected to CoralMUD!
 INFO LOG: Apr__9_11: -- 99.191.82.191:42932: Retnur is trying to connect.
 INFO LOG: Apr__9_11: -- 99.191.82.191:42932: Retnur player file found.
 INFO LOG: Apr__9_11: -- Retnur has entered the game.
 INFO LOG: Apr__9_11: tick!!!
 INFO LOG: Apr__9_11: tick!!!
 INFO LOG: Apr__9_11: tick!!!
 INFO LOG: Apr__9_11: tick!!!
 INFO LOG: Apr__9_11: tick!!!
 INFO LOG: Apr__9_11: tick!!!
 INFO LOG: Apr__9_11: tick!!!
 INFO LOG: Apr__9_11: tick!!!
 INFO LOG: Apr__9_11: tick!!!
 INFO LOG: Apr__9_11: tick!!!
 INFO LOG: Apr__9_11: tick!!!
 INFO LOG: Apr__9_11: tick!!!
 INFO LOG: Apr__9_11: tick!!!
 INFO LOG: Apr__9_11: tick!!!
 INFO LOG: Apr__9_11: tick!!!
 INFO LOG: Apr__9_11: tick!!!
 INFO LOG: Apr__9_11: tick!!!
 INFO LOG: Apr__9_11: tick!!!
 INFO LOG: Apr__9_11: tick!!!
 INFO LOG: Apr__9_11: tick!!!
 INFO LOG: Apr__9_11: tick!!!
 INFO LOG: Apr__9_11: tick!!!
 INFO LOG: Apr__9_11: tick!!!
 INFO LOG: Apr__9_11: tick!!!
 INFO LOG: Apr__9_11: tick!!!
 INFO LOG: Apr__9_11: tick!!!
 INFO LOG: Apr__9_11: tick!!!
 INFO LOG: Apr__9_11: tick!!!
 INFO LOG: Apr__9_11: tick!!!
 INFO LOG: Apr__9_12: tick!!!
 INFO LOG: Apr__9_12: tick!!!
 INFO LOG: Apr__9_12: tick!!!
 INFO LOG: Apr__9_12: tick!!!
 INFO LOG: Apr__9_12: tick!!!
 INFO LOG: Apr__9_12: tick!!!
 INFO LOG: Apr__9_12: tick!!!
 INFO LOG: Apr__9_12: tick!!!
 INFO LOG: Apr__9_12: tick!!!
 INFO LOG: Apr__9_12: tick!!!
 INFO LOG: Apr__9_12: tick!!!
 INFO LOG: Apr__9_12: tick!!!
 INFO LOG: Apr__9_12: tick!!!
 INFO LOG: Apr__9_12: tick!!!
 INFO LOG: Apr__9_12: tick!!!
 INFO LOG: Apr__9_12: tick!!!
 INFO LOG: Apr__9_12: tick!!!
 INFO LOG: Apr__9_12: tick!!!
 INFO LOG: Apr__9_12: tick!!!
 INFO LOG: Apr__9_12: tick!!!
 INFO LOG: Apr__9_12: tick!!!
 INFO LOG: Apr__9_12: tick!!!
 INFO LOG: Apr__9_12: tick!!!
 INFO LOG: Apr__9_12: tick!!!
 INFO LOG: Apr__9_12: tick!!!
 INFO LOG: Apr__9_12: tick!!!
 INFO LOG: Apr__9_12: tick!!!
 INFO LOG: Apr__9_12: tick!!!
 INFO LOG: Apr__9_12: tick!!!
 INFO LOG: Apr__9_12: tick!!!
 INFO LOG: Apr__9_13: tick!!!
 INFO LOG: Apr__9_13: tick!!!
 INFO LOG: Apr__9_13: tick!!!
 INFO LOG: Apr__9_13: tick!!!
 INFO LOG: Apr__9_13: tick!!!
 INFO LOG: Apr__9_13: tick!!!
 INFO LOG: Apr__9_13: tick!!!
 INFO LOG: Apr__9_13: tick!!!
 INFO LOG: Apr__9_13: tick!!!
 INFO LOG: Apr__9_13: tick!!!
 INFO LOG: Apr__9_13: tick!!!
 INFO LOG: Apr__9_13: tick!!!
 INFO LOG: Apr__9_13: tick!!!
 INFO LOG: Apr__9_13: tick!!!
 INFO LOG: Apr__9_13: tick!!!
 INFO LOG: Apr__9_13: tick!!!
 INFO LOG: Apr__9_13: tick!!!
 INFO LOG: Apr__9_13: Loading cities.rb
 INFO LOG: Apr__9_13: Loading cities.rb
 INFO LOG: Apr__9_13: tick!!!
 INFO LOG: Apr__9_13: tick!!!
 INFO LOG: Apr__9_13: tick!!!
 INFO LOG: Apr__9_13: tick!!!
 INFO LOG: Apr__9_13: tick!!!
 INFO LOG: Apr__9_13: tick!!!
 INFO LOG: Apr__9_13: tick!!!
 INFO LOG: Apr__9_13: tick!!!
 INFO LOG: Apr__9_13: tick!!!
 INFO LOG: Apr__9_13: tick!!!
 INFO LOG: Apr__9_13: tick!!!
 INFO LOG: Apr__9_13: tick!!!
 INFO LOG: Apr__9_13: tick!!!
 INFO LOG: Apr__9_14: tick!!!
 INFO LOG: Apr__9_14: tick!!!
 INFO LOG: Apr__9_14: tick!!!
 INFO LOG: Apr__9_14: tick!!!
 INFO LOG: Apr__9_14: tick!!!
 INFO LOG: Apr__9_14: tick!!!
 INFO LOG: Apr__9_14: tick!!!
 INFO LOG: Apr__9_14: tick!!!
 INFO LOG: Apr__9_14: tick!!!
 INFO LOG: Apr__9_14: tick!!!
 INFO LOG: Apr__9_14: tick!!!
 INFO LOG: Apr__9_14: tick!!!
 INFO LOG: Apr__9_14: tick!!!
 INFO LOG: Apr__9_14: tick!!!
 INFO LOG: Apr__9_14: -- #<Player:0x000000027e0e30>:99.191.82.191:42932 disconnected from CoralMUD!
 INFO LOG: Apr__9_14: Program closed.
 INFO LOG: Apr__9_14: Logging enabled.   Loading logs.rb.
 INFO LOG: Apr__9_14: Loading utils.rb
 INFO LOG: Apr__9_14: Loading constants.rb
 INFO LOG: Apr__9_14: Loading class_property.rb
 INFO LOG: Apr__9_14: Loading editor/editors.rb
 INFO LOG: Apr__9_14: Loading editor/editor.strings.rb
 INFO LOG: Apr__9_14: Loading editor/editor.rooms.rb
 INFO LOG: Apr__9_14: Loading editor/editor.exits.rb
 INFO LOG: Apr__9_14: Loading mxp.rb
 INFO LOG: Apr__9_14: Loading mccp.rb
 INFO LOG: Apr__9_14: Loading flags.rb
 INFO LOG: Apr__9_14: Loading damage.rb
 INFO LOG: Apr__9_14: Loading event.rb
 INFO LOG: Apr__9_14: Loading automap/automap.rb
 INFO LOG: Apr__9_14: Loading cities.olc.rb
 INFO LOG: Apr__9_14: Loading cities.rb
 INFO LOG: Apr__9_14: Loading help.rb
 INFO LOG: Apr__9_14: Loading imcruby.rb
 INFO LOG: Apr__9_14: Loading player.rb
 INFO LOG: Apr__9_14: Loading player.commands.rb
 INFO LOG: Apr__9_14: Loading random.rb
 INFO LOG: Apr__9_14: Loading spells.rb
 INFO LOG: Apr__9_14: Starting server.
 INFO LOG: Apr__9_14: CoralMUD is now up on port 4000.
 INFO LOG: Apr__9_14: -- 99.191.82.191:54634 connected to CoralMUD!
 INFO LOG: Apr__9_14: -- 99.191.82.191:54634: Retnur is trying to connect.
 INFO LOG: Apr__9_14: -- 99.191.82.191:54634: Retnur player file found.
 INFO LOG: Apr__9_14: -- Retnur has entered the game.
 INFO LOG: Apr__9_14: -- #<Player:0x00000001357d10>:99.191.82.191:54634 disconnected from CoralMUD!
 INFO LOG: Apr__9_14: Program closed.
 INFO LOG: Apr__9_14: Logging enabled.   Loading logs.rb.
 INFO LOG: Apr__9_14: Loading utils.rb
 INFO LOG: Apr__9_14: Loading constants.rb
 INFO LOG: Apr__9_14: Loading class_property.rb
 INFO LOG: Apr__9_14: Loading tags.rb
 INFO LOG: Apr__9_14: Loading editor/editors.rb
 INFO LOG: Apr__9_14: Loading editor/editor.strings.rb
 INFO LOG: Apr__9_14: Loading editor/editor.rooms.rb
 INFO LOG: Apr__9_14: Loading editor/editor.exits.rb
 INFO LOG: Apr__9_14: Loading mxp.rb
 INFO LOG: Apr__9_14: Loading mccp.rb
 INFO LOG: Apr__9_14: Loading flags.rb
 INFO LOG: Apr__9_14: Loading damage.rb
 INFO LOG: Apr__9_14: Loading event.rb
 INFO LOG: Apr__9_14: Loading automap/automap.rb
 INFO LOG: Apr__9_14: Loading cities.olc.rb
 INFO LOG: Apr__9_14: Loading cities.rb
 INFO LOG: Apr__9_14: Loading help.rb
 INFO LOG: Apr__9_14: Loading imcruby.rb
 INFO LOG: Apr__9_14: Loading player.rb
 INFO LOG: Apr__9_14: Loading player.commands.rb
 INFO LOG: Apr__9_14: Loading random.rb
 INFO LOG: Apr__9_14: Loading spells.rb
 INFO LOG: Apr__9_14: Starting server.
 INFO LOG: Apr__9_14: CoralMUD is now up on port 4000.
 INFO LOG: Apr__9_14: -- 99.191.82.191:37019 connected to CoralMUD!
 INFO LOG: Apr__9_14: -- 99.191.82.191:37019: Retnur is trying to connect.
 INFO LOG: Apr__9_14: -- 99.191.82.191:37019: Retnur player file found.
 INFO LOG: Apr__9_14: -- Retnur has entered the game.
 INFO LOG: Apr__9_14: -- #<Player:0x00000001e5d840>:99.191.82.191:37019 disconnected from CoralMUD!
 INFO LOG: Apr__9_14: Program closed.
 INFO LOG: Apr__9_14: Logging enabled.   Loading logs.rb.
 INFO LOG: Apr__9_14: Loading utils.rb
 INFO LOG: Apr__9_14: Loading constants.rb
 INFO LOG: Apr__9_14: Loading class_property.rb
 INFO LOG: Apr__9_14: Loading tags.rb
 INFO LOG: Apr__9_14: Loading editor/editors.rb
 INFO LOG: Apr__9_14: Loading editor/editor.strings.rb
 INFO LOG: Apr__9_14: Loading editor/editor.rooms.rb
 INFO LOG: Apr__9_14: Loading editor/editor.exits.rb
 INFO LOG: Apr__9_14: Loading mxp.rb
 INFO LOG: Apr__9_14: Loading mccp.rb
 INFO LOG: Apr__9_14: Loading flags.rb
 INFO LOG: Apr__9_14: Loading damage.rb
 INFO LOG: Apr__9_14: Loading event.rb
 INFO LOG: Apr__9_14: Loading automap/automap.rb
 INFO LOG: Apr__9_14: Loading cities.olc.rb
 INFO LOG: Apr__9_14: Loading cities.rb
 INFO LOG: Apr__9_14: Loading help.rb
 INFO LOG: Apr__9_14: Loading imcruby.rb
 INFO LOG: Apr__9_14: Loading player.rb
 INFO LOG: Apr__9_14: Loading player.commands.rb
 INFO LOG: Apr__9_14: Loading random.rb
 INFO LOG: Apr__9_14: Loading spells.rb
 INFO LOG: Apr__9_14: Starting server.
 INFO LOG: Apr__9_14: CoralMUD is now up on port 4000.
 INFO LOG: Apr__9_14: Loading tags.rb
 INFO LOG: Apr__9_14: Loading tags.rb
 INFO LOG: Apr__9_14: Loading tags.rb
 INFO LOG: Apr__9_14: Loading tags.rb
 INFO LOG: Apr__9_14: tick!!!
 INFO LOG: Apr__9_14: Loading tags.rb
 INFO LOG: Apr__9_14: tick!!!
 INFO LOG: Apr__9_14: tick!!!
 INFO LOG: Apr__9_14: tick!!!
 INFO LOG: Apr__9_14: Loading tags.rb
 INFO LOG: Apr__9_14: Logging enabled.   Loading logs.rb.
 INFO LOG: Apr__9_14: Loading utils.rb
 INFO LOG: Apr__9_14: Loading constants.rb
 INFO LOG: Apr__9_14: Loading class_property.rb
 INFO LOG: Apr__9_14: Loading tags.rb
 INFO LOG: Apr__9_14: Loading editor/editors.rb
 INFO LOG: Apr__9_14: Loading editor/editor.strings.rb
 INFO LOG: Apr__9_14: Loading editor/editor.rooms.rb
 INFO LOG: Apr__9_14: Loading editor/editor.exits.rb
 INFO LOG: Apr__9_14: Loading mxp.rb
 INFO LOG: Apr__9_14: Loading mccp.rb
 INFO LOG: Apr__9_14: Loading flags.rb
 INFO LOG: Apr__9_14: Loading damage.rb
 INFO LOG: Apr__9_14: Loading event.rb
 INFO LOG: Apr__9_14: Loading automap/automap.rb
 INFO LOG: Apr__9_14: Loading cities.olc.rb
 INFO LOG: Apr__9_14: Loading cities.rb
 INFO LOG: Apr__9_14: Loading help.rb
 INFO LOG: Apr__9_14: Loading imcruby.rb
 INFO LOG: Apr__9_14: Loading player.rb
 INFO LOG: Apr__9_14: Loading player.commands.rb
 INFO LOG: Apr__9_14: Loading random.rb
 INFO LOG: Apr__9_14: Loading spells.rb
 INFO LOG: Apr__9_14: Starting server.
 INFO LOG: Apr__9_14: CoralMUD is now up on port 4000.
 INFO LOG: Apr__9_14: Loading tags.rb
 INFO LOG: Apr__9_14: Loading tags.rb
 INFO LOG: Apr__9_14: tick!!!
 INFO LOG: Apr__9_14: -- 99.191.82.191:52677 connected to CoralMUD!
 INFO LOG: Apr__9_14: -- 99.191.82.191:52677: Retnur is trying to connect.
 INFO LOG: Apr__9_14: -- 99.191.82.191:52677: Retnur player file found.
 INFO LOG: Apr__9_14: -- Retnur has entered the game.
 INFO LOG: Apr__9_14: -- #<Player:0x00000000f0d638>:99.191.82.191:52677 disconnected from CoralMUD!
 INFO LOG: Apr__9_14: Program closed.
 INFO LOG: Apr__9_14: Logging enabled.   Loading logs.rb.
 INFO LOG: Apr__9_14: Loading utils.rb
 INFO LOG: Apr__9_14: Loading constants.rb
 INFO LOG: Apr__9_14: Loading class_property.rb
 INFO LOG: Apr__9_14: Loading tags.rb
 INFO LOG: Apr__9_14: Logging enabled.   Loading logs.rb.
 INFO LOG: Apr__9_14: Loading utils.rb
 INFO LOG: Apr__9_14: Loading constants.rb
 INFO LOG: Apr__9_14: Loading class_property.rb
 INFO LOG: Apr__9_14: Loading tags.rb
 INFO LOG: Apr__9_14: Loading editor/editors.rb
 INFO LOG: Apr__9_14: Loading editor/editor.strings.rb
 INFO LOG: Apr__9_14: Loading editor/editor.rooms.rb
 INFO LOG: Apr__9_14: Loading editor/editor.exits.rb
 INFO LOG: Apr__9_14: Loading mxp.rb
 INFO LOG: Apr__9_14: Loading mccp.rb
 INFO LOG: Apr__9_14: Loading flags.rb
 INFO LOG: Apr__9_14: Loading damage.rb
 INFO LOG: Apr__9_14: Loading event.rb
 INFO LOG: Apr__9_14: Loading automap/automap.rb
 INFO LOG: Apr__9_14: Loading cities.olc.rb
 INFO LOG: Apr__9_14: Loading cities.rb
 INFO LOG: Apr__9_14: Loading help.rb
 INFO LOG: Apr__9_14: Loading imcruby.rb
 INFO LOG: Apr__9_14: Loading player.rb
 INFO LOG: Apr__9_14: Loading player.commands.rb
 INFO LOG: Apr__9_14: Loading random.rb
 INFO LOG: Apr__9_14: Loading spells.rb
 INFO LOG: Apr__9_14: Starting server.
 INFO LOG: Apr__9_14: CoralMUD is now up on port 4000.
 INFO LOG: Apr__9_14: Loading tags.rb
 INFO LOG: Apr__9_14: Loading tags.rb
 INFO LOG: Apr__9_14: tick!!!
 INFO LOG: Apr__9_14: tick!!!
 INFO LOG: Apr__9_14: tick!!!
 INFO LOG: Apr__9_15: tick!!!
 INFO LOG: Apr__9_15: Loading tags.rb
 INFO LOG: Apr__9_15: tick!!!
 INFO LOG: Apr__9_15: tick!!!
 INFO LOG: Apr__9_15: tick!!!
 INFO LOG: Apr__9_15: tick!!!
 INFO LOG: Apr__9_15: tick!!!
 INFO LOG: Apr__9_15: tick!!!
 INFO LOG: Apr__9_15: tick!!!
 INFO LOG: Apr__9_15: tick!!!
 INFO LOG: Apr__9_15: tick!!!
 INFO LOG: Apr__9_15: tick!!!
 INFO LOG: Apr__9_15: tick!!!
 INFO LOG: Apr__9_15: tick!!!
 INFO LOG: Apr__9_15: tick!!!
 INFO LOG: Apr__9_15: tick!!!
 INFO LOG: Apr__9_15: tick!!!
 INFO LOG: Apr__9_15: tick!!!
 INFO LOG: Apr__9_15: tick!!!
 INFO LOG: Apr__9_15: tick!!!
 INFO LOG: Apr__9_15: tick!!!
 INFO LOG: Apr__9_15: tick!!!
 INFO LOG: Apr__9_15: tick!!!
 INFO LOG: Apr__9_15: tick!!!
 INFO LOG: Apr__9_15: tick!!!
 INFO LOG: Apr__9_15: -- 99.191.82.191:39806 connected to CoralMUD!
 INFO LOG: Apr__9_15: -- 99.191.82.191:39806: Retnur is trying to connect.
 INFO LOG: Apr__9_15: -- 99.191.82.191:39806: Retnur player file found.
 INFO LOG: Apr__9_15: -- Retnur has entered the game.
 INFO LOG: Apr__9_15: tick!!!
 INFO LOG: Apr__9_15: tick!!!
 INFO LOG: Apr__9_15: tick!!!
 INFO LOG: Apr__9_15: tick!!!
 INFO LOG: Apr__9_15: tick!!!
 INFO LOG: Apr__9_15: tick!!!
 INFO LOG: Apr__9_16: tick!!!
 INFO LOG: Apr__9_16: tick!!!
 INFO LOG: Apr__9_16: tick!!!
 INFO LOG: Apr__9_16: tick!!!
 INFO LOG: Apr__9_16: tick!!!
 INFO LOG: Apr__9_16: tick!!!
 INFO LOG: Apr__9_16: tick!!!
 INFO LOG: Apr__9_16: tick!!!
 INFO LOG: Apr__9_16: tick!!!
 INFO LOG: Apr__9_16: tick!!!
 INFO LOG: Apr__9_16: tick!!!
 INFO LOG: Apr__9_16: tick!!!
 INFO LOG: Apr__9_16: tick!!!
 INFO LOG: Apr__9_16: tick!!!
 INFO LOG: Apr__9_16: tick!!!
 INFO LOG: Apr__9_16: tick!!!
 INFO LOG: Apr__9_16: tick!!!
 INFO LOG: Apr__9_16: tick!!!
 INFO LOG: Apr__9_16: tick!!!
 INFO LOG: Apr__9_16: tick!!!
 INFO LOG: Apr__9_16: tick!!!
 INFO LOG: Apr__9_16: tick!!!
 INFO LOG: Apr__9_16: tick!!!
 INFO LOG: Apr__9_16: tick!!!
 INFO LOG: Apr__9_16: tick!!!
 INFO LOG: Apr__9_16: tick!!!
 INFO LOG: Apr__9_16: tick!!!
 INFO LOG: Apr__9_16: tick!!!
 INFO LOG: Apr__9_16: tick!!!
 INFO LOG: Apr__9_16: tick!!!
 INFO LOG: Apr__9_17: tick!!!
 INFO LOG: Apr__9_17: tick!!!
 INFO LOG: Apr__9_17: tick!!!
 INFO LOG: Apr__9_17: tick!!!
 INFO LOG: Apr__9_17: tick!!!
 INFO LOG: Apr__9_17: tick!!!
 INFO LOG: Apr__9_17: tick!!!
 INFO LOG: Apr__9_17: tick!!!
 INFO LOG: Apr__9_17: tick!!!
 INFO LOG: Apr__9_17: tick!!!
 INFO LOG: Apr__9_17: tick!!!
 INFO LOG: Apr__9_17: tick!!!
 INFO LOG: Apr__9_17: tick!!!
 INFO LOG: Apr__9_17: tick!!!
 INFO LOG: Apr__9_17: tick!!!
 INFO LOG: Apr__9_17: tick!!!
 INFO LOG: Apr__9_17: tick!!!
 INFO LOG: Apr__9_17: tick!!!
 INFO LOG: Apr__9_17: tick!!!
 INFO LOG: Apr__9_17: tick!!!
 INFO LOG: Apr__9_17: tick!!!
 INFO LOG: Apr__9_17: tick!!!
 INFO LOG: Apr__9_17: tick!!!
 INFO LOG: Apr__9_17: tick!!!
 INFO LOG: Apr__9_17: tick!!!
 INFO LOG: Apr__9_17: tick!!!
 INFO LOG: Apr__9_17: tick!!!
 INFO LOG: Apr__9_17: tick!!!
 INFO LOG: Apr__9_17: tick!!!
 INFO LOG: Apr__9_17: tick!!!
 INFO LOG: Apr__9_18: tick!!!
 INFO LOG: Apr__9_18: tick!!!
 INFO LOG: Apr__9_18: tick!!!
 INFO LOG: Apr__9_18: tick!!!
 INFO LOG: Apr__9_18: tick!!!
 INFO LOG: Apr__9_18: tick!!!
 INFO LOG: Apr__9_18: tick!!!
 INFO LOG: Apr__9_18: tick!!!
 INFO LOG: Apr__9_18: tick!!!
 INFO LOG: Apr__9_18: tick!!!
 INFO LOG: Apr__9_18: tick!!!
 INFO LOG: Apr__9_18: tick!!!
 INFO LOG: Apr__9_18: tick!!!
 INFO LOG: Apr__9_18: tick!!!
 INFO LOG: Apr__9_18: tick!!!
 INFO LOG: Apr__9_18: tick!!!
 INFO LOG: Apr__9_18: tick!!!
 INFO LOG: Apr__9_18: tick!!!
 INFO LOG: Apr__9_18: tick!!!
 INFO LOG: Apr__9_18: tick!!!
 INFO LOG: Apr__9_18: tick!!!
 INFO LOG: Apr__9_18: tick!!!
 INFO LOG: Apr__9_18: tick!!!
 INFO LOG: Apr__9_18: tick!!!
 INFO LOG: Apr__9_18: tick!!!
 INFO LOG: Apr__9_18: tick!!!
 INFO LOG: Apr__9_18: tick!!!
 INFO LOG: Apr__9_18: tick!!!
 INFO LOG: Apr__9_18: tick!!!
 INFO LOG: Apr__9_18: tick!!!
 INFO LOG: Apr__9_19: tick!!!
 INFO LOG: Apr__9_19: tick!!!
 INFO LOG: Apr__9_19: tick!!!
 INFO LOG: Apr__9_19: tick!!!
 INFO LOG: Apr__9_19: tick!!!
 INFO LOG: Apr__9_19: tick!!!
 INFO LOG: Apr__9_19: tick!!!
 INFO LOG: Apr__9_19: tick!!!
 INFO LOG: Apr__9_19: tick!!!
 INFO LOG: Apr__9_19: tick!!!
 INFO LOG: Apr__9_19: tick!!!
 INFO LOG: Apr__9_19: tick!!!
 INFO LOG: Apr__9_19: tick!!!
 INFO LOG: Apr__9_19: tick!!!
 INFO LOG: Apr__9_19: tick!!!
 INFO LOG: Apr__9_19: tick!!!
 INFO LOG: Apr__9_19: tick!!!
 INFO LOG: Apr__9_19: tick!!!
 INFO LOG: Apr__9_19: tick!!!
 INFO LOG: Apr__9_19: tick!!!
 INFO LOG: Apr__9_19: tick!!!
 INFO LOG: Apr__9_19: tick!!!
 INFO LOG: Apr__9_19: tick!!!
 INFO LOG: Apr__9_19: tick!!!
 INFO LOG: Apr__9_19: tick!!!
 INFO LOG: Apr__9_19: tick!!!
 INFO LOG: Apr__9_19: tick!!!
 INFO LOG: Apr__9_19: tick!!!
 INFO LOG: Apr__9_19: tick!!!
 INFO LOG: Apr__9_19: tick!!!
 INFO LOG: Apr__9_20: tick!!!
 INFO LOG: Apr__9_20: tick!!!
 INFO LOG: Apr__9_20: tick!!!
 INFO LOG: Apr__9_20: tick!!!
 INFO LOG: Apr__9_20: tick!!!
 INFO LOG: Apr__9_20: tick!!!
 INFO LOG: Apr__9_20: tick!!!
 INFO LOG: Apr__9_20: tick!!!
 INFO LOG: Apr__9_20: tick!!!
 INFO LOG: Apr__9_20: tick!!!
 INFO LOG: Apr__9_20: tick!!!
 INFO LOG: Apr__9_20: tick!!!
 INFO LOG: Apr__9_20: tick!!!
 INFO LOG: Apr__9_20: tick!!!
 INFO LOG: Apr__9_20: tick!!!
 INFO LOG: Apr__9_20: tick!!!
 INFO LOG: Apr__9_20: tick!!!
 INFO LOG: Apr__9_20: tick!!!
 INFO LOG: Apr__9_20: tick!!!
 INFO LOG: Apr__9_20: tick!!!
 INFO LOG: Apr__9_20: tick!!!
 INFO LOG: Apr__9_20: tick!!!
 INFO LOG: Apr__9_20: tick!!!
 INFO LOG: Apr__9_20: tick!!!
 INFO LOG: Apr__9_20: tick!!!
 INFO LOG: Apr__9_20: tick!!!
 INFO LOG: Apr__9_20: tick!!!
 INFO LOG: Apr__9_20: tick!!!
 INFO LOG: Apr__9_20: tick!!!
 INFO LOG: Apr__9_20: tick!!!
 INFO LOG: Apr__9_21: tick!!!
 INFO LOG: Apr__9_21: tick!!!
 INFO LOG: Apr__9_21: tick!!!
 INFO LOG: Apr__9_21: tick!!!
 INFO LOG: Apr__9_21: tick!!!
 INFO LOG: Apr__9_21: tick!!!
 INFO LOG: Apr__9_21: tick!!!
 INFO LOG: Apr__9_21: tick!!!
 INFO LOG: Apr__9_21: tick!!!
 INFO LOG: Apr__9_21: tick!!!
 INFO LOG: Apr__9_21: tick!!!
 INFO LOG: Apr__9_21: tick!!!
 INFO LOG: Apr__9_21: tick!!!
 INFO LOG: Apr__9_21: tick!!!
 INFO LOG: Apr__9_21: tick!!!
 INFO LOG: Apr__9_21: tick!!!
 INFO LOG: Apr__9_21: tick!!!
 INFO LOG: Apr__9_21: tick!!!
 INFO LOG: Apr__9_21: tick!!!
 INFO LOG: Apr__9_21: tick!!!
 INFO LOG: Apr__9_21: tick!!!
 INFO LOG: Apr__9_21: tick!!!
 INFO LOG: Apr__9_21: tick!!!
 INFO LOG: Apr__9_21: tick!!!
 INFO LOG: Apr__9_21: tick!!!
 INFO LOG: Apr__9_21: tick!!!
 INFO LOG: Apr__9_21: tick!!!
 INFO LOG: Apr__9_21: tick!!!
 INFO LOG: Apr__9_21: tick!!!
 INFO LOG: Apr__9_21: tick!!!
 INFO LOG: Apr__9_22: tick!!!
 INFO LOG: Apr__9_22: tick!!!
 INFO LOG: Apr__9_22: tick!!!
 INFO LOG: Apr__9_22: tick!!!
 INFO LOG: Apr__9_22: tick!!!
 INFO LOG: Apr__9_22: tick!!!
 INFO LOG: Apr__9_22: tick!!!
 INFO LOG: Apr__9_22: tick!!!
 INFO LOG: Apr__9_22: tick!!!
 INFO LOG: Apr__9_22: tick!!!
 INFO LOG: Apr__9_22: tick!!!
 INFO LOG: Apr__9_22: tick!!!
 INFO LOG: Apr__9_22: tick!!!
 INFO LOG: Apr__9_22: tick!!!
 INFO LOG: Apr__9_22: tick!!!
 INFO LOG: Apr__9_22: tick!!!
 INFO LOG: Apr__9_22: tick!!!
 INFO LOG: Apr__9_22: tick!!!
 INFO LOG: Apr__9_22: tick!!!
 INFO LOG: Apr__9_22: tick!!!
 INFO LOG: Apr__9_22: tick!!!
 INFO LOG: Apr__9_22: tick!!!
 INFO LOG: Apr__9_22: tick!!!
 INFO LOG: Apr__9_22: tick!!!
 INFO LOG: Apr__9_22: tick!!!
 INFO LOG: Apr__9_22: tick!!!
 INFO LOG: Apr__9_22: tick!!!
 INFO LOG: Apr__9_22: tick!!!
 INFO LOG: Apr__9_22: tick!!!
 INFO LOG: Apr__9_22: tick!!!
 INFO LOG: Apr__9_23: tick!!!
 INFO LOG: Apr__9_23: tick!!!
 INFO LOG: Apr__9_23: tick!!!
 INFO LOG: Apr__9_23: tick!!!
 INFO LOG: Apr__9_23: tick!!!
 INFO LOG: Apr__9_23: tick!!!
 INFO LOG: Apr__9_23: tick!!!
 INFO LOG: Apr__9_23: tick!!!
 INFO LOG: Apr__9_23: tick!!!
 INFO LOG: Apr__9_23: tick!!!
 INFO LOG: Apr__9_23: tick!!!
 INFO LOG: Apr__9_23: tick!!!
 INFO LOG: Apr__9_23: tick!!!
 INFO LOG: Apr__9_23: tick!!!
 INFO LOG: Apr__9_23: tick!!!
 INFO LOG: Apr__9_23: tick!!!
 INFO LOG: Apr__9_23: tick!!!
 INFO LOG: Apr__9_23: tick!!!
 INFO LOG: Apr__9_23: tick!!!
 INFO LOG: Apr__9_23: tick!!!
 INFO LOG: Apr__9_23: tick!!!
 INFO LOG: Apr__9_23: tick!!!
 INFO LOG: Apr__9_23: Loading tags.rb
 INFO LOG: Apr__9_23: tick!!!
 INFO LOG: Apr__9_23: Loading tags.rb
 INFO LOG: Apr__9_23: -- #<Player:0x00000001434d28>:99.191.82.191:39806 disconnected from CoralMUD!
