 INFO LOG: Apr_26_00:18: Logging enabled.   Loading logs.rb.
 INFO LOG: Apr_26_00:18: Loading facade.rb
 INFO LOG: Apr_26_00:18: Loading utils.rb
 INFO LOG: Apr_26_00:18: Loading constants.rb
 INFO LOG: Apr_26_00:18: Loading class_property.rb
 INFO LOG: Apr_26_00:18: Loading scripts.rb
 INFO LOG: Apr_26_00:18: Loading tags.rb
 INFO LOG: Apr_26_00:18: Loading editor/editors.rb
 INFO LOG: Apr_26_00:18: Loading editor/editor.strings.rb
 INFO LOG: Apr_26_00:18: Loading editor/editor.rooms.rb
 INFO LOG: Apr_26_00:18: Loading editor/editor.exits.rb
 INFO LOG: Apr_26_00:18: Loading editor/editor.zones.rb
 INFO LOG: Apr_26_00:18: Loading editor/editor.npc.rb
 INFO LOG: Apr_26_00:18: Loading editor/editor.items.rb
 INFO LOG: Apr_26_00:18: Loading mxp.rb
 INFO LOG: Apr_26_00:18: Loading mccp.rb
 INFO LOG: Apr_26_00:18: Loading flags.rb
 INFO LOG: Apr_26_00:18: Loading damage.rb
 INFO LOG: Apr_26_00:18: Loading areas.rb
 INFO LOG: Apr_26_00:18: Loading event.rb
 INFO LOG: Apr_26_00:18: Loading automap/automap.rb
 INFO LOG: Apr_26_00:18: Loading cities.olc.rb
 INFO LOG: Apr_26_00:18: Loading cities.rb
 INFO LOG: Apr_26_00:18: Loading sector definitions.
 INFO LOG: Apr_26_00:18: Loading help.rb
 INFO LOG: Apr_26_00:18: Loading imcruby.rb
 INFO LOG: Apr_26_00:18: Loading player.rb
 INFO LOG: Apr_26_00:18: Loading commands.rb
 INFO LOG: Apr_26_00:18: Loading random.rb
 INFO LOG: Apr_26_00:18: Loading npc.rb
 INFO LOG: Apr_26_00:18: Loading items.rb
 INFO LOG: Apr_26_00:18: Loading spells.rb
 INFO LOG: Apr_26_00:18: Loading all zones.
 INFO LOG: Apr_26_00:18: Starting server.
 INFO LOG: Apr_26_00:18: CoralMUD is now up on port 4000.
 INFO LOG: Apr_26_00:21: Logging enabled.   Loading logs.rb.
 INFO LOG: Apr_26_00:21: Loading facade.rb
 INFO LOG: Apr_26_00:21: Loading utils.rb
 INFO LOG: Apr_26_00:21: Loading constants.rb
 INFO LOG: Apr_26_00:21: Loading class_property.rb
 INFO LOG: Apr_26_00:21: Loading scripts.rb
 INFO LOG: Apr_26_00:21: Loading tags.rb
 INFO LOG: Apr_26_00:21: Loading editor/editors.rb
 INFO LOG: Apr_26_00:21: Loading editor/editor.strings.rb
 INFO LOG: Apr_26_00:21: Loading editor/editor.rooms.rb
 INFO LOG: Apr_26_00:21: Loading editor/editor.exits.rb
 INFO LOG: Apr_26_00:21: Loading editor/editor.zones.rb
 INFO LOG: Apr_26_00:21: Loading editor/editor.npc.rb
 INFO LOG: Apr_26_00:21: Loading editor/editor.items.rb
 INFO LOG: Apr_26_00:21: Loading mxp.rb
 INFO LOG: Apr_26_00:21: Loading mccp.rb
 INFO LOG: Apr_26_00:21: Loading flags.rb
 INFO LOG: Apr_26_00:21: Loading damage.rb
 INFO LOG: Apr_26_00:21: Loading areas.rb
 INFO LOG: Apr_26_00:21: Loading event.rb
 INFO LOG: Apr_26_00:21: Loading automap/automap.rb
 INFO LOG: Apr_26_00:21: Loading cities.olc.rb
 INFO LOG: Apr_26_00:21: Loading cities.rb
 INFO LOG: Apr_26_00:21: Loading sector definitions.
 INFO LOG: Apr_26_00:21: Loading help.rb
 INFO LOG: Apr_26_00:21: Loading imcruby.rb
 INFO LOG: Apr_26_00:21: Loading player.rb
 INFO LOG: Apr_26_00:21: Loading commands.rb
 INFO LOG: Apr_26_00:21: Loading random.rb
 INFO LOG: Apr_26_00:21: Loading npc.rb
 INFO LOG: Apr_26_00:21: Loading items.rb
 INFO LOG: Apr_26_00:21: Loading spells.rb
 INFO LOG: Apr_26_00:21: Loading all zones.
 INFO LOG: Apr_26_00:21: Starting server.
 INFO LOG: Apr_26_00:21: CoralMUD is now up on port 4000.
 INFO LOG: Apr_26_00:23: tick!!!
 INFO LOG: Apr_26_00:25: tick!!!
 INFO LOG: Apr_26_00:27: tick!!!
 INFO LOG: Apr_26_00:29: tick!!!
 INFO LOG: Apr_26_00:31: tick!!!
 INFO LOG: Apr_26_00:33: tick!!!
 INFO LOG: Apr_26_00:35: tick!!!
 INFO LOG: Apr_26_00:37: tick!!!
 INFO LOG: Apr_26_00:39: tick!!!
 INFO LOG: Apr_26_00:41: tick!!!
 INFO LOG: Apr_26_00:43: tick!!!
 INFO LOG: Apr_26_00:45: tick!!!
 INFO LOG: Apr_26_00:47: tick!!!
 INFO LOG: Apr_26_00:49: tick!!!
 INFO LOG: Apr_26_00:51: tick!!!
 INFO LOG: Apr_26_00:53: -- 99.191.82.191:46981 connected to CoralMUD!
 INFO LOG: Apr_26_00:53: -- 99.191.82.191:46981: Retnur is trying to connect.
 INFO LOG: Apr_26_00:53: -- 99.191.82.191:46981: Retnur player file found.
 INFO LOG: Apr_26_00:53: -- Retnur has entered the game.
 INFO LOG: Apr_26_00:53: tick!!!
 INFO LOG: Apr_26_00:55: tick!!!
 INFO LOG: Apr_26_00:57: tick!!!
 INFO LOG: Apr_26_00:59: tick!!!
 INFO LOG: Apr_26_01:01: tick!!!
 INFO LOG: Apr_26_01:03: tick!!!
 INFO LOG: Apr_26_01:05: tick!!!
 INFO LOG: Apr_26_01:07: tick!!!
 INFO LOG: Apr_26_01:09: tick!!!
 INFO LOG: Apr_26_01:11: tick!!!
 INFO LOG: Apr_26_01:13: tick!!!
 INFO LOG: Apr_26_01:15: tick!!!
 INFO LOG: Apr_26_01:17: tick!!!
 INFO LOG: Apr_26_01:19: tick!!!
 INFO LOG: Apr_26_01:21: tick!!!
 INFO LOG: Apr_26_01:23: tick!!!
 INFO LOG: Apr_26_01:25: tick!!!
 INFO LOG: Apr_26_01:27: tick!!!
 INFO LOG: Apr_26_01:29: tick!!!
 INFO LOG: Apr_26_01:31: tick!!!
 INFO LOG: Apr_26_01:33: tick!!!
 INFO LOG: Apr_26_01:35: tick!!!
 INFO LOG: Apr_26_01:37: tick!!!
 INFO LOG: Apr_26_01:39: tick!!!
 INFO LOG: Apr_26_01:41: tick!!!
 INFO LOG: Apr_26_01:43: tick!!!
 INFO LOG: Apr_26_01:45: tick!!!
 INFO LOG: Apr_26_01:47: tick!!!
 INFO LOG: Apr_26_01:49: tick!!!
 INFO LOG: Apr_26_01:51: tick!!!
 INFO LOG: Apr_26_01:53: tick!!!
 INFO LOG: Apr_26_01:55: tick!!!
 INFO LOG: Apr_26_01:57: tick!!!
 INFO LOG: Apr_26_01:59: tick!!!
 INFO LOG: Apr_26_02:01: tick!!!
 INFO LOG: Apr_26_02:03: tick!!!
 INFO LOG: Apr_26_02:05: tick!!!
 INFO LOG: Apr_26_02:07: tick!!!
 INFO LOG: Apr_26_02:09: tick!!!
 INFO LOG: Apr_26_02:11: tick!!!
 INFO LOG: Apr_26_02:13: tick!!!
 INFO LOG: Apr_26_02:15: tick!!!
 INFO LOG: Apr_26_02:17: tick!!!
 INFO LOG: Apr_26_02:19: tick!!!
 INFO LOG: Apr_26_02:21: tick!!!
 INFO LOG: Apr_26_02:23: tick!!!
 INFO LOG: Apr_26_02:25: tick!!!
 INFO LOG: Apr_26_02:27: tick!!!
 INFO LOG: Apr_26_02:29: tick!!!
 INFO LOG: Apr_26_02:31: tick!!!
 INFO LOG: Apr_26_02:33: tick!!!
 INFO LOG: Apr_26_02:35: tick!!!
 INFO LOG: Apr_26_02:37: tick!!!
 INFO LOG: Apr_26_02:39: tick!!!
 INFO LOG: Apr_26_02:41: tick!!!
 INFO LOG: Apr_26_02:43: tick!!!
 INFO LOG: Apr_26_02:45: tick!!!
 INFO LOG: Apr_26_02:47: tick!!!
 INFO LOG: Apr_26_02:49: tick!!!
 INFO LOG: Apr_26_02:51: tick!!!
 INFO LOG: Apr_26_02:53: tick!!!
 INFO LOG: Apr_26_02:55: tick!!!
 INFO LOG: Apr_26_02:57: tick!!!
 INFO LOG: Apr_26_02:59: tick!!!
 INFO LOG: Apr_26_03:01: tick!!!
 INFO LOG: Apr_26_03:03: tick!!!
 INFO LOG: Apr_26_03:05: tick!!!
 INFO LOG: Apr_26_03:07: tick!!!
 INFO LOG: Apr_26_03:09: tick!!!
 INFO LOG: Apr_26_03:11: tick!!!
 INFO LOG: Apr_26_03:13: tick!!!
 INFO LOG: Apr_26_03:15: tick!!!
 INFO LOG: Apr_26_03:17: tick!!!
 INFO LOG: Apr_26_03:19: tick!!!
 INFO LOG: Apr_26_03:21: tick!!!
 INFO LOG: Apr_26_03:23: tick!!!
 INFO LOG: Apr_26_03:25: tick!!!
 INFO LOG: Apr_26_03:27: tick!!!
 INFO LOG: Apr_26_03:29: tick!!!
 INFO LOG: Apr_26_03:31: tick!!!
 INFO LOG: Apr_26_03:33: tick!!!
 INFO LOG: Apr_26_03:35: tick!!!
 INFO LOG: Apr_26_03:37: tick!!!
 INFO LOG: Apr_26_03:39: tick!!!
 INFO LOG: Apr_26_03:41: tick!!!
 INFO LOG: Apr_26_03:43: tick!!!
 INFO LOG: Apr_26_03:45: tick!!!
 INFO LOG: Apr_26_03:47: tick!!!
 INFO LOG: Apr_26_03:49: tick!!!
 INFO LOG: Apr_26_03:51: tick!!!
 INFO LOG: Apr_26_03:53: tick!!!
 INFO LOG: Apr_26_03:55: tick!!!
 INFO LOG: Apr_26_03:57: tick!!!
 INFO LOG: Apr_26_03:59: tick!!!
 INFO LOG: Apr_26_04:01: tick!!!
 INFO LOG: Apr_26_04:03: tick!!!
 INFO LOG: Apr_26_04:05: tick!!!
 INFO LOG: Apr_26_04:07: tick!!!
 INFO LOG: Apr_26_04:09: tick!!!
 INFO LOG: Apr_26_04:11: tick!!!
 INFO LOG: Apr_26_04:13: tick!!!
 INFO LOG: Apr_26_04:15: tick!!!
 INFO LOG: Apr_26_04:17: tick!!!
 INFO LOG: Apr_26_04:19: tick!!!
 INFO LOG: Apr_26_04:21: tick!!!
 INFO LOG: Apr_26_04:23: tick!!!
 INFO LOG: Apr_26_04:25: tick!!!
 INFO LOG: Apr_26_04:27: tick!!!
 INFO LOG: Apr_26_04:29: tick!!!
 INFO LOG: Apr_26_04:31: tick!!!
 INFO LOG: Apr_26_04:33: tick!!!
 INFO LOG: Apr_26_04:35: tick!!!
 INFO LOG: Apr_26_04:37: tick!!!
 INFO LOG: Apr_26_04:39: tick!!!
 INFO LOG: Apr_26_04:41: tick!!!
 INFO LOG: Apr_26_04:43: tick!!!
 INFO LOG: Apr_26_04:45: tick!!!
 INFO LOG: Apr_26_04:47: tick!!!
 INFO LOG: Apr_26_04:49: tick!!!
 INFO LOG: Apr_26_04:51: tick!!!
 INFO LOG: Apr_26_04:53: tick!!!
 INFO LOG: Apr_26_04:55: tick!!!
 INFO LOG: Apr_26_04:57: tick!!!
 INFO LOG: Apr_26_04:59: tick!!!
 INFO LOG: Apr_26_05:01: tick!!!
 INFO LOG: Apr_26_05:03: tick!!!
 INFO LOG: Apr_26_05:05: tick!!!
 INFO LOG: Apr_26_05:07: tick!!!
 INFO LOG: Apr_26_05:09: tick!!!
 INFO LOG: Apr_26_05:11: tick!!!
 INFO LOG: Apr_26_05:13: tick!!!
 INFO LOG: Apr_26_05:15: tick!!!
 INFO LOG: Apr_26_05:17: tick!!!
 INFO LOG: Apr_26_05:19: tick!!!
 INFO LOG: Apr_26_05:21: tick!!!
 INFO LOG: Apr_26_05:23: tick!!!
 INFO LOG: Apr_26_05:25: tick!!!
 INFO LOG: Apr_26_05:27: tick!!!
 INFO LOG: Apr_26_05:29: tick!!!
 INFO LOG: Apr_26_05:31: tick!!!
 INFO LOG: Apr_26_05:33: tick!!!
 INFO LOG: Apr_26_05:35: tick!!!
 INFO LOG: Apr_26_05:37: tick!!!
 INFO LOG: Apr_26_05:39: tick!!!
 INFO LOG: Apr_26_05:41: tick!!!
 INFO LOG: Apr_26_05:43: tick!!!
 INFO LOG: Apr_26_05:45: tick!!!
 INFO LOG: Apr_26_05:47: tick!!!
 INFO LOG: Apr_26_05:49: tick!!!
 INFO LOG: Apr_26_05:51: tick!!!
 INFO LOG: Apr_26_05:53: tick!!!
 INFO LOG: Apr_26_05:55: tick!!!
 INFO LOG: Apr_26_05:57: tick!!!
 INFO LOG: Apr_26_05:59: tick!!!
 INFO LOG: Apr_26_06:01: tick!!!
 INFO LOG: Apr_26_06:03: tick!!!
 INFO LOG: Apr_26_06:05: tick!!!
 INFO LOG: Apr_26_06:07: tick!!!
 INFO LOG: Apr_26_06:09: tick!!!
 INFO LOG: Apr_26_06:11: tick!!!
 INFO LOG: Apr_26_06:13: tick!!!
 INFO LOG: Apr_26_06:15: tick!!!
 INFO LOG: Apr_26_06:17: tick!!!
 INFO LOG: Apr_26_06:19: tick!!!
 INFO LOG: Apr_26_06:21: tick!!!
 INFO LOG: Apr_26_06:23: tick!!!
 INFO LOG: Apr_26_06:25: tick!!!
 INFO LOG: Apr_26_06:27: tick!!!
 INFO LOG: Apr_26_06:29: tick!!!
 INFO LOG: Apr_26_06:31: tick!!!
 INFO LOG: Apr_26_06:33: tick!!!
 INFO LOG: Apr_26_06:35: tick!!!
 INFO LOG: Apr_26_06:37: tick!!!
 INFO LOG: Apr_26_06:39: tick!!!
 INFO LOG: Apr_26_06:41: tick!!!
 INFO LOG: Apr_26_06:43: tick!!!
 INFO LOG: Apr_26_06:45: tick!!!
 INFO LOG: Apr_26_06:47: tick!!!
 INFO LOG: Apr_26_06:49: tick!!!
 INFO LOG: Apr_26_06:51: tick!!!
 INFO LOG: Apr_26_06:53: tick!!!
 INFO LOG: Apr_26_06:55: tick!!!
 INFO LOG: Apr_26_06:57: tick!!!
 INFO LOG: Apr_26_06:59: tick!!!
 INFO LOG: Apr_26_07:01: tick!!!
 INFO LOG: Apr_26_07:03: tick!!!
 INFO LOG: Apr_26_07:05: tick!!!
 INFO LOG: Apr_26_07:07: tick!!!
 INFO LOG: Apr_26_07:09: tick!!!
 INFO LOG: Apr_26_07:11: tick!!!
 INFO LOG: Apr_26_07:13: tick!!!
 INFO LOG: Apr_26_07:15: tick!!!
 INFO LOG: Apr_26_07:17: tick!!!
 INFO LOG: Apr_26_07:19: tick!!!
 INFO LOG: Apr_26_07:21: tick!!!
 INFO LOG: Apr_26_07:23: tick!!!
 INFO LOG: Apr_26_07:25: tick!!!
 INFO LOG: Apr_26_07:27: tick!!!
 INFO LOG: Apr_26_07:29: tick!!!
 INFO LOG: Apr_26_07:31: tick!!!
 INFO LOG: Apr_26_07:33: tick!!!
 INFO LOG: Apr_26_07:35: tick!!!
 INFO LOG: Apr_26_07:37: tick!!!
 INFO LOG: Apr_26_07:39: tick!!!
 INFO LOG: Apr_26_07:41: tick!!!
 INFO LOG: Apr_26_07:43: tick!!!
 INFO LOG: Apr_26_07:45: tick!!!
 INFO LOG: Apr_26_07:47: tick!!!
 INFO LOG: Apr_26_07:49: tick!!!
 INFO LOG: Apr_26_07:51: tick!!!
 INFO LOG: Apr_26_07:53: tick!!!
 INFO LOG: Apr_26_07:55: tick!!!
 INFO LOG: Apr_26_07:57: tick!!!
 INFO LOG: Apr_26_07:59: tick!!!
 INFO LOG: Apr_26_08:01: tick!!!
 INFO LOG: Apr_26_08:03: tick!!!
 INFO LOG: Apr_26_08:05: tick!!!
 INFO LOG: Apr_26_08:07: tick!!!
 INFO LOG: Apr_26_08:09: tick!!!
 INFO LOG: Apr_26_08:11: tick!!!
 INFO LOG: Apr_26_08:13: tick!!!
 INFO LOG: Apr_26_08:15: tick!!!
 INFO LOG: Apr_26_08:17: tick!!!
 INFO LOG: Apr_26_08:19: tick!!!
 INFO LOG: Apr_26_08:21: tick!!!
 INFO LOG: Apr_26_08:23: tick!!!
 INFO LOG: Apr_26_08:25: tick!!!
 INFO LOG: Apr_26_08:27: tick!!!
 INFO LOG: Apr_26_08:29: tick!!!
 INFO LOG: Apr_26_08:31: tick!!!
 INFO LOG: Apr_26_08:33: tick!!!
 INFO LOG: Apr_26_08:35: tick!!!
 INFO LOG: Apr_26_08:37: tick!!!
 INFO LOG: Apr_26_08:39: tick!!!
 INFO LOG: Apr_26_08:41: tick!!!
 INFO LOG: Apr_26_08:43: tick!!!
 INFO LOG: Apr_26_08:45: tick!!!
 INFO LOG: Apr_26_08:47: tick!!!
 INFO LOG: Apr_26_08:49: tick!!!
 INFO LOG: Apr_26_08:51: tick!!!
 INFO LOG: Apr_26_08:53: tick!!!
 INFO LOG: Apr_26_08:55: tick!!!
 INFO LOG: Apr_26_08:57: tick!!!
 INFO LOG: Apr_26_08:59: tick!!!
 INFO LOG: Apr_26_09:01: tick!!!
 INFO LOG: Apr_26_09:03: tick!!!
 INFO LOG: Apr_26_09:05: tick!!!
 INFO LOG: Apr_26_09:07: tick!!!
 INFO LOG: Apr_26_09:09: tick!!!
 INFO LOG: Apr_26_09:11: tick!!!
 INFO LOG: Apr_26_09:13: tick!!!
 INFO LOG: Apr_26_09:15: tick!!!
 INFO LOG: Apr_26_09:17: tick!!!
 INFO LOG: Apr_26_09:19: tick!!!
 INFO LOG: Apr_26_09:21: tick!!!
 INFO LOG: Apr_26_09:23: tick!!!
 INFO LOG: Apr_26_09:25: tick!!!
 INFO LOG: Apr_26_09:27: tick!!!
 INFO LOG: Apr_26_09:29: tick!!!
 INFO LOG: Apr_26_09:31: tick!!!
 INFO LOG: Apr_26_09:33: tick!!!
 INFO LOG: Apr_26_09:35: tick!!!
 INFO LOG: Apr_26_09:37: tick!!!
 INFO LOG: Apr_26_09:39: tick!!!
 INFO LOG: Apr_26_09:41: tick!!!
 INFO LOG: Apr_26_09:43: tick!!!
 INFO LOG: Apr_26_09:45: tick!!!
 INFO LOG: Apr_26_09:47: tick!!!
 INFO LOG: Apr_26_09:49: tick!!!
 INFO LOG: Apr_26_09:51: tick!!!
 INFO LOG: Apr_26_09:53: tick!!!
 INFO LOG: Apr_26_09:55: tick!!!
 INFO LOG: Apr_26_09:58: tick!!!
 INFO LOG: Apr_26_10:00: tick!!!
 INFO LOG: Apr_26_10:02: tick!!!
 INFO LOG: Apr_26_10:04: tick!!!
 INFO LOG: Apr_26_10:06: tick!!!
 INFO LOG: Apr_26_10:08: tick!!!
 INFO LOG: Apr_26_10:10: tick!!!
 INFO LOG: Apr_26_10:12: tick!!!
 INFO LOG: Apr_26_10:14: tick!!!
 INFO LOG: Apr_26_10:16: tick!!!
 INFO LOG: Apr_26_10:18: tick!!!
 INFO LOG: Apr_26_10:20: tick!!!
 INFO LOG: Apr_26_10:22: tick!!!
 INFO LOG: Apr_26_10:24: tick!!!
 INFO LOG: Apr_26_10:26: tick!!!
 INFO LOG: Apr_26_10:28: tick!!!
 INFO LOG: Apr_26_10:30: tick!!!
 INFO LOG: Apr_26_10:32: tick!!!
 INFO LOG: Apr_26_10:34: tick!!!
 INFO LOG: Apr_26_10:36: tick!!!
 INFO LOG: Apr_26_10:38: tick!!!
 INFO LOG: Apr_26_10:40: tick!!!
 INFO LOG: Apr_26_10:42: tick!!!
 INFO LOG: Apr_26_10:44: tick!!!
 INFO LOG: Apr_26_10:46: tick!!!
 INFO LOG: Apr_26_10:48: tick!!!
 INFO LOG: Apr_26_10:50: tick!!!
 INFO LOG: Apr_26_10:52: tick!!!
 INFO LOG: Apr_26_10:54: tick!!!
 INFO LOG: Apr_26_10:56: tick!!!
 INFO LOG: Apr_26_10:58: tick!!!
 INFO LOG: Apr_26_11:00: tick!!!
 INFO LOG: Apr_26_11:02: tick!!!
 INFO LOG: Apr_26_11:04: tick!!!
 INFO LOG: Apr_26_11:06: tick!!!
 INFO LOG: Apr_26_11:08: tick!!!
 INFO LOG: Apr_26_11:10: tick!!!
 INFO LOG: Apr_26_11:12: tick!!!
 INFO LOG: Apr_26_11:14: tick!!!
 INFO LOG: Apr_26_11:16: tick!!!
 INFO LOG: Apr_26_11:18: tick!!!
 INFO LOG: Apr_26_11:20: tick!!!
 INFO LOG: Apr_26_11:22: tick!!!
 INFO LOG: Apr_26_11:24: tick!!!
 INFO LOG: Apr_26_11:26: tick!!!
 INFO LOG: Apr_26_11:28: tick!!!
 INFO LOG: Apr_26_11:30: tick!!!
 INFO LOG: Apr_26_11:32: tick!!!
 INFO LOG: Apr_26_11:34: tick!!!
 INFO LOG: Apr_26_11:36: tick!!!
 INFO LOG: Apr_26_11:38: tick!!!
 INFO LOG: Apr_26_11:40: tick!!!
 INFO LOG: Apr_26_11:42: tick!!!
 INFO LOG: Apr_26_11:44: tick!!!
 INFO LOG: Apr_26_11:46: tick!!!
 INFO LOG: Apr_26_11:48: tick!!!
 INFO LOG: Apr_26_11:50: tick!!!
 INFO LOG: Apr_26_11:52: tick!!!
 INFO LOG: Apr_26_11:54: tick!!!
 INFO LOG: Apr_26_11:56: tick!!!
 INFO LOG: Apr_26_11:58: tick!!!
 INFO LOG: Apr_26_12:00: tick!!!
 INFO LOG: Apr_26_12:02: tick!!!
 INFO LOG: Apr_26_12:04: tick!!!
 INFO LOG: Apr_26_12:06: tick!!!
 INFO LOG: Apr_26_12:08: tick!!!
 INFO LOG: Apr_26_12:10: tick!!!
 INFO LOG: Apr_26_12:12: tick!!!
 INFO LOG: Apr_26_12:14: tick!!!
 INFO LOG: Apr_26_12:16: tick!!!
 INFO LOG: Apr_26_12:18: tick!!!
 INFO LOG: Apr_26_12:20: tick!!!
 INFO LOG: Apr_26_12:22: tick!!!
 INFO LOG: Apr_26_12:24: tick!!!
 INFO LOG: Apr_26_12:26: tick!!!
 INFO LOG: Apr_26_12:28: tick!!!
 INFO LOG: Apr_26_12:30: tick!!!
 INFO LOG: Apr_26_12:32: tick!!!
 INFO LOG: Apr_26_12:34: tick!!!
 INFO LOG: Apr_26_12:36: tick!!!
 INFO LOG: Apr_26_12:38: tick!!!
 INFO LOG: Apr_26_12:40: tick!!!
 INFO LOG: Apr_26_12:42: tick!!!
 INFO LOG: Apr_26_12:44: tick!!!
 INFO LOG: Apr_26_12:46: tick!!!
 INFO LOG: Apr_26_12:48: tick!!!
 INFO LOG: Apr_26_12:50: tick!!!
 INFO LOG: Apr_26_12:52: tick!!!
 INFO LOG: Apr_26_12:54: tick!!!
 INFO LOG: Apr_26_12:56: tick!!!
 INFO LOG: Apr_26_12:58: tick!!!
 INFO LOG: Apr_26_13:00: tick!!!
 INFO LOG: Apr_26_13:02: tick!!!
 INFO LOG: Apr_26_13:04: tick!!!
 INFO LOG: Apr_26_13:06: tick!!!
 INFO LOG: Apr_26_13:08: tick!!!
 INFO LOG: Apr_26_13:10: tick!!!
 INFO LOG: Apr_26_13:12: tick!!!
 INFO LOG: Apr_26_13:14: tick!!!
 INFO LOG: Apr_26_13:16: tick!!!
 INFO LOG: Apr_26_13:18: tick!!!
 INFO LOG: Apr_26_13:20: tick!!!
 INFO LOG: Apr_26_13:22: tick!!!
 INFO LOG: Apr_26_13:24: tick!!!
 INFO LOG: Apr_26_13:26: tick!!!
 INFO LOG: Apr_26_13:28: tick!!!
 INFO LOG: Apr_26_13:30: tick!!!
 INFO LOG: Apr_26_13:32: tick!!!
 INFO LOG: Apr_26_13:34: tick!!!
 INFO LOG: Apr_26_13:36: tick!!!
 INFO LOG: Apr_26_13:38: tick!!!
 INFO LOG: Apr_26_13:40: tick!!!
 INFO LOG: Apr_26_13:42: tick!!!
 INFO LOG: Apr_26_13:44: tick!!!
 INFO LOG: Apr_26_13:46: tick!!!
 INFO LOG: Apr_26_13:48: tick!!!
 INFO LOG: Apr_26_13:50: tick!!!
 INFO LOG: Apr_26_13:52: tick!!!
 INFO LOG: Apr_26_13:54: tick!!!
 INFO LOG: Apr_26_13:56: tick!!!
 INFO LOG: Apr_26_13:58: tick!!!
 INFO LOG: Apr_26_13:59: -- 174.59.233.125:58610 connected to CoralMUD!
 INFO LOG: Apr_26_13:59: -- 174.59.233.125:58610: Kardon is trying to connect.
 INFO LOG: Apr_26_13:59: -- 174.59.233.125:58610: Kardon:  New Character.
 INFO LOG: Apr_26_14:00: tick!!!
 INFO LOG: Apr_26_14:01: -- 174.59.233.125:58610: Kardon successfully created.
 INFO LOG: Apr_26_14:01: -- Kardon has entered the game.
 INFO LOG: Apr_26_14:02: tick!!!
 INFO LOG: Apr_26_14:04: Script failed.
 INFO LOG: (eval):1: syntax error, unexpected keyword_do_block
do("look")
  ^
 INFO LOG: /home/heath/coral/lib/scripts.rb:15:in `eval'
 INFO LOG: /home/heath/coral/lib/scripts.rb:15:in `block in run'
 INFO LOG: Apr_26_14:04: tick!!!
 INFO LOG: Apr_26_14:06: tick!!!
 INFO LOG: Apr_26_14:08: tick!!!
 INFO LOG: Apr_26_14:10: Kardon has left the game.
 INFO LOG: Apr_26_14:10: -- :174.59.233.125:58610 disconnected from CoralMUD!
 INFO LOG: Apr_26_14:10: tick!!!
 INFO LOG: Apr_26_14:12: tick!!!
 INFO LOG: Apr_26_14:14: tick!!!
 INFO LOG: Apr_26_14:16: tick!!!
 INFO LOG: Apr_26_14:18: tick!!!
 INFO LOG: Apr_26_14:20: tick!!!
 INFO LOG: Apr_26_14:22: tick!!!
 INFO LOG: Apr_26_14:24: tick!!!
 INFO LOG: Apr_26_14:26: tick!!!
 INFO LOG: Apr_26_14:28: tick!!!
 INFO LOG: Apr_26_14:30: tick!!!
 INFO LOG: Apr_26_14:32: tick!!!
 INFO LOG: Apr_26_14:34: tick!!!
 INFO LOG: Apr_26_14:36: tick!!!
 INFO LOG: Apr_26_14:38: tick!!!
 INFO LOG: Apr_26_14:40: tick!!!
 INFO LOG: Apr_26_14:42: tick!!!
 INFO LOG: Apr_26_14:44: tick!!!
 INFO LOG: Apr_26_14:46: tick!!!
 INFO LOG: Apr_26_14:48: tick!!!
 INFO LOG: Apr_26_14:50: tick!!!
 INFO LOG: Apr_26_14:52: tick!!!
 INFO LOG: Apr_26_14:54: tick!!!
 INFO LOG: Apr_26_14:56: tick!!!
 INFO LOG: Apr_26_14:58: tick!!!
 INFO LOG: Apr_26_15:00: tick!!!
 INFO LOG: Apr_26_15:02: tick!!!
 INFO LOG: Apr_26_15:04: tick!!!
 INFO LOG: Apr_26_15:06: tick!!!
 INFO LOG: Apr_26_15:08: tick!!!
 INFO LOG: Apr_26_15:10: tick!!!
 INFO LOG: Apr_26_15:12: tick!!!
 INFO LOG: Apr_26_15:14: tick!!!
 INFO LOG: Apr_26_15:16: tick!!!
 INFO LOG: Apr_26_15:18: tick!!!
 INFO LOG: Apr_26_15:20: tick!!!
 INFO LOG: Apr_26_15:22: tick!!!
 INFO LOG: Apr_26_15:24: tick!!!
 INFO LOG: Apr_26_15:26: tick!!!
 INFO LOG: Apr_26_15:28: tick!!!
 INFO LOG: Apr_26_15:30: tick!!!
 INFO LOG: Apr_26_15:32: tick!!!
 INFO LOG: Apr_26_15:34: tick!!!
 INFO LOG: Apr_26_15:36: tick!!!
 INFO LOG: Apr_26_15:38: tick!!!
 INFO LOG: Apr_26_15:40: tick!!!
 INFO LOG: Apr_26_15:42: tick!!!
 INFO LOG: Apr_26_15:44: tick!!!
 INFO LOG: Apr_26_15:46: tick!!!
 INFO LOG: Apr_26_15:48: tick!!!
 INFO LOG: Apr_26_15:50: tick!!!
 INFO LOG: Apr_26_15:52: tick!!!
 INFO LOG: Apr_26_15:54: tick!!!
 INFO LOG: Apr_26_15:56: tick!!!
 INFO LOG: Apr_26_15:58: tick!!!
 INFO LOG: Apr_26_16:00: tick!!!
 INFO LOG: Apr_26_16:02: tick!!!
 INFO LOG: Apr_26_16:04: tick!!!
 INFO LOG: Apr_26_16:06: tick!!!
 INFO LOG: Apr_26_16:08: tick!!!
 INFO LOG: Apr_26_16:10: tick!!!
 INFO LOG: Apr_26_16:12: tick!!!
 INFO LOG: Apr_26_16:14: tick!!!
 INFO LOG: Apr_26_16:16: tick!!!
 INFO LOG: Apr_26_16:18: tick!!!
 INFO LOG: Apr_26_16:20: tick!!!
 INFO LOG: Apr_26_16:22: tick!!!
 INFO LOG: Apr_26_16:24: tick!!!
 INFO LOG: Apr_26_16:26: tick!!!
 INFO LOG: Apr_26_16:28: tick!!!
 INFO LOG: Apr_26_16:30: tick!!!
 INFO LOG: Apr_26_16:32: tick!!!
 INFO LOG: Apr_26_16:34: tick!!!
 INFO LOG: Apr_26_16:36: tick!!!
 INFO LOG: Apr_26_16:38: tick!!!
 INFO LOG: Apr_26_16:40: tick!!!
 INFO LOG: Apr_26_16:42: tick!!!
 INFO LOG: Apr_26_16:44: tick!!!
 INFO LOG: Apr_26_16:46: tick!!!
 INFO LOG: Apr_26_16:48: tick!!!
 INFO LOG: Apr_26_16:50: tick!!!
 INFO LOG: Apr_26_16:52: tick!!!
 INFO LOG: Apr_26_16:54: tick!!!
 INFO LOG: Apr_26_16:56: tick!!!
 INFO LOG: Apr_26_16:58: tick!!!
 INFO LOG: Apr_26_17:00: tick!!!
 INFO LOG: Apr_26_17:02: tick!!!
 INFO LOG: Apr_26_17:04: tick!!!
 INFO LOG: Apr_26_17:06: tick!!!
 INFO LOG: Apr_26_17:08: tick!!!
 INFO LOG: Apr_26_17:10: tick!!!
 INFO LOG: Apr_26_17:12: tick!!!
 INFO LOG: Apr_26_17:14: tick!!!
 INFO LOG: Apr_26_17:16: tick!!!
 INFO LOG: Apr_26_17:18: tick!!!
 INFO LOG: Apr_26_17:20: tick!!!
 INFO LOG: Apr_26_17:22: tick!!!
 INFO LOG: Apr_26_17:24: tick!!!
 INFO LOG: Apr_26_17:26: tick!!!
 INFO LOG: Apr_26_17:28: tick!!!
 INFO LOG: Apr_26_17:30: tick!!!
 INFO LOG: Apr_26_17:32: tick!!!
 INFO LOG: Apr_26_17:34: tick!!!
 INFO LOG: Apr_26_17:36: tick!!!
 INFO LOG: Apr_26_17:38: tick!!!
 INFO LOG: Apr_26_17:40: tick!!!
 INFO LOG: Apr_26_17:42: tick!!!
 INFO LOG: Apr_26_17:44: tick!!!
 INFO LOG: Apr_26_17:46: tick!!!
 INFO LOG: Apr_26_17:48: tick!!!
 INFO LOG: Apr_26_17:50: tick!!!
 INFO LOG: Apr_26_17:52: tick!!!
 INFO LOG: Apr_26_17:54: tick!!!
 INFO LOG: Apr_26_17:56: tick!!!
 INFO LOG: Apr_26_17:58: tick!!!
 INFO LOG: Apr_26_18:00: tick!!!
 INFO LOG: Apr_26_18:02: tick!!!
 INFO LOG: Apr_26_18:04: tick!!!
 INFO LOG: Apr_26_18:06: tick!!!
 INFO LOG: Apr_26_18:08: tick!!!
 INFO LOG: Apr_26_18:10: tick!!!
 INFO LOG: Apr_26_18:12: tick!!!
 INFO LOG: Apr_26_18:14: tick!!!
 INFO LOG: Apr_26_18:16: tick!!!
 INFO LOG: Apr_26_18:18: tick!!!
 INFO LOG: Apr_26_18:20: tick!!!
 INFO LOG: Apr_26_18:22: tick!!!
 INFO LOG: Apr_26_18:24: tick!!!
 INFO LOG: Apr_26_18:26: tick!!!
 INFO LOG: Apr_26_18:28: tick!!!
 INFO LOG: Apr_26_18:30: tick!!!
 INFO LOG: Apr_26_18:32: tick!!!
 INFO LOG: Apr_26_18:34: tick!!!
 INFO LOG: Apr_26_18:36: tick!!!
 INFO LOG: Apr_26_18:38: tick!!!
 INFO LOG: Apr_26_18:40: tick!!!
 INFO LOG: Apr_26_18:42: tick!!!
 INFO LOG: Apr_26_18:44: tick!!!
 INFO LOG: Apr_26_18:46: tick!!!
 INFO LOG: Apr_26_18:48: tick!!!
 INFO LOG: Apr_26_18:50: tick!!!
 INFO LOG: Apr_26_18:52: tick!!!
 INFO LOG: Apr_26_18:54: tick!!!
 INFO LOG: Apr_26_18:56: tick!!!
 INFO LOG: Apr_26_18:58: tick!!!
 INFO LOG: Apr_26_19:00: tick!!!
 INFO LOG: Apr_26_19:02: tick!!!
 INFO LOG: Apr_26_19:04: tick!!!
 INFO LOG: Apr_26_19:06: tick!!!
 INFO LOG: Apr_26_19:08: tick!!!
 INFO LOG: Apr_26_19:10: tick!!!
 INFO LOG: Apr_26_19:12: tick!!!
 INFO LOG: Apr_26_19:14: tick!!!
 INFO LOG: Apr_26_19:16: tick!!!
 INFO LOG: Apr_26_19:18: tick!!!
 INFO LOG: Apr_26_19:20: tick!!!
 INFO LOG: Apr_26_19:22: tick!!!
 INFO LOG: Apr_26_19:24: tick!!!
 INFO LOG: Apr_26_19:26: tick!!!
 INFO LOG: Apr_26_19:28: tick!!!
 INFO LOG: Apr_26_19:30: tick!!!
 INFO LOG: Apr_26_19:32: tick!!!
 INFO LOG: Apr_26_19:34: tick!!!
 INFO LOG: Apr_26_19:36: tick!!!
 INFO LOG: Apr_26_19:38: tick!!!
 INFO LOG: Apr_26_19:40: tick!!!
 INFO LOG: Apr_26_19:42: tick!!!
 INFO LOG: Apr_26_19:44: tick!!!
 INFO LOG: Apr_26_19:46: tick!!!
 INFO LOG: Apr_26_19:48: tick!!!
 INFO LOG: Apr_26_19:50: tick!!!
 INFO LOG: Apr_26_19:52: tick!!!
 INFO LOG: Apr_26_19:54: tick!!!
 INFO LOG: Apr_26_19:56: tick!!!
 INFO LOG: Apr_26_19:58: tick!!!
 INFO LOG: Apr_26_20:00: tick!!!
 INFO LOG: Apr_26_20:02: tick!!!
 INFO LOG: Apr_26_20:04: tick!!!
 INFO LOG: Apr_26_20:06: tick!!!
 INFO LOG: Apr_26_20:08: tick!!!
 INFO LOG: Apr_26_20:10: tick!!!
 INFO LOG: Apr_26_20:12: tick!!!
 INFO LOG: Apr_26_20:14: tick!!!
 INFO LOG: Apr_26_20:16: tick!!!
 INFO LOG: Apr_26_20:18: tick!!!
 INFO LOG: Apr_26_20:20: tick!!!
 INFO LOG: Apr_26_20:22: tick!!!
 INFO LOG: Apr_26_20:24: tick!!!
 INFO LOG: Apr_26_20:26: tick!!!
 INFO LOG: Apr_26_20:28: tick!!!
 INFO LOG: Apr_26_20:30: tick!!!
 INFO LOG: Apr_26_20:32: tick!!!
 INFO LOG: Apr_26_20:34: tick!!!
 INFO LOG: Apr_26_20:36: tick!!!
 INFO LOG: Apr_26_20:38: tick!!!
 INFO LOG: Apr_26_20:40: tick!!!
 INFO LOG: Apr_26_20:42: tick!!!
 INFO LOG: Apr_26_20:44: tick!!!
 INFO LOG: Apr_26_20:46: tick!!!
 INFO LOG: Apr_26_20:48: tick!!!
 INFO LOG: Apr_26_20:50: tick!!!
 INFO LOG: Apr_26_20:52: tick!!!
 INFO LOG: Apr_26_20:54: tick!!!
 INFO LOG: Apr_26_20:56: tick!!!
 INFO LOG: Apr_26_20:58: tick!!!
 INFO LOG: Apr_26_21:00: tick!!!
 INFO LOG: Apr_26_21:02: tick!!!
 INFO LOG: Apr_26_21:04: tick!!!
 INFO LOG: Apr_26_21:06: tick!!!
 INFO LOG: Apr_26_21:08: tick!!!
 INFO LOG: Apr_26_21:10: tick!!!
 INFO LOG: Apr_26_21:12: tick!!!
 INFO LOG: Apr_26_21:14: tick!!!
 INFO LOG: Apr_26_21:16: tick!!!
 INFO LOG: Apr_26_21:18: tick!!!
 INFO LOG: Apr_26_21:20: tick!!!
 INFO LOG: Apr_26_21:22: tick!!!
 INFO LOG: Apr_26_21:24: tick!!!
 INFO LOG: Apr_26_21:26: tick!!!
 INFO LOG: Apr_26_21:28: tick!!!
 INFO LOG: Apr_26_21:30: tick!!!
 INFO LOG: Apr_26_21:32: tick!!!
 INFO LOG: Apr_26_21:34: tick!!!
 INFO LOG: Apr_26_21:36: tick!!!
 INFO LOG: Apr_26_21:38: tick!!!
 INFO LOG: Apr_26_21:40: tick!!!
 INFO LOG: Apr_26_21:42: tick!!!
 INFO LOG: Apr_26_21:44: tick!!!
 INFO LOG: Apr_26_21:46: tick!!!
 INFO LOG: Apr_26_21:48: tick!!!
 INFO LOG: Apr_26_21:50: tick!!!
 INFO LOG: Apr_26_21:52: tick!!!
 INFO LOG: Apr_26_21:54: tick!!!
 INFO LOG: Apr_26_21:56: tick!!!
 INFO LOG: Apr_26_21:58: tick!!!
 INFO LOG: Apr_26_22:00: tick!!!
 INFO LOG: Apr_26_22:02: tick!!!
 INFO LOG: Apr_26_22:04: tick!!!
 INFO LOG: Apr_26_22:06: tick!!!
 INFO LOG: Apr_26_22:08: tick!!!
 INFO LOG: Apr_26_22:10: tick!!!
 INFO LOG: Apr_26_22:12: tick!!!
 INFO LOG: Apr_26_22:14: tick!!!
 INFO LOG: Apr_26_22:16: tick!!!
 INFO LOG: Apr_26_22:18: tick!!!
 INFO LOG: Apr_26_22:20: tick!!!
 INFO LOG: Apr_26_22:22: tick!!!
 INFO LOG: Apr_26_22:24: tick!!!
 INFO LOG: Apr_26_22:26: tick!!!
 INFO LOG: Apr_26_22:28: tick!!!
 INFO LOG: Apr_26_22:30: tick!!!
 INFO LOG: Apr_26_22:32: tick!!!
 INFO LOG: Apr_26_22:34: tick!!!
 INFO LOG: Apr_26_22:36: tick!!!
 INFO LOG: Apr_26_22:38: tick!!!
 INFO LOG: Apr_26_22:40: tick!!!
 INFO LOG: Apr_26_22:42: tick!!!
 INFO LOG: Apr_26_22:44: tick!!!
 INFO LOG: Apr_26_22:46: tick!!!
 INFO LOG: Apr_26_22:48: tick!!!
 INFO LOG: Apr_26_22:50: tick!!!
 INFO LOG: Apr_26_22:52: tick!!!
 INFO LOG: Apr_26_22:54: tick!!!
 INFO LOG: Apr_26_22:56: tick!!!
 INFO LOG: Apr_26_22:58: tick!!!
 INFO LOG: Apr_26_23:00: tick!!!
 INFO LOG: Apr_26_23:02: tick!!!
 INFO LOG: Apr_26_23:04: tick!!!
 INFO LOG: Apr_26_23:06: tick!!!
 INFO LOG: Apr_26_23:08: tick!!!
 INFO LOG: Apr_26_23:10: tick!!!
 INFO LOG: Apr_26_23:12: tick!!!
 INFO LOG: Apr_26_23:14: tick!!!
 INFO LOG: Apr_26_23:16: tick!!!
 INFO LOG: Apr_26_23:18: tick!!!
 INFO LOG: Apr_26_23:20: tick!!!
 INFO LOG: Apr_26_23:22: tick!!!
 INFO LOG: Apr_26_23:24: tick!!!
 INFO LOG: Apr_26_23:26: tick!!!
 INFO LOG: Apr_26_23:28: tick!!!
 INFO LOG: Apr_26_23:30: tick!!!
 INFO LOG: Apr_26_23:32: tick!!!
 INFO LOG: Apr_26_23:34: tick!!!
 INFO LOG: Apr_26_23:36: tick!!!
 INFO LOG: Apr_26_23:38: tick!!!
 INFO LOG: Apr_26_23:40: tick!!!
 INFO LOG: Apr_26_23:42: tick!!!
 INFO LOG: Apr_26_23:44: tick!!!
 INFO LOG: Apr_26_23:46: tick!!!
 INFO LOG: Apr_26_23:48: tick!!!
 INFO LOG: Apr_26_23:50: tick!!!
 INFO LOG: Apr_26_23:52: tick!!!
 INFO LOG: Apr_26_23:54: tick!!!
 INFO LOG: Apr_26_23:56: tick!!!
 INFO LOG: Apr_26_23:58: tick!!!
 INFO LOG: Apr_27_00:00: tick!!!
 INFO LOG: Apr_27_00:02: tick!!!
 INFO LOG: Apr_27_00:04: tick!!!
 INFO LOG: Apr_27_00:06: tick!!!
 INFO LOG: Apr_27_00:08: tick!!!
 INFO LOG: Apr_27_00:10: tick!!!
 INFO LOG: Apr_27_00:12: tick!!!
 INFO LOG: Apr_27_00:14: tick!!!
 INFO LOG: Apr_27_00:16: tick!!!
 INFO LOG: Apr_27_00:18: tick!!!
 INFO LOG: Apr_27_00:20: tick!!!
 INFO LOG: Apr_27_00:22: tick!!!
 INFO LOG: Apr_27_00:24: tick!!!
 INFO LOG: Apr_27_00:26: tick!!!
 INFO LOG: Apr_27_00:28: tick!!!
 INFO LOG: Apr_27_00:30: tick!!!
 INFO LOG: Apr_27_00:32: tick!!!
 INFO LOG: Apr_27_00:34: tick!!!
 INFO LOG: Apr_27_00:36: tick!!!
 INFO LOG: Apr_27_00:38: tick!!!
 INFO LOG: Apr_27_00:40: tick!!!
 INFO LOG: Apr_27_00:42: tick!!!
 INFO LOG: Apr_27_00:44: tick!!!
 INFO LOG: Apr_27_00:46: tick!!!
 INFO LOG: Apr_27_00:48: tick!!!
 INFO LOG: Apr_27_00:50: tick!!!
 INFO LOG: Apr_27_00:52: tick!!!
 INFO LOG: Apr_27_00:54: tick!!!
 INFO LOG: Apr_27_00:56: tick!!!
 INFO LOG: Apr_27_00:58: tick!!!
 INFO LOG: Apr_27_01:00: tick!!!
 INFO LOG: Apr_27_01:02: tick!!!
 INFO LOG: Apr_27_01:04: tick!!!
 INFO LOG: Apr_27_01:06: tick!!!
 INFO LOG: Apr_27_01:08: tick!!!
 INFO LOG: Apr_27_01:10: tick!!!
 INFO LOG: Apr_27_01:12: tick!!!
 INFO LOG: Apr_27_01:14: tick!!!
 INFO LOG: Apr_27_01:16: tick!!!
 INFO LOG: Apr_27_01:18: tick!!!
 INFO LOG: Apr_27_01:20: tick!!!
 INFO LOG: Apr_27_01:22: tick!!!
 INFO LOG: Apr_27_01:24: tick!!!
 INFO LOG: Apr_27_01:26: tick!!!
 INFO LOG: Apr_27_01:28: tick!!!
 INFO LOG: Apr_27_01:30: tick!!!
 INFO LOG: Apr_27_01:32: tick!!!
 INFO LOG: Apr_27_01:34: tick!!!
 INFO LOG: Apr_27_01:36: tick!!!
 INFO LOG: Apr_27_01:38: tick!!!
 INFO LOG: Apr_27_01:40: tick!!!
 INFO LOG: Apr_27_01:42: tick!!!
 INFO LOG: Apr_27_01:44: tick!!!
 INFO LOG: Apr_27_01:46: tick!!!
 INFO LOG: Apr_27_01:48: tick!!!
 INFO LOG: Apr_27_01:50: tick!!!
 INFO LOG: Apr_27_01:52: tick!!!
 INFO LOG: Apr_27_01:54: tick!!!
 INFO LOG: Apr_27_01:56: tick!!!
 INFO LOG: Apr_27_01:58: tick!!!
 INFO LOG: Apr_27_02:00: tick!!!
 INFO LOG: Apr_27_02:02: tick!!!
 INFO LOG: Apr_27_02:04: tick!!!
 INFO LOG: Apr_27_02:06: tick!!!
 INFO LOG: Apr_27_02:08: tick!!!
 INFO LOG: Apr_27_02:10: tick!!!
 INFO LOG: Apr_27_02:12: tick!!!
 INFO LOG: Apr_27_02:14: tick!!!
 INFO LOG: Apr_27_02:16: tick!!!
 INFO LOG: Apr_27_02:18: tick!!!
 INFO LOG: Apr_27_02:20: tick!!!
 INFO LOG: Apr_27_02:22: tick!!!
 INFO LOG: Apr_27_02:24: tick!!!
 INFO LOG: Apr_27_02:26: tick!!!
 INFO LOG: Apr_27_02:28: tick!!!
 INFO LOG: Apr_27_02:30: tick!!!
 INFO LOG: Apr_27_02:32: tick!!!
 INFO LOG: Apr_27_02:34: tick!!!
 INFO LOG: Apr_27_02:36: tick!!!
 INFO LOG: Apr_27_02:38: tick!!!
 INFO LOG: Apr_27_02:40: tick!!!
 INFO LOG: Apr_27_02:42: tick!!!
 INFO LOG: Apr_27_02:44: tick!!!
 INFO LOG: Apr_27_02:46: tick!!!
 INFO LOG: Apr_27_02:48: tick!!!
 INFO LOG: Apr_27_02:50: tick!!!
 INFO LOG: Apr_27_02:52: tick!!!
 INFO LOG: Apr_27_02:54: tick!!!
 INFO LOG: Apr_27_02:56: tick!!!
 INFO LOG: Apr_27_02:58: tick!!!
 INFO LOG: Apr_27_03:00: tick!!!
 INFO LOG: Apr_27_03:02: tick!!!
 INFO LOG: Apr_27_03:04: tick!!!
 INFO LOG: Apr_27_03:06: tick!!!
 INFO LOG: Apr_27_03:08: tick!!!
 INFO LOG: Apr_27_03:10: tick!!!
 INFO LOG: Apr_27_03:12: tick!!!
 INFO LOG: Apr_27_03:14: tick!!!
 INFO LOG: Apr_27_03:16: tick!!!
 INFO LOG: Apr_27_03:18: tick!!!
 INFO LOG: Apr_27_03:20: tick!!!
 INFO LOG: Apr_27_03:22: tick!!!
 INFO LOG: Apr_27_03:24: tick!!!
 INFO LOG: Apr_27_03:26: tick!!!
 INFO LOG: Apr_27_03:28: tick!!!
 INFO LOG: Apr_27_03:30: tick!!!
 INFO LOG: Apr_27_03:32: tick!!!
 INFO LOG: Apr_27_03:34: tick!!!
 INFO LOG: Apr_27_03:36: tick!!!
 INFO LOG: Apr_27_03:38: tick!!!
 INFO LOG: Apr_27_03:40: tick!!!
 INFO LOG: Apr_27_03:42: tick!!!
 INFO LOG: Apr_27_03:44: tick!!!
 INFO LOG: Apr_27_03:46: tick!!!
 INFO LOG: Apr_27_03:48: tick!!!
 INFO LOG: Apr_27_03:50: tick!!!
 INFO LOG: Apr_27_03:52: tick!!!
 INFO LOG: Apr_27_03:54: tick!!!
 INFO LOG: Apr_27_03:56: tick!!!
 INFO LOG: Apr_27_03:58: tick!!!
 INFO LOG: Apr_27_04:00: tick!!!
 INFO LOG: Apr_27_04:02: tick!!!
 INFO LOG: Apr_27_04:04: tick!!!
 INFO LOG: Apr_27_04:06: tick!!!
 INFO LOG: Apr_27_04:08: tick!!!
 INFO LOG: Apr_27_04:10: tick!!!
 INFO LOG: Apr_27_04:12: tick!!!
 INFO LOG: Apr_27_04:14: tick!!!
 INFO LOG: Apr_27_04:16: tick!!!
 INFO LOG: Apr_27_04:18: tick!!!
 INFO LOG: Apr_27_04:20: tick!!!
 INFO LOG: Apr_27_04:22: tick!!!
 INFO LOG: Apr_27_04:24: tick!!!
 INFO LOG: Apr_27_04:26: tick!!!
 INFO LOG: Apr_27_04:28: tick!!!
 INFO LOG: Apr_27_04:30: tick!!!
 INFO LOG: Apr_27_04:32: tick!!!
 INFO LOG: Apr_27_04:34: tick!!!
 INFO LOG: Apr_27_04:36: tick!!!
 INFO LOG: Apr_27_04:38: tick!!!
 INFO LOG: Apr_27_04:40: tick!!!
 INFO LOG: Apr_27_04:42: tick!!!
 INFO LOG: Apr_27_04:44: tick!!!
 INFO LOG: Apr_27_04:46: tick!!!
 INFO LOG: Apr_27_04:48: tick!!!
 INFO LOG: Apr_27_04:50: tick!!!
 INFO LOG: Apr_27_04:52: tick!!!
 INFO LOG: Apr_27_04:54: tick!!!
 INFO LOG: Apr_27_04:56: tick!!!
 INFO LOG: Apr_27_04:58: tick!!!
 INFO LOG: Apr_27_05:00: tick!!!
 INFO LOG: Apr_27_05:02: tick!!!
 INFO LOG: Apr_27_05:04: tick!!!
 INFO LOG: Apr_27_05:06: tick!!!
 INFO LOG: Apr_27_05:08: tick!!!
 INFO LOG: Apr_27_05:10: tick!!!
 INFO LOG: Apr_27_05:12: tick!!!
 INFO LOG: Apr_27_05:14: tick!!!
 INFO LOG: Apr_27_05:16: tick!!!
 INFO LOG: Apr_27_05:18: tick!!!
 INFO LOG: Apr_27_05:20: tick!!!
 INFO LOG: Apr_27_05:22: tick!!!
 INFO LOG: Apr_27_05:24: tick!!!
 INFO LOG: Apr_27_05:26: tick!!!
 INFO LOG: Apr_27_05:28: tick!!!
 INFO LOG: Apr_27_05:30: tick!!!
 INFO LOG: Apr_27_05:32: tick!!!
 INFO LOG: Apr_27_05:34: tick!!!
 INFO LOG: Apr_27_05:36: tick!!!
 INFO LOG: Apr_27_05:38: tick!!!
 INFO LOG: Apr_27_05:40: tick!!!
 INFO LOG: Apr_27_05:42: tick!!!
 INFO LOG: Apr_27_05:44: tick!!!
 INFO LOG: Apr_27_05:46: tick!!!
 INFO LOG: Apr_27_05:48: tick!!!
 INFO LOG: Apr_27_05:50: tick!!!
 INFO LOG: Apr_27_05:52: tick!!!
 INFO LOG: Apr_27_05:54: tick!!!
 INFO LOG: Apr_27_05:56: tick!!!
 INFO LOG: Apr_27_05:58: tick!!!
 INFO LOG: Apr_27_06:00: tick!!!
 INFO LOG: Apr_27_06:02: tick!!!
 INFO LOG: Apr_27_06:04: tick!!!
 INFO LOG: Apr_27_06:06: tick!!!
 INFO LOG: Apr_27_06:08: tick!!!
 INFO LOG: Apr_27_06:10: tick!!!
 INFO LOG: Apr_27_06:12: tick!!!
 INFO LOG: Apr_27_06:14: tick!!!
 INFO LOG: Apr_27_06:16: tick!!!
 INFO LOG: Apr_27_06:18: tick!!!
 INFO LOG: Apr_27_06:20: tick!!!
 INFO LOG: Apr_27_06:22: tick!!!
 INFO LOG: Apr_27_06:24: tick!!!
 INFO LOG: Apr_27_06:26: tick!!!
 INFO LOG: Apr_27_06:28: tick!!!
 INFO LOG: Apr_27_06:30: tick!!!
 INFO LOG: Apr_27_06:32: tick!!!
 INFO LOG: Apr_27_06:34: tick!!!
 INFO LOG: Apr_27_06:36: tick!!!
 INFO LOG: Apr_27_06:38: tick!!!
 INFO LOG: Apr_27_06:40: tick!!!
 INFO LOG: Apr_27_06:42: tick!!!
 INFO LOG: Apr_27_06:44: tick!!!
 INFO LOG: Apr_27_06:46: tick!!!
 INFO LOG: Apr_27_06:48: tick!!!
 INFO LOG: Apr_27_06:50: tick!!!
 INFO LOG: Apr_27_06:52: tick!!!
 INFO LOG: Apr_27_06:54: tick!!!
 INFO LOG: Apr_27_06:56: tick!!!
 INFO LOG: Apr_27_06:58: tick!!!
 INFO LOG: Apr_27_07:00: tick!!!
 INFO LOG: Apr_27_07:02: tick!!!
 INFO LOG: Apr_27_07:04: tick!!!
 INFO LOG: Apr_27_07:06: tick!!!
 INFO LOG: Apr_27_07:08: tick!!!
 INFO LOG: Apr_27_07:10: tick!!!
 INFO LOG: Apr_27_07:12: tick!!!
 INFO LOG: Apr_27_07:14: tick!!!
 INFO LOG: Apr_27_07:16: tick!!!
 INFO LOG: Apr_27_07:18: tick!!!
 INFO LOG: Apr_27_07:20: tick!!!
 INFO LOG: Apr_27_07:22: tick!!!
 INFO LOG: Apr_27_07:24: tick!!!
 INFO LOG: Apr_27_07:26: tick!!!
 INFO LOG: Apr_27_07:28: tick!!!
 INFO LOG: Apr_27_07:30: tick!!!
 INFO LOG: Apr_27_07:32: tick!!!
 INFO LOG: Apr_27_07:34: tick!!!
 INFO LOG: Apr_27_07:36: tick!!!
 INFO LOG: Apr_27_07:38: tick!!!
 INFO LOG: Apr_27_07:40: tick!!!
 INFO LOG: Apr_27_07:42: tick!!!
 INFO LOG: Apr_27_07:44: tick!!!
 INFO LOG: Apr_27_07:46: tick!!!
 INFO LOG: Apr_27_07:48: tick!!!
 INFO LOG: Apr_27_07:50: tick!!!
 INFO LOG: Apr_27_07:52: tick!!!
 INFO LOG: Apr_27_07:54: tick!!!
 INFO LOG: Apr_27_07:56: tick!!!
 INFO LOG: Apr_27_07:58: tick!!!
 INFO LOG: Apr_27_08:00: tick!!!
 INFO LOG: Apr_27_08:02: tick!!!
 INFO LOG: Apr_27_08:04: tick!!!
 INFO LOG: Apr_27_08:06: tick!!!
 INFO LOG: Apr_27_08:08: tick!!!
 INFO LOG: Apr_27_08:10: tick!!!
 INFO LOG: Apr_27_08:12: tick!!!
 INFO LOG: Apr_27_08:14: tick!!!
 INFO LOG: Apr_27_08:16: tick!!!
 INFO LOG: Apr_27_08:18: tick!!!
 INFO LOG: Apr_27_08:20: tick!!!
 INFO LOG: Apr_27_08:22: tick!!!
 INFO LOG: Apr_27_08:24: tick!!!
 INFO LOG: Apr_27_08:26: tick!!!
 INFO LOG: Apr_27_08:28: tick!!!
 INFO LOG: Apr_27_08:30: tick!!!
 INFO LOG: Apr_27_08:32: tick!!!
 INFO LOG: Apr_27_08:34: tick!!!
 INFO LOG: Apr_27_08:36: tick!!!
 INFO LOG: Apr_27_08:38: tick!!!
 INFO LOG: Apr_27_08:40: tick!!!
 INFO LOG: Apr_27_08:42: tick!!!
 INFO LOG: Apr_27_08:44: tick!!!
 INFO LOG: Apr_27_08:46: tick!!!
 INFO LOG: Apr_27_08:48: tick!!!
 INFO LOG: Apr_27_08:50: tick!!!
 INFO LOG: Apr_27_08:52: tick!!!
 INFO LOG: Apr_27_08:54: tick!!!
 INFO LOG: Apr_27_08:56: tick!!!
 INFO LOG: Apr_27_08:58: tick!!!
 INFO LOG: Apr_27_09:00: tick!!!
 INFO LOG: Apr_27_09:02: tick!!!
 INFO LOG: Apr_27_09:04: tick!!!
 INFO LOG: Apr_27_09:06: tick!!!
 INFO LOG: Apr_27_09:08: tick!!!
 INFO LOG: Apr_27_09:10: tick!!!
 INFO LOG: Apr_27_09:12: tick!!!
 INFO LOG: Apr_27_09:14: tick!!!
 INFO LOG: Apr_27_09:16: tick!!!
 INFO LOG: Apr_27_09:18: tick!!!
 INFO LOG: Apr_27_09:20: tick!!!
 INFO LOG: Apr_27_09:22: tick!!!
 INFO LOG: Apr_27_09:24: tick!!!
 INFO LOG: Apr_27_09:26: tick!!!
 INFO LOG: Apr_27_09:28: tick!!!
 INFO LOG: Apr_27_09:30: tick!!!
 INFO LOG: Apr_27_09:32: tick!!!
 INFO LOG: Apr_27_09:34: tick!!!
 INFO LOG: Apr_27_09:36: tick!!!
 INFO LOG: Apr_27_09:38: tick!!!
 INFO LOG: Apr_27_09:40: tick!!!
 INFO LOG: Apr_27_09:42: tick!!!
 INFO LOG: Apr_27_09:44: tick!!!
 INFO LOG: Apr_27_09:46: tick!!!
 INFO LOG: Apr_27_09:48: tick!!!
 INFO LOG: Apr_27_09:50: tick!!!
 INFO LOG: Apr_27_09:52: tick!!!
 INFO LOG: Apr_27_09:54: tick!!!
 INFO LOG: Apr_27_09:56: tick!!!
 INFO LOG: Apr_27_09:58: tick!!!
 INFO LOG: Apr_27_10:00: tick!!!
 INFO LOG: Apr_27_10:02: tick!!!
 INFO LOG: Apr_27_10:04: tick!!!
 INFO LOG: Apr_27_10:06: tick!!!
 INFO LOG: Apr_27_10:08: tick!!!
 INFO LOG: Apr_27_10:10: tick!!!
 INFO LOG: Apr_27_10:12: tick!!!
 INFO LOG: Apr_27_10:14: tick!!!
 INFO LOG: Apr_27_10:16: tick!!!
 INFO LOG: Apr_27_10:18: tick!!!
 INFO LOG: Apr_27_10:20: tick!!!
 INFO LOG: Apr_27_10:22: tick!!!
 INFO LOG: Apr_27_10:24: tick!!!
 INFO LOG: Apr_27_10:26: tick!!!
 INFO LOG: Apr_27_10:28: tick!!!
 INFO LOG: Apr_27_10:30: tick!!!
 INFO LOG: Apr_27_10:32: tick!!!
 INFO LOG: Apr_27_10:34: tick!!!
 INFO LOG: Apr_27_10:36: tick!!!
 INFO LOG: Apr_27_10:38: tick!!!
 INFO LOG: Apr_27_10:40: tick!!!
 INFO LOG: Apr_27_10:42: tick!!!
 INFO LOG: Apr_27_10:44: tick!!!
 INFO LOG: Apr_27_10:46: tick!!!
 INFO LOG: Apr_27_10:48: tick!!!
 INFO LOG: Apr_27_10:50: tick!!!
 INFO LOG: Apr_27_10:52: tick!!!
 INFO LOG: Apr_27_10:54: tick!!!
 INFO LOG: Apr_27_10:56: tick!!!
 INFO LOG: Apr_27_10:58: tick!!!
 INFO LOG: Apr_27_11:00: tick!!!
 INFO LOG: Apr_27_11:02: tick!!!
 INFO LOG: Apr_27_11:04: tick!!!
 INFO LOG: Apr_27_11:06: tick!!!
 INFO LOG: Apr_27_11:08: tick!!!
 INFO LOG: Apr_27_11:10: tick!!!
 INFO LOG: Apr_27_11:12: tick!!!
 INFO LOG: Apr_27_11:14: tick!!!
 INFO LOG: Apr_27_11:16: tick!!!
 INFO LOG: Apr_27_11:18: tick!!!
 INFO LOG: Apr_27_11:20: tick!!!
 INFO LOG: Apr_27_11:22: tick!!!
 INFO LOG: Apr_27_11:24: tick!!!
 INFO LOG: Apr_27_11:26: tick!!!
 INFO LOG: Apr_27_11:28: tick!!!
 INFO LOG: Apr_27_11:30: tick!!!
 INFO LOG: Apr_27_11:32: tick!!!
 INFO LOG: Apr_27_11:34: tick!!!
 INFO LOG: Apr_27_11:36: tick!!!
 INFO LOG: Apr_27_11:38: tick!!!
 INFO LOG: Apr_27_11:40: tick!!!
 INFO LOG: Apr_27_11:42: tick!!!
 INFO LOG: Apr_27_11:44: tick!!!
 INFO LOG: Apr_27_11:46: tick!!!
 INFO LOG: Apr_27_11:48: tick!!!
 INFO LOG: Apr_27_11:50: tick!!!
 INFO LOG: Apr_27_11:52: tick!!!
 INFO LOG: Apr_27_11:54: tick!!!
 INFO LOG: Apr_27_11:56: tick!!!
 INFO LOG: Apr_27_11:58: tick!!!
 INFO LOG: Apr_27_12:00: tick!!!
 INFO LOG: Apr_27_12:02: tick!!!
 INFO LOG: Apr_27_12:04: tick!!!
 INFO LOG: Apr_27_12:06: tick!!!
 INFO LOG: Apr_27_12:08: tick!!!
 INFO LOG: Apr_27_12:10: tick!!!
 INFO LOG: Apr_27_12:12: tick!!!
 INFO LOG: Apr_27_12:14: tick!!!
 INFO LOG: Apr_27_12:16: tick!!!
 INFO LOG: Apr_27_12:18: tick!!!
 INFO LOG: Apr_27_12:20: tick!!!
 INFO LOG: Apr_27_12:22: tick!!!
 INFO LOG: Apr_27_12:24: tick!!!
 INFO LOG: Apr_27_12:26: tick!!!
 INFO LOG: Apr_27_12:28: tick!!!
 INFO LOG: Apr_27_12:30: tick!!!
 INFO LOG: Apr_27_12:32: tick!!!
 INFO LOG: Apr_27_12:34: tick!!!
 INFO LOG: Apr_27_12:36: tick!!!
 INFO LOG: Apr_27_12:38: tick!!!
 INFO LOG: Apr_27_12:40: tick!!!
 INFO LOG: Apr_27_12:42: tick!!!
 INFO LOG: Apr_27_12:44: tick!!!
 INFO LOG: Apr_27_12:46: tick!!!
 INFO LOG: Apr_27_12:48: tick!!!
 INFO LOG: Apr_27_12:50: tick!!!
 INFO LOG: Apr_27_12:52: tick!!!
 INFO LOG: Apr_27_12:54: tick!!!
 INFO LOG: Apr_27_12:56: tick!!!
 INFO LOG: Apr_27_12:58: tick!!!
 INFO LOG: Apr_27_13:00: tick!!!
 INFO LOG: Apr_27_13:02: tick!!!
 INFO LOG: Apr_27_13:04: tick!!!
 INFO LOG: Apr_27_13:06: tick!!!
 INFO LOG: Apr_27_13:08: tick!!!
 INFO LOG: Apr_27_13:10: tick!!!
 INFO LOG: Apr_27_13:12: tick!!!
 INFO LOG: Apr_27_13:14: tick!!!
 INFO LOG: Apr_27_13:16: tick!!!
 INFO LOG: Apr_27_13:18: tick!!!
 INFO LOG: Apr_27_13:20: tick!!!
 INFO LOG: Apr_27_13:22: tick!!!
 INFO LOG: Apr_27_13:24: tick!!!
 INFO LOG: Apr_27_13:26: tick!!!
 INFO LOG: Apr_27_13:28: tick!!!
 INFO LOG: Apr_27_13:30: tick!!!
 INFO LOG: Apr_27_13:32: tick!!!
 INFO LOG: Apr_27_13:34: tick!!!
 INFO LOG: Apr_27_13:36: tick!!!
 INFO LOG: Apr_27_13:38: tick!!!
 INFO LOG: Apr_27_13:40: tick!!!
 INFO LOG: Apr_27_13:42: tick!!!
 INFO LOG: Apr_27_13:44: tick!!!
 INFO LOG: Apr_27_13:46: tick!!!
 INFO LOG: Apr_27_13:48: tick!!!
 INFO LOG: Apr_27_13:50: tick!!!
 INFO LOG: Apr_27_13:52: tick!!!
 INFO LOG: Apr_27_13:54: tick!!!
 INFO LOG: Apr_27_13:56: tick!!!
 INFO LOG: Apr_27_13:58: tick!!!
 INFO LOG: Apr_27_14:00: tick!!!
 INFO LOG: Apr_27_14:02: tick!!!
 INFO LOG: Apr_27_14:04: tick!!!
 INFO LOG: Apr_27_14:06: tick!!!
 INFO LOG: Apr_27_14:08: tick!!!
 INFO LOG: Apr_27_14:10: tick!!!
 INFO LOG: Apr_27_14:12: tick!!!
 INFO LOG: Apr_27_14:14: tick!!!
 INFO LOG: Apr_27_14:16: tick!!!
 INFO LOG: Apr_27_14:18: tick!!!
 INFO LOG: Apr_27_14:20: tick!!!
 INFO LOG: Apr_27_14:22: tick!!!
 INFO LOG: Apr_27_14:24: tick!!!
 INFO LOG: Apr_27_14:26: tick!!!
 INFO LOG: Apr_27_14:28: tick!!!
 INFO LOG: Apr_27_14:30: tick!!!
 INFO LOG: Apr_27_14:32: tick!!!
 INFO LOG: Apr_27_14:34: tick!!!
 INFO LOG: Apr_27_14:36: tick!!!
 INFO LOG: Apr_27_14:38: tick!!!
 INFO LOG: Apr_27_14:40: tick!!!
 INFO LOG: Apr_27_14:42: tick!!!
 INFO LOG: Apr_27_14:44: tick!!!
 INFO LOG: Apr_27_14:46: tick!!!
 INFO LOG: Apr_27_14:48: tick!!!
 INFO LOG: Apr_27_14:50: tick!!!
 INFO LOG: Apr_27_14:52: tick!!!
 INFO LOG: Apr_27_14:54: tick!!!
 INFO LOG: Apr_27_14:56: tick!!!
 INFO LOG: Apr_27_14:58: tick!!!
 INFO LOG: Apr_27_15:00: tick!!!
 INFO LOG: Apr_27_15:02: tick!!!
 INFO LOG: Apr_27_15:04: tick!!!
 INFO LOG: Apr_27_15:06: tick!!!
 INFO LOG: Apr_27_15:08: tick!!!
 INFO LOG: Apr_27_15:10: tick!!!
 INFO LOG: Apr_27_15:13: tick!!!
 INFO LOG: Apr_27_15:15: tick!!!
 INFO LOG: Apr_27_15:17: tick!!!
 INFO LOG: Apr_27_15:18: -- #<Player:0x00000002a7a470>:99.191.82.191:46981 disconnected from CoralMUD!
 INFO LOG: Apr_27_15:18: -- 99.191.82.191:43457 connected to CoralMUD!
 INFO LOG: Apr_27_15:18: -- 99.191.82.191:43457: Retnur is trying to connect.
 INFO LOG: Apr_27_15:18: -- 99.191.82.191:43457: Retnur player file found.
 INFO LOG: Apr_27_15:18: -- Retnur has entered the game.
 INFO LOG: Apr_27_15:19: tick!!!
 INFO LOG: Apr_27_15:21: tick!!!
 INFO LOG: Apr_27_15:23: tick!!!
 INFO LOG: Apr_27_15:25: tick!!!
 INFO LOG: Apr_27_15:27: tick!!!
 INFO LOG: Apr_27_15:29: tick!!!
 INFO LOG: Apr_27_15:31: tick!!!
 INFO LOG: Apr_27_15:33: tick!!!
 INFO LOG: Apr_27_15:35: tick!!!
 INFO LOG: Apr_27_15:37: tick!!!
 INFO LOG: Apr_27_15:39: tick!!!
 INFO LOG: Apr_27_15:41: tick!!!
 INFO LOG: Apr_27_15:43: tick!!!
 INFO LOG: Apr_27_15:45: tick!!!
 INFO LOG: Apr_27_15:47: tick!!!
 INFO LOG: Apr_27_15:49: tick!!!
 INFO LOG: Apr_27_15:51: tick!!!
 INFO LOG: Apr_27_15:53: tick!!!
 INFO LOG: Apr_27_15:55: tick!!!
 INFO LOG: Apr_27_15:57: tick!!!
 INFO LOG: Apr_27_15:59: tick!!!
 INFO LOG: Apr_27_16:01: tick!!!
 INFO LOG: Apr_27_16:03: tick!!!
 INFO LOG: Apr_27_16:05: tick!!!
 INFO LOG: Apr_27_16:07: tick!!!
 INFO LOG: Apr_27_16:09: tick!!!
 INFO LOG: Apr_27_16:11: tick!!!
 INFO LOG: Apr_27_16:13: tick!!!
 INFO LOG: Apr_27_16:15: tick!!!
 INFO LOG: Apr_27_16:17: tick!!!
 INFO LOG: Apr_27_16:19: tick!!!
 INFO LOG: Apr_27_16:21: tick!!!
 INFO LOG: Apr_27_16:23: tick!!!
 INFO LOG: Apr_27_16:25: tick!!!
 INFO LOG: Apr_27_16:27: tick!!!
 INFO LOG: Apr_27_16:29: tick!!!
 INFO LOG: Apr_27_16:31: tick!!!
 INFO LOG: Apr_27_16:33: tick!!!
 INFO LOG: Apr_27_16:35: tick!!!
 INFO LOG: Apr_27_16:37: tick!!!
 INFO LOG: Apr_27_16:39: tick!!!
 INFO LOG: Apr_27_16:41: tick!!!
 INFO LOG: Apr_27_16:43: tick!!!
 INFO LOG: Apr_27_16:45: tick!!!
 INFO LOG: Apr_27_16:47: tick!!!
 INFO LOG: Apr_27_16:49: tick!!!
 INFO LOG: Apr_27_16:51: tick!!!
 INFO LOG: Apr_27_16:53: tick!!!
 INFO LOG: Apr_27_16:55: tick!!!
 INFO LOG: Apr_27_16:56: -- #<Player:0x00000002a534d8>:99.191.82.191:43457 disconnected from CoralMUD!
