 INFO LOG: Apr_28_06:16: Logging enabled.   Loading logs.rb.
 INFO LOG: Apr_28_06:16: Loading facade.rb
 INFO LOG: Apr_28_06:16: Loading utils.rb
 INFO LOG: Apr_28_06:16: Loading constants.rb
 INFO LOG: Apr_28_06:16: Loading class_property.rb
 INFO LOG: Apr_28_06:16: Loading scripts.rb
 INFO LOG: Apr_28_06:16: Loading tags.rb
 INFO LOG: Apr_28_06:16: Loading editor/editors.rb
 INFO LOG: Apr_28_06:16: Loading editor/editor.strings.rb
 INFO LOG: Apr_28_06:16: Loading editor/editor.rooms.rb
 INFO LOG: Apr_28_06:16: Loading editor/editor.exits.rb
 INFO LOG: Apr_28_06:16: Loading editor/editor.zones.rb
 INFO LOG: Apr_28_06:16: Loading editor/editor.npc.rb
 INFO LOG: Apr_28_06:16: Loading editor/editor.items.rb
 INFO LOG: Apr_28_06:16: Loading mxp.rb
 INFO LOG: Apr_28_06:16: Loading mccp.rb
 INFO LOG: Apr_28_06:16: Loading flags.rb
 INFO LOG: Apr_28_06:16: Loading damage.rb
 INFO LOG: Apr_28_06:16: Loading areas.rb
 INFO LOG: Apr_28_06:16: Loading event.rb
 INFO LOG: Apr_28_06:16: Loading automap/automap.rb
 INFO LOG: Apr_28_06:16: Loading cities.olc.rb
 INFO LOG: Apr_28_06:16: Loading cities.rb
 INFO LOG: Apr_28_06:16: Loading sector definitions.
 INFO LOG: Apr_28_06:16: Loading help.rb
 INFO LOG: Apr_28_06:16: Loading imcruby.rb
 INFO LOG: Apr_28_06:16: Loading player.rb
 INFO LOG: Apr_28_06:16: Loading commands.rb
 INFO LOG: Apr_28_06:16: Loading random.rb
 INFO LOG: Apr_28_06:16: Loading npc.rb
 INFO LOG: Apr_28_06:16: Loading items.rb
 INFO LOG: Apr_28_06:16: Loading spells.rb
 INFO LOG: Apr_28_06:16: Loading all zones.
 INFO LOG: Apr_28_06:16: Starting server.
 INFO LOG: Apr_28_06:16: CoralMUD is now up on port 4000.
 INFO LOG: Apr_28_06:18: tick!!!
 INFO LOG: Apr_28_06:20: tick!!!
 INFO LOG: Apr_28_06:22: tick!!!
 INFO LOG: Apr_28_06:24: tick!!!
 INFO LOG: Apr_28_06:26: tick!!!
 INFO LOG: Apr_28_06:28: tick!!!
 INFO LOG: Apr_28_06:30: tick!!!
 INFO LOG: Apr_28_06:32: tick!!!
 INFO LOG: Apr_28_06:33: -- 99.191.82.191:48311 connected to CoralMUD!
 INFO LOG: Apr_28_06:33: -- 99.191.82.191:48311: Retnur is trying to connect.
 INFO LOG: Apr_28_06:33: -- 99.191.82.191:48311: Retnur player file found.
 INFO LOG: Apr_28_06:33: -- Retnur has entered the game.
 INFO LOG: Apr_28_06:34: tick!!!
 INFO LOG: Apr_28_06:36: tick!!!
 INFO LOG: Apr_28_06:38: tick!!!
 INFO LOG: Apr_28_06:40: tick!!!
 INFO LOG: Apr_28_06:42: tick!!!
 INFO LOG: Apr_28_06:44: tick!!!
 INFO LOG: Apr_28_06:46: Script failed.
 INFO LOG: (eval):1: syntax error, unexpected keyword_do_block
do("look")
  ^
 INFO LOG: /home/heath/coral/lib/scripts.rb:15:in `eval'
 INFO LOG: /home/heath/coral/lib/scripts.rb:15:in `block in run'
 INFO LOG: Apr_28_06:46: tick!!!
 INFO LOG: Apr_28_06:48: tick!!!
 INFO LOG: Apr_28_06:50: tick!!!
 INFO LOG: Apr_28_06:52: tick!!!
 INFO LOG: Apr_28_06:54: tick!!!
 INFO LOG: Apr_28_06:56: tick!!!
 INFO LOG: Apr_28_06:58: tick!!!
 INFO LOG: Apr_28_07:00: tick!!!
 INFO LOG: Apr_28_07:02: tick!!!
 INFO LOG: Apr_28_07:04: tick!!!
 INFO LOG: Apr_28_07:06: tick!!!
 INFO LOG: Apr_28_07:08: tick!!!
 INFO LOG: Apr_28_07:10: tick!!!
 INFO LOG: Apr_28_07:12: tick!!!
 INFO LOG: Apr_28_07:14: tick!!!
 INFO LOG: Apr_28_07:16: tick!!!
 INFO LOG: Apr_28_07:18: tick!!!
 INFO LOG: Apr_28_07:20: tick!!!
 INFO LOG: Apr_28_07:22: tick!!!
 INFO LOG: Apr_28_07:24: tick!!!
 INFO LOG: Apr_28_07:26: tick!!!
 INFO LOG: Apr_28_07:28: tick!!!
 INFO LOG: Apr_28_07:30: tick!!!
 INFO LOG: Apr_28_07:32: tick!!!
 INFO LOG: Apr_28_07:34: tick!!!
 INFO LOG: Apr_28_07:36: tick!!!
 INFO LOG: Apr_28_07:38: tick!!!
 INFO LOG: Apr_28_07:40: tick!!!
 INFO LOG: Apr_28_07:42: tick!!!
 INFO LOG: Apr_28_07:44: tick!!!
 INFO LOG: Apr_28_07:46: -- #<Player:0x00000002aee7a8>:99.191.82.191:48311 disconnected from CoralMUD!
