 INFO LOG: Apr_17_08:07:: Logging enabled.   Loading logs.rb.
 INFO LOG: Apr_17_08:07:: Loading facade.rb
 INFO LOG: Apr_17_08:07:: Loading utils.rb
 INFO LOG: Apr_17_08:07:: Loading constants.rb
 INFO LOG: Apr_17_08:07:: Loading class_property.rb
 INFO LOG: Apr_17_08:07:: Loading tags.rb
 INFO LOG: Apr_17_08:07:: Loading editor/editors.rb
 INFO LOG: Apr_17_08:07:: Loading editor/editor.strings.rb
 INFO LOG: Apr_17_08:07:: Loading editor/editor.rooms.rb
 INFO LOG: Apr_17_08:07:: Loading editor/editor.exits.rb
 INFO LOG: Apr_17_08:07:: Loading editor/editor.zones.rb
 INFO LOG: Apr_17_08:07:: Loading editor/editor.npc.rb
 INFO LOG: Apr_17_08:07:: Loading editor/editor.items.rb
 INFO LOG: Apr_17_08:07:: Loading mxp.rb
 INFO LOG: Apr_17_08:07:: Loading mccp.rb
 INFO LOG: Apr_17_08:07:: Loading flags.rb
 INFO LOG: Apr_17_08:07:: Loading damage.rb
 INFO LOG: Apr_17_08:07:: Loading areas.rb
 INFO LOG: Apr_17_08:07:: Loading event.rb
 INFO LOG: Apr_17_08:07:: Loading automap/automap.rb
 INFO LOG: Apr_17_08:07:: Loading cities.olc.rb
 INFO LOG: Apr_17_08:07:: Loading cities.rb
 INFO LOG: Apr_17_08:07:: Loading sector definitions.
 INFO LOG: Apr_17_08:07:: Loading help.rb
 INFO LOG: Apr_17_08:07:: Loading imcruby.rb
 INFO LOG: Apr_17_08:07:: Loading player.rb
 INFO LOG: Apr_17_08:07:: Loading commands.rb
 INFO LOG: Apr_17_08:07:: Loading random.rb
 INFO LOG: Apr_17_08:07:: Loading npc.rb
 INFO LOG: Apr_17_08:07:: Loading items.rb
 INFO LOG: Apr_17_08:07:: Loading spells.rb
 INFO LOG: Apr_17_08:07:: Loading all zones.
 INFO LOG: Apr_17_08:07:: Starting server.
 INFO LOG: Apr_17_08:07:: CoralMUD is now up on port 4000.
 INFO LOG: Apr_17_08:07:: -- 99.191.82.191:35388 connected to CoralMUD!
 INFO LOG: Apr_17_08:07:: -- 99.191.82.191:35388: () Invalid name in character creation.
 INFO LOG: Apr_17_08:07:: -- 99.191.82.191:35388: Retnur is trying to connect.
 INFO LOG: Apr_17_08:07:: -- 99.191.82.191:35388: Retnur player file found.
 INFO LOG: Apr_17_08:07:: -- Retnur has entered the game.
 INFO LOG: Apr_17_08:09:: tick!!!
 INFO LOG: Apr_17_08:11:: tick!!!
 INFO LOG: Apr_17_08:13:: tick!!!
 INFO LOG: Apr_17_08:15:: tick!!!
 INFO LOG: Apr_17_08:17:: tick!!!
 INFO LOG: Apr_17_08:19:: tick!!!
 INFO LOG: Apr_17_08:21:: tick!!!
 INFO LOG: Apr_17_08:23:: tick!!!
 INFO LOG: Apr_17_08:25:: tick!!!
 INFO LOG: Apr_17_08:27:: tick!!!
 INFO LOG: Apr_17_08:29:: tick!!!
 INFO LOG: Apr_17_08:31:: tick!!!
 INFO LOG: Apr_17_08:33:: tick!!!
 INFO LOG: Apr_17_08:35:: tick!!!
 INFO LOG: Apr_17_08:37:: tick!!!
 INFO LOG: Apr_17_08:39:: tick!!!
 INFO LOG: Apr_17_08:41:: tick!!!
 INFO LOG: Apr_17_08:43:: tick!!!
 INFO LOG: Apr_17_08:45:: tick!!!
 INFO LOG: Apr_17_08:47:: tick!!!
 INFO LOG: Apr_17_08:49:: tick!!!
 INFO LOG: Apr_17_08:51:: tick!!!
 INFO LOG: Apr_17_08:53:: tick!!!
 INFO LOG: Apr_17_08:55:: tick!!!
 INFO LOG: Apr_17_08:57:: tick!!!
 INFO LOG: Apr_17_08:59:: tick!!!
 INFO LOG: Apr_17_09:01:: tick!!!
 INFO LOG: Apr_17_09:03:: tick!!!
 INFO LOG: Apr_17_09:05:: tick!!!
 INFO LOG: Apr_17_09:07:: tick!!!
 INFO LOG: Apr_17_09:09:: tick!!!
 INFO LOG: Apr_17_09:11:: tick!!!
 INFO LOG: Apr_17_09:13:: tick!!!
 INFO LOG: Apr_17_09:15:: tick!!!
 INFO LOG: Apr_17_09:17:: tick!!!
 INFO LOG: Apr_17_09:19:: tick!!!
 INFO LOG: Apr_17_09:21:: tick!!!
 INFO LOG: Apr_17_09:23:: tick!!!
 INFO LOG: Apr_17_09:25:: tick!!!
 INFO LOG: Apr_17_09:27:: tick!!!
 INFO LOG: Apr_17_09:29:: tick!!!
 INFO LOG: Apr_17_09:31:: tick!!!
 INFO LOG: Apr_17_09:33:: tick!!!
 INFO LOG: Apr_17_09:35:: tick!!!
 INFO LOG: Apr_17_09:37:: tick!!!
 INFO LOG: Apr_17_09:39:: tick!!!
 INFO LOG: Apr_17_09:41:: tick!!!
 INFO LOG: Apr_17_09:43:: tick!!!
 INFO LOG: Apr_17_09:45:: tick!!!
 INFO LOG: Apr_17_09:47:: tick!!!
 INFO LOG: Apr_17_09:49:: tick!!!
 INFO LOG: Apr_17_09:51:: tick!!!
 INFO LOG: Apr_17_09:53:: tick!!!
 INFO LOG: Apr_17_09:55:: tick!!!
 INFO LOG: Apr_17_09:57:: tick!!!
 INFO LOG: Apr_17_09:59:: tick!!!
 INFO LOG: Apr_17_10:01:: tick!!!
 INFO LOG: Apr_17_10:03:: tick!!!
 INFO LOG: Apr_17_10:05:: tick!!!
 INFO LOG: Apr_17_10:07:: tick!!!
 INFO LOG: Apr_17_10:09:: tick!!!
 INFO LOG: Apr_17_10:11:: tick!!!
 INFO LOG: Apr_17_10:13:: tick!!!
 INFO LOG: Apr_17_10:15:: tick!!!
 INFO LOG: Apr_17_10:17:: tick!!!
 INFO LOG: Apr_17_10:19:: tick!!!
 INFO LOG: Apr_17_10:21:: tick!!!
 INFO LOG: Apr_17_10:23:: tick!!!
 INFO LOG: Apr_17_10:25:: tick!!!
 INFO LOG: Apr_17_10:27:: tick!!!
 INFO LOG: Apr_17_10:29:: tick!!!
 INFO LOG: Apr_17_10:31:: tick!!!
 INFO LOG: Apr_17_10:33:: tick!!!
 INFO LOG: Apr_17_10:35:: tick!!!
 INFO LOG: Apr_17_10:37:: tick!!!
 INFO LOG: Apr_17_10:39:: tick!!!
 INFO LOG: Apr_17_10:41:: tick!!!
 INFO LOG: Apr_17_10:43:: tick!!!
 INFO LOG: Apr_17_10:45:: tick!!!
 INFO LOG: Apr_17_10:47:: tick!!!
 INFO LOG: Apr_17_10:49:: tick!!!
 INFO LOG: Apr_17_10:51:: Loading npc.rb
 INFO LOG: Apr_17_10:51:: tick!!!
 INFO LOG: Apr_17_10:53:: tick!!!
 INFO LOG: Apr_17_10:53:: -- #<Player:0x00000002df23f0>:99.191.82.191:35388 disconnected from CoralMUD!
 INFO LOG: Apr_17_10:53:: Program closed.
