 INFO LOG: Apr_11_07: Logging enabled.   Loading logs.rb.
 INFO LOG: Apr_11_07: Loading utils.rb
 INFO LOG: Apr_11_07: Loading constants.rb
 INFO LOG: Apr_11_07: Loading class_property.rb
 INFO LOG: Apr_11_07: Loading tags.rb
 INFO LOG: Apr_11_07: Loading editor/editors.rb
 INFO LOG: Apr_11_07: Loading editor/editor.strings.rb
 INFO LOG: Apr_11_07: Loading editor/editor.rooms.rb
 INFO LOG: Apr_11_07: Loading editor/editor.exits.rb
 INFO LOG: Apr_11_07: Loading mxp.rb
 INFO LOG: Apr_11_07: Loading mccp.rb
 INFO LOG: Apr_11_07: Loading flags.rb
 INFO LOG: Apr_11_07: Loading damage.rb
 INFO LOG: Apr_11_07: Loading areas.rb
 INFO LOG: Apr_11_07: Loading event.rb
 INFO LOG: Apr_11_07: Loading automap/automap.rb
 INFO LOG: Apr_11_07: Loading cities.olc.rb
 INFO LOG: Apr_11_07: Loading cities.rb
 INFO LOG: Apr_11_07: Loading help.rb
 INFO LOG: Apr_11_07: Loading imcruby.rb
 INFO LOG: Apr_11_07: Loading player.rb
 INFO LOG: Apr_11_07: Loading player.commands.rb
 INFO LOG: Apr_11_07: Loading random.rb
 INFO LOG: Apr_11_07: Loading spells.rb
 INFO LOG: Apr_11_07: Loading all zones.
 INFO LOG: Apr_11_07: Starting server.
 INFO LOG: Apr_11_07: CoralMUD is now up on port 4000.
 INFO LOG: Apr_11_07: tick!!!
 INFO LOG: Apr_11_07: Loading cities.rb
 INFO LOG: Apr_11_07: Loading cities.rb
 INFO LOG: Apr_11_07: -- 99.191.82.191:55933 connected to CoralMUD!
 INFO LOG: Apr_11_07: -- 99.191.82.191:55933: Retnur is trying to connect.
 INFO LOG: Apr_11_07: -- 99.191.82.191:55933: Retnur player file found.
 INFO LOG: Apr_11_07: -- Retnur has entered the game.
 INFO LOG: Apr_11_07: -- #<Player:0x00000001a68820>:99.191.82.191:55933 disconnected from CoralMUD!
 INFO LOG: Apr_11_07: Program closed.
 INFO LOG: Apr_11_07: Logging enabled.   Loading logs.rb.
 INFO LOG: Apr_11_07: Loading utils.rb
 INFO LOG: Apr_11_07: Loading constants.rb
 INFO LOG: Apr_11_07: Loading class_property.rb
 INFO LOG: Apr_11_07: Loading tags.rb
 INFO LOG: Apr_11_07: Loading editor/editors.rb
 INFO LOG: Apr_11_07: Loading editor/editor.strings.rb
 INFO LOG: Apr_11_07: Loading editor/editor.rooms.rb
 INFO LOG: Apr_11_07: Loading editor/editor.exits.rb
 INFO LOG: Apr_11_07: Loading mxp.rb
 INFO LOG: Apr_11_07: Loading mccp.rb
 INFO LOG: Apr_11_07: Loading flags.rb
 INFO LOG: Apr_11_07: Loading damage.rb
 INFO LOG: Apr_11_07: Loading areas.rb
 INFO LOG: Apr_11_07: Loading event.rb
 INFO LOG: Apr_11_07: Loading automap/automap.rb
 INFO LOG: Apr_11_07: Loading cities.olc.rb
 INFO LOG: Apr_11_07: Loading cities.rb
 INFO LOG: Apr_11_07: Loading help.rb
 INFO LOG: Apr_11_07: Loading imcruby.rb
 INFO LOG: Apr_11_07: Loading player.rb
 INFO LOG: Apr_11_07: Loading player.commands.rb
 INFO LOG: Apr_11_07: Loading random.rb
 INFO LOG: Apr_11_07: Loading spells.rb
 INFO LOG: Apr_11_07: Loading all zones.
 INFO LOG: Apr_11_07: Starting server.
 INFO LOG: Apr_11_07: CoralMUD is now up on port 4000.
 INFO LOG: Apr_11_07: -- 99.191.82.191:50078 connected to CoralMUD!
 INFO LOG: Apr_11_07: -- 99.191.82.191:50078: Retnur is trying to connect.
 INFO LOG: Apr_11_07: -- 99.191.82.191:50078: Retnur player file found.
 INFO LOG: Apr_11_07: -- Retnur has entered the game.
 INFO LOG: Apr_11_07: -- #<Player:0x00000002090040>:99.191.82.191:50078 disconnected from CoralMUD!
 INFO LOG: Apr_11_07: Program closed.
 INFO LOG: Apr_11_07: Logging enabled.   Loading logs.rb.
 INFO LOG: Apr_11_07: Loading utils.rb
 INFO LOG: Apr_11_07: Loading constants.rb
 INFO LOG: Apr_11_07: Loading class_property.rb
 INFO LOG: Apr_11_07: Loading tags.rb
 INFO LOG: Apr_11_07: Loading editor/editors.rb
 INFO LOG: Apr_11_07: Loading editor/editor.strings.rb
 INFO LOG: Apr_11_07: Loading editor/editor.rooms.rb
 INFO LOG: Apr_11_07: Loading editor/editor.exits.rb
 INFO LOG: Apr_11_07: Loading mxp.rb
 INFO LOG: Apr_11_07: Loading mccp.rb
 INFO LOG: Apr_11_07: Loading flags.rb
 INFO LOG: Apr_11_07: Loading damage.rb
 INFO LOG: Apr_11_07: Loading areas.rb
 INFO LOG: Apr_11_07: Loading event.rb
 INFO LOG: Apr_11_07: Loading automap/automap.rb
 INFO LOG: Apr_11_07: Loading cities.olc.rb
 INFO LOG: Apr_11_07: Loading cities.rb
 INFO LOG: Apr_11_07: Loading help.rb
 INFO LOG: Apr_11_07: Loading imcruby.rb
 INFO LOG: Apr_11_07: Loading player.rb
 INFO LOG: Apr_11_07: Loading player.commands.rb
 INFO LOG: Apr_11_07: Loading random.rb
 INFO LOG: Apr_11_07: Loading spells.rb
 INFO LOG: Apr_11_07: Loading all zones.
 INFO LOG: Apr_11_07: Starting server.
 INFO LOG: Apr_11_07: CoralMUD is now up on port 4000.
 INFO LOG: Apr_11_07: -- 99.191.82.191:60863 connected to CoralMUD!
 INFO LOG: Apr_11_07: -- 99.191.82.191:60863: Retnur is trying to connect.
 INFO LOG: Apr_11_07: -- 99.191.82.191:60863: Retnur:  New Character.
 INFO LOG: Apr_11_07: -- #<Player:0x0000000172cbc0>:99.191.82.191:60863 disconnected from CoralMUD!
 INFO LOG: Apr_11_07: Logging enabled.   Loading logs.rb.
 INFO LOG: Apr_11_07: Loading utils.rb
 INFO LOG: Apr_11_07: Loading constants.rb
 INFO LOG: Apr_11_07: Loading class_property.rb
 INFO LOG: Apr_11_07: Loading tags.rb
 INFO LOG: Apr_11_07: Loading editor/editors.rb
 INFO LOG: Apr_11_07: Loading editor/editor.strings.rb
 INFO LOG: Apr_11_07: Loading editor/editor.rooms.rb
 INFO LOG: Apr_11_07: Loading editor/editor.exits.rb
 INFO LOG: Apr_11_07: Loading mxp.rb
 INFO LOG: Apr_11_07: Loading mccp.rb
 INFO LOG: Apr_11_07: Loading flags.rb
 INFO LOG: Apr_11_07: Loading damage.rb
 INFO LOG: Apr_11_07: Loading areas.rb
 INFO LOG: Apr_11_07: Loading event.rb
 INFO LOG: Apr_11_07: Loading automap/automap.rb
 INFO LOG: Apr_11_07: Loading cities.olc.rb
 INFO LOG: Apr_11_07: Loading cities.rb
 INFO LOG: Apr_11_07: Loading help.rb
 INFO LOG: Apr_11_07: Loading imcruby.rb
 INFO LOG: Apr_11_07: Loading player.rb
 INFO LOG: Apr_11_07: Loading player.commands.rb
 INFO LOG: Apr_11_07: Loading random.rb
 INFO LOG: Apr_11_07: Loading spells.rb
 INFO LOG: Apr_11_07: Loading all zones.
 INFO LOG: Apr_11_07: Starting server.
 INFO LOG: Apr_11_07: CoralMUD is now up on port 4000.
 INFO LOG: Apr_11_07: -- 99.191.82.191:34293 connected to CoralMUD!
 INFO LOG: Apr_11_07: -- 99.191.82.191:34293: Retnur is trying to connect.
 INFO LOG: Apr_11_07: -- 99.191.82.191:34293: Retnur player file found.
 INFO LOG: Apr_11_07: -- Retnur has entered the game.
 INFO LOG: Apr_11_07: tick!!!
 INFO LOG: Apr_11_07: Loading tags.rb
 INFO LOG: Apr_11_07: tick!!!
ERROR LOG: undefined method `save_area' for #<Zone:0x00000002ac0060>
ERROR LOG: /home/heath/coral/lib/player.commands.rb:683:in `cmd_test'
ERROR LOG: /home/heath/coral/lib/player.commands.rb:185:in `execute_command'
ERROR LOG: /home/heath/coral/core/socketengine.rb:156:in `handle_cmd_input'
ERROR LOG: /home/heath/coral/core/socketengine.rb:136:in `receive_data'
ERROR LOG: /usr/local/lib/ruby/gems/1.9.1/gems/eventmachine-0.12.8/lib/eventmachine.rb:242:in `run_machine'
ERROR LOG: /usr/local/lib/ruby/gems/1.9.1/gems/eventmachine-0.12.8/lib/eventmachine.rb:242:in `run'
ERROR LOG: coral.rb:114:in `<main>'
 INFO LOG: Apr_11_07: tick!!!
 INFO LOG: Apr_11_07: Loading player.commands.rb
 INFO LOG: Apr_11_07: Loading player.commands.rb
 INFO LOG: Apr_11_07: Loading player.commands.rb
 INFO LOG: Apr_11_07: tick!!!
 INFO LOG: Apr_11_07: tick!!!
 INFO LOG: Apr_11_07: -- #<Player:0x0000000295c458>:99.191.82.191:34293 disconnected from CoralMUD!
 INFO LOG: Apr_11_07: Program closed.
 INFO LOG: Apr_11_07: Logging enabled.   Loading logs.rb.
 INFO LOG: Apr_11_07: Loading utils.rb
 INFO LOG: Apr_11_07: Loading constants.rb
 INFO LOG: Apr_11_07: Loading class_property.rb
 INFO LOG: Apr_11_07: Loading tags.rb
 INFO LOG: Apr_11_07: Loading editor/editors.rb
 INFO LOG: Apr_11_07: Loading editor/editor.strings.rb
 INFO LOG: Apr_11_07: Loading editor/editor.rooms.rb
 INFO LOG: Apr_11_07: Loading editor/editor.exits.rb
 INFO LOG: Apr_11_07: Loading mxp.rb
 INFO LOG: Apr_11_07: Loading mccp.rb
 INFO LOG: Apr_11_07: Loading flags.rb
 INFO LOG: Apr_11_07: Loading damage.rb
 INFO LOG: Apr_11_07: Loading areas.rb
 INFO LOG: Apr_11_07: Loading event.rb
 INFO LOG: Apr_11_07: Loading automap/automap.rb
 INFO LOG: Apr_11_07: Loading cities.olc.rb
 INFO LOG: Apr_11_07: Loading cities.rb
 INFO LOG: Apr_11_07: Loading help.rb
 INFO LOG: Apr_11_07: Loading imcruby.rb
 INFO LOG: Apr_11_07: Loading player.rb
 INFO LOG: Apr_11_07: Loading player.commands.rb
 INFO LOG: Apr_11_07: Loading random.rb
 INFO LOG: Apr_11_07: Loading spells.rb
 INFO LOG: Apr_11_07: Loading all zones.
 INFO LOG: Apr_11_07: Starting server.
 INFO LOG: Apr_11_07: CoralMUD is now up on port 4000.
 INFO LOG: Apr_11_07: -- 99.191.82.191:57160 connected to CoralMUD!
 INFO LOG: Apr_11_07: -- 99.191.82.191:57160: Retnur is trying to connect.
 INFO LOG: Apr_11_07: -- 99.191.82.191:57160: Retnur player file found.
 INFO LOG: Apr_11_07: -- Retnur has entered the game.
 INFO LOG: Apr_11_07: Loading player.commands.rb
 INFO LOG: Apr_11_07: tick!!!
 INFO LOG: Apr_11_07: tick!!!
 INFO LOG: Apr_11_07: tick!!!
 INFO LOG: Apr_11_07: tick!!!
 INFO LOG: Apr_11_07: tick!!!
 INFO LOG: Apr_11_07: -- #<Player:0x0000000268d3a8>:99.191.82.191:57160 disconnected from CoralMUD!
 INFO LOG: Apr_11_07: Program closed.
 INFO LOG: Apr_11_07: Logging enabled.   Loading logs.rb.
 INFO LOG: Apr_11_07: Loading utils.rb
 INFO LOG: Apr_11_07: Loading constants.rb
 INFO LOG: Apr_11_07: Loading class_property.rb
 INFO LOG: Apr_11_07: Loading tags.rb
 INFO LOG: Apr_11_07: Loading editor/editors.rb
 INFO LOG: Apr_11_07: Loading editor/editor.strings.rb
 INFO LOG: Apr_11_07: Loading editor/editor.rooms.rb
 INFO LOG: Apr_11_07: Loading editor/editor.exits.rb
 INFO LOG: Apr_11_07: Loading mxp.rb
 INFO LOG: Apr_11_07: Loading mccp.rb
 INFO LOG: Apr_11_07: Loading flags.rb
 INFO LOG: Apr_11_07: Loading damage.rb
 INFO LOG: Apr_11_07: Loading areas.rb
 INFO LOG: Apr_11_07: Loading event.rb
 INFO LOG: Apr_11_07: Loading automap/automap.rb
 INFO LOG: Apr_11_07: Loading cities.olc.rb
 INFO LOG: Apr_11_07: Loading cities.rb
 INFO LOG: Apr_11_07: Loading help.rb
 INFO LOG: Apr_11_07: Loading imcruby.rb
 INFO LOG: Apr_11_07: Loading player.rb
 INFO LOG: Apr_11_07: Loading player.commands.rb
 INFO LOG: Apr_11_07: Loading random.rb
 INFO LOG: Apr_11_07: Loading spells.rb
 INFO LOG: Apr_11_07: Loading all zones.
 INFO LOG: Apr_11_07: Starting server.
 INFO LOG: Apr_11_07: CoralMUD is now up on port 4000.
 INFO LOG: Apr_11_07: tick!!!
 INFO LOG: Apr_11_07: tick!!!
 INFO LOG: Apr_11_07: tick!!!
 INFO LOG: Apr_11_07: tick!!!
 INFO LOG: Apr_11_07: tick!!!
 INFO LOG: Apr_11_08: tick!!!
 INFO LOG: Apr_11_08: -- 99.191.82.191:57995 connected to CoralMUD!
 INFO LOG: Apr_11_08: -- 99.191.82.191:57995: Retnur is trying to connect.
 INFO LOG: Apr_11_08: -- 99.191.82.191:57995: Retnur player file found.
 INFO LOG: Apr_11_08: -- Retnur has entered the game.
 INFO LOG: Apr_11_08: -- #<Player:0x000000025e7a98>:99.191.82.191:57995 disconnected from CoralMUD!
 INFO LOG: Apr_11_08: Program closed.
 INFO LOG: Apr_11_08: Logging enabled.   Loading logs.rb.
 INFO LOG: Apr_11_08: Loading utils.rb
 INFO LOG: Apr_11_08: Loading constants.rb
 INFO LOG: Apr_11_08: Loading class_property.rb
 INFO LOG: Apr_11_08: Loading tags.rb
 INFO LOG: Apr_11_08: Loading editor/editors.rb
 INFO LOG: Apr_11_08: Loading editor/editor.strings.rb
 INFO LOG: Apr_11_08: Loading editor/editor.rooms.rb
 INFO LOG: Apr_11_08: Loading editor/editor.exits.rb
 INFO LOG: Apr_11_08: Loading mxp.rb
 INFO LOG: Apr_11_08: Loading mccp.rb
 INFO LOG: Apr_11_08: Loading flags.rb
 INFO LOG: Apr_11_08: Loading damage.rb
 INFO LOG: Apr_11_08: Loading areas.rb
 INFO LOG: Apr_11_08: Loading event.rb
 INFO LOG: Apr_11_08: Loading automap/automap.rb
 INFO LOG: Apr_11_08: Loading cities.olc.rb
 INFO LOG: Apr_11_08: Loading cities.rb
 INFO LOG: Apr_11_08: Loading help.rb
 INFO LOG: Apr_11_08: Loading imcruby.rb
 INFO LOG: Apr_11_08: Loading player.rb
 INFO LOG: Apr_11_08: Loading player.commands.rb
 INFO LOG: Apr_11_08: Loading random.rb
 INFO LOG: Apr_11_08: Loading spells.rb
 INFO LOG: Apr_11_08: Loading all zones.
 INFO LOG: Apr_11_08: Starting server.
 INFO LOG: Apr_11_08: CoralMUD is now up on port 4000.
 INFO LOG: Apr_11_08: tick!!!
 INFO LOG: Apr_11_08: tick!!!
 INFO LOG: Apr_11_08: tick!!!
 INFO LOG: Apr_11_08: -- 99.191.82.191:45572 connected to CoralMUD!
 INFO LOG: Apr_11_08: -- 99.191.82.191:45572: Retnur is trying to connect.
 INFO LOG: Apr_11_08: -- 99.191.82.191:45572: Retnur player file found.
 INFO LOG: Apr_11_08: -- Retnur has entered the game.
 INFO LOG: Apr_11_08: -- #<Player:0x000000017afd90>:99.191.82.191:45572 disconnected from CoralMUD!
 INFO LOG: Apr_11_08: Program closed.
 INFO LOG: Apr_11_08: Logging enabled.   Loading logs.rb.
 INFO LOG: Apr_11_08: Loading utils.rb
 INFO LOG: Apr_11_08: Loading constants.rb
 INFO LOG: Apr_11_08: Loading class_property.rb
 INFO LOG: Apr_11_08: Loading tags.rb
 INFO LOG: Apr_11_08: Loading editor/editors.rb
 INFO LOG: Apr_11_08: Loading editor/editor.strings.rb
 INFO LOG: Apr_11_08: Loading editor/editor.rooms.rb
 INFO LOG: Apr_11_08: Loading editor/editor.exits.rb
 INFO LOG: Apr_11_08: Loading mxp.rb
 INFO LOG: Apr_11_08: Loading mccp.rb
 INFO LOG: Apr_11_08: Loading flags.rb
 INFO LOG: Apr_11_08: Loading damage.rb
 INFO LOG: Apr_11_08: Loading areas.rb
 INFO LOG: Apr_11_08: Loading event.rb
 INFO LOG: Apr_11_08: Loading automap/automap.rb
 INFO LOG: Apr_11_08: Loading cities.olc.rb
 INFO LOG: Apr_11_08: Loading cities.rb
 INFO LOG: Apr_11_08: Loading help.rb
 INFO LOG: Apr_11_08: Loading imcruby.rb
 INFO LOG: Apr_11_08: Loading player.rb
 INFO LOG: Apr_11_08: Loading player.commands.rb
 INFO LOG: Apr_11_08: Loading random.rb
 INFO LOG: Apr_11_08: Loading spells.rb
 INFO LOG: Apr_11_08: Loading all zones.
 INFO LOG: Apr_11_08: Starting server.
 INFO LOG: Apr_11_08: CoralMUD is now up on port 4000.
 INFO LOG: Apr_11_08: Loading areas.rb
 INFO LOG: Apr_11_08: -- 99.191.82.191:51017 connected to CoralMUD!
 INFO LOG: Apr_11_08: -- 99.191.82.191:51017: Invalid name in character creation.
 INFO LOG: Apr_11_08: -- 99.191.82.191:51017: Retnur is trying to connect.
 INFO LOG: Apr_11_08: -- 99.191.82.191:51017: Retnur player file found.
 INFO LOG: Apr_11_08: -- Retnur has entered the game.
 INFO LOG: Apr_11_08: -- #<Player:0x0000000214d0c8>:99.191.82.191:51017 disconnected from CoralMUD!
 INFO LOG: Apr_11_08: Program closed.
 INFO LOG: Apr_11_08: Logging enabled.   Loading logs.rb.
 INFO LOG: Apr_11_08: Loading utils.rb
 INFO LOG: Apr_11_08: Loading constants.rb
 INFO LOG: Apr_11_08: Loading class_property.rb
 INFO LOG: Apr_11_08: Loading tags.rb
 INFO LOG: Apr_11_08: Loading editor/editors.rb
 INFO LOG: Apr_11_08: Loading editor/editor.strings.rb
 INFO LOG: Apr_11_08: Loading editor/editor.rooms.rb
 INFO LOG: Apr_11_08: Loading editor/editor.exits.rb
 INFO LOG: Apr_11_08: Loading mxp.rb
 INFO LOG: Apr_11_08: Loading mccp.rb
 INFO LOG: Apr_11_08: Loading flags.rb
 INFO LOG: Apr_11_08: Loading damage.rb
 INFO LOG: Apr_11_08: Loading areas.rb
 INFO LOG: Apr_11_08: Loading event.rb
 INFO LOG: Apr_11_08: Loading automap/automap.rb
 INFO LOG: Apr_11_08: Loading cities.olc.rb
 INFO LOG: Apr_11_08: Loading cities.rb
 INFO LOG: Apr_11_08: Loading help.rb
 INFO LOG: Apr_11_08: Loading imcruby.rb
 INFO LOG: Apr_11_08: Loading player.rb
 INFO LOG: Apr_11_08: Loading player.commands.rb
 INFO LOG: Apr_11_08: Loading random.rb
 INFO LOG: Apr_11_08: Loading spells.rb
 INFO LOG: Apr_11_08: Loading all zones.
 INFO LOG: Apr_11_08: Starting server.
 INFO LOG: Apr_11_08: CoralMUD is now up on port 4000.
 INFO LOG: Apr_11_08: tick!!!
 INFO LOG: Apr_11_08: tick!!!
 INFO LOG: Apr_11_08: tick!!!
 INFO LOG: Apr_11_08: -- 99.191.82.191:46195 connected to CoralMUD!
 INFO LOG: Apr_11_08: -- 99.191.82.191:46195: Retnur is trying to connect.
 INFO LOG: Apr_11_08: -- 99.191.82.191:46195: Retnur player file found.
 INFO LOG: Apr_11_08: tick!!!
 INFO LOG: Apr_11_08: -- Retnur has entered the game.
 INFO LOG: Apr_11_08: -- #<Player:0x00000001ecd9d8>:99.191.82.191:46195 disconnected from CoralMUD!
 INFO LOG: Apr_11_08: Program closed.
 INFO LOG: Apr_11_08: Logging enabled.   Loading logs.rb.
 INFO LOG: Apr_11_08: Loading utils.rb
 INFO LOG: Apr_11_08: Loading constants.rb
 INFO LOG: Apr_11_08: Loading class_property.rb
 INFO LOG: Apr_11_08: Loading tags.rb
 INFO LOG: Apr_11_08: Loading editor/editors.rb
 INFO LOG: Apr_11_08: Loading editor/editor.strings.rb
 INFO LOG: Apr_11_08: Loading editor/editor.rooms.rb
 INFO LOG: Apr_11_08: Loading editor/editor.exits.rb
 INFO LOG: Apr_11_08: Loading editor/editor.zones.rb
 INFO LOG: Apr_11_08: Loading mxp.rb
 INFO LOG: Apr_11_08: Loading mccp.rb
 INFO LOG: Apr_11_08: Loading flags.rb
 INFO LOG: Apr_11_08: Loading damage.rb
 INFO LOG: Apr_11_08: Loading areas.rb
 INFO LOG: Apr_11_08: Loading event.rb
 INFO LOG: Apr_11_08: Loading automap/automap.rb
 INFO LOG: Apr_11_08: Loading cities.olc.rb
 INFO LOG: Apr_11_08: Loading cities.rb
 INFO LOG: Apr_11_08: Loading help.rb
 INFO LOG: Apr_11_08: Loading imcruby.rb
 INFO LOG: Apr_11_08: Loading player.rb
 INFO LOG: Apr_11_08: Loading player.commands.rb
 INFO LOG: Apr_11_08: Loading random.rb
 INFO LOG: Apr_11_08: Loading spells.rb
 INFO LOG: Apr_11_08: Loading all zones.
 INFO LOG: Apr_11_08: Starting server.
 INFO LOG: Apr_11_08: CoralMUD is now up on port 4000.
 INFO LOG: Apr_11_08: -- 99.191.82.191:57509 connected to CoralMUD!
 INFO LOG: Apr_11_08: -- 99.191.82.191:57509: Retnur is trying to connect.
 INFO LOG: Apr_11_08: -- 99.191.82.191:57509: Retnur player file found.
 INFO LOG: Apr_11_08: -- Retnur has entered the game.
 INFO LOG: Apr_11_08: Loading player.commands.rb
 INFO LOG: Apr_11_08: -- #<Player:0x000000023bc610>:99.191.82.191:57509 disconnected from CoralMUD!
 INFO LOG: Apr_11_08: Logging enabled.   Loading logs.rb.
 INFO LOG: Apr_11_08: Loading utils.rb
 INFO LOG: Apr_11_08: Loading constants.rb
 INFO LOG: Apr_11_08: Loading class_property.rb
 INFO LOG: Apr_11_08: Loading tags.rb
 INFO LOG: Apr_11_08: Loading editor/editors.rb
 INFO LOG: Apr_11_08: Loading editor/editor.strings.rb
 INFO LOG: Apr_11_08: Loading editor/editor.rooms.rb
 INFO LOG: Apr_11_08: Loading editor/editor.exits.rb
 INFO LOG: Apr_11_08: Loading editor/editor.zones.rb
 INFO LOG: Apr_11_08: Loading mxp.rb
 INFO LOG: Apr_11_08: Loading mccp.rb
 INFO LOG: Apr_11_08: Loading flags.rb
 INFO LOG: Apr_11_08: Loading damage.rb
 INFO LOG: Apr_11_08: Loading areas.rb
 INFO LOG: Apr_11_08: Loading event.rb
 INFO LOG: Apr_11_08: Loading automap/automap.rb
 INFO LOG: Apr_11_08: Loading cities.olc.rb
 INFO LOG: Apr_11_08: Loading cities.rb
 INFO LOG: Apr_11_08: Loading help.rb
 INFO LOG: Apr_11_08: Loading imcruby.rb
 INFO LOG: Apr_11_08: Loading player.rb
 INFO LOG: Apr_11_08: Loading player.commands.rb
 INFO LOG: Apr_11_08: Loading random.rb
 INFO LOG: Apr_11_08: Loading spells.rb
 INFO LOG: Apr_11_08: Loading all zones.
 INFO LOG: Apr_11_08: Starting server.
 INFO LOG: Apr_11_08: CoralMUD is now up on port 4000.
 INFO LOG: Apr_11_08: -- 99.191.82.191:54179 connected to CoralMUD!
 INFO LOG: Apr_11_08: -- 99.191.82.191:54179: Retnur is trying to connect.
 INFO LOG: Apr_11_08: -- 99.191.82.191:54179: Retnur player file found.
 INFO LOG: Apr_11_08: -- Retnur has entered the game.
 INFO LOG: Apr_11_08: -- #<Player:0x00000001ebd600>:99.191.82.191:54179 disconnected from CoralMUD!
 INFO LOG: Apr_11_08: Logging enabled.   Loading logs.rb.
 INFO LOG: Apr_11_08: Loading utils.rb
 INFO LOG: Apr_11_08: Loading constants.rb
 INFO LOG: Apr_11_08: Loading class_property.rb
 INFO LOG: Apr_11_08: Loading tags.rb
 INFO LOG: Apr_11_08: Loading editor/editors.rb
 INFO LOG: Apr_11_08: Loading editor/editor.strings.rb
 INFO LOG: Apr_11_08: Loading editor/editor.rooms.rb
 INFO LOG: Apr_11_08: Loading editor/editor.exits.rb
 INFO LOG: Apr_11_08: Loading editor/editor.zones.rb
 INFO LOG: Apr_11_08: Loading mxp.rb
 INFO LOG: Apr_11_08: Loading mccp.rb
 INFO LOG: Apr_11_08: Loading flags.rb
 INFO LOG: Apr_11_08: Loading damage.rb
 INFO LOG: Apr_11_08: Loading areas.rb
 INFO LOG: Apr_11_08: Loading event.rb
 INFO LOG: Apr_11_08: Loading automap/automap.rb
 INFO LOG: Apr_11_08: Loading cities.olc.rb
 INFO LOG: Apr_11_08: Loading cities.rb
 INFO LOG: Apr_11_08: Loading help.rb
 INFO LOG: Apr_11_08: Loading imcruby.rb
 INFO LOG: Apr_11_08: Loading player.rb
 INFO LOG: Apr_11_08: Loading player.commands.rb
 INFO LOG: Apr_11_08: Loading random.rb
 INFO LOG: Apr_11_08: Loading spells.rb
 INFO LOG: Apr_11_08: Loading all zones.
 INFO LOG: Apr_11_08: Starting server.
 INFO LOG: Apr_11_08: CoralMUD is now up on port 4000.
 INFO LOG: Apr_11_08: -- 99.191.82.191:33978 connected to CoralMUD!
 INFO LOG: Apr_11_08: -- 99.191.82.191:33978: Retnur is trying to connect.
 INFO LOG: Apr_11_08: -- 99.191.82.191:33978: Retnur player file found.
 INFO LOG: Apr_11_08: -- Retnur has entered the game.
 INFO LOG: Apr_11_08: -- #<Player:0x000000023983f0>:99.191.82.191:33978 disconnected from CoralMUD!
 INFO LOG: Apr_11_08: Logging enabled.   Loading logs.rb.
 INFO LOG: Apr_11_08: Loading utils.rb
 INFO LOG: Apr_11_08: Loading constants.rb
 INFO LOG: Apr_11_08: Loading class_property.rb
 INFO LOG: Apr_11_08: Loading tags.rb
 INFO LOG: Apr_11_08: Loading editor/editors.rb
 INFO LOG: Apr_11_08: Loading editor/editor.strings.rb
 INFO LOG: Apr_11_08: Loading editor/editor.rooms.rb
 INFO LOG: Apr_11_08: Loading editor/editor.exits.rb
 INFO LOG: Apr_11_08: Loading editor/editor.zones.rb
 INFO LOG: Apr_11_08: Loading mxp.rb
 INFO LOG: Apr_11_08: Loading mccp.rb
 INFO LOG: Apr_11_08: Loading flags.rb
 INFO LOG: Apr_11_08: Loading damage.rb
 INFO LOG: Apr_11_08: Loading areas.rb
 INFO LOG: Apr_11_08: Loading event.rb
 INFO LOG: Apr_11_08: Loading automap/automap.rb
 INFO LOG: Apr_11_08: Loading cities.olc.rb
 INFO LOG: Apr_11_08: Loading cities.rb
 INFO LOG: Apr_11_08: Loading help.rb
 INFO LOG: Apr_11_08: Loading imcruby.rb
 INFO LOG: Apr_11_08: Loading player.rb
 INFO LOG: Apr_11_08: Loading player.commands.rb
 INFO LOG: Apr_11_08: Loading random.rb
 INFO LOG: Apr_11_08: Loading spells.rb
 INFO LOG: Apr_11_08: Loading all zones.
 INFO LOG: Apr_11_08: Starting server.
 INFO LOG: Apr_11_08: CoralMUD is now up on port 4000.
 INFO LOG: Apr_11_08: -- 99.191.82.191:39837 connected to CoralMUD!
 INFO LOG: Apr_11_08: -- 99.191.82.191:39837: Retnur is trying to connect.
 INFO LOG: Apr_11_08: -- 99.191.82.191:39837: Retnur player file found.
 INFO LOG: Apr_11_08: -- Retnur has entered the game.
 INFO LOG: Apr_11_08: -- #<Player:0x00000001533f80>:99.191.82.191:39837 disconnected from CoralMUD!
 INFO LOG: Apr_11_08: Logging enabled.   Loading logs.rb.
 INFO LOG: Apr_11_08: Loading utils.rb
 INFO LOG: Apr_11_08: Loading constants.rb
 INFO LOG: Apr_11_08: Loading class_property.rb
 INFO LOG: Apr_11_08: Loading tags.rb
 INFO LOG: Apr_11_08: Loading editor/editors.rb
 INFO LOG: Apr_11_08: Loading editor/editor.strings.rb
 INFO LOG: Apr_11_08: Loading editor/editor.rooms.rb
 INFO LOG: Apr_11_08: Loading editor/editor.exits.rb
 INFO LOG: Apr_11_08: Loading editor/editor.zones.rb
 INFO LOG: Apr_11_08: Loading mxp.rb
 INFO LOG: Apr_11_08: Loading mccp.rb
 INFO LOG: Apr_11_08: Loading flags.rb
 INFO LOG: Apr_11_08: Loading damage.rb
 INFO LOG: Apr_11_08: Loading areas.rb
 INFO LOG: Apr_11_08: Loading event.rb
 INFO LOG: Apr_11_08: Loading automap/automap.rb
 INFO LOG: Apr_11_08: Loading cities.olc.rb
 INFO LOG: Apr_11_08: Loading cities.rb
 INFO LOG: Apr_11_08: Loading help.rb
 INFO LOG: Apr_11_08: Loading imcruby.rb
 INFO LOG: Apr_11_08: Loading player.rb
 INFO LOG: Apr_11_08: Loading player.commands.rb
 INFO LOG: Apr_11_08: Loading random.rb
 INFO LOG: Apr_11_08: Loading spells.rb
 INFO LOG: Apr_11_08: Loading all zones.
 INFO LOG: Apr_11_08: Starting server.
 INFO LOG: Apr_11_08: CoralMUD is now up on port 4000.
 INFO LOG: Apr_11_08: -- 99.191.82.191:59541 connected to CoralMUD!
 INFO LOG: Apr_11_08: -- 99.191.82.191:59541: Retnur is trying to connect.
 INFO LOG: Apr_11_08: -- 99.191.82.191:59541: Retnur player file found.
 INFO LOG: Apr_11_08: -- Retnur has entered the game.
 INFO LOG: Apr_11_08: -- #<Player:0x0000000121a290>:99.191.82.191:59541 disconnected from CoralMUD!
 INFO LOG: Apr_11_08: Logging enabled.   Loading logs.rb.
 INFO LOG: Apr_11_08: Loading utils.rb
 INFO LOG: Apr_11_08: Loading constants.rb
 INFO LOG: Apr_11_08: Loading class_property.rb
 INFO LOG: Apr_11_08: Loading tags.rb
 INFO LOG: Apr_11_08: Loading editor/editors.rb
 INFO LOG: Apr_11_08: Loading editor/editor.strings.rb
 INFO LOG: Apr_11_08: Loading editor/editor.rooms.rb
 INFO LOG: Apr_11_08: Loading editor/editor.exits.rb
 INFO LOG: Apr_11_08: Loading editor/editor.zones.rb
 INFO LOG: Apr_11_08: Loading mxp.rb
 INFO LOG: Apr_11_08: Loading mccp.rb
 INFO LOG: Apr_11_08: Loading flags.rb
 INFO LOG: Apr_11_08: Loading damage.rb
 INFO LOG: Apr_11_08: Loading areas.rb
 INFO LOG: Apr_11_08: Loading event.rb
 INFO LOG: Apr_11_08: Loading automap/automap.rb
 INFO LOG: Apr_11_08: Loading cities.olc.rb
 INFO LOG: Apr_11_08: Loading cities.rb
 INFO LOG: Apr_11_08: Loading help.rb
 INFO LOG: Apr_11_08: Loading imcruby.rb
 INFO LOG: Apr_11_08: Loading player.rb
 INFO LOG: Apr_11_08: Loading player.commands.rb
 INFO LOG: Apr_11_08: Loading random.rb
 INFO LOG: Apr_11_08: Loading spells.rb
 INFO LOG: Apr_11_08: Loading all zones.
 INFO LOG: Apr_11_08: Starting server.
 INFO LOG: Apr_11_08: CoralMUD is now up on port 4000.
 INFO LOG: Apr_11_08: -- 99.191.82.191:56095 connected to CoralMUD!
 INFO LOG: Apr_11_08: -- 99.191.82.191:56095: Retnur is trying to connect.
 INFO LOG: Apr_11_08: -- 99.191.82.191:56095: Retnur player file found.
 INFO LOG: Apr_11_08: -- Retnur has entered the game.
 INFO LOG: Apr_11_08: -- #<Player:0x00000000bfd3f8>:99.191.82.191:56095 disconnected from CoralMUD!
 INFO LOG: Apr_11_08: Logging enabled.   Loading logs.rb.
 INFO LOG: Apr_11_08: Loading utils.rb
 INFO LOG: Apr_11_08: Loading constants.rb
 INFO LOG: Apr_11_08: Loading class_property.rb
 INFO LOG: Apr_11_08: Loading tags.rb
 INFO LOG: Apr_11_08: Loading editor/editors.rb
 INFO LOG: Apr_11_08: Loading editor/editor.strings.rb
 INFO LOG: Apr_11_08: Loading editor/editor.rooms.rb
 INFO LOG: Apr_11_08: Loading editor/editor.exits.rb
 INFO LOG: Apr_11_08: Loading editor/editor.zones.rb
 INFO LOG: Apr_11_08: Loading mxp.rb
 INFO LOG: Apr_11_08: Loading mccp.rb
 INFO LOG: Apr_11_08: Loading flags.rb
 INFO LOG: Apr_11_08: Loading damage.rb
 INFO LOG: Apr_11_08: Loading areas.rb
 INFO LOG: Apr_11_08: Loading event.rb
 INFO LOG: Apr_11_08: Loading automap/automap.rb
 INFO LOG: Apr_11_08: Loading cities.olc.rb
 INFO LOG: Apr_11_08: Loading cities.rb
 INFO LOG: Apr_11_08: Loading help.rb
 INFO LOG: Apr_11_08: Loading imcruby.rb
 INFO LOG: Apr_11_08: Loading player.rb
 INFO LOG: Apr_11_08: Loading player.commands.rb
 INFO LOG: Apr_11_08: Loading random.rb
 INFO LOG: Apr_11_08: Loading spells.rb
 INFO LOG: Apr_11_08: Loading all zones.
 INFO LOG: Apr_11_08: Starting server.
 INFO LOG: Apr_11_08: CoralMUD is now up on port 4000.
 INFO LOG: Apr_11_08: -- 99.191.82.191:55518 connected to CoralMUD!
 INFO LOG: Apr_11_08: -- 99.191.82.191:55518: Retnur is trying to connect.
 INFO LOG: Apr_11_08: -- 99.191.82.191:55518: Retnur player file found.
 INFO LOG: Apr_11_08: -- Retnur has entered the game.
ERROR LOG: undefined method `finalize_string' for #<Zone:0x00000001e13538 @name="Default Area Name">
ERROR LOG: /home/heath/coral/lib/editor/editor.zones.rb:2:in `block in <class:Zone>'
ERROR LOG: /home/heath/coral/lib/editor/editors.rb:53:in `call'
ERROR LOG: /home/heath/coral/lib/editor/editors.rb:53:in `block in initialize'
ERROR LOG: /home/heath/coral/lib/editor/editors.rb:146:in `call'
ERROR LOG: /home/heath/coral/lib/editor/editors.rb:146:in `call_fun'
ERROR LOG: /home/heath/coral/lib/player.commands.rb:139:in `execute_command'
ERROR LOG: /home/heath/coral/core/socketengine.rb:156:in `handle_cmd_input'
ERROR LOG: /home/heath/coral/core/socketengine.rb:136:in `receive_data'
ERROR LOG: /usr/local/lib/ruby/gems/1.9.1/gems/eventmachine-0.12.8/lib/eventmachine.rb:242:in `run_machine'
ERROR LOG: /usr/local/lib/ruby/gems/1.9.1/gems/eventmachine-0.12.8/lib/eventmachine.rb:242:in `run'
ERROR LOG: coral.rb:115:in `<main>'
 INFO LOG: Apr_11_08: -- #<Player:0x00000001c17e00>:99.191.82.191:55518 disconnected from CoralMUD!
 INFO LOG: Apr_11_08: Program closed.
 INFO LOG: Apr_11_08: Logging enabled.   Loading logs.rb.
 INFO LOG: Apr_11_08: Loading utils.rb
 INFO LOG: Apr_11_08: Loading constants.rb
 INFO LOG: Apr_11_08: Loading class_property.rb
 INFO LOG: Apr_11_08: Loading tags.rb
 INFO LOG: Apr_11_08: Loading editor/editors.rb
 INFO LOG: Apr_11_08: Loading editor/editor.strings.rb
 INFO LOG: Apr_11_08: Loading editor/editor.rooms.rb
 INFO LOG: Apr_11_08: Loading editor/editor.exits.rb
 INFO LOG: Apr_11_08: Loading editor/editor.zones.rb
 INFO LOG: Apr_11_08: Loading mxp.rb
 INFO LOG: Apr_11_08: Loading mccp.rb
 INFO LOG: Apr_11_08: Loading flags.rb
 INFO LOG: Apr_11_08: Loading damage.rb
 INFO LOG: Apr_11_08: Loading areas.rb
 INFO LOG: Apr_11_08: Loading event.rb
 INFO LOG: Apr_11_08: Loading automap/automap.rb
 INFO LOG: Apr_11_08: Loading cities.olc.rb
 INFO LOG: Apr_11_08: Loading cities.rb
 INFO LOG: Apr_11_08: Loading help.rb
 INFO LOG: Apr_11_08: Loading imcruby.rb
 INFO LOG: Apr_11_08: Loading player.rb
 INFO LOG: Apr_11_08: Loading player.commands.rb
 INFO LOG: Apr_11_08: Loading random.rb
 INFO LOG: Apr_11_08: Loading spells.rb
 INFO LOG: Apr_11_08: Loading all zones.
 INFO LOG: Apr_11_08: Starting server.
 INFO LOG: Apr_11_08: CoralMUD is now up on port 4000.
 INFO LOG: Apr_11_08: -- 99.191.82.191:44771 connected to CoralMUD!
 INFO LOG: Apr_11_08: -- 99.191.82.191:44771: Retnur is trying to connect.
 INFO LOG: Apr_11_08: -- 99.191.82.191:44771: Retnur player file found.
 INFO LOG: Apr_11_08: -- Retnur has entered the game.
ERROR LOG: undefined method `finalize_string' for #<Zone:0x000000010202f0>
ERROR LOG: /home/heath/coral/lib/editor/editor.zones.rb:2:in `block in <class:Zone>'
ERROR LOG: /home/heath/coral/lib/editor/editors.rb:53:in `call'
ERROR LOG: /home/heath/coral/lib/editor/editors.rb:53:in `block in initialize'
ERROR LOG: /home/heath/coral/lib/editor/editors.rb:146:in `call'
ERROR LOG: /home/heath/coral/lib/editor/editors.rb:146:in `call_fun'
ERROR LOG: /home/heath/coral/lib/player.commands.rb:139:in `execute_command'
ERROR LOG: /home/heath/coral/core/socketengine.rb:156:in `handle_cmd_input'
ERROR LOG: /home/heath/coral/core/socketengine.rb:136:in `receive_data'
ERROR LOG: /usr/local/lib/ruby/gems/1.9.1/gems/eventmachine-0.12.8/lib/eventmachine.rb:242:in `run_machine'
ERROR LOG: /usr/local/lib/ruby/gems/1.9.1/gems/eventmachine-0.12.8/lib/eventmachine.rb:242:in `run'
ERROR LOG: coral.rb:115:in `<main>'
 INFO LOG: Apr_11_08: Loading editor/editor.zones.rb
 INFO LOG: Apr_11_08: tick!!!
 INFO LOG: Apr_11_08: tick!!!
 INFO LOG: Apr_11_08: tick!!!
 INFO LOG: Apr_11_08: Loading tags.rb
 INFO LOG: Apr_11_08: -- #<Player:0x000000012f1ab0>:99.191.82.191:44771 disconnected from CoralMUD!
 INFO LOG: Apr_11_08: Program closed.
 INFO LOG: Apr_11_08: Logging enabled.   Loading logs.rb.
 INFO LOG: Apr_11_08: Loading utils.rb
 INFO LOG: Apr_11_08: Loading constants.rb
 INFO LOG: Apr_11_08: Loading class_property.rb
 INFO LOG: Apr_11_08: Loading tags.rb
 INFO LOG: Apr_11_08: Loading editor/editors.rb
 INFO LOG: Apr_11_08: Loading editor/editor.strings.rb
 INFO LOG: Apr_11_08: Loading editor/editor.rooms.rb
 INFO LOG: Apr_11_08: Loading editor/editor.exits.rb
 INFO LOG: Apr_11_08: Loading editor/editor.zones.rb
 INFO LOG: Apr_11_08: Loading mxp.rb
 INFO LOG: Apr_11_08: Loading mccp.rb
 INFO LOG: Apr_11_08: Loading flags.rb
 INFO LOG: Apr_11_08: Loading damage.rb
 INFO LOG: Apr_11_08: Loading areas.rb
 INFO LOG: Apr_11_08: Loading event.rb
 INFO LOG: Apr_11_08: Loading automap/automap.rb
 INFO LOG: Apr_11_08: Loading cities.olc.rb
 INFO LOG: Apr_11_08: Loading cities.rb
 INFO LOG: Apr_11_08: Loading help.rb
 INFO LOG: Apr_11_08: Loading imcruby.rb
 INFO LOG: Apr_11_08: Loading player.rb
 INFO LOG: Apr_11_08: Loading player.commands.rb
 INFO LOG: Apr_11_08: Loading random.rb
 INFO LOG: Apr_11_08: Loading spells.rb
 INFO LOG: Apr_11_08: Loading all zones.
 INFO LOG: Apr_11_08: Starting server.
 INFO LOG: Apr_11_08: CoralMUD is now up on port 4000.
 INFO LOG: Apr_11_08: -- 99.191.82.191:40261 connected to CoralMUD!
 INFO LOG: Apr_11_08: -- 99.191.82.191:40261: Retnur is trying to connect.
 INFO LOG: Apr_11_08: -- 99.191.82.191:40261: Retnur player file found.
 INFO LOG: Apr_11_08: -- Retnur has entered the game.
 INFO LOG: Apr_11_08: tick!!!
 INFO LOG: Apr_11_08: Loading tags.rb
 INFO LOG: Apr_11_08: -- #<Player:0x00000000dfab38>:99.191.82.191:40261 disconnected from CoralMUD!
 INFO LOG: Apr_11_08: Program closed.
 INFO LOG: Apr_11_08: Logging enabled.   Loading logs.rb.
 INFO LOG: Apr_11_08: Loading utils.rb
 INFO LOG: Apr_11_08: Loading constants.rb
 INFO LOG: Apr_11_08: Loading class_property.rb
 INFO LOG: Apr_11_08: Loading tags.rb
 INFO LOG: Apr_11_08: Loading editor/editors.rb
 INFO LOG: Apr_11_08: Loading editor/editor.strings.rb
 INFO LOG: Apr_11_08: Loading editor/editor.rooms.rb
 INFO LOG: Apr_11_08: Loading editor/editor.exits.rb
 INFO LOG: Apr_11_08: Loading editor/editor.zones.rb
 INFO LOG: Apr_11_08: Loading mxp.rb
 INFO LOG: Apr_11_08: Loading mccp.rb
 INFO LOG: Apr_11_08: Loading flags.rb
 INFO LOG: Apr_11_08: Loading damage.rb
 INFO LOG: Apr_11_08: Loading areas.rb
 INFO LOG: Apr_11_08: Loading event.rb
 INFO LOG: Apr_11_08: Loading automap/automap.rb
 INFO LOG: Apr_11_08: Loading cities.olc.rb
 INFO LOG: Apr_11_08: Loading cities.rb
 INFO LOG: Apr_11_08: Loading help.rb
 INFO LOG: Apr_11_08: Loading imcruby.rb
 INFO LOG: Apr_11_08: Loading player.rb
 INFO LOG: Apr_11_08: Loading player.commands.rb
 INFO LOG: Apr_11_08: Loading random.rb
 INFO LOG: Apr_11_08: Loading spells.rb
 INFO LOG: Apr_11_08: Loading all zones.
 INFO LOG: Apr_11_08: Starting server.
 INFO LOG: Apr_11_08: CoralMUD is now up on port 4000.
 INFO LOG: Apr_11_08: -- 99.191.82.191:50429 connected to CoralMUD!
 INFO LOG: Apr_11_08: -- 99.191.82.191:50429: Retnur is trying to connect.
 INFO LOG: Apr_11_08: -- 99.191.82.191:50429: Retnur player file found.
 INFO LOG: Apr_11_08: -- Retnur has entered the game.
 INFO LOG: Apr_11_08: tick!!!
 INFO LOG: Apr_11_08: Loading player.commands.rb
 INFO LOG: Apr_11_08: tick!!!
 INFO LOG: Apr_11_08: tick!!!
 INFO LOG: Apr_11_08: tick!!!
 INFO LOG: Apr_11_08: tick!!!
 INFO LOG: Apr_11_08: tick!!!
 INFO LOG: Apr_11_08: tick!!!
 INFO LOG: Apr_11_08: tick!!!
 INFO LOG: Apr_11_08: tick!!!
 INFO LOG: Apr_11_08: tick!!!
 INFO LOG: Apr_11_09: tick!!!
 INFO LOG: Apr_11_09: tick!!!
 INFO LOG: Apr_11_09: tick!!!
 INFO LOG: Apr_11_09: tick!!!
 INFO LOG: Apr_11_09: tick!!!
 INFO LOG: Apr_11_09: tick!!!
 INFO LOG: Apr_11_09: tick!!!
 INFO LOG: Apr_11_09: tick!!!
 INFO LOG: Apr_11_09: tick!!!
 INFO LOG: Apr_11_09: tick!!!
 INFO LOG: Apr_11_09: tick!!!
 INFO LOG: Apr_11_09: tick!!!
 INFO LOG: Apr_11_09: tick!!!
 INFO LOG: Apr_11_09: tick!!!
 INFO LOG: Apr_11_09: tick!!!
 INFO LOG: Apr_11_09: tick!!!
 INFO LOG: Apr_11_09: tick!!!
 INFO LOG: Apr_11_09: tick!!!
 INFO LOG: Apr_11_09: tick!!!
 INFO LOG: Apr_11_09: tick!!!
 INFO LOG: Apr_11_09: tick!!!
 INFO LOG: Apr_11_09: tick!!!
 INFO LOG: Apr_11_09: tick!!!
 INFO LOG: Apr_11_09: tick!!!
 INFO LOG: Apr_11_09: tick!!!
 INFO LOG: Apr_11_09: tick!!!
 INFO LOG: Apr_11_09: tick!!!
 INFO LOG: Apr_11_09: tick!!!
 INFO LOG: Apr_11_09: tick!!!
 INFO LOG: Apr_11_09: tick!!!
 INFO LOG: Apr_11_10: tick!!!
 INFO LOG: Apr_11_10: tick!!!
 INFO LOG: Apr_11_10: tick!!!
 INFO LOG: Apr_11_10: tick!!!
 INFO LOG: Apr_11_10: tick!!!
 INFO LOG: Apr_11_10: tick!!!
 INFO LOG: Apr_11_10: tick!!!
 INFO LOG: Apr_11_10: tick!!!
 INFO LOG: Apr_11_10: tick!!!
 INFO LOG: Apr_11_10: tick!!!
 INFO LOG: Apr_11_10: tick!!!
 INFO LOG: Apr_11_10: tick!!!
 INFO LOG: Apr_11_10: tick!!!
 INFO LOG: Apr_11_10: tick!!!
 INFO LOG: Apr_11_10: tick!!!
 INFO LOG: Apr_11_10: tick!!!
 INFO LOG: Apr_11_10: tick!!!
 INFO LOG: Apr_11_10: tick!!!
 INFO LOG: Apr_11_10: Loading cities.rb
 INFO LOG: Apr_11_10: tick!!!
 INFO LOG: Apr_11_10: tick!!!
 INFO LOG: Apr_11_10: Loading player.commands.rb
 INFO LOG: Apr_11_10: tick!!!
 INFO LOG: Apr_11_10: tick!!!
 INFO LOG: Apr_11_10: tick!!!
 INFO LOG: Apr_11_10: tick!!!
 INFO LOG: Apr_11_10: tick!!!
 INFO LOG: Apr_11_10: tick!!!
 INFO LOG: Apr_11_10: tick!!!
 INFO LOG: Apr_11_10: tick!!!
 INFO LOG: Apr_11_10: tick!!!
 INFO LOG: Apr_11_10: tick!!!
 INFO LOG: Apr_11_11: tick!!!
 INFO LOG: Apr_11_11: Loading editor/editor.rooms.rb
 INFO LOG: Apr_11_11: -- #<Player:0x000000029da330>:99.191.82.191:50429 disconnected from CoralMUD!
 INFO LOG: Apr_11_11: Program closed.
