 INFO LOG: Apr_30_00:23: Logging enabled.   Loading logs.rb.
 INFO LOG: Apr_30_00:23: Loading facade.rb
 INFO LOG: Apr_30_00:23: Loading utils.rb
 INFO LOG: Apr_30_00:23: Loading word_processing.rb
 INFO LOG: Apr_30_00:23: Loading constants.rb
 INFO LOG: Apr_30_00:23: Loading class_property.rb
 INFO LOG: Apr_30_00:23: Loading scripts.rb
 INFO LOG: Apr_30_00:23: Loading tags.rb
 INFO LOG: Apr_30_00:23: Loading editor/editors.rb
 INFO LOG: Apr_30_00:23: Loading editor/editor.strings.rb
 INFO LOG: Apr_30_00:23: Loading editor/editor.rooms.rb
 INFO LOG: Apr_30_00:23: Loading editor/editor.exits.rb
 INFO LOG: Apr_30_00:23: Loading editor/editor.zones.rb
 INFO LOG: Apr_30_00:23: Loading editor/editor.npc.rb
 INFO LOG: Apr_30_00:23: Loading editor/editor.items.rb
 INFO LOG: Apr_30_00:23: Loading mxp.rb
 INFO LOG: Apr_30_00:23: Loading mccp.rb
 INFO LOG: Apr_30_00:23: Loading flags.rb
 INFO LOG: Apr_30_00:23: Loading damage.rb
 INFO LOG: Apr_30_00:23: Loading areas.rb
 INFO LOG: Apr_30_00:23: Loading event.rb
 INFO LOG: Apr_30_00:23: Loading automap/automap.rb
 INFO LOG: Apr_30_00:23: Loading cities.olc.rb
 INFO LOG: Apr_30_00:23: Loading cities.rb
 INFO LOG: Apr_30_00:23: Loading sector definitions.
 INFO LOG: Apr_30_00:23: Loading help.rb
 INFO LOG: Apr_30_00:23: Loading imcruby.rb
 INFO LOG: Apr_30_00:23: Loading player.rb
 INFO LOG: Apr_30_00:23: Loading commands.rb
 INFO LOG: Apr_30_00:23: Loading random.rb
 INFO LOG: Apr_30_00:23: Loading npc.rb
 INFO LOG: Apr_30_00:23: Loading items.rb
 INFO LOG: Apr_30_00:23: Loading spells.rb
 INFO LOG: Apr_30_00:23: Loading all zones.
 INFO LOG: Apr_30_00:23: Starting server.
 INFO LOG: Apr_30_00:23: CoralMUD is now up on port 4000.
 INFO LOG: Apr_30_00:24: Program closed.
 INFO LOG: Apr_30_00:25: Logging enabled.   Loading logs.rb.
 INFO LOG: Apr_30_00:25: Loading facade.rb
 INFO LOG: Apr_30_00:25: Loading utils.rb
 INFO LOG: Apr_30_00:25: Loading word_processing.rb
 INFO LOG: Apr_30_00:25: Loading constants.rb
 INFO LOG: Apr_30_00:25: Loading class_property.rb
 INFO LOG: Apr_30_00:25: Loading scripts.rb
 INFO LOG: Apr_30_00:25: Loading tags.rb
 INFO LOG: Apr_30_00:25: Loading editor/editors.rb
 INFO LOG: Apr_30_00:25: Loading editor/editor.strings.rb
 INFO LOG: Apr_30_00:25: Loading editor/editor.rooms.rb
 INFO LOG: Apr_30_00:25: Loading editor/editor.exits.rb
 INFO LOG: Apr_30_00:25: Loading editor/editor.zones.rb
 INFO LOG: Apr_30_00:25: Loading editor/editor.npc.rb
 INFO LOG: Apr_30_00:25: Loading editor/editor.items.rb
 INFO LOG: Apr_30_00:25: Loading mxp.rb
 INFO LOG: Apr_30_00:25: Loading mccp.rb
 INFO LOG: Apr_30_00:25: Loading flags.rb
 INFO LOG: Apr_30_00:25: Loading damage.rb
 INFO LOG: Apr_30_00:25: Loading areas.rb
 INFO LOG: Apr_30_00:25: Loading event.rb
 INFO LOG: Apr_30_00:25: Loading automap/automap.rb
 INFO LOG: Apr_30_00:25: Loading cities.olc.rb
 INFO LOG: Apr_30_00:25: Loading cities.rb
 INFO LOG: Apr_30_00:25: Loading sector definitions.
 INFO LOG: Apr_30_00:25: Loading help.rb
 INFO LOG: Apr_30_00:25: Loading imcruby.rb
 INFO LOG: Apr_30_00:25: Loading player.rb
 INFO LOG: Apr_30_00:25: Loading commands.rb
 INFO LOG: Apr_30_00:25: Loading random.rb
 INFO LOG: Apr_30_00:25: Loading npc.rb
 INFO LOG: Apr_30_00:25: Loading items.rb
 INFO LOG: Apr_30_00:25: Loading spells.rb
 INFO LOG: Apr_30_00:25: Loading all zones.
 INFO LOG: Apr_30_00:25: Starting server.
 INFO LOG: Apr_30_00:25: CoralMUD is now up on port 4000.
 INFO LOG: Apr_30_00:25: -- 99.191.82.191:36113 connected to CoralMUD!
 INFO LOG: Apr_30_00:25: -- 99.191.82.191:36113: Retnur is trying to connect.
 INFO LOG: Apr_30_00:25: -- 99.191.82.191:36113: Retnur player file found.
 INFO LOG: Apr_30_00:25: -- Retnur has entered the game.
 INFO LOG: Apr_30_00:27: tick!!!
 INFO LOG: Apr_30_00:28: Loading commands.rb
 INFO LOG: Apr_30_00:29: -- #<Player:0x000000014b9938>:99.191.82.191:36113 disconnected from CoralMUD!
 INFO LOG: Apr_30_00:29: Program closed.
 INFO LOG: Apr_30_00:37: Logging enabled.   Loading logs.rb.
 INFO LOG: Apr_30_00:37: Loading facade.rb
 INFO LOG: Apr_30_00:37: Loading utils.rb
 INFO LOG: Apr_30_00:37: Loading word_processing.rb
 INFO LOG: Apr_30_00:37: Loading constants.rb
 INFO LOG: Apr_30_00:37: Loading class_property.rb
 INFO LOG: Apr_30_00:37: Loading scripts.rb
 INFO LOG: Apr_30_00:37: Loading tags.rb
 INFO LOG: Apr_30_00:37: Loading editor/editors.rb
 INFO LOG: Apr_30_00:37: Loading editor/editor.strings.rb
 INFO LOG: Apr_30_00:37: Loading editor/editor.rooms.rb
 INFO LOG: Apr_30_00:37: Loading editor/editor.exits.rb
 INFO LOG: Apr_30_00:37: Loading editor/editor.zones.rb
 INFO LOG: Apr_30_00:37: Loading editor/editor.npc.rb
 INFO LOG: Apr_30_00:37: Loading editor/editor.items.rb
 INFO LOG: Apr_30_00:37: Loading mxp.rb
 INFO LOG: Apr_30_00:37: Loading mccp.rb
 INFO LOG: Apr_30_00:37: Loading flags.rb
 INFO LOG: Apr_30_00:37: Loading damage.rb
 INFO LOG: Apr_30_00:37: Loading areas.rb
 INFO LOG: Apr_30_00:37: Loading event.rb
 INFO LOG: Apr_30_00:37: Loading automap/automap.rb
 INFO LOG: Apr_30_00:37: Loading cities.olc.rb
 INFO LOG: Apr_30_00:37: Loading cities.rb
 INFO LOG: Apr_30_00:37: Loading sector definitions.
 INFO LOG: Apr_30_00:37: Loading help.rb
 INFO LOG: Apr_30_00:37: Loading imcruby.rb
 INFO LOG: Apr_30_00:37: Loading player.rb
 INFO LOG: Apr_30_00:37: Loading commands.rb
 INFO LOG: Apr_30_00:37: Loading random.rb
 INFO LOG: Apr_30_00:37: Loading npc.rb
 INFO LOG: Apr_30_00:37: Loading items.rb
 INFO LOG: Apr_30_00:37: Loading spells.rb
 INFO LOG: Apr_30_00:37: Loading all zones.
 INFO LOG: Apr_30_00:37: Starting server.
 INFO LOG: Apr_30_00:38: CoralMUD is now up on port 4000.
 INFO LOG: Apr_30_00:38: -- 99.191.82.191:45637 connected to CoralMUD!
 INFO LOG: Apr_30_00:38: -- 99.191.82.191:45637: Retnur is trying to connect.
 INFO LOG: Apr_30_00:38: -- 99.191.82.191:45637: Retnur player file found.
 INFO LOG: Apr_30_00:38: -- Retnur has entered the game.
 INFO LOG: Apr_30_00:40: tick!!!
 INFO LOG: Apr_30_00:42: tick!!!
 INFO LOG: Apr_30_00:42: -- #<Player:0x000000032c2b78>:99.191.82.191:45637 disconnected from CoralMUD!
 INFO LOG: Apr_30_00:42: Logging enabled.   Loading logs.rb.
 INFO LOG: Apr_30_00:42: Loading facade.rb
 INFO LOG: Apr_30_00:42: Loading utils.rb
 INFO LOG: Apr_30_00:42: Loading word_processing.rb
 INFO LOG: Apr_30_00:42: Loading constants.rb
 INFO LOG: Apr_30_00:42: Loading class_property.rb
 INFO LOG: Apr_30_00:42: Loading scripts.rb
 INFO LOG: Apr_30_00:42: Loading tags.rb
 INFO LOG: Apr_30_00:42: Loading editor/editors.rb
 INFO LOG: Apr_30_00:42: Loading editor/editor.strings.rb
 INFO LOG: Apr_30_00:42: Loading editor/editor.rooms.rb
 INFO LOG: Apr_30_00:42: Loading editor/editor.exits.rb
 INFO LOG: Apr_30_00:42: Loading editor/editor.zones.rb
 INFO LOG: Apr_30_00:42: Loading editor/editor.npc.rb
 INFO LOG: Apr_30_00:42: Loading editor/editor.items.rb
 INFO LOG: Apr_30_00:42: Loading mxp.rb
 INFO LOG: Apr_30_00:42: Loading mccp.rb
 INFO LOG: Apr_30_00:42: Loading flags.rb
 INFO LOG: Apr_30_00:42: Loading damage.rb
 INFO LOG: Apr_30_00:42: Loading areas.rb
 INFO LOG: Apr_30_00:42: Loading event.rb
 INFO LOG: Apr_30_00:42: Loading automap/automap.rb
 INFO LOG: Apr_30_00:42: Loading cities.olc.rb
 INFO LOG: Apr_30_00:42: Loading cities.rb
 INFO LOG: Apr_30_00:42: Loading sector definitions.
 INFO LOG: Apr_30_00:42: Loading help.rb
 INFO LOG: Apr_30_00:42: Loading imcruby.rb
 INFO LOG: Apr_30_00:42: Loading player.rb
 INFO LOG: Apr_30_00:42: Loading commands.rb
 INFO LOG: Apr_30_00:42: Loading random.rb
 INFO LOG: Apr_30_00:42: Loading npc.rb
 INFO LOG: Apr_30_00:42: Loading items.rb
 INFO LOG: Apr_30_00:42: Loading spells.rb
 INFO LOG: Apr_30_00:42: Loading all zones.
 INFO LOG: Apr_30_00:42: Starting server.
 INFO LOG: Apr_30_00:42: CoralMUD is now up on port 4000.
 INFO LOG: Apr_30_00:42: -- 99.191.82.191:60136 connected to CoralMUD!
 INFO LOG: Apr_30_00:42: -- 99.191.82.191:60136: Retnur is trying to connect.
 INFO LOG: Apr_30_00:42: -- 99.191.82.191:60136: Retnur player file found.
 INFO LOG: Apr_30_00:42: -- Retnur has entered the game.
 INFO LOG: Apr_30_00:44: tick!!!
 INFO LOG: Apr_30_00:46: tick!!!
 INFO LOG: Apr_30_00:48: tick!!!
 INFO LOG: Apr_30_00:50: tick!!!
 INFO LOG: Apr_30_00:52: tick!!!
 INFO LOG: Apr_30_00:54: tick!!!
 INFO LOG: Apr_30_00:56: tick!!!
 INFO LOG: Apr_30_00:58: tick!!!
 INFO LOG: Apr_30_01:00: tick!!!
 INFO LOG: Apr_30_01:02: tick!!!
 INFO LOG: Apr_30_01:04: tick!!!
 INFO LOG: Apr_30_01:06: tick!!!
 INFO LOG: Apr_30_01:08: tick!!!
 INFO LOG: Apr_30_01:10: tick!!!
 INFO LOG: Apr_30_01:12: tick!!!
 INFO LOG: Apr_30_01:14: tick!!!
 INFO LOG: Apr_30_01:16: tick!!!
 INFO LOG: Apr_30_01:18: tick!!!
 INFO LOG: Apr_30_01:20: tick!!!
 INFO LOG: Apr_30_01:22: tick!!!
 INFO LOG: Apr_30_01:24: tick!!!
 INFO LOG: Apr_30_01:26: tick!!!
 INFO LOG: Apr_30_01:28: tick!!!
 INFO LOG: Apr_30_01:30: tick!!!
 INFO LOG: Apr_30_01:32: tick!!!
 INFO LOG: Apr_30_01:34: tick!!!
 INFO LOG: Apr_30_01:36: tick!!!
 INFO LOG: Apr_30_01:38: tick!!!
 INFO LOG: Apr_30_01:40: tick!!!
 INFO LOG: Apr_30_01:42: tick!!!
 INFO LOG: Apr_30_01:44: tick!!!
 INFO LOG: Apr_30_01:46: tick!!!
 INFO LOG: Apr_30_01:48: tick!!!
 INFO LOG: Apr_30_01:50: tick!!!
 INFO LOG: Apr_30_01:52: tick!!!
 INFO LOG: Apr_30_01:54: tick!!!
 INFO LOG: Apr_30_01:56: tick!!!
 INFO LOG: Apr_30_01:58: tick!!!
 INFO LOG: Apr_30_02:00: tick!!!
 INFO LOG: Apr_30_02:02: tick!!!
 INFO LOG: Apr_30_02:04: tick!!!
 INFO LOG: Apr_30_02:06: tick!!!
 INFO LOG: Apr_30_02:08: tick!!!
 INFO LOG: Apr_30_02:10: tick!!!
 INFO LOG: Apr_30_02:12: tick!!!
 INFO LOG: Apr_30_02:14: tick!!!
 INFO LOG: Apr_30_02:16: tick!!!
 INFO LOG: Apr_30_02:18: tick!!!
 INFO LOG: Apr_30_02:20: tick!!!
 INFO LOG: Apr_30_02:22: tick!!!
 INFO LOG: Apr_30_02:24: tick!!!
 INFO LOG: Apr_30_02:26: tick!!!
 INFO LOG: Apr_30_02:28: tick!!!
 INFO LOG: Apr_30_02:30: tick!!!
 INFO LOG: Apr_30_02:32: tick!!!
 INFO LOG: Apr_30_02:34: tick!!!
 INFO LOG: Apr_30_02:36: tick!!!
 INFO LOG: Apr_30_02:38: tick!!!
 INFO LOG: Apr_30_02:38: Loading tags.rb
 INFO LOG: Apr_30_02:38: -- #<Player:0x000000025405e0>:99.191.82.191:60136 disconnected from CoralMUD!
 INFO LOG: Apr_30_02:38: Logging enabled.   Loading logs.rb.
 INFO LOG: Apr_30_02:38: Loading facade.rb
 INFO LOG: Apr_30_02:38: Loading utils.rb
 INFO LOG: Apr_30_02:38: Loading word_processing.rb
 INFO LOG: Apr_30_02:38: Loading constants.rb
 INFO LOG: Apr_30_02:38: Loading class_property.rb
 INFO LOG: Apr_30_02:38: Loading scripts.rb
 INFO LOG: Apr_30_02:38: Loading tags.rb
 INFO LOG: Apr_30_02:38: Loading editor/editors.rb
 INFO LOG: Apr_30_02:38: Loading editor/editor.strings.rb
 INFO LOG: Apr_30_02:38: Loading editor/editor.rooms.rb
 INFO LOG: Apr_30_02:38: Loading editor/editor.exits.rb
 INFO LOG: Apr_30_02:38: Loading editor/editor.zones.rb
 INFO LOG: Apr_30_02:38: Loading editor/editor.npc.rb
 INFO LOG: Apr_30_02:38: Loading editor/editor.items.rb
 INFO LOG: Apr_30_02:38: Loading mxp.rb
 INFO LOG: Apr_30_02:38: Loading mccp.rb
 INFO LOG: Apr_30_02:38: Loading flags.rb
 INFO LOG: Apr_30_02:38: Loading damage.rb
 INFO LOG: Apr_30_02:38: Loading areas.rb
 INFO LOG: Apr_30_02:38: Loading event.rb
 INFO LOG: Apr_30_02:38: Loading automap/automap.rb
 INFO LOG: Apr_30_02:38: Loading cities.olc.rb
 INFO LOG: Apr_30_02:38: Loading cities.rb
 INFO LOG: Apr_30_02:38: Loading sector definitions.
 INFO LOG: Apr_30_02:38: Loading help.rb
 INFO LOG: Apr_30_02:38: Loading imcruby.rb
 INFO LOG: Apr_30_02:38: Loading player.rb
 INFO LOG: Apr_30_02:38: Loading commands.rb
 INFO LOG: Apr_30_02:38: Loading random.rb
 INFO LOG: Apr_30_02:38: Loading npc.rb
 INFO LOG: Apr_30_02:38: Loading items.rb
 INFO LOG: Apr_30_02:38: Loading spells.rb
 INFO LOG: Apr_30_02:38: Loading all zones.
 INFO LOG: Apr_30_02:38: Starting server.
 INFO LOG: Apr_30_02:38: CoralMUD is now up on port 4000.
 INFO LOG: Apr_30_02:38: -- 99.191.82.191:34250 connected to CoralMUD!
 INFO LOG: Apr_30_02:38: -- 99.191.82.191:34250: Retnur is trying to connect.
 INFO LOG: Apr_30_02:38: -- 99.191.82.191:34250: Retnur player file found.
 INFO LOG: Apr_30_02:38: -- Retnur has entered the game.
 INFO LOG: Apr_30_02:40: tick!!!
 INFO LOG: Apr_30_02:42: tick!!!
 INFO LOG: Apr_30_02:44: tick!!!
 INFO LOG: Apr_30_02:46: tick!!!
 INFO LOG: Apr_30_02:47: Loading tags.rb
 INFO LOG: Apr_30_02:48: tick!!!
 INFO LOG: Apr_30_02:50: tick!!!
 INFO LOG: Apr_30_02:50: Loading tags.rb
 INFO LOG: Apr_30_02:50: -- #<Player:0x000000021cb608>:99.191.82.191:34250 disconnected from CoralMUD!
 INFO LOG: Apr_30_02:50: Logging enabled.   Loading logs.rb.
 INFO LOG: Apr_30_02:50: Loading facade.rb
 INFO LOG: Apr_30_02:50: Loading utils.rb
 INFO LOG: Apr_30_02:50: Loading word_processing.rb
 INFO LOG: Apr_30_02:50: Loading constants.rb
 INFO LOG: Apr_30_02:50: Loading class_property.rb
 INFO LOG: Apr_30_02:50: Loading scripts.rb
 INFO LOG: Apr_30_02:50: Loading tags.rb
 INFO LOG: Apr_30_02:50: Loading editor/editors.rb
 INFO LOG: Apr_30_02:50: Loading editor/editor.strings.rb
 INFO LOG: Apr_30_02:50: Loading editor/editor.rooms.rb
 INFO LOG: Apr_30_02:50: Loading editor/editor.exits.rb
 INFO LOG: Apr_30_02:50: Loading editor/editor.zones.rb
 INFO LOG: Apr_30_02:50: Loading editor/editor.npc.rb
 INFO LOG: Apr_30_02:50: Loading editor/editor.items.rb
 INFO LOG: Apr_30_02:50: Loading mxp.rb
 INFO LOG: Apr_30_02:50: Loading mccp.rb
 INFO LOG: Apr_30_02:50: Loading flags.rb
 INFO LOG: Apr_30_02:50: Loading damage.rb
 INFO LOG: Apr_30_02:50: Loading areas.rb
 INFO LOG: Apr_30_02:50: Loading event.rb
 INFO LOG: Apr_30_02:50: Loading automap/automap.rb
 INFO LOG: Apr_30_02:50: Loading cities.olc.rb
 INFO LOG: Apr_30_02:50: Loading cities.rb
 INFO LOG: Apr_30_02:50: Loading sector definitions.
 INFO LOG: Apr_30_02:50: Loading help.rb
 INFO LOG: Apr_30_02:50: Loading imcruby.rb
 INFO LOG: Apr_30_02:50: Loading player.rb
 INFO LOG: Apr_30_02:50: Loading commands.rb
 INFO LOG: Apr_30_02:50: Loading random.rb
 INFO LOG: Apr_30_02:50: Loading npc.rb
 INFO LOG: Apr_30_02:50: Loading items.rb
 INFO LOG: Apr_30_02:50: Loading spells.rb
 INFO LOG: Apr_30_02:50: Loading all zones.
 INFO LOG: Apr_30_02:50: Starting server.
 INFO LOG: Apr_30_02:50: CoralMUD is now up on port 4000.
 INFO LOG: Apr_30_02:50: -- 99.191.82.191:36610 connected to CoralMUD!
 INFO LOG: Apr_30_02:50: -- 99.191.82.191:36610: Retnur is trying to connect.
 INFO LOG: Apr_30_02:50: -- 99.191.82.191:36610: Retnur player file found.
 INFO LOG: Apr_30_02:50: -- Retnur has entered the game.
 INFO LOG: Apr_30_02:52: tick!!!
 INFO LOG: Apr_30_02:52: -- #<Player:0x00000002be3690>:99.191.82.191:36610 disconnected from CoralMUD!
 INFO LOG: Apr_30_02:52: Program closed.
 INFO LOG: Apr_30_03:01: Logging enabled.   Loading logs.rb.
 INFO LOG: Apr_30_03:01: Loading facade.rb
 INFO LOG: Apr_30_03:01: Loading utils.rb
 INFO LOG: Apr_30_03:01: Loading word_processing.rb
 INFO LOG: Apr_30_03:01: Loading constants.rb
 INFO LOG: Apr_30_03:01: Loading class_property.rb
 INFO LOG: Apr_30_03:01: Loading scripts.rb
 INFO LOG: Apr_30_03:01: Loading tags.rb
 INFO LOG: Apr_30_03:01: Loading editor/editors.rb
 INFO LOG: Apr_30_03:01: Loading editor/editor.strings.rb
 INFO LOG: Apr_30_03:01: Loading editor/editor.rooms.rb
 INFO LOG: Apr_30_03:01: Loading editor/editor.exits.rb
 INFO LOG: Apr_30_03:01: Loading editor/editor.zones.rb
 INFO LOG: Apr_30_03:01: Loading editor/editor.npc.rb
 INFO LOG: Apr_30_03:01: Loading editor/editor.items.rb
 INFO LOG: Apr_30_03:01: Loading mxp.rb
 INFO LOG: Apr_30_03:01: Loading mccp.rb
 INFO LOG: Apr_30_03:01: Loading flags.rb
 INFO LOG: Apr_30_03:01: Loading damage.rb
 INFO LOG: Apr_30_03:01: Loading areas.rb
 INFO LOG: Apr_30_03:01: Loading event.rb
 INFO LOG: Apr_30_03:01: Loading automap/automap.rb
 INFO LOG: Apr_30_03:01: Loading cities.olc.rb
 INFO LOG: Apr_30_03:01: Loading cities.rb
 INFO LOG: Apr_30_03:01: Loading sector definitions.
 INFO LOG: Apr_30_03:01: Loading help.rb
 INFO LOG: Apr_30_03:01: Loading imcruby.rb
 INFO LOG: Apr_30_03:01: Loading player.rb
 INFO LOG: Apr_30_03:01: Loading commands.rb
 INFO LOG: Apr_30_03:01: Loading random.rb
 INFO LOG: Apr_30_03:01: Loading npc.rb
 INFO LOG: Apr_30_03:01: Loading items.rb
 INFO LOG: Apr_30_03:01: Loading spells.rb
 INFO LOG: Apr_30_03:01: Loading all zones.
 INFO LOG: Apr_30_03:01: Starting server.
 INFO LOG: Apr_30_03:01: CoralMUD is now up on port 4000.
 INFO LOG: Apr_30_03:01: -- 99.191.82.191:42196 connected to CoralMUD!
 INFO LOG: Apr_30_03:01: -- 99.191.82.191:42196: Retnur is trying to connect.
 INFO LOG: Apr_30_03:01: -- 99.191.82.191:42196: Retnur player file found.
 INFO LOG: Apr_30_03:01: -- Retnur has entered the game.
 INFO LOG: Apr_30_03:03: tick!!!
 INFO LOG: Apr_30_03:05: tick!!!
 INFO LOG: Apr_30_03:05: Retnur has left the game.
 INFO LOG: Apr_30_03:05: -- :99.191.82.191:42196 disconnected from CoralMUD!
 INFO LOG: Apr_30_03:05: -- 99.191.82.191:43636 connected to CoralMUD!
 INFO LOG: Apr_30_03:05: -- 99.191.82.191:43636: Retnur is trying to connect.
 INFO LOG: Apr_30_03:05: -- 99.191.82.191:43636: Retnur player file found.
 INFO LOG: Apr_30_03:05: -- Retnur has entered the game.
 INFO LOG: Apr_30_03:07: tick!!!
 INFO LOG: Apr_30_03:09: Loading areas.rb
 INFO LOG: Apr_30_03:09: -- #<Player:0x000000022efed0>:99.191.82.191:43636 disconnected from CoralMUD!
 INFO LOG: Apr_30_03:09: Logging enabled.   Loading logs.rb.
 INFO LOG: Apr_30_03:09: Loading facade.rb
 INFO LOG: Apr_30_03:09: Loading utils.rb
 INFO LOG: Apr_30_03:09: Loading word_processing.rb
 INFO LOG: Apr_30_03:09: Loading constants.rb
 INFO LOG: Apr_30_03:09: Loading class_property.rb
 INFO LOG: Apr_30_03:09: Loading scripts.rb
 INFO LOG: Apr_30_03:09: Loading tags.rb
 INFO LOG: Apr_30_03:09: Loading editor/editors.rb
 INFO LOG: Apr_30_03:09: Loading editor/editor.strings.rb
 INFO LOG: Apr_30_03:09: Loading editor/editor.rooms.rb
 INFO LOG: Apr_30_03:09: Loading editor/editor.exits.rb
 INFO LOG: Apr_30_03:09: Loading editor/editor.zones.rb
 INFO LOG: Apr_30_03:09: Loading editor/editor.npc.rb
 INFO LOG: Apr_30_03:09: Loading editor/editor.items.rb
 INFO LOG: Apr_30_03:09: Loading mxp.rb
 INFO LOG: Apr_30_03:09: Loading mccp.rb
 INFO LOG: Apr_30_03:09: Loading flags.rb
 INFO LOG: Apr_30_03:09: Loading damage.rb
 INFO LOG: Apr_30_03:09: Loading areas.rb
 INFO LOG: Apr_30_03:09: Loading event.rb
 INFO LOG: Apr_30_03:09: Loading automap/automap.rb
 INFO LOG: Apr_30_03:09: Loading cities.olc.rb
 INFO LOG: Apr_30_03:09: Loading cities.rb
 INFO LOG: Apr_30_03:09: Loading sector definitions.
 INFO LOG: Apr_30_03:09: Loading help.rb
 INFO LOG: Apr_30_03:09: Loading imcruby.rb
 INFO LOG: Apr_30_03:09: Loading player.rb
 INFO LOG: Apr_30_03:09: Loading commands.rb
 INFO LOG: Apr_30_03:09: Loading random.rb
 INFO LOG: Apr_30_03:09: Loading npc.rb
 INFO LOG: Apr_30_03:09: Loading items.rb
 INFO LOG: Apr_30_03:09: Loading spells.rb
 INFO LOG: Apr_30_03:09: Loading all zones.
 INFO LOG: Apr_30_03:09: Starting server.
 INFO LOG: Apr_30_03:09: CoralMUD is now up on port 4000.
 INFO LOG: Apr_30_03:09: Loading areas.rb
 INFO LOG: Apr_30_03:09: Logging enabled.   Loading logs.rb.
 INFO LOG: Apr_30_03:09: Loading facade.rb
 INFO LOG: Apr_30_03:09: Loading utils.rb
 INFO LOG: Apr_30_03:09: Loading word_processing.rb
 INFO LOG: Apr_30_03:09: Loading constants.rb
 INFO LOG: Apr_30_03:09: Loading class_property.rb
 INFO LOG: Apr_30_03:09: Loading scripts.rb
 INFO LOG: Apr_30_03:09: Loading tags.rb
 INFO LOG: Apr_30_03:09: Loading editor/editors.rb
 INFO LOG: Apr_30_03:09: Loading editor/editor.strings.rb
 INFO LOG: Apr_30_03:09: Loading editor/editor.rooms.rb
 INFO LOG: Apr_30_03:09: Loading editor/editor.exits.rb
 INFO LOG: Apr_30_03:09: Loading editor/editor.zones.rb
 INFO LOG: Apr_30_03:09: Loading editor/editor.npc.rb
 INFO LOG: Apr_30_03:09: Loading editor/editor.items.rb
 INFO LOG: Apr_30_03:09: Loading mxp.rb
 INFO LOG: Apr_30_03:09: Loading mccp.rb
 INFO LOG: Apr_30_03:09: Loading flags.rb
 INFO LOG: Apr_30_03:09: Loading damage.rb
 INFO LOG: Apr_30_03:09: Loading areas.rb
 INFO LOG: Apr_30_03:09: Loading event.rb
 INFO LOG: Apr_30_03:09: Loading automap/automap.rb
 INFO LOG: Apr_30_03:09: Loading cities.olc.rb
 INFO LOG: Apr_30_03:09: Loading cities.rb
 INFO LOG: Apr_30_03:09: Loading sector definitions.
 INFO LOG: Apr_30_03:09: Loading help.rb
 INFO LOG: Apr_30_03:09: Loading imcruby.rb
 INFO LOG: Apr_30_03:09: Loading player.rb
 INFO LOG: Apr_30_03:09: Loading commands.rb
 INFO LOG: Apr_30_03:09: Loading random.rb
 INFO LOG: Apr_30_03:09: Loading npc.rb
 INFO LOG: Apr_30_03:09: Loading items.rb
 INFO LOG: Apr_30_03:09: Loading spells.rb
 INFO LOG: Apr_30_03:09: Loading all zones.
 INFO LOG: Apr_30_03:09: Starting server.
 INFO LOG: Apr_30_03:09: CoralMUD is now up on port 4000.
 INFO LOG: Apr_30_03:09: -- 99.191.82.191:57633 connected to CoralMUD!
 INFO LOG: Apr_30_03:09: -- 99.191.82.191:57633: Retnur is trying to connect.
 INFO LOG: Apr_30_03:09: -- 99.191.82.191:57633: Retnur player file found.
 INFO LOG: Apr_30_03:09: -- Retnur has entered the game.
 INFO LOG: Apr_30_03:10: Retnur has left the game.
 INFO LOG: Apr_30_03:10: -- :99.191.82.191:57633 disconnected from CoralMUD!
 INFO LOG: Apr_30_03:10: -- 99.191.82.191:52135 connected to CoralMUD!
 INFO LOG: Apr_30_03:10: -- 99.191.82.191:52135: Retnur is trying to connect.
 INFO LOG: Apr_30_03:10: -- 99.191.82.191:52135: Retnur player file found.
 INFO LOG: Apr_30_03:10: -- Retnur has entered the game.
 INFO LOG: Apr_30_03:11: tick!!!
 INFO LOG: Apr_30_03:13: tick!!!
 INFO LOG: Apr_30_03:15: Loading cities.rb
 INFO LOG: Apr_30_03:15: Loading sector definitions.
 INFO LOG: Apr_30_03:15: -- #<Player:0x00000001b65390>:99.191.82.191:52135 disconnected from CoralMUD!
 INFO LOG: Apr_30_03:15: Program closed.
 INFO LOG: Apr_30_03:15: Logging enabled.   Loading logs.rb.
 INFO LOG: Apr_30_03:15: Loading facade.rb
 INFO LOG: Apr_30_03:15: Loading utils.rb
 INFO LOG: Apr_30_03:15: Loading word_processing.rb
 INFO LOG: Apr_30_03:15: Loading constants.rb
 INFO LOG: Apr_30_03:15: Loading class_property.rb
 INFO LOG: Apr_30_03:15: Loading scripts.rb
 INFO LOG: Apr_30_03:15: Loading tags.rb
 INFO LOG: Apr_30_03:15: Loading editor/editors.rb
 INFO LOG: Apr_30_03:15: Loading editor/editor.strings.rb
 INFO LOG: Apr_30_03:15: Loading editor/editor.rooms.rb
 INFO LOG: Apr_30_03:15: Loading editor/editor.exits.rb
 INFO LOG: Apr_30_03:15: Loading editor/editor.zones.rb
 INFO LOG: Apr_30_03:15: Loading editor/editor.npc.rb
 INFO LOG: Apr_30_03:15: Loading editor/editor.items.rb
 INFO LOG: Apr_30_03:15: Loading mxp.rb
 INFO LOG: Apr_30_03:15: Loading mccp.rb
 INFO LOG: Apr_30_03:15: Loading flags.rb
 INFO LOG: Apr_30_03:15: Loading damage.rb
 INFO LOG: Apr_30_03:15: Loading areas.rb
 INFO LOG: Apr_30_03:15: Loading event.rb
 INFO LOG: Apr_30_03:15: Loading automap/automap.rb
 INFO LOG: Apr_30_03:15: Loading cities.olc.rb
 INFO LOG: Apr_30_03:15: Loading cities.rb
 INFO LOG: Apr_30_03:15: Loading sector definitions.
 INFO LOG: Apr_30_03:15: Loading help.rb
 INFO LOG: Apr_30_03:15: Loading imcruby.rb
 INFO LOG: Apr_30_03:15: Loading player.rb
 INFO LOG: Apr_30_03:15: Loading commands.rb
 INFO LOG: Apr_30_03:15: Loading random.rb
 INFO LOG: Apr_30_03:15: Loading npc.rb
 INFO LOG: Apr_30_03:15: Loading items.rb
 INFO LOG: Apr_30_03:15: Loading spells.rb
 INFO LOG: Apr_30_03:15: Loading all zones.
 INFO LOG: Apr_30_03:15: Starting server.
 INFO LOG: Apr_30_03:15: CoralMUD is now up on port 4000.
 INFO LOG: Apr_30_03:15: -- 99.191.82.191:32882 connected to CoralMUD!
 INFO LOG: Apr_30_03:15: -- 99.191.82.191:32882: Retnur is trying to connect.
 INFO LOG: Apr_30_03:15: -- 99.191.82.191:32882: Retnur player file found.
 INFO LOG: Apr_30_03:15: -- 99.191.82.191:32882: Retnur password incorrect.
 INFO LOG: Apr_30_03:15: -- Retnur has entered the game.
 INFO LOG: Apr_30_03:16: Loading cities.rb
 INFO LOG: Apr_30_03:16: Loading sector definitions.
 INFO LOG: Apr_30_03:17: tick!!!
 INFO LOG: Apr_30_03:19: tick!!!
 INFO LOG: Apr_30_03:21: tick!!!
 INFO LOG: Apr_30_03:22: -- #<Player:0x00000001eba928>:99.191.82.191:32882 disconnected from CoralMUD!
 INFO LOG: Apr_30_03:22: Program closed.
 INFO LOG: Apr_30_03:23: Logging enabled.   Loading logs.rb.
 INFO LOG: Apr_30_03:23: Loading facade.rb
 INFO LOG: Apr_30_03:23: Loading utils.rb
 INFO LOG: Apr_30_03:23: Loading word_processing.rb
 INFO LOG: Apr_30_03:23: Loading constants.rb
 INFO LOG: Apr_30_03:23: Loading class_property.rb
 INFO LOG: Apr_30_03:23: Loading scripts.rb
 INFO LOG: Apr_30_03:23: Loading tags.rb
 INFO LOG: Apr_30_03:23: Loading editor/editors.rb
 INFO LOG: Apr_30_03:23: Loading editor/editor.strings.rb
 INFO LOG: Apr_30_03:23: Loading editor/editor.rooms.rb
 INFO LOG: Apr_30_03:23: Loading editor/editor.exits.rb
 INFO LOG: Apr_30_03:23: Loading editor/editor.zones.rb
 INFO LOG: Apr_30_03:23: Loading editor/editor.npc.rb
 INFO LOG: Apr_30_03:23: Loading editor/editor.items.rb
 INFO LOG: Apr_30_03:23: Loading mxp.rb
 INFO LOG: Apr_30_03:23: Loading mccp.rb
 INFO LOG: Apr_30_03:23: Loading flags.rb
 INFO LOG: Apr_30_03:23: Loading damage.rb
 INFO LOG: Apr_30_03:23: Loading areas.rb
 INFO LOG: Apr_30_03:23: Loading event.rb
 INFO LOG: Apr_30_03:23: Loading automap/automap.rb
 INFO LOG: Apr_30_03:23: Loading cities.olc.rb
 INFO LOG: Apr_30_03:23: Loading cities.rb
 INFO LOG: Apr_30_03:23: Loading sector definitions.
 INFO LOG: Apr_30_03:23: Loading help.rb
 INFO LOG: Apr_30_03:23: Loading imcruby.rb
 INFO LOG: Apr_30_03:23: Loading player.rb
 INFO LOG: Apr_30_03:23: Loading commands.rb
 INFO LOG: Apr_30_03:23: Loading random.rb
 INFO LOG: Apr_30_03:23: Loading npc.rb
 INFO LOG: Apr_30_03:23: Loading items.rb
 INFO LOG: Apr_30_03:23: Loading spells.rb
 INFO LOG: Apr_30_03:23: Loading all zones.
 INFO LOG: Apr_30_03:23: Starting server.
 INFO LOG: Apr_30_03:23: CoralMUD is now up on port 4000.
 INFO LOG: Apr_30_03:23: -- 99.191.82.191:45550 connected to CoralMUD!
 INFO LOG: Apr_30_03:23: -- 99.191.82.191:45550: Retnur is trying to connect.
 INFO LOG: Apr_30_03:23: -- 99.191.82.191:45550: Retnur player file found.
 INFO LOG: Apr_30_03:23: -- Retnur has entered the game.
 INFO LOG: Apr_30_03:25: tick!!!
 INFO LOG: Apr_30_03:25: -- #<Player:0x00000002419d88>:99.191.82.191:45550 disconnected from CoralMUD!
 INFO LOG: Apr_30_03:25: Program closed.
 INFO LOG: Apr_30_03:26: Logging enabled.   Loading logs.rb.
 INFO LOG: Apr_30_03:26: Loading facade.rb
 INFO LOG: Apr_30_03:26: Loading utils.rb
 INFO LOG: Apr_30_03:26: Loading word_processing.rb
 INFO LOG: Apr_30_03:26: Loading constants.rb
 INFO LOG: Apr_30_03:26: Loading class_property.rb
 INFO LOG: Apr_30_03:26: Loading scripts.rb
 INFO LOG: Apr_30_03:26: Loading tags.rb
 INFO LOG: Apr_30_03:26: Loading editor/editors.rb
 INFO LOG: Apr_30_03:26: Loading editor/editor.strings.rb
 INFO LOG: Apr_30_03:26: Loading editor/editor.rooms.rb
 INFO LOG: Apr_30_03:26: Loading editor/editor.exits.rb
 INFO LOG: Apr_30_03:26: Loading editor/editor.zones.rb
 INFO LOG: Apr_30_03:26: Loading editor/editor.npc.rb
 INFO LOG: Apr_30_03:26: Loading editor/editor.items.rb
 INFO LOG: Apr_30_03:26: Loading mxp.rb
 INFO LOG: Apr_30_03:26: Loading mccp.rb
 INFO LOG: Apr_30_03:26: Loading flags.rb
 INFO LOG: Apr_30_03:26: Loading damage.rb
 INFO LOG: Apr_30_03:26: Loading areas.rb
 INFO LOG: Apr_30_03:26: Loading event.rb
 INFO LOG: Apr_30_03:26: Loading automap/automap.rb
 INFO LOG: Apr_30_03:26: Loading cities.olc.rb
 INFO LOG: Apr_30_03:26: Loading cities.rb
 INFO LOG: Apr_30_03:26: Loading sector definitions.
 INFO LOG: Apr_30_03:26: Loading help.rb
 INFO LOG: Apr_30_03:26: Loading imcruby.rb
 INFO LOG: Apr_30_03:26: Loading player.rb
 INFO LOG: Apr_30_03:26: Loading commands.rb
 INFO LOG: Apr_30_03:26: Loading random.rb
 INFO LOG: Apr_30_03:26: Loading npc.rb
 INFO LOG: Apr_30_03:26: Loading items.rb
 INFO LOG: Apr_30_03:26: Loading spells.rb
 INFO LOG: Apr_30_03:26: Loading all zones.
 INFO LOG: Apr_30_03:26: Starting server.
 INFO LOG: Apr_30_03:26: CoralMUD is now up on port 4000.
 INFO LOG: Apr_30_03:26: -- 99.191.82.191:60938 connected to CoralMUD!
 INFO LOG: Apr_30_03:26: -- :99.191.82.191:60938 disconnected from CoralMUD!
 INFO LOG: Apr_30_03:26: -- 99.191.82.191:57310 connected to CoralMUD!
 INFO LOG: Apr_30_03:26: -- :99.191.82.191:57310 disconnected from CoralMUD!
 INFO LOG: Apr_30_03:26: -- 99.191.82.191:48721 connected to CoralMUD!
 INFO LOG: Apr_30_03:26: -- 99.191.82.191:48721: Retnur is trying to connect.
 INFO LOG: Apr_30_03:26: -- 99.191.82.191:48721: Retnur player file found.
 INFO LOG: Apr_30_03:26: -- Retnur has entered the game.
 INFO LOG: Apr_30_03:26: -- #<Player:0x00000002782880>:99.191.82.191:48721 disconnected from CoralMUD!
 INFO LOG: Apr_30_03:26: Program closed.
 INFO LOG: Apr_30_03:32: Logging enabled.   Loading logs.rb.
 INFO LOG: Apr_30_03:32: Loading facade.rb
 INFO LOG: Apr_30_03:32: Loading utils.rb
 INFO LOG: Apr_30_03:32: Loading word_processing.rb
 INFO LOG: Apr_30_03:32: Loading constants.rb
 INFO LOG: Apr_30_03:32: Loading class_property.rb
 INFO LOG: Apr_30_03:32: Loading scripts.rb
 INFO LOG: Apr_30_03:32: Loading tags.rb
 INFO LOG: Apr_30_03:32: Loading editor/editors.rb
 INFO LOG: Apr_30_03:32: Loading editor/editor.strings.rb
 INFO LOG: Apr_30_03:32: Loading editor/editor.rooms.rb
 INFO LOG: Apr_30_03:32: Loading editor/editor.exits.rb
 INFO LOG: Apr_30_03:32: Loading editor/editor.zones.rb
 INFO LOG: Apr_30_03:32: Loading editor/editor.npc.rb
 INFO LOG: Apr_30_03:32: Loading editor/editor.items.rb
 INFO LOG: Apr_30_03:32: Loading mxp.rb
 INFO LOG: Apr_30_03:32: Loading mccp.rb
 INFO LOG: Apr_30_03:32: Loading flags.rb
 INFO LOG: Apr_30_03:32: Loading damage.rb
 INFO LOG: Apr_30_03:32: Loading areas.rb
 INFO LOG: Apr_30_03:32: Loading event.rb
 INFO LOG: Apr_30_03:32: Loading automap/automap.rb
 INFO LOG: Apr_30_03:32: Loading cities.olc.rb
 INFO LOG: Apr_30_03:32: Loading cities.rb
 INFO LOG: Apr_30_03:32: Loading sector definitions.
 INFO LOG: Apr_30_03:32: Loading help.rb
 INFO LOG: Apr_30_03:32: Loading imcruby.rb
 INFO LOG: Apr_30_03:32: Loading player.rb
 INFO LOG: Apr_30_03:32: Loading commands.rb
 INFO LOG: Apr_30_03:32: Loading random.rb
 INFO LOG: Apr_30_03:32: Loading npc.rb
 INFO LOG: Apr_30_03:32: Loading items.rb
 INFO LOG: Apr_30_03:32: Loading spells.rb
 INFO LOG: Apr_30_03:32: Loading all zones.
 INFO LOG: Apr_30_03:32: Starting server.
 INFO LOG: Apr_30_03:32: CoralMUD is now up on port 4000.
 INFO LOG: Apr_30_03:32: -- 99.191.82.191:58752 connected to CoralMUD!
 INFO LOG: Apr_30_03:32: -- 99.191.82.191:58752: Retnur is trying to connect.
 INFO LOG: Apr_30_03:32: -- 99.191.82.191:58752: Retnur player file found.
 INFO LOG: Apr_30_03:32: -- Retnur has entered the game.
 INFO LOG: Apr_30_03:33: -- #<Player:0x00000002a4e230>:99.191.82.191:58752 disconnected from CoralMUD!
 INFO LOG: Apr_30_03:33: Program closed.
 INFO LOG: Apr_30_03:37: Logging enabled.   Loading logs.rb.
 INFO LOG: Apr_30_03:37: Loading facade.rb
 INFO LOG: Apr_30_03:37: Loading utils.rb
 INFO LOG: Apr_30_03:37: Loading word_processing.rb
 INFO LOG: Apr_30_03:37: Loading constants.rb
 INFO LOG: Apr_30_03:37: Loading class_property.rb
 INFO LOG: Apr_30_03:37: Loading scripts.rb
 INFO LOG: Apr_30_03:37: Loading tags.rb
 INFO LOG: Apr_30_03:37: Loading editor/editors.rb
 INFO LOG: Apr_30_03:37: Loading editor/editor.strings.rb
 INFO LOG: Apr_30_03:37: Loading editor/editor.rooms.rb
 INFO LOG: Apr_30_03:37: Loading editor/editor.exits.rb
 INFO LOG: Apr_30_03:37: Loading editor/editor.zones.rb
 INFO LOG: Apr_30_03:37: Loading editor/editor.npc.rb
 INFO LOG: Apr_30_03:37: Loading editor/editor.items.rb
 INFO LOG: Apr_30_03:37: Loading mxp.rb
 INFO LOG: Apr_30_03:37: Loading mccp.rb
 INFO LOG: Apr_30_03:37: Loading flags.rb
 INFO LOG: Apr_30_03:37: Loading damage.rb
 INFO LOG: Apr_30_03:37: Loading areas.rb
 INFO LOG: Apr_30_03:37: Loading event.rb
 INFO LOG: Apr_30_03:37: Loading automap/automap.rb
 INFO LOG: Apr_30_03:37: Loading cities.olc.rb
 INFO LOG: Apr_30_03:37: Loading cities.rb
 INFO LOG: Apr_30_03:37: Loading sector definitions.
 INFO LOG: Apr_30_03:37: Loading help.rb
 INFO LOG: Apr_30_03:37: Loading imcruby.rb
 INFO LOG: Apr_30_03:37: Loading player.rb
 INFO LOG: Apr_30_03:37: Loading commands.rb
 INFO LOG: Apr_30_03:37: Loading random.rb
 INFO LOG: Apr_30_03:37: Loading npc.rb
 INFO LOG: Apr_30_03:37: Loading items.rb
 INFO LOG: Apr_30_03:37: Loading spells.rb
 INFO LOG: Apr_30_03:37: Loading all zones.
 INFO LOG: Apr_30_03:37: Starting server.
 INFO LOG: Apr_30_03:37: CoralMUD is now up on port 4000.
 INFO LOG: Apr_30_03:37: Program closed.
 INFO LOG: Apr_30_03:38: Logging enabled.   Loading logs.rb.
 INFO LOG: Apr_30_03:38: Loading facade.rb
 INFO LOG: Apr_30_03:38: Loading utils.rb
 INFO LOG: Apr_30_03:38: Loading word_processing.rb
 INFO LOG: Apr_30_03:38: Loading constants.rb
 INFO LOG: Apr_30_03:38: Loading class_property.rb
 INFO LOG: Apr_30_03:38: Loading scripts.rb
 INFO LOG: Apr_30_03:38: Loading tags.rb
 INFO LOG: Apr_30_03:38: Loading editor/editors.rb
 INFO LOG: Apr_30_03:38: Loading editor/editor.strings.rb
 INFO LOG: Apr_30_03:38: Loading editor/editor.rooms.rb
 INFO LOG: Apr_30_03:38: Loading editor/editor.exits.rb
 INFO LOG: Apr_30_03:38: Loading editor/editor.zones.rb
 INFO LOG: Apr_30_03:38: Loading editor/editor.npc.rb
 INFO LOG: Apr_30_03:38: Loading editor/editor.items.rb
 INFO LOG: Apr_30_03:38: Loading mxp.rb
 INFO LOG: Apr_30_03:38: Loading mccp.rb
 INFO LOG: Apr_30_03:38: Loading flags.rb
 INFO LOG: Apr_30_03:38: Loading damage.rb
 INFO LOG: Apr_30_03:38: Loading areas.rb
 INFO LOG: Apr_30_03:38: Loading event.rb
 INFO LOG: Apr_30_03:38: Loading automap/automap.rb
 INFO LOG: Apr_30_03:38: Loading cities.olc.rb
 INFO LOG: Apr_30_03:38: Loading cities.rb
 INFO LOG: Apr_30_03:38: Loading sector definitions.
 INFO LOG: Apr_30_03:38: Loading help.rb
 INFO LOG: Apr_30_03:38: Loading imcruby.rb
 INFO LOG: Apr_30_03:38: Loading player.rb
 INFO LOG: Apr_30_03:38: Loading commands.rb
 INFO LOG: Apr_30_03:38: Loading random.rb
 INFO LOG: Apr_30_03:38: Loading npc.rb
 INFO LOG: Apr_30_03:38: Loading items.rb
 INFO LOG: Apr_30_03:38: Loading spells.rb
 INFO LOG: Apr_30_03:38: Loading all zones.
 INFO LOG: Apr_30_03:38: Starting server.
 INFO LOG: Apr_30_03:38: CoralMUD is now up on port 4000.
 INFO LOG: Apr_30_03:38: Program closed.
 INFO LOG: Apr_30_03:40: Logging enabled.   Loading logs.rb.
 INFO LOG: Apr_30_03:40: Loading facade.rb
 INFO LOG: Apr_30_03:40: Loading utils.rb
 INFO LOG: Apr_30_03:40: Loading word_processing.rb
 INFO LOG: Apr_30_03:40: Loading constants.rb
 INFO LOG: Apr_30_03:40: Loading class_property.rb
 INFO LOG: Apr_30_03:40: Loading scripts.rb
 INFO LOG: Apr_30_03:40: Loading tags.rb
 INFO LOG: Apr_30_03:40: Loading editor/editors.rb
 INFO LOG: Apr_30_03:40: Loading editor/editor.strings.rb
 INFO LOG: Apr_30_03:40: Loading editor/editor.rooms.rb
 INFO LOG: Apr_30_03:40: Loading editor/editor.exits.rb
 INFO LOG: Apr_30_03:40: Loading editor/editor.zones.rb
 INFO LOG: Apr_30_03:40: Loading editor/editor.npc.rb
 INFO LOG: Apr_30_03:40: Loading editor/editor.items.rb
 INFO LOG: Apr_30_03:40: Loading mxp.rb
 INFO LOG: Apr_30_03:40: Loading mccp.rb
 INFO LOG: Apr_30_03:40: Loading flags.rb
 INFO LOG: Apr_30_03:40: Loading damage.rb
 INFO LOG: Apr_30_03:40: Loading areas.rb
 INFO LOG: Apr_30_03:40: Loading event.rb
 INFO LOG: Apr_30_03:40: Loading automap/automap.rb
 INFO LOG: Apr_30_03:40: Loading cities.olc.rb
 INFO LOG: Apr_30_03:40: Loading cities.rb
 INFO LOG: Apr_30_03:40: Loading sector definitions.
 INFO LOG: Apr_30_03:40: Loading help.rb
 INFO LOG: Apr_30_03:40: Loading imcruby.rb
 INFO LOG: Apr_30_03:40: Loading player.rb
 INFO LOG: Apr_30_03:40: Loading commands.rb
 INFO LOG: Apr_30_03:40: Loading random.rb
 INFO LOG: Apr_30_03:40: Loading npc.rb
 INFO LOG: Apr_30_03:40: Loading items.rb
 INFO LOG: Apr_30_03:40: Loading spells.rb
 INFO LOG: Apr_30_03:40: Loading all zones.
 INFO LOG: Apr_30_03:40: Starting server.
 INFO LOG: Apr_30_03:40: CoralMUD is now up on port 4000.
 INFO LOG: Apr_30_03:40: -- 99.191.82.191:39436 connected to CoralMUD!
 INFO LOG: Apr_30_03:40: -- 99.191.82.191:39436: Retnur is trying to connect.
 INFO LOG: Apr_30_03:40: -- 99.191.82.191:39436: Retnur player file found.
 INFO LOG: Apr_30_03:40: -- Retnur has entered the game.
 INFO LOG: Apr_30_03:42: tick!!!
 INFO LOG: Apr_30_03:44: tick!!!
 INFO LOG: Apr_30_03:44: -- #<Player:0x000000022f7888>:99.191.82.191:39436 disconnected from CoralMUD!
 INFO LOG: Apr_30_03:44: Program closed.
 INFO LOG: Apr_30_03:44: Logging enabled.   Loading logs.rb.
 INFO LOG: Apr_30_03:44: Loading facade.rb
 INFO LOG: Apr_30_03:44: Loading utils.rb
 INFO LOG: Apr_30_03:44: Loading word_processing.rb
 INFO LOG: Apr_30_03:44: Loading constants.rb
 INFO LOG: Apr_30_03:44: Loading class_property.rb
 INFO LOG: Apr_30_03:44: Loading scripts.rb
 INFO LOG: Apr_30_03:44: Loading tags.rb
 INFO LOG: Apr_30_03:44: Loading editor/editors.rb
 INFO LOG: Apr_30_03:44: Loading editor/editor.strings.rb
 INFO LOG: Apr_30_03:44: Loading editor/editor.rooms.rb
 INFO LOG: Apr_30_03:44: Loading editor/editor.exits.rb
 INFO LOG: Apr_30_03:44: Loading editor/editor.zones.rb
 INFO LOG: Apr_30_03:44: Loading editor/editor.npc.rb
 INFO LOG: Apr_30_03:44: Loading editor/editor.items.rb
 INFO LOG: Apr_30_03:44: Loading mxp.rb
 INFO LOG: Apr_30_03:44: Loading mccp.rb
 INFO LOG: Apr_30_03:44: Loading flags.rb
 INFO LOG: Apr_30_03:44: Loading damage.rb
 INFO LOG: Apr_30_03:44: Loading areas.rb
 INFO LOG: Apr_30_03:44: Loading event.rb
 INFO LOG: Apr_30_03:44: Loading automap/automap.rb
 INFO LOG: Apr_30_03:44: Loading cities.olc.rb
 INFO LOG: Apr_30_03:44: Loading cities.rb
 INFO LOG: Apr_30_03:44: Loading sector definitions.
 INFO LOG: Apr_30_03:44: Loading help.rb
 INFO LOG: Apr_30_03:44: Loading imcruby.rb
 INFO LOG: Apr_30_03:44: Loading player.rb
 INFO LOG: Apr_30_03:44: Loading commands.rb
 INFO LOG: Apr_30_03:44: Loading random.rb
 INFO LOG: Apr_30_03:44: Loading npc.rb
 INFO LOG: Apr_30_03:44: Loading items.rb
 INFO LOG: Apr_30_03:44: Loading spells.rb
 INFO LOG: Apr_30_03:44: Loading all zones.
 INFO LOG: Apr_30_03:44: Starting server.
 INFO LOG: Apr_30_03:44: CoralMUD is now up on port 4000.
 INFO LOG: Apr_30_03:44: -- 99.191.82.191:48190 connected to CoralMUD!
 INFO LOG: Apr_30_03:44: -- 99.191.82.191:48190: Retnur is trying to connect.
 INFO LOG: Apr_30_03:44: -- 99.191.82.191:48190: Retnur player file found.
 INFO LOG: Apr_30_03:44: -- Retnur has entered the game.
 INFO LOG: Apr_30_03:46: tick!!!
 INFO LOG: Apr_30_03:47: -- #<Player:0x0000000333e160>:99.191.82.191:48190 disconnected from CoralMUD!
 INFO LOG: Apr_30_03:47: Logging enabled.   Loading logs.rb.
 INFO LOG: Apr_30_03:47: Loading facade.rb
 INFO LOG: Apr_30_03:47: Loading utils.rb
 INFO LOG: Apr_30_03:47: Loading word_processing.rb
 INFO LOG: Apr_30_03:47: Loading constants.rb
 INFO LOG: Apr_30_03:47: Loading class_property.rb
 INFO LOG: Apr_30_03:47: Loading scripts.rb
 INFO LOG: Apr_30_03:47: Loading tags.rb
 INFO LOG: Apr_30_03:47: Loading editor/editors.rb
 INFO LOG: Apr_30_03:47: Loading editor/editor.strings.rb
 INFO LOG: Apr_30_03:47: Loading editor/editor.rooms.rb
 INFO LOG: Apr_30_03:47: Loading editor/editor.exits.rb
 INFO LOG: Apr_30_03:47: Loading editor/editor.zones.rb
 INFO LOG: Apr_30_03:47: Loading editor/editor.npc.rb
 INFO LOG: Apr_30_03:47: Loading editor/editor.items.rb
 INFO LOG: Apr_30_03:47: Loading mxp.rb
 INFO LOG: Apr_30_03:47: Loading mccp.rb
 INFO LOG: Apr_30_03:47: Loading flags.rb
 INFO LOG: Apr_30_03:47: Loading damage.rb
 INFO LOG: Apr_30_03:47: Loading areas.rb
 INFO LOG: Apr_30_03:47: Loading event.rb
 INFO LOG: Apr_30_03:47: Loading automap/automap.rb
 INFO LOG: Apr_30_03:47: Loading cities.olc.rb
 INFO LOG: Apr_30_03:47: Loading cities.rb
 INFO LOG: Apr_30_03:47: Loading sector definitions.
 INFO LOG: Apr_30_03:47: Loading help.rb
 INFO LOG: Apr_30_03:47: Loading imcruby.rb
 INFO LOG: Apr_30_03:47: Loading player.rb
 INFO LOG: Apr_30_03:47: Loading commands.rb
 INFO LOG: Apr_30_03:47: Loading random.rb
 INFO LOG: Apr_30_03:47: Loading npc.rb
 INFO LOG: Apr_30_03:47: Loading items.rb
 INFO LOG: Apr_30_03:47: Loading spells.rb
 INFO LOG: Apr_30_03:47: Loading all zones.
 INFO LOG: Apr_30_03:47: Starting server.
 INFO LOG: Apr_30_03:47: CoralMUD is now up on port 4000.
 INFO LOG: Apr_30_03:47: -- 99.191.82.191:56875 connected to CoralMUD!
 INFO LOG: Apr_30_03:47: -- 99.191.82.191:56875: Retnur is trying to connect.
 INFO LOG: Apr_30_03:47: -- 99.191.82.191:56875: Retnur player file found.
 INFO LOG: Apr_30_03:47: -- Retnur has entered the game.
 INFO LOG: Apr_30_03:49: tick!!!
 INFO LOG: Apr_30_03:51: tick!!!
 INFO LOG: Apr_30_03:53: tick!!!
 INFO LOG: Apr_30_03:55: tick!!!
 INFO LOG: Apr_30_03:55: -- #<Player:0x00000002e19c20>:99.191.82.191:56875 disconnected from CoralMUD!
 INFO LOG: Apr_30_03:55: Logging enabled.   Loading logs.rb.
 INFO LOG: Apr_30_03:55: Loading facade.rb
 INFO LOG: Apr_30_03:55: Loading utils.rb
 INFO LOG: Apr_30_03:55: Loading word_processing.rb
 INFO LOG: Apr_30_03:55: Loading constants.rb
 INFO LOG: Apr_30_03:55: Loading class_property.rb
 INFO LOG: Apr_30_03:55: Loading scripts.rb
 INFO LOG: Apr_30_03:55: Loading tags.rb
 INFO LOG: Apr_30_03:55: Loading editor/editors.rb
 INFO LOG: Apr_30_03:55: Loading editor/editor.strings.rb
 INFO LOG: Apr_30_03:55: Loading editor/editor.rooms.rb
 INFO LOG: Apr_30_03:55: Loading editor/editor.exits.rb
 INFO LOG: Apr_30_03:55: Loading editor/editor.zones.rb
 INFO LOG: Apr_30_03:55: Loading editor/editor.npc.rb
 INFO LOG: Apr_30_03:55: Loading editor/editor.items.rb
 INFO LOG: Apr_30_03:55: Loading mxp.rb
 INFO LOG: Apr_30_03:55: Loading mccp.rb
 INFO LOG: Apr_30_03:55: Loading flags.rb
 INFO LOG: Apr_30_03:55: Loading damage.rb
 INFO LOG: Apr_30_03:55: Loading areas.rb
 INFO LOG: Apr_30_03:55: Loading event.rb
 INFO LOG: Apr_30_03:55: Loading automap/automap.rb
 INFO LOG: Apr_30_03:55: Loading cities.olc.rb
 INFO LOG: Apr_30_03:55: Loading cities.rb
 INFO LOG: Apr_30_03:55: Loading sector definitions.
 INFO LOG: Apr_30_03:55: Loading help.rb
 INFO LOG: Apr_30_03:55: Loading imcruby.rb
 INFO LOG: Apr_30_03:55: Loading player.rb
 INFO LOG: Apr_30_03:55: Loading commands.rb
 INFO LOG: Apr_30_03:55: Loading random.rb
 INFO LOG: Apr_30_03:55: Loading npc.rb
 INFO LOG: Apr_30_03:55: Loading items.rb
 INFO LOG: Apr_30_03:55: Loading spells.rb
 INFO LOG: Apr_30_03:55: Loading all zones.
 INFO LOG: Apr_30_03:55: Starting server.
 INFO LOG: Apr_30_03:55: CoralMUD is now up on port 4000.
 INFO LOG: Apr_30_03:56: Logging enabled.   Loading logs.rb.
 INFO LOG: Apr_30_03:56: Loading facade.rb
 INFO LOG: Apr_30_03:56: Loading utils.rb
 INFO LOG: Apr_30_03:56: Loading word_processing.rb
 INFO LOG: Apr_30_03:56: Loading constants.rb
 INFO LOG: Apr_30_03:56: Loading class_property.rb
 INFO LOG: Apr_30_03:56: Loading scripts.rb
 INFO LOG: Apr_30_03:56: Loading tags.rb
 INFO LOG: Apr_30_03:56: Loading editor/editors.rb
 INFO LOG: Apr_30_03:56: Loading editor/editor.strings.rb
 INFO LOG: Apr_30_03:56: Loading editor/editor.rooms.rb
 INFO LOG: Apr_30_03:56: Loading editor/editor.exits.rb
 INFO LOG: Apr_30_03:56: Loading editor/editor.zones.rb
 INFO LOG: Apr_30_03:56: Loading editor/editor.npc.rb
 INFO LOG: Apr_30_03:56: Loading editor/editor.items.rb
 INFO LOG: Apr_30_03:56: Loading mxp.rb
 INFO LOG: Apr_30_03:56: Loading mccp.rb
 INFO LOG: Apr_30_03:56: Loading flags.rb
 INFO LOG: Apr_30_03:56: Loading damage.rb
 INFO LOG: Apr_30_03:56: Loading areas.rb
 INFO LOG: Apr_30_03:56: Loading event.rb
 INFO LOG: Apr_30_03:56: Loading automap/automap.rb
 INFO LOG: Apr_30_03:56: Loading cities.olc.rb
 INFO LOG: Apr_30_03:56: Loading cities.rb
 INFO LOG: Apr_30_03:56: Loading sector definitions.
 INFO LOG: Apr_30_03:56: Loading help.rb
 INFO LOG: Apr_30_03:56: Loading imcruby.rb
 INFO LOG: Apr_30_03:56: Loading player.rb
 INFO LOG: Apr_30_03:56: Loading commands.rb
 INFO LOG: Apr_30_03:56: Loading random.rb
 INFO LOG: Apr_30_03:56: Loading npc.rb
 INFO LOG: Apr_30_03:56: Loading items.rb
 INFO LOG: Apr_30_03:56: Loading spells.rb
 INFO LOG: Apr_30_03:56: Loading all zones.
 INFO LOG: Apr_30_03:56: Starting server.
 INFO LOG: Apr_30_03:56: CoralMUD is now up on port 4000.
 INFO LOG: Apr_30_03:56: -- 99.191.82.191:50502 connected to CoralMUD!
 INFO LOG: Apr_30_03:56: -- 99.191.82.191:50502: Retnur is trying to connect.
 INFO LOG: Apr_30_03:56: -- 99.191.82.191:50502: Retnur player file found.
 INFO LOG: Apr_30_03:56: -- Retnur has entered the game.
 INFO LOG: Apr_30_03:58: tick!!!
 INFO LOG: Apr_30_03:58: -- #<Player:0x000000020a88e8>:99.191.82.191:50502 disconnected from CoralMUD!
 INFO LOG: Apr_30_03:58: Logging enabled.   Loading logs.rb.
 INFO LOG: Apr_30_03:58: Loading facade.rb
 INFO LOG: Apr_30_03:58: Loading utils.rb
 INFO LOG: Apr_30_03:58: Loading word_processing.rb
 INFO LOG: Apr_30_03:58: Loading constants.rb
 INFO LOG: Apr_30_03:58: Loading class_property.rb
 INFO LOG: Apr_30_03:58: Loading scripts.rb
 INFO LOG: Apr_30_03:58: Loading tags.rb
 INFO LOG: Apr_30_03:58: Loading editor/editors.rb
 INFO LOG: Apr_30_03:58: Loading editor/editor.strings.rb
 INFO LOG: Apr_30_03:58: Loading editor/editor.rooms.rb
 INFO LOG: Apr_30_03:58: Loading editor/editor.exits.rb
 INFO LOG: Apr_30_03:58: Loading editor/editor.zones.rb
 INFO LOG: Apr_30_03:58: Loading editor/editor.npc.rb
 INFO LOG: Apr_30_03:58: Loading editor/editor.items.rb
 INFO LOG: Apr_30_03:58: Loading mxp.rb
 INFO LOG: Apr_30_03:58: Loading mccp.rb
 INFO LOG: Apr_30_03:58: Loading flags.rb
 INFO LOG: Apr_30_03:58: Loading damage.rb
 INFO LOG: Apr_30_03:58: Loading areas.rb
 INFO LOG: Apr_30_03:58: Loading event.rb
 INFO LOG: Apr_30_03:58: Loading automap/automap.rb
 INFO LOG: Apr_30_03:58: Loading cities.olc.rb
 INFO LOG: Apr_30_03:58: Loading cities.rb
 INFO LOG: Apr_30_03:58: Loading sector definitions.
 INFO LOG: Apr_30_03:58: Loading help.rb
 INFO LOG: Apr_30_03:58: Loading imcruby.rb
 INFO LOG: Apr_30_03:58: Loading player.rb
 INFO LOG: Apr_30_03:58: Loading commands.rb
 INFO LOG: Apr_30_03:58: Loading random.rb
 INFO LOG: Apr_30_03:58: Loading npc.rb
 INFO LOG: Apr_30_03:58: Loading items.rb
 INFO LOG: Apr_30_03:58: Loading spells.rb
 INFO LOG: Apr_30_03:58: Loading all zones.
 INFO LOG: Apr_30_03:58: Starting server.
 INFO LOG: Apr_30_03:58: CoralMUD is now up on port 4000.
 INFO LOG: Apr_30_03:58: -- 99.191.82.191:47423 connected to CoralMUD!
 INFO LOG: Apr_30_03:58: -- 99.191.82.191:47423: Retnur is trying to connect.
 INFO LOG: Apr_30_03:58: -- 99.191.82.191:47423: Retnur player file found.
 INFO LOG: Apr_30_03:58: -- Retnur has entered the game.
 INFO LOG: Apr_30_04:00: tick!!!
 INFO LOG: Apr_30_04:02: tick!!!
 INFO LOG: Apr_30_04:03: -- #<Player:0x00000002839468>:99.191.82.191:47423 disconnected from CoralMUD!
 INFO LOG: Apr_30_04:03: Logging enabled.   Loading logs.rb.
 INFO LOG: Apr_30_04:03: Loading facade.rb
 INFO LOG: Apr_30_04:03: Loading utils.rb
 INFO LOG: Apr_30_04:03: Loading word_processing.rb
 INFO LOG: Apr_30_04:03: Loading constants.rb
 INFO LOG: Apr_30_04:03: Loading class_property.rb
 INFO LOG: Apr_30_04:03: Loading scripts.rb
 INFO LOG: Apr_30_04:03: Loading tags.rb
 INFO LOG: Apr_30_04:03: Loading editor/editors.rb
 INFO LOG: Apr_30_04:03: Loading editor/editor.strings.rb
 INFO LOG: Apr_30_04:03: Loading editor/editor.rooms.rb
 INFO LOG: Apr_30_04:03: Loading editor/editor.exits.rb
 INFO LOG: Apr_30_04:03: Loading editor/editor.zones.rb
 INFO LOG: Apr_30_04:03: Loading editor/editor.npc.rb
 INFO LOG: Apr_30_04:03: Loading editor/editor.items.rb
 INFO LOG: Apr_30_04:03: Loading mxp.rb
 INFO LOG: Apr_30_04:03: Loading mccp.rb
 INFO LOG: Apr_30_04:03: Loading flags.rb
 INFO LOG: Apr_30_04:03: Loading damage.rb
 INFO LOG: Apr_30_04:03: Loading areas.rb
 INFO LOG: Apr_30_04:03: Loading event.rb
 INFO LOG: Apr_30_04:03: Loading automap/automap.rb
 INFO LOG: Apr_30_04:03: Loading cities.olc.rb
 INFO LOG: Apr_30_04:03: Loading cities.rb
 INFO LOG: Apr_30_04:03: Loading sector definitions.
 INFO LOG: Apr_30_04:03: Loading help.rb
 INFO LOG: Apr_30_04:03: Loading imcruby.rb
 INFO LOG: Apr_30_04:03: Loading player.rb
 INFO LOG: Apr_30_04:03: Loading commands.rb
 INFO LOG: Apr_30_04:03: Loading random.rb
 INFO LOG: Apr_30_04:03: Loading npc.rb
 INFO LOG: Apr_30_04:03: Loading items.rb
 INFO LOG: Apr_30_04:03: Loading spells.rb
 INFO LOG: Apr_30_04:03: Loading all zones.
 INFO LOG: Apr_30_04:03: Starting server.
 INFO LOG: Apr_30_04:03: CoralMUD is now up on port 4000.
 INFO LOG: Apr_30_04:03: -- 99.191.82.191:39354 connected to CoralMUD!
 INFO LOG: Apr_30_04:03: -- 99.191.82.191:39354: Retnur is trying to connect.
 INFO LOG: Apr_30_04:03: -- 99.191.82.191:39354: Retnur player file found.
 INFO LOG: Apr_30_04:03: -- Retnur has entered the game.
 INFO LOG: Apr_30_04:05: tick!!!
 INFO LOG: Apr_30_04:07: tick!!!
 INFO LOG: Apr_30_04:09: tick!!!
 INFO LOG: Apr_30_04:11: tick!!!
 INFO LOG: Apr_30_04:13: tick!!!
 INFO LOG: Apr_30_04:15: tick!!!
 INFO LOG: Apr_30_04:17: tick!!!
 INFO LOG: Apr_30_04:19: tick!!!
 INFO LOG: Apr_30_04:21: tick!!!
 INFO LOG: Apr_30_04:23: tick!!!
 INFO LOG: Apr_30_04:25: tick!!!
 INFO LOG: Apr_30_04:27: tick!!!
 INFO LOG: Apr_30_04:29: tick!!!
 INFO LOG: Apr_30_04:31: tick!!!
 INFO LOG: Apr_30_04:33: tick!!!
 INFO LOG: Apr_30_04:35: tick!!!
 INFO LOG: Apr_30_04:37: tick!!!
 INFO LOG: Apr_30_04:39: tick!!!
 INFO LOG: Apr_30_04:41: tick!!!
 INFO LOG: Apr_30_04:43: tick!!!
 INFO LOG: Apr_30_04:45: tick!!!
 INFO LOG: Apr_30_04:47: tick!!!
 INFO LOG: Apr_30_04:49: tick!!!
 INFO LOG: Apr_30_04:51: tick!!!
 INFO LOG: Apr_30_04:53: tick!!!
 INFO LOG: Apr_30_04:55: tick!!!
 INFO LOG: Apr_30_04:57: tick!!!
 INFO LOG: Apr_30_04:59: tick!!!
 INFO LOG: Apr_30_05:01: tick!!!
 INFO LOG: Apr_30_05:03: tick!!!
 INFO LOG: Apr_30_05:05: tick!!!
 INFO LOG: Apr_30_05:07: tick!!!
 INFO LOG: Apr_30_05:09: tick!!!
 INFO LOG: Apr_30_05:11: tick!!!
 INFO LOG: Apr_30_05:13: tick!!!
 INFO LOG: Apr_30_05:15: tick!!!
 INFO LOG: Apr_30_05:17: tick!!!
 INFO LOG: Apr_30_05:19: tick!!!
 INFO LOG: Apr_30_05:21: tick!!!
 INFO LOG: Apr_30_05:23: tick!!!
 INFO LOG: Apr_30_05:25: tick!!!
 INFO LOG: Apr_30_05:27: tick!!!
 INFO LOG: Apr_30_05:29: tick!!!
 INFO LOG: Apr_30_05:31: tick!!!
 INFO LOG: Apr_30_05:33: tick!!!
 INFO LOG: Apr_30_05:35: tick!!!
 INFO LOG: Apr_30_05:37: tick!!!
 INFO LOG: Apr_30_05:39: tick!!!
 INFO LOG: Apr_30_05:41: tick!!!
 INFO LOG: Apr_30_05:43: tick!!!
 INFO LOG: Apr_30_05:45: tick!!!
 INFO LOG: Apr_30_05:47: tick!!!
 INFO LOG: Apr_30_05:49: tick!!!
 INFO LOG: Apr_30_05:51: tick!!!
 INFO LOG: Apr_30_05:53: tick!!!
 INFO LOG: Apr_30_05:55: tick!!!
 INFO LOG: Apr_30_05:57: tick!!!
 INFO LOG: Apr_30_05:59: tick!!!
 INFO LOG: Apr_30_06:01: tick!!!
 INFO LOG: Apr_30_06:03: tick!!!
 INFO LOG: Apr_30_06:05: tick!!!
 INFO LOG: Apr_30_06:07: tick!!!
 INFO LOG: Apr_30_06:09: tick!!!
 INFO LOG: Apr_30_06:11: tick!!!
 INFO LOG: Apr_30_06:13: tick!!!
 INFO LOG: Apr_30_06:15: tick!!!
 INFO LOG: Apr_30_06:17: tick!!!
 INFO LOG: Apr_30_06:19: tick!!!
