 INFO LOG: Apr__9_23: Logging enabled.   Loading logs.rb.
 INFO LOG: Apr__9_23: Loading utils.rb
 INFO LOG: Apr__9_23: Loading constants.rb
 INFO LOG: Apr__9_23: Loading class_property.rb
 INFO LOG: Apr__9_23: Loading tags.rb
 INFO LOG: Apr__9_23: Logging enabled.   Loading logs.rb.
 INFO LOG: Apr__9_23: Loading utils.rb
 INFO LOG: Apr__9_23: Loading constants.rb
 INFO LOG: Apr__9_23: Loading class_property.rb
 INFO LOG: Apr__9_23: Loading tags.rb
 INFO LOG: Apr__9_23: Logging enabled.   Loading logs.rb.
 INFO LOG: Apr__9_23: Loading utils.rb
 INFO LOG: Apr__9_23: Loading constants.rb
 INFO LOG: Apr__9_23: Loading class_property.rb
 INFO LOG: Apr__9_23: Loading tags.rb
 INFO LOG: Apr__9_23: Logging enabled.   Loading logs.rb.
 INFO LOG: Apr__9_23: Loading utils.rb
 INFO LOG: Apr__9_23: Loading constants.rb
 INFO LOG: Apr__9_23: Loading class_property.rb
 INFO LOG: Apr__9_23: Loading tags.rb
 INFO LOG: Apr__9_23: Logging enabled.   Loading logs.rb.
 INFO LOG: Apr__9_23: Loading utils.rb
 INFO LOG: Apr__9_23: Loading constants.rb
 INFO LOG: Apr__9_23: Loading class_property.rb
 INFO LOG: Apr__9_23: Loading tags.rb
 INFO LOG: Apr__9_23: Loading editor/editors.rb
 INFO LOG: Apr__9_23: Loading editor/editor.strings.rb
 INFO LOG: Apr__9_23: Loading editor/editor.rooms.rb
 INFO LOG: Apr__9_23: Loading editor/editor.exits.rb
 INFO LOG: Apr__9_23: Loading mxp.rb
 INFO LOG: Apr__9_23: Loading mccp.rb
 INFO LOG: Apr__9_23: Loading flags.rb
 INFO LOG: Apr__9_23: Loading damage.rb
 INFO LOG: Apr__9_23: Loading event.rb
 INFO LOG: Apr__9_23: Loading automap/automap.rb
 INFO LOG: Apr__9_23: Loading cities.olc.rb
 INFO LOG: Apr__9_23: Loading cities.rb
 INFO LOG: Apr__9_23: Loading help.rb
 INFO LOG: Apr__9_23: Loading imcruby.rb
 INFO LOG: Apr__9_23: Loading player.rb
 INFO LOG: Apr__9_23: Loading player.commands.rb
 INFO LOG: Apr__9_23: Loading random.rb
 INFO LOG: Apr__9_23: Loading spells.rb
 INFO LOG: Apr__9_23: Starting server.
 INFO LOG: Apr__9_23: CoralMUD is now up on port 4000.
 INFO LOG: Apr__9_23: tick!!!
 INFO LOG: Apr__9_23: tick!!!
 INFO LOG: Apr__9_23: tick!!!
 INFO LOG: Apr__9_23: tick!!!
 INFO LOG: Apr__9_23: Loading tags.rb
 INFO LOG: Apr__9_23: Loading tags.rb
 INFO LOG: Apr__9_23: tick!!!
 INFO LOG: Apr__9_23: Loading tags.rb
 INFO LOG: Apr__9_23: tick!!!
 INFO LOG: Apr_10_00: tick!!!
 INFO LOG: Apr_10_00: tick!!!
 INFO LOG: Apr_10_00: tick!!!
 INFO LOG: Apr_10_00: tick!!!
 INFO LOG: Apr_10_00: tick!!!
 INFO LOG: Apr_10_00: tick!!!
 INFO LOG: Apr_10_00: tick!!!
 INFO LOG: Apr_10_00: tick!!!
 INFO LOG: Apr_10_00: Loading tags.rb
