 INFO LOG: Apr_24_15:01: Logging enabled.   Loading logs.rb.
 INFO LOG: Apr_24_15:01: Loading facade.rb
 INFO LOG: Apr_24_15:01: Loading utils.rb
 INFO LOG: Apr_24_15:01: Loading constants.rb
 INFO LOG: Apr_24_15:01: Loading class_property.rb
 INFO LOG: Apr_24_15:01: Loading scripts.rb
 INFO LOG: Apr_24_15:01: Loading tags.rb
 INFO LOG: Apr_24_15:01: Loading editor/editors.rb
 INFO LOG: Apr_24_15:01: Loading editor/editor.strings.rb
 INFO LOG: Apr_24_15:01: Loading editor/editor.rooms.rb
 INFO LOG: Apr_24_15:01: Loading editor/editor.exits.rb
 INFO LOG: Apr_24_15:01: Loading editor/editor.zones.rb
 INFO LOG: Apr_24_15:01: Loading editor/editor.npc.rb
 INFO LOG: Apr_24_15:01: Loading editor/editor.items.rb
 INFO LOG: Apr_24_15:01: Loading mxp.rb
 INFO LOG: Apr_24_15:01: Loading mccp.rb
 INFO LOG: Apr_24_15:01: Loading flags.rb
 INFO LOG: Apr_24_15:01: Loading damage.rb
 INFO LOG: Apr_24_15:01: Loading areas.rb
 INFO LOG: Apr_24_15:01: Loading event.rb
 INFO LOG: Apr_24_15:01: Loading automap/automap.rb
 INFO LOG: Apr_24_15:01: Loading cities.olc.rb
 INFO LOG: Apr_24_15:01: Loading cities.rb
 INFO LOG: Apr_24_15:01: Loading sector definitions.
 INFO LOG: Apr_24_15:01: Loading help.rb
 INFO LOG: Apr_24_15:01: Loading imcruby.rb
 INFO LOG: Apr_24_15:01: Loading player.rb
 INFO LOG: Apr_24_15:01: Loading commands.rb
 INFO LOG: Apr_24_15:01: Loading random.rb
 INFO LOG: Apr_24_15:01: Loading npc.rb
 INFO LOG: Apr_24_15:01: Loading items.rb
 INFO LOG: Apr_24_15:01: Loading spells.rb
 INFO LOG: Apr_24_15:01: Loading all zones.
 INFO LOG: Apr_24_15:01: Starting server.
 INFO LOG: Apr_24_15:01: CoralMUD is now up on port 4000.
 INFO LOG: Apr_24_15:01: -- 99.191.82.191:45018 connected to CoralMUD!
 INFO LOG: Apr_24_15:01: -- 99.191.82.191:45018: Retnur is trying to connect.
 INFO LOG: Apr_24_15:01: -- 99.191.82.191:45018: Retnur player file found.
 INFO LOG: Apr_24_15:01: -- Retnur has entered the game.
 INFO LOG: Apr_24_15:03: tick!!!
 INFO LOG: Apr_24_15:05: -- #<Player:0x00000001f08128>:99.191.82.191:45018 disconnected from CoralMUD!
 INFO LOG: Apr_24_15:05: Logging enabled.   Loading logs.rb.
 INFO LOG: Apr_24_15:05: Loading facade.rb
 INFO LOG: Apr_24_15:05: Loading utils.rb
 INFO LOG: Apr_24_15:05: Loading constants.rb
 INFO LOG: Apr_24_15:05: Loading class_property.rb
 INFO LOG: Apr_24_15:05: Loading scripts.rb
 INFO LOG: Apr_24_15:05: Loading tags.rb
 INFO LOG: Apr_24_15:05: Loading editor/editors.rb
 INFO LOG: Apr_24_15:05: Loading editor/editor.strings.rb
 INFO LOG: Apr_24_15:05: Loading editor/editor.rooms.rb
 INFO LOG: Apr_24_15:05: Loading editor/editor.exits.rb
 INFO LOG: Apr_24_15:05: Loading editor/editor.zones.rb
 INFO LOG: Apr_24_15:05: Loading editor/editor.npc.rb
 INFO LOG: Apr_24_15:05: Loading editor/editor.items.rb
 INFO LOG: Apr_24_15:05: Loading mxp.rb
 INFO LOG: Apr_24_15:05: Loading mccp.rb
 INFO LOG: Apr_24_15:05: Loading flags.rb
 INFO LOG: Apr_24_15:05: Loading damage.rb
 INFO LOG: Apr_24_15:05: Loading areas.rb
 INFO LOG: Apr_24_15:05: Loading event.rb
 INFO LOG: Apr_24_15:05: Loading automap/automap.rb
 INFO LOG: Apr_24_15:05: Loading cities.olc.rb
 INFO LOG: Apr_24_15:05: Loading cities.rb
 INFO LOG: Apr_24_15:05: Loading sector definitions.
 INFO LOG: Apr_24_15:05: Loading help.rb
 INFO LOG: Apr_24_15:05: Loading imcruby.rb
 INFO LOG: Apr_24_15:05: Loading player.rb
 INFO LOG: Apr_24_15:05: Loading commands.rb
 INFO LOG: Apr_24_15:05: Loading random.rb
 INFO LOG: Apr_24_15:05: Loading npc.rb
 INFO LOG: Apr_24_15:05: Loading items.rb
 INFO LOG: Apr_24_15:05: Loading spells.rb
 INFO LOG: Apr_24_15:05: Loading all zones.
 INFO LOG: Apr_24_15:05: Starting server.
 INFO LOG: Apr_24_15:05: CoralMUD is now up on port 4000.
 INFO LOG: Apr_24_15:05: -- 99.191.82.191:34459 connected to CoralMUD!
 INFO LOG: Apr_24_15:05: -- 99.191.82.191:34459: Retnur is trying to connect.
 INFO LOG: Apr_24_15:05: -- 99.191.82.191:34459: Retnur player file found.
 INFO LOG: Apr_24_15:05: -- Retnur has entered the game.
 INFO LOG: Apr_24_15:05: Loading commands.rb
 INFO LOG: Apr_24_15:06: Loading commands.rb
ERROR LOG: undefined local variable or method `poop' for #<Player:0x0000000124cd58>
ERROR LOG: /home/heath/coral/lib/scripts.rb:15:in `eval'
ERROR LOG: /home/heath/coral/lib/scripts.rb:15:in `eval'
ERROR LOG: /home/heath/coral/lib/scripts.rb:15:in `block in run'
 INFO LOG: Apr_24_15:07: tick!!!
 INFO LOG: Apr_24_15:09: -- #<Player:0x0000000124cd58>:99.191.82.191:34459 disconnected from CoralMUD!
 INFO LOG: Apr_24_15:09: Program closed.
 INFO LOG: Apr_24_15:09: Logging enabled.   Loading logs.rb.
 INFO LOG: Apr_24_15:09: Loading facade.rb
 INFO LOG: Apr_24_15:09: Loading utils.rb
 INFO LOG: Apr_24_15:09: Loading constants.rb
 INFO LOG: Apr_24_15:09: Loading class_property.rb
 INFO LOG: Apr_24_15:09: Loading scripts.rb
 INFO LOG: Apr_24_15:09: Loading tags.rb
 INFO LOG: Apr_24_15:09: Loading editor/editors.rb
 INFO LOG: Apr_24_15:09: Loading editor/editor.strings.rb
 INFO LOG: Apr_24_15:09: Loading editor/editor.rooms.rb
 INFO LOG: Apr_24_15:09: Loading editor/editor.exits.rb
 INFO LOG: Apr_24_15:09: Loading editor/editor.zones.rb
 INFO LOG: Apr_24_15:09: Loading editor/editor.npc.rb
 INFO LOG: Apr_24_15:09: Loading editor/editor.items.rb
 INFO LOG: Apr_24_15:09: Loading mxp.rb
 INFO LOG: Apr_24_15:09: Loading mccp.rb
 INFO LOG: Apr_24_15:09: Loading flags.rb
 INFO LOG: Apr_24_15:09: Loading damage.rb
 INFO LOG: Apr_24_15:09: Loading areas.rb
 INFO LOG: Apr_24_15:09: Loading event.rb
 INFO LOG: Apr_24_15:09: Loading automap/automap.rb
 INFO LOG: Apr_24_15:09: Loading cities.olc.rb
 INFO LOG: Apr_24_15:09: Loading cities.rb
 INFO LOG: Apr_24_15:09: Loading sector definitions.
 INFO LOG: Apr_24_15:09: Loading help.rb
 INFO LOG: Apr_24_15:09: Loading imcruby.rb
 INFO LOG: Apr_24_15:09: Loading player.rb
 INFO LOG: Apr_24_15:09: Loading commands.rb
 INFO LOG: Apr_24_15:09: Loading random.rb
 INFO LOG: Apr_24_15:09: Loading npc.rb
 INFO LOG: Apr_24_15:09: Loading items.rb
 INFO LOG: Apr_24_15:09: Loading spells.rb
 INFO LOG: Apr_24_15:09: Loading all zones.
 INFO LOG: Apr_24_15:09: Starting server.
 INFO LOG: Apr_24_15:09: CoralMUD is now up on port 4000.
 INFO LOG: Apr_24_15:09: -- 99.191.82.191:39267 connected to CoralMUD!
 INFO LOG: Apr_24_15:09: -- 99.191.82.191:39267: Retnur is trying to connect.
 INFO LOG: Apr_24_15:09: -- 99.191.82.191:39267: Retnur player file found.
 INFO LOG: Apr_24_15:09: -- Retnur has entered the game.
 INFO LOG: Apr_24_15:11: tick!!!
 INFO LOG: Apr_24_15:12: Script failed.
 INFO LOG: undefined local variable or method `poop' for #<Player:0x000000029eb2c0>
 INFO LOG: /home/heath/coral/lib/scripts.rb:15:in `eval'
 INFO LOG: /home/heath/coral/lib/scripts.rb:15:in `eval'
 INFO LOG: /home/heath/coral/lib/scripts.rb:15:in `block in run'
 INFO LOG: Apr_24_15:13: tick!!!
 INFO LOG: Apr_24_15:14: -- #<Player:0x000000029eb2c0>:99.191.82.191:39267 disconnected from CoralMUD!
 INFO LOG: Apr_24_15:14: Logging enabled.   Loading logs.rb.
 INFO LOG: Apr_24_15:14: Loading facade.rb
 INFO LOG: Apr_24_15:14: Loading utils.rb
 INFO LOG: Apr_24_15:14: Loading constants.rb
 INFO LOG: Apr_24_15:14: Loading class_property.rb
 INFO LOG: Apr_24_15:14: Loading scripts.rb
 INFO LOG: Apr_24_15:14: Loading tags.rb
 INFO LOG: Apr_24_15:14: Loading editor/editors.rb
 INFO LOG: Apr_24_15:14: Loading editor/editor.strings.rb
 INFO LOG: Apr_24_15:14: Loading editor/editor.rooms.rb
 INFO LOG: Apr_24_15:14: Loading editor/editor.exits.rb
 INFO LOG: Apr_24_15:14: Loading editor/editor.zones.rb
 INFO LOG: Apr_24_15:14: Loading editor/editor.npc.rb
 INFO LOG: Apr_24_15:14: Loading editor/editor.items.rb
 INFO LOG: Apr_24_15:14: Loading mxp.rb
 INFO LOG: Apr_24_15:14: Loading mccp.rb
 INFO LOG: Apr_24_15:14: Loading flags.rb
 INFO LOG: Apr_24_15:14: Loading damage.rb
 INFO LOG: Apr_24_15:14: Loading areas.rb
 INFO LOG: Apr_24_15:14: Loading event.rb
 INFO LOG: Apr_24_15:14: Loading automap/automap.rb
 INFO LOG: Apr_24_15:14: Loading cities.olc.rb
 INFO LOG: Apr_24_15:14: Loading cities.rb
 INFO LOG: Apr_24_15:14: Loading sector definitions.
 INFO LOG: Apr_24_15:14: Loading help.rb
 INFO LOG: Apr_24_15:14: Loading imcruby.rb
 INFO LOG: Apr_24_15:14: Loading player.rb
 INFO LOG: Apr_24_15:14: Loading commands.rb
 INFO LOG: Apr_24_15:14: Loading random.rb
 INFO LOG: Apr_24_15:14: Loading npc.rb
 INFO LOG: Apr_24_15:14: Loading items.rb
 INFO LOG: Apr_24_15:14: Loading spells.rb
 INFO LOG: Apr_24_15:14: Loading all zones.
 INFO LOG: Apr_24_15:14: Starting server.
 INFO LOG: Apr_24_15:14: CoralMUD is now up on port 4000.
 INFO LOG: Apr_24_15:14: -- 99.191.82.191:35448 connected to CoralMUD!
 INFO LOG: Apr_24_15:14: -- 99.191.82.191:35448: Retnur is trying to connect.
 INFO LOG: Apr_24_15:14: -- 99.191.82.191:35448: Retnur player file found.
 INFO LOG: Apr_24_15:14: -- Retnur has entered the game.
 INFO LOG: Apr_24_15:14: Script failed.
 INFO LOG: undefined local variable or method `poop' for #<Player:0x000000023aa550>
 INFO LOG: /home/heath/coral/lib/scripts.rb:15:in `eval'
 INFO LOG: /home/heath/coral/lib/scripts.rb:15:in `eval'
 INFO LOG: /home/heath/coral/lib/scripts.rb:15:in `block in run'
 INFO LOG: Apr_24_15:16: tick!!!
 INFO LOG: Apr_24_15:18: tick!!!
 INFO LOG: Apr_24_15:20: tick!!!
 INFO LOG: Apr_24_15:22: tick!!!
 INFO LOG: Apr_24_15:22: Loading player.rb
 INFO LOG: Apr_24_15:23: -- #<Player:0x000000023aa550>:99.191.82.191:35448 disconnected from CoralMUD!
 INFO LOG: Apr_24_15:23: Program closed.
 INFO LOG: Apr_24_15:25: Logging enabled.   Loading logs.rb.
 INFO LOG: Apr_24_15:25: Loading facade.rb
 INFO LOG: Apr_24_15:25: Loading utils.rb
 INFO LOG: Apr_24_15:25: Loading constants.rb
 INFO LOG: Apr_24_15:25: Loading class_property.rb
 INFO LOG: Apr_24_15:25: Loading scripts.rb
 INFO LOG: Apr_24_15:25: Loading tags.rb
 INFO LOG: Apr_24_15:25: Loading editor/editors.rb
 INFO LOG: Apr_24_15:25: Loading editor/editor.strings.rb
 INFO LOG: Apr_24_15:25: Loading editor/editor.rooms.rb
 INFO LOG: Apr_24_15:25: Loading editor/editor.exits.rb
 INFO LOG: Apr_24_15:25: Loading editor/editor.zones.rb
 INFO LOG: Apr_24_15:25: Loading editor/editor.npc.rb
 INFO LOG: Apr_24_15:25: Loading editor/editor.items.rb
 INFO LOG: Apr_24_15:25: Loading mxp.rb
 INFO LOG: Apr_24_15:25: Loading mccp.rb
 INFO LOG: Apr_24_15:25: Loading flags.rb
 INFO LOG: Apr_24_15:25: Loading damage.rb
 INFO LOG: Apr_24_15:25: Loading areas.rb
 INFO LOG: Apr_24_15:25: Loading event.rb
 INFO LOG: Apr_24_15:25: Loading automap/automap.rb
 INFO LOG: Apr_24_15:25: Loading cities.olc.rb
 INFO LOG: Apr_24_15:25: Loading cities.rb
 INFO LOG: Apr_24_15:25: Loading sector definitions.
 INFO LOG: Apr_24_15:25: Loading help.rb
 INFO LOG: Apr_24_15:25: Loading imcruby.rb
 INFO LOG: Apr_24_15:25: Loading player.rb
 INFO LOG: Apr_24_15:25: Loading commands.rb
 INFO LOG: Apr_24_15:25: Loading random.rb
 INFO LOG: Apr_24_15:25: Loading npc.rb
 INFO LOG: Apr_24_15:25: Loading items.rb
 INFO LOG: Apr_24_15:25: Loading spells.rb
 INFO LOG: Apr_24_15:25: Loading all zones.
 INFO LOG: Apr_24_15:25: Starting server.
 INFO LOG: Apr_24_15:25: CoralMUD is now up on port 4000.
 INFO LOG: Apr_24_15:25: -- 99.191.82.191:57694 connected to CoralMUD!
 INFO LOG: Apr_24_15:25: -- 99.191.82.191:57694: Retnur is trying to connect.
 INFO LOG: Apr_24_15:25: -- 99.191.82.191:57694: Retnur player file found.
 INFO LOG: Apr_24_15:25: -- Retnur has entered the game.
 INFO LOG: Apr_24_15:26: Script failed.
 INFO LOG: (eval):1: syntax error, unexpected keyword_do_block
do("look")
  ^
 INFO LOG: /home/heath/coral/lib/scripts.rb:15:in `eval'
 INFO LOG: /home/heath/coral/lib/scripts.rb:15:in `block in run'
 INFO LOG: Apr_24_15:27: Loading player.rb
 INFO LOG: Apr_24_15:27: -- #<Player:0x00000001c992c0>:99.191.82.191:57694 disconnected from CoralMUD!
 INFO LOG: Apr_24_15:27: Logging enabled.   Loading logs.rb.
 INFO LOG: Apr_24_15:27: Loading facade.rb
 INFO LOG: Apr_24_15:27: Loading utils.rb
 INFO LOG: Apr_24_15:27: Loading constants.rb
 INFO LOG: Apr_24_15:27: Loading class_property.rb
 INFO LOG: Apr_24_15:27: Loading scripts.rb
 INFO LOG: Apr_24_15:27: Loading tags.rb
 INFO LOG: Apr_24_15:27: Loading editor/editors.rb
 INFO LOG: Apr_24_15:27: Loading editor/editor.strings.rb
 INFO LOG: Apr_24_15:27: Loading editor/editor.rooms.rb
 INFO LOG: Apr_24_15:27: Loading editor/editor.exits.rb
 INFO LOG: Apr_24_15:27: Loading editor/editor.zones.rb
 INFO LOG: Apr_24_15:27: Loading editor/editor.npc.rb
 INFO LOG: Apr_24_15:27: Loading editor/editor.items.rb
 INFO LOG: Apr_24_15:27: Loading mxp.rb
 INFO LOG: Apr_24_15:27: Loading mccp.rb
 INFO LOG: Apr_24_15:27: Loading flags.rb
 INFO LOG: Apr_24_15:27: Loading damage.rb
 INFO LOG: Apr_24_15:27: Loading areas.rb
 INFO LOG: Apr_24_15:27: Loading event.rb
 INFO LOG: Apr_24_15:27: Loading automap/automap.rb
 INFO LOG: Apr_24_15:27: Loading cities.olc.rb
 INFO LOG: Apr_24_15:27: Loading cities.rb
 INFO LOG: Apr_24_15:27: Loading sector definitions.
 INFO LOG: Apr_24_15:27: Loading help.rb
 INFO LOG: Apr_24_15:27: Loading imcruby.rb
 INFO LOG: Apr_24_15:27: Loading player.rb
 INFO LOG: Apr_24_15:27: Loading commands.rb
 INFO LOG: Apr_24_15:27: Loading random.rb
 INFO LOG: Apr_24_15:27: Loading npc.rb
 INFO LOG: Apr_24_15:27: Loading items.rb
 INFO LOG: Apr_24_15:27: Loading spells.rb
 INFO LOG: Apr_24_15:27: Loading all zones.
 INFO LOG: Apr_24_15:27: Starting server.
 INFO LOG: Apr_24_15:27: CoralMUD is now up on port 4000.
 INFO LOG: Apr_24_15:27: -- 99.191.82.191:47602 connected to CoralMUD!
 INFO LOG: Apr_24_15:27: -- 99.191.82.191:47602: Retnur is trying to connect.
 INFO LOG: Apr_24_15:27: -- 99.191.82.191:47602: Retnur player file found.
 INFO LOG: Apr_24_15:27: -- Retnur has entered the game.
 INFO LOG: Apr_24_15:27: Script failed.
 INFO LOG: (eval):1: syntax error, unexpected keyword_do_block
do("look")
  ^
 INFO LOG: /home/heath/coral/lib/scripts.rb:15:in `eval'
 INFO LOG: /home/heath/coral/lib/scripts.rb:15:in `block in run'
 INFO LOG: Apr_24_15:29: tick!!!
 INFO LOG: Apr_24_15:31: tick!!!
 INFO LOG: Apr_24_15:33: tick!!!
 INFO LOG: Apr_24_15:35: tick!!!
 INFO LOG: Apr_24_15:37: tick!!!
 INFO LOG: Apr_24_15:39: tick!!!
 INFO LOG: Apr_24_15:41: tick!!!
 INFO LOG: Apr_24_15:42: Loading player.rb
 INFO LOG: Apr_24_15:42: -- #<Player:0x00000002a4a130>:99.191.82.191:47602 disconnected from CoralMUD!
 INFO LOG: Apr_24_15:42: Program closed.
