 INFO LOG: Apr_19_13:3: Logging enabled.   Loading logs.rb.
 INFO LOG: Apr_19_13:3: Loading facade.rb
 INFO LOG: Apr_19_13:3: Loading utils.rb
 INFO LOG: Apr_19_13:3: Loading constants.rb
 INFO LOG: Apr_19_13:3: Loading class_property.rb
 INFO LOG: Apr_19_13:3: Loading tags.rb
 INFO LOG: Apr_19_13:3: Loading editor/editors.rb
 INFO LOG: Apr_19_13:3: Loading editor/editor.strings.rb
 INFO LOG: Apr_19_13:3: Loading editor/editor.rooms.rb
 INFO LOG: Apr_19_13:3: Loading editor/editor.exits.rb
 INFO LOG: Apr_19_13:3: Loading editor/editor.zones.rb
 INFO LOG: Apr_19_13:3: Loading editor/editor.npc.rb
 INFO LOG: Apr_19_13:3: Loading editor/editor.items.rb
 INFO LOG: Apr_19_13:3: Loading mxp.rb
 INFO LOG: Apr_19_13:3: Loading mccp.rb
 INFO LOG: Apr_19_13:3: Loading flags.rb
 INFO LOG: Apr_19_13:3: Loading damage.rb
 INFO LOG: Apr_19_13:3: Loading areas.rb
 INFO LOG: Apr_19_13:3: Loading event.rb
 INFO LOG: Apr_19_13:3: Loading automap/automap.rb
 INFO LOG: Apr_19_13:3: Loading cities.olc.rb
 INFO LOG: Apr_19_13:3: Loading cities.rb
 INFO LOG: Apr_19_13:3: Loading sector definitions.
 INFO LOG: Apr_19_13:3: Loading help.rb
 INFO LOG: Apr_19_13:3: Loading imcruby.rb
 INFO LOG: Apr_19_13:3: Loading player.rb
 INFO LOG: Apr_19_13:3: Loading commands.rb
 INFO LOG: Apr_19_13:3: Loading random.rb
 INFO LOG: Apr_19_13:3: Loading npc.rb
 INFO LOG: Apr_19_13:3: Loading items.rb
 INFO LOG: Apr_19_13:3: Loading spells.rb
 INFO LOG: Apr_19_13:3: Loading all zones.
 INFO LOG: Apr_19_13:3: Starting server.
 INFO LOG: Apr_19_13:3: CoralMUD is now up on port 4000.
 INFO LOG: Apr_19_13:3: -- 99.191.82.191:52032 connected to CoralMUD!
 INFO LOG: Apr_19_13:3: -- 99.191.82.191:52032: Retnur is trying to connect.
 INFO LOG: Apr_19_13:3: -- 99.191.82.191:52032: Retnur player file found.
 INFO LOG: Apr_19_13:3: -- Retnur has entered the game.
 INFO LOG: Apr_19_13:3: tick!!!
 INFO LOG: Apr_19_13:4: tick!!!
 INFO LOG: Apr_19_13:4: tick!!!
 INFO LOG: Apr_19_13:4: tick!!!
 INFO LOG: Apr_19_13:4: tick!!!
 INFO LOG: Apr_19_13:4: tick!!!
 INFO LOG: Apr_19_13:5: tick!!!
 INFO LOG: Apr_19_13:5: tick!!!
 INFO LOG: Apr_19_13:5: tick!!!
 INFO LOG: Apr_19_13:5: tick!!!
 INFO LOG: Apr_19_13:5: tick!!!
 INFO LOG: Apr_19_14:0: tick!!!
 INFO LOG: Apr_19_14:0: tick!!!
 INFO LOG: Apr_19_14:0: tick!!!
 INFO LOG: Apr_19_14:0: tick!!!
 INFO LOG: Apr_19_14:0: tick!!!
 INFO LOG: Apr_19_14:1: tick!!!
 INFO LOG: Apr_19_14:1: tick!!!
 INFO LOG: Apr_19_14:1: tick!!!
 INFO LOG: Apr_19_14:1: tick!!!
 INFO LOG: Apr_19_14:1: tick!!!
 INFO LOG: Apr_19_14:2: tick!!!
 INFO LOG: Apr_19_14:2: tick!!!
 INFO LOG: Apr_19_14:2: tick!!!
 INFO LOG: Apr_19_14:2: tick!!!
 INFO LOG: Apr_19_14:2: tick!!!
 INFO LOG: Apr_19_14:3: tick!!!
 INFO LOG: Apr_19_14:3: tick!!!
 INFO LOG: Apr_19_14:3: tick!!!
 INFO LOG: Apr_19_14:3: tick!!!
 INFO LOG: Apr_19_14:3: tick!!!
 INFO LOG: Apr_19_14:4: tick!!!
 INFO LOG: Apr_19_14:4: tick!!!
 INFO LOG: Apr_19_14:4: tick!!!
 INFO LOG: Apr_19_14:4: tick!!!
 INFO LOG: Apr_19_14:4: tick!!!
 INFO LOG: Apr_19_14:5: tick!!!
 INFO LOG: Apr_19_14:5: tick!!!
 INFO LOG: Apr_19_14:5: tick!!!
 INFO LOG: Apr_19_14:5: tick!!!
 INFO LOG: Apr_19_14:5: tick!!!
 INFO LOG: Apr_19_15:0: tick!!!
 INFO LOG: Apr_19_15:0: tick!!!
 INFO LOG: Apr_19_15:0: tick!!!
 INFO LOG: Apr_19_15:0: tick!!!
 INFO LOG: Apr_19_15:0: tick!!!
 INFO LOG: Apr_19_15:1: tick!!!
 INFO LOG: Apr_19_15:1: tick!!!
 INFO LOG: Apr_19_15:1: tick!!!
 INFO LOG: Apr_19_15:1: tick!!!
 INFO LOG: Apr_19_15:1: tick!!!
 INFO LOG: Apr_19_15:2: tick!!!
 INFO LOG: Apr_19_15:2: tick!!!
 INFO LOG: Apr_19_15:2: tick!!!
 INFO LOG: Apr_19_15:2: tick!!!
 INFO LOG: Apr_19_15:2: tick!!!
 INFO LOG: Apr_19_15:3: tick!!!
 INFO LOG: Apr_19_15:3: tick!!!
 INFO LOG: Apr_19_15:3: tick!!!
 INFO LOG: Apr_19_15:3: tick!!!
 INFO LOG: Apr_19_15:3: tick!!!
 INFO LOG: Apr_19_15:4: tick!!!
 INFO LOG: Apr_19_15:4: tick!!!
 INFO LOG: Apr_19_15:4: tick!!!
 INFO LOG: Apr_19_15:4: tick!!!
 INFO LOG: Apr_19_15:4: tick!!!
 INFO LOG: Apr_19_15:5: tick!!!
 INFO LOG: Apr_19_15:5: tick!!!
 INFO LOG: Apr_19_15:5: tick!!!
 INFO LOG: Apr_19_15:5: tick!!!
 INFO LOG: Apr_19_15:5: tick!!!
 INFO LOG: Apr_19_16:0: tick!!!
 INFO LOG: Apr_19_16:0: tick!!!
 INFO LOG: Apr_19_16:0: tick!!!
 INFO LOG: Apr_19_16:0: tick!!!
 INFO LOG: Apr_19_16:0: tick!!!
 INFO LOG: Apr_19_16:1: tick!!!
 INFO LOG: Apr_19_16:1: tick!!!
 INFO LOG: Apr_19_16:1: tick!!!
 INFO LOG: Apr_19_16:1: tick!!!
 INFO LOG: Apr_19_16:1: tick!!!
 INFO LOG: Apr_19_16:2: tick!!!
 INFO LOG: Apr_19_16:2: tick!!!
 INFO LOG: Apr_19_16:2: tick!!!
 INFO LOG: Apr_19_16:2: tick!!!
 INFO LOG: Apr_19_16:2: tick!!!
 INFO LOG: Apr_19_16:3: tick!!!
 INFO LOG: Apr_19_16:3: tick!!!
 INFO LOG: Apr_19_16:3: tick!!!
 INFO LOG: Apr_19_16:3: tick!!!
 INFO LOG: Apr_19_16:3: tick!!!
 INFO LOG: Apr_19_16:4: tick!!!
 INFO LOG: Apr_19_16:4: tick!!!
 INFO LOG: Apr_19_16:4: tick!!!
 INFO LOG: Apr_19_16:4: tick!!!
 INFO LOG: Apr_19_16:4: tick!!!
 INFO LOG: Apr_19_16:5: tick!!!
 INFO LOG: Apr_19_16:5: tick!!!
 INFO LOG: Apr_19_16:5: tick!!!
 INFO LOG: Apr_19_16:5: tick!!!
 INFO LOG: Apr_19_16:5: tick!!!
 INFO LOG: Apr_19_17:0: tick!!!
 INFO LOG: Apr_19_17:0: tick!!!
 INFO LOG: Apr_19_17:0: tick!!!
 INFO LOG: Apr_19_17:0: tick!!!
 INFO LOG: Apr_19_17:0: tick!!!
 INFO LOG: Apr_19_17:1: tick!!!
 INFO LOG: Apr_19_17:1: tick!!!
 INFO LOG: Apr_19_17:1: tick!!!
 INFO LOG: Apr_19_17:1: tick!!!
 INFO LOG: Apr_19_17:1: tick!!!
 INFO LOG: Apr_19_17:2: tick!!!
 INFO LOG: Apr_19_17:2: tick!!!
 INFO LOG: Apr_19_17:2: tick!!!
 INFO LOG: Apr_19_17:2: tick!!!
 INFO LOG: Apr_19_17:2: tick!!!
 INFO LOG: Apr_19_17:3: tick!!!
 INFO LOG: Apr_19_17:3: tick!!!
 INFO LOG: Apr_19_17:3: tick!!!
 INFO LOG: Apr_19_17:3: tick!!!
 INFO LOG: Apr_19_17:3: tick!!!
 INFO LOG: Apr_19_17:4: tick!!!
 INFO LOG: Apr_19_17:4: tick!!!
 INFO LOG: Apr_19_17:4: tick!!!
 INFO LOG: Apr_19_17:4: tick!!!
 INFO LOG: Apr_19_17:4: tick!!!
 INFO LOG: Apr_19_17:5: tick!!!
 INFO LOG: Apr_19_17:5: tick!!!
 INFO LOG: Apr_19_17:5: tick!!!
 INFO LOG: Apr_19_17:5: tick!!!
 INFO LOG: Apr_19_17:5: tick!!!
 INFO LOG: Apr_19_18:0: tick!!!
 INFO LOG: Apr_19_18:0: tick!!!
 INFO LOG: Apr_19_18:0: tick!!!
 INFO LOG: Apr_19_18:0: tick!!!
 INFO LOG: Apr_19_18:0: tick!!!
 INFO LOG: Apr_19_18:1: tick!!!
 INFO LOG: Apr_19_18:1: tick!!!
 INFO LOG: Apr_19_18:1: tick!!!
 INFO LOG: Apr_19_18:1: tick!!!
 INFO LOG: Apr_19_18:1: tick!!!
 INFO LOG: Apr_19_18:2: tick!!!
 INFO LOG: Apr_19_18:2: tick!!!
 INFO LOG: Apr_19_18:2: tick!!!
 INFO LOG: Apr_19_18:2: tick!!!
 INFO LOG: Apr_19_18:2: tick!!!
 INFO LOG: Apr_19_18:3: tick!!!
 INFO LOG: Apr_19_18:3: tick!!!
 INFO LOG: Apr_19_18:3: tick!!!
 INFO LOG: Apr_19_18:3: tick!!!
 INFO LOG: Apr_19_18:3: tick!!!
 INFO LOG: Apr_19_18:4: tick!!!
 INFO LOG: Apr_19_18:4: tick!!!
 INFO LOG: Apr_19_18:4: tick!!!
 INFO LOG: Apr_19_18:4: tick!!!
 INFO LOG: Apr_19_18:4: tick!!!
 INFO LOG: Apr_19_18:5: tick!!!
 INFO LOG: Apr_19_18:5: tick!!!
 INFO LOG: Apr_19_18:5: tick!!!
 INFO LOG: Apr_19_18:5: tick!!!
 INFO LOG: Apr_19_18:5: tick!!!
 INFO LOG: Apr_19_19:0: tick!!!
 INFO LOG: Apr_19_19:0: tick!!!
 INFO LOG: Apr_19_19:0: tick!!!
 INFO LOG: Apr_19_19:0: tick!!!
 INFO LOG: Apr_19_19:0: tick!!!
 INFO LOG: Apr_19_19:1: tick!!!
 INFO LOG: Apr_19_19:1: tick!!!
 INFO LOG: Apr_19_19:1: tick!!!
 INFO LOG: Apr_19_19:1: tick!!!
 INFO LOG: Apr_19_19:1: tick!!!
 INFO LOG: Apr_19_19:2: tick!!!
 INFO LOG: Apr_19_19:2: tick!!!
 INFO LOG: Apr_19_19:2: tick!!!
 INFO LOG: Apr_19_19:2: tick!!!
 INFO LOG: Apr_19_19:2: tick!!!
 INFO LOG: Apr_19_19:3: tick!!!
 INFO LOG: Apr_19_19:3: tick!!!
 INFO LOG: Apr_19_19:3: tick!!!
 INFO LOG: Apr_19_19:3: tick!!!
 INFO LOG: Apr_19_19:3: tick!!!
 INFO LOG: Apr_19_19:4: tick!!!
 INFO LOG: Apr_19_19:4: tick!!!
 INFO LOG: Apr_19_19:4: tick!!!
 INFO LOG: Apr_19_19:4: tick!!!
 INFO LOG: Apr_19_19:4: tick!!!
 INFO LOG: Apr_19_19:5: tick!!!
 INFO LOG: Apr_19_19:5: tick!!!
 INFO LOG: Apr_19_19:5: tick!!!
 INFO LOG: Apr_19_19:5: tick!!!
 INFO LOG: Apr_19_19:5: tick!!!
 INFO LOG: Apr_19_20:0: tick!!!
 INFO LOG: Apr_19_20:0: tick!!!
 INFO LOG: Apr_19_20:0: tick!!!
 INFO LOG: Apr_19_20:0: tick!!!
 INFO LOG: Apr_19_20:0: tick!!!
 INFO LOG: Apr_19_20:1: tick!!!
 INFO LOG: Apr_19_20:1: tick!!!
 INFO LOG: Apr_19_20:1: tick!!!
 INFO LOG: Apr_19_20:1: tick!!!
 INFO LOG: Apr_19_20:1: tick!!!
 INFO LOG: Apr_19_20:2: tick!!!
 INFO LOG: Apr_19_20:2: tick!!!
 INFO LOG: Apr_19_20:2: tick!!!
 INFO LOG: Apr_19_20:2: tick!!!
 INFO LOG: Apr_19_20:2: tick!!!
 INFO LOG: Apr_19_20:3: tick!!!
 INFO LOG: Apr_19_20:3: tick!!!
 INFO LOG: Apr_19_20:3: tick!!!
 INFO LOG: Apr_19_20:3: tick!!!
 INFO LOG: Apr_19_20:3: tick!!!
 INFO LOG: Apr_19_20:4: tick!!!
 INFO LOG: Apr_19_20:4: tick!!!
 INFO LOG: Apr_19_20:4: tick!!!
 INFO LOG: Apr_19_20:4: tick!!!
 INFO LOG: Apr_19_20:4: tick!!!
 INFO LOG: Apr_19_20:5: tick!!!
 INFO LOG: Apr_19_20:5: tick!!!
 INFO LOG: Apr_19_20:5: tick!!!
 INFO LOG: Apr_19_20:5: tick!!!
 INFO LOG: Apr_19_20:5: tick!!!
 INFO LOG: Apr_19_21:0: tick!!!
 INFO LOG: Apr_19_21:0: -- 71.163.130.32:65036 connected to CoralMUD!
 INFO LOG: Apr_19_21:0: -- 71.163.130.32:65036: Tourun is trying to connect.
 INFO LOG: Apr_19_21:0: -- 71.163.130.32:65036: Tourun:  New Character.
 INFO LOG: Apr_19_21:0: -- 71.163.130.32:65036: Tourun successfully created.
 INFO LOG: Apr_19_21:0: -- Tourun has entered the game.
 INFO LOG: Apr_19_21:0: tick!!!
 INFO LOG: Apr_19_21:0: Tourun has left the game.
 INFO LOG: Apr_19_21:0: -- :71.163.130.32:65036 disconnected from CoralMUD!
 INFO LOG: Apr_19_21:0: tick!!!
 INFO LOG: Apr_19_21:0: tick!!!
 INFO LOG: Apr_19_21:0: tick!!!
 INFO LOG: Apr_19_21:1: tick!!!
 INFO LOG: Apr_19_21:1: tick!!!
 INFO LOG: Apr_19_21:1: tick!!!
 INFO LOG: Apr_19_21:1: tick!!!
 INFO LOG: Apr_19_21:1: tick!!!
 INFO LOG: Apr_19_21:2: tick!!!
 INFO LOG: Apr_19_21:2: tick!!!
 INFO LOG: Apr_19_21:2: tick!!!
 INFO LOG: Apr_19_21:2: tick!!!
 INFO LOG: Apr_19_21:2: tick!!!
 INFO LOG: Apr_19_21:3: tick!!!
 INFO LOG: Apr_19_21:3: tick!!!
 INFO LOG: Apr_19_21:3: tick!!!
 INFO LOG: Apr_19_21:3: tick!!!
 INFO LOG: Apr_19_21:3: tick!!!
 INFO LOG: Apr_19_21:4: tick!!!
 INFO LOG: Apr_19_21:4: tick!!!
 INFO LOG: Apr_19_21:4: tick!!!
 INFO LOG: Apr_19_21:4: tick!!!
 INFO LOG: Apr_19_21:4: tick!!!
 INFO LOG: Apr_19_21:5: tick!!!
 INFO LOG: Apr_19_21:5: tick!!!
 INFO LOG: Apr_19_21:5: tick!!!
 INFO LOG: Apr_19_21:5: tick!!!
 INFO LOG: Apr_19_21:5: tick!!!
 INFO LOG: Apr_19_22:0: tick!!!
 INFO LOG: Apr_19_22:0: tick!!!
 INFO LOG: Apr_19_22:0: tick!!!
 INFO LOG: Apr_19_22:0: tick!!!
 INFO LOG: Apr_19_22:0: tick!!!
 INFO LOG: Apr_19_22:1: tick!!!
 INFO LOG: Apr_19_22:1: tick!!!
 INFO LOG: Apr_19_22:1: tick!!!
 INFO LOG: Apr_19_22:1: tick!!!
 INFO LOG: Apr_19_22:1: tick!!!
 INFO LOG: Apr_19_22:2: tick!!!
 INFO LOG: Apr_19_22:2: tick!!!
 INFO LOG: Apr_19_22:2: tick!!!
 INFO LOG: Apr_19_22:2: tick!!!
 INFO LOG: Apr_19_22:2: tick!!!
 INFO LOG: Apr_19_22:3: tick!!!
 INFO LOG: Apr_19_22:3: tick!!!
 INFO LOG: Apr_19_22:3: tick!!!
 INFO LOG: Apr_19_22:3: tick!!!
 INFO LOG: Apr_19_22:3: tick!!!
 INFO LOG: Apr_19_22:4: tick!!!
 INFO LOG: Apr_19_22:4: tick!!!
 INFO LOG: Apr_19_22:4: tick!!!
 INFO LOG: Apr_19_22:4: tick!!!
 INFO LOG: Apr_19_22:4: tick!!!
 INFO LOG: Apr_19_22:5: tick!!!
 INFO LOG: Apr_19_22:5: tick!!!
 INFO LOG: Apr_19_22:5: tick!!!
 INFO LOG: Apr_19_22:5: tick!!!
 INFO LOG: Apr_19_22:5: tick!!!
 INFO LOG: Apr_19_23:0: tick!!!
 INFO LOG: Apr_19_23:0: tick!!!
 INFO LOG: Apr_19_23:0: tick!!!
 INFO LOG: Apr_19_23:0: tick!!!
 INFO LOG: Apr_19_23:0: tick!!!
 INFO LOG: Apr_19_23:1: tick!!!
 INFO LOG: Apr_19_23:1: tick!!!
 INFO LOG: Apr_19_23:1: tick!!!
 INFO LOG: Apr_19_23:1: tick!!!
 INFO LOG: Apr_19_23:1: tick!!!
 INFO LOG: Apr_19_23:2: tick!!!
 INFO LOG: Apr_19_23:2: tick!!!
 INFO LOG: Apr_19_23:2: tick!!!
 INFO LOG: Apr_19_23:2: tick!!!
 INFO LOG: Apr_19_23:2: tick!!!
 INFO LOG: Apr_19_23:3: tick!!!
 INFO LOG: Apr_19_23:3: tick!!!
 INFO LOG: Apr_19_23:3: tick!!!
 INFO LOG: Apr_19_23:3: tick!!!
 INFO LOG: Apr_19_23:3: tick!!!
 INFO LOG: Apr_19_23:4: tick!!!
 INFO LOG: Apr_19_23:4: tick!!!
 INFO LOG: Apr_19_23:4: tick!!!
 INFO LOG: Apr_19_23:4: tick!!!
 INFO LOG: Apr_19_23:4: tick!!!
 INFO LOG: Apr_19_23:5: tick!!!
 INFO LOG: Apr_19_23:5: tick!!!
 INFO LOG: Apr_19_23:5: tick!!!
 INFO LOG: Apr_19_23:5: tick!!!
 INFO LOG: Apr_19_23:5: tick!!!
 INFO LOG: Apr_20_00:0: tick!!!
 INFO LOG: Apr_20_00:0: tick!!!
 INFO LOG: Apr_20_00:0: tick!!!
 INFO LOG: Apr_20_00:0: tick!!!
 INFO LOG: Apr_20_00:0: tick!!!
 INFO LOG: Apr_20_00:1: tick!!!
 INFO LOG: Apr_20_00:1: tick!!!
 INFO LOG: Apr_20_00:1: tick!!!
 INFO LOG: Apr_20_00:1: tick!!!
 INFO LOG: Apr_20_00:1: tick!!!
 INFO LOG: Apr_20_00:2: tick!!!
 INFO LOG: Apr_20_00:2: tick!!!
 INFO LOG: Apr_20_00:2: tick!!!
 INFO LOG: Apr_20_00:2: tick!!!
 INFO LOG: Apr_20_00:2: tick!!!
 INFO LOG: Apr_20_00:3: tick!!!
 INFO LOG: Apr_20_00:3: tick!!!
 INFO LOG: Apr_20_00:3: tick!!!
 INFO LOG: Apr_20_00:3: tick!!!
 INFO LOG: Apr_20_00:3: tick!!!
 INFO LOG: Apr_20_00:4: tick!!!
 INFO LOG: Apr_20_00:4: tick!!!
 INFO LOG: Apr_20_00:4: tick!!!
 INFO LOG: Apr_20_00:4: tick!!!
 INFO LOG: Apr_20_00:4: tick!!!
 INFO LOG: Apr_20_00:5: tick!!!
 INFO LOG: Apr_20_00:5: tick!!!
 INFO LOG: Apr_20_00:5: tick!!!
 INFO LOG: Apr_20_00:5: tick!!!
 INFO LOG: Apr_20_00:5: tick!!!
 INFO LOG: Apr_20_01:0: tick!!!
 INFO LOG: Apr_20_01:0: tick!!!
 INFO LOG: Apr_20_01:0: tick!!!
 INFO LOG: Apr_20_01:0: tick!!!
 INFO LOG: Apr_20_01:0: tick!!!
 INFO LOG: Apr_20_01:1: tick!!!
 INFO LOG: Apr_20_01:1: tick!!!
 INFO LOG: Apr_20_01:1: tick!!!
 INFO LOG: Apr_20_01:1: tick!!!
 INFO LOG: Apr_20_01:1: tick!!!
 INFO LOG: Apr_20_01:2: tick!!!
 INFO LOG: Apr_20_01:2: tick!!!
 INFO LOG: Apr_20_01:2: tick!!!
 INFO LOG: Apr_20_01:2: tick!!!
 INFO LOG: Apr_20_01:2: tick!!!
 INFO LOG: Apr_20_01:3: tick!!!
 INFO LOG: Apr_20_01:3: tick!!!
 INFO LOG: Apr_20_01:3: tick!!!
 INFO LOG: Apr_20_01:3: tick!!!
 INFO LOG: Apr_20_01:3: tick!!!
 INFO LOG: Apr_20_01:4: tick!!!
 INFO LOG: Apr_20_01:4: tick!!!
 INFO LOG: Apr_20_01:4: tick!!!
 INFO LOG: Apr_20_01:4: tick!!!
 INFO LOG: Apr_20_01:4: tick!!!
 INFO LOG: Apr_20_01:5: tick!!!
 INFO LOG: Apr_20_01:5: tick!!!
 INFO LOG: Apr_20_01:5: tick!!!
 INFO LOG: Apr_20_01:5: tick!!!
 INFO LOG: Apr_20_01:5: tick!!!
 INFO LOG: Apr_20_02:0: tick!!!
 INFO LOG: Apr_20_02:0: tick!!!
 INFO LOG: Apr_20_02:0: tick!!!
 INFO LOG: Apr_20_02:0: tick!!!
 INFO LOG: Apr_20_02:0: tick!!!
 INFO LOG: Apr_20_02:1: tick!!!
 INFO LOG: Apr_20_02:1: tick!!!
 INFO LOG: Apr_20_02:1: tick!!!
 INFO LOG: Apr_20_02:1: tick!!!
 INFO LOG: Apr_20_02:1: tick!!!
 INFO LOG: Apr_20_02:2: tick!!!
 INFO LOG: Apr_20_02:2: tick!!!
 INFO LOG: Apr_20_02:2: tick!!!
 INFO LOG: Apr_20_02:2: tick!!!
 INFO LOG: Apr_20_02:2: tick!!!
 INFO LOG: Apr_20_02:3: tick!!!
 INFO LOG: Apr_20_02:3: tick!!!
 INFO LOG: Apr_20_02:3: tick!!!
 INFO LOG: Apr_20_02:3: tick!!!
 INFO LOG: Apr_20_02:3: tick!!!
 INFO LOG: Apr_20_02:4: tick!!!
 INFO LOG: Apr_20_02:4: tick!!!
 INFO LOG: Apr_20_02:4: tick!!!
 INFO LOG: Apr_20_02:4: tick!!!
 INFO LOG: Apr_20_02:4: tick!!!
 INFO LOG: Apr_20_02:5: tick!!!
 INFO LOG: Apr_20_02:5: tick!!!
 INFO LOG: Apr_20_02:5: tick!!!
 INFO LOG: Apr_20_02:5: tick!!!
 INFO LOG: Apr_20_02:5: tick!!!
 INFO LOG: Apr_20_03:0: tick!!!
 INFO LOG: Apr_20_03:0: tick!!!
 INFO LOG: Apr_20_03:0: tick!!!
 INFO LOG: Apr_20_03:0: tick!!!
 INFO LOG: Apr_20_03:0: tick!!!
 INFO LOG: Apr_20_03:1: tick!!!
 INFO LOG: Apr_20_03:1: tick!!!
 INFO LOG: Apr_20_03:1: tick!!!
 INFO LOG: Apr_20_03:1: tick!!!
 INFO LOG: Apr_20_03:1: tick!!!
 INFO LOG: Apr_20_03:2: tick!!!
 INFO LOG: Apr_20_03:2: tick!!!
 INFO LOG: Apr_20_03:2: tick!!!
 INFO LOG: Apr_20_03:2: tick!!!
 INFO LOG: Apr_20_03:2: tick!!!
 INFO LOG: Apr_20_03:3: tick!!!
 INFO LOG: Apr_20_03:3: tick!!!
 INFO LOG: Apr_20_03:3: tick!!!
 INFO LOG: Apr_20_03:3: tick!!!
 INFO LOG: Apr_20_03:3: tick!!!
 INFO LOG: Apr_20_03:4: tick!!!
 INFO LOG: Apr_20_03:4: tick!!!
 INFO LOG: Apr_20_03:4: tick!!!
 INFO LOG: Apr_20_03:4: tick!!!
 INFO LOG: Apr_20_03:4: tick!!!
 INFO LOG: Apr_20_03:5: tick!!!
 INFO LOG: Apr_20_03:5: tick!!!
 INFO LOG: Apr_20_03:5: tick!!!
 INFO LOG: Apr_20_03:5: tick!!!
 INFO LOG: Apr_20_03:5: tick!!!
 INFO LOG: Apr_20_04:0: tick!!!
 INFO LOG: Apr_20_04:0: tick!!!
 INFO LOG: Apr_20_04:0: tick!!!
 INFO LOG: Apr_20_04:0: tick!!!
 INFO LOG: Apr_20_04:0: tick!!!
 INFO LOG: Apr_20_04:1: tick!!!
 INFO LOG: Apr_20_04:1: tick!!!
 INFO LOG: Apr_20_04:1: tick!!!
 INFO LOG: Apr_20_04:1: tick!!!
 INFO LOG: Apr_20_04:1: tick!!!
 INFO LOG: Apr_20_04:2: tick!!!
 INFO LOG: Apr_20_04:2: tick!!!
 INFO LOG: Apr_20_04:2: tick!!!
 INFO LOG: Apr_20_04:2: tick!!!
 INFO LOG: Apr_20_04:2: tick!!!
 INFO LOG: Apr_20_04:3: tick!!!
 INFO LOG: Apr_20_04:3: tick!!!
 INFO LOG: Apr_20_04:3: tick!!!
 INFO LOG: Apr_20_04:3: tick!!!
 INFO LOG: Apr_20_04:3: tick!!!
 INFO LOG: Apr_20_04:4: tick!!!
 INFO LOG: Apr_20_04:4: tick!!!
 INFO LOG: Apr_20_04:4: tick!!!
 INFO LOG: Apr_20_04:4: tick!!!
 INFO LOG: Apr_20_04:4: tick!!!
 INFO LOG: Apr_20_04:5: tick!!!
 INFO LOG: Apr_20_04:5: tick!!!
 INFO LOG: Apr_20_04:5: tick!!!
 INFO LOG: Apr_20_04:5: tick!!!
 INFO LOG: Apr_20_04:5: tick!!!
 INFO LOG: Apr_20_05:0: tick!!!
 INFO LOG: Apr_20_05:0: tick!!!
 INFO LOG: Apr_20_05:0: tick!!!
 INFO LOG: Apr_20_05:0: tick!!!
 INFO LOG: Apr_20_05:0: tick!!!
 INFO LOG: Apr_20_05:1: tick!!!
 INFO LOG: Apr_20_05:1: tick!!!
 INFO LOG: Apr_20_05:1: tick!!!
 INFO LOG: Apr_20_05:1: tick!!!
 INFO LOG: Apr_20_05:1: tick!!!
 INFO LOG: Apr_20_05:2: tick!!!
 INFO LOG: Apr_20_05:2: tick!!!
 INFO LOG: Apr_20_05:2: tick!!!
 INFO LOG: Apr_20_05:2: tick!!!
 INFO LOG: Apr_20_05:2: tick!!!
 INFO LOG: Apr_20_05:3: tick!!!
 INFO LOG: Apr_20_05:3: tick!!!
 INFO LOG: Apr_20_05:3: tick!!!
 INFO LOG: Apr_20_05:3: tick!!!
 INFO LOG: Apr_20_05:3: tick!!!
 INFO LOG: Apr_20_05:4: tick!!!
 INFO LOG: Apr_20_05:4: tick!!!
 INFO LOG: Apr_20_05:4: tick!!!
 INFO LOG: Apr_20_05:4: tick!!!
 INFO LOG: Apr_20_05:4: tick!!!
 INFO LOG: Apr_20_05:5: tick!!!
 INFO LOG: Apr_20_05:5: tick!!!
 INFO LOG: Apr_20_05:5: tick!!!
 INFO LOG: Apr_20_05:5: tick!!!
 INFO LOG: Apr_20_05:5: tick!!!
 INFO LOG: Apr_20_06:0: tick!!!
 INFO LOG: Apr_20_06:0: tick!!!
 INFO LOG: Apr_20_06:0: tick!!!
 INFO LOG: Apr_20_06:0: tick!!!
 INFO LOG: Apr_20_06:0: tick!!!
 INFO LOG: Apr_20_06:1: tick!!!
 INFO LOG: Apr_20_06:1: tick!!!
 INFO LOG: Apr_20_06:1: tick!!!
 INFO LOG: Apr_20_06:1: tick!!!
 INFO LOG: Apr_20_06:1: tick!!!
 INFO LOG: Apr_20_06:2: tick!!!
 INFO LOG: Apr_20_06:2: tick!!!
 INFO LOG: Apr_20_06:2: tick!!!
 INFO LOG: Apr_20_06:2: tick!!!
 INFO LOG: Apr_20_06:2: tick!!!
 INFO LOG: Apr_20_06:3: tick!!!
 INFO LOG: Apr_20_06:3: tick!!!
 INFO LOG: Apr_20_06:3: tick!!!
 INFO LOG: Apr_20_06:3: tick!!!
 INFO LOG: Apr_20_06:3: tick!!!
 INFO LOG: Apr_20_06:4: tick!!!
 INFO LOG: Apr_20_06:4: tick!!!
 INFO LOG: Apr_20_06:4: tick!!!
 INFO LOG: Apr_20_06:4: tick!!!
 INFO LOG: Apr_20_06:4: tick!!!
 INFO LOG: Apr_20_06:5: tick!!!
 INFO LOG: Apr_20_06:5: tick!!!
 INFO LOG: Apr_20_06:5: tick!!!
 INFO LOG: Apr_20_06:5: tick!!!
 INFO LOG: Apr_20_06:5: tick!!!
 INFO LOG: Apr_20_07:0: tick!!!
 INFO LOG: Apr_20_07:0: tick!!!
 INFO LOG: Apr_20_07:0: tick!!!
 INFO LOG: Apr_20_07:0: tick!!!
 INFO LOG: Apr_20_07:0: tick!!!
 INFO LOG: Apr_20_07:1: tick!!!
 INFO LOG: Apr_20_07:1: tick!!!
 INFO LOG: Apr_20_07:1: tick!!!
 INFO LOG: Apr_20_07:1: tick!!!
 INFO LOG: Apr_20_07:1: tick!!!
 INFO LOG: Apr_20_07:2: tick!!!
 INFO LOG: Apr_20_07:2: tick!!!
 INFO LOG: Apr_20_07:2: tick!!!
 INFO LOG: Apr_20_07:2: tick!!!
 INFO LOG: Apr_20_07:2: tick!!!
 INFO LOG: Apr_20_07:3: tick!!!
 INFO LOG: Apr_20_07:3: tick!!!
 INFO LOG: Apr_20_07:3: tick!!!
 INFO LOG: Apr_20_07:3: tick!!!
 INFO LOG: Apr_20_07:3: tick!!!
 INFO LOG: Apr_20_07:4: tick!!!
 INFO LOG: Apr_20_07:4: tick!!!
 INFO LOG: Apr_20_07:4: tick!!!
 INFO LOG: Apr_20_07:4: tick!!!
 INFO LOG: Apr_20_07:4: tick!!!
 INFO LOG: Apr_20_07:5: tick!!!
 INFO LOG: Apr_20_07:5: tick!!!
 INFO LOG: Apr_20_07:5: tick!!!
 INFO LOG: Apr_20_07:5: tick!!!
 INFO LOG: Apr_20_07:5: tick!!!
 INFO LOG: Apr_20_08:0: tick!!!
 INFO LOG: Apr_20_08:0: tick!!!
 INFO LOG: Apr_20_08:0: tick!!!
 INFO LOG: Apr_20_08:0: tick!!!
 INFO LOG: Apr_20_08:0: tick!!!
 INFO LOG: Apr_20_08:1: tick!!!
 INFO LOG: Apr_20_08:1: tick!!!
 INFO LOG: Apr_20_08:1: tick!!!
 INFO LOG: Apr_20_08:1: tick!!!
 INFO LOG: Apr_20_08:1: tick!!!
 INFO LOG: Apr_20_08:2: tick!!!
 INFO LOG: Apr_20_08:2: tick!!!
 INFO LOG: Apr_20_08:2: tick!!!
 INFO LOG: Apr_20_08:2: tick!!!
 INFO LOG: Apr_20_08:2: tick!!!
 INFO LOG: Apr_20_08:3: tick!!!
 INFO LOG: Apr_20_08:3: tick!!!
 INFO LOG: Apr_20_08:3: tick!!!
 INFO LOG: Apr_20_08:3: tick!!!
 INFO LOG: Apr_20_08:3: tick!!!
 INFO LOG: Apr_20_08:4: tick!!!
 INFO LOG: Apr_20_08:4: tick!!!
 INFO LOG: Apr_20_08:4: tick!!!
 INFO LOG: Apr_20_08:4: tick!!!
 INFO LOG: Apr_20_08:4: tick!!!
 INFO LOG: Apr_20_08:5: tick!!!
 INFO LOG: Apr_20_08:5: tick!!!
 INFO LOG: Apr_20_08:5: tick!!!
 INFO LOG: Apr_20_08:5: tick!!!
 INFO LOG: Apr_20_08:5: tick!!!
 INFO LOG: Apr_20_09:0: tick!!!
 INFO LOG: Apr_20_09:0: tick!!!
 INFO LOG: Apr_20_09:0: tick!!!
 INFO LOG: Apr_20_09:0: tick!!!
 INFO LOG: Apr_20_09:0: tick!!!
 INFO LOG: Apr_20_09:1: tick!!!
 INFO LOG: Apr_20_09:1: tick!!!
 INFO LOG: Apr_20_09:1: tick!!!
 INFO LOG: Apr_20_09:1: tick!!!
 INFO LOG: Apr_20_09:1: tick!!!
 INFO LOG: Apr_20_09:2: tick!!!
 INFO LOG: Apr_20_09:2: tick!!!
 INFO LOG: Apr_20_09:2: tick!!!
 INFO LOG: Apr_20_09:2: tick!!!
 INFO LOG: Apr_20_09:2: tick!!!
 INFO LOG: Apr_20_09:3: tick!!!
 INFO LOG: Apr_20_09:3: tick!!!
 INFO LOG: Apr_20_09:3: tick!!!
 INFO LOG: Apr_20_09:3: tick!!!
 INFO LOG: Apr_20_09:3: tick!!!
 INFO LOG: Apr_20_09:4: tick!!!
 INFO LOG: Apr_20_09:4: tick!!!
 INFO LOG: Apr_20_09:4: tick!!!
 INFO LOG: Apr_20_09:4: tick!!!
 INFO LOG: Apr_20_09:4: tick!!!
 INFO LOG: Apr_20_09:5: tick!!!
 INFO LOG: Apr_20_09:5: tick!!!
 INFO LOG: Apr_20_09:5: tick!!!
 INFO LOG: Apr_20_09:5: tick!!!
 INFO LOG: Apr_20_09:5: tick!!!
 INFO LOG: Apr_20_10:0: tick!!!
 INFO LOG: Apr_20_10:0: tick!!!
 INFO LOG: Apr_20_10:0: tick!!!
 INFO LOG: Apr_20_10:0: tick!!!
 INFO LOG: Apr_20_10:0: tick!!!
 INFO LOG: Apr_20_10:1: tick!!!
 INFO LOG: Apr_20_10:1: tick!!!
 INFO LOG: Apr_20_10:1: tick!!!
 INFO LOG: Apr_20_10:1: -- #<Player:0x000000022eac78>:99.191.82.191:52032 disconnected from CoralMUD!
 INFO LOG: Apr_20_10:1: Program closed.
