 INFO LOG: Apr_27_20:36: Logging enabled.   Loading logs.rb.
 INFO LOG: Apr_27_20:36: Loading facade.rb
 INFO LOG: Apr_27_20:36: Loading utils.rb
 INFO LOG: Apr_27_20:36: Loading constants.rb
 INFO LOG: Apr_27_20:36: Loading class_property.rb
 INFO LOG: Apr_27_20:36: Loading scripts.rb
 INFO LOG: Apr_27_20:36: Loading tags.rb
 INFO LOG: Apr_27_20:36: Loading editor/editors.rb
 INFO LOG: Apr_27_20:36: Loading editor/editor.strings.rb
 INFO LOG: Apr_27_20:36: Loading editor/editor.rooms.rb
 INFO LOG: Apr_27_20:36: Loading editor/editor.exits.rb
 INFO LOG: Apr_27_20:36: Loading editor/editor.zones.rb
 INFO LOG: Apr_27_20:36: Loading editor/editor.npc.rb
 INFO LOG: Apr_27_20:36: Loading editor/editor.items.rb
 INFO LOG: Apr_27_20:36: Loading mxp.rb
 INFO LOG: Apr_27_20:36: Loading mccp.rb
 INFO LOG: Apr_27_20:36: Loading flags.rb
 INFO LOG: Apr_27_20:36: Loading damage.rb
 INFO LOG: Apr_27_20:36: Loading areas.rb
 INFO LOG: Apr_27_20:36: Loading event.rb
 INFO LOG: Apr_27_20:36: Loading automap/automap.rb
 INFO LOG: Apr_27_20:36: Loading cities.olc.rb
 INFO LOG: Apr_27_20:36: Loading cities.rb
 INFO LOG: Apr_27_20:36: Loading sector definitions.
 INFO LOG: Apr_27_20:36: Loading help.rb
 INFO LOG: Apr_27_20:36: Loading imcruby.rb
 INFO LOG: Apr_27_20:36: Loading player.rb
 INFO LOG: Apr_27_20:36: Loading commands.rb
 INFO LOG: Apr_27_20:36: Loading random.rb
 INFO LOG: Apr_27_20:36: Loading npc.rb
 INFO LOG: Apr_27_20:36: Loading items.rb
 INFO LOG: Apr_27_20:36: Loading spells.rb
 INFO LOG: Apr_27_20:36: Loading all zones.
 INFO LOG: Apr_27_20:36: Starting server.
 INFO LOG: Apr_27_20:36: CoralMUD is now up on port 4000.
 INFO LOG: Apr_27_20:37: -- 99.191.82.191:49392 connected to CoralMUD!
 INFO LOG: Apr_27_20:38: -- 99.191.82.191:49392: Retnur is trying to connect.
 INFO LOG: Apr_27_20:38: -- 99.191.82.191:49392: Retnur player file found.
 INFO LOG: Apr_27_20:38: -- Retnur has entered the game.
 INFO LOG: Apr_27_20:38: tick!!!
 INFO LOG: Apr_27_20:40: tick!!!
 INFO LOG: Apr_27_20:42: tick!!!
 INFO LOG: Apr_27_20:44: tick!!!
 INFO LOG: Apr_27_20:46: tick!!!
 INFO LOG: Apr_27_20:48: tick!!!
 INFO LOG: Apr_27_20:50: tick!!!
 INFO LOG: Apr_27_20:52: tick!!!
 INFO LOG: Apr_27_20:54: tick!!!
 INFO LOG: Apr_27_20:56: tick!!!
 INFO LOG: Apr_27_20:58: tick!!!
 INFO LOG: Apr_27_21:00: tick!!!
 INFO LOG: Apr_27_21:02: tick!!!
 INFO LOG: Apr_27_21:04: tick!!!
 INFO LOG: Apr_27_21:06: tick!!!
 INFO LOG: Apr_27_21:08: tick!!!
 INFO LOG: Apr_27_21:10: tick!!!
 INFO LOG: Apr_27_21:12: tick!!!
 INFO LOG: Apr_27_21:14: tick!!!
 INFO LOG: Apr_27_21:16: tick!!!
 INFO LOG: Apr_27_21:18: tick!!!
 INFO LOG: Apr_27_21:20: tick!!!
 INFO LOG: Apr_27_21:22: tick!!!
 INFO LOG: Apr_27_21:25: tick!!!
 INFO LOG: Apr_27_21:27: tick!!!
 INFO LOG: Apr_27_21:29: tick!!!
 INFO LOG: Apr_27_21:31: tick!!!
 INFO LOG: Apr_27_21:33: tick!!!
 INFO LOG: Apr_27_21:35: tick!!!
 INFO LOG: Apr_27_21:37: tick!!!
 INFO LOG: Apr_27_21:39: tick!!!
 INFO LOG: Apr_27_21:41: tick!!!
 INFO LOG: Apr_27_21:43: tick!!!
 INFO LOG: Apr_27_21:45: tick!!!
 INFO LOG: Apr_27_21:47: tick!!!
 INFO LOG: Apr_27_21:49: tick!!!
 INFO LOG: Apr_27_21:51: tick!!!
 INFO LOG: Apr_27_21:53: tick!!!
 INFO LOG: Apr_27_21:55: tick!!!
 INFO LOG: Apr_27_21:57: tick!!!
 INFO LOG: Apr_27_21:59: tick!!!
 INFO LOG: Apr_27_22:01: tick!!!
 INFO LOG: Apr_27_22:03: tick!!!
 INFO LOG: Apr_27_22:05: tick!!!
 INFO LOG: Apr_27_22:07: tick!!!
 INFO LOG: Apr_27_22:09: tick!!!
 INFO LOG: Apr_27_22:11: tick!!!
 INFO LOG: Apr_27_22:13: tick!!!
 INFO LOG: Apr_27_22:15: tick!!!
 INFO LOG: Apr_27_22:17: tick!!!
 INFO LOG: Apr_27_22:19: tick!!!
 INFO LOG: Apr_27_22:21: tick!!!
 INFO LOG: Apr_27_22:23: tick!!!
 INFO LOG: Apr_27_22:25: tick!!!
 INFO LOG: Apr_27_22:27: tick!!!
 INFO LOG: Apr_27_22:29: tick!!!
 INFO LOG: Apr_27_22:31: tick!!!
 INFO LOG: Apr_27_22:33: tick!!!
 INFO LOG: Apr_27_22:35: tick!!!
 INFO LOG: Apr_27_22:37: tick!!!
 INFO LOG: Apr_27_22:39: tick!!!
 INFO LOG: Apr_27_22:41: tick!!!
 INFO LOG: Apr_27_22:43: tick!!!
 INFO LOG: Apr_27_22:45: tick!!!
 INFO LOG: Apr_27_22:47: tick!!!
 INFO LOG: Apr_27_22:49: tick!!!
 INFO LOG: Apr_27_22:51: tick!!!
 INFO LOG: Apr_27_22:53: tick!!!
 INFO LOG: Apr_27_22:55: tick!!!
 INFO LOG: Apr_27_22:57: tick!!!
 INFO LOG: Apr_27_22:59: tick!!!
 INFO LOG: Apr_27_23:01: tick!!!
 INFO LOG: Apr_27_23:03: tick!!!
 INFO LOG: Apr_27_23:05: tick!!!
 INFO LOG: Apr_27_23:07: tick!!!
 INFO LOG: Apr_27_23:09: tick!!!
 INFO LOG: Apr_27_23:11: tick!!!
 INFO LOG: Apr_27_23:13: tick!!!
 INFO LOG: Apr_27_23:15: tick!!!
 INFO LOG: Apr_27_23:17: tick!!!
 INFO LOG: Apr_27_23:19: tick!!!
 INFO LOG: Apr_27_23:21: tick!!!
 INFO LOG: Apr_27_23:23: tick!!!
 INFO LOG: Apr_27_23:25: tick!!!
 INFO LOG: Apr_27_23:27: tick!!!
 INFO LOG: Apr_27_23:29: tick!!!
 INFO LOG: Apr_27_23:31: tick!!!
 INFO LOG: Apr_27_23:33: tick!!!
 INFO LOG: Apr_27_23:35: tick!!!
 INFO LOG: Apr_27_23:37: tick!!!
 INFO LOG: Apr_27_23:39: tick!!!
 INFO LOG: Apr_27_23:41: tick!!!
 INFO LOG: Apr_27_23:43: tick!!!
 INFO LOG: Apr_27_23:45: tick!!!
 INFO LOG: Apr_27_23:47: tick!!!
 INFO LOG: Apr_27_23:49: tick!!!
 INFO LOG: Apr_27_23:51: tick!!!
 INFO LOG: Apr_27_23:53: tick!!!
 INFO LOG: Apr_27_23:55: tick!!!
 INFO LOG: Apr_27_23:57: tick!!!
 INFO LOG: Apr_27_23:59: tick!!!
 INFO LOG: Apr_28_00:01: tick!!!
 INFO LOG: Apr_28_00:03: -- #<Player:0x0000000266fe98>:99.191.82.191:49392 disconnected from CoralMUD!
 INFO LOG: Apr_28_00:03: tick!!!
