 INFO LOG: Apr_16_12: Logging enabled.   Loading logs.rb.
 INFO LOG: Apr_16_12: Loading facade.rb
 INFO LOG: Apr_16_12: Loading utils.rb
 INFO LOG: Apr_16_12: Loading constants.rb
 INFO LOG: Apr_16_12: Loading class_property.rb
 INFO LOG: Apr_16_12: Loading tags.rb
 INFO LOG: Apr_16_12: Loading editor/editors.rb
 INFO LOG: Apr_16_12: Loading editor/editor.strings.rb
 INFO LOG: Apr_16_12: Loading editor/editor.rooms.rb
 INFO LOG: Apr_16_12: Loading editor/editor.exits.rb
 INFO LOG: Apr_16_12: Loading editor/editor.zones.rb
 INFO LOG: Apr_16_12: Loading editor/editor.items.rb
 INFO LOG: Apr_16_12: Loading mxp.rb
 INFO LOG: Apr_16_12: Loading mccp.rb
 INFO LOG: Apr_16_12: Loading flags.rb
 INFO LOG: Apr_16_12: Loading damage.rb
 INFO LOG: Apr_16_12: Loading areas.rb
 INFO LOG: Apr_16_12: Loading event.rb
 INFO LOG: Apr_16_12: Loading automap/automap.rb
 INFO LOG: Apr_16_12: Loading cities.olc.rb
 INFO LOG: Apr_16_12: Loading cities.rb
 INFO LOG: Apr_16_12: Loading sector definitions.
 INFO LOG: Apr_16_12: Loading help.rb
 INFO LOG: Apr_16_12: Loading imcruby.rb
 INFO LOG: Apr_16_12: Loading player.rb
 INFO LOG: Apr_16_12: Loading commands.rb
 INFO LOG: Apr_16_12: Loading random.rb
 INFO LOG: Apr_16_12: Loading items.rb
 INFO LOG: Apr_16_12: Loading spells.rb
 INFO LOG: Apr_16_12: Loading all zones.
 INFO LOG: Apr_16_12: Starting server.
 INFO LOG: Apr_16_12: CoralMUD is now up on port 4000.
 INFO LOG: Apr_16_12: -- 99.191.82.191:51074 connected to CoralMUD!
 INFO LOG: Apr_16_12: -- 99.191.82.191:51074: Retnur is trying to connect.
 INFO LOG: Apr_16_12: -- 99.191.82.191:51074: Retnur player file found.
 INFO LOG: Apr_16_12: -- Retnur has entered the game.
 INFO LOG: Apr_16_12: Loading commands.rb
 INFO LOG: Apr_16_12: tick!!!
 INFO LOG: Apr_16_12: tick!!!
 INFO LOG: Apr_16_12: tick!!!
 INFO LOG: Apr_16_12: tick!!!
 INFO LOG: Apr_16_12: tick!!!
 INFO LOG: Apr_16_12: tick!!!
 INFO LOG: Apr_16_12: tick!!!
 INFO LOG: Apr_16_12: Loading commands.rb
 INFO LOG: Apr_16_12: -- #<Player:0x00000001c5a9d0>:99.191.82.191:51074 disconnected from CoralMUD!
 INFO LOG: Apr_16_12: Program closed.
 INFO LOG: Apr_16_12: Logging enabled.   Loading logs.rb.
 INFO LOG: Apr_16_12: Loading facade.rb
 INFO LOG: Apr_16_12: Loading utils.rb
 INFO LOG: Apr_16_12: Loading constants.rb
 INFO LOG: Apr_16_12: Loading class_property.rb
 INFO LOG: Apr_16_12: Loading tags.rb
 INFO LOG: Apr_16_12: Loading editor/editors.rb
 INFO LOG: Apr_16_12: Loading editor/editor.strings.rb
 INFO LOG: Apr_16_12: Loading editor/editor.rooms.rb
 INFO LOG: Apr_16_12: Loading editor/editor.exits.rb
 INFO LOG: Apr_16_12: Loading editor/editor.zones.rb
 INFO LOG: Apr_16_12: Loading editor/editor.items.rb
 INFO LOG: Apr_16_12: Loading mxp.rb
 INFO LOG: Apr_16_12: Loading mccp.rb
 INFO LOG: Apr_16_12: Loading flags.rb
 INFO LOG: Apr_16_12: Loading damage.rb
 INFO LOG: Apr_16_12: Loading areas.rb
 INFO LOG: Apr_16_12: Loading event.rb
 INFO LOG: Apr_16_12: Loading automap/automap.rb
 INFO LOG: Apr_16_12: Loading cities.olc.rb
 INFO LOG: Apr_16_12: Loading cities.rb
 INFO LOG: Apr_16_12: Loading sector definitions.
 INFO LOG: Apr_16_12: Loading help.rb
 INFO LOG: Apr_16_12: Loading imcruby.rb
 INFO LOG: Apr_16_12: Loading player.rb
 INFO LOG: Apr_16_12: Loading commands.rb
 INFO LOG: Apr_16_12: Loading random.rb
 INFO LOG: Apr_16_12: Loading items.rb
 INFO LOG: Apr_16_12: Loading spells.rb
 INFO LOG: Apr_16_12: Loading all zones.
 INFO LOG: Apr_16_12: Starting server.
 INFO LOG: Apr_16_12: CoralMUD is now up on port 4000.
 INFO LOG: Apr_16_12: -- 99.191.82.191:38222 connected to CoralMUD!
 INFO LOG: Apr_16_12: -- 99.191.82.191:38222: Retnur is trying to connect.
 INFO LOG: Apr_16_12: -- 99.191.82.191:38222: Retnur player file found.
 INFO LOG: Apr_16_12: -- Retnur has entered the game.
 INFO LOG: Apr_16_12: tick!!!
 INFO LOG: Apr_16_12: tick!!!
 INFO LOG: Apr_16_12: tick!!!
 INFO LOG: Apr_16_12: tick!!!
 INFO LOG: Apr_16_12: tick!!!
 INFO LOG: Apr_16_12: tick!!!
 INFO LOG: Apr_16_12: tick!!!
 INFO LOG: Apr_16_12: Loading areas.rb
 INFO LOG: Apr_16_12: -- #<Player:0x00000002330bb0>:99.191.82.191:38222 disconnected from CoralMUD!
 INFO LOG: Apr_16_12: Program closed.
 INFO LOG: Apr_16_12: Logging enabled.   Loading logs.rb.
 INFO LOG: Apr_16_12: Loading facade.rb
 INFO LOG: Apr_16_12: Loading utils.rb
 INFO LOG: Apr_16_12: Loading constants.rb
 INFO LOG: Apr_16_12: Loading class_property.rb
 INFO LOG: Apr_16_12: Loading tags.rb
 INFO LOG: Apr_16_12: Loading editor/editors.rb
 INFO LOG: Apr_16_12: Loading editor/editor.strings.rb
 INFO LOG: Apr_16_12: Loading editor/editor.rooms.rb
 INFO LOG: Apr_16_12: Loading editor/editor.exits.rb
 INFO LOG: Apr_16_12: Loading editor/editor.zones.rb
 INFO LOG: Apr_16_12: Loading editor/editor.items.rb
 INFO LOG: Apr_16_12: Loading mxp.rb
 INFO LOG: Apr_16_12: Loading mccp.rb
 INFO LOG: Apr_16_12: Loading flags.rb
 INFO LOG: Apr_16_12: Loading damage.rb
 INFO LOG: Apr_16_12: Loading areas.rb
 INFO LOG: Apr_16_12: Loading event.rb
 INFO LOG: Apr_16_12: Loading automap/automap.rb
 INFO LOG: Apr_16_12: Loading cities.olc.rb
 INFO LOG: Apr_16_12: Loading cities.rb
 INFO LOG: Apr_16_12: Loading sector definitions.
 INFO LOG: Apr_16_12: Loading help.rb
 INFO LOG: Apr_16_12: Loading imcruby.rb
 INFO LOG: Apr_16_12: Loading player.rb
 INFO LOG: Apr_16_12: Loading commands.rb
 INFO LOG: Apr_16_12: Loading random.rb
 INFO LOG: Apr_16_12: Loading items.rb
 INFO LOG: Apr_16_12: Loading spells.rb
 INFO LOG: Apr_16_12: Loading all zones.
 INFO LOG: Apr_16_12: Starting server.
 INFO LOG: Apr_16_12: CoralMUD is now up on port 4000.
 INFO LOG: Apr_16_12: -- 99.191.82.191:43797 connected to CoralMUD!
 INFO LOG: Apr_16_12: -- 99.191.82.191:43797: Retnuyr is trying to connect.
 INFO LOG: Apr_16_12: -- 99.191.82.191:43797: Retnuyr:  New Character.
 INFO LOG: Apr_16_12: -- #<Player:0x00000001e799a0>:99.191.82.191:43797 disconnected from CoralMUD!
 INFO LOG: Apr_16_12: -- 99.191.82.191:56374 connected to CoralMUD!
 INFO LOG: Apr_16_12: -- 99.191.82.191:56374: Retnur is trying to connect.
 INFO LOG: Apr_16_12: -- 99.191.82.191:56374: Retnur player file found.
 INFO LOG: Apr_16_12: -- Retnur has entered the game.
 INFO LOG: Apr_16_12: tick!!!
 INFO LOG: Apr_16_12: tick!!!
 INFO LOG: Apr_16_12: tick!!!
 INFO LOG: Apr_16_12: tick!!!
 INFO LOG: Apr_16_13: tick!!!
 INFO LOG: Apr_16_13: tick!!!
 INFO LOG: Apr_16_13: Loading areas.rb
 INFO LOG: Apr_16_13: -- #<Player:0x00000001e799f0>:99.191.82.191:56374 disconnected from CoralMUD!
 INFO LOG: Apr_16_13: Program closed.
 INFO LOG: Apr_16_13: Logging enabled.   Loading logs.rb.
 INFO LOG: Apr_16_13: Loading facade.rb
 INFO LOG: Apr_16_13: Loading utils.rb
 INFO LOG: Apr_16_13: Loading constants.rb
 INFO LOG: Apr_16_13: Loading class_property.rb
 INFO LOG: Apr_16_13: Loading tags.rb
 INFO LOG: Apr_16_13: Loading editor/editors.rb
 INFO LOG: Apr_16_13: Loading editor/editor.strings.rb
 INFO LOG: Apr_16_13: Loading editor/editor.rooms.rb
 INFO LOG: Apr_16_13: Loading editor/editor.exits.rb
 INFO LOG: Apr_16_13: Loading editor/editor.zones.rb
 INFO LOG: Apr_16_13: Loading editor/editor.items.rb
 INFO LOG: Apr_16_13: Loading mxp.rb
 INFO LOG: Apr_16_13: Loading mccp.rb
 INFO LOG: Apr_16_13: Loading flags.rb
 INFO LOG: Apr_16_13: Loading damage.rb
 INFO LOG: Apr_16_13: Loading areas.rb
 INFO LOG: Apr_16_13: Loading event.rb
 INFO LOG: Apr_16_13: Loading automap/automap.rb
 INFO LOG: Apr_16_13: Loading cities.olc.rb
 INFO LOG: Apr_16_13: Loading cities.rb
 INFO LOG: Apr_16_13: Loading sector definitions.
 INFO LOG: Apr_16_13: Loading help.rb
 INFO LOG: Apr_16_13: Loading imcruby.rb
 INFO LOG: Apr_16_13: Loading player.rb
 INFO LOG: Apr_16_13: Loading commands.rb
 INFO LOG: Apr_16_13: Loading random.rb
 INFO LOG: Apr_16_13: Loading items.rb
 INFO LOG: Apr_16_13: Loading spells.rb
 INFO LOG: Apr_16_13: Loading all zones.
ERROR LOG: No such file or directory - data/areas/a_file
ERROR LOG: /usr/local/lib/ruby/1.9.1/yaml.rb:143:in `initialize'
ERROR LOG: /usr/local/lib/ruby/1.9.1/yaml.rb:143:in `open'
ERROR LOG: /usr/local/lib/ruby/1.9.1/yaml.rb:143:in `load_file'
ERROR LOG: /home/heath/coral/lib/class_property.rb:83:in `load_from_file'
ERROR LOG: /home/heath/coral/lib/areas.rb:27:in `block in load_zones'
ERROR LOG: /home/heath/coral/lib/areas.rb:24:in `each'
ERROR LOG: /home/heath/coral/lib/areas.rb:24:in `load_zones'
ERROR LOG: coral.rb:152:in `<main>'
ERROR LOG: Apr_16_13: unable to load YAML.
 INFO LOG: Apr_16_13: Logging enabled.   Loading logs.rb.
 INFO LOG: Apr_16_13: Loading facade.rb
 INFO LOG: Apr_16_13: Loading utils.rb
 INFO LOG: Apr_16_13: Loading constants.rb
 INFO LOG: Apr_16_13: Loading class_property.rb
 INFO LOG: Apr_16_13: Loading tags.rb
 INFO LOG: Apr_16_13: Loading editor/editors.rb
 INFO LOG: Apr_16_13: Loading editor/editor.strings.rb
 INFO LOG: Apr_16_13: Loading editor/editor.rooms.rb
 INFO LOG: Apr_16_13: Loading editor/editor.exits.rb
 INFO LOG: Apr_16_13: Loading editor/editor.zones.rb
 INFO LOG: Apr_16_13: Loading editor/editor.items.rb
 INFO LOG: Apr_16_13: Loading mxp.rb
 INFO LOG: Apr_16_13: Loading mccp.rb
 INFO LOG: Apr_16_13: Loading flags.rb
 INFO LOG: Apr_16_13: Loading damage.rb
 INFO LOG: Apr_16_13: Loading areas.rb
 INFO LOG: Apr_16_13: Loading event.rb
 INFO LOG: Apr_16_13: Loading automap/automap.rb
 INFO LOG: Apr_16_13: Loading cities.olc.rb
 INFO LOG: Apr_16_13: Loading cities.rb
 INFO LOG: Apr_16_13: Loading sector definitions.
 INFO LOG: Apr_16_13: Loading help.rb
 INFO LOG: Apr_16_13: Loading imcruby.rb
 INFO LOG: Apr_16_13: Loading player.rb
 INFO LOG: Apr_16_13: Loading commands.rb
 INFO LOG: Apr_16_13: Loading random.rb
 INFO LOG: Apr_16_13: Loading items.rb
 INFO LOG: Apr_16_13: Loading spells.rb
 INFO LOG: Apr_16_13: Loading all zones.
ERROR LOG: No such file or directory - data/areas/second.area.yml

ERROR LOG: /usr/local/lib/ruby/1.9.1/yaml.rb:143:in `initialize'
ERROR LOG: /usr/local/lib/ruby/1.9.1/yaml.rb:143:in `open'
ERROR LOG: /usr/local/lib/ruby/1.9.1/yaml.rb:143:in `load_file'
ERROR LOG: /home/heath/coral/lib/class_property.rb:83:in `load_from_file'
ERROR LOG: /home/heath/coral/lib/areas.rb:27:in `block in load_zones'
ERROR LOG: /home/heath/coral/lib/areas.rb:24:in `each'
ERROR LOG: /home/heath/coral/lib/areas.rb:24:in `load_zones'
ERROR LOG: coral.rb:152:in `<main>'
ERROR LOG: Apr_16_13: unable to load YAML.
 INFO LOG: Apr_16_13: Logging enabled.   Loading logs.rb.
 INFO LOG: Apr_16_13: Loading facade.rb
 INFO LOG: Apr_16_13: Loading utils.rb
 INFO LOG: Apr_16_13: Loading constants.rb
 INFO LOG: Apr_16_13: Loading class_property.rb
 INFO LOG: Apr_16_13: Loading tags.rb
 INFO LOG: Apr_16_13: Loading editor/editors.rb
 INFO LOG: Apr_16_13: Loading editor/editor.strings.rb
 INFO LOG: Apr_16_13: Loading editor/editor.rooms.rb
 INFO LOG: Apr_16_13: Loading editor/editor.exits.rb
 INFO LOG: Apr_16_13: Loading editor/editor.zones.rb
 INFO LOG: Apr_16_13: Loading editor/editor.items.rb
 INFO LOG: Apr_16_13: Loading mxp.rb
 INFO LOG: Apr_16_13: Loading mccp.rb
 INFO LOG: Apr_16_13: Loading flags.rb
 INFO LOG: Apr_16_13: Loading damage.rb
 INFO LOG: Apr_16_13: Loading areas.rb
 INFO LOG: Apr_16_13: Loading event.rb
 INFO LOG: Apr_16_13: Loading automap/automap.rb
 INFO LOG: Apr_16_13: Loading cities.olc.rb
 INFO LOG: Apr_16_13: Loading cities.rb
 INFO LOG: Apr_16_13: Loading sector definitions.
 INFO LOG: Apr_16_13: Loading help.rb
 INFO LOG: Apr_16_13: Loading imcruby.rb
 INFO LOG: Apr_16_13: Loading player.rb
 INFO LOG: Apr_16_13: Loading commands.rb
 INFO LOG: Apr_16_13: Loading random.rb
 INFO LOG: Apr_16_13: Loading items.rb
 INFO LOG: Apr_16_13: Loading spells.rb
 INFO LOG: Apr_16_13: Loading all zones.
ERROR LOG: No such file or directory - /data/areas/second.area.yml

ERROR LOG: /usr/local/lib/ruby/1.9.1/yaml.rb:143:in `initialize'
ERROR LOG: /usr/local/lib/ruby/1.9.1/yaml.rb:143:in `open'
ERROR LOG: /usr/local/lib/ruby/1.9.1/yaml.rb:143:in `load_file'
ERROR LOG: /home/heath/coral/lib/class_property.rb:83:in `load_from_file'
ERROR LOG: /home/heath/coral/lib/areas.rb:27:in `block in load_zones'
ERROR LOG: /home/heath/coral/lib/areas.rb:24:in `each'
ERROR LOG: /home/heath/coral/lib/areas.rb:24:in `load_zones'
ERROR LOG: coral.rb:152:in `<main>'
ERROR LOG: Apr_16_13: unable to load YAML.
 INFO LOG: Apr_16_13: Logging enabled.   Loading logs.rb.
 INFO LOG: Apr_16_13: Loading facade.rb
 INFO LOG: Apr_16_13: Loading utils.rb
 INFO LOG: Apr_16_13: Loading constants.rb
 INFO LOG: Apr_16_13: Loading class_property.rb
 INFO LOG: Apr_16_13: Loading tags.rb
 INFO LOG: Apr_16_13: Loading editor/editors.rb
 INFO LOG: Apr_16_13: Loading editor/editor.strings.rb
 INFO LOG: Apr_16_13: Loading editor/editor.rooms.rb
 INFO LOG: Apr_16_13: Loading editor/editor.exits.rb
 INFO LOG: Apr_16_13: Loading editor/editor.zones.rb
 INFO LOG: Apr_16_13: Loading editor/editor.items.rb
 INFO LOG: Apr_16_13: Loading mxp.rb
 INFO LOG: Apr_16_13: Loading mccp.rb
 INFO LOG: Apr_16_13: Loading flags.rb
 INFO LOG: Apr_16_13: Loading damage.rb
 INFO LOG: Apr_16_13: Loading areas.rb
 INFO LOG: Apr_16_13: Loading event.rb
 INFO LOG: Apr_16_13: Loading automap/automap.rb
 INFO LOG: Apr_16_13: Loading cities.olc.rb
 INFO LOG: Apr_16_13: Loading cities.rb
 INFO LOG: Apr_16_13: Loading sector definitions.
 INFO LOG: Apr_16_13: Loading help.rb
 INFO LOG: Apr_16_13: Loading imcruby.rb
 INFO LOG: Apr_16_13: Loading player.rb
 INFO LOG: Apr_16_13: Loading commands.rb
 INFO LOG: Apr_16_13: Loading random.rb
 INFO LOG: Apr_16_13: Loading items.rb
 INFO LOG: Apr_16_13: Loading spells.rb
 INFO LOG: Apr_16_13: Loading all zones.
ERROR LOG: No such file or directory - data/areas/second.area.yml

ERROR LOG: /usr/local/lib/ruby/1.9.1/yaml.rb:143:in `initialize'
ERROR LOG: /usr/local/lib/ruby/1.9.1/yaml.rb:143:in `open'
ERROR LOG: /usr/local/lib/ruby/1.9.1/yaml.rb:143:in `load_file'
ERROR LOG: /home/heath/coral/lib/class_property.rb:83:in `load_from_file'
ERROR LOG: /home/heath/coral/lib/areas.rb:27:in `block in load_zones'
ERROR LOG: /home/heath/coral/lib/areas.rb:24:in `each'
ERROR LOG: /home/heath/coral/lib/areas.rb:24:in `load_zones'
ERROR LOG: coral.rb:152:in `<main>'
ERROR LOG: Apr_16_13: unable to load YAML.
 INFO LOG: Apr_16_13: Logging enabled.   Loading logs.rb.
 INFO LOG: Apr_16_13: Loading facade.rb
 INFO LOG: Apr_16_13: Loading utils.rb
 INFO LOG: Apr_16_13: Loading constants.rb
 INFO LOG: Apr_16_13: Loading class_property.rb
 INFO LOG: Apr_16_13: Loading tags.rb
 INFO LOG: Apr_16_13: Loading editor/editors.rb
 INFO LOG: Apr_16_13: Loading editor/editor.strings.rb
 INFO LOG: Apr_16_13: Loading editor/editor.rooms.rb
 INFO LOG: Apr_16_13: Loading editor/editor.exits.rb
 INFO LOG: Apr_16_13: Loading editor/editor.zones.rb
 INFO LOG: Apr_16_13: Loading editor/editor.items.rb
 INFO LOG: Apr_16_13: Loading mxp.rb
 INFO LOG: Apr_16_13: Loading mccp.rb
 INFO LOG: Apr_16_13: Loading flags.rb
 INFO LOG: Apr_16_13: Loading damage.rb
 INFO LOG: Apr_16_13: Loading areas.rb
 INFO LOG: Apr_16_13: Loading event.rb
 INFO LOG: Apr_16_13: Loading automap/automap.rb
 INFO LOG: Apr_16_13: Loading cities.olc.rb
 INFO LOG: Apr_16_13: Loading cities.rb
 INFO LOG: Apr_16_13: Loading sector definitions.
 INFO LOG: Apr_16_13: Loading help.rb
 INFO LOG: Apr_16_13: Loading imcruby.rb
 INFO LOG: Apr_16_13: Loading player.rb
 INFO LOG: Apr_16_13: Loading commands.rb
 INFO LOG: Apr_16_13: Loading random.rb
 INFO LOG: Apr_16_13: Loading items.rb
 INFO LOG: Apr_16_13: Loading spells.rb
 INFO LOG: Apr_16_13: Loading all zones.
ERROR LOG: No such file or directory - data/areas/second.area.yml

ERROR LOG: /usr/local/lib/ruby/1.9.1/yaml.rb:143:in `initialize'
ERROR LOG: /usr/local/lib/ruby/1.9.1/yaml.rb:143:in `open'
ERROR LOG: /usr/local/lib/ruby/1.9.1/yaml.rb:143:in `load_file'
ERROR LOG: /home/heath/coral/lib/class_property.rb:83:in `load_from_file'
ERROR LOG: /home/heath/coral/lib/areas.rb:27:in `block in load_zones'
ERROR LOG: /home/heath/coral/lib/areas.rb:24:in `each'
ERROR LOG: /home/heath/coral/lib/areas.rb:24:in `load_zones'
ERROR LOG: coral.rb:152:in `<main>'
ERROR LOG: Apr_16_13: unable to load YAML.
 INFO LOG: Apr_16_13: Logging enabled.   Loading logs.rb.
 INFO LOG: Apr_16_13: Loading facade.rb
 INFO LOG: Apr_16_13: Loading utils.rb
 INFO LOG: Apr_16_13: Loading constants.rb
 INFO LOG: Apr_16_13: Loading class_property.rb
 INFO LOG: Apr_16_13: Loading tags.rb
 INFO LOG: Apr_16_13: Loading editor/editors.rb
 INFO LOG: Apr_16_13: Loading editor/editor.strings.rb
 INFO LOG: Apr_16_13: Loading editor/editor.rooms.rb
 INFO LOG: Apr_16_13: Loading editor/editor.exits.rb
 INFO LOG: Apr_16_13: Loading editor/editor.zones.rb
 INFO LOG: Apr_16_13: Loading editor/editor.items.rb
 INFO LOG: Apr_16_13: Loading mxp.rb
 INFO LOG: Apr_16_13: Loading mccp.rb
 INFO LOG: Apr_16_13: Loading flags.rb
 INFO LOG: Apr_16_13: Loading damage.rb
 INFO LOG: Apr_16_13: Loading areas.rb
 INFO LOG: Apr_16_13: Loading event.rb
 INFO LOG: Apr_16_13: Loading automap/automap.rb
 INFO LOG: Apr_16_13: Loading cities.olc.rb
 INFO LOG: Apr_16_13: Loading cities.rb
 INFO LOG: Apr_16_13: Loading sector definitions.
 INFO LOG: Apr_16_13: Loading help.rb
 INFO LOG: Apr_16_13: Loading imcruby.rb
 INFO LOG: Apr_16_13: Loading player.rb
 INFO LOG: Apr_16_13: Loading commands.rb
 INFO LOG: Apr_16_13: Loading random.rb
 INFO LOG: Apr_16_13: Loading items.rb
 INFO LOG: Apr_16_13: Loading spells.rb
 INFO LOG: Apr_16_13: Loading all zones.
 INFO LOG: Apr_16_13: Starting server.
 INFO LOG: Apr_16_13: CoralMUD is now up on port 4000.
 INFO LOG: Apr_16_13: tick!!!
 INFO LOG: Apr_16_13: tick!!!
 INFO LOG: Apr_16_13: tick!!!
 INFO LOG: Apr_16_13: tick!!!
 INFO LOG: Apr_16_13: tick!!!
 INFO LOG: Apr_16_13: tick!!!
 INFO LOG: Apr_16_13: tick!!!
 INFO LOG: Apr_16_13: tick!!!
 INFO LOG: Apr_16_13: tick!!!
 INFO LOG: Apr_16_13: tick!!!
 INFO LOG: Apr_16_13: tick!!!
 INFO LOG: Apr_16_13: tick!!!
 INFO LOG: Apr_16_13: tick!!!
 INFO LOG: Apr_16_13: tick!!!
 INFO LOG: Apr_16_13: tick!!!
 INFO LOG: Apr_16_13: tick!!!
 INFO LOG: Apr_16_13: tick!!!
 INFO LOG: Apr_16_13: tick!!!
 INFO LOG: Apr_16_13: tick!!!
 INFO LOG: Apr_16_13: tick!!!
 INFO LOG: Apr_16_13: tick!!!
 INFO LOG: Apr_16_13: Program closed.
 INFO LOG: Apr_16_13: Logging enabled.   Loading logs.rb.
 INFO LOG: Apr_16_13: Loading facade.rb
 INFO LOG: Apr_16_13: Loading utils.rb
 INFO LOG: Apr_16_13: Loading constants.rb
 INFO LOG: Apr_16_13: Loading class_property.rb
 INFO LOG: Apr_16_13: Loading tags.rb
 INFO LOG: Apr_16_13: Loading editor/editors.rb
 INFO LOG: Apr_16_13: Loading editor/editor.strings.rb
 INFO LOG: Apr_16_13: Loading editor/editor.rooms.rb
 INFO LOG: Apr_16_13: Loading editor/editor.exits.rb
 INFO LOG: Apr_16_13: Loading editor/editor.zones.rb
 INFO LOG: Apr_16_13: Loading editor/editor.items.rb
 INFO LOG: Apr_16_13: Loading mxp.rb
 INFO LOG: Apr_16_13: Loading mccp.rb
 INFO LOG: Apr_16_13: Loading flags.rb
 INFO LOG: Apr_16_13: Loading damage.rb
 INFO LOG: Apr_16_13: Loading areas.rb
 INFO LOG: Apr_16_13: Loading event.rb
 INFO LOG: Apr_16_13: Loading automap/automap.rb
 INFO LOG: Apr_16_13: Loading cities.olc.rb
 INFO LOG: Apr_16_13: Loading cities.rb
 INFO LOG: Apr_16_13: Loading sector definitions.
 INFO LOG: Apr_16_13: Loading help.rb
 INFO LOG: Apr_16_13: Loading imcruby.rb
 INFO LOG: Apr_16_13: Loading player.rb
 INFO LOG: Apr_16_13: Loading commands.rb
 INFO LOG: Apr_16_13: Loading random.rb
 INFO LOG: Apr_16_13: Loading items.rb
 INFO LOG: Apr_16_13: Loading spells.rb
 INFO LOG: Apr_16_13: Loading all zones.
 INFO LOG: Apr_16_13: Starting server.
 INFO LOG: Apr_16_13: CoralMUD is now up on port 4000.
 INFO LOG: Apr_16_13: Loading areas.rb
 INFO LOG: Apr_16_13: Logging enabled.   Loading logs.rb.
 INFO LOG: Apr_16_13: Loading facade.rb
 INFO LOG: Apr_16_13: Loading utils.rb
 INFO LOG: Apr_16_13: Loading constants.rb
 INFO LOG: Apr_16_13: Loading class_property.rb
 INFO LOG: Apr_16_13: Loading tags.rb
 INFO LOG: Apr_16_13: Loading editor/editors.rb
 INFO LOG: Apr_16_13: Loading editor/editor.strings.rb
 INFO LOG: Apr_16_13: Loading editor/editor.rooms.rb
 INFO LOG: Apr_16_13: Loading editor/editor.exits.rb
 INFO LOG: Apr_16_13: Loading editor/editor.zones.rb
 INFO LOG: Apr_16_13: Loading editor/editor.items.rb
 INFO LOG: Apr_16_13: Loading mxp.rb
 INFO LOG: Apr_16_13: Loading mccp.rb
 INFO LOG: Apr_16_13: Loading flags.rb
 INFO LOG: Apr_16_13: Loading damage.rb
 INFO LOG: Apr_16_13: Loading areas.rb
 INFO LOG: Apr_16_13: Loading event.rb
 INFO LOG: Apr_16_13: Loading automap/automap.rb
 INFO LOG: Apr_16_13: Loading cities.olc.rb
 INFO LOG: Apr_16_13: Loading cities.rb
 INFO LOG: Apr_16_13: Loading sector definitions.
 INFO LOG: Apr_16_13: Loading help.rb
 INFO LOG: Apr_16_13: Loading imcruby.rb
 INFO LOG: Apr_16_13: Loading player.rb
 INFO LOG: Apr_16_13: Loading commands.rb
 INFO LOG: Apr_16_13: Loading random.rb
 INFO LOG: Apr_16_13: Loading items.rb
 INFO LOG: Apr_16_13: Loading spells.rb
 INFO LOG: Apr_16_13: Loading all zones.
 INFO LOG: Apr_16_13: Starting server.
 INFO LOG: Apr_16_13: CoralMUD is now up on port 4000.
 INFO LOG: Apr_16_13: Loading areas.rb
 INFO LOG: Apr_16_13: Logging enabled.   Loading logs.rb.
 INFO LOG: Apr_16_13: Loading facade.rb
 INFO LOG: Apr_16_13: Loading utils.rb
 INFO LOG: Apr_16_13: Loading constants.rb
 INFO LOG: Apr_16_13: Loading class_property.rb
 INFO LOG: Apr_16_13: Loading tags.rb
 INFO LOG: Apr_16_13: Loading editor/editors.rb
 INFO LOG: Apr_16_13: Loading editor/editor.strings.rb
 INFO LOG: Apr_16_13: Loading editor/editor.rooms.rb
 INFO LOG: Apr_16_13: Loading editor/editor.exits.rb
 INFO LOG: Apr_16_13: Loading editor/editor.zones.rb
 INFO LOG: Apr_16_13: Loading editor/editor.items.rb
 INFO LOG: Apr_16_13: Loading mxp.rb
 INFO LOG: Apr_16_13: Loading mccp.rb
 INFO LOG: Apr_16_13: Loading flags.rb
 INFO LOG: Apr_16_13: Loading damage.rb
 INFO LOG: Apr_16_13: Loading areas.rb
 INFO LOG: Apr_16_13: Loading event.rb
 INFO LOG: Apr_16_13: Loading automap/automap.rb
 INFO LOG: Apr_16_13: Loading cities.olc.rb
 INFO LOG: Apr_16_13: Loading cities.rb
 INFO LOG: Apr_16_13: Loading sector definitions.
 INFO LOG: Apr_16_13: Loading help.rb
 INFO LOG: Apr_16_13: Loading imcruby.rb
 INFO LOG: Apr_16_13: Loading player.rb
 INFO LOG: Apr_16_13: Loading commands.rb
 INFO LOG: Apr_16_13: Loading random.rb
 INFO LOG: Apr_16_13: Loading items.rb
 INFO LOG: Apr_16_13: Loading spells.rb
 INFO LOG: Apr_16_13: Loading all zones.
 INFO LOG: Apr_16_13: Starting server.
 INFO LOG: Apr_16_13: CoralMUD is now up on port 4000.
 INFO LOG: Apr_16_13: -- 99.191.82.191:46437 connected to CoralMUD!
 INFO LOG: Apr_16_13: -- 99.191.82.191:46437: Retnur is trying to connect.
 INFO LOG: Apr_16_13: -- 99.191.82.191:46437: Retnur player file found.
 INFO LOG: Apr_16_13: -- Retnur has entered the game.
 INFO LOG: Apr_16_14: -- #<Player:0x000000016fd1e0>:99.191.82.191:46437 disconnected from CoralMUD!
 INFO LOG: Apr_16_14: Logging enabled.   Loading logs.rb.
 INFO LOG: Apr_16_14: Loading facade.rb
 INFO LOG: Apr_16_14: Loading utils.rb
 INFO LOG: Apr_16_14: Loading constants.rb
 INFO LOG: Apr_16_14: Loading class_property.rb
 INFO LOG: Apr_16_14: Loading tags.rb
 INFO LOG: Apr_16_14: Loading editor/editors.rb
 INFO LOG: Apr_16_14: Loading editor/editor.strings.rb
 INFO LOG: Apr_16_14: Loading editor/editor.rooms.rb
 INFO LOG: Apr_16_14: Loading editor/editor.exits.rb
 INFO LOG: Apr_16_14: Loading editor/editor.zones.rb
 INFO LOG: Apr_16_14: Loading editor/editor.items.rb
 INFO LOG: Apr_16_14: Loading mxp.rb
 INFO LOG: Apr_16_14: Loading mccp.rb
 INFO LOG: Apr_16_14: Loading flags.rb
 INFO LOG: Apr_16_14: Loading damage.rb
 INFO LOG: Apr_16_14: Loading areas.rb
 INFO LOG: Apr_16_14: Loading event.rb
 INFO LOG: Apr_16_14: Loading automap/automap.rb
 INFO LOG: Apr_16_14: Loading cities.olc.rb
 INFO LOG: Apr_16_14: Loading cities.rb
 INFO LOG: Apr_16_14: Loading sector definitions.
 INFO LOG: Apr_16_14: Loading help.rb
 INFO LOG: Apr_16_14: Loading imcruby.rb
 INFO LOG: Apr_16_14: Loading player.rb
 INFO LOG: Apr_16_14: Loading commands.rb
 INFO LOG: Apr_16_14: Loading random.rb
 INFO LOG: Apr_16_14: Loading items.rb
 INFO LOG: Apr_16_14: Loading spells.rb
 INFO LOG: Apr_16_14: Loading all zones.
 INFO LOG: Apr_16_14: Starting server.
 INFO LOG: Apr_16_14: CoralMUD is now up on port 4000.
 INFO LOG: Apr_16_14: -- 99.191.82.191:34243 connected to CoralMUD!
 INFO LOG: Apr_16_14: -- 99.191.82.191:34243: Retnur is trying to connect.
 INFO LOG: Apr_16_14: -- 99.191.82.191:34243: Retnur player file found.
 INFO LOG: Apr_16_14: -- Retnur has entered the game.
 INFO LOG: Apr_16_14: tick!!!
 INFO LOG: Apr_16_14: tick!!!
 INFO LOG: Apr_16_14: tick!!!
 INFO LOG: Apr_16_14: tick!!!
 INFO LOG: Apr_16_14: tick!!!
 INFO LOG: Apr_16_14: tick!!!
 INFO LOG: Apr_16_14: tick!!!
 INFO LOG: Apr_16_14: tick!!!
 INFO LOG: Apr_16_14: tick!!!
 INFO LOG: Apr_16_14: tick!!!
 INFO LOG: Apr_16_14: tick!!!
 INFO LOG: Apr_16_14: tick!!!
 INFO LOG: Apr_16_14: tick!!!
 INFO LOG: Apr_16_14: tick!!!
 INFO LOG: Apr_16_14: tick!!!
 INFO LOG: Apr_16_14: tick!!!
 INFO LOG: Apr_16_14: tick!!!
 INFO LOG: Apr_16_14: tick!!!
 INFO LOG: Apr_16_14: tick!!!
 INFO LOG: Apr_16_14: tick!!!
 INFO LOG: Apr_16_14: tick!!!
 INFO LOG: Apr_16_14: tick!!!
 INFO LOG: Apr_16_14: tick!!!
 INFO LOG: Apr_16_14: tick!!!
 INFO LOG: Apr_16_14: tick!!!
 INFO LOG: Apr_16_14: tick!!!
 INFO LOG: Apr_16_14: tick!!!
 INFO LOG: Apr_16_14: -- #<Player:0x000000016189f0>:99.191.82.191:34243 disconnected from CoralMUD!
 INFO LOG: Apr_16_14: Program closed.
 INFO LOG: Apr_16_14: Logging enabled.   Loading logs.rb.
 INFO LOG: Apr_16_14: Loading facade.rb
 INFO LOG: Apr_16_14: Loading utils.rb
 INFO LOG: Apr_16_14: Loading constants.rb
 INFO LOG: Apr_16_14: Loading class_property.rb
 INFO LOG: Apr_16_14: Loading tags.rb
 INFO LOG: Apr_16_14: Loading editor/editors.rb
 INFO LOG: Apr_16_14: Loading editor/editor.strings.rb
 INFO LOG: Apr_16_14: Loading editor/editor.rooms.rb
 INFO LOG: Apr_16_14: Loading editor/editor.exits.rb
 INFO LOG: Apr_16_14: Loading editor/editor.zones.rb
 INFO LOG: Apr_16_14: Loading editor/editor.npc.rb
 INFO LOG: Apr_16_14: Loading editor/editor.items.rb
 INFO LOG: Apr_16_14: Loading mxp.rb
 INFO LOG: Apr_16_14: Loading mccp.rb
 INFO LOG: Apr_16_14: Loading flags.rb
 INFO LOG: Apr_16_14: Loading damage.rb
 INFO LOG: Apr_16_14: Loading areas.rb
 INFO LOG: Apr_16_14: Loading event.rb
 INFO LOG: Apr_16_14: Loading automap/automap.rb
 INFO LOG: Apr_16_14: Loading cities.olc.rb
 INFO LOG: Apr_16_14: Loading cities.rb
 INFO LOG: Apr_16_14: Loading sector definitions.
 INFO LOG: Apr_16_14: Loading help.rb
 INFO LOG: Apr_16_14: Loading imcruby.rb
 INFO LOG: Apr_16_14: Loading player.rb
 INFO LOG: Apr_16_14: Loading commands.rb
 INFO LOG: Apr_16_14: Loading random.rb
 INFO LOG: Apr_16_14: Loading npc.rb
 INFO LOG: Apr_16_14: Loading items.rb
 INFO LOG: Apr_16_14: Loading spells.rb
 INFO LOG: Apr_16_14: Loading all zones.
 INFO LOG: Apr_16_14: Starting server.
 INFO LOG: Apr_16_14: CoralMUD is now up on port 4000.
 INFO LOG: Apr_16_14: -- 99.191.82.191:41070 connected to CoralMUD!
 INFO LOG: Apr_16_14: -- 99.191.82.191:41070: Retnur is trying to connect.
 INFO LOG: Apr_16_14: -- 99.191.82.191:41070: Retnur player file found.
 INFO LOG: Apr_16_14: -- Retnur has entered the game.
 INFO LOG: Apr_16_14: tick!!!
 INFO LOG: Apr_16_14: -- #<Player:0x0000000164d8f8>:99.191.82.191:41070 disconnected from CoralMUD!
 INFO LOG: Apr_16_14: Program closed.
 INFO LOG: Apr_16_15: Logging enabled.   Loading logs.rb.
 INFO LOG: Apr_16_15: Loading facade.rb
 INFO LOG: Apr_16_15: Loading utils.rb
 INFO LOG: Apr_16_15: Loading constants.rb
 INFO LOG: Apr_16_15: Loading class_property.rb
 INFO LOG: Apr_16_15: Loading tags.rb
 INFO LOG: Apr_16_15: Loading editor/editors.rb
 INFO LOG: Apr_16_15: Loading editor/editor.strings.rb
 INFO LOG: Apr_16_15: Loading editor/editor.rooms.rb
 INFO LOG: Apr_16_15: Loading editor/editor.exits.rb
 INFO LOG: Apr_16_15: Loading editor/editor.zones.rb
 INFO LOG: Apr_16_15: Loading editor/editor.npc.rb
 INFO LOG: Apr_16_15: Loading editor/editor.items.rb
 INFO LOG: Apr_16_15: Loading mxp.rb
 INFO LOG: Apr_16_15: Loading mccp.rb
 INFO LOG: Apr_16_15: Loading flags.rb
 INFO LOG: Apr_16_15: Loading damage.rb
 INFO LOG: Apr_16_15: Loading areas.rb
 INFO LOG: Apr_16_15: Loading event.rb
 INFO LOG: Apr_16_15: Loading automap/automap.rb
 INFO LOG: Apr_16_15: Loading cities.olc.rb
 INFO LOG: Apr_16_15: Loading cities.rb
 INFO LOG: Apr_16_15: Loading sector definitions.
 INFO LOG: Apr_16_15: Loading help.rb
 INFO LOG: Apr_16_15: Loading imcruby.rb
 INFO LOG: Apr_16_15: Loading player.rb
 INFO LOG: Apr_16_15: Loading commands.rb
 INFO LOG: Apr_16_15: Loading random.rb
 INFO LOG: Apr_16_15: Loading npc.rb
 INFO LOG: Apr_16_15: Loading items.rb
 INFO LOG: Apr_16_15: Loading spells.rb
 INFO LOG: Apr_16_15: Loading all zones.
 INFO LOG: Apr_16_15: Starting server.
 INFO LOG: Apr_16_15: CoralMUD is now up on port 4000.
 INFO LOG: Apr_16_15: -- 99.191.82.191:35245 connected to CoralMUD!
 INFO LOG: Apr_16_15: -- 99.191.82.191:35245: Retnur is trying to connect.
 INFO LOG: Apr_16_15: -- 99.191.82.191:35245: Retnur player file found.
 INFO LOG: Apr_16_15: -- Retnur has entered the game.
 INFO LOG: Apr_16_15: -- #<Player:0x00000002d368f8>:99.191.82.191:35245 disconnected from CoralMUD!
 INFO LOG: Apr_16_15: Logging enabled.   Loading logs.rb.
 INFO LOG: Apr_16_15: Loading facade.rb
 INFO LOG: Apr_16_15: Loading utils.rb
 INFO LOG: Apr_16_15: Loading constants.rb
 INFO LOG: Apr_16_15: Loading class_property.rb
 INFO LOG: Apr_16_15: Loading tags.rb
 INFO LOG: Apr_16_15: Loading editor/editors.rb
 INFO LOG: Apr_16_15: Loading editor/editor.strings.rb
 INFO LOG: Apr_16_15: Loading editor/editor.rooms.rb
 INFO LOG: Apr_16_15: Loading editor/editor.exits.rb
 INFO LOG: Apr_16_15: Loading editor/editor.zones.rb
 INFO LOG: Apr_16_15: Loading editor/editor.npc.rb
 INFO LOG: Apr_16_15: Loading editor/editor.items.rb
 INFO LOG: Apr_16_15: Loading mxp.rb
 INFO LOG: Apr_16_15: Loading mccp.rb
 INFO LOG: Apr_16_15: Loading flags.rb
 INFO LOG: Apr_16_15: Loading damage.rb
 INFO LOG: Apr_16_15: Loading areas.rb
 INFO LOG: Apr_16_15: Loading event.rb
 INFO LOG: Apr_16_15: Loading automap/automap.rb
 INFO LOG: Apr_16_15: Loading cities.olc.rb
 INFO LOG: Apr_16_15: Loading cities.rb
 INFO LOG: Apr_16_15: Loading sector definitions.
 INFO LOG: Apr_16_15: Loading help.rb
 INFO LOG: Apr_16_15: Loading imcruby.rb
 INFO LOG: Apr_16_15: Loading player.rb
 INFO LOG: Apr_16_15: Loading commands.rb
 INFO LOG: Apr_16_15: Loading random.rb
 INFO LOG: Apr_16_15: Loading npc.rb
 INFO LOG: Apr_16_15: Loading items.rb
 INFO LOG: Apr_16_15: Loading spells.rb
 INFO LOG: Apr_16_15: Loading all zones.
ERROR LOG: undefined method `[]=' for nil:NilClass
ERROR LOG: /home/heath/coral/lib/areas.rb:100:in `block in data_transform_on_load'
ERROR LOG: /home/heath/coral/lib/areas.rb:99:in `each'
ERROR LOG: /home/heath/coral/lib/areas.rb:99:in `data_transform_on_load'
ERROR LOG: /home/heath/coral/lib/class_property.rb:115:in `configure'
ERROR LOG: /home/heath/coral/lib/class_property.rb:92:in `load_from_file'
ERROR LOG: /home/heath/coral/lib/areas.rb:26:in `block in load_zones'
ERROR LOG: /home/heath/coral/lib/areas.rb:23:in `each'
ERROR LOG: /home/heath/coral/lib/areas.rb:23:in `load_zones'
ERROR LOG: coral.rb:154:in `<main>'
ERROR LOG: Apr_16_15: Unable to configure: data/areas/first.area.yml
 INFO LOG: Apr_16_15: Logging enabled.   Loading logs.rb.
 INFO LOG: Apr_16_15: Loading facade.rb
 INFO LOG: Apr_16_15: Loading utils.rb
 INFO LOG: Apr_16_15: Loading constants.rb
 INFO LOG: Apr_16_15: Loading class_property.rb
 INFO LOG: Apr_16_15: Loading tags.rb
 INFO LOG: Apr_16_15: Loading editor/editors.rb
 INFO LOG: Apr_16_15: Loading editor/editor.strings.rb
 INFO LOG: Apr_16_15: Loading editor/editor.rooms.rb
 INFO LOG: Apr_16_15: Loading editor/editor.exits.rb
 INFO LOG: Apr_16_15: Loading editor/editor.zones.rb
 INFO LOG: Apr_16_15: Loading editor/editor.npc.rb
 INFO LOG: Apr_16_15: Loading editor/editor.items.rb
 INFO LOG: Apr_16_15: Loading mxp.rb
 INFO LOG: Apr_16_15: Loading mccp.rb
 INFO LOG: Apr_16_15: Loading flags.rb
 INFO LOG: Apr_16_15: Loading damage.rb
 INFO LOG: Apr_16_15: Loading areas.rb
 INFO LOG: Apr_16_15: Loading event.rb
 INFO LOG: Apr_16_15: Loading automap/automap.rb
 INFO LOG: Apr_16_15: Loading cities.olc.rb
 INFO LOG: Apr_16_15: Loading cities.rb
 INFO LOG: Apr_16_15: Loading sector definitions.
 INFO LOG: Apr_16_15: Loading help.rb
 INFO LOG: Apr_16_15: Loading imcruby.rb
 INFO LOG: Apr_16_15: Loading player.rb
 INFO LOG: Apr_16_15: Loading commands.rb
 INFO LOG: Apr_16_15: Loading random.rb
 INFO LOG: Apr_16_15: Loading npc.rb
 INFO LOG: Apr_16_15: Loading items.rb
 INFO LOG: Apr_16_15: Loading spells.rb
 INFO LOG: Apr_16_15: Loading all zones.
 INFO LOG: Apr_16_15: Starting server.
 INFO LOG: Apr_16_15: CoralMUD is now up on port 4000.
 INFO LOG: Apr_16_15: tick!!!
 INFO LOG: Apr_16_15: Loading npc.rb
 INFO LOG: Apr_16_15: tick!!!
 INFO LOG: Apr_16_15: tick!!!
 INFO LOG: Apr_16_15: tick!!!
 INFO LOG: Apr_16_15: tick!!!
 INFO LOG: Apr_16_15: tick!!!
 INFO LOG: Apr_16_15: tick!!!
 INFO LOG: Apr_16_15: tick!!!
 INFO LOG: Apr_16_15: tick!!!
 INFO LOG: Apr_16_15: tick!!!
 INFO LOG: Apr_16_15: tick!!!
 INFO LOG: Apr_16_15: tick!!!
 INFO LOG: Apr_16_15: tick!!!
 INFO LOG: Apr_16_15: tick!!!
 INFO LOG: Apr_16_15: tick!!!
 INFO LOG: Apr_16_15: tick!!!
 INFO LOG: Apr_16_15: tick!!!
 INFO LOG: Apr_16_15: tick!!!
 INFO LOG: Apr_16_15: tick!!!
 INFO LOG: Apr_16_15: tick!!!
 INFO LOG: Apr_16_15: tick!!!
 INFO LOG: Apr_16_15: tick!!!
 INFO LOG: Apr_16_15: tick!!!
 INFO LOG: Apr_16_15: tick!!!
 INFO LOG: Apr_16_15: tick!!!
 INFO LOG: Apr_16_16: tick!!!
 INFO LOG: Apr_16_16: tick!!!
 INFO LOG: Apr_16_16: tick!!!
 INFO LOG: Apr_16_16: -- 99.191.82.191:38543 connected to CoralMUD!
 INFO LOG: Apr_16_16: -- 99.191.82.191:38543: Retnur is trying to connect.
 INFO LOG: Apr_16_16: -- 99.191.82.191:38543: Retnur player file found.
 INFO LOG: Apr_16_16: -- Retnur has entered the game.
 INFO LOG: Apr_16_16: tick!!!
 INFO LOG: Apr_16_16: tick!!!
 INFO LOG: Apr_16_16: tick!!!
 INFO LOG: Apr_16_16: tick!!!
 INFO LOG: Apr_16_16: tick!!!
 INFO LOG: Apr_16_16: tick!!!
 INFO LOG: Apr_16_16: tick!!!
 INFO LOG: Apr_16_16: tick!!!
 INFO LOG: Apr_16_16: tick!!!
 INFO LOG: Apr_16_16: tick!!!
 INFO LOG: Apr_16_16: tick!!!
 INFO LOG: Apr_16_16: tick!!!
 INFO LOG: Apr_16_16: tick!!!
 INFO LOG: Apr_16_16: tick!!!
 INFO LOG: Apr_16_16: tick!!!
 INFO LOG: Apr_16_16: tick!!!
 INFO LOG: Apr_16_16: tick!!!
 INFO LOG: Apr_16_16: tick!!!
 INFO LOG: Apr_16_16: tick!!!
 INFO LOG: Apr_16_16: tick!!!
 INFO LOG: Apr_16_16: tick!!!
 INFO LOG: Apr_16_16: tick!!!
 INFO LOG: Apr_16_16: tick!!!
 INFO LOG: Apr_16_16: tick!!!
 INFO LOG: Apr_16_16: tick!!!
 INFO LOG: Apr_16_16: tick!!!
 INFO LOG: Apr_16_16: tick!!!
 INFO LOG: Apr_16_17: tick!!!
 INFO LOG: Apr_16_17: tick!!!
 INFO LOG: Apr_16_17: tick!!!
 INFO LOG: Apr_16_17: tick!!!
 INFO LOG: Apr_16_17: tick!!!
 INFO LOG: Apr_16_17: tick!!!
 INFO LOG: Apr_16_17: tick!!!
 INFO LOG: Apr_16_17: tick!!!
 INFO LOG: Apr_16_17: tick!!!
 INFO LOG: Apr_16_17: tick!!!
 INFO LOG: Apr_16_17: tick!!!
 INFO LOG: Apr_16_17: tick!!!
 INFO LOG: Apr_16_17: tick!!!
 INFO LOG: Apr_16_17: tick!!!
 INFO LOG: Apr_16_17: tick!!!
 INFO LOG: Apr_16_17: tick!!!
 INFO LOG: Apr_16_17: tick!!!
 INFO LOG: Apr_16_17: tick!!!
 INFO LOG: Apr_16_17: tick!!!
 INFO LOG: Apr_16_17: -- #<Player:0x00000001fa3768>:99.191.82.191:38543 disconnected from CoralMUD!
 INFO LOG: Apr_16_17: Logging enabled.   Loading logs.rb.
 INFO LOG: Apr_16_17: Loading facade.rb
 INFO LOG: Apr_16_17: Loading utils.rb
 INFO LOG: Apr_16_17: Loading constants.rb
 INFO LOG: Apr_16_17: Loading class_property.rb
 INFO LOG: Apr_16_17: Loading tags.rb
 INFO LOG: Apr_16_17: Loading editor/editors.rb
 INFO LOG: Apr_16_17: Loading editor/editor.strings.rb
 INFO LOG: Apr_16_17: Loading editor/editor.rooms.rb
 INFO LOG: Apr_16_17: Loading editor/editor.exits.rb
 INFO LOG: Apr_16_17: Loading editor/editor.zones.rb
 INFO LOG: Apr_16_17: Loading editor/editor.npc.rb
 INFO LOG: Apr_16_17: Loading editor/editor.items.rb
 INFO LOG: Apr_16_17: Loading mxp.rb
 INFO LOG: Apr_16_17: Loading mccp.rb
 INFO LOG: Apr_16_17: Loading flags.rb
 INFO LOG: Apr_16_17: Loading damage.rb
 INFO LOG: Apr_16_17: Loading areas.rb
 INFO LOG: Apr_16_17: Loading event.rb
 INFO LOG: Apr_16_17: Loading automap/automap.rb
 INFO LOG: Apr_16_17: Loading cities.olc.rb
 INFO LOG: Apr_16_17: Loading cities.rb
 INFO LOG: Apr_16_17: Loading sector definitions.
 INFO LOG: Apr_16_17: Loading help.rb
 INFO LOG: Apr_16_17: Loading imcruby.rb
 INFO LOG: Apr_16_17: Loading player.rb
 INFO LOG: Apr_16_17: Loading commands.rb
 INFO LOG: Apr_16_17: Loading random.rb
 INFO LOG: Apr_16_17: Loading npc.rb
 INFO LOG: Apr_16_17: Loading items.rb
 INFO LOG: Apr_16_17: Loading spells.rb
 INFO LOG: Apr_16_17: Loading all zones.
 INFO LOG: Apr_16_17: Starting server.
 INFO LOG: Apr_16_17: CoralMUD is now up on port 4000.
 INFO LOG: Apr_16_17: -- 99.191.82.191:55399 connected to CoralMUD!
 INFO LOG: Apr_16_17: -- 99.191.82.191:55399: Retnur is trying to connect.
 INFO LOG: Apr_16_17: -- 99.191.82.191:55399: Retnur player file found.
 INFO LOG: Apr_16_17: -- Retnur has entered the game.
 INFO LOG: Apr_16_17: tick!!!
 INFO LOG: Apr_16_17: tick!!!
 INFO LOG: Apr_16_17: tick!!!
 INFO LOG: Apr_16_17: tick!!!
 INFO LOG: Apr_16_17: tick!!!
 INFO LOG: Apr_16_17: -- #<Player:0x000000026248d0>:99.191.82.191:55399 disconnected from CoralMUD!
 INFO LOG: Apr_16_17: Program closed.
 INFO LOG: Apr_16_17: Logging enabled.   Loading logs.rb.
 INFO LOG: Apr_16_17: Loading facade.rb
 INFO LOG: Apr_16_17: Loading utils.rb
 INFO LOG: Apr_16_17: Loading constants.rb
 INFO LOG: Apr_16_17: Loading class_property.rb
 INFO LOG: Apr_16_17: Loading tags.rb
 INFO LOG: Apr_16_17: Loading editor/editors.rb
 INFO LOG: Apr_16_17: Loading editor/editor.strings.rb
 INFO LOG: Apr_16_17: Loading editor/editor.rooms.rb
 INFO LOG: Apr_16_17: Loading editor/editor.exits.rb
 INFO LOG: Apr_16_17: Loading editor/editor.zones.rb
 INFO LOG: Apr_16_17: Loading editor/editor.npc.rb
 INFO LOG: Apr_16_17: Loading editor/editor.items.rb
 INFO LOG: Apr_16_17: Loading mxp.rb
 INFO LOG: Apr_16_17: Loading mccp.rb
 INFO LOG: Apr_16_17: Loading flags.rb
 INFO LOG: Apr_16_17: Loading damage.rb
 INFO LOG: Apr_16_17: Loading areas.rb
 INFO LOG: Apr_16_17: Loading event.rb
 INFO LOG: Apr_16_17: Loading automap/automap.rb
 INFO LOG: Apr_16_17: Loading cities.olc.rb
 INFO LOG: Apr_16_17: Loading cities.rb
 INFO LOG: Apr_16_17: Loading sector definitions.
 INFO LOG: Apr_16_17: Loading help.rb
 INFO LOG: Apr_16_17: Loading imcruby.rb
 INFO LOG: Apr_16_17: Loading player.rb
 INFO LOG: Apr_16_17: Loading commands.rb
 INFO LOG: Apr_16_17: Loading random.rb
 INFO LOG: Apr_16_17: Loading npc.rb
 INFO LOG: Apr_16_17: Loading items.rb
 INFO LOG: Apr_16_17: Loading spells.rb
 INFO LOG: Apr_16_17: Loading all zones.
 INFO LOG: Apr_16_17: Starting server.
 INFO LOG: Apr_16_17: CoralMUD is now up on port 4000.
 INFO LOG: Apr_16_17: -- 99.191.82.191:42219 connected to CoralMUD!
 INFO LOG: Apr_16_17: -- 99.191.82.191:42219: Retnur is trying to connect.
 INFO LOG: Apr_16_17: -- 99.191.82.191:42219: Retnur player file found.
 INFO LOG: Apr_16_17: -- Retnur has entered the game.
 INFO LOG: Apr_16_17: -- #<Player:0x00000002b778a0>:99.191.82.191:42219 disconnected from CoralMUD!
 INFO LOG: Apr_16_17: Logging enabled.   Loading logs.rb.
 INFO LOG: Apr_16_17: Loading facade.rb
 INFO LOG: Apr_16_17: Loading utils.rb
 INFO LOG: Apr_16_17: Loading constants.rb
 INFO LOG: Apr_16_17: Loading class_property.rb
 INFO LOG: Apr_16_17: Loading tags.rb
 INFO LOG: Apr_16_17: Loading editor/editors.rb
 INFO LOG: Apr_16_17: Loading editor/editor.strings.rb
 INFO LOG: Apr_16_17: Loading editor/editor.rooms.rb
 INFO LOG: Apr_16_17: Loading editor/editor.exits.rb
 INFO LOG: Apr_16_17: Loading editor/editor.zones.rb
 INFO LOG: Apr_16_17: Loading editor/editor.npc.rb
 INFO LOG: Apr_16_17: Loading editor/editor.items.rb
 INFO LOG: Apr_16_17: Loading mxp.rb
 INFO LOG: Apr_16_17: Loading mccp.rb
 INFO LOG: Apr_16_17: Loading flags.rb
 INFO LOG: Apr_16_17: Loading damage.rb
 INFO LOG: Apr_16_17: Loading areas.rb
 INFO LOG: Apr_16_17: Loading event.rb
 INFO LOG: Apr_16_17: Loading automap/automap.rb
 INFO LOG: Apr_16_17: Loading cities.olc.rb
 INFO LOG: Apr_16_17: Loading cities.rb
 INFO LOG: Apr_16_17: Loading sector definitions.
 INFO LOG: Apr_16_17: Loading help.rb
 INFO LOG: Apr_16_17: Loading imcruby.rb
 INFO LOG: Apr_16_17: Loading player.rb
 INFO LOG: Apr_16_17: Loading commands.rb
 INFO LOG: Apr_16_17: Loading random.rb
 INFO LOG: Apr_16_17: Loading npc.rb
 INFO LOG: Apr_16_17: Loading items.rb
 INFO LOG: Apr_16_17: Loading spells.rb
 INFO LOG: Apr_16_17: Loading all zones.
 INFO LOG: Apr_16_17: Starting server.
 INFO LOG: Apr_16_17: CoralMUD is now up on port 4000.
 INFO LOG: Apr_16_17: Loading npc.rb
 INFO LOG: Apr_16_17: Logging enabled.   Loading logs.rb.
 INFO LOG: Apr_16_17: Loading facade.rb
 INFO LOG: Apr_16_17: Loading utils.rb
 INFO LOG: Apr_16_17: Loading constants.rb
 INFO LOG: Apr_16_17: Loading class_property.rb
 INFO LOG: Apr_16_17: Loading tags.rb
 INFO LOG: Apr_16_17: Loading editor/editors.rb
 INFO LOG: Apr_16_17: Loading editor/editor.strings.rb
 INFO LOG: Apr_16_17: Loading editor/editor.rooms.rb
 INFO LOG: Apr_16_17: Loading editor/editor.exits.rb
 INFO LOG: Apr_16_17: Loading editor/editor.zones.rb
 INFO LOG: Apr_16_17: Loading editor/editor.npc.rb
 INFO LOG: Apr_16_17: Loading editor/editor.items.rb
 INFO LOG: Apr_16_17: Loading mxp.rb
 INFO LOG: Apr_16_17: Loading mccp.rb
 INFO LOG: Apr_16_17: Loading flags.rb
 INFO LOG: Apr_16_17: Loading damage.rb
 INFO LOG: Apr_16_17: Loading areas.rb
 INFO LOG: Apr_16_17: Loading event.rb
 INFO LOG: Apr_16_17: Loading automap/automap.rb
 INFO LOG: Apr_16_17: Loading cities.olc.rb
 INFO LOG: Apr_16_17: Loading cities.rb
 INFO LOG: Apr_16_17: Loading sector definitions.
 INFO LOG: Apr_16_17: Loading help.rb
 INFO LOG: Apr_16_17: Loading imcruby.rb
 INFO LOG: Apr_16_17: Loading player.rb
 INFO LOG: Apr_16_17: Loading commands.rb
 INFO LOG: Apr_16_17: Loading random.rb
 INFO LOG: Apr_16_17: Loading npc.rb
 INFO LOG: Apr_16_17: Loading items.rb
 INFO LOG: Apr_16_17: Loading spells.rb
 INFO LOG: Apr_16_17: Loading all zones.
 INFO LOG: Apr_16_17: Starting server.
 INFO LOG: Apr_16_17: CoralMUD is now up on port 4000.
 INFO LOG: Apr_16_17: -- 99.191.82.191:37991 connected to CoralMUD!
 INFO LOG: Apr_16_17: -- 99.191.82.191:37991: Retnur is trying to connect.
 INFO LOG: Apr_16_17: -- 99.191.82.191:37991: Retnur player file found.
 INFO LOG: Apr_16_17: -- Retnur has entered the game.
 INFO LOG: Apr_16_17: -- #<Player:0x000000029748a0>:99.191.82.191:37991 disconnected from CoralMUD!
 INFO LOG: Apr_16_17: Program closed.
 INFO LOG: Apr_16_17: Logging enabled.   Loading logs.rb.
 INFO LOG: Apr_16_17: Loading facade.rb
 INFO LOG: Apr_16_17: Loading utils.rb
 INFO LOG: Apr_16_17: Loading constants.rb
 INFO LOG: Apr_16_17: Loading class_property.rb
 INFO LOG: Apr_16_17: Loading tags.rb
 INFO LOG: Apr_16_17: Loading editor/editors.rb
 INFO LOG: Apr_16_17: Loading editor/editor.strings.rb
 INFO LOG: Apr_16_17: Loading editor/editor.rooms.rb
 INFO LOG: Apr_16_17: Loading editor/editor.exits.rb
 INFO LOG: Apr_16_17: Loading editor/editor.zones.rb
 INFO LOG: Apr_16_17: Loading editor/editor.npc.rb
 INFO LOG: Apr_16_17: Loading editor/editor.items.rb
 INFO LOG: Apr_16_17: Loading mxp.rb
 INFO LOG: Apr_16_17: Loading mccp.rb
 INFO LOG: Apr_16_17: Loading flags.rb
 INFO LOG: Apr_16_17: Loading damage.rb
 INFO LOG: Apr_16_17: Loading areas.rb
 INFO LOG: Apr_16_17: Loading event.rb
 INFO LOG: Apr_16_17: Loading automap/automap.rb
 INFO LOG: Apr_16_17: Loading cities.olc.rb
 INFO LOG: Apr_16_17: Loading cities.rb
 INFO LOG: Apr_16_17: Loading sector definitions.
 INFO LOG: Apr_16_17: Loading help.rb
 INFO LOG: Apr_16_17: Loading imcruby.rb
 INFO LOG: Apr_16_17: Loading player.rb
 INFO LOG: Apr_16_17: Loading commands.rb
 INFO LOG: Apr_16_17: Loading random.rb
 INFO LOG: Apr_16_17: Loading npc.rb
 INFO LOG: Apr_16_17: Loading items.rb
 INFO LOG: Apr_16_17: Loading spells.rb
 INFO LOG: Apr_16_17: Loading all zones.
 INFO LOG: Apr_16_17: Starting server.
 INFO LOG: Apr_16_17: CoralMUD is now up on port 4000.
 INFO LOG: Apr_16_17: -- 99.191.82.191:40851 connected to CoralMUD!
 INFO LOG: Apr_16_17: -- 99.191.82.191:40851: Retnur is trying to connect.
 INFO LOG: Apr_16_17: -- 99.191.82.191:40851: Retnur player file found.
 INFO LOG: Apr_16_17: -- Retnur has entered the game.
 INFO LOG: Apr_16_17: tick!!!
 INFO LOG: Apr_16_17: tick!!!
 INFO LOG: Apr_16_17: tick!!!
 INFO LOG: Apr_16_17: tick!!!
 INFO LOG: Apr_16_18: tick!!!
 INFO LOG: Apr_16_18: tick!!!
 INFO LOG: Apr_16_18: tick!!!
 INFO LOG: Apr_16_18: tick!!!
 INFO LOG: Apr_16_18: tick!!!
 INFO LOG: Apr_16_18: tick!!!
 INFO LOG: Apr_16_18: tick!!!
 INFO LOG: Apr_16_18: tick!!!
 INFO LOG: Apr_16_18: tick!!!
 INFO LOG: Apr_16_18: tick!!!
 INFO LOG: Apr_16_18: tick!!!
 INFO LOG: Apr_16_18: tick!!!
 INFO LOG: Apr_16_18: tick!!!
 INFO LOG: Apr_16_18: tick!!!
 INFO LOG: Apr_16_18: tick!!!
 INFO LOG: Apr_16_18: tick!!!
 INFO LOG: Apr_16_18: tick!!!
 INFO LOG: Apr_16_18: tick!!!
 INFO LOG: Apr_16_18: tick!!!
 INFO LOG: Apr_16_18: tick!!!
 INFO LOG: Apr_16_18: tick!!!
 INFO LOG: Apr_16_18: -- 76.174.153.192:51054 connected to CoralMUD!
 INFO LOG: Apr_16_18: -- 76.174.153.192:51054: Twisol is trying to connect.
 INFO LOG: Apr_16_18: -- 76.174.153.192:51054: Twisol player file found.
 INFO LOG: Apr_16_18: -- Twisol has entered the game.
 INFO LOG: Apr_16_18: tick!!!
 INFO LOG: Apr_16_18: tick!!!
 INFO LOG: Apr_16_18: tick!!!
 INFO LOG: Apr_16_18: tick!!!
 INFO LOG: Apr_16_18: tick!!!
 INFO LOG: Apr_16_18: tick!!!
 INFO LOG: Apr_16_18: tick!!!
 INFO LOG: Apr_16_18: tick!!!
 INFO LOG: Apr_16_18: tick!!!
 INFO LOG: Apr_16_19: tick!!!
 INFO LOG: Apr_16_19: tick!!!
 INFO LOG: Apr_16_19: Twisol has left the game.
 INFO LOG: Apr_16_19: -- :76.174.153.192:51054 disconnected from CoralMUD!
 INFO LOG: Apr_16_19: tick!!!
 INFO LOG: Apr_16_19: tick!!!
 INFO LOG: Apr_16_19: tick!!!
 INFO LOG: Apr_16_19: tick!!!
 INFO LOG: Apr_16_19: tick!!!
 INFO LOG: Apr_16_19: tick!!!
 INFO LOG: Apr_16_19: tick!!!
 INFO LOG: Apr_16_19: tick!!!
 INFO LOG: Apr_16_19: tick!!!
 INFO LOG: Apr_16_19: tick!!!
 INFO LOG: Apr_16_19: tick!!!
 INFO LOG: Apr_16_19: tick!!!
 INFO LOG: Apr_16_19: tick!!!
 INFO LOG: Apr_16_19: tick!!!
 INFO LOG: Apr_16_19: tick!!!
 INFO LOG: Apr_16_19: tick!!!
 INFO LOG: Apr_16_19: tick!!!
 INFO LOG: Apr_16_19: tick!!!
 INFO LOG: Apr_16_19: tick!!!
 INFO LOG: Apr_16_19: tick!!!
 INFO LOG: Apr_16_19: tick!!!
 INFO LOG: Apr_16_19: tick!!!
 INFO LOG: Apr_16_19: tick!!!
 INFO LOG: Apr_16_19: tick!!!
 INFO LOG: Apr_16_19: tick!!!
 INFO LOG: Apr_16_19: tick!!!
 INFO LOG: Apr_16_19: tick!!!
 INFO LOG: Apr_16_19: tick!!!
 INFO LOG: Apr_16_20: tick!!!
 INFO LOG: Apr_16_20: tick!!!
 INFO LOG: Apr_16_20: tick!!!
 INFO LOG: Apr_16_20: tick!!!
 INFO LOG: Apr_16_20: tick!!!
 INFO LOG: Apr_16_20: tick!!!
 INFO LOG: Apr_16_20: tick!!!
 INFO LOG: Apr_16_20: tick!!!
 INFO LOG: Apr_16_20: tick!!!
 INFO LOG: Apr_16_20: tick!!!
 INFO LOG: Apr_16_20: tick!!!
 INFO LOG: Apr_16_20: tick!!!
 INFO LOG: Apr_16_20: tick!!!
 INFO LOG: Apr_16_20: tick!!!
 INFO LOG: Apr_16_20: tick!!!
 INFO LOG: Apr_16_20: tick!!!
 INFO LOG: Apr_16_20: tick!!!
 INFO LOG: Apr_16_20: tick!!!
 INFO LOG: Apr_16_20: tick!!!
 INFO LOG: Apr_16_20: tick!!!
 INFO LOG: Apr_16_20: tick!!!
 INFO LOG: Apr_16_20: tick!!!
 INFO LOG: Apr_16_20: tick!!!
 INFO LOG: Apr_16_20: tick!!!
 INFO LOG: Apr_16_20: tick!!!
 INFO LOG: Apr_16_20: -- 201.35.235.188:50679 connected to CoralMUD!
 INFO LOG: Apr_16_20: -- 201.35.235.188:50679: Alian is trying to connect.
 INFO LOG: Apr_16_20: -- 201.35.235.188:50679: Alian:  New Character.
 INFO LOG: Apr_16_20: tick!!!
 INFO LOG: Apr_16_20: tick!!!
 INFO LOG: Apr_16_20: -- 201.35.235.188:50679: Alian successfully created.
 INFO LOG: Apr_16_20: -- Alian has entered the game.
 INFO LOG: Apr_16_20: Alian has left the game.
 INFO LOG: Apr_16_20: -- :201.35.235.188:50679 disconnected from CoralMUD!
 INFO LOG: Apr_16_20: tick!!!
 INFO LOG: Apr_16_20: tick!!!
 INFO LOG: Apr_16_20: tick!!!
 INFO LOG: Apr_16_21: tick!!!
 INFO LOG: Apr_16_21: tick!!!
 INFO LOG: Apr_16_21: tick!!!
 INFO LOG: Apr_16_21: tick!!!
 INFO LOG: Apr_16_21: tick!!!
 INFO LOG: Apr_16_21: tick!!!
 INFO LOG: Apr_16_21: tick!!!
 INFO LOG: Apr_16_21: tick!!!
 INFO LOG: Apr_16_21: tick!!!
 INFO LOG: Apr_16_21: tick!!!
 INFO LOG: Apr_16_21: tick!!!
 INFO LOG: Apr_16_21: tick!!!
 INFO LOG: Apr_16_21: tick!!!
 INFO LOG: Apr_16_21: tick!!!
 INFO LOG: Apr_16_21: tick!!!
 INFO LOG: Apr_16_21: tick!!!
 INFO LOG: Apr_16_21: tick!!!
 INFO LOG: Apr_16_21: tick!!!
 INFO LOG: Apr_16_21: tick!!!
 INFO LOG: Apr_16_21: tick!!!
 INFO LOG: Apr_16_21: tick!!!
 INFO LOG: Apr_16_21: tick!!!
 INFO LOG: Apr_16_21: tick!!!
 INFO LOG: Apr_16_21: tick!!!
 INFO LOG: Apr_16_21: tick!!!
 INFO LOG: Apr_16_21: tick!!!
 INFO LOG: Apr_16_21: tick!!!
 INFO LOG: Apr_16_21: tick!!!
 INFO LOG: Apr_16_21: tick!!!
 INFO LOG: Apr_16_21: tick!!!
 INFO LOG: Apr_16_22: tick!!!
 INFO LOG: Apr_16_22: tick!!!
 INFO LOG: Apr_16_22: tick!!!
 INFO LOG: Apr_16_22: tick!!!
 INFO LOG: Apr_16_22: tick!!!
 INFO LOG: Apr_16_22: tick!!!
 INFO LOG: Apr_16_22: tick!!!
 INFO LOG: Apr_16_22: tick!!!
 INFO LOG: Apr_16_22: tick!!!
 INFO LOG: Apr_16_22: tick!!!
 INFO LOG: Apr_16_22: tick!!!
 INFO LOG: Apr_16_22: tick!!!
 INFO LOG: Apr_16_22: tick!!!
 INFO LOG: Apr_16_22: tick!!!
 INFO LOG: Apr_16_22: tick!!!
 INFO LOG: Apr_16_22: tick!!!
 INFO LOG: Apr_16_22: tick!!!
 INFO LOG: Apr_16_22: tick!!!
 INFO LOG: Apr_16_22: tick!!!
 INFO LOG: Apr_16_22: tick!!!
 INFO LOG: Apr_16_22: tick!!!
 INFO LOG: Apr_16_22: tick!!!
 INFO LOG: Apr_16_22: tick!!!
 INFO LOG: Apr_16_22: tick!!!
 INFO LOG: Apr_16_22: tick!!!
 INFO LOG: Apr_16_22: tick!!!
 INFO LOG: Apr_16_22: tick!!!
 INFO LOG: Apr_16_22: tick!!!
 INFO LOG: Apr_16_22: tick!!!
 INFO LOG: Apr_16_22: tick!!!
 INFO LOG: Apr_16_23: tick!!!
 INFO LOG: Apr_16_23: tick!!!
 INFO LOG: Apr_16_23: tick!!!
 INFO LOG: Apr_16_23: tick!!!
 INFO LOG: Apr_16_23: tick!!!
 INFO LOG: Apr_16_23: tick!!!
 INFO LOG: Apr_16_23: tick!!!
 INFO LOG: Apr_16_23: tick!!!
 INFO LOG: Apr_16_23: tick!!!
 INFO LOG: Apr_16_23: tick!!!
 INFO LOG: Apr_16_23: tick!!!
 INFO LOG: Apr_16_23: tick!!!
 INFO LOG: Apr_16_23: tick!!!
 INFO LOG: Apr_16_23: tick!!!
 INFO LOG: Apr_16_23: tick!!!
 INFO LOG: Apr_16_23: tick!!!
 INFO LOG: Apr_16_23: tick!!!
 INFO LOG: Apr_16_23: tick!!!
 INFO LOG: Apr_16_23: tick!!!
 INFO LOG: Apr_16_23: tick!!!
 INFO LOG: Apr_16_23: tick!!!
 INFO LOG: Apr_16_23: tick!!!
 INFO LOG: Apr_16_23: tick!!!
 INFO LOG: Apr_16_23: tick!!!
 INFO LOG: Apr_16_23: tick!!!
 INFO LOG: Apr_16_23: tick!!!
 INFO LOG: Apr_16_23: tick!!!
 INFO LOG: Apr_16_23: tick!!!
 INFO LOG: Apr_16_23: tick!!!
 INFO LOG: Apr_16_23: tick!!!
 INFO LOG: Apr_17_00: tick!!!
 INFO LOG: Apr_17_00: tick!!!
 INFO LOG: Apr_17_00: tick!!!
 INFO LOG: Apr_17_00: tick!!!
 INFO LOG: Apr_17_00: tick!!!
 INFO LOG: Apr_17_00: tick!!!
 INFO LOG: Apr_17_00: tick!!!
 INFO LOG: Apr_17_00: tick!!!
 INFO LOG: Apr_17_00: tick!!!
 INFO LOG: Apr_17_00: tick!!!
 INFO LOG: Apr_17_00: tick!!!
 INFO LOG: Apr_17_00: tick!!!
 INFO LOG: Apr_17_00: tick!!!
 INFO LOG: Apr_17_00: tick!!!
 INFO LOG: Apr_17_00: tick!!!
 INFO LOG: Apr_17_00: tick!!!
 INFO LOG: Apr_17_00: tick!!!
 INFO LOG: Apr_17_00: tick!!!
 INFO LOG: Apr_17_00: tick!!!
 INFO LOG: Apr_17_00: tick!!!
 INFO LOG: Apr_17_00: tick!!!
 INFO LOG: Apr_17_00: tick!!!
 INFO LOG: Apr_17_00: tick!!!
 INFO LOG: Apr_17_00: tick!!!
 INFO LOG: Apr_17_00: tick!!!
 INFO LOG: Apr_17_00: tick!!!
 INFO LOG: Apr_17_00: tick!!!
 INFO LOG: Apr_17_00: tick!!!
 INFO LOG: Apr_17_00: tick!!!
 INFO LOG: Apr_17_00: tick!!!
 INFO LOG: Apr_17_01: tick!!!
 INFO LOG: Apr_17_01: tick!!!
 INFO LOG: Apr_17_01: tick!!!
 INFO LOG: Apr_17_01: tick!!!
 INFO LOG: Apr_17_01: tick!!!
 INFO LOG: Apr_17_01: tick!!!
 INFO LOG: Apr_17_01: tick!!!
 INFO LOG: Apr_17_01: tick!!!
 INFO LOG: Apr_17_01: tick!!!
 INFO LOG: Apr_17_01: tick!!!
 INFO LOG: Apr_17_01: tick!!!
 INFO LOG: Apr_17_01: tick!!!
 INFO LOG: Apr_17_01: tick!!!
 INFO LOG: Apr_17_01: tick!!!
 INFO LOG: Apr_17_01: tick!!!
 INFO LOG: Apr_17_01: tick!!!
 INFO LOG: Apr_17_01: tick!!!
 INFO LOG: Apr_17_01: tick!!!
 INFO LOG: Apr_17_01: tick!!!
 INFO LOG: Apr_17_01: tick!!!
 INFO LOG: Apr_17_01: tick!!!
 INFO LOG: Apr_17_01: tick!!!
 INFO LOG: Apr_17_01: tick!!!
 INFO LOG: Apr_17_01: tick!!!
 INFO LOG: Apr_17_01: tick!!!
 INFO LOG: Apr_17_01: tick!!!
 INFO LOG: Apr_17_01: tick!!!
 INFO LOG: Apr_17_01: tick!!!
 INFO LOG: Apr_17_01: tick!!!
 INFO LOG: Apr_17_01: tick!!!
 INFO LOG: Apr_17_02: tick!!!
 INFO LOG: Apr_17_02: tick!!!
 INFO LOG: Apr_17_02: tick!!!
 INFO LOG: Apr_17_02: tick!!!
 INFO LOG: Apr_17_02: tick!!!
 INFO LOG: Apr_17_02: tick!!!
 INFO LOG: Apr_17_02: tick!!!
 INFO LOG: Apr_17_02: tick!!!
 INFO LOG: Apr_17_02: tick!!!
 INFO LOG: Apr_17_02: tick!!!
 INFO LOG: Apr_17_02: tick!!!
 INFO LOG: Apr_17_02: tick!!!
 INFO LOG: Apr_17_02: tick!!!
 INFO LOG: Apr_17_02: tick!!!
 INFO LOG: Apr_17_02: tick!!!
 INFO LOG: Apr_17_02: tick!!!
 INFO LOG: Apr_17_02: tick!!!
 INFO LOG: Apr_17_02: tick!!!
 INFO LOG: Apr_17_02: tick!!!
 INFO LOG: Apr_17_02: tick!!!
 INFO LOG: Apr_17_02: tick!!!
 INFO LOG: Apr_17_02: tick!!!
 INFO LOG: Apr_17_02: tick!!!
 INFO LOG: Apr_17_02: tick!!!
 INFO LOG: Apr_17_02: tick!!!
 INFO LOG: Apr_17_02: tick!!!
 INFO LOG: Apr_17_02: tick!!!
 INFO LOG: Apr_17_02: tick!!!
 INFO LOG: Apr_17_02: tick!!!
 INFO LOG: Apr_17_02: tick!!!
 INFO LOG: Apr_17_03: tick!!!
 INFO LOG: Apr_17_03: tick!!!
 INFO LOG: Apr_17_03: tick!!!
 INFO LOG: Apr_17_03: tick!!!
 INFO LOG: Apr_17_03: tick!!!
 INFO LOG: Apr_17_03: tick!!!
 INFO LOG: Apr_17_03: tick!!!
 INFO LOG: Apr_17_03: tick!!!
 INFO LOG: Apr_17_03: tick!!!
 INFO LOG: Apr_17_03: tick!!!
 INFO LOG: Apr_17_03: tick!!!
 INFO LOG: Apr_17_03: tick!!!
 INFO LOG: Apr_17_03: tick!!!
 INFO LOG: Apr_17_03: tick!!!
 INFO LOG: Apr_17_03: tick!!!
 INFO LOG: Apr_17_03: tick!!!
 INFO LOG: Apr_17_03: tick!!!
 INFO LOG: Apr_17_03: tick!!!
 INFO LOG: Apr_17_03: tick!!!
 INFO LOG: Apr_17_03: tick!!!
 INFO LOG: Apr_17_03: tick!!!
 INFO LOG: Apr_17_03: tick!!!
 INFO LOG: Apr_17_03: tick!!!
 INFO LOG: Apr_17_03: tick!!!
 INFO LOG: Apr_17_03: tick!!!
 INFO LOG: Apr_17_03: tick!!!
 INFO LOG: Apr_17_03: tick!!!
 INFO LOG: Apr_17_03: tick!!!
 INFO LOG: Apr_17_03: tick!!!
 INFO LOG: Apr_17_03: tick!!!
 INFO LOG: Apr_17_04: tick!!!
 INFO LOG: Apr_17_04: tick!!!
 INFO LOG: Apr_17_04: tick!!!
 INFO LOG: Apr_17_04: tick!!!
 INFO LOG: Apr_17_04: tick!!!
 INFO LOG: Apr_17_04: tick!!!
 INFO LOG: Apr_17_04: tick!!!
 INFO LOG: Apr_17_04: tick!!!
 INFO LOG: Apr_17_04: tick!!!
 INFO LOG: Apr_17_04: tick!!!
 INFO LOG: Apr_17_04: tick!!!
 INFO LOG: Apr_17_04: tick!!!
 INFO LOG: Apr_17_04: tick!!!
 INFO LOG: Apr_17_04: tick!!!
 INFO LOG: Apr_17_04: tick!!!
 INFO LOG: Apr_17_04: tick!!!
 INFO LOG: Apr_17_04: tick!!!
 INFO LOG: Apr_17_04: tick!!!
 INFO LOG: Apr_17_04: tick!!!
 INFO LOG: Apr_17_04: tick!!!
 INFO LOG: Apr_17_04: tick!!!
 INFO LOG: Apr_17_04: tick!!!
 INFO LOG: Apr_17_04: tick!!!
 INFO LOG: Apr_17_04: tick!!!
 INFO LOG: Apr_17_04: tick!!!
 INFO LOG: Apr_17_04: tick!!!
 INFO LOG: Apr_17_04: tick!!!
 INFO LOG: Apr_17_04: tick!!!
 INFO LOG: Apr_17_04: tick!!!
 INFO LOG: Apr_17_04: tick!!!
 INFO LOG: Apr_17_05: tick!!!
 INFO LOG: Apr_17_05: tick!!!
 INFO LOG: Apr_17_05: tick!!!
 INFO LOG: Apr_17_05: tick!!!
 INFO LOG: Apr_17_05: tick!!!
 INFO LOG: Apr_17_05: tick!!!
 INFO LOG: Apr_17_05: tick!!!
 INFO LOG: Apr_17_05: tick!!!
 INFO LOG: Apr_17_05: tick!!!
 INFO LOG: Apr_17_05: tick!!!
 INFO LOG: Apr_17_05: tick!!!
 INFO LOG: Apr_17_05: tick!!!
 INFO LOG: Apr_17_05: tick!!!
 INFO LOG: Apr_17_05: tick!!!
 INFO LOG: Apr_17_05: tick!!!
 INFO LOG: Apr_17_05: tick!!!
 INFO LOG: Apr_17_05: tick!!!
 INFO LOG: Apr_17_05: tick!!!
 INFO LOG: Apr_17_05: tick!!!
 INFO LOG: Apr_17_05: tick!!!
 INFO LOG: Apr_17_05: tick!!!
 INFO LOG: Apr_17_05: tick!!!
 INFO LOG: Apr_17_05: tick!!!
 INFO LOG: Apr_17_05: tick!!!
 INFO LOG: Apr_17_05: tick!!!
 INFO LOG: Apr_17_05: tick!!!
 INFO LOG: Apr_17_05: tick!!!
 INFO LOG: Apr_17_05: tick!!!
 INFO LOG: Apr_17_05: tick!!!
 INFO LOG: Apr_17_05: tick!!!
 INFO LOG: Apr_17_06: tick!!!
 INFO LOG: Apr_17_06: tick!!!
 INFO LOG: Apr_17_06: tick!!!
 INFO LOG: Apr_17_06: tick!!!
 INFO LOG: Apr_17_06: tick!!!
 INFO LOG: Apr_17_06: tick!!!
 INFO LOG: Apr_17_06: tick!!!
 INFO LOG: Apr_17_06: tick!!!
 INFO LOG: Apr_17_06: tick!!!
 INFO LOG: Apr_17_06: tick!!!
 INFO LOG: Apr_17_06: tick!!!
 INFO LOG: Apr_17_06: tick!!!
 INFO LOG: Apr_17_06: tick!!!
 INFO LOG: Apr_17_06: tick!!!
 INFO LOG: Apr_17_06: tick!!!
 INFO LOG: Apr_17_06: tick!!!
 INFO LOG: Apr_17_06: tick!!!
 INFO LOG: Apr_17_06: tick!!!
 INFO LOG: Apr_17_06: tick!!!
 INFO LOG: Apr_17_06: tick!!!
 INFO LOG: Apr_17_06: tick!!!
 INFO LOG: Apr_17_06: tick!!!
 INFO LOG: Apr_17_06: tick!!!
 INFO LOG: Apr_17_06: tick!!!
 INFO LOG: Apr_17_06: tick!!!
 INFO LOG: Apr_17_06: tick!!!
 INFO LOG: Apr_17_06: tick!!!
 INFO LOG: Apr_17_06: tick!!!
 INFO LOG: Apr_17_06: tick!!!
 INFO LOG: Apr_17_06: tick!!!
 INFO LOG: Apr_17_07: tick!!!
 INFO LOG: Apr_17_07: tick!!!
 INFO LOG: Apr_17_07: tick!!!
 INFO LOG: Apr_17_07: tick!!!
 INFO LOG: Apr_17_07: tick!!!
 INFO LOG: Apr_17_07: tick!!!
 INFO LOG: Apr_17_07: tick!!!
 INFO LOG: Apr_17_07: tick!!!
 INFO LOG: Apr_17_07: tick!!!
 INFO LOG: Apr_17_07: tick!!!
 INFO LOG: Apr_17_07: tick!!!
 INFO LOG: Apr_17_07: tick!!!
 INFO LOG: Apr_17_07: tick!!!
 INFO LOG: Apr_17_07: tick!!!
 INFO LOG: Apr_17_07: tick!!!
 INFO LOG: Apr_17_07: tick!!!
 INFO LOG: Apr_17_07: tick!!!
 INFO LOG: Apr_17_07: tick!!!
 INFO LOG: Apr_17_07: tick!!!
 INFO LOG: Apr_17_07: tick!!!
 INFO LOG: Apr_17_07: tick!!!
 INFO LOG: Apr_17_07: tick!!!
 INFO LOG: Apr_17_07: tick!!!
 INFO LOG: Apr_17_07: tick!!!
 INFO LOG: Apr_17_07: tick!!!
 INFO LOG: Apr_17_07: tick!!!
 INFO LOG: Apr_17_07: tick!!!
 INFO LOG: Apr_17_07: tick!!!
 INFO LOG: Apr_17_07: tick!!!
 INFO LOG: Apr_17_07: tick!!!
 INFO LOG: Apr_17_08: tick!!!
 INFO LOG: Apr_17_08: tick!!!
 INFO LOG: Apr_17_08: tick!!!
 INFO LOG: Apr_17_08: tick!!!
 INFO LOG: Apr_17_08: -- #<Player:0x00000001ae8d68>:99.191.82.191:40851 disconnected from CoralMUD!
