 INFO LOG: Apr_15_21: Logging enabled.   Loading logs.rb.
 INFO LOG: Apr_15_21: Loading facade.rb
 INFO LOG: Apr_15_21: Loading utils.rb
 INFO LOG: Apr_15_21: Loading constants.rb
 INFO LOG: Apr_15_21: Loading class_property.rb
 INFO LOG: Apr_15_21: Loading tags.rb
 INFO LOG: Apr_15_21: Loading editor/editors.rb
 INFO LOG: Apr_15_21: Loading editor/editor.strings.rb
 INFO LOG: Apr_15_21: Loading editor/editor.rooms.rb
 INFO LOG: Apr_15_21: Loading editor/editor.exits.rb
 INFO LOG: Apr_15_21: Loading editor/editor.zones.rb
 INFO LOG: Apr_15_21: Loading editor/editor.items.rb
 INFO LOG: Apr_15_21: Loading mxp.rb
 INFO LOG: Apr_15_21: Loading mccp.rb
 INFO LOG: Apr_15_21: Loading flags.rb
 INFO LOG: Apr_15_21: Loading damage.rb
 INFO LOG: Apr_15_21: Loading areas.rb
 INFO LOG: Apr_15_21: Loading event.rb
 INFO LOG: Apr_15_21: Loading automap/automap.rb
 INFO LOG: Apr_15_21: Loading cities.olc.rb
 INFO LOG: Apr_15_21: Loading cities.rb
 INFO LOG: Apr_15_21: Loading sector definitions.
 INFO LOG: Apr_15_21: Loading help.rb
 INFO LOG: Apr_15_21: Loading imcruby.rb
 INFO LOG: Apr_15_21: Loading player.rb
 INFO LOG: Apr_15_21: Loading commands.rb
 INFO LOG: Apr_15_21: Loading random.rb
 INFO LOG: Apr_15_21: Loading items.rb
 INFO LOG: Apr_15_21: Loading spells.rb
 INFO LOG: Apr_15_21: Loading all zones.
 INFO LOG: Apr_15_21: Starting server.
 INFO LOG: Apr_15_21: CoralMUD is now up on port 4000.
 INFO LOG: Apr_15_21: -- 99.191.82.191:58479 connected to CoralMUD!
 INFO LOG: Apr_15_21: -- 99.191.82.191:58479: Retnur is trying to connect.
 INFO LOG: Apr_15_21: -- 99.191.82.191:58479: Retnur player file found.
 INFO LOG: Apr_15_21: -- Retnur has entered the game.
 INFO LOG: Apr_15_21: tick!!!
 INFO LOG: Apr_15_21: tick!!!
 INFO LOG: Apr_15_21: tick!!!
 INFO LOG: Apr_15_21: tick!!!
 INFO LOG: Apr_15_21: tick!!!
 INFO LOG: Apr_15_21: tick!!!
 INFO LOG: Apr_15_21: -- #<Player:0x000000013921b8>:99.191.82.191:58479 disconnected from CoralMUD!
 INFO LOG: Apr_15_21: Program closed.
 INFO LOG: Apr_15_21: Logging enabled.   Loading logs.rb.
 INFO LOG: Apr_15_21: Loading facade.rb
 INFO LOG: Apr_15_21: Loading utils.rb
 INFO LOG: Apr_15_21: Loading constants.rb
 INFO LOG: Apr_15_21: Loading class_property.rb
 INFO LOG: Apr_15_21: Loading tags.rb
 INFO LOG: Apr_15_21: Loading editor/editors.rb
 INFO LOG: Apr_15_21: Loading editor/editor.strings.rb
 INFO LOG: Apr_15_21: Loading editor/editor.rooms.rb
 INFO LOG: Apr_15_21: Loading editor/editor.exits.rb
 INFO LOG: Apr_15_21: Loading editor/editor.zones.rb
 INFO LOG: Apr_15_21: Loading editor/editor.items.rb
 INFO LOG: Apr_15_21: Loading mxp.rb
 INFO LOG: Apr_15_21: Loading mccp.rb
 INFO LOG: Apr_15_21: Loading flags.rb
 INFO LOG: Apr_15_21: Loading damage.rb
 INFO LOG: Apr_15_21: Loading areas.rb
 INFO LOG: Apr_15_21: Loading event.rb
 INFO LOG: Apr_15_21: Loading automap/automap.rb
 INFO LOG: Apr_15_21: Loading cities.olc.rb
 INFO LOG: Apr_15_21: Loading cities.rb
 INFO LOG: Apr_15_21: Loading sector definitions.
 INFO LOG: Apr_15_21: Loading help.rb
 INFO LOG: Apr_15_21: Loading imcruby.rb
 INFO LOG: Apr_15_21: Loading player.rb
 INFO LOG: Apr_15_21: Loading commands.rb
 INFO LOG: Apr_15_21: Loading random.rb
 INFO LOG: Apr_15_21: Loading items.rb
 INFO LOG: Apr_15_21: Loading spells.rb
 INFO LOG: Apr_15_21: Loading all zones.
 INFO LOG: Apr_15_21: Starting server.
 INFO LOG: Apr_15_21: CoralMUD is now up on port 4000.
 INFO LOG: Apr_15_21: -- 99.191.82.191:50989 connected to CoralMUD!
 INFO LOG: Apr_15_21: -- 99.191.82.191:50989: Retnur is trying to connect.
 INFO LOG: Apr_15_21: -- 99.191.82.191:50989: Retnur player file found.
 INFO LOG: Apr_15_21: -- Retnur has entered the game.
 INFO LOG: Apr_15_21: tick!!!
 INFO LOG: Apr_15_21: tick!!!
 INFO LOG: Apr_15_21: tick!!!
 INFO LOG: Apr_15_21: tick!!!
 INFO LOG: Apr_15_21: tick!!!
 INFO LOG: Apr_15_22: tick!!!
 INFO LOG: Apr_15_22: tick!!!
 INFO LOG: Apr_15_22: tick!!!
 INFO LOG: Apr_15_22: tick!!!
 INFO LOG: Apr_15_22: tick!!!
 INFO LOG: Apr_15_22: -- #<Player:0x00000001b90ab8>:99.191.82.191:50989 disconnected from CoralMUD!
 INFO LOG: Apr_15_22: Program closed.
 INFO LOG: Apr_15_22: Logging enabled.   Loading logs.rb.
 INFO LOG: Apr_15_22: Loading facade.rb
 INFO LOG: Apr_15_22: Loading utils.rb
 INFO LOG: Apr_15_22: Loading constants.rb
 INFO LOG: Apr_15_22: Loading class_property.rb
 INFO LOG: Apr_15_22: Loading tags.rb
 INFO LOG: Apr_15_22: Loading editor/editors.rb
 INFO LOG: Apr_15_22: Loading editor/editor.strings.rb
 INFO LOG: Apr_15_22: Loading editor/editor.rooms.rb
 INFO LOG: Apr_15_22: Loading editor/editor.exits.rb
 INFO LOG: Apr_15_22: Loading editor/editor.zones.rb
 INFO LOG: Apr_15_22: Loading editor/editor.items.rb
 INFO LOG: Apr_15_22: Loading mxp.rb
 INFO LOG: Apr_15_22: Loading mccp.rb
 INFO LOG: Apr_15_22: Loading flags.rb
 INFO LOG: Apr_15_22: Loading damage.rb
 INFO LOG: Apr_15_22: Loading areas.rb
 INFO LOG: Apr_15_22: Loading event.rb
 INFO LOG: Apr_15_22: Loading automap/automap.rb
 INFO LOG: Apr_15_22: Loading cities.olc.rb
 INFO LOG: Apr_15_22: Loading cities.rb
 INFO LOG: Apr_15_22: Loading sector definitions.
 INFO LOG: Apr_15_22: Loading help.rb
 INFO LOG: Apr_15_22: Loading imcruby.rb
 INFO LOG: Apr_15_22: Loading player.rb
 INFO LOG: Apr_15_22: Loading commands.rb
 INFO LOG: Apr_15_22: Loading random.rb
 INFO LOG: Apr_15_22: Loading items.rb
 INFO LOG: Apr_15_22: Loading spells.rb
 INFO LOG: Apr_15_22: Loading all zones.
 INFO LOG: Apr_15_22: Starting server.
 INFO LOG: Apr_15_22: CoralMUD is now up on port 4000.
 INFO LOG: Apr_15_22: -- 99.191.82.191:37835 connected to CoralMUD!
 INFO LOG: Apr_15_22: -- 99.191.82.191:37835: Retnur is trying to connect.
 INFO LOG: Apr_15_22: -- 99.191.82.191:37835: Retnur player file found.
 INFO LOG: Apr_15_22: -- Retnur has entered the game.
ERROR LOG: undefined method `rooms' for nil:NilClass
ERROR LOG: /home/heath/coral/lib/cities.rb:235:in `do_delete'
ERROR LOG: /home/heath/coral/lib/editor/editor.rooms.rb:50:in `block in <class:Room>'
ERROR LOG: /home/heath/coral/lib/editor/editors.rb:165:in `call'
ERROR LOG: /home/heath/coral/lib/editor/editors.rb:165:in `call_fun'
ERROR LOG: /home/heath/coral/lib/commands.rb:177:in `execute_command'
ERROR LOG: /home/heath/coral/core/socketengine.rb:160:in `handle_cmd_input'
ERROR LOG: /home/heath/coral/core/socketengine.rb:135:in `receive_data'
ERROR LOG: /usr/local/lib/ruby/gems/1.9.1/gems/eventmachine-0.12.8/lib/eventmachine.rb:242:in `run_machine'
ERROR LOG: /usr/local/lib/ruby/gems/1.9.1/gems/eventmachine-0.12.8/lib/eventmachine.rb:242:in `run'
ERROR LOG: coral.rb:160:in `<main>'
 INFO LOG: Apr_15_22: tick!!!
 INFO LOG: Apr_15_22: tick!!!
 INFO LOG: Apr_15_22: tick!!!
 INFO LOG: Apr_15_22: tick!!!
 INFO LOG: Apr_15_22: tick!!!
 INFO LOG: Apr_15_22: tick!!!
 INFO LOG: Apr_15_22: tick!!!
 INFO LOG: Apr_15_22: tick!!!
 INFO LOG: Apr_15_22: tick!!!
 INFO LOG: Apr_15_22: tick!!!
 INFO LOG: Apr_15_22: tick!!!
 INFO LOG: Apr_15_22: tick!!!
 INFO LOG: Apr_15_22: tick!!!
 INFO LOG: Apr_15_22: tick!!!
 INFO LOG: Apr_15_22: tick!!!
 INFO LOG: Apr_15_22: tick!!!
 INFO LOG: Apr_15_22: tick!!!
 INFO LOG: Apr_15_22: tick!!!
 INFO LOG: Apr_15_22: tick!!!
 INFO LOG: Apr_15_22: tick!!!
 INFO LOG: Apr_15_22: tick!!!
 INFO LOG: Apr_15_22: tick!!!
 INFO LOG: Apr_15_22: tick!!!
 INFO LOG: Apr_15_22: tick!!!
 INFO LOG: Apr_15_23: tick!!!
 INFO LOG: Apr_15_23: tick!!!
 INFO LOG: Apr_15_23: tick!!!
 INFO LOG: Apr_15_23: tick!!!
 INFO LOG: Apr_15_23: tick!!!
 INFO LOG: Apr_15_23: tick!!!
 INFO LOG: Apr_15_23: tick!!!
 INFO LOG: Apr_15_23: tick!!!
 INFO LOG: Apr_15_23: tick!!!
 INFO LOG: Apr_15_23: tick!!!
 INFO LOG: Apr_15_23: tick!!!
 INFO LOG: Apr_15_23: tick!!!
 INFO LOG: Apr_15_23: tick!!!
 INFO LOG: Apr_15_23: tick!!!
 INFO LOG: Apr_15_23: tick!!!
 INFO LOG: Apr_15_23: tick!!!
 INFO LOG: Apr_15_23: tick!!!
 INFO LOG: Apr_15_23: tick!!!
 INFO LOG: Apr_15_23: tick!!!
 INFO LOG: Apr_15_23: tick!!!
 INFO LOG: Apr_15_23: tick!!!
 INFO LOG: Apr_15_23: tick!!!
 INFO LOG: Apr_15_23: tick!!!
 INFO LOG: Apr_15_23: tick!!!
 INFO LOG: Apr_15_23: tick!!!
 INFO LOG: Apr_15_23: tick!!!
 INFO LOG: Apr_15_23: tick!!!
 INFO LOG: Apr_15_23: tick!!!
 INFO LOG: Apr_15_23: tick!!!
 INFO LOG: Apr_15_23: tick!!!
 INFO LOG: Apr_16_00: tick!!!
 INFO LOG: Apr_16_00: tick!!!
 INFO LOG: Apr_16_00: tick!!!
 INFO LOG: Apr_16_00: tick!!!
 INFO LOG: Apr_16_00: tick!!!
 INFO LOG: Apr_16_00: tick!!!
 INFO LOG: Apr_16_00: tick!!!
 INFO LOG: Apr_16_00: tick!!!
 INFO LOG: Apr_16_00: tick!!!
 INFO LOG: Apr_16_00: tick!!!
 INFO LOG: Apr_16_00: tick!!!
 INFO LOG: Apr_16_00: tick!!!
 INFO LOG: Apr_16_00: tick!!!
 INFO LOG: Apr_16_00: tick!!!
 INFO LOG: Apr_16_00: tick!!!
 INFO LOG: Apr_16_00: tick!!!
 INFO LOG: Apr_16_00: tick!!!
 INFO LOG: Apr_16_00: tick!!!
 INFO LOG: Apr_16_00: tick!!!
 INFO LOG: Apr_16_00: tick!!!
 INFO LOG: Apr_16_00: tick!!!
 INFO LOG: Apr_16_00: tick!!!
 INFO LOG: Apr_16_00: tick!!!
 INFO LOG: Apr_16_00: tick!!!
 INFO LOG: Apr_16_00: tick!!!
 INFO LOG: Apr_16_00: tick!!!
 INFO LOG: Apr_16_00: tick!!!
 INFO LOG: Apr_16_00: tick!!!
 INFO LOG: Apr_16_00: tick!!!
 INFO LOG: Apr_16_00: tick!!!
 INFO LOG: Apr_16_01: tick!!!
 INFO LOG: Apr_16_01: tick!!!
 INFO LOG: Apr_16_01: tick!!!
 INFO LOG: Apr_16_01: tick!!!
 INFO LOG: Apr_16_01: tick!!!
 INFO LOG: Apr_16_01: tick!!!
 INFO LOG: Apr_16_01: tick!!!
 INFO LOG: Apr_16_01: tick!!!
 INFO LOG: Apr_16_01: tick!!!
 INFO LOG: Apr_16_01: tick!!!
 INFO LOG: Apr_16_01: tick!!!
 INFO LOG: Apr_16_01: tick!!!
 INFO LOG: Apr_16_01: tick!!!
 INFO LOG: Apr_16_01: tick!!!
 INFO LOG: Apr_16_01: tick!!!
 INFO LOG: Apr_16_01: tick!!!
 INFO LOG: Apr_16_01: tick!!!
 INFO LOG: Apr_16_01: tick!!!
 INFO LOG: Apr_16_01: tick!!!
 INFO LOG: Apr_16_01: tick!!!
 INFO LOG: Apr_16_01: tick!!!
 INFO LOG: Apr_16_01: tick!!!
 INFO LOG: Apr_16_01: tick!!!
 INFO LOG: Apr_16_01: tick!!!
 INFO LOG: Apr_16_01: tick!!!
 INFO LOG: Apr_16_01: tick!!!
 INFO LOG: Apr_16_01: tick!!!
 INFO LOG: Apr_16_01: tick!!!
 INFO LOG: Apr_16_01: tick!!!
 INFO LOG: Apr_16_01: tick!!!
 INFO LOG: Apr_16_02: tick!!!
 INFO LOG: Apr_16_02: tick!!!
 INFO LOG: Apr_16_02: tick!!!
 INFO LOG: Apr_16_02: tick!!!
 INFO LOG: Apr_16_02: tick!!!
 INFO LOG: Apr_16_02: tick!!!
 INFO LOG: Apr_16_02: tick!!!
 INFO LOG: Apr_16_02: tick!!!
 INFO LOG: Apr_16_02: tick!!!
 INFO LOG: Apr_16_02: tick!!!
 INFO LOG: Apr_16_02: tick!!!
 INFO LOG: Apr_16_02: tick!!!
 INFO LOG: Apr_16_02: tick!!!
 INFO LOG: Apr_16_02: tick!!!
 INFO LOG: Apr_16_02: tick!!!
 INFO LOG: Apr_16_02: tick!!!
 INFO LOG: Apr_16_02: tick!!!
 INFO LOG: Apr_16_02: tick!!!
 INFO LOG: Apr_16_02: tick!!!
 INFO LOG: Apr_16_02: tick!!!
 INFO LOG: Apr_16_02: tick!!!
 INFO LOG: Apr_16_02: tick!!!
 INFO LOG: Apr_16_02: tick!!!
 INFO LOG: Apr_16_02: tick!!!
 INFO LOG: Apr_16_02: tick!!!
 INFO LOG: Apr_16_02: tick!!!
 INFO LOG: Apr_16_02: tick!!!
 INFO LOG: Apr_16_02: tick!!!
 INFO LOG: Apr_16_02: tick!!!
 INFO LOG: Apr_16_02: tick!!!
 INFO LOG: Apr_16_03: tick!!!
 INFO LOG: Apr_16_03: tick!!!
 INFO LOG: Apr_16_03: tick!!!
 INFO LOG: Apr_16_03: tick!!!
 INFO LOG: Apr_16_03: tick!!!
 INFO LOG: Apr_16_03: tick!!!
 INFO LOG: Apr_16_03: tick!!!
 INFO LOG: Apr_16_03: tick!!!
 INFO LOG: Apr_16_03: tick!!!
 INFO LOG: Apr_16_03: tick!!!
 INFO LOG: Apr_16_03: tick!!!
 INFO LOG: Apr_16_03: tick!!!
 INFO LOG: Apr_16_03: tick!!!
 INFO LOG: Apr_16_03: tick!!!
 INFO LOG: Apr_16_03: tick!!!
 INFO LOG: Apr_16_03: tick!!!
 INFO LOG: Apr_16_03: tick!!!
 INFO LOG: Apr_16_03: tick!!!
 INFO LOG: Apr_16_03: tick!!!
 INFO LOG: Apr_16_03: tick!!!
 INFO LOG: Apr_16_03: tick!!!
 INFO LOG: Apr_16_03: tick!!!
 INFO LOG: Apr_16_03: tick!!!
 INFO LOG: Apr_16_03: tick!!!
 INFO LOG: Apr_16_03: tick!!!
 INFO LOG: Apr_16_03: tick!!!
 INFO LOG: Apr_16_03: tick!!!
 INFO LOG: Apr_16_03: tick!!!
 INFO LOG: Apr_16_03: tick!!!
 INFO LOG: Apr_16_03: tick!!!
 INFO LOG: Apr_16_04: tick!!!
 INFO LOG: Apr_16_04: tick!!!
 INFO LOG: Apr_16_04: tick!!!
 INFO LOG: Apr_16_04: tick!!!
 INFO LOG: Apr_16_04: tick!!!
 INFO LOG: Apr_16_04: tick!!!
 INFO LOG: Apr_16_04: tick!!!
 INFO LOG: Apr_16_04: tick!!!
 INFO LOG: Apr_16_04: tick!!!
 INFO LOG: Apr_16_04: tick!!!
 INFO LOG: Apr_16_04: tick!!!
 INFO LOG: Apr_16_04: tick!!!
 INFO LOG: Apr_16_04: tick!!!
 INFO LOG: Apr_16_04: tick!!!
 INFO LOG: Apr_16_04: tick!!!
 INFO LOG: Apr_16_04: tick!!!
 INFO LOG: Apr_16_04: tick!!!
 INFO LOG: Apr_16_04: tick!!!
 INFO LOG: Apr_16_04: tick!!!
 INFO LOG: Apr_16_04: tick!!!
 INFO LOG: Apr_16_04: tick!!!
 INFO LOG: Apr_16_04: tick!!!
 INFO LOG: Apr_16_04: tick!!!
 INFO LOG: Apr_16_04: tick!!!
 INFO LOG: Apr_16_04: tick!!!
 INFO LOG: Apr_16_04: tick!!!
 INFO LOG: Apr_16_04: tick!!!
 INFO LOG: Apr_16_04: tick!!!
 INFO LOG: Apr_16_04: tick!!!
 INFO LOG: Apr_16_04: tick!!!
 INFO LOG: Apr_16_05: tick!!!
 INFO LOG: Apr_16_05: tick!!!
 INFO LOG: Apr_16_05: tick!!!
 INFO LOG: Apr_16_05: tick!!!
 INFO LOG: Apr_16_05: tick!!!
 INFO LOG: Apr_16_05: tick!!!
 INFO LOG: Apr_16_05: tick!!!
 INFO LOG: Apr_16_05: tick!!!
 INFO LOG: Apr_16_05: tick!!!
 INFO LOG: Apr_16_05: tick!!!
 INFO LOG: Apr_16_05: tick!!!
 INFO LOG: Apr_16_05: tick!!!
 INFO LOG: Apr_16_05: tick!!!
 INFO LOG: Apr_16_05: tick!!!
 INFO LOG: Apr_16_05: tick!!!
 INFO LOG: Apr_16_05: tick!!!
 INFO LOG: Apr_16_05: tick!!!
 INFO LOG: Apr_16_05: tick!!!
 INFO LOG: Apr_16_05: tick!!!
 INFO LOG: Apr_16_05: tick!!!
 INFO LOG: Apr_16_05: tick!!!
 INFO LOG: Apr_16_05: tick!!!
 INFO LOG: Apr_16_05: tick!!!
 INFO LOG: Apr_16_05: tick!!!
 INFO LOG: Apr_16_05: tick!!!
 INFO LOG: Apr_16_05: tick!!!
 INFO LOG: Apr_16_05: tick!!!
 INFO LOG: Apr_16_05: tick!!!
 INFO LOG: Apr_16_05: tick!!!
 INFO LOG: Apr_16_05: tick!!!
 INFO LOG: Apr_16_06: tick!!!
 INFO LOG: Apr_16_06: tick!!!
 INFO LOG: Apr_16_06: tick!!!
 INFO LOG: Apr_16_06: tick!!!
 INFO LOG: Apr_16_06: tick!!!
 INFO LOG: Apr_16_06: tick!!!
 INFO LOG: Apr_16_06: tick!!!
 INFO LOG: Apr_16_06: tick!!!
 INFO LOG: Apr_16_06: tick!!!
 INFO LOG: Apr_16_06: tick!!!
 INFO LOG: Apr_16_06: tick!!!
 INFO LOG: Apr_16_06: tick!!!
 INFO LOG: Apr_16_06: tick!!!
 INFO LOG: Apr_16_06: tick!!!
 INFO LOG: Apr_16_06: tick!!!
 INFO LOG: Apr_16_06: tick!!!
 INFO LOG: Apr_16_06: tick!!!
 INFO LOG: Apr_16_06: tick!!!
 INFO LOG: Apr_16_06: tick!!!
 INFO LOG: Apr_16_06: tick!!!
 INFO LOG: Apr_16_06: tick!!!
 INFO LOG: Apr_16_06: tick!!!
 INFO LOG: Apr_16_06: tick!!!
 INFO LOG: Apr_16_06: tick!!!
 INFO LOG: Apr_16_06: tick!!!
 INFO LOG: Apr_16_06: tick!!!
 INFO LOG: Apr_16_06: tick!!!
 INFO LOG: Apr_16_06: tick!!!
 INFO LOG: Apr_16_06: tick!!!
 INFO LOG: Apr_16_06: tick!!!
 INFO LOG: Apr_16_07: tick!!!
 INFO LOG: Apr_16_07: tick!!!
 INFO LOG: Apr_16_07: tick!!!
 INFO LOG: Apr_16_07: tick!!!
 INFO LOG: Apr_16_07: tick!!!
 INFO LOG: Apr_16_07: tick!!!
 INFO LOG: Apr_16_07: tick!!!
 INFO LOG: Apr_16_07: tick!!!
 INFO LOG: Apr_16_07: tick!!!
 INFO LOG: Apr_16_07: tick!!!
 INFO LOG: Apr_16_07: tick!!!
 INFO LOG: Apr_16_07: tick!!!
 INFO LOG: Apr_16_07: tick!!!
 INFO LOG: Apr_16_07: tick!!!
 INFO LOG: Apr_16_07: tick!!!
 INFO LOG: Apr_16_07: tick!!!
 INFO LOG: Apr_16_07: tick!!!
 INFO LOG: Apr_16_07: tick!!!
 INFO LOG: Apr_16_07: tick!!!
 INFO LOG: Apr_16_07: tick!!!
 INFO LOG: Apr_16_07: tick!!!
 INFO LOG: Apr_16_07: tick!!!
 INFO LOG: Apr_16_07: tick!!!
 INFO LOG: Apr_16_07: tick!!!
 INFO LOG: Apr_16_07: tick!!!
 INFO LOG: Apr_16_07: tick!!!
 INFO LOG: Apr_16_07: tick!!!
 INFO LOG: Apr_16_07: tick!!!
 INFO LOG: Apr_16_07: tick!!!
 INFO LOG: Apr_16_07: tick!!!
 INFO LOG: Apr_16_08: tick!!!
 INFO LOG: Apr_16_08: tick!!!
 INFO LOG: Apr_16_08: tick!!!
 INFO LOG: Apr_16_08: tick!!!
 INFO LOG: Apr_16_08: tick!!!
 INFO LOG: Apr_16_08: tick!!!
 INFO LOG: Apr_16_08: tick!!!
 INFO LOG: Apr_16_08: tick!!!
 INFO LOG: Apr_16_08: tick!!!
 INFO LOG: Apr_16_08: tick!!!
 INFO LOG: Apr_16_08: tick!!!
 INFO LOG: Apr_16_08: tick!!!
 INFO LOG: Apr_16_08: tick!!!
 INFO LOG: Apr_16_08: tick!!!
 INFO LOG: Apr_16_08: tick!!!
 INFO LOG: Apr_16_08: tick!!!
 INFO LOG: Apr_16_08: tick!!!
 INFO LOG: Apr_16_08: tick!!!
 INFO LOG: Apr_16_08: tick!!!
 INFO LOG: Apr_16_08: tick!!!
 INFO LOG: Apr_16_08: tick!!!
 INFO LOG: Apr_16_08: tick!!!
 INFO LOG: Apr_16_08: tick!!!
 INFO LOG: Apr_16_08: tick!!!
 INFO LOG: Apr_16_08: tick!!!
 INFO LOG: Apr_16_08: tick!!!
 INFO LOG: Apr_16_08: tick!!!
 INFO LOG: Apr_16_08: tick!!!
 INFO LOG: Apr_16_08: tick!!!
 INFO LOG: Apr_16_08: tick!!!
 INFO LOG: Apr_16_09: tick!!!
 INFO LOG: Apr_16_09: tick!!!
 INFO LOG: Apr_16_09: tick!!!
 INFO LOG: Apr_16_09: tick!!!
 INFO LOG: Apr_16_09: tick!!!
 INFO LOG: Apr_16_09: tick!!!
 INFO LOG: Apr_16_09: tick!!!
 INFO LOG: Apr_16_09: tick!!!
 INFO LOG: Apr_16_09: tick!!!
 INFO LOG: Apr_16_09: tick!!!
 INFO LOG: Apr_16_09: tick!!!
 INFO LOG: Apr_16_09: tick!!!
 INFO LOG: Apr_16_09: tick!!!
 INFO LOG: Apr_16_09: tick!!!
 INFO LOG: Apr_16_09: tick!!!
 INFO LOG: Apr_16_09: tick!!!
 INFO LOG: Apr_16_09: tick!!!
 INFO LOG: Apr_16_09: tick!!!
 INFO LOG: Apr_16_09: tick!!!
 INFO LOG: Apr_16_09: tick!!!
 INFO LOG: Apr_16_09: tick!!!
 INFO LOG: Apr_16_09: tick!!!
 INFO LOG: Apr_16_09: tick!!!
 INFO LOG: Apr_16_09: tick!!!
 INFO LOG: Apr_16_09: tick!!!
 INFO LOG: Apr_16_09: tick!!!
 INFO LOG: Apr_16_09: tick!!!
 INFO LOG: Apr_16_09: tick!!!
 INFO LOG: Apr_16_09: tick!!!
 INFO LOG: Apr_16_09: tick!!!
 INFO LOG: Apr_16_10: tick!!!
 INFO LOG: Apr_16_10: tick!!!
 INFO LOG: Apr_16_10: tick!!!
 INFO LOG: Apr_16_10: tick!!!
 INFO LOG: Apr_16_10: tick!!!
 INFO LOG: Apr_16_10: tick!!!
 INFO LOG: Apr_16_10: tick!!!
 INFO LOG: Apr_16_10: tick!!!
 INFO LOG: Apr_16_10: tick!!!
 INFO LOG: Apr_16_10: tick!!!
 INFO LOG: Apr_16_10: tick!!!
 INFO LOG: Apr_16_10: tick!!!
 INFO LOG: Apr_16_10: tick!!!
 INFO LOG: Apr_16_10: tick!!!
 INFO LOG: Apr_16_10: tick!!!
 INFO LOG: Apr_16_10: tick!!!
 INFO LOG: Apr_16_10: tick!!!
 INFO LOG: Apr_16_10: tick!!!
 INFO LOG: Apr_16_10: tick!!!
 INFO LOG: Apr_16_10: tick!!!
 INFO LOG: Apr_16_10: tick!!!
 INFO LOG: Apr_16_10: tick!!!
 INFO LOG: Apr_16_10: tick!!!
 INFO LOG: Apr_16_10: tick!!!
 INFO LOG: Apr_16_10: tick!!!
 INFO LOG: Apr_16_10: tick!!!
 INFO LOG: Apr_16_10: tick!!!
 INFO LOG: Apr_16_10: tick!!!
 INFO LOG: Apr_16_10: tick!!!
 INFO LOG: Apr_16_10: tick!!!
 INFO LOG: Apr_16_11: tick!!!
 INFO LOG: Apr_16_11: tick!!!
 INFO LOG: Apr_16_11: tick!!!
 INFO LOG: Apr_16_11: tick!!!
 INFO LOG: Apr_16_11: tick!!!
 INFO LOG: Apr_16_11: tick!!!
 INFO LOG: Apr_16_11: tick!!!
 INFO LOG: Apr_16_11: tick!!!
 INFO LOG: Apr_16_11: tick!!!
 INFO LOG: Apr_16_11: tick!!!
 INFO LOG: Apr_16_11: tick!!!
 INFO LOG: Apr_16_11: tick!!!
 INFO LOG: Apr_16_11: tick!!!
 INFO LOG: Apr_16_11: tick!!!
 INFO LOG: Apr_16_11: tick!!!
 INFO LOG: Apr_16_11: tick!!!
 INFO LOG: Apr_16_11: tick!!!
 INFO LOG: Apr_16_11: tick!!!
 INFO LOG: Apr_16_11: tick!!!
 INFO LOG: Apr_16_11: tick!!!
 INFO LOG: Apr_16_11: tick!!!
 INFO LOG: Apr_16_11: tick!!!
 INFO LOG: Apr_16_11: tick!!!
 INFO LOG: Apr_16_11: tick!!!
 INFO LOG: Apr_16_11: tick!!!
 INFO LOG: Apr_16_11: tick!!!
 INFO LOG: Apr_16_11: tick!!!
 INFO LOG: Apr_16_11: tick!!!
 INFO LOG: Apr_16_11: tick!!!
 INFO LOG: Apr_16_11: tick!!!
 INFO LOG: Apr_16_12: tick!!!
 INFO LOG: Apr_16_12: tick!!!
 INFO LOG: Apr_16_12: tick!!!
 INFO LOG: Apr_16_12: tick!!!
 INFO LOG: Apr_16_12: tick!!!
 INFO LOG: Apr_16_12: tick!!!
 INFO LOG: Apr_16_12: tick!!!
 INFO LOG: Apr_16_12: tick!!!
 INFO LOG: Apr_16_12: tick!!!
 INFO LOG: Apr_16_12: tick!!!
 INFO LOG: Apr_16_12: tick!!!
ERROR LOG: undefined method `rooms' for nil:NilClass
ERROR LOG: /home/heath/coral/lib/cities.rb:235:in `do_delete'
ERROR LOG: /home/heath/coral/lib/editor/editor.rooms.rb:50:in `block in <class:Room>'
ERROR LOG: /home/heath/coral/lib/editor/editors.rb:165:in `call'
ERROR LOG: /home/heath/coral/lib/editor/editors.rb:165:in `call_fun'
ERROR LOG: /home/heath/coral/lib/commands.rb:177:in `execute_command'
ERROR LOG: /home/heath/coral/core/socketengine.rb:160:in `handle_cmd_input'
ERROR LOG: /home/heath/coral/core/socketengine.rb:135:in `receive_data'
ERROR LOG: /usr/local/lib/ruby/gems/1.9.1/gems/eventmachine-0.12.8/lib/eventmachine.rb:242:in `run_machine'
ERROR LOG: /usr/local/lib/ruby/gems/1.9.1/gems/eventmachine-0.12.8/lib/eventmachine.rb:242:in `run'
ERROR LOG: coral.rb:160:in `<main>'
ERROR LOG: undefined method `rooms' for nil:NilClass
ERROR LOG: /home/heath/coral/lib/cities.rb:235:in `do_delete'
ERROR LOG: /home/heath/coral/lib/editor/editor.rooms.rb:50:in `block in <class:Room>'
ERROR LOG: /home/heath/coral/lib/editor/editors.rb:165:in `call'
ERROR LOG: /home/heath/coral/lib/editor/editors.rb:165:in `call_fun'
ERROR LOG: /home/heath/coral/lib/commands.rb:177:in `execute_command'
ERROR LOG: /home/heath/coral/core/socketengine.rb:160:in `handle_cmd_input'
ERROR LOG: /home/heath/coral/core/socketengine.rb:135:in `receive_data'
ERROR LOG: /usr/local/lib/ruby/gems/1.9.1/gems/eventmachine-0.12.8/lib/eventmachine.rb:242:in `run_machine'
ERROR LOG: /usr/local/lib/ruby/gems/1.9.1/gems/eventmachine-0.12.8/lib/eventmachine.rb:242:in `run'
ERROR LOG: coral.rb:160:in `<main>'
 INFO LOG: Apr_16_12: -- #<Player:0x00000002502a60>:99.191.82.191:37835 disconnected from CoralMUD!
 INFO LOG: Apr_16_12: Program closed.
