 INFO LOG: Apr_29_00:09: Logging enabled.   Loading logs.rb.
 INFO LOG: Apr_29_00:09: Loading facade.rb
 INFO LOG: Apr_29_00:09: Loading utils.rb
 INFO LOG: Apr_29_00:09: Loading constants.rb
 INFO LOG: Apr_29_00:09: Loading class_property.rb
 INFO LOG: Apr_29_00:09: Loading scripts.rb
 INFO LOG: Apr_29_00:09: Loading tags.rb
 INFO LOG: Apr_29_00:09: Loading editor/editors.rb
 INFO LOG: Apr_29_00:09: Loading editor/editor.strings.rb
 INFO LOG: Apr_29_00:09: Loading editor/editor.rooms.rb
 INFO LOG: Apr_29_00:09: Loading editor/editor.exits.rb
 INFO LOG: Apr_29_00:09: Loading editor/editor.zones.rb
 INFO LOG: Apr_29_00:09: Loading editor/editor.npc.rb
 INFO LOG: Apr_29_00:09: Loading editor/editor.items.rb
 INFO LOG: Apr_29_00:09: Loading mxp.rb
 INFO LOG: Apr_29_00:09: Loading mccp.rb
 INFO LOG: Apr_29_00:09: Loading flags.rb
 INFO LOG: Apr_29_00:09: Loading damage.rb
 INFO LOG: Apr_29_00:09: Loading areas.rb
 INFO LOG: Apr_29_00:09: Loading event.rb
 INFO LOG: Apr_29_00:09: Loading automap/automap.rb
 INFO LOG: Apr_29_00:09: Loading cities.olc.rb
 INFO LOG: Apr_29_00:09: Loading cities.rb
 INFO LOG: Apr_29_00:09: Loading sector definitions.
 INFO LOG: Apr_29_00:09: Loading help.rb
 INFO LOG: Apr_29_00:09: Loading imcruby.rb
 INFO LOG: Apr_29_00:09: Loading player.rb
 INFO LOG: Apr_29_00:09: Loading commands.rb
 INFO LOG: Apr_29_00:09: Loading random.rb
 INFO LOG: Apr_29_00:09: Loading npc.rb
 INFO LOG: Apr_29_00:09: Loading items.rb
 INFO LOG: Apr_29_00:09: Loading spells.rb
 INFO LOG: Apr_29_00:09: Loading all zones.
 INFO LOG: Apr_29_00:09: Starting server.
 INFO LOG: Apr_29_00:09: CoralMUD is now up on port 4000.
 INFO LOG: Apr_29_00:09: -- 99.191.82.191:47913 connected to CoralMUD!
 INFO LOG: Apr_29_00:09: -- 99.191.82.191:47913: Retnur is trying to connect.
 INFO LOG: Apr_29_00:09: -- 99.191.82.191:47913: Retnur player file found.
 INFO LOG: Apr_29_00:09: -- Retnur has entered the game.
 INFO LOG: Apr_29_00:09: -- #<Player:0x00000001b0d3e8>:99.191.82.191:47913 disconnected from CoralMUD!
 INFO LOG: Apr_29_00:09: -- 99.191.82.191:33057 connected to CoralMUD!
 INFO LOG: Apr_29_00:09: -- 99.191.82.191:33057: Retnur is trying to connect.
 INFO LOG: Apr_29_00:09: -- 99.191.82.191:33057: Retnur player file found.
 INFO LOG: Apr_29_00:09: -- Retnur has entered the game.
 INFO LOG: Apr_29_00:10: -- #<Player:0x00000001b0cd58>:99.191.82.191:33057 disconnected from CoralMUD!
 INFO LOG: Apr_29_00:10: Program closed.
 INFO LOG: Apr_29_00:10: Logging enabled.   Loading logs.rb.
 INFO LOG: Apr_29_00:10: Loading facade.rb
 INFO LOG: Apr_29_00:10: Loading utils.rb
 INFO LOG: Apr_29_00:10: Loading constants.rb
 INFO LOG: Apr_29_00:10: Loading class_property.rb
 INFO LOG: Apr_29_00:10: Loading scripts.rb
 INFO LOG: Apr_29_00:10: Loading tags.rb
 INFO LOG: Apr_29_00:10: Loading editor/editors.rb
 INFO LOG: Apr_29_00:10: Loading editor/editor.strings.rb
 INFO LOG: Apr_29_00:10: Loading editor/editor.rooms.rb
 INFO LOG: Apr_29_00:10: Loading editor/editor.exits.rb
 INFO LOG: Apr_29_00:10: Loading editor/editor.zones.rb
 INFO LOG: Apr_29_00:10: Loading editor/editor.npc.rb
 INFO LOG: Apr_29_00:10: Loading editor/editor.items.rb
 INFO LOG: Apr_29_00:10: Loading mxp.rb
 INFO LOG: Apr_29_00:10: Loading mccp.rb
 INFO LOG: Apr_29_00:10: Loading flags.rb
 INFO LOG: Apr_29_00:10: Loading damage.rb
 INFO LOG: Apr_29_00:10: Loading areas.rb
 INFO LOG: Apr_29_00:10: Loading event.rb
 INFO LOG: Apr_29_00:10: Loading automap/automap.rb
 INFO LOG: Apr_29_00:10: Loading cities.olc.rb
 INFO LOG: Apr_29_00:10: Loading cities.rb
 INFO LOG: Apr_29_00:10: Loading sector definitions.
 INFO LOG: Apr_29_00:10: Loading help.rb
 INFO LOG: Apr_29_00:10: Loading imcruby.rb
 INFO LOG: Apr_29_00:10: Loading player.rb
 INFO LOG: Apr_29_00:10: Loading commands.rb
 INFO LOG: Apr_29_00:10: Loading random.rb
 INFO LOG: Apr_29_00:10: Loading npc.rb
 INFO LOG: Apr_29_00:10: Loading items.rb
 INFO LOG: Apr_29_00:10: Loading spells.rb
 INFO LOG: Apr_29_00:10: Loading all zones.
 INFO LOG: Apr_29_00:10: Starting server.
 INFO LOG: Apr_29_00:10: CoralMUD is now up on port 4000.
 INFO LOG: Apr_29_00:10: -- 99.191.82.191:46198 connected to CoralMUD!
 INFO LOG: Apr_29_00:10: -- 99.191.82.191:46198: Retnur is trying to connect.
 INFO LOG: Apr_29_00:10: -- 99.191.82.191:46198: Retnur player file found.
 INFO LOG: Apr_29_00:10: -- Retnur has entered the game.
 INFO LOG: Apr_29_00:10: -- #<Player:0x00000002480178>:99.191.82.191:46198 disconnected from CoralMUD!
 INFO LOG: Apr_29_00:10: -- 99.191.82.191:34679 connected to CoralMUD!
 INFO LOG: Apr_29_00:10: -- 99.191.82.191:34679: Retnur is trying to connect.
 INFO LOG: Apr_29_00:10: -- 99.191.82.191:34679: Retnur player file found.
 INFO LOG: Apr_29_00:10: -- Retnur has entered the game.
 INFO LOG: Apr_29_00:12: tick!!!
 INFO LOG: Apr_29_00:12: -- #<Player:0x0000000247f480>:99.191.82.191:34679 disconnected from CoralMUD!
 INFO LOG: Apr_29_00:12: Program closed.
 INFO LOG: Apr_29_00:12: Logging enabled.   Loading logs.rb.
 INFO LOG: Apr_29_00:12: Loading facade.rb
 INFO LOG: Apr_29_00:12: Loading utils.rb
 INFO LOG: Apr_29_00:12: Loading constants.rb
 INFO LOG: Apr_29_00:12: Loading class_property.rb
 INFO LOG: Apr_29_00:12: Loading scripts.rb
 INFO LOG: Apr_29_00:12: Loading tags.rb
 INFO LOG: Apr_29_00:12: Loading editor/editors.rb
 INFO LOG: Apr_29_00:12: Loading editor/editor.strings.rb
 INFO LOG: Apr_29_00:12: Loading editor/editor.rooms.rb
 INFO LOG: Apr_29_00:12: Loading editor/editor.exits.rb
 INFO LOG: Apr_29_00:12: Loading editor/editor.zones.rb
 INFO LOG: Apr_29_00:12: Loading editor/editor.npc.rb
 INFO LOG: Apr_29_00:12: Loading editor/editor.items.rb
 INFO LOG: Apr_29_00:12: Loading mxp.rb
 INFO LOG: Apr_29_00:12: Loading mccp.rb
 INFO LOG: Apr_29_00:12: Loading flags.rb
 INFO LOG: Apr_29_00:12: Loading damage.rb
 INFO LOG: Apr_29_00:12: Loading areas.rb
 INFO LOG: Apr_29_00:12: Loading event.rb
 INFO LOG: Apr_29_00:12: Loading automap/automap.rb
 INFO LOG: Apr_29_00:12: Loading cities.olc.rb
 INFO LOG: Apr_29_00:12: Loading cities.rb
 INFO LOG: Apr_29_00:12: Loading sector definitions.
 INFO LOG: Apr_29_00:12: Loading help.rb
 INFO LOG: Apr_29_00:12: Loading imcruby.rb
 INFO LOG: Apr_29_00:12: Loading player.rb
 INFO LOG: Apr_29_00:12: Loading commands.rb
 INFO LOG: Apr_29_00:12: Loading random.rb
 INFO LOG: Apr_29_00:12: Loading npc.rb
 INFO LOG: Apr_29_00:12: Loading items.rb
 INFO LOG: Apr_29_00:12: Loading spells.rb
 INFO LOG: Apr_29_00:12: Loading all zones.
 INFO LOG: Apr_29_00:12: Starting server.
 INFO LOG: Apr_29_00:12: CoralMUD is now up on port 4000.
 INFO LOG: Apr_29_00:12: -- 99.191.82.191:52639 connected to CoralMUD!
 INFO LOG: Apr_29_00:12: -- 99.191.82.191:52639: Retnur is trying to connect.
 INFO LOG: Apr_29_00:12: -- 99.191.82.191:52639: Retnur player file found.
 INFO LOG: Apr_29_00:12: -- Retnur has entered the game.
 INFO LOG: Apr_29_00:12: Retnur has left the game.
 INFO LOG: Apr_29_00:12: -- :99.191.82.191:52639 disconnected from CoralMUD!
 INFO LOG: Apr_29_00:12: -- 99.191.82.191:37266 connected to CoralMUD!
 INFO LOG: Apr_29_00:13: -- 99.191.82.191:37266: Retnur is trying to connect.
 INFO LOG: Apr_29_00:13: -- 99.191.82.191:37266: Retnur player file found.
 INFO LOG: Apr_29_00:13: -- Retnur has entered the game.
 INFO LOG: Apr_29_00:13: -- #<Player:0x00000000f9c2c0>:99.191.82.191:37266 disconnected from CoralMUD!
 INFO LOG: Apr_29_00:13: -- 99.191.82.191:39292 connected to CoralMUD!
 INFO LOG: Apr_29_00:13: -- 99.191.82.191:39292: Retnur is trying to connect.
 INFO LOG: Apr_29_00:13: -- 99.191.82.191:39292: Retnur player file found.
 INFO LOG: Apr_29_00:13: -- 99.191.82.191:39292: #<Player:0x00000000f9c2c0> has reconnected.
 INFO LOG: Apr_29_00:13: -- Retnur has entered the game.
 INFO LOG: Apr_29_00:14: tick!!!
 INFO LOG: Apr_29_00:16: tick!!!
 INFO LOG: Apr_29_00:18: Loading items.rb
 INFO LOG: Apr_29_00:18: tick!!!
 INFO LOG: Apr_29_00:20: tick!!!
 INFO LOG: Apr_29_00:22: tick!!!
 INFO LOG: Apr_29_00:24: tick!!!
 INFO LOG: Apr_29_00:26: tick!!!
 INFO LOG: Apr_29_00:28: tick!!!
 INFO LOG: Apr_29_00:28: Loading cities.rb
 INFO LOG: Apr_29_00:28: Loading sector definitions.
 INFO LOG: Apr_29_00:30: tick!!!
 INFO LOG: Apr_29_00:32: tick!!!
 INFO LOG: Apr_29_00:34: tick!!!
 INFO LOG: Apr_29_00:36: tick!!!
 INFO LOG: Apr_29_00:38: tick!!!
 INFO LOG: Apr_29_00:40: tick!!!
 INFO LOG: Apr_29_00:42: tick!!!
 INFO LOG: Apr_29_00:43: Loading commands.rb
 INFO LOG: Apr_29_00:44: tick!!!
 INFO LOG: Apr_29_00:46: tick!!!
 INFO LOG: Apr_29_00:48: tick!!!
 INFO LOG: Apr_29_00:50: tick!!!
 INFO LOG: Apr_29_00:52: tick!!!
 INFO LOG: Apr_29_00:54: tick!!!
 INFO LOG: Apr_29_00:56: tick!!!
 INFO LOG: Apr_29_00:58: tick!!!
 INFO LOG: Apr_29_01:00: tick!!!
 INFO LOG: Apr_29_01:02: tick!!!
 INFO LOG: Apr_29_01:04: tick!!!
 INFO LOG: Apr_29_01:06: tick!!!
 INFO LOG: Apr_29_01:07: Loading commands.rb
 INFO LOG: Apr_29_01:07: -- #<Player:0x00000000f9c2c0>:99.191.82.191:39292 disconnected from CoralMUD!
 INFO LOG: Apr_29_01:07: Logging enabled.   Loading logs.rb.
 INFO LOG: Apr_29_01:07: Loading facade.rb
 INFO LOG: Apr_29_01:07: Loading utils.rb
 INFO LOG: Apr_29_01:07: Loading constants.rb
 INFO LOG: Apr_29_01:07: Loading class_property.rb
 INFO LOG: Apr_29_01:07: Loading scripts.rb
 INFO LOG: Apr_29_01:07: Loading tags.rb
 INFO LOG: Apr_29_01:07: Loading editor/editors.rb
 INFO LOG: Apr_29_01:07: Loading editor/editor.strings.rb
 INFO LOG: Apr_29_01:07: Loading editor/editor.rooms.rb
 INFO LOG: Apr_29_01:07: Loading editor/editor.exits.rb
 INFO LOG: Apr_29_01:07: Loading editor/editor.zones.rb
 INFO LOG: Apr_29_01:07: Loading editor/editor.npc.rb
 INFO LOG: Apr_29_01:07: Loading editor/editor.items.rb
 INFO LOG: Apr_29_01:07: Loading mxp.rb
 INFO LOG: Apr_29_01:07: Loading mccp.rb
 INFO LOG: Apr_29_01:07: Loading flags.rb
 INFO LOG: Apr_29_01:07: Loading damage.rb
 INFO LOG: Apr_29_01:07: Loading areas.rb
 INFO LOG: Apr_29_01:07: Loading event.rb
 INFO LOG: Apr_29_01:07: Loading automap/automap.rb
 INFO LOG: Apr_29_01:07: Loading cities.olc.rb
 INFO LOG: Apr_29_01:07: Loading cities.rb
 INFO LOG: Apr_29_01:07: Loading sector definitions.
 INFO LOG: Apr_29_01:07: Loading help.rb
 INFO LOG: Apr_29_01:07: Loading imcruby.rb
 INFO LOG: Apr_29_01:07: Loading player.rb
 INFO LOG: Apr_29_01:07: Loading commands.rb
 INFO LOG: Apr_29_01:07: Loading random.rb
 INFO LOG: Apr_29_01:07: Loading npc.rb
 INFO LOG: Apr_29_01:07: Loading items.rb
 INFO LOG: Apr_29_01:07: Loading spells.rb
 INFO LOG: Apr_29_01:07: Loading all zones.
 INFO LOG: Apr_29_01:07: Starting server.
 INFO LOG: Apr_29_01:07: CoralMUD is now up on port 4000.
 INFO LOG: Apr_29_01:07: -- 99.191.82.191:45465 connected to CoralMUD!
 INFO LOG: Apr_29_01:07: -- 99.191.82.191:45465: Retnur is trying to connect.
 INFO LOG: Apr_29_01:07: -- 99.191.82.191:45465: Retnur player file found.
 INFO LOG: Apr_29_01:07: -- Retnur has entered the game.
 INFO LOG: Apr_29_01:08: -- #<Player:0x00000002177058>:99.191.82.191:45465 disconnected from CoralMUD!
 INFO LOG: Apr_29_01:09: Logging enabled.   Loading logs.rb.
 INFO LOG: Apr_29_01:09: Loading facade.rb
 INFO LOG: Apr_29_01:09: Loading utils.rb
 INFO LOG: Apr_29_01:09: Loading constants.rb
 INFO LOG: Apr_29_01:09: Loading class_property.rb
 INFO LOG: Apr_29_01:09: Loading scripts.rb
 INFO LOG: Apr_29_01:09: Loading tags.rb
 INFO LOG: Apr_29_01:09: Loading editor/editors.rb
 INFO LOG: Apr_29_01:09: Loading editor/editor.strings.rb
 INFO LOG: Apr_29_01:09: Loading editor/editor.rooms.rb
 INFO LOG: Apr_29_01:09: Loading editor/editor.exits.rb
 INFO LOG: Apr_29_01:09: Loading editor/editor.zones.rb
 INFO LOG: Apr_29_01:09: Loading editor/editor.npc.rb
 INFO LOG: Apr_29_01:09: Loading editor/editor.items.rb
 INFO LOG: Apr_29_01:09: Loading mxp.rb
 INFO LOG: Apr_29_01:09: Loading mccp.rb
 INFO LOG: Apr_29_01:09: Loading flags.rb
 INFO LOG: Apr_29_01:09: Loading damage.rb
 INFO LOG: Apr_29_01:09: Loading areas.rb
 INFO LOG: Apr_29_01:09: Loading event.rb
 INFO LOG: Apr_29_01:09: Loading automap/automap.rb
 INFO LOG: Apr_29_01:09: Loading cities.olc.rb
 INFO LOG: Apr_29_01:09: Loading cities.rb
 INFO LOG: Apr_29_01:09: Loading sector definitions.
 INFO LOG: Apr_29_01:09: Loading help.rb
 INFO LOG: Apr_29_01:09: Loading imcruby.rb
 INFO LOG: Apr_29_01:09: Loading player.rb
 INFO LOG: Apr_29_01:09: Loading commands.rb
 INFO LOG: Apr_29_01:09: Loading random.rb
 INFO LOG: Apr_29_01:09: Loading npc.rb
 INFO LOG: Apr_29_01:09: Loading items.rb
 INFO LOG: Apr_29_01:09: Loading spells.rb
 INFO LOG: Apr_29_01:09: Loading all zones.
 INFO LOG: Apr_29_01:09: Starting server.
 INFO LOG: Apr_29_01:09: CoralMUD is now up on port 4000.
 INFO LOG: Apr_29_01:09: -- 99.191.82.191:45280 connected to CoralMUD!
 INFO LOG: Apr_29_01:09: -- 99.191.82.191:45280: Retnur is trying to connect.
 INFO LOG: Apr_29_01:09: -- 99.191.82.191:45280: Retnur player file found.
 INFO LOG: Apr_29_01:09: -- Retnur has entered the game.
 INFO LOG: Apr_29_01:10: -- #<Player:0x000000022e6100>:99.191.82.191:45280 disconnected from CoralMUD!
 INFO LOG: Apr_29_01:13: Logging enabled.   Loading logs.rb.
 INFO LOG: Apr_29_01:13: Loading facade.rb
 INFO LOG: Apr_29_01:13: Loading utils.rb
 INFO LOG: Apr_29_01:13: Loading constants.rb
 INFO LOG: Apr_29_01:13: Loading class_property.rb
 INFO LOG: Apr_29_01:13: Loading scripts.rb
 INFO LOG: Apr_29_01:13: Loading tags.rb
 INFO LOG: Apr_29_01:13: Loading editor/editors.rb
 INFO LOG: Apr_29_01:13: Loading editor/editor.strings.rb
 INFO LOG: Apr_29_01:13: Loading editor/editor.rooms.rb
 INFO LOG: Apr_29_01:13: Loading editor/editor.exits.rb
 INFO LOG: Apr_29_01:13: Loading editor/editor.zones.rb
 INFO LOG: Apr_29_01:13: Loading editor/editor.npc.rb
 INFO LOG: Apr_29_01:13: Loading editor/editor.items.rb
 INFO LOG: Apr_29_01:13: Loading mxp.rb
 INFO LOG: Apr_29_01:13: Loading mccp.rb
 INFO LOG: Apr_29_01:13: Loading flags.rb
 INFO LOG: Apr_29_01:13: Loading damage.rb
 INFO LOG: Apr_29_01:13: Loading areas.rb
 INFO LOG: Apr_29_01:13: Loading event.rb
 INFO LOG: Apr_29_01:13: Loading automap/automap.rb
 INFO LOG: Apr_29_01:13: Loading cities.olc.rb
 INFO LOG: Apr_29_01:13: Loading cities.rb
 INFO LOG: Apr_29_01:13: Loading sector definitions.
 INFO LOG: Apr_29_01:13: Loading help.rb
 INFO LOG: Apr_29_01:13: Loading imcruby.rb
 INFO LOG: Apr_29_01:13: Loading player.rb
 INFO LOG: Apr_29_01:13: Loading commands.rb
 INFO LOG: Apr_29_01:13: Loading random.rb
 INFO LOG: Apr_29_01:13: Loading npc.rb
 INFO LOG: Apr_29_01:13: Loading items.rb
 INFO LOG: Apr_29_01:13: Loading spells.rb
 INFO LOG: Apr_29_01:13: Loading all zones.
 INFO LOG: Apr_29_01:13: Starting server.
 INFO LOG: Apr_29_01:13: CoralMUD is now up on port 4000.
 INFO LOG: Apr_29_01:13: -- 99.191.82.191:52421 connected to CoralMUD!
 INFO LOG: Apr_29_01:13: -- 99.191.82.191:52421: Retnur is trying to connect.
 INFO LOG: Apr_29_01:13: -- 99.191.82.191:52421: Retnur player file found.
 INFO LOG: Apr_29_01:13: -- Retnur has entered the game.
 INFO LOG: Apr_29_01:15: tick!!!
 INFO LOG: Apr_29_01:17: tick!!!
 INFO LOG: Apr_29_01:17: -- #<Player:0x00000000f19528>:99.191.82.191:52421 disconnected from CoralMUD!
 INFO LOG: Apr_29_01:17: Logging enabled.   Loading logs.rb.
 INFO LOG: Apr_29_01:17: Loading facade.rb
 INFO LOG: Apr_29_01:17: Loading utils.rb
 INFO LOG: Apr_29_01:17: Loading constants.rb
 INFO LOG: Apr_29_01:17: Loading class_property.rb
 INFO LOG: Apr_29_01:17: Loading scripts.rb
 INFO LOG: Apr_29_01:17: Loading tags.rb
 INFO LOG: Apr_29_01:17: Loading editor/editors.rb
 INFO LOG: Apr_29_01:17: Loading editor/editor.strings.rb
 INFO LOG: Apr_29_01:17: Loading editor/editor.rooms.rb
 INFO LOG: Apr_29_01:17: Loading editor/editor.exits.rb
 INFO LOG: Apr_29_01:17: Loading editor/editor.zones.rb
 INFO LOG: Apr_29_01:17: Loading editor/editor.npc.rb
 INFO LOG: Apr_29_01:17: Loading editor/editor.items.rb
 INFO LOG: Apr_29_01:17: Loading mxp.rb
 INFO LOG: Apr_29_01:17: Loading mccp.rb
 INFO LOG: Apr_29_01:17: Loading flags.rb
 INFO LOG: Apr_29_01:17: Loading damage.rb
 INFO LOG: Apr_29_01:17: Loading areas.rb
 INFO LOG: Apr_29_01:17: Loading event.rb
 INFO LOG: Apr_29_01:17: Loading automap/automap.rb
 INFO LOG: Apr_29_01:17: Loading cities.olc.rb
 INFO LOG: Apr_29_01:17: Loading cities.rb
 INFO LOG: Apr_29_01:17: Loading sector definitions.
 INFO LOG: Apr_29_01:17: Loading help.rb
 INFO LOG: Apr_29_01:17: Loading imcruby.rb
 INFO LOG: Apr_29_01:17: Loading player.rb
 INFO LOG: Apr_29_01:17: Loading commands.rb
 INFO LOG: Apr_29_01:17: Loading random.rb
 INFO LOG: Apr_29_01:17: Loading npc.rb
 INFO LOG: Apr_29_01:17: Loading items.rb
 INFO LOG: Apr_29_01:17: Loading spells.rb
 INFO LOG: Apr_29_01:17: Loading all zones.
 INFO LOG: Apr_29_01:17: Starting server.
 INFO LOG: Apr_29_01:17: CoralMUD is now up on port 4000.
 INFO LOG: Apr_29_01:17: -- 99.191.82.191:48665 connected to CoralMUD!
 INFO LOG: Apr_29_01:17: -- 99.191.82.191:48665: Retnur is trying to connect.
 INFO LOG: Apr_29_01:17: -- 99.191.82.191:48665: Retnur player file found.
 INFO LOG: Apr_29_01:17: -- Retnur has entered the game.
 INFO LOG: Apr_29_01:19: tick!!!
 INFO LOG: Apr_29_01:21: tick!!!
 INFO LOG: Apr_29_01:22: -- #<Player:0x00000001475648>:99.191.82.191:48665 disconnected from CoralMUD!
 INFO LOG: Apr_29_01:22: Logging enabled.   Loading logs.rb.
 INFO LOG: Apr_29_01:22: Loading facade.rb
 INFO LOG: Apr_29_01:22: Loading utils.rb
 INFO LOG: Apr_29_01:22: Loading constants.rb
 INFO LOG: Apr_29_01:22: Loading class_property.rb
 INFO LOG: Apr_29_01:22: Loading scripts.rb
 INFO LOG: Apr_29_01:22: Loading tags.rb
 INFO LOG: Apr_29_01:22: Loading editor/editors.rb
 INFO LOG: Apr_29_01:22: Loading editor/editor.strings.rb
 INFO LOG: Apr_29_01:22: Loading editor/editor.rooms.rb
 INFO LOG: Apr_29_01:22: Loading editor/editor.exits.rb
 INFO LOG: Apr_29_01:22: Loading editor/editor.zones.rb
 INFO LOG: Apr_29_01:22: Loading editor/editor.npc.rb
 INFO LOG: Apr_29_01:22: Loading editor/editor.items.rb
 INFO LOG: Apr_29_01:22: Loading mxp.rb
 INFO LOG: Apr_29_01:22: Loading mccp.rb
 INFO LOG: Apr_29_01:22: Loading flags.rb
 INFO LOG: Apr_29_01:22: Loading damage.rb
 INFO LOG: Apr_29_01:22: Loading areas.rb
 INFO LOG: Apr_29_01:22: Loading event.rb
 INFO LOG: Apr_29_01:22: Loading automap/automap.rb
 INFO LOG: Apr_29_01:22: Loading cities.olc.rb
 INFO LOG: Apr_29_01:22: Loading cities.rb
 INFO LOG: Apr_29_01:22: Loading sector definitions.
 INFO LOG: Apr_29_01:22: Loading help.rb
 INFO LOG: Apr_29_01:22: Loading imcruby.rb
 INFO LOG: Apr_29_01:22: Loading player.rb
 INFO LOG: Apr_29_01:22: Loading commands.rb
 INFO LOG: Apr_29_01:22: Loading random.rb
 INFO LOG: Apr_29_01:22: Loading npc.rb
 INFO LOG: Apr_29_01:22: Loading items.rb
 INFO LOG: Apr_29_01:22: Loading spells.rb
 INFO LOG: Apr_29_01:22: Loading all zones.
 INFO LOG: Apr_29_01:22: Starting server.
 INFO LOG: Apr_29_01:22: CoralMUD is now up on port 4000.
 INFO LOG: Apr_29_01:22: -- 99.191.82.191:46963 connected to CoralMUD!
 INFO LOG: Apr_29_01:22: -- 99.191.82.191:46963: Retnur is trying to connect.
 INFO LOG: Apr_29_01:22: -- 99.191.82.191:46963: Retnur player file found.
 INFO LOG: Apr_29_01:22: -- Retnur has entered the game.
 INFO LOG: Apr_29_01:22: -- #<Player:0x00000000fb6648>:99.191.82.191:46963 disconnected from CoralMUD!
 INFO LOG: Apr_29_01:23: Logging enabled.   Loading logs.rb.
 INFO LOG: Apr_29_01:23: Loading facade.rb
 INFO LOG: Apr_29_01:23: Loading utils.rb
 INFO LOG: Apr_29_01:23: Loading constants.rb
 INFO LOG: Apr_29_01:23: Loading class_property.rb
 INFO LOG: Apr_29_01:23: Loading scripts.rb
 INFO LOG: Apr_29_01:23: Loading tags.rb
 INFO LOG: Apr_29_01:23: Loading editor/editors.rb
 INFO LOG: Apr_29_01:23: Loading editor/editor.strings.rb
 INFO LOG: Apr_29_01:23: Loading editor/editor.rooms.rb
 INFO LOG: Apr_29_01:23: Loading editor/editor.exits.rb
 INFO LOG: Apr_29_01:23: Loading editor/editor.zones.rb
 INFO LOG: Apr_29_01:23: Loading editor/editor.npc.rb
 INFO LOG: Apr_29_01:23: Loading editor/editor.items.rb
 INFO LOG: Apr_29_01:23: Loading mxp.rb
 INFO LOG: Apr_29_01:23: Loading mccp.rb
 INFO LOG: Apr_29_01:23: Loading flags.rb
 INFO LOG: Apr_29_01:23: Loading damage.rb
 INFO LOG: Apr_29_01:23: Loading areas.rb
 INFO LOG: Apr_29_01:23: Loading event.rb
 INFO LOG: Apr_29_01:23: Loading automap/automap.rb
 INFO LOG: Apr_29_01:23: Loading cities.olc.rb
 INFO LOG: Apr_29_01:23: Loading cities.rb
 INFO LOG: Apr_29_01:23: Loading sector definitions.
 INFO LOG: Apr_29_01:23: Loading help.rb
 INFO LOG: Apr_29_01:23: Loading imcruby.rb
 INFO LOG: Apr_29_01:23: Loading player.rb
 INFO LOG: Apr_29_01:23: Loading commands.rb
 INFO LOG: Apr_29_01:23: Loading random.rb
 INFO LOG: Apr_29_01:23: Loading npc.rb
 INFO LOG: Apr_29_01:23: Loading items.rb
 INFO LOG: Apr_29_01:23: Loading spells.rb
 INFO LOG: Apr_29_01:23: Loading all zones.
 INFO LOG: Apr_29_01:23: Starting server.
 INFO LOG: Apr_29_01:23: CoralMUD is now up on port 4000.
 INFO LOG: Apr_29_01:23: -- 99.191.82.191:49267 connected to CoralMUD!
 INFO LOG: Apr_29_01:23: -- 99.191.82.191:49267: Retnur is trying to connect.
 INFO LOG: Apr_29_01:23: -- 99.191.82.191:49267: Retnur player file found.
 INFO LOG: Apr_29_01:23: -- Retnur has entered the game.
 INFO LOG: Apr_29_01:25: tick!!!
 INFO LOG: Apr_29_01:27: tick!!!
 INFO LOG: Apr_29_01:29: -- #<Player:0x00000001f59b40>:99.191.82.191:49267 disconnected from CoralMUD!
 INFO LOG: Apr_29_01:29: Logging enabled.   Loading logs.rb.
 INFO LOG: Apr_29_01:29: Loading facade.rb
 INFO LOG: Apr_29_01:29: Loading utils.rb
 INFO LOG: Apr_29_01:29: Loading constants.rb
 INFO LOG: Apr_29_01:29: Loading class_property.rb
 INFO LOG: Apr_29_01:29: Loading scripts.rb
 INFO LOG: Apr_29_01:29: Loading tags.rb
 INFO LOG: Apr_29_01:29: Loading editor/editors.rb
 INFO LOG: Apr_29_01:29: Loading editor/editor.strings.rb
 INFO LOG: Apr_29_01:29: Loading editor/editor.rooms.rb
 INFO LOG: Apr_29_01:29: Loading editor/editor.exits.rb
 INFO LOG: Apr_29_01:29: Loading editor/editor.zones.rb
 INFO LOG: Apr_29_01:29: Loading editor/editor.npc.rb
 INFO LOG: Apr_29_01:29: Loading editor/editor.items.rb
 INFO LOG: Apr_29_01:29: Loading mxp.rb
 INFO LOG: Apr_29_01:29: Loading mccp.rb
 INFO LOG: Apr_29_01:29: Loading flags.rb
 INFO LOG: Apr_29_01:29: Loading damage.rb
 INFO LOG: Apr_29_01:29: Loading areas.rb
 INFO LOG: Apr_29_01:29: Loading event.rb
 INFO LOG: Apr_29_01:29: Loading automap/automap.rb
 INFO LOG: Apr_29_01:29: Loading cities.olc.rb
 INFO LOG: Apr_29_01:29: Loading cities.rb
 INFO LOG: Apr_29_01:29: Loading sector definitions.
 INFO LOG: Apr_29_01:29: Loading help.rb
 INFO LOG: Apr_29_01:29: Loading imcruby.rb
 INFO LOG: Apr_29_01:29: Loading player.rb
 INFO LOG: Apr_29_01:29: Loading commands.rb
 INFO LOG: Apr_29_01:29: Loading random.rb
 INFO LOG: Apr_29_01:29: Loading npc.rb
 INFO LOG: Apr_29_01:29: Loading items.rb
 INFO LOG: Apr_29_01:29: Loading spells.rb
 INFO LOG: Apr_29_01:29: Loading all zones.
 INFO LOG: Apr_29_01:29: Starting server.
 INFO LOG: Apr_29_01:29: CoralMUD is now up on port 4000.
 INFO LOG: Apr_29_01:29: -- 99.191.82.191:44555 connected to CoralMUD!
 INFO LOG: Apr_29_01:29: -- 99.191.82.191:44555: Retnur is trying to connect.
 INFO LOG: Apr_29_01:29: -- 99.191.82.191:44555: Retnur player file found.
 INFO LOG: Apr_29_01:29: -- Retnur has entered the game.
 INFO LOG: Apr_29_01:31: tick!!!
 INFO LOG: Apr_29_01:31: -- #<Player:0x00000002c7fae0>:99.191.82.191:44555 disconnected from CoralMUD!
 INFO LOG: Apr_29_01:31: Logging enabled.   Loading logs.rb.
 INFO LOG: Apr_29_01:31: Loading facade.rb
 INFO LOG: Apr_29_01:31: Loading utils.rb
 INFO LOG: Apr_29_01:31: Loading constants.rb
 INFO LOG: Apr_29_01:31: Loading class_property.rb
 INFO LOG: Apr_29_01:31: Loading scripts.rb
 INFO LOG: Apr_29_01:31: Loading tags.rb
 INFO LOG: Apr_29_01:31: Loading editor/editors.rb
 INFO LOG: Apr_29_01:31: Loading editor/editor.strings.rb
 INFO LOG: Apr_29_01:31: Loading editor/editor.rooms.rb
 INFO LOG: Apr_29_01:31: Loading editor/editor.exits.rb
 INFO LOG: Apr_29_01:31: Loading editor/editor.zones.rb
 INFO LOG: Apr_29_01:31: Loading editor/editor.npc.rb
 INFO LOG: Apr_29_01:31: Loading editor/editor.items.rb
 INFO LOG: Apr_29_01:31: Loading mxp.rb
 INFO LOG: Apr_29_01:31: Loading mccp.rb
 INFO LOG: Apr_29_01:31: Loading flags.rb
 INFO LOG: Apr_29_01:31: Loading damage.rb
 INFO LOG: Apr_29_01:31: Loading areas.rb
 INFO LOG: Apr_29_01:31: Loading event.rb
 INFO LOG: Apr_29_01:31: Loading automap/automap.rb
 INFO LOG: Apr_29_01:31: Loading cities.olc.rb
 INFO LOG: Apr_29_01:31: Loading cities.rb
 INFO LOG: Apr_29_01:31: Loading sector definitions.
 INFO LOG: Apr_29_01:31: Loading help.rb
 INFO LOG: Apr_29_01:31: Loading imcruby.rb
 INFO LOG: Apr_29_01:31: Loading player.rb
 INFO LOG: Apr_29_01:31: Loading commands.rb
 INFO LOG: Apr_29_01:31: Loading random.rb
 INFO LOG: Apr_29_01:31: Loading npc.rb
 INFO LOG: Apr_29_01:31: Loading items.rb
 INFO LOG: Apr_29_01:31: Loading spells.rb
 INFO LOG: Apr_29_01:31: Loading all zones.
 INFO LOG: Apr_29_01:31: Starting server.
 INFO LOG: Apr_29_01:31: CoralMUD is now up on port 4000.
 INFO LOG: Apr_29_01:32: -- 99.191.82.191:37875 connected to CoralMUD!
 INFO LOG: Apr_29_01:32: -- 99.191.82.191:37875: Retnur is trying to connect.
 INFO LOG: Apr_29_01:32: -- 99.191.82.191:37875: Retnur player file found.
 INFO LOG: Apr_29_01:32: -- Retnur has entered the game.
 INFO LOG: Apr_29_01:33: tick!!!
 INFO LOG: Apr_29_01:35: tick!!!
 INFO LOG: Apr_29_01:37: tick!!!
 INFO LOG: Apr_29_01:39: tick!!!
 INFO LOG: Apr_29_01:41: tick!!!
 INFO LOG: Apr_29_01:43: tick!!!
 INFO LOG: Apr_29_01:45: tick!!!
 INFO LOG: Apr_29_01:47: tick!!!
 INFO LOG: Apr_29_01:49: tick!!!
 INFO LOG: Apr_29_01:51: tick!!!
 INFO LOG: Apr_29_01:53: tick!!!
 INFO LOG: Apr_29_01:55: tick!!!
 INFO LOG: Apr_29_01:57: tick!!!
 INFO LOG: Apr_29_01:59: tick!!!
 INFO LOG: Apr_29_02:01: tick!!!
 INFO LOG: Apr_29_02:03: tick!!!
 INFO LOG: Apr_29_02:05: tick!!!
 INFO LOG: Apr_29_02:07: tick!!!
 INFO LOG: Apr_29_02:09: tick!!!
 INFO LOG: Apr_29_02:11: tick!!!
 INFO LOG: Apr_29_02:13: tick!!!
 INFO LOG: Apr_29_02:15: tick!!!
 INFO LOG: Apr_29_02:17: tick!!!
 INFO LOG: Apr_29_02:19: -- 70.187.61.61:39924 connected to CoralMUD!
 INFO LOG: Apr_29_02:19: -- 70.187.61.61:39924: Kregor is trying to connect.
 INFO LOG: Apr_29_02:19: -- 70.187.61.61:39924: Kregor:  New Character.
 INFO LOG: Apr_29_02:19: tick!!!
 INFO LOG: Apr_29_02:21: -- 70.187.61.61:39924: Kregor successfully created.
 INFO LOG: Apr_29_02:21: -- Kregor has entered the game.
 INFO LOG: Apr_29_02:21: tick!!!
 INFO LOG: Apr_29_02:21: -- #<Player:0x00000002c0c180>:70.187.61.61:39924 disconnected from CoralMUD!
 INFO LOG: Apr_29_02:23: tick!!!
 INFO LOG: Apr_29_02:25: tick!!!
 INFO LOG: Apr_29_02:27: tick!!!
 INFO LOG: Apr_29_02:29: tick!!!
 INFO LOG: Apr_29_02:31: tick!!!
 INFO LOG: Apr_29_02:33: tick!!!
 INFO LOG: Apr_29_02:35: tick!!!
 INFO LOG: Apr_29_02:37: tick!!!
 INFO LOG: Apr_29_02:39: tick!!!
 INFO LOG: Apr_29_02:41: tick!!!
 INFO LOG: Apr_29_02:43: tick!!!
 INFO LOG: Apr_29_02:45: tick!!!
 INFO LOG: Apr_29_02:47: tick!!!
 INFO LOG: Apr_29_02:49: tick!!!
 INFO LOG: Apr_29_02:51: tick!!!
 INFO LOG: Apr_29_02:53: tick!!!
 INFO LOG: Apr_29_02:55: tick!!!
 INFO LOG: Apr_29_02:57: tick!!!
 INFO LOG: Apr_29_02:59: tick!!!
 INFO LOG: Apr_29_03:01: tick!!!
 INFO LOG: Apr_29_03:03: tick!!!
 INFO LOG: Apr_29_03:05: tick!!!
 INFO LOG: Apr_29_03:07: tick!!!
 INFO LOG: Apr_29_03:09: tick!!!
 INFO LOG: Apr_29_03:11: tick!!!
 INFO LOG: Apr_29_03:13: tick!!!
 INFO LOG: Apr_29_03:15: tick!!!
 INFO LOG: Apr_29_03:17: tick!!!
 INFO LOG: Apr_29_03:19: tick!!!
 INFO LOG: Apr_29_03:21: tick!!!
 INFO LOG: Apr_29_03:23: tick!!!
 INFO LOG: Apr_29_03:25: tick!!!
 INFO LOG: Apr_29_03:27: tick!!!
 INFO LOG: Apr_29_03:29: tick!!!
 INFO LOG: Apr_29_03:31: tick!!!
 INFO LOG: Apr_29_03:33: tick!!!
 INFO LOG: Apr_29_03:35: tick!!!
 INFO LOG: Apr_29_03:37: tick!!!
 INFO LOG: Apr_29_03:39: tick!!!
 INFO LOG: Apr_29_03:41: tick!!!
 INFO LOG: Apr_29_03:43: tick!!!
 INFO LOG: Apr_29_03:45: tick!!!
 INFO LOG: Apr_29_03:47: tick!!!
 INFO LOG: Apr_29_03:49: tick!!!
 INFO LOG: Apr_29_03:51: tick!!!
 INFO LOG: Apr_29_03:53: tick!!!
 INFO LOG: Apr_29_03:55: tick!!!
 INFO LOG: Apr_29_03:57: tick!!!
 INFO LOG: Apr_29_03:59: tick!!!
 INFO LOG: Apr_29_04:01: tick!!!
 INFO LOG: Apr_29_04:03: tick!!!
 INFO LOG: Apr_29_04:05: tick!!!
 INFO LOG: Apr_29_04:07: tick!!!
 INFO LOG: Apr_29_04:09: tick!!!
 INFO LOG: Apr_29_04:11: tick!!!
 INFO LOG: Apr_29_04:13: tick!!!
 INFO LOG: Apr_29_04:15: tick!!!
 INFO LOG: Apr_29_04:17: tick!!!
 INFO LOG: Apr_29_04:19: tick!!!
 INFO LOG: Apr_29_04:21: tick!!!
 INFO LOG: Apr_29_04:23: tick!!!
 INFO LOG: Apr_29_04:25: tick!!!
 INFO LOG: Apr_29_04:27: tick!!!
 INFO LOG: Apr_29_04:29: tick!!!
 INFO LOG: Apr_29_04:31: tick!!!
 INFO LOG: Apr_29_04:33: tick!!!
 INFO LOG: Apr_29_04:35: tick!!!
 INFO LOG: Apr_29_04:37: tick!!!
 INFO LOG: Apr_29_04:39: tick!!!
 INFO LOG: Apr_29_04:41: tick!!!
 INFO LOG: Apr_29_04:43: tick!!!
 INFO LOG: Apr_29_04:45: tick!!!
 INFO LOG: Apr_29_04:47: tick!!!
 INFO LOG: Apr_29_04:49: tick!!!
 INFO LOG: Apr_29_04:51: tick!!!
 INFO LOG: Apr_29_04:53: tick!!!
 INFO LOG: Apr_29_04:55: tick!!!
 INFO LOG: Apr_29_04:57: tick!!!
 INFO LOG: Apr_29_04:59: tick!!!
 INFO LOG: Apr_29_05:01: tick!!!
 INFO LOG: Apr_29_05:03: tick!!!
 INFO LOG: Apr_29_05:05: tick!!!
 INFO LOG: Apr_29_05:07: tick!!!
 INFO LOG: Apr_29_05:09: tick!!!
 INFO LOG: Apr_29_05:11: tick!!!
 INFO LOG: Apr_29_05:13: tick!!!
 INFO LOG: Apr_29_05:15: tick!!!
 INFO LOG: Apr_29_05:17: tick!!!
 INFO LOG: Apr_29_05:19: tick!!!
 INFO LOG: Apr_29_05:21: tick!!!
 INFO LOG: Apr_29_05:23: tick!!!
 INFO LOG: Apr_29_05:25: tick!!!
 INFO LOG: Apr_29_05:27: tick!!!
 INFO LOG: Apr_29_05:29: tick!!!
 INFO LOG: Apr_29_05:31: tick!!!
 INFO LOG: Apr_29_05:33: tick!!!
 INFO LOG: Apr_29_05:35: tick!!!
 INFO LOG: Apr_29_05:37: tick!!!
 INFO LOG: Apr_29_05:39: tick!!!
 INFO LOG: Apr_29_05:41: tick!!!
 INFO LOG: Apr_29_05:43: tick!!!
 INFO LOG: Apr_29_17:05: tick!!!
