 INFO LOG: Apr_25_13:55: Logging enabled.   Loading logs.rb.
 INFO LOG: Apr_25_13:55: Loading facade.rb
 INFO LOG: Apr_25_13:55: Loading utils.rb
 INFO LOG: Apr_25_13:55: Loading constants.rb
 INFO LOG: Apr_25_13:55: Loading class_property.rb
 INFO LOG: Apr_25_13:55: Loading scripts.rb
 INFO LOG: Apr_25_13:55: Loading tags.rb
 INFO LOG: Apr_25_13:55: Loading editor/editors.rb
 INFO LOG: Apr_25_13:55: Loading editor/editor.strings.rb
 INFO LOG: Apr_25_13:55: Loading editor/editor.rooms.rb
 INFO LOG: Apr_25_13:55: Loading editor/editor.exits.rb
 INFO LOG: Apr_25_13:55: Loading editor/editor.zones.rb
 INFO LOG: Apr_25_13:55: Loading editor/editor.npc.rb
 INFO LOG: Apr_25_13:55: Loading editor/editor.items.rb
 INFO LOG: Apr_25_13:55: Loading mxp.rb
 INFO LOG: Apr_25_13:55: Loading mccp.rb
 INFO LOG: Apr_25_13:55: Loading flags.rb
 INFO LOG: Apr_25_13:55: Loading damage.rb
 INFO LOG: Apr_25_13:55: Loading areas.rb
 INFO LOG: Apr_25_13:55: Loading event.rb
 INFO LOG: Apr_25_13:55: Loading automap/automap.rb
 INFO LOG: Apr_25_13:55: Loading cities.olc.rb
 INFO LOG: Apr_25_13:55: Loading cities.rb
 INFO LOG: Apr_25_13:55: Loading sector definitions.
 INFO LOG: Apr_25_13:55: Loading help.rb
 INFO LOG: Apr_25_13:55: Loading imcruby.rb
 INFO LOG: Apr_25_13:55: Loading player.rb
 INFO LOG: Apr_25_13:55: Loading commands.rb
 INFO LOG: Apr_25_13:55: Loading random.rb
 INFO LOG: Apr_25_13:55: Loading npc.rb
 INFO LOG: Apr_25_13:55: Loading items.rb
 INFO LOG: Apr_25_13:55: Loading spells.rb
 INFO LOG: Apr_25_13:55: Loading all zones.
 INFO LOG: Apr_25_13:55: Starting server.
 INFO LOG: Apr_25_13:55: CoralMUD is now up on port 4000.
 INFO LOG: Apr_25_13:57: tick!!!
 INFO LOG: Apr_25_13:59: tick!!!
 INFO LOG: Apr_25_14:01: tick!!!
 INFO LOG: Apr_25_14:03: tick!!!
 INFO LOG: Apr_25_14:05: tick!!!
 INFO LOG: Apr_25_14:05: -- 99.191.82.191:43091 connected to CoralMUD!
 INFO LOG: Apr_25_14:06: -- 99.191.82.191:43091: Retnur is trying to connect.
 INFO LOG: Apr_25_14:06: -- 99.191.82.191:43091: Retnur player file found.
 INFO LOG: Apr_25_14:06: -- Retnur has entered the game.
 INFO LOG: Apr_25_14:07: tick!!!
 INFO LOG: Apr_25_14:09: tick!!!
 INFO LOG: Apr_25_14:11: tick!!!
 INFO LOG: Apr_25_14:13: tick!!!
 INFO LOG: Apr_25_14:15: tick!!!
 INFO LOG: Apr_25_14:16: Script failed.
 INFO LOG: (eval):1: syntax error, unexpected keyword_do_block
do("look")
  ^
 INFO LOG: /home/heath/coral/lib/scripts.rb:15:in `eval'
 INFO LOG: /home/heath/coral/lib/scripts.rb:15:in `block in run'
 INFO LOG: Apr_25_14:17: tick!!!
 INFO LOG: Apr_25_14:19: tick!!!
 INFO LOG: Apr_25_14:21: tick!!!
 INFO LOG: Apr_25_14:23: tick!!!
 INFO LOG: Apr_25_14:25: tick!!!
 INFO LOG: Apr_25_14:27: tick!!!
 INFO LOG: Apr_25_14:29: tick!!!
 INFO LOG: Apr_25_14:31: tick!!!
 INFO LOG: Apr_25_14:33: tick!!!
 INFO LOG: Apr_25_14:35: tick!!!
 INFO LOG: Apr_25_14:37: tick!!!
 INFO LOG: Apr_25_14:39: tick!!!
 INFO LOG: Apr_25_14:41: tick!!!
 INFO LOG: Apr_25_14:43: tick!!!
 INFO LOG: Apr_25_14:45: tick!!!
 INFO LOG: Apr_25_14:47: tick!!!
 INFO LOG: Apr_25_14:49: tick!!!
 INFO LOG: Apr_25_14:51: tick!!!
 INFO LOG: Apr_25_14:53: tick!!!
 INFO LOG: Apr_25_14:55: tick!!!
 INFO LOG: Apr_25_14:57: tick!!!
 INFO LOG: Apr_25_14:59: tick!!!
 INFO LOG: Apr_25_15:01: tick!!!
 INFO LOG: Apr_25_15:03: tick!!!
 INFO LOG: Apr_25_15:05: tick!!!
 INFO LOG: Apr_25_15:07: tick!!!
 INFO LOG: Apr_25_15:09: tick!!!
 INFO LOG: Apr_25_15:11: tick!!!
 INFO LOG: Apr_25_15:13: tick!!!
 INFO LOG: Apr_25_15:15: tick!!!
 INFO LOG: Apr_25_15:17: tick!!!
 INFO LOG: Apr_25_15:19: tick!!!
 INFO LOG: Apr_25_15:21: tick!!!
 INFO LOG: Apr_25_15:23: tick!!!
 INFO LOG: Apr_25_15:25: tick!!!
 INFO LOG: Apr_25_15:27: tick!!!
 INFO LOG: Apr_25_15:29: tick!!!
 INFO LOG: Apr_25_15:31: tick!!!
 INFO LOG: Apr_25_15:33: tick!!!
 INFO LOG: Apr_25_15:35: tick!!!
 INFO LOG: Apr_25_15:37: tick!!!
 INFO LOG: Apr_25_15:39: tick!!!
 INFO LOG: Apr_25_15:41: tick!!!
 INFO LOG: Apr_25_15:43: tick!!!
 INFO LOG: Apr_25_15:45: tick!!!
 INFO LOG: Apr_25_15:47: tick!!!
 INFO LOG: Apr_25_15:49: tick!!!
 INFO LOG: Apr_25_15:51: tick!!!
 INFO LOG: Apr_25_15:53: tick!!!
 INFO LOG: Apr_25_15:55: tick!!!
 INFO LOG: Apr_25_15:57: tick!!!
 INFO LOG: Apr_25_15:59: tick!!!
 INFO LOG: Apr_25_16:01: tick!!!
 INFO LOG: Apr_25_16:03: tick!!!
 INFO LOG: Apr_25_16:05: tick!!!
 INFO LOG: Apr_25_16:07: tick!!!
 INFO LOG: Apr_25_16:09: tick!!!
 INFO LOG: Apr_25_16:11: tick!!!
 INFO LOG: Apr_25_16:13: tick!!!
 INFO LOG: Apr_25_16:15: tick!!!
 INFO LOG: Apr_25_16:17: tick!!!
 INFO LOG: Apr_25_16:19: tick!!!
 INFO LOG: Apr_25_16:21: tick!!!
 INFO LOG: Apr_25_16:23: tick!!!
 INFO LOG: Apr_25_16:25: tick!!!
 INFO LOG: Apr_25_16:27: tick!!!
 INFO LOG: Apr_25_16:29: tick!!!
 INFO LOG: Apr_25_16:31: tick!!!
 INFO LOG: Apr_25_16:33: tick!!!
 INFO LOG: Apr_25_16:35: tick!!!
 INFO LOG: Apr_25_16:37: tick!!!
 INFO LOG: Apr_25_16:39: tick!!!
 INFO LOG: Apr_25_16:41: tick!!!
 INFO LOG: Apr_25_16:43: tick!!!
 INFO LOG: Apr_25_16:45: tick!!!
 INFO LOG: Apr_25_16:47: tick!!!
 INFO LOG: Apr_25_16:49: tick!!!
 INFO LOG: Apr_25_16:51: tick!!!
 INFO LOG: Apr_25_16:53: tick!!!
 INFO LOG: Apr_25_16:55: tick!!!
 INFO LOG: Apr_25_16:57: tick!!!
 INFO LOG: Apr_25_16:59: tick!!!
 INFO LOG: Apr_25_17:01: tick!!!
 INFO LOG: Apr_25_17:03: tick!!!
 INFO LOG: Apr_25_17:05: tick!!!
 INFO LOG: Apr_25_17:07: tick!!!
 INFO LOG: Apr_25_17:09: tick!!!
 INFO LOG: Apr_25_17:11: tick!!!
 INFO LOG: Apr_25_17:13: tick!!!
 INFO LOG: Apr_25_17:15: tick!!!
 INFO LOG: Apr_25_17:17: tick!!!
 INFO LOG: Apr_25_17:19: tick!!!
 INFO LOG: Apr_25_17:21: tick!!!
 INFO LOG: Apr_25_17:23: tick!!!
 INFO LOG: Apr_25_17:25: tick!!!
 INFO LOG: Apr_25_17:27: tick!!!
 INFO LOG: Apr_25_17:29: tick!!!
 INFO LOG: Apr_25_17:31: tick!!!
 INFO LOG: Apr_25_17:33: tick!!!
 INFO LOG: Apr_25_17:35: tick!!!
 INFO LOG: Apr_25_17:37: tick!!!
 INFO LOG: Apr_25_17:39: tick!!!
 INFO LOG: Apr_25_17:41: tick!!!
 INFO LOG: Apr_25_17:43: tick!!!
 INFO LOG: Apr_25_17:45: tick!!!
 INFO LOG: Apr_25_17:47: tick!!!
 INFO LOG: Apr_25_17:49: tick!!!
 INFO LOG: Apr_25_17:51: tick!!!
 INFO LOG: Apr_25_17:53: tick!!!
 INFO LOG: Apr_25_17:55: tick!!!
 INFO LOG: Apr_25_17:57: tick!!!
 INFO LOG: Apr_25_17:59: tick!!!
 INFO LOG: Apr_25_18:01: tick!!!
 INFO LOG: Apr_25_18:03: tick!!!
 INFO LOG: Apr_25_18:05: tick!!!
 INFO LOG: Apr_25_18:07: tick!!!
 INFO LOG: Apr_25_18:09: -- #<Player:0x000000016735a8>:99.191.82.191:43091 disconnected from CoralMUD!
 INFO LOG: Apr_25_18:13: Logging enabled.   Loading logs.rb.
 INFO LOG: Apr_25_18:13: Loading facade.rb
 INFO LOG: Apr_25_18:13: Loading utils.rb
 INFO LOG: Apr_25_18:13: Loading constants.rb
 INFO LOG: Apr_25_18:13: Loading class_property.rb
 INFO LOG: Apr_25_18:13: Loading scripts.rb
 INFO LOG: Apr_25_18:13: Loading tags.rb
 INFO LOG: Apr_25_18:13: Loading editor/editors.rb
 INFO LOG: Apr_25_18:13: Loading editor/editor.strings.rb
 INFO LOG: Apr_25_18:13: Loading editor/editor.rooms.rb
 INFO LOG: Apr_25_18:13: Loading editor/editor.exits.rb
 INFO LOG: Apr_25_18:13: Loading editor/editor.zones.rb
 INFO LOG: Apr_25_18:13: Loading editor/editor.npc.rb
 INFO LOG: Apr_25_18:13: Loading editor/editor.items.rb
 INFO LOG: Apr_25_18:13: Loading mxp.rb
 INFO LOG: Apr_25_18:13: Loading mccp.rb
 INFO LOG: Apr_25_18:13: Loading flags.rb
 INFO LOG: Apr_25_18:13: Loading damage.rb
 INFO LOG: Apr_25_18:13: Loading areas.rb
 INFO LOG: Apr_25_18:13: Loading event.rb
 INFO LOG: Apr_25_18:13: Loading automap/automap.rb
 INFO LOG: Apr_25_18:13: Loading cities.olc.rb
 INFO LOG: Apr_25_18:13: Loading cities.rb
 INFO LOG: Apr_25_18:13: Loading sector definitions.
 INFO LOG: Apr_25_18:13: Loading help.rb
 INFO LOG: Apr_25_18:13: Loading imcruby.rb
 INFO LOG: Apr_25_18:13: Loading player.rb
 INFO LOG: Apr_25_18:13: Loading commands.rb
 INFO LOG: Apr_25_18:13: Loading random.rb
 INFO LOG: Apr_25_18:13: Loading npc.rb
 INFO LOG: Apr_25_18:13: Loading items.rb
 INFO LOG: Apr_25_18:13: Loading spells.rb
 INFO LOG: Apr_25_18:13: Loading all zones.
 INFO LOG: Apr_25_18:13: Starting server.
 INFO LOG: Apr_25_18:13: CoralMUD is now up on port 4000.
 INFO LOG: Apr_25_18:15: tick!!!
 INFO LOG: Apr_25_18:17: tick!!!
 INFO LOG: Apr_25_18:19: tick!!!
 INFO LOG: Apr_25_18:21: tick!!!
 INFO LOG: Apr_25_18:23: tick!!!
 INFO LOG: Apr_25_18:25: tick!!!
 INFO LOG: Apr_25_18:27: tick!!!
 INFO LOG: Apr_25_18:29: tick!!!
 INFO LOG: Apr_25_18:31: tick!!!
 INFO LOG: Apr_25_18:33: tick!!!
 INFO LOG: Apr_25_18:35: tick!!!
 INFO LOG: Apr_25_18:37: tick!!!
 INFO LOG: Apr_25_18:39: tick!!!
 INFO LOG: Apr_25_18:41: tick!!!
 INFO LOG: Apr_25_18:43: tick!!!
 INFO LOG: Apr_25_18:45: tick!!!
 INFO LOG: Apr_25_18:47: tick!!!
 INFO LOG: Apr_25_18:49: tick!!!
 INFO LOG: Apr_25_18:51: tick!!!
 INFO LOG: Apr_25_18:53: tick!!!
 INFO LOG: Apr_25_18:55: tick!!!
 INFO LOG: Apr_25_18:57: tick!!!
 INFO LOG: Apr_25_18:59: tick!!!
 INFO LOG: Apr_25_19:01: tick!!!
 INFO LOG: Apr_25_19:03: tick!!!
 INFO LOG: Apr_25_19:05: tick!!!
 INFO LOG: Apr_25_19:07: tick!!!
 INFO LOG: Apr_25_19:09: tick!!!
 INFO LOG: Apr_25_19:11: tick!!!
 INFO LOG: Apr_25_19:13: tick!!!
 INFO LOG: Apr_25_19:15: tick!!!
 INFO LOG: Apr_25_19:17: tick!!!
 INFO LOG: Apr_25_19:19: tick!!!
 INFO LOG: Apr_25_19:21: tick!!!
 INFO LOG: Apr_25_19:23: tick!!!
 INFO LOG: Apr_25_19:25: tick!!!
 INFO LOG: Apr_25_19:27: tick!!!
 INFO LOG: Apr_25_19:29: tick!!!
 INFO LOG: Apr_25_19:31: tick!!!
 INFO LOG: Apr_25_19:33: tick!!!
 INFO LOG: Apr_25_19:35: tick!!!
 INFO LOG: Apr_25_19:37: tick!!!
 INFO LOG: Apr_25_19:39: tick!!!
 INFO LOG: Apr_25_19:41: tick!!!
 INFO LOG: Apr_25_19:43: tick!!!
 INFO LOG: Apr_25_19:45: tick!!!
 INFO LOG: Apr_25_19:47: tick!!!
 INFO LOG: Apr_25_19:49: tick!!!
 INFO LOG: Apr_25_19:51: tick!!!
 INFO LOG: Apr_25_19:53: tick!!!
 INFO LOG: Apr_25_19:55: tick!!!
 INFO LOG: Apr_25_19:57: tick!!!
 INFO LOG: Apr_25_19:59: tick!!!
 INFO LOG: Apr_25_20:01: tick!!!
 INFO LOG: Apr_25_20:03: tick!!!
 INFO LOG: Apr_25_20:05: tick!!!
 INFO LOG: Apr_25_20:07: tick!!!
 INFO LOG: Apr_25_20:09: tick!!!
 INFO LOG: Apr_25_20:11: tick!!!
 INFO LOG: Apr_25_20:13: tick!!!
 INFO LOG: Apr_25_20:15: tick!!!
 INFO LOG: Apr_25_20:17: tick!!!
 INFO LOG: Apr_25_20:19: tick!!!
 INFO LOG: Apr_25_20:21: tick!!!
 INFO LOG: Apr_25_20:23: tick!!!
 INFO LOG: Apr_25_20:25: tick!!!
 INFO LOG: Apr_25_20:26: -- 99.191.82.191:49439 connected to CoralMUD!
 INFO LOG: Apr_25_20:26: -- 99.191.82.191:49439: Retnur is trying to connect.
 INFO LOG: Apr_25_20:26: -- 99.191.82.191:49439: Retnur player file found.
 INFO LOG: Apr_25_20:26: -- Retnur has entered the game.
 INFO LOG: Apr_25_20:27: tick!!!
 INFO LOG: Apr_25_20:29: tick!!!
 INFO LOG: Apr_25_20:31: tick!!!
 INFO LOG: Apr_25_20:33: tick!!!
 INFO LOG: Apr_25_20:35: tick!!!
 INFO LOG: Apr_25_20:37: tick!!!
 INFO LOG: Apr_25_20:39: tick!!!
 INFO LOG: Apr_25_20:41: tick!!!
 INFO LOG: Apr_25_20:43: tick!!!
 INFO LOG: Apr_25_20:45: tick!!!
 INFO LOG: Apr_25_20:47: tick!!!
 INFO LOG: Apr_25_20:49: tick!!!
 INFO LOG: Apr_25_20:51: tick!!!
 INFO LOG: Apr_25_20:53: tick!!!
 INFO LOG: Apr_25_20:55: tick!!!
 INFO LOG: Apr_25_20:57: tick!!!
 INFO LOG: Apr_25_20:59: tick!!!
 INFO LOG: Apr_25_21:01: tick!!!
 INFO LOG: Apr_25_21:03: tick!!!
 INFO LOG: Apr_25_21:05: tick!!!
 INFO LOG: Apr_25_21:07: tick!!!
 INFO LOG: Apr_25_21:09: tick!!!
 INFO LOG: Apr_25_21:11: tick!!!
 INFO LOG: Apr_25_21:13: tick!!!
 INFO LOG: Apr_25_21:15: tick!!!
 INFO LOG: Apr_25_21:17: tick!!!
 INFO LOG: Apr_25_21:19: tick!!!
 INFO LOG: Apr_25_21:21: tick!!!
 INFO LOG: Apr_25_21:23: tick!!!
 INFO LOG: Apr_25_21:25: tick!!!
 INFO LOG: Apr_25_21:27: tick!!!
 INFO LOG: Apr_25_21:29: tick!!!
 INFO LOG: Apr_25_21:31: tick!!!
 INFO LOG: Apr_25_21:33: tick!!!
 INFO LOG: Apr_25_21:35: tick!!!
 INFO LOG: Apr_25_21:37: tick!!!
 INFO LOG: Apr_25_21:39: tick!!!
 INFO LOG: Apr_25_21:41: tick!!!
 INFO LOG: Apr_25_21:43: tick!!!
 INFO LOG: Apr_25_21:45: tick!!!
 INFO LOG: Apr_25_21:47: tick!!!
 INFO LOG: Apr_25_21:49: tick!!!
 INFO LOG: Apr_25_21:51: tick!!!
 INFO LOG: Apr_25_21:53: tick!!!
 INFO LOG: Apr_25_21:55: tick!!!
 INFO LOG: Apr_25_21:57: tick!!!
 INFO LOG: Apr_25_21:59: tick!!!
 INFO LOG: Apr_25_22:01: tick!!!
 INFO LOG: Apr_25_22:03: tick!!!
 INFO LOG: Apr_25_22:05: tick!!!
 INFO LOG: Apr_25_22:07: tick!!!
 INFO LOG: Apr_25_22:09: tick!!!
 INFO LOG: Apr_25_22:11: tick!!!
 INFO LOG: Apr_25_22:13: tick!!!
 INFO LOG: Apr_25_22:15: tick!!!
 INFO LOG: Apr_25_22:17: tick!!!
 INFO LOG: Apr_25_22:19: tick!!!
 INFO LOG: Apr_25_22:21: tick!!!
 INFO LOG: Apr_25_22:23: tick!!!
 INFO LOG: Apr_25_22:25: tick!!!
 INFO LOG: Apr_25_22:27: tick!!!
 INFO LOG: Apr_25_22:29: tick!!!
 INFO LOG: Apr_25_22:31: tick!!!
 INFO LOG: Apr_25_22:33: tick!!!
 INFO LOG: Apr_25_22:35: tick!!!
 INFO LOG: Apr_25_22:37: tick!!!
 INFO LOG: Apr_25_22:39: tick!!!
 INFO LOG: Apr_25_22:41: tick!!!
 INFO LOG: Apr_25_22:43: tick!!!
 INFO LOG: Apr_25_22:45: tick!!!
 INFO LOG: Apr_25_22:47: tick!!!
 INFO LOG: Apr_25_22:49: tick!!!
 INFO LOG: Apr_25_22:51: tick!!!
 INFO LOG: Apr_25_22:53: tick!!!
 INFO LOG: Apr_25_22:55: tick!!!
 INFO LOG: Apr_25_22:57: tick!!!
 INFO LOG: Apr_25_22:59: tick!!!
 INFO LOG: Apr_25_23:01: tick!!!
 INFO LOG: Apr_25_23:03: tick!!!
 INFO LOG: Apr_25_23:05: tick!!!
 INFO LOG: Apr_25_23:07: tick!!!
 INFO LOG: Apr_25_23:09: tick!!!
 INFO LOG: Apr_25_23:11: tick!!!
 INFO LOG: Apr_25_23:13: tick!!!
 INFO LOG: Apr_25_23:15: tick!!!
 INFO LOG: Apr_25_23:17: tick!!!
 INFO LOG: Apr_25_23:19: tick!!!
 INFO LOG: Apr_25_23:21: tick!!!
 INFO LOG: Apr_25_23:23: tick!!!
 INFO LOG: Apr_25_23:25: tick!!!
 INFO LOG: Apr_25_23:27: tick!!!
 INFO LOG: Apr_25_23:29: tick!!!
 INFO LOG: Apr_25_23:31: tick!!!
 INFO LOG: Apr_25_23:33: tick!!!
 INFO LOG: Apr_25_23:35: tick!!!
 INFO LOG: Apr_25_23:37: tick!!!
 INFO LOG: Apr_25_23:39: tick!!!
 INFO LOG: Apr_25_23:41: tick!!!
 INFO LOG: Apr_25_23:43: tick!!!
 INFO LOG: Apr_25_23:45: tick!!!
 INFO LOG: Apr_25_23:47: tick!!!
 INFO LOG: Apr_25_23:49: tick!!!
 INFO LOG: Apr_25_23:51: tick!!!
 INFO LOG: Apr_25_23:53: tick!!!
 INFO LOG: Apr_25_23:55: tick!!!
 INFO LOG: Apr_25_23:57: tick!!!
 INFO LOG: Apr_25_23:59: tick!!!
 INFO LOG: Apr_26_00:01: tick!!!
 INFO LOG: Apr_26_00:03: tick!!!
 INFO LOG: Apr_26_00:05: tick!!!
 INFO LOG: Apr_26_00:07: tick!!!
 INFO LOG: Apr_26_00:09: tick!!!
 INFO LOG: Apr_26_00:11: tick!!!
 INFO LOG: Apr_26_00:13: tick!!!
 INFO LOG: Apr_26_00:15: tick!!!
 INFO LOG: Apr_26_00:15: -- #<Player:0x00000002428b30>:99.191.82.191:49439 disconnected from CoralMUD!
