 INFO LOG: Apr_10_00: Logging enabled.   Loading logs.rb.
 INFO LOG: Apr_10_00: Loading utils.rb
 INFO LOG: Apr_10_00: Loading constants.rb
 INFO LOG: Apr_10_00: Loading class_property.rb
 INFO LOG: Apr_10_00: Loading tags.rb
 INFO LOG: Apr_10_00: Loading editor/editors.rb
 INFO LOG: Apr_10_00: Loading editor/editor.strings.rb
 INFO LOG: Apr_10_00: Loading editor/editor.rooms.rb
 INFO LOG: Apr_10_00: Loading editor/editor.exits.rb
 INFO LOG: Apr_10_00: Loading mxp.rb
 INFO LOG: Apr_10_00: Loading mccp.rb
 INFO LOG: Apr_10_00: Loading flags.rb
 INFO LOG: Apr_10_00: Loading damage.rb
 INFO LOG: Apr_10_00: Loading event.rb
 INFO LOG: Apr_10_00: Loading automap/automap.rb
 INFO LOG: Apr_10_00: Loading cities.olc.rb
 INFO LOG: Apr_10_00: Loading cities.rb
 INFO LOG: Apr_10_00: Loading help.rb
 INFO LOG: Apr_10_00: Loading imcruby.rb
 INFO LOG: Apr_10_00: Loading player.rb
 INFO LOG: Apr_10_00: Loading player.commands.rb
 INFO LOG: Apr_10_00: Loading random.rb
 INFO LOG: Apr_10_00: Loading spells.rb
 INFO LOG: Apr_10_00: Starting server.
 INFO LOG: Apr_10_00: CoralMUD is now up on port 4000.
 INFO LOG: Apr_10_00: Loading tags.rb
 INFO LOG: Apr_10_00: tick!!!
 INFO LOG: Apr_10_00: Loading tags.rb
 INFO LOG: Apr_10_00: Logging enabled.   Loading logs.rb.
 INFO LOG: Apr_10_00: Loading utils.rb
 INFO LOG: Apr_10_00: Loading constants.rb
 INFO LOG: Apr_10_00: Loading class_property.rb
 INFO LOG: Apr_10_00: Loading tags.rb
 INFO LOG: Apr_10_00: Loading editor/editors.rb
 INFO LOG: Apr_10_00: Loading editor/editor.strings.rb
 INFO LOG: Apr_10_00: Loading editor/editor.rooms.rb
 INFO LOG: Apr_10_00: Loading editor/editor.exits.rb
 INFO LOG: Apr_10_00: Loading mxp.rb
 INFO LOG: Apr_10_00: Loading mccp.rb
 INFO LOG: Apr_10_00: Loading flags.rb
 INFO LOG: Apr_10_00: Loading damage.rb
 INFO LOG: Apr_10_00: Loading event.rb
 INFO LOG: Apr_10_00: Loading automap/automap.rb
 INFO LOG: Apr_10_00: Loading cities.olc.rb
 INFO LOG: Apr_10_00: Loading cities.rb
 INFO LOG: Apr_10_00: Loading help.rb
 INFO LOG: Apr_10_00: Loading imcruby.rb
 INFO LOG: Apr_10_00: Loading player.rb
 INFO LOG: Apr_10_00: Loading player.commands.rb
 INFO LOG: Apr_10_00: Loading random.rb
 INFO LOG: Apr_10_00: Loading spells.rb
 INFO LOG: Apr_10_00: Starting server.
 INFO LOG: Apr_10_00: CoralMUD is now up on port 4000.
 INFO LOG: Apr_10_00: Loading tags.rb
 INFO LOG: Apr_10_00: Loading tags.rb
 INFO LOG: Apr_10_00: tick!!!
 INFO LOG: Apr_10_00: Loading tags.rb
 INFO LOG: Apr_10_00: Loading tags.rb
 INFO LOG: Apr_10_00: tick!!!
 INFO LOG: Apr_10_00: Loading tags.rb
 INFO LOG: Apr_10_00: Loading tags.rb
 INFO LOG: Apr_10_00: tick!!!
 INFO LOG: Apr_10_00: tick!!!
 INFO LOG: Apr_10_00: tick!!!
 INFO LOG: Apr_10_00: tick!!!
 INFO LOG: Apr_10_00: tick!!!
 INFO LOG: Apr_10_00: tick!!!
 INFO LOG: Apr_10_00: tick!!!
 INFO LOG: Apr_10_00: tick!!!
 INFO LOG: Apr_10_00: tick!!!
 INFO LOG: Apr_10_00: Loading tags.rb
 INFO LOG: Apr_10_00: Logging enabled.   Loading logs.rb.
 INFO LOG: Apr_10_00: Loading utils.rb
 INFO LOG: Apr_10_00: Loading constants.rb
 INFO LOG: Apr_10_00: Loading class_property.rb
 INFO LOG: Apr_10_00: Loading tags.rb
 INFO LOG: Apr_10_00: Logging enabled.   Loading logs.rb.
 INFO LOG: Apr_10_00: Loading utils.rb
 INFO LOG: Apr_10_00: Loading constants.rb
 INFO LOG: Apr_10_00: Loading class_property.rb
 INFO LOG: Apr_10_00: Loading tags.rb
 INFO LOG: Apr_10_00: Loading editor/editors.rb
 INFO LOG: Apr_10_00: Loading editor/editor.strings.rb
 INFO LOG: Apr_10_00: Loading editor/editor.rooms.rb
 INFO LOG: Apr_10_00: Loading editor/editor.exits.rb
 INFO LOG: Apr_10_00: Loading mxp.rb
 INFO LOG: Apr_10_00: Loading mccp.rb
 INFO LOG: Apr_10_00: Loading flags.rb
 INFO LOG: Apr_10_00: Loading damage.rb
 INFO LOG: Apr_10_00: Loading event.rb
 INFO LOG: Apr_10_00: Loading automap/automap.rb
 INFO LOG: Apr_10_00: Loading cities.olc.rb
 INFO LOG: Apr_10_00: Loading cities.rb
 INFO LOG: Apr_10_00: Loading help.rb
 INFO LOG: Apr_10_00: Loading imcruby.rb
 INFO LOG: Apr_10_00: Loading player.rb
 INFO LOG: Apr_10_00: Loading player.commands.rb
 INFO LOG: Apr_10_00: Loading random.rb
 INFO LOG: Apr_10_00: Loading spells.rb
 INFO LOG: Apr_10_00: Starting server.
 INFO LOG: Apr_10_00: CoralMUD is now up on port 4000.
 INFO LOG: Apr_10_00: Loading tags.rb
 INFO LOG: Apr_10_00: Loading tags.rb
 INFO LOG: Apr_10_00: Loading tags.rb
 INFO LOG: Apr_10_00: tick!!!
 INFO LOG: Apr_10_00: tick!!!
 INFO LOG: Apr_10_00: Loading tags.rb
 INFO LOG: Apr_10_00: Loading tags.rb
 INFO LOG: Apr_10_00: Loading tags.rb
 INFO LOG: Apr_10_00: Loading tags.rb
 INFO LOG: Apr_10_00: tick!!!
 INFO LOG: Apr_10_00: Loading tags.rb
 INFO LOG: Apr_10_00: tick!!!
 INFO LOG: Apr_10_00: Loading tags.rb
 INFO LOG: Apr_10_00: tick!!!
 INFO LOG: Apr_10_00: tick!!!
 INFO LOG: Apr_10_00: tick!!!
 INFO LOG: Apr_10_01: tick!!!
 INFO LOG: Apr_10_01: tick!!!
 INFO LOG: Apr_10_01: tick!!!
 INFO LOG: Apr_10_01: tick!!!
 INFO LOG: Apr_10_01: tick!!!
 INFO LOG: Apr_10_01: tick!!!
 INFO LOG: Apr_10_01: tick!!!
 INFO LOG: Apr_10_01: tick!!!
 INFO LOG: Apr_10_01: tick!!!
 INFO LOG: Apr_10_01: tick!!!
 INFO LOG: Apr_10_01: tick!!!
 INFO LOG: Apr_10_01: tick!!!
 INFO LOG: Apr_10_01: tick!!!
 INFO LOG: Apr_10_01: tick!!!
 INFO LOG: Apr_10_01: tick!!!
 INFO LOG: Apr_10_01: tick!!!
 INFO LOG: Apr_10_01: Loading tags.rb
 INFO LOG: Apr_10_01: tick!!!
 INFO LOG: Apr_10_01: tick!!!
 INFO LOG: Apr_10_01: Loading tags.rb
 INFO LOG: Apr_10_01: Loading tags.rb
 INFO LOG: Apr_10_01: Loading tags.rb
 INFO LOG: Apr_10_01: Loading tags.rb
 INFO LOG: Apr_10_01: tick!!!
 INFO LOG: Apr_10_01: tick!!!
 INFO LOG: Apr_10_01: tick!!!
 INFO LOG: Apr_10_01: tick!!!
 INFO LOG: Apr_10_01: Loading tags.rb
 INFO LOG: Apr_10_01: tick!!!
 INFO LOG: Apr_10_01: tick!!!
 INFO LOG: Apr_10_01: tick!!!
 INFO LOG: Apr_10_01: tick!!!
 INFO LOG: Apr_10_01: tick!!!
 INFO LOG: Apr_10_01: tick!!!
 INFO LOG: Apr_10_01: tick!!!
 INFO LOG: Apr_10_01: tick!!!
 INFO LOG: Apr_10_02: tick!!!
 INFO LOG: Apr_10_02: tick!!!
 INFO LOG: Apr_10_02: tick!!!
 INFO LOG: Apr_10_02: tick!!!
 INFO LOG: Apr_10_02: tick!!!
 INFO LOG: Apr_10_02: tick!!!
 INFO LOG: Apr_10_02: tick!!!
 INFO LOG: Apr_10_02: tick!!!
 INFO LOG: Apr_10_02: tick!!!
 INFO LOG: Apr_10_02: tick!!!
 INFO LOG: Apr_10_02: tick!!!
 INFO LOG: Apr_10_02: tick!!!
 INFO LOG: Apr_10_02: tick!!!
 INFO LOG: Apr_10_02: tick!!!
 INFO LOG: Apr_10_02: Loading tags.rb
 INFO LOG: Apr_10_02: tick!!!
 INFO LOG: Apr_10_02: Loading tags.rb
 INFO LOG: Apr_10_02: tick!!!
 INFO LOG: Apr_10_02: Loading tags.rb
 INFO LOG: Apr_10_02: Loading tags.rb
 INFO LOG: Apr_10_02: tick!!!
 INFO LOG: Apr_10_02: Loading tags.rb
 INFO LOG: Apr_10_02: [["a", "smelly", "cat"]]
 INFO LOG: Apr_10_02: [["smelly"]]
 INFO LOG: Apr_10_02: [["a", "smelly", "cat"]]
 INFO LOG: Apr_10_02: [["smelly"]]
 INFO LOG: Apr_10_02: tick!!!
 INFO LOG: Apr_10_02: tick!!!
 INFO LOG: Apr_10_02: Loading tags.rb
 INFO LOG: Apr_10_02: [["a", "smelly", "cat"]]
 INFO LOG: Apr_10_02: [["smelly"]]
 INFO LOG: Apr_10_02: [["a", "smelly", "cat"]]
 INFO LOG: Apr_10_02: [["smelly"]]
 INFO LOG: Apr_10_02: Loading tags.rb
 INFO LOG: Apr_10_02: [["a", "smelly", "cat"]]
 INFO LOG: Apr_10_02: [["a", "smelly", "cat"]]
 INFO LOG: Apr_10_02: [["a", "smelly", "cat"]]
 INFO LOG: Apr_10_02: [["a", "smelly", "cat"]]
 INFO LOG: Apr_10_02: Loading tags.rb
 INFO LOG: Apr_10_02: [["a", "smelly", "cat"]]
 INFO LOG: Apr_10_02: [["a", "smelly", "cat"]]
 INFO LOG: Apr_10_02: tick!!!
 INFO LOG: Apr_10_02: Loading tags.rb
 INFO LOG: Apr_10_02: [["a", "smelly", "cat"]]
 INFO LOG: Apr_10_02: [["a", "smelly", "cat"]]
 INFO LOG: Apr_10_02: tick!!!
 INFO LOG: Apr_10_02: Loading tags.rb
 INFO LOG: Apr_10_02: [["a", "smelly", "cat"]]
 INFO LOG: Apr_10_02: [["a", "smelly", "cat"]]
 INFO LOG: Apr_10_02: tick!!!
 INFO LOG: Apr_10_02: tick!!!
 INFO LOG: Apr_10_02: Loading tags.rb
 INFO LOG: Apr_10_02: Logging enabled.   Loading logs.rb.
 INFO LOG: Apr_10_02: Loading utils.rb
 INFO LOG: Apr_10_02: Loading constants.rb
 INFO LOG: Apr_10_02: Loading class_property.rb
 INFO LOG: Apr_10_02: Loading tags.rb
 INFO LOG: Apr_10_02: a smelly cat
 INFO LOG: Apr_10_02: ["a", "smelly", "cat"]
 INFO LOG: Apr_10_02: a smelly cat
 INFO LOG: Apr_10_02: ["a", "smelly", "cat"]
 INFO LOG: Apr_10_02: a cat : a cat
 INFO LOG: Apr_10_02: ["a", "cat", ": a", "cat"]
 INFO LOG: Apr_10_02: a cat : a cat
 INFO LOG: Apr_10_02: ["a", "cat", ": a", "cat"]
 INFO LOG: Apr_10_02: Loading editor/editors.rb
 INFO LOG: Apr_10_02: Loading editor/editor.strings.rb
 INFO LOG: Apr_10_02: Loading editor/editor.rooms.rb
 INFO LOG: Apr_10_02: Loading editor/editor.exits.rb
 INFO LOG: Apr_10_02: Loading mxp.rb
 INFO LOG: Apr_10_02: Loading mccp.rb
 INFO LOG: Apr_10_02: Loading flags.rb
 INFO LOG: Apr_10_02: Loading damage.rb
 INFO LOG: Apr_10_02: Loading event.rb
 INFO LOG: Apr_10_02: Loading automap/automap.rb
 INFO LOG: Apr_10_02: Loading cities.olc.rb
 INFO LOG: Apr_10_02: Loading cities.rb
 INFO LOG: Apr_10_02: Loading help.rb
 INFO LOG: Apr_10_02: Loading imcruby.rb
 INFO LOG: Apr_10_02: Loading player.rb
 INFO LOG: Apr_10_02: Loading player.commands.rb
 INFO LOG: Apr_10_02: Loading random.rb
 INFO LOG: Apr_10_02: Loading spells.rb
 INFO LOG: Apr_10_02: Starting server.
 INFO LOG: Apr_10_02: CoralMUD is now up on port 4000.
 INFO LOG: Apr_10_02: -- 99.191.82.191:56011 connected to CoralMUD!
 INFO LOG: Apr_10_02: -- 99.191.82.191:56011: Retnur is trying to connect.
 INFO LOG: Apr_10_02: -- 99.191.82.191:56011: Retnur player file found.
 INFO LOG: Apr_10_02: -- Retnur has entered the game.
 INFO LOG: Apr_10_02: Loading tags.rb
 INFO LOG: Apr_10_02: a smelly cat
 INFO LOG: Apr_10_02: ["a", "smelly", "cat"]
 INFO LOG: Apr_10_02: a smelly cat
 INFO LOG: Apr_10_02: ["a", "smelly", "cat"]
 INFO LOG: Apr_10_02: a cat : a cat
 INFO LOG: Apr_10_02: ["a", "cat", ": a", "cat"]
 INFO LOG: Apr_10_02: a cat : a cat
 INFO LOG: Apr_10_02: ["a", "cat", ": a", "cat"]
 INFO LOG: Apr_10_02: tick!!!
 INFO LOG: Apr_10_02: Loading tags.rb
 INFO LOG: Apr_10_02: a smelly cat
 INFO LOG: Apr_10_02: ["a", "smelly", "cat"]
 INFO LOG: Apr_10_02: a smelly cat
 INFO LOG: Apr_10_02: ["a", "smelly", "cat"]
 INFO LOG: Apr_10_02: a cat : a cat
 INFO LOG: Apr_10_02: ["a", "cat", ": a", "cat"]
 INFO LOG: Apr_10_02: a cat : a cat
 INFO LOG: Apr_10_02: ["a", "cat", ": a", "cat"]
 INFO LOG: Apr_10_02: -- #<Player:0x00000001ebac98>:99.191.82.191:56011 disconnected from CoralMUD!
 INFO LOG: Apr_10_02: Program closed.
 INFO LOG: Apr_10_02: Logging enabled.   Loading logs.rb.
 INFO LOG: Apr_10_02: Loading utils.rb
 INFO LOG: Apr_10_02: Loading constants.rb
 INFO LOG: Apr_10_02: Loading class_property.rb
 INFO LOG: Apr_10_02: Loading tags.rb
 INFO LOG: Apr_10_02: a smelly cat
 INFO LOG: Apr_10_02: ["a", "smelly", "cat"]
 INFO LOG: Apr_10_02: a smelly cat
 INFO LOG: Apr_10_02: ["a", "smelly", "cat"]
 INFO LOG: Apr_10_02: a cat : a cat
 INFO LOG: Apr_10_02: Logging enabled.   Loading logs.rb.
 INFO LOG: Apr_10_02: Loading utils.rb
 INFO LOG: Apr_10_02: Loading constants.rb
 INFO LOG: Apr_10_02: Loading class_property.rb
 INFO LOG: Apr_10_02: Loading tags.rb
 INFO LOG: Apr_10_02: a smelly cat
 INFO LOG: Apr_10_02: ["a", "smelly", "cat"]
 INFO LOG: Apr_10_02: a smelly cat
 INFO LOG: Apr_10_02: ["a", "smelly", "cat"]
 INFO LOG: Apr_10_02: a cat : a cat
 INFO LOG: Apr_10_02: ["a", "cat", ":", "a", "cat"]
 INFO LOG: Apr_10_02: Logging enabled.   Loading logs.rb.
 INFO LOG: Apr_10_02: Loading utils.rb
 INFO LOG: Apr_10_02: Loading constants.rb
 INFO LOG: Apr_10_02: Loading class_property.rb
 INFO LOG: Apr_10_02: Loading tags.rb
 INFO LOG: Apr_10_02: a smelly cat
 INFO LOG: Apr_10_02: ["a", "smelly", "cat"]
 INFO LOG: Apr_10_02: a smelly cat
 INFO LOG: Apr_10_02: ["a", "smelly", "cat"]
 INFO LOG: Apr_10_02: a cat : a cat
 INFO LOG: Apr_10_02: ["a", "cat", ":", "a", "cat"]
 INFO LOG: Apr_10_02: a cat : a cat
 INFO LOG: Apr_10_02: ["a", "cat", ":", "a", "cat"]
 INFO LOG: Apr_10_02: Loading editor/editors.rb
 INFO LOG: Apr_10_02: Loading editor/editor.strings.rb
 INFO LOG: Apr_10_02: Loading editor/editor.rooms.rb
 INFO LOG: Apr_10_02: Loading editor/editor.exits.rb
 INFO LOG: Apr_10_02: Loading mxp.rb
 INFO LOG: Apr_10_02: Loading mccp.rb
 INFO LOG: Apr_10_02: Loading flags.rb
 INFO LOG: Apr_10_02: Loading damage.rb
 INFO LOG: Apr_10_02: Loading event.rb
 INFO LOG: Apr_10_02: Loading automap/automap.rb
 INFO LOG: Apr_10_02: Loading cities.olc.rb
 INFO LOG: Apr_10_02: Loading cities.rb
 INFO LOG: Apr_10_02: Loading help.rb
 INFO LOG: Apr_10_02: Loading imcruby.rb
 INFO LOG: Apr_10_02: Loading player.rb
 INFO LOG: Apr_10_02: Loading player.commands.rb
 INFO LOG: Apr_10_02: Loading random.rb
 INFO LOG: Apr_10_02: Loading spells.rb
 INFO LOG: Apr_10_02: Starting server.
 INFO LOG: Apr_10_02: CoralMUD is now up on port 4000.
 INFO LOG: Apr_10_02: tick!!!
 INFO LOG: Apr_10_02: Loading tags.rb
 INFO LOG: Apr_10_02: a smelly cat
 INFO LOG: Apr_10_02: ["a", "smelly", "cat"]
 INFO LOG: Apr_10_02: a smelly cat
 INFO LOG: Apr_10_02: ["a", "smelly", "cat"]
 INFO LOG: Apr_10_02: a cat : a cat
 INFO LOG: Apr_10_02: ["a", "cat", ":", "a", "cat"]
 INFO LOG: Apr_10_02: a cat : a cat
 INFO LOG: Apr_10_02: ["a", "cat", ":", "a", "cat"]
 INFO LOG: Apr_10_02: tick!!!
 INFO LOG: Apr_10_02: tick!!!
 INFO LOG: Apr_10_02: tick!!!
 INFO LOG: Apr_10_03: tick!!!
 INFO LOG: Apr_10_03: tick!!!
 INFO LOG: Apr_10_03: Loading tags.rb
 INFO LOG: Apr_10_03: a smelly cat
 INFO LOG: Apr_10_03: ["a", "smelly", "cat"]
 INFO LOG: Apr_10_03: a smelly cat
 INFO LOG: Apr_10_03: ["a", "smelly", "cat"]
 INFO LOG: Apr_10_03: a cat : a cat
 INFO LOG: Apr_10_03: ["a", "cat", ":", "a", "cat"]
 INFO LOG: Apr_10_03: a cat : a cat
 INFO LOG: Apr_10_03: ["a", "cat", ":", "a", "cat"]
 INFO LOG: Apr_10_03: Loading tags.rb
 INFO LOG: Apr_10_03: tick!!!
 INFO LOG: Apr_10_03: tick!!!
 INFO LOG: Apr_10_03: tick!!!
 INFO LOG: Apr_10_03: tick!!!
 INFO LOG: Apr_10_03: tick!!!
 INFO LOG: Apr_10_03: tick!!!
 INFO LOG: Apr_10_03: tick!!!
 INFO LOG: Apr_10_03: tick!!!
 INFO LOG: Apr_10_03: tick!!!
 INFO LOG: Apr_10_03: tick!!!
 INFO LOG: Apr_10_03: tick!!!
 INFO LOG: Apr_10_03: tick!!!
 INFO LOG: Apr_10_03: tick!!!
 INFO LOG: Apr_10_03: tick!!!
 INFO LOG: Apr_10_03: tick!!!
 INFO LOG: Apr_10_03: tick!!!
 INFO LOG: Apr_10_03: tick!!!
 INFO LOG: Apr_10_03: tick!!!
 INFO LOG: Apr_10_03: tick!!!
 INFO LOG: Apr_10_03: tick!!!
 INFO LOG: Apr_10_03: tick!!!
 INFO LOG: Apr_10_03: tick!!!
 INFO LOG: Apr_10_03: tick!!!
 INFO LOG: Apr_10_03: tick!!!
 INFO LOG: Apr_10_03: tick!!!
 INFO LOG: Apr_10_03: tick!!!
 INFO LOG: Apr_10_03: Loading tags.rb
 INFO LOG: Apr_10_03: tick!!!
 INFO LOG: Apr_10_03: Loading tags.rb
 INFO LOG: Apr_10_03: Loading tags.rb
 INFO LOG: Apr_10_03: tick!!!
 INFO LOG: Apr_10_04: tick!!!
 INFO LOG: Apr_10_04: tick!!!
 INFO LOG: Apr_10_04: tick!!!
 INFO LOG: Apr_10_04: tick!!!
 INFO LOG: Apr_10_04: tick!!!
 INFO LOG: Apr_10_04: tick!!!
 INFO LOG: Apr_10_04: tick!!!
 INFO LOG: Apr_10_04: tick!!!
 INFO LOG: Apr_10_04: tick!!!
 INFO LOG: Apr_10_04: tick!!!
 INFO LOG: Apr_10_04: Loading tags.rb
 INFO LOG: Apr_10_04: Loading tags.rb
 INFO LOG: Apr_10_04: Logging enabled.   Loading logs.rb.
 INFO LOG: Apr_10_04: Loading utils.rb
 INFO LOG: Apr_10_04: Loading constants.rb
 INFO LOG: Apr_10_04: Loading class_property.rb
 INFO LOG: Apr_10_04: Loading tags.rb
 INFO LOG: Apr_10_04: Loading editor/editors.rb
 INFO LOG: Apr_10_04: Loading editor/editor.strings.rb
 INFO LOG: Apr_10_04: Loading editor/editor.rooms.rb
 INFO LOG: Apr_10_04: Loading editor/editor.exits.rb
 INFO LOG: Apr_10_04: Loading mxp.rb
 INFO LOG: Apr_10_04: Loading mccp.rb
 INFO LOG: Apr_10_04: Loading flags.rb
 INFO LOG: Apr_10_04: Loading damage.rb
 INFO LOG: Apr_10_04: Loading event.rb
 INFO LOG: Apr_10_04: Loading automap/automap.rb
 INFO LOG: Apr_10_04: Loading cities.olc.rb
 INFO LOG: Apr_10_04: Loading cities.rb
 INFO LOG: Apr_10_04: Loading help.rb
 INFO LOG: Apr_10_04: Loading imcruby.rb
 INFO LOG: Apr_10_04: Loading player.rb
 INFO LOG: Apr_10_04: Loading player.commands.rb
 INFO LOG: Apr_10_04: Loading random.rb
 INFO LOG: Apr_10_04: Loading spells.rb
 INFO LOG: Apr_10_04: Starting server.
 INFO LOG: Apr_10_04: CoralMUD is now up on port 4000.
 INFO LOG: Apr_10_04: Loading tags.rb
 INFO LOG: Apr_10_04: Loading tags.rb
 INFO LOG: Apr_10_04: Loading tags.rb
 INFO LOG: Apr_10_04: tick!!!
 INFO LOG: Apr_10_04: Loading tags.rb
 INFO LOG: Apr_10_04: tick!!!
 INFO LOG: Apr_10_04: Loading tags.rb
 INFO LOG: Apr_10_04: Loading tags.rb
 INFO LOG: Apr_10_04: tick!!!
 INFO LOG: Apr_10_04: tick!!!
 INFO LOG: Apr_10_04: Loading tags.rb
 INFO LOG: Apr_10_04: Loading tags.rb
 INFO LOG: Apr_10_04: Loading tags.rb
 INFO LOG: Apr_10_04: tick!!!
 INFO LOG: Apr_10_04: tick!!!
 INFO LOG: Apr_10_04: Loading tags.rb
 INFO LOG: Apr_10_04: Loading tags.rb
 INFO LOG: Apr_10_04: Logging enabled.   Loading logs.rb.
 INFO LOG: Apr_10_04: Loading utils.rb
 INFO LOG: Apr_10_04: Loading constants.rb
 INFO LOG: Apr_10_04: Loading class_property.rb
 INFO LOG: Apr_10_04: Loading tags.rb
 INFO LOG: Apr_10_04: Logging enabled.   Loading logs.rb.
 INFO LOG: Apr_10_04: Loading utils.rb
 INFO LOG: Apr_10_04: Loading constants.rb
 INFO LOG: Apr_10_04: Loading class_property.rb
 INFO LOG: Apr_10_04: Loading tags.rb
 INFO LOG: Apr_10_04: Loading editor/editors.rb
 INFO LOG: Apr_10_04: Loading editor/editor.strings.rb
 INFO LOG: Apr_10_04: Loading editor/editor.rooms.rb
 INFO LOG: Apr_10_04: Loading editor/editor.exits.rb
 INFO LOG: Apr_10_04: Loading mxp.rb
 INFO LOG: Apr_10_04: Loading mccp.rb
 INFO LOG: Apr_10_04: Loading flags.rb
 INFO LOG: Apr_10_04: Loading damage.rb
 INFO LOG: Apr_10_04: Loading event.rb
 INFO LOG: Apr_10_04: Loading automap/automap.rb
 INFO LOG: Apr_10_04: Loading cities.olc.rb
 INFO LOG: Apr_10_04: Loading cities.rb
 INFO LOG: Apr_10_04: Loading help.rb
 INFO LOG: Apr_10_04: Loading imcruby.rb
 INFO LOG: Apr_10_04: Loading player.rb
 INFO LOG: Apr_10_04: Loading player.commands.rb
 INFO LOG: Apr_10_04: Loading random.rb
 INFO LOG: Apr_10_04: Loading spells.rb
 INFO LOG: Apr_10_04: Starting server.
 INFO LOG: Apr_10_04: CoralMUD is now up on port 4000.
 INFO LOG: Apr_10_04: tick!!!
 INFO LOG: Apr_10_04: tick!!!
 INFO LOG: Apr_10_04: tick!!!
 INFO LOG: Apr_10_04: tick!!!
 INFO LOG: Apr_10_04: tick!!!
 INFO LOG: Apr_10_04: tick!!!
 INFO LOG: Apr_10_04: Loading tags.rb
 INFO LOG: Apr_10_04: Loading tags.rb
 INFO LOG: Apr_10_04: Loading tags.rb
 INFO LOG: Apr_10_04: Loading tags.rb
 INFO LOG: Apr_10_04: Loading tags.rb
 INFO LOG: Apr_10_04: tick!!!
 INFO LOG: Apr_10_04: Loading tags.rb
 INFO LOG: Apr_10_04: tick!!!
 INFO LOG: Apr_10_04: tick!!!
 INFO LOG: Apr_10_04: tick!!!
 INFO LOG: Apr_10_04: tick!!!
 INFO LOG: Apr_10_04: tick!!!
 INFO LOG: Apr_10_04: Loading tags.rb
 INFO LOG: Apr_10_04: Loading tags.rb
 INFO LOG: Apr_10_04: Loading tags.rb
 INFO LOG: Apr_10_04: Loading tags.rb
 INFO LOG: Apr_10_05: Loading tags.rb
 INFO LOG: Apr_10_05: tick!!!
 INFO LOG: Apr_10_05: tick!!!
 INFO LOG: Apr_10_05: Loading tags.rb
 INFO LOG: Apr_10_05: Loading tags.rb
 INFO LOG: Apr_10_05: Loading tags.rb
 INFO LOG: Apr_10_05: Loading tags.rb
 INFO LOG: Apr_10_05: tick!!!
 INFO LOG: Apr_10_05: Loading tags.rb
 INFO LOG: Apr_10_05: Loading tags.rb
 INFO LOG: Apr_10_05: Loading tags.rb
 INFO LOG: Apr_10_05: Loading tags.rb
 INFO LOG: Apr_10_05: tick!!!
 INFO LOG: Apr_10_05: tick!!!
 INFO LOG: Apr_10_05: Loading tags.rb
 INFO LOG: Apr_10_05: Logging enabled.   Loading logs.rb.
 INFO LOG: Apr_10_05: Loading utils.rb
 INFO LOG: Apr_10_05: Loading constants.rb
 INFO LOG: Apr_10_05: Loading class_property.rb
 INFO LOG: Apr_10_05: Loading tags.rb
 INFO LOG: Apr_10_05: Loading editor/editors.rb
 INFO LOG: Apr_10_05: Loading editor/editor.strings.rb
 INFO LOG: Apr_10_05: Loading editor/editor.rooms.rb
 INFO LOG: Apr_10_05: Loading editor/editor.exits.rb
 INFO LOG: Apr_10_05: Loading mxp.rb
 INFO LOG: Apr_10_05: Loading mccp.rb
 INFO LOG: Apr_10_05: Loading flags.rb
 INFO LOG: Apr_10_05: Loading damage.rb
 INFO LOG: Apr_10_05: Loading event.rb
 INFO LOG: Apr_10_05: Loading automap/automap.rb
 INFO LOG: Apr_10_05: Loading cities.olc.rb
 INFO LOG: Apr_10_05: Loading cities.rb
 INFO LOG: Apr_10_05: Loading help.rb
 INFO LOG: Apr_10_05: Loading imcruby.rb
 INFO LOG: Apr_10_05: Loading player.rb
 INFO LOG: Apr_10_05: Loading player.commands.rb
 INFO LOG: Apr_10_05: Loading random.rb
 INFO LOG: Apr_10_05: Loading spells.rb
 INFO LOG: Apr_10_05: Starting server.
 INFO LOG: Apr_10_05: CoralMUD is now up on port 4000.
 INFO LOG: Apr_10_05: tick!!!
 INFO LOG: Apr_10_05: tick!!!
 INFO LOG: Apr_10_05: Loading tags.rb
 INFO LOG: Apr_10_05: tick!!!
 INFO LOG: Apr_10_05: Loading tags.rb
 INFO LOG: Apr_10_05: tick!!!
 INFO LOG: Apr_10_05: Loading tags.rb
 INFO LOG: Apr_10_05: Logging enabled.   Loading logs.rb.
 INFO LOG: Apr_10_05: Loading utils.rb
 INFO LOG: Apr_10_05: Loading constants.rb
 INFO LOG: Apr_10_05: Loading class_property.rb
 INFO LOG: Apr_10_05: Loading tags.rb
 INFO LOG: Apr_10_05: Logging enabled.   Loading logs.rb.
 INFO LOG: Apr_10_05: Loading utils.rb
 INFO LOG: Apr_10_05: Loading constants.rb
 INFO LOG: Apr_10_05: Loading class_property.rb
 INFO LOG: Apr_10_05: Loading tags.rb
 INFO LOG: Apr_10_05: Logging enabled.   Loading logs.rb.
 INFO LOG: Apr_10_05: Loading utils.rb
 INFO LOG: Apr_10_05: Loading constants.rb
 INFO LOG: Apr_10_05: Loading class_property.rb
 INFO LOG: Apr_10_05: Loading tags.rb
 INFO LOG: Apr_10_05: Loading editor/editors.rb
 INFO LOG: Apr_10_05: Loading editor/editor.strings.rb
 INFO LOG: Apr_10_05: Loading editor/editor.rooms.rb
 INFO LOG: Apr_10_05: Loading editor/editor.exits.rb
 INFO LOG: Apr_10_05: Loading mxp.rb
 INFO LOG: Apr_10_05: Loading mccp.rb
 INFO LOG: Apr_10_05: Loading flags.rb
 INFO LOG: Apr_10_05: Loading damage.rb
 INFO LOG: Apr_10_05: Loading event.rb
 INFO LOG: Apr_10_05: Loading automap/automap.rb
 INFO LOG: Apr_10_05: Loading cities.olc.rb
 INFO LOG: Apr_10_05: Loading cities.rb
 INFO LOG: Apr_10_05: Loading help.rb
 INFO LOG: Apr_10_05: Loading imcruby.rb
 INFO LOG: Apr_10_05: Loading player.rb
 INFO LOG: Apr_10_05: Loading player.commands.rb
 INFO LOG: Apr_10_05: Loading random.rb
 INFO LOG: Apr_10_05: Loading spells.rb
 INFO LOG: Apr_10_05: Starting server.
 INFO LOG: Apr_10_05: CoralMUD is now up on port 4000.
 INFO LOG: Apr_10_05: tick!!!
 INFO LOG: Apr_10_05: tick!!!
 INFO LOG: Apr_10_05: Loading tags.rb
 INFO LOG: Apr_10_05: tick!!!
 INFO LOG: Apr_10_05: tick!!!
 INFO LOG: Apr_10_05: tick!!!
 INFO LOG: Apr_10_05: tick!!!
 INFO LOG: Apr_10_05: tick!!!
 INFO LOG: Apr_10_05: tick!!!
 INFO LOG: Apr_10_05: Loading tags.rb
 INFO LOG: Apr_10_05: tick!!!
 INFO LOG: Apr_10_05: Loading tags.rb
 INFO LOG: Apr_10_05: tick!!!
 INFO LOG: Apr_10_05: Loading tags.rb
 INFO LOG: Apr_10_05: tick!!!
 INFO LOG: Apr_10_05: tick!!!
 INFO LOG: Apr_10_05: Loading tags.rb
 INFO LOG: Apr_10_05: tick!!!
 INFO LOG: Apr_10_05: -- 99.191.82.191:42722 connected to CoralMUD!
 INFO LOG: Apr_10_05: -- 99.191.82.191:42722: Retnur is trying to connect.
 INFO LOG: Apr_10_05: -- 99.191.82.191:42722: Retnur player file found.
 INFO LOG: Apr_10_05: -- Retnur has entered the game.
 INFO LOG: Apr_10_05: -- #<Player:0x000000020d54b0>:99.191.82.191:42722 disconnected from CoralMUD!
 INFO LOG: Apr_10_05: Program closed.
 INFO LOG: Apr_10_05: Logging enabled.   Loading logs.rb.
 INFO LOG: Apr_10_05: Loading utils.rb
 INFO LOG: Apr_10_05: Loading constants.rb
 INFO LOG: Apr_10_05: Loading class_property.rb
 INFO LOG: Apr_10_05: Loading tags.rb
 INFO LOG: Apr_10_05: Loading editor/editors.rb
 INFO LOG: Apr_10_05: Loading editor/editor.strings.rb
 INFO LOG: Apr_10_05: Loading editor/editor.rooms.rb
 INFO LOG: Apr_10_05: Loading editor/editor.exits.rb
 INFO LOG: Apr_10_05: Loading mxp.rb
 INFO LOG: Apr_10_05: Loading mccp.rb
 INFO LOG: Apr_10_05: Loading flags.rb
 INFO LOG: Apr_10_05: Loading damage.rb
 INFO LOG: Apr_10_05: Loading event.rb
 INFO LOG: Apr_10_05: Loading automap/automap.rb
 INFO LOG: Apr_10_05: Loading cities.olc.rb
 INFO LOG: Apr_10_05: Loading cities.rb
 INFO LOG: Apr_10_05: Loading help.rb
 INFO LOG: Apr_10_05: Loading imcruby.rb
 INFO LOG: Apr_10_05: Loading player.rb
 INFO LOG: Apr_10_05: Loading player.commands.rb
 INFO LOG: Apr_10_05: Loading random.rb
 INFO LOG: Apr_10_05: Loading spells.rb
 INFO LOG: Apr_10_05: Starting server.
 INFO LOG: Apr_10_05: CoralMUD is now up on port 4000.
 INFO LOG: Apr_10_05: -- 99.191.82.191:59756 connected to CoralMUD!
 INFO LOG: Apr_10_05: -- 99.191.82.191:59756: Retnur is trying to connect.
 INFO LOG: Apr_10_05: -- 99.191.82.191:59756: Retnur player file found.
 INFO LOG: Apr_10_05: -- Retnur has entered the game.
 INFO LOG: Apr_10_05: -- #<Player:0x00000000c85730>:99.191.82.191:59756 disconnected from CoralMUD!
 INFO LOG: Apr_10_05: Program closed.
 INFO LOG: Apr_10_05: Logging enabled.   Loading logs.rb.
 INFO LOG: Apr_10_05: Loading utils.rb
 INFO LOG: Apr_10_05: Loading constants.rb
 INFO LOG: Apr_10_05: Loading class_property.rb
 INFO LOG: Apr_10_05: Loading tags.rb
 INFO LOG: Apr_10_05: Loading editor/editors.rb
 INFO LOG: Apr_10_05: Loading editor/editor.strings.rb
 INFO LOG: Apr_10_05: Loading editor/editor.rooms.rb
 INFO LOG: Apr_10_05: Loading editor/editor.exits.rb
 INFO LOG: Apr_10_05: Loading mxp.rb
 INFO LOG: Apr_10_05: Loading mccp.rb
 INFO LOG: Apr_10_05: Loading flags.rb
 INFO LOG: Apr_10_05: Loading damage.rb
 INFO LOG: Apr_10_05: Loading areas.rb
 INFO LOG: Apr_10_05: Loading event.rb
 INFO LOG: Apr_10_05: Loading automap/automap.rb
 INFO LOG: Apr_10_05: Loading cities.olc.rb
 INFO LOG: Apr_10_05: Loading cities.rb
 INFO LOG: Apr_10_05: Loading help.rb
 INFO LOG: Apr_10_05: Loading imcruby.rb
 INFO LOG: Apr_10_05: Loading player.rb
 INFO LOG: Apr_10_05: Loading player.commands.rb
 INFO LOG: Apr_10_05: Loading random.rb
 INFO LOG: Apr_10_05: Loading spells.rb
 INFO LOG: Apr_10_05: Starting server.
 INFO LOG: Apr_10_05: CoralMUD is now up on port 4000.
 INFO LOG: Apr_10_05: Loading player.commands.rb
 INFO LOG: Apr_10_05: tick!!!
 INFO LOG: Apr_10_05: -- 99.191.82.191:46191 connected to CoralMUD!
 INFO LOG: Apr_10_05: -- 99.191.82.191:46191: Retnur is trying to connect.
 INFO LOG: Apr_10_05: -- 99.191.82.191:46191: Retnur player file found.
 INFO LOG: Apr_10_05: -- Retnur has entered the game.
ERROR LOG: invalid value for Integer: "first.area"
ERROR LOG: /home/heath/coral/lib/areas.rb:18:in `%'
ERROR LOG: /home/heath/coral/lib/areas.rb:18:in `save_area'
ERROR LOG: /home/heath/coral/lib/player.commands.rb:682:in `cmd_test'
ERROR LOG: /home/heath/coral/lib/player.commands.rb:184:in `execute_command'
ERROR LOG: /home/heath/coral/core/socketengine.rb:156:in `handle_cmd_input'
ERROR LOG: /home/heath/coral/core/socketengine.rb:136:in `receive_data'
ERROR LOG: /usr/local/lib/ruby/gems/1.9.1/gems/eventmachine-0.12.8/lib/eventmachine.rb:242:in `run_machine'
ERROR LOG: /usr/local/lib/ruby/gems/1.9.1/gems/eventmachine-0.12.8/lib/eventmachine.rb:242:in `run'
ERROR LOG: coral.rb:113:in `<main>'
 INFO LOG: Apr_10_05: Loading areas.rb
 INFO LOG: Apr_10_05: tick!!!
 INFO LOG: Apr_10_05: Loading areas.rb
 INFO LOG: Apr_10_05: tick!!!
 INFO LOG: Apr_10_05: tick!!!
 INFO LOG: Apr_10_06: Loading tags.rb
 INFO LOG: Apr_10_06: tick!!!
 INFO LOG: Apr_10_06: tick!!!
 INFO LOG: Apr_10_06: tick!!!
 INFO LOG: Apr_10_06: Loading areas.rb
 INFO LOG: Apr_10_06: tick!!!
 INFO LOG: Apr_10_06: Loading areas.rb
 INFO LOG: Apr_10_06: Loading player.commands.rb
ERROR LOG: undefined method `to_z' for #<Tag:0x00000002640af8 @vtag=[["first", "area"]]>
ERROR LOG: /home/heath/coral/lib/areas.rb:23:in `block in load_zones'
ERROR LOG: /home/heath/coral/lib/areas.rb:19:in `each'
ERROR LOG: /home/heath/coral/lib/areas.rb:19:in `load_zones'
ERROR LOG: /home/heath/coral/lib/player.commands.rb:684:in `cmd_test'
ERROR LOG: /home/heath/coral/lib/player.commands.rb:184:in `execute_command'
ERROR LOG: /home/heath/coral/core/socketengine.rb:156:in `handle_cmd_input'
ERROR LOG: /home/heath/coral/core/socketengine.rb:136:in `receive_data'
ERROR LOG: /usr/local/lib/ruby/gems/1.9.1/gems/eventmachine-0.12.8/lib/eventmachine.rb:242:in `run_machine'
ERROR LOG: /usr/local/lib/ruby/gems/1.9.1/gems/eventmachine-0.12.8/lib/eventmachine.rb:242:in `run'
ERROR LOG: coral.rb:113:in `<main>'
 INFO LOG: Apr_10_06: Loading areas.rb
 INFO LOG: Apr_10_06: tick!!!
 INFO LOG: Apr_10_06: Loading player.commands.rb
 INFO LOG: Apr_10_06: tick!!!
 INFO LOG: Apr_10_06: Loading player.commands.rb
 INFO LOG: Apr_10_06: tick!!!
 INFO LOG: Apr_10_06: -- #<Player:0x00000002561ec0>:99.191.82.191:46191 disconnected from CoralMUD!
 INFO LOG: Apr_10_06: Program closed.
 INFO LOG: Apr_10_06: Logging enabled.   Loading logs.rb.
 INFO LOG: Apr_10_06: Loading utils.rb
 INFO LOG: Apr_10_06: Loading constants.rb
 INFO LOG: Apr_10_06: Loading class_property.rb
 INFO LOG: Apr_10_06: Loading tags.rb
 INFO LOG: Apr_10_06: Loading editor/editors.rb
 INFO LOG: Apr_10_06: Loading editor/editor.strings.rb
 INFO LOG: Apr_10_06: Loading editor/editor.rooms.rb
 INFO LOG: Apr_10_06: Loading editor/editor.exits.rb
 INFO LOG: Apr_10_06: Loading mxp.rb
 INFO LOG: Apr_10_06: Loading mccp.rb
 INFO LOG: Apr_10_06: Loading flags.rb
 INFO LOG: Apr_10_06: Loading damage.rb
 INFO LOG: Apr_10_06: Loading areas.rb
 INFO LOG: Apr_10_06: Loading event.rb
 INFO LOG: Apr_10_06: Loading automap/automap.rb
 INFO LOG: Apr_10_06: Loading cities.olc.rb
 INFO LOG: Apr_10_06: Loading cities.rb
 INFO LOG: Apr_10_06: Loading help.rb
 INFO LOG: Apr_10_06: Loading imcruby.rb
 INFO LOG: Apr_10_06: Loading player.rb
 INFO LOG: Apr_10_06: Loading player.commands.rb
 INFO LOG: Apr_10_06: Loading random.rb
 INFO LOG: Apr_10_06: Loading spells.rb
 INFO LOG: Apr_10_06: Starting server.
 INFO LOG: Apr_10_06: CoralMUD is now up on port 4000.
 INFO LOG: Apr_10_06: -- 99.191.82.191:36679 connected to CoralMUD!
 INFO LOG: Apr_10_06: -- 99.191.82.191:36679: Retnur is trying to connect.
 INFO LOG: Apr_10_06: -- 99.191.82.191:36679: Retnur player file found.
 INFO LOG: Apr_10_06: -- Retnur has entered the game.
 INFO LOG: Apr_10_06: Loading player.commands.rb
 INFO LOG: Apr_10_06: -- #<Player:0x000000016c5268>:99.191.82.191:36679 disconnected from CoralMUD!
 INFO LOG: Apr_10_06: Program closed.
 INFO LOG: Apr_10_06: Logging enabled.   Loading logs.rb.
 INFO LOG: Apr_10_06: Loading utils.rb
 INFO LOG: Apr_10_06: Loading constants.rb
 INFO LOG: Apr_10_06: Loading class_property.rb
 INFO LOG: Apr_10_06: Loading tags.rb
 INFO LOG: Apr_10_06: Loading editor/editors.rb
 INFO LOG: Apr_10_06: Loading editor/editor.strings.rb
 INFO LOG: Apr_10_06: Loading editor/editor.rooms.rb
 INFO LOG: Apr_10_06: Loading editor/editor.exits.rb
 INFO LOG: Apr_10_06: Loading mxp.rb
 INFO LOG: Apr_10_06: Loading mccp.rb
 INFO LOG: Apr_10_06: Loading flags.rb
 INFO LOG: Apr_10_06: Loading damage.rb
 INFO LOG: Apr_10_06: Loading areas.rb
 INFO LOG: Apr_10_06: Loading event.rb
 INFO LOG: Apr_10_06: Loading automap/automap.rb
 INFO LOG: Apr_10_06: Loading cities.olc.rb
 INFO LOG: Apr_10_06: Loading cities.rb
 INFO LOG: Apr_10_06: Loading help.rb
 INFO LOG: Apr_10_06: Loading imcruby.rb
 INFO LOG: Apr_10_06: Loading player.rb
 INFO LOG: Apr_10_06: Loading player.commands.rb
 INFO LOG: Apr_10_06: Loading random.rb
 INFO LOG: Apr_10_06: Loading spells.rb
 INFO LOG: Apr_10_06: Starting server.
 INFO LOG: Apr_10_06: CoralMUD is now up on port 4000.
 INFO LOG: Apr_10_06: -- 99.191.82.191:55694 connected to CoralMUD!
 INFO LOG: Apr_10_06: -- 99.191.82.191:55694: Retnur is trying to connect.
 INFO LOG: Apr_10_06: -- 99.191.82.191:55694: Retnur player file found.
 INFO LOG: Apr_10_06: -- Retnur has entered the game.
 INFO LOG: Apr_10_06: tick!!!
 INFO LOG: Apr_10_06: tick!!!
 INFO LOG: Apr_10_06: tick!!!
 INFO LOG: Apr_10_06: Loading tags.rb
 INFO LOG: Apr_10_06: -- #<Player:0x000000011e4370>:99.191.82.191:55694 disconnected from CoralMUD!
 INFO LOG: Apr_10_06: Program closed.
 INFO LOG: Apr_10_06: Logging enabled.   Loading logs.rb.
 INFO LOG: Apr_10_06: Loading utils.rb
 INFO LOG: Apr_10_06: Loading constants.rb
 INFO LOG: Apr_10_06: Loading class_property.rb
 INFO LOG: Apr_10_06: Loading tags.rb
 INFO LOG: Apr_10_06: Loading editor/editors.rb
 INFO LOG: Apr_10_06: Loading editor/editor.strings.rb
 INFO LOG: Apr_10_06: Loading editor/editor.rooms.rb
 INFO LOG: Apr_10_06: Loading editor/editor.exits.rb
 INFO LOG: Apr_10_06: Loading mxp.rb
 INFO LOG: Apr_10_06: Loading mccp.rb
 INFO LOG: Apr_10_06: Loading flags.rb
 INFO LOG: Apr_10_06: Loading damage.rb
 INFO LOG: Apr_10_06: Loading areas.rb
 INFO LOG: Apr_10_06: Loading event.rb
 INFO LOG: Apr_10_06: Loading automap/automap.rb
 INFO LOG: Apr_10_06: Loading cities.olc.rb
 INFO LOG: Apr_10_06: Loading cities.rb
 INFO LOG: Apr_10_06: Loading help.rb
 INFO LOG: Apr_10_06: Loading imcruby.rb
 INFO LOG: Apr_10_06: Loading player.rb
 INFO LOG: Apr_10_06: Loading player.commands.rb
 INFO LOG: Apr_10_06: Loading random.rb
 INFO LOG: Apr_10_06: Loading spells.rb
 INFO LOG: Apr_10_06: Starting server.
 INFO LOG: Apr_10_06: CoralMUD is now up on port 4000.
 INFO LOG: Apr_10_06: -- 99.191.82.191:42857 connected to CoralMUD!
 INFO LOG: Apr_10_06: -- 99.191.82.191:42857: Retnur is trying to connect.
 INFO LOG: Apr_10_06: -- 99.191.82.191:42857: Retnur player file found.
 INFO LOG: Apr_10_06: -- Retnur has entered the game.
 INFO LOG: Apr_10_06: tick!!!
 INFO LOG: Apr_10_06: tick!!!
 INFO LOG: Apr_10_06: tick!!!
 INFO LOG: Apr_10_06: tick!!!
 INFO LOG: Apr_10_06: tick!!!
 INFO LOG: Apr_10_06: tick!!!
 INFO LOG: Apr_10_06: tick!!!
 INFO LOG: Apr_10_06: tick!!!
 INFO LOG: Apr_10_06: tick!!!
 INFO LOG: Apr_10_06: tick!!!
 INFO LOG: Apr_10_06: tick!!!
 INFO LOG: Apr_10_06: tick!!!
 INFO LOG: Apr_10_06: tick!!!
 INFO LOG: Apr_10_06: tick!!!
 INFO LOG: Apr_10_06: tick!!!
 INFO LOG: Apr_10_06: tick!!!
 INFO LOG: Apr_10_06: tick!!!
 INFO LOG: Apr_10_06: tick!!!
 INFO LOG: Apr_10_07: tick!!!
 INFO LOG: Apr_10_07: tick!!!
 INFO LOG: Apr_10_07: tick!!!
 INFO LOG: Apr_10_07: tick!!!
 INFO LOG: Apr_10_07: tick!!!
 INFO LOG: Apr_10_07: Loading areas.rb
 INFO LOG: Apr_10_07: Loading player.commands.rb
 INFO LOG: Apr_10_07: tick!!!
 INFO LOG: Apr_10_07: tick!!!
 INFO LOG: Apr_10_07: tick!!!
 INFO LOG: Apr_10_07: tick!!!
 INFO LOG: Apr_10_07: Loading tags.rb
 INFO LOG: Apr_10_07: tick!!!
 INFO LOG: Apr_10_07: tick!!!
 INFO LOG: Apr_10_07: tick!!!
 INFO LOG: Apr_10_07: tick!!!
 INFO LOG: Apr_10_07: tick!!!
 INFO LOG: Apr_10_07: tick!!!
 INFO LOG: Apr_10_07: tick!!!
 INFO LOG: Apr_10_07: tick!!!
 INFO LOG: Apr_10_07: tick!!!
 INFO LOG: Apr_10_07: tick!!!
 INFO LOG: Apr_10_07: Loading tags.rb
 INFO LOG: Apr_10_07: -- #<Player:0x00000001022960>:99.191.82.191:42857 disconnected from CoralMUD!
 INFO LOG: Apr_10_07: Logging enabled.   Loading logs.rb.
 INFO LOG: Apr_10_07: Loading utils.rb
 INFO LOG: Apr_10_07: Loading constants.rb
 INFO LOG: Apr_10_07: Loading class_property.rb
 INFO LOG: Apr_10_07: Loading tags.rb
 INFO LOG: Apr_10_07: Logging enabled.   Loading logs.rb.
 INFO LOG: Apr_10_07: Loading utils.rb
 INFO LOG: Apr_10_07: Loading constants.rb
 INFO LOG: Apr_10_07: Loading class_property.rb
 INFO LOG: Apr_10_07: Loading tags.rb
 INFO LOG: Apr_10_07: Loading editor/editors.rb
 INFO LOG: Apr_10_07: Loading editor/editor.strings.rb
 INFO LOG: Apr_10_07: Loading editor/editor.rooms.rb
 INFO LOG: Apr_10_07: Loading editor/editor.exits.rb
 INFO LOG: Apr_10_07: Loading mxp.rb
 INFO LOG: Apr_10_07: Loading mccp.rb
 INFO LOG: Apr_10_07: Loading flags.rb
 INFO LOG: Apr_10_07: Loading damage.rb
 INFO LOG: Apr_10_07: Loading areas.rb
 INFO LOG: Apr_10_07: Loading event.rb
 INFO LOG: Apr_10_07: Loading automap/automap.rb
 INFO LOG: Apr_10_07: Loading cities.olc.rb
 INFO LOG: Apr_10_07: Loading cities.rb
 INFO LOG: Apr_10_07: Loading help.rb
 INFO LOG: Apr_10_07: Loading imcruby.rb
 INFO LOG: Apr_10_07: Loading player.rb
 INFO LOG: Apr_10_07: Loading player.commands.rb
 INFO LOG: Apr_10_07: Loading random.rb
 INFO LOG: Apr_10_07: Loading spells.rb
 INFO LOG: Apr_10_07: Starting server.
 INFO LOG: Apr_10_07: CoralMUD is now up on port 4000.
 INFO LOG: Apr_10_07: -- 99.191.82.191:48867 connected to CoralMUD!
 INFO LOG: Apr_10_07: -- 99.191.82.191:48867: Retnur is trying to connect.
 INFO LOG: Apr_10_07: -- 99.191.82.191:48867: Retnur player file found.
 INFO LOG: Apr_10_07: -- Retnur has entered the game.
ERROR LOG: undefined method `[]' for #<TestArea:0x00000001b387a0>
ERROR LOG: /home/heath/coral/lib/player.commands.rb:698:in `block in cmd_vtag'
ERROR LOG: /home/heath/coral/lib/player.commands.rb:697:in `each'
ERROR LOG: /home/heath/coral/lib/player.commands.rb:697:in `cmd_vtag'
ERROR LOG: /home/heath/coral/lib/player.commands.rb:185:in `execute_command'
ERROR LOG: /home/heath/coral/core/socketengine.rb:156:in `handle_cmd_input'
ERROR LOG: /home/heath/coral/core/socketengine.rb:136:in `receive_data'
ERROR LOG: /usr/local/lib/ruby/gems/1.9.1/gems/eventmachine-0.12.8/lib/eventmachine.rb:242:in `run_machine'
ERROR LOG: /usr/local/lib/ruby/gems/1.9.1/gems/eventmachine-0.12.8/lib/eventmachine.rb:242:in `run'
ERROR LOG: coral.rb:113:in `<main>'
 INFO LOG: Apr_10_07: Loading player.commands.rb
 INFO LOG: Apr_10_07: Loading player.commands.rb
 INFO LOG: Apr_10_07: tick!!!
 INFO LOG: Apr_10_07: tick!!!
 INFO LOG: Apr_10_08: Loading tags.rb
 INFO LOG: Apr_10_08: tick!!!
 INFO LOG: Apr_10_08: tick!!!
 INFO LOG: Apr_10_08: tick!!!
 INFO LOG: Apr_10_08: Loading tags.rb
 INFO LOG: Apr_10_08: Loading tags.rb
 INFO LOG: Apr_10_08: tick!!!
 INFO LOG: Apr_10_08: Loading tags.rb
 INFO LOG: Apr_10_08: Loading tags.rb
 INFO LOG: Apr_10_08: Loading tags.rb
 INFO LOG: Apr_10_08: -- #<Player:0x00000001bcce28>:99.191.82.191:48867 disconnected from CoralMUD!
 INFO LOG: Apr_10_08: Logging enabled.   Loading logs.rb.
 INFO LOG: Apr_10_08: Loading utils.rb
 INFO LOG: Apr_10_08: Loading constants.rb
 INFO LOG: Apr_10_08: Loading class_property.rb
 INFO LOG: Apr_10_08: Loading tags.rb
 INFO LOG: Apr_10_08: Logging enabled.   Loading logs.rb.
 INFO LOG: Apr_10_08: Loading utils.rb
 INFO LOG: Apr_10_08: Loading constants.rb
 INFO LOG: Apr_10_08: Loading class_property.rb
 INFO LOG: Apr_10_08: Loading tags.rb
 INFO LOG: Apr_10_08: Loading editor/editors.rb
 INFO LOG: Apr_10_08: Loading editor/editor.strings.rb
 INFO LOG: Apr_10_08: Loading editor/editor.rooms.rb
 INFO LOG: Apr_10_08: Loading editor/editor.exits.rb
 INFO LOG: Apr_10_08: Loading mxp.rb
 INFO LOG: Apr_10_08: Loading mccp.rb
 INFO LOG: Apr_10_08: Loading flags.rb
 INFO LOG: Apr_10_08: Loading damage.rb
 INFO LOG: Apr_10_08: Loading areas.rb
 INFO LOG: Apr_10_08: Loading event.rb
 INFO LOG: Apr_10_08: Loading automap/automap.rb
 INFO LOG: Apr_10_08: Loading cities.olc.rb
 INFO LOG: Apr_10_08: Loading cities.rb
 INFO LOG: Apr_10_08: Loading help.rb
 INFO LOG: Apr_10_08: Loading imcruby.rb
 INFO LOG: Apr_10_08: Loading player.rb
 INFO LOG: Apr_10_08: Loading player.commands.rb
 INFO LOG: Apr_10_08: Loading random.rb
 INFO LOG: Apr_10_08: Loading spells.rb
 INFO LOG: Apr_10_08: Starting server.
 INFO LOG: Apr_10_08: CoralMUD is now up on port 4000.
 INFO LOG: Apr_10_08: Loading tags.rb
 INFO LOG: Apr_10_08: Loading tags.rb
 INFO LOG: Apr_10_08: Loading tags.rb
 INFO LOG: Apr_10_08: Loading tags.rb
 INFO LOG: Apr_10_08: tick!!!
 INFO LOG: Apr_10_08: Loading tags.rb
 INFO LOG: Apr_10_08: tick!!!
 INFO LOG: Apr_10_08: tick!!!
 INFO LOG: Apr_10_08: Loading tags.rb
 INFO LOG: Apr_10_08: Logging enabled.   Loading logs.rb.
 INFO LOG: Apr_10_08: Loading utils.rb
 INFO LOG: Apr_10_08: Loading constants.rb
 INFO LOG: Apr_10_08: Loading class_property.rb
 INFO LOG: Apr_10_08: Loading tags.rb
 INFO LOG: Apr_10_08: Loading editor/editors.rb
 INFO LOG: Apr_10_08: Loading editor/editor.strings.rb
 INFO LOG: Apr_10_08: Loading editor/editor.rooms.rb
 INFO LOG: Apr_10_08: Loading editor/editor.exits.rb
 INFO LOG: Apr_10_08: Loading mxp.rb
 INFO LOG: Apr_10_08: Loading mccp.rb
 INFO LOG: Apr_10_08: Loading flags.rb
 INFO LOG: Apr_10_08: Loading damage.rb
 INFO LOG: Apr_10_08: Loading areas.rb
 INFO LOG: Apr_10_08: Loading event.rb
 INFO LOG: Apr_10_08: Loading automap/automap.rb
 INFO LOG: Apr_10_08: Loading cities.olc.rb
 INFO LOG: Apr_10_08: Loading cities.rb
 INFO LOG: Apr_10_08: Loading help.rb
 INFO LOG: Apr_10_08: Loading imcruby.rb
 INFO LOG: Apr_10_08: Loading player.rb
 INFO LOG: Apr_10_08: Loading player.commands.rb
 INFO LOG: Apr_10_08: Loading random.rb
 INFO LOG: Apr_10_08: Loading spells.rb
 INFO LOG: Apr_10_08: Starting server.
 INFO LOG: Apr_10_08: CoralMUD is now up on port 4000.
 INFO LOG: Apr_10_08: Loading tags.rb
 INFO LOG: Apr_10_08: Loading tags.rb
 INFO LOG: Apr_10_08: tick!!!
 INFO LOG: Apr_10_08: Loading tags.rb
 INFO LOG: Apr_10_08: tick!!!
 INFO LOG: Apr_10_08: -- 99.191.82.191:54923 connected to CoralMUD!
 INFO LOG: Apr_10_08: -- 99.191.82.191:54923: Retnur is trying to connect.
 INFO LOG: Apr_10_08: -- 99.191.82.191:54923: Retnur player file found.
 INFO LOG: Apr_10_08: -- Retnur has entered the game.
ERROR LOG: undefined method `o_center' for nil:NilClass
ERROR LOG: /home/heath/coral/lib/utils.rb:160:in `center'
ERROR LOG: /home/heath/coral/lib/player.commands.rb:613:in `cmd_who'
ERROR LOG: /home/heath/coral/lib/player.commands.rb:185:in `execute_command'
ERROR LOG: /home/heath/coral/core/socketengine.rb:156:in `handle_cmd_input'
ERROR LOG: /home/heath/coral/core/socketengine.rb:136:in `receive_data'
ERROR LOG: /usr/local/lib/ruby/gems/1.9.1/gems/eventmachine-0.12.8/lib/eventmachine.rb:242:in `run_machine'
ERROR LOG: /usr/local/lib/ruby/gems/1.9.1/gems/eventmachine-0.12.8/lib/eventmachine.rb:242:in `run'
ERROR LOG: coral.rb:113:in `<main>'
 INFO LOG: Apr_10_08: Loading player.commands.rb
 INFO LOG: Apr_10_08: tick!!!
 INFO LOG: Apr_10_08: tick!!!
 INFO LOG: Apr_10_08: tick!!!
 INFO LOG: Apr_10_08: tick!!!
 INFO LOG: Apr_10_08: tick!!!
 INFO LOG: Apr_10_08: tick!!!
 INFO LOG: Apr_10_08: tick!!!
 INFO LOG: Apr_10_08: Loading tags.rb
 INFO LOG: Apr_10_08: -- #<Player:0x000000023d1240>:99.191.82.191:54923 disconnected from CoralMUD!
 INFO LOG: Apr_10_08: Logging enabled.   Loading logs.rb.
 INFO LOG: Apr_10_08: Loading utils.rb
 INFO LOG: Apr_10_08: Loading constants.rb
 INFO LOG: Apr_10_08: Loading class_property.rb
 INFO LOG: Apr_10_08: Loading tags.rb
 INFO LOG: Apr_10_08: Loading editor/editors.rb
 INFO LOG: Apr_10_08: Loading editor/editor.strings.rb
 INFO LOG: Apr_10_08: Loading editor/editor.rooms.rb
 INFO LOG: Apr_10_08: Loading editor/editor.exits.rb
 INFO LOG: Apr_10_08: Loading mxp.rb
 INFO LOG: Apr_10_08: Loading mccp.rb
 INFO LOG: Apr_10_08: Loading flags.rb
 INFO LOG: Apr_10_08: Loading damage.rb
 INFO LOG: Apr_10_08: Loading areas.rb
 INFO LOG: Apr_10_08: Loading event.rb
 INFO LOG: Apr_10_08: Loading automap/automap.rb
 INFO LOG: Apr_10_08: Loading cities.olc.rb
 INFO LOG: Apr_10_08: Loading cities.rb
 INFO LOG: Apr_10_08: Loading help.rb
 INFO LOG: Apr_10_08: Loading imcruby.rb
 INFO LOG: Apr_10_08: Loading player.rb
 INFO LOG: Apr_10_08: Loading player.commands.rb
 INFO LOG: Apr_10_08: Loading random.rb
 INFO LOG: Apr_10_08: Loading spells.rb
 INFO LOG: Apr_10_08: Starting server.
 INFO LOG: Apr_10_08: CoralMUD is now up on port 4000.
 INFO LOG: Apr_10_08: -- 99.191.82.191:58723 connected to CoralMUD!
 INFO LOG: Apr_10_08: -- 99.191.82.191:58723: Retnur is trying to connect.
 INFO LOG: Apr_10_08: -- 99.191.82.191:58723: Retnur player file found.
 INFO LOG: Apr_10_08: -- Retnur has entered the game.
 INFO LOG: Apr_10_08: Loading tags.rb
 INFO LOG: Apr_10_08: tick!!!
 INFO LOG: Apr_10_08: tick!!!
 INFO LOG: Apr_10_08: tick!!!
 INFO LOG: Apr_10_08: tick!!!
 INFO LOG: Apr_10_08: tick!!!
 INFO LOG: Apr_10_08: tick!!!
 INFO LOG: Apr_10_08: tick!!!
 INFO LOG: Apr_10_08: Loading tags.rb
 INFO LOG: Apr_10_08: tick!!!
 INFO LOG: Apr_10_08: tick!!!
 INFO LOG: Apr_10_08: tick!!!
 INFO LOG: Apr_10_08: tick!!!
 INFO LOG: Apr_10_09: tick!!!
 INFO LOG: Apr_10_09: tick!!!
 INFO LOG: Apr_10_09: tick!!!
 INFO LOG: Apr_10_09: tick!!!
 INFO LOG: Apr_10_09: tick!!!
 INFO LOG: Apr_10_09: tick!!!
 INFO LOG: Apr_10_09: tick!!!
 INFO LOG: Apr_10_09: tick!!!
 INFO LOG: Apr_10_09: tick!!!
 INFO LOG: Apr_10_09: tick!!!
 INFO LOG: Apr_10_09: tick!!!
 INFO LOG: Apr_10_09: tick!!!
 INFO LOG: Apr_10_09: tick!!!
 INFO LOG: Apr_10_09: tick!!!
 INFO LOG: Apr_10_09: tick!!!
 INFO LOG: Apr_10_09: tick!!!
 INFO LOG: Apr_10_09: tick!!!
 INFO LOG: Apr_10_09: tick!!!
 INFO LOG: Apr_10_09: tick!!!
 INFO LOG: Apr_10_09: tick!!!
 INFO LOG: Apr_10_09: tick!!!
 INFO LOG: Apr_10_09: tick!!!
 INFO LOG: Apr_10_09: tick!!!
 INFO LOG: Apr_10_09: tick!!!
 INFO LOG: Apr_10_09: tick!!!
 INFO LOG: Apr_10_09: tick!!!
 INFO LOG: Apr_10_09: tick!!!
 INFO LOG: Apr_10_09: tick!!!
 INFO LOG: Apr_10_09: tick!!!
 INFO LOG: Apr_10_09: tick!!!
 INFO LOG: Apr_10_10: tick!!!
 INFO LOG: Apr_10_10: tick!!!
 INFO LOG: Apr_10_10: tick!!!
 INFO LOG: Apr_10_10: tick!!!
 INFO LOG: Apr_10_10: tick!!!
 INFO LOG: Apr_10_10: tick!!!
 INFO LOG: Apr_10_10: tick!!!
 INFO LOG: Apr_10_10: tick!!!
 INFO LOG: Apr_10_10: tick!!!
 INFO LOG: Apr_10_10: tick!!!
 INFO LOG: Apr_10_10: tick!!!
 INFO LOG: Apr_10_10: tick!!!
 INFO LOG: Apr_10_10: tick!!!
 INFO LOG: Apr_10_10: tick!!!
 INFO LOG: Apr_10_10: tick!!!
 INFO LOG: Apr_10_10: tick!!!
 INFO LOG: Apr_10_10: tick!!!
 INFO LOG: Apr_10_10: tick!!!
 INFO LOG: Apr_10_10: tick!!!
 INFO LOG: Apr_10_10: tick!!!
 INFO LOG: Apr_10_10: tick!!!
 INFO LOG: Apr_10_10: tick!!!
 INFO LOG: Apr_10_10: tick!!!
 INFO LOG: Apr_10_10: tick!!!
 INFO LOG: Apr_10_10: tick!!!
 INFO LOG: Apr_10_10: tick!!!
 INFO LOG: Apr_10_10: tick!!!
 INFO LOG: Apr_10_10: tick!!!
 INFO LOG: Apr_10_10: tick!!!
 INFO LOG: Apr_10_10: tick!!!
 INFO LOG: Apr_10_11: tick!!!
 INFO LOG: Apr_10_11: tick!!!
 INFO LOG: Apr_10_11: tick!!!
 INFO LOG: Apr_10_11: tick!!!
 INFO LOG: Apr_10_11: tick!!!
 INFO LOG: Apr_10_11: tick!!!
 INFO LOG: Apr_10_11: tick!!!
 INFO LOG: Apr_10_11: tick!!!
 INFO LOG: Apr_10_11: tick!!!
 INFO LOG: Apr_10_11: tick!!!
 INFO LOG: Apr_10_11: tick!!!
 INFO LOG: Apr_10_11: tick!!!
 INFO LOG: Apr_10_11: tick!!!
 INFO LOG: Apr_10_11: tick!!!
 INFO LOG: Apr_10_11: tick!!!
 INFO LOG: Apr_10_11: tick!!!
 INFO LOG: Apr_10_11: tick!!!
 INFO LOG: Apr_10_11: tick!!!
 INFO LOG: Apr_10_11: tick!!!
 INFO LOG: Apr_10_11: tick!!!
 INFO LOG: Apr_10_11: tick!!!
 INFO LOG: Apr_10_11: tick!!!
 INFO LOG: Apr_10_11: tick!!!
 INFO LOG: Apr_10_11: tick!!!
 INFO LOG: Apr_10_11: tick!!!
 INFO LOG: Apr_10_11: tick!!!
 INFO LOG: Apr_10_11: tick!!!
 INFO LOG: Apr_10_11: tick!!!
 INFO LOG: Apr_10_11: tick!!!
 INFO LOG: Apr_10_11: tick!!!
 INFO LOG: Apr_10_12: tick!!!
 INFO LOG: Apr_10_12: tick!!!
 INFO LOG: Apr_10_12: tick!!!
 INFO LOG: Apr_10_12: tick!!!
 INFO LOG: Apr_10_12: tick!!!
 INFO LOG: Apr_10_12: tick!!!
 INFO LOG: Apr_10_12: tick!!!
 INFO LOG: Apr_10_12: tick!!!
 INFO LOG: Apr_10_12: tick!!!
 INFO LOG: Apr_10_12: tick!!!
 INFO LOG: Apr_10_12: tick!!!
 INFO LOG: Apr_10_12: tick!!!
 INFO LOG: Apr_10_12: tick!!!
 INFO LOG: Apr_10_12: tick!!!
 INFO LOG: Apr_10_12: tick!!!
 INFO LOG: Apr_10_12: tick!!!
 INFO LOG: Apr_10_12: tick!!!
 INFO LOG: Apr_10_12: tick!!!
 INFO LOG: Apr_10_12: Loading tags.rb
 INFO LOG: Apr_10_12: tick!!!
 INFO LOG: Apr_10_12: tick!!!
 INFO LOG: Apr_10_12: tick!!!
 INFO LOG: Apr_10_12: tick!!!
 INFO LOG: Apr_10_12: tick!!!
 INFO LOG: Apr_10_12: tick!!!
 INFO LOG: Apr_10_12: tick!!!
 INFO LOG: Apr_10_12: tick!!!
 INFO LOG: Apr_10_12: tick!!!
 INFO LOG: Apr_10_12: tick!!!
 INFO LOG: Apr_10_12: tick!!!
 INFO LOG: Apr_10_12: tick!!!
 INFO LOG: Apr_10_13: tick!!!
 INFO LOG: Apr_10_13: tick!!!
 INFO LOG: Apr_10_13: tick!!!
 INFO LOG: Apr_10_13: tick!!!
 INFO LOG: Apr_10_13: tick!!!
 INFO LOG: Apr_10_13: tick!!!
 INFO LOG: Apr_10_13: tick!!!
 INFO LOG: Apr_10_13: tick!!!
 INFO LOG: Apr_10_13: tick!!!
 INFO LOG: Apr_10_13: tick!!!
 INFO LOG: Apr_10_13: tick!!!
 INFO LOG: Apr_10_13: tick!!!
 INFO LOG: Apr_10_13: tick!!!
 INFO LOG: Apr_10_13: tick!!!
 INFO LOG: Apr_10_13: tick!!!
 INFO LOG: Apr_10_13: tick!!!
 INFO LOG: Apr_10_13: tick!!!
 INFO LOG: Apr_10_13: tick!!!
 INFO LOG: Apr_10_13: tick!!!
 INFO LOG: Apr_10_13: tick!!!
 INFO LOG: Apr_10_13: tick!!!
 INFO LOG: Apr_10_13: tick!!!
 INFO LOG: Apr_10_13: tick!!!
 INFO LOG: Apr_10_13: tick!!!
 INFO LOG: Apr_10_13: tick!!!
 INFO LOG: Apr_10_13: tick!!!
 INFO LOG: Apr_10_13: tick!!!
 INFO LOG: Apr_10_13: tick!!!
 INFO LOG: Apr_10_13: tick!!!
 INFO LOG: Apr_10_13: tick!!!
 INFO LOG: Apr_10_14: tick!!!
 INFO LOG: Apr_10_14: tick!!!
 INFO LOG: Apr_10_14: tick!!!
 INFO LOG: Apr_10_14: tick!!!
 INFO LOG: Apr_10_14: tick!!!
 INFO LOG: Apr_10_14: tick!!!
 INFO LOG: Apr_10_14: tick!!!
 INFO LOG: Apr_10_14: tick!!!
 INFO LOG: Apr_10_14: tick!!!
 INFO LOG: Apr_10_14: tick!!!
 INFO LOG: Apr_10_14: tick!!!
 INFO LOG: Apr_10_14: tick!!!
 INFO LOG: Apr_10_14: tick!!!
 INFO LOG: Apr_10_14: tick!!!
 INFO LOG: Apr_10_14: tick!!!
 INFO LOG: Apr_10_14: tick!!!
 INFO LOG: Apr_10_14: tick!!!
 INFO LOG: Apr_10_14: tick!!!
 INFO LOG: Apr_10_14: tick!!!
 INFO LOG: Apr_10_14: tick!!!
 INFO LOG: Apr_10_14: tick!!!
 INFO LOG: Apr_10_14: tick!!!
 INFO LOG: Apr_10_14: tick!!!
 INFO LOG: Apr_10_14: tick!!!
 INFO LOG: Apr_10_14: tick!!!
 INFO LOG: Apr_10_14: tick!!!
 INFO LOG: Apr_10_14: tick!!!
 INFO LOG: Apr_10_14: tick!!!
 INFO LOG: Apr_10_14: tick!!!
 INFO LOG: Apr_10_14: tick!!!
 INFO LOG: Apr_10_15: tick!!!
 INFO LOG: Apr_10_15: tick!!!
 INFO LOG: Apr_10_15: tick!!!
 INFO LOG: Apr_10_15: tick!!!
 INFO LOG: Apr_10_15: tick!!!
 INFO LOG: Apr_10_15: tick!!!
 INFO LOG: Apr_10_15: tick!!!
 INFO LOG: Apr_10_15: tick!!!
 INFO LOG: Apr_10_15: tick!!!
 INFO LOG: Apr_10_15: tick!!!
 INFO LOG: Apr_10_15: tick!!!
 INFO LOG: Apr_10_15: tick!!!
 INFO LOG: Apr_10_15: tick!!!
 INFO LOG: Apr_10_15: tick!!!
 INFO LOG: Apr_10_15: tick!!!
 INFO LOG: Apr_10_15: tick!!!
 INFO LOG: Apr_10_15: tick!!!
 INFO LOG: Apr_10_15: tick!!!
 INFO LOG: Apr_10_15: tick!!!
 INFO LOG: Apr_10_15: tick!!!
 INFO LOG: Apr_10_15: tick!!!
 INFO LOG: Apr_10_15: tick!!!
 INFO LOG: Apr_10_15: tick!!!
 INFO LOG: Apr_10_15: tick!!!
 INFO LOG: Apr_10_15: tick!!!
 INFO LOG: Apr_10_15: tick!!!
 INFO LOG: Apr_10_15: tick!!!
 INFO LOG: Apr_10_15: tick!!!
 INFO LOG: Apr_10_15: tick!!!
 INFO LOG: Apr_10_16: tick!!!
 INFO LOG: Apr_10_16: tick!!!
 INFO LOG: Apr_10_16: tick!!!
 INFO LOG: Apr_10_16: tick!!!
 INFO LOG: Apr_10_16: tick!!!
 INFO LOG: Apr_10_16: tick!!!
 INFO LOG: Apr_10_16: tick!!!
 INFO LOG: Apr_10_16: tick!!!
 INFO LOG: Apr_10_16: tick!!!
 INFO LOG: Apr_10_16: tick!!!
 INFO LOG: Apr_10_16: tick!!!
 INFO LOG: Apr_10_16: tick!!!
 INFO LOG: Apr_10_16: tick!!!
 INFO LOG: Apr_10_16: tick!!!
 INFO LOG: Apr_10_16: tick!!!
 INFO LOG: Apr_10_16: tick!!!
 INFO LOG: Apr_10_16: tick!!!
 INFO LOG: Apr_10_16: tick!!!
 INFO LOG: Apr_10_16: -- 173.34.148.243:49841 connected to CoralMUD!
 INFO LOG: Apr_10_16: -- 173.34.148.243:49841: Dan is trying to connect.
 INFO LOG: Apr_10_16: -- 173.34.148.243:49841: Dan:  New Character.
 INFO LOG: Apr_10_16: -- #<Player:0x00000002111050>:99.191.82.191:58723 disconnected from CoralMUD!
 INFO LOG: Apr_10_16: -- #<Player:0x000000021691b0>:173.34.148.243:49841 disconnected from CoralMUD!
