 INFO LOG: Apr_18_16:0: Logging enabled.   Loading logs.rb.
 INFO LOG: Apr_18_16:0: Loading facade.rb
 INFO LOG: Apr_18_16:0: Loading utils.rb
 INFO LOG: Apr_18_16:0: Loading constants.rb
 INFO LOG: Apr_18_16:0: Loading class_property.rb
 INFO LOG: Apr_18_16:0: Loading tags.rb
 INFO LOG: Apr_18_16:0: Loading editor/editors.rb
 INFO LOG: Apr_18_16:0: Loading editor/editor.strings.rb
 INFO LOG: Apr_18_16:0: Loading editor/editor.rooms.rb
 INFO LOG: Apr_18_16:0: Loading editor/editor.exits.rb
 INFO LOG: Apr_18_16:0: Loading editor/editor.zones.rb
 INFO LOG: Apr_18_16:0: Loading editor/editor.npc.rb
 INFO LOG: Apr_18_16:0: Loading editor/editor.items.rb
 INFO LOG: Apr_18_16:0: Loading mxp.rb
 INFO LOG: Apr_18_16:0: Loading mccp.rb
 INFO LOG: Apr_18_16:0: Loading flags.rb
 INFO LOG: Apr_18_16:0: Loading damage.rb
 INFO LOG: Apr_18_16:0: Loading areas.rb
 INFO LOG: Apr_18_16:0: Loading event.rb
 INFO LOG: Apr_18_16:0: Loading automap/automap.rb
 INFO LOG: Apr_18_16:0: Loading cities.olc.rb
 INFO LOG: Apr_18_16:0: Loading cities.rb
 INFO LOG: Apr_18_16:0: Loading sector definitions.
 INFO LOG: Apr_18_16:0: Loading help.rb
 INFO LOG: Apr_18_16:0: Loading imcruby.rb
 INFO LOG: Apr_18_16:0: Loading player.rb
 INFO LOG: Apr_18_16:0: Loading commands.rb
 INFO LOG: Apr_18_16:0: Loading random.rb
 INFO LOG: Apr_18_16:0: Loading npc.rb
 INFO LOG: Apr_18_16:0: Loading items.rb
 INFO LOG: Apr_18_16:0: Loading spells.rb
 INFO LOG: Apr_18_16:0: Loading all zones.
 INFO LOG: Apr_18_16:0: Starting server.
 INFO LOG: Apr_18_16:0: CoralMUD is now up on port 4000.
 INFO LOG: Apr_18_16:0: -- 99.191.82.191:56620 connected to CoralMUD!
 INFO LOG: Apr_18_16:0: -- 99.191.82.191:56620: Retnur is trying to connect.
 INFO LOG: Apr_18_16:0: -- 99.191.82.191:56620: Retnur player file found.
 INFO LOG: Apr_18_16:0: -- Retnur has entered the game.
ERROR LOG: wrong number of arguments (0 for 1)
ERROR LOG: /home/heath/coral/lib/cities.rb:159:in `enter'
ERROR LOG: /home/heath/coral/lib/commands/east.rb:16:in `cmd_east'
ERROR LOG: /home/heath/coral/lib/commands.rb:224:in `execute_command'
ERROR LOG: /home/heath/coral/core/socketengine.rb:160:in `handle_cmd_input'
ERROR LOG: /home/heath/coral/core/socketengine.rb:135:in `receive_data'
ERROR LOG: /usr/local/lib/ruby/gems/1.9.1/gems/eventmachine-0.12.8/lib/eventmachine.rb:242:in `run_machine'
ERROR LOG: /usr/local/lib/ruby/gems/1.9.1/gems/eventmachine-0.12.8/lib/eventmachine.rb:242:in `run'
ERROR LOG: coral.rb:162:in `<main>'
 INFO LOG: Apr_18_16:1: Loading cities.rb
 INFO LOG: Apr_18_16:1: Loading sector definitions.
 INFO LOG: Apr_18_16:1: tick!!!
 INFO LOG: Apr_18_16:1: -- #<Player:0x000000025b38d8>:99.191.82.191:56620 disconnected from CoralMUD!
 INFO LOG: Apr_18_16:1: Program closed.
 INFO LOG: Apr_18_16:1: Logging enabled.   Loading logs.rb.
 INFO LOG: Apr_18_16:1: Loading facade.rb
 INFO LOG: Apr_18_16:1: Loading utils.rb
 INFO LOG: Apr_18_16:1: Loading constants.rb
 INFO LOG: Apr_18_16:1: Loading class_property.rb
 INFO LOG: Apr_18_16:1: Loading tags.rb
 INFO LOG: Apr_18_16:1: Loading editor/editors.rb
 INFO LOG: Apr_18_16:1: Loading editor/editor.strings.rb
 INFO LOG: Apr_18_16:1: Loading editor/editor.rooms.rb
 INFO LOG: Apr_18_16:1: Loading editor/editor.exits.rb
 INFO LOG: Apr_18_16:1: Loading editor/editor.zones.rb
 INFO LOG: Apr_18_16:1: Loading editor/editor.npc.rb
 INFO LOG: Apr_18_16:1: Loading editor/editor.items.rb
 INFO LOG: Apr_18_16:1: Loading mxp.rb
 INFO LOG: Apr_18_16:1: Loading mccp.rb
 INFO LOG: Apr_18_16:1: Loading flags.rb
 INFO LOG: Apr_18_16:1: Loading damage.rb
 INFO LOG: Apr_18_16:1: Loading areas.rb
 INFO LOG: Apr_18_16:1: Loading event.rb
 INFO LOG: Apr_18_16:1: Loading automap/automap.rb
 INFO LOG: Apr_18_16:1: Loading cities.olc.rb
 INFO LOG: Apr_18_16:1: Loading cities.rb
 INFO LOG: Apr_18_16:1: Loading sector definitions.
 INFO LOG: Apr_18_16:1: Loading help.rb
 INFO LOG: Apr_18_16:1: Loading imcruby.rb
 INFO LOG: Apr_18_16:1: Loading player.rb
 INFO LOG: Apr_18_16:1: Loading commands.rb
 INFO LOG: Apr_18_16:1: Loading random.rb
 INFO LOG: Apr_18_16:1: Loading npc.rb
 INFO LOG: Apr_18_16:1: Loading items.rb
 INFO LOG: Apr_18_16:1: Loading spells.rb
 INFO LOG: Apr_18_16:1: Loading all zones.
 INFO LOG: Apr_18_16:1: Starting server.
 INFO LOG: Apr_18_16:1: CoralMUD is now up on port 4000.
 INFO LOG: Apr_18_16:1: -- 99.191.82.191:38881 connected to CoralMUD!
 INFO LOG: Apr_18_16:1: -- 99.191.82.191:38881: Retnur is trying to connect.
 INFO LOG: Apr_18_16:1: -- 99.191.82.191:38881: Retnur player file found.
 INFO LOG: Apr_18_16:1: -- Retnur has entered the game.
ERROR LOG: wrong number of arguments (0 for 1)
ERROR LOG: /home/heath/coral/lib/cities.rb:159:in `enter'
ERROR LOG: /home/heath/coral/lib/commands/east.rb:16:in `cmd_east'
ERROR LOG: /home/heath/coral/lib/commands.rb:224:in `execute_command'
ERROR LOG: /home/heath/coral/core/socketengine.rb:160:in `handle_cmd_input'
ERROR LOG: /home/heath/coral/core/socketengine.rb:135:in `receive_data'
ERROR LOG: /usr/local/lib/ruby/gems/1.9.1/gems/eventmachine-0.12.8/lib/eventmachine.rb:242:in `run_machine'
ERROR LOG: /usr/local/lib/ruby/gems/1.9.1/gems/eventmachine-0.12.8/lib/eventmachine.rb:242:in `run'
ERROR LOG: coral.rb:162:in `<main>'
 INFO LOG: Apr_18_16:1: tick!!!
 INFO LOG: Apr_18_16:1: Loading cities.rb
 INFO LOG: Apr_18_16:1: Loading sector definitions.
ERROR LOG: undefined method `exit_list' for nil:NilClass
ERROR LOG: /home/heath/coral/lib/commands/east.rb:4:in `cmd_east'
ERROR LOG: /home/heath/coral/lib/commands.rb:224:in `execute_command'
ERROR LOG: /home/heath/coral/core/socketengine.rb:160:in `handle_cmd_input'
ERROR LOG: /home/heath/coral/core/socketengine.rb:135:in `receive_data'
ERROR LOG: /usr/local/lib/ruby/gems/1.9.1/gems/eventmachine-0.12.8/lib/eventmachine.rb:242:in `run_machine'
ERROR LOG: /usr/local/lib/ruby/gems/1.9.1/gems/eventmachine-0.12.8/lib/eventmachine.rb:242:in `run'
ERROR LOG: coral.rb:162:in `<main>'
 INFO LOG: Apr_18_16:1: -- #<Player:0x00000002d8bda8>:99.191.82.191:38881 disconnected from CoralMUD!
 INFO LOG: Apr_18_16:1: Program closed.
 INFO LOG: Apr_18_16:1: Logging enabled.   Loading logs.rb.
 INFO LOG: Apr_18_16:1: Loading facade.rb
 INFO LOG: Apr_18_16:1: Loading utils.rb
 INFO LOG: Apr_18_16:1: Loading constants.rb
 INFO LOG: Apr_18_16:1: Loading class_property.rb
 INFO LOG: Apr_18_16:1: Loading tags.rb
 INFO LOG: Apr_18_16:1: Loading editor/editors.rb
 INFO LOG: Apr_18_16:1: Loading editor/editor.strings.rb
 INFO LOG: Apr_18_16:1: Loading editor/editor.rooms.rb
 INFO LOG: Apr_18_16:1: Loading editor/editor.exits.rb
 INFO LOG: Apr_18_16:1: Loading editor/editor.zones.rb
 INFO LOG: Apr_18_16:1: Loading editor/editor.npc.rb
 INFO LOG: Apr_18_16:1: Loading editor/editor.items.rb
 INFO LOG: Apr_18_16:1: Loading mxp.rb
 INFO LOG: Apr_18_16:1: Loading mccp.rb
 INFO LOG: Apr_18_16:1: Loading flags.rb
 INFO LOG: Apr_18_16:1: Loading damage.rb
 INFO LOG: Apr_18_16:1: Loading areas.rb
 INFO LOG: Apr_18_16:1: Loading event.rb
 INFO LOG: Apr_18_16:1: Loading automap/automap.rb
 INFO LOG: Apr_18_16:1: Loading cities.olc.rb
 INFO LOG: Apr_18_16:1: Loading cities.rb
 INFO LOG: Apr_18_16:1: Loading sector definitions.
 INFO LOG: Apr_18_16:1: Loading help.rb
 INFO LOG: Apr_18_16:1: Loading imcruby.rb
 INFO LOG: Apr_18_16:1: Loading player.rb
 INFO LOG: Apr_18_16:1: Loading commands.rb
 INFO LOG: Apr_18_16:1: Loading random.rb
 INFO LOG: Apr_18_16:1: Loading npc.rb
 INFO LOG: Apr_18_16:1: Loading items.rb
 INFO LOG: Apr_18_16:1: Loading spells.rb
 INFO LOG: Apr_18_16:1: Loading all zones.
 INFO LOG: Apr_18_16:1: Starting server.
 INFO LOG: Apr_18_16:1: CoralMUD is now up on port 4000.
 INFO LOG: Apr_18_16:1: -- 99.191.82.191:53738 connected to CoralMUD!
 INFO LOG: Apr_18_16:1: -- 99.191.82.191:53738: Retnur is trying to connect.
 INFO LOG: Apr_18_16:1: -- 99.191.82.191:53738: Retnur player file found.
 INFO LOG: Apr_18_16:1: -- Retnur has entered the game.
ERROR LOG: wrong number of arguments (0 for 1)
ERROR LOG: /home/heath/coral/lib/cities.rb:159:in `enter'
ERROR LOG: /home/heath/coral/lib/commands/east.rb:16:in `cmd_east'
ERROR LOG: /home/heath/coral/lib/commands.rb:224:in `execute_command'
ERROR LOG: /home/heath/coral/core/socketengine.rb:160:in `handle_cmd_input'
ERROR LOG: /home/heath/coral/core/socketengine.rb:135:in `receive_data'
ERROR LOG: /usr/local/lib/ruby/gems/1.9.1/gems/eventmachine-0.12.8/lib/eventmachine.rb:242:in `run_machine'
ERROR LOG: /usr/local/lib/ruby/gems/1.9.1/gems/eventmachine-0.12.8/lib/eventmachine.rb:242:in `run'
ERROR LOG: coral.rb:162:in `<main>'
ERROR LOG: undefined method `exit_list' for nil:NilClass
ERROR LOG: /home/heath/coral/lib/commands/west.rb:5:in `cmd_west'
ERROR LOG: /home/heath/coral/lib/commands.rb:224:in `execute_command'
ERROR LOG: /home/heath/coral/core/socketengine.rb:160:in `handle_cmd_input'
ERROR LOG: /home/heath/coral/core/socketengine.rb:135:in `receive_data'
ERROR LOG: /usr/local/lib/ruby/gems/1.9.1/gems/eventmachine-0.12.8/lib/eventmachine.rb:242:in `run_machine'
ERROR LOG: /usr/local/lib/ruby/gems/1.9.1/gems/eventmachine-0.12.8/lib/eventmachine.rb:242:in `run'
ERROR LOG: coral.rb:162:in `<main>'
ERROR LOG: undefined method `exit_list' for nil:NilClass
ERROR LOG: /home/heath/coral/lib/commands/east.rb:4:in `cmd_east'
ERROR LOG: /home/heath/coral/lib/commands.rb:224:in `execute_command'
ERROR LOG: /home/heath/coral/core/socketengine.rb:160:in `handle_cmd_input'
ERROR LOG: /home/heath/coral/core/socketengine.rb:135:in `receive_data'
ERROR LOG: /usr/local/lib/ruby/gems/1.9.1/gems/eventmachine-0.12.8/lib/eventmachine.rb:242:in `run_machine'
ERROR LOG: /usr/local/lib/ruby/gems/1.9.1/gems/eventmachine-0.12.8/lib/eventmachine.rb:242:in `run'
ERROR LOG: coral.rb:162:in `<main>'
ERROR LOG: undefined method `exit_list' for nil:NilClass
ERROR LOG: /home/heath/coral/lib/commands/south.rb:5:in `cmd_south'
ERROR LOG: /home/heath/coral/lib/commands.rb:224:in `execute_command'
ERROR LOG: /home/heath/coral/core/socketengine.rb:160:in `handle_cmd_input'
ERROR LOG: /home/heath/coral/core/socketengine.rb:135:in `receive_data'
ERROR LOG: /usr/local/lib/ruby/gems/1.9.1/gems/eventmachine-0.12.8/lib/eventmachine.rb:242:in `run_machine'
ERROR LOG: /usr/local/lib/ruby/gems/1.9.1/gems/eventmachine-0.12.8/lib/eventmachine.rb:242:in `run'
ERROR LOG: coral.rb:162:in `<main>'
ERROR LOG: undefined method `each_bfs' for nil:NilClass
ERROR LOG: /home/heath/coral/lib/automap/automap.rb:24:in `build_map'
ERROR LOG: /home/heath/coral/lib/automap/automap.rb:9:in `initialize'
ERROR LOG: /home/heath/coral/lib/commands/look.rb:23:in `new'
ERROR LOG: /home/heath/coral/lib/commands/look.rb:23:in `cmd_look'
ERROR LOG: /home/heath/coral/lib/commands.rb:224:in `execute_command'
ERROR LOG: /home/heath/coral/core/socketengine.rb:160:in `handle_cmd_input'
ERROR LOG: /home/heath/coral/core/socketengine.rb:135:in `receive_data'
ERROR LOG: /usr/local/lib/ruby/gems/1.9.1/gems/eventmachine-0.12.8/lib/eventmachine.rb:242:in `run_machine'
ERROR LOG: /usr/local/lib/ruby/gems/1.9.1/gems/eventmachine-0.12.8/lib/eventmachine.rb:242:in `run'
ERROR LOG: coral.rb:162:in `<main>'
 INFO LOG: Apr_18_16:1: -- #<Player:0x000000013127b0>:99.191.82.191:53738 disconnected from CoralMUD!
 INFO LOG: Apr_18_16:1: Program closed.
 INFO LOG: Apr_18_16:1: Logging enabled.   Loading logs.rb.
 INFO LOG: Apr_18_16:1: Loading facade.rb
 INFO LOG: Apr_18_16:1: Loading utils.rb
 INFO LOG: Apr_18_16:1: Loading constants.rb
 INFO LOG: Apr_18_16:1: Loading class_property.rb
 INFO LOG: Apr_18_16:1: Loading tags.rb
 INFO LOG: Apr_18_16:1: Loading editor/editors.rb
 INFO LOG: Apr_18_16:1: Loading editor/editor.strings.rb
 INFO LOG: Apr_18_16:1: Loading editor/editor.rooms.rb
 INFO LOG: Apr_18_16:1: Loading editor/editor.exits.rb
 INFO LOG: Apr_18_16:1: Loading editor/editor.zones.rb
 INFO LOG: Apr_18_16:1: Loading editor/editor.npc.rb
 INFO LOG: Apr_18_16:1: Loading editor/editor.items.rb
 INFO LOG: Apr_18_16:1: Loading mxp.rb
 INFO LOG: Apr_18_16:1: Loading mccp.rb
 INFO LOG: Apr_18_16:1: Loading flags.rb
 INFO LOG: Apr_18_16:1: Loading damage.rb
 INFO LOG: Apr_18_16:1: Loading areas.rb
 INFO LOG: Apr_18_16:1: Loading event.rb
 INFO LOG: Apr_18_16:1: Loading automap/automap.rb
 INFO LOG: Apr_18_16:1: Loading cities.olc.rb
 INFO LOG: Apr_18_16:1: Loading cities.rb
 INFO LOG: Apr_18_16:1: Loading sector definitions.
 INFO LOG: Apr_18_16:1: Loading help.rb
 INFO LOG: Apr_18_16:1: Loading imcruby.rb
 INFO LOG: Apr_18_16:1: Loading player.rb
 INFO LOG: Apr_18_16:1: Loading commands.rb
 INFO LOG: Apr_18_16:1: Loading random.rb
 INFO LOG: Apr_18_16:1: Loading npc.rb
 INFO LOG: Apr_18_16:1: Loading items.rb
 INFO LOG: Apr_18_16:1: Loading spells.rb
 INFO LOG: Apr_18_16:1: Loading all zones.
 INFO LOG: Apr_18_16:1: Starting server.
 INFO LOG: Apr_18_16:1: CoralMUD is now up on port 4000.
 INFO LOG: Apr_18_16:1: -- 99.191.82.191:43880 connected to CoralMUD!
 INFO LOG: Apr_18_16:1: -- 99.191.82.191:43880: Retnur is trying to connect.
 INFO LOG: Apr_18_16:1: -- 99.191.82.191:43880: Retnur player file found.
 INFO LOG: Apr_18_16:1: -- Retnur has entered the game.
 INFO LOG: Apr_18_16:1: Loading cities.rb
 INFO LOG: Apr_18_16:1: Loading sector definitions.
 INFO LOG: Apr_18_16:1: -- #<Player:0x000000024b9bd0>:99.191.82.191:43880 disconnected from CoralMUD!
 INFO LOG: Apr_18_16:1: Program closed.
 INFO LOG: Apr_18_16:1: Logging enabled.   Loading logs.rb.
 INFO LOG: Apr_18_16:1: Loading facade.rb
 INFO LOG: Apr_18_16:1: Loading utils.rb
 INFO LOG: Apr_18_16:1: Loading constants.rb
 INFO LOG: Apr_18_16:1: Loading class_property.rb
 INFO LOG: Apr_18_16:1: Loading tags.rb
 INFO LOG: Apr_18_16:1: Loading editor/editors.rb
 INFO LOG: Apr_18_16:1: Loading editor/editor.strings.rb
 INFO LOG: Apr_18_16:1: Loading editor/editor.rooms.rb
 INFO LOG: Apr_18_16:1: Loading editor/editor.exits.rb
 INFO LOG: Apr_18_16:1: Loading editor/editor.zones.rb
 INFO LOG: Apr_18_16:1: Loading editor/editor.npc.rb
 INFO LOG: Apr_18_16:1: Loading editor/editor.items.rb
 INFO LOG: Apr_18_16:1: Loading mxp.rb
 INFO LOG: Apr_18_16:1: Loading mccp.rb
 INFO LOG: Apr_18_16:1: Loading flags.rb
 INFO LOG: Apr_18_16:1: Loading damage.rb
 INFO LOG: Apr_18_16:1: Loading areas.rb
 INFO LOG: Apr_18_16:1: Loading event.rb
 INFO LOG: Apr_18_16:1: Loading automap/automap.rb
 INFO LOG: Apr_18_16:1: Loading cities.olc.rb
 INFO LOG: Apr_18_16:1: Loading cities.rb
 INFO LOG: Apr_18_16:1: Loading sector definitions.
 INFO LOG: Apr_18_16:1: Loading help.rb
 INFO LOG: Apr_18_16:1: Loading imcruby.rb
 INFO LOG: Apr_18_16:1: Loading player.rb
 INFO LOG: Apr_18_16:1: Loading commands.rb
 INFO LOG: Apr_18_16:1: Loading random.rb
 INFO LOG: Apr_18_16:1: Loading npc.rb
 INFO LOG: Apr_18_16:1: Loading items.rb
 INFO LOG: Apr_18_16:1: Loading spells.rb
 INFO LOG: Apr_18_16:1: Loading all zones.
 INFO LOG: Apr_18_16:1: Starting server.
 INFO LOG: Apr_18_16:1: CoralMUD is now up on port 4000.
 INFO LOG: Apr_18_16:1: -- 99.191.82.191:53662 connected to CoralMUD!
 INFO LOG: Apr_18_16:1: -- 99.191.82.191:53662: Retnur is trying to connect.
 INFO LOG: Apr_18_16:1: -- 99.191.82.191:53662: Retnur player file found.
 INFO LOG: Apr_18_16:1: -- Retnur has entered the game.
 INFO LOG: Apr_18_16:1: Loading cities.rb
 INFO LOG: Apr_18_16:1: Loading sector definitions.
 INFO LOG: Apr_18_16:1: -- #<Player:0x00000002eb7da8>:99.191.82.191:53662 disconnected from CoralMUD!
 INFO LOG: Apr_18_16:1: Program closed.
 INFO LOG: Apr_18_16:1: Logging enabled.   Loading logs.rb.
 INFO LOG: Apr_18_16:1: Loading facade.rb
 INFO LOG: Apr_18_16:1: Loading utils.rb
 INFO LOG: Apr_18_16:1: Loading constants.rb
 INFO LOG: Apr_18_16:1: Loading class_property.rb
 INFO LOG: Apr_18_16:1: Loading tags.rb
 INFO LOG: Apr_18_16:1: Loading editor/editors.rb
 INFO LOG: Apr_18_16:1: Loading editor/editor.strings.rb
 INFO LOG: Apr_18_16:1: Loading editor/editor.rooms.rb
 INFO LOG: Apr_18_16:1: Loading editor/editor.exits.rb
 INFO LOG: Apr_18_16:1: Loading editor/editor.zones.rb
 INFO LOG: Apr_18_16:1: Loading editor/editor.npc.rb
 INFO LOG: Apr_18_16:1: Loading editor/editor.items.rb
 INFO LOG: Apr_18_16:1: Loading mxp.rb
 INFO LOG: Apr_18_16:1: Loading mccp.rb
 INFO LOG: Apr_18_16:1: Loading flags.rb
 INFO LOG: Apr_18_16:1: Loading damage.rb
 INFO LOG: Apr_18_16:1: Loading areas.rb
 INFO LOG: Apr_18_16:1: Loading event.rb
 INFO LOG: Apr_18_16:1: Loading automap/automap.rb
 INFO LOG: Apr_18_16:1: Loading cities.olc.rb
 INFO LOG: Apr_18_16:1: Loading cities.rb
 INFO LOG: Apr_18_16:1: Loading sector definitions.
 INFO LOG: Apr_18_16:1: Loading help.rb
 INFO LOG: Apr_18_16:1: Loading imcruby.rb
 INFO LOG: Apr_18_16:1: Loading player.rb
 INFO LOG: Apr_18_16:1: Loading commands.rb
 INFO LOG: Apr_18_16:1: Loading random.rb
 INFO LOG: Apr_18_16:1: Loading npc.rb
 INFO LOG: Apr_18_16:1: Loading items.rb
 INFO LOG: Apr_18_16:1: Loading spells.rb
 INFO LOG: Apr_18_16:1: Loading all zones.
 INFO LOG: Apr_18_16:1: Starting server.
 INFO LOG: Apr_18_16:1: CoralMUD is now up on port 4000.
 INFO LOG: Apr_18_16:1: -- 99.191.82.191:38475 connected to CoralMUD!
 INFO LOG: Apr_18_16:1: -- 99.191.82.191:38475: Retnur is trying to connect.
 INFO LOG: Apr_18_16:1: -- 99.191.82.191:38475: Retnur player file found.
 INFO LOG: Apr_18_16:1: -- Retnur has entered the game.
ERROR LOG: wrong number of arguments (0 for 1)
ERROR LOG: /home/heath/coral/lib/cities.rb:159:in `enter'
ERROR LOG: /home/heath/coral/lib/commands/east.rb:16:in `cmd_east'
ERROR LOG: /home/heath/coral/lib/commands.rb:224:in `execute_command'
ERROR LOG: /home/heath/coral/core/socketengine.rb:160:in `handle_cmd_input'
ERROR LOG: /home/heath/coral/core/socketengine.rb:135:in `receive_data'
ERROR LOG: /usr/local/lib/ruby/gems/1.9.1/gems/eventmachine-0.12.8/lib/eventmachine.rb:242:in `run_machine'
ERROR LOG: /usr/local/lib/ruby/gems/1.9.1/gems/eventmachine-0.12.8/lib/eventmachine.rb:242:in `run'
ERROR LOG: coral.rb:162:in `<main>'
 INFO LOG: Apr_18_16:1: tick!!!
 INFO LOG: Apr_18_16:2: tick!!!
 INFO LOG: Apr_18_16:2: Loading player.rb
 INFO LOG: Apr_18_16:2: Loading cities.rb
 INFO LOG: Apr_18_16:2: Loading sector definitions.
 INFO LOG: Apr_18_16:2: -- #<Player:0x000000015f7b10>:99.191.82.191:38475 disconnected from CoralMUD!
 INFO LOG: Apr_18_16:2: Program closed.
 INFO LOG: Apr_18_16:2: Logging enabled.   Loading logs.rb.
 INFO LOG: Apr_18_16:2: Loading facade.rb
 INFO LOG: Apr_18_16:2: Loading utils.rb
 INFO LOG: Apr_18_16:2: Loading constants.rb
 INFO LOG: Apr_18_16:2: Loading class_property.rb
 INFO LOG: Apr_18_16:2: Loading tags.rb
 INFO LOG: Apr_18_16:2: Loading editor/editors.rb
 INFO LOG: Apr_18_16:2: Loading editor/editor.strings.rb
 INFO LOG: Apr_18_16:2: Loading editor/editor.rooms.rb
 INFO LOG: Apr_18_16:2: Loading editor/editor.exits.rb
 INFO LOG: Apr_18_16:2: Loading editor/editor.zones.rb
 INFO LOG: Apr_18_16:2: Loading editor/editor.npc.rb
 INFO LOG: Apr_18_16:2: Loading editor/editor.items.rb
 INFO LOG: Apr_18_16:2: Loading mxp.rb
 INFO LOG: Apr_18_16:2: Loading mccp.rb
 INFO LOG: Apr_18_16:2: Loading flags.rb
 INFO LOG: Apr_18_16:2: Loading damage.rb
 INFO LOG: Apr_18_16:2: Loading areas.rb
 INFO LOG: Apr_18_16:2: Loading event.rb
 INFO LOG: Apr_18_16:2: Loading automap/automap.rb
 INFO LOG: Apr_18_16:2: Loading cities.olc.rb
 INFO LOG: Apr_18_16:2: Loading cities.rb
 INFO LOG: Apr_18_16:2: Loading sector definitions.
 INFO LOG: Apr_18_16:2: Loading help.rb
 INFO LOG: Apr_18_16:2: Loading imcruby.rb
 INFO LOG: Apr_18_16:2: Loading player.rb
 INFO LOG: Apr_18_16:2: Loading commands.rb
 INFO LOG: Apr_18_16:2: Loading random.rb
 INFO LOG: Apr_18_16:2: Loading npc.rb
 INFO LOG: Apr_18_16:2: Loading items.rb
 INFO LOG: Apr_18_16:2: Loading spells.rb
 INFO LOG: Apr_18_16:2: Loading all zones.
 INFO LOG: Apr_18_16:2: Starting server.
 INFO LOG: Apr_18_16:2: CoralMUD is now up on port 4000.
 INFO LOG: Apr_18_16:2: -- 99.191.82.191:50800 connected to CoralMUD!
 INFO LOG: Apr_18_16:2: -- 99.191.82.191:50800: Retnur is trying to connect.
 INFO LOG: Apr_18_16:2: -- 99.191.82.191:50800: Retnur player file found.
 INFO LOG: Apr_18_16:2: -- Retnur has entered the game.
ERROR LOG: wrong number of arguments (0 for 1)
ERROR LOG: /home/heath/coral/lib/cities.rb:159:in `enter'
ERROR LOG: /home/heath/coral/lib/commands/east.rb:16:in `cmd_east'
ERROR LOG: /home/heath/coral/lib/commands.rb:224:in `execute_command'
ERROR LOG: /home/heath/coral/core/socketengine.rb:160:in `handle_cmd_input'
ERROR LOG: /home/heath/coral/core/socketengine.rb:135:in `receive_data'
ERROR LOG: /usr/local/lib/ruby/gems/1.9.1/gems/eventmachine-0.12.8/lib/eventmachine.rb:242:in `run_machine'
ERROR LOG: /usr/local/lib/ruby/gems/1.9.1/gems/eventmachine-0.12.8/lib/eventmachine.rb:242:in `run'
ERROR LOG: coral.rb:162:in `<main>'
 INFO LOG: Apr_18_16:2: Loading player.rb
 INFO LOG: Apr_18_16:2: Loading cities.rb
 INFO LOG: Apr_18_16:2: Loading sector definitions.
 INFO LOG: Apr_18_16:2: -- #<Player:0x00000002f99cf8>:99.191.82.191:50800 disconnected from CoralMUD!
 INFO LOG: Apr_18_16:2: Program closed.
 INFO LOG: Apr_18_16:2: Logging enabled.   Loading logs.rb.
 INFO LOG: Apr_18_16:2: Loading facade.rb
 INFO LOG: Apr_18_16:2: Loading utils.rb
 INFO LOG: Apr_18_16:2: Loading constants.rb
 INFO LOG: Apr_18_16:2: Loading class_property.rb
 INFO LOG: Apr_18_16:2: Loading tags.rb
 INFO LOG: Apr_18_16:2: Loading editor/editors.rb
 INFO LOG: Apr_18_16:2: Loading editor/editor.strings.rb
 INFO LOG: Apr_18_16:2: Loading editor/editor.rooms.rb
 INFO LOG: Apr_18_16:2: Loading editor/editor.exits.rb
 INFO LOG: Apr_18_16:2: Loading editor/editor.zones.rb
 INFO LOG: Apr_18_16:2: Loading editor/editor.npc.rb
 INFO LOG: Apr_18_16:2: Loading editor/editor.items.rb
 INFO LOG: Apr_18_16:2: Loading mxp.rb
 INFO LOG: Apr_18_16:2: Loading mccp.rb
 INFO LOG: Apr_18_16:2: Loading flags.rb
 INFO LOG: Apr_18_16:2: Loading damage.rb
 INFO LOG: Apr_18_16:2: Loading areas.rb
 INFO LOG: Apr_18_16:2: Loading event.rb
 INFO LOG: Apr_18_16:2: Loading automap/automap.rb
 INFO LOG: Apr_18_16:2: Loading cities.olc.rb
 INFO LOG: Apr_18_16:2: Loading cities.rb
 INFO LOG: Apr_18_16:2: Loading sector definitions.
 INFO LOG: Apr_18_16:2: Loading help.rb
 INFO LOG: Apr_18_16:2: Loading imcruby.rb
 INFO LOG: Apr_18_16:2: Loading player.rb
 INFO LOG: Apr_18_16:2: Loading commands.rb
 INFO LOG: Apr_18_16:2: Loading random.rb
 INFO LOG: Apr_18_16:2: Loading npc.rb
 INFO LOG: Apr_18_16:2: Loading items.rb
 INFO LOG: Apr_18_16:2: Loading spells.rb
 INFO LOG: Apr_18_16:2: Loading all zones.
 INFO LOG: Apr_18_16:2: Starting server.
 INFO LOG: Apr_18_16:2: CoralMUD is now up on port 4000.
 INFO LOG: Apr_18_16:2: -- 99.191.82.191:42574 connected to CoralMUD!
 INFO LOG: Apr_18_16:2: -- 99.191.82.191:42574: Retnur is trying to connect.
 INFO LOG: Apr_18_16:2: -- 99.191.82.191:42574: Retnur player file found.
 INFO LOG: Apr_18_16:2: -- Retnur has entered the game.
 INFO LOG: Apr_18_16:2: Loading player.rb
 INFO LOG: Apr_18_16:2: Loading npc.rb
 INFO LOG: Apr_18_16:2: tick!!!
 INFO LOG: Apr_18_16:2: Loading cities.rb
 INFO LOG: Apr_18_16:2: Loading sector definitions.
 INFO LOG: Apr_18_16:2: -- #<Player:0x0000000250dcd0>:99.191.82.191:42574 disconnected from CoralMUD!
 INFO LOG: Apr_18_16:2: Program closed.
 INFO LOG: Apr_18_16:2: Logging enabled.   Loading logs.rb.
 INFO LOG: Apr_18_16:2: Loading facade.rb
 INFO LOG: Apr_18_16:2: Loading utils.rb
 INFO LOG: Apr_18_16:2: Loading constants.rb
 INFO LOG: Apr_18_16:2: Loading class_property.rb
 INFO LOG: Apr_18_16:2: Loading tags.rb
 INFO LOG: Apr_18_16:2: Loading editor/editors.rb
 INFO LOG: Apr_18_16:2: Loading editor/editor.strings.rb
 INFO LOG: Apr_18_16:2: Loading editor/editor.rooms.rb
 INFO LOG: Apr_18_16:2: Loading editor/editor.exits.rb
 INFO LOG: Apr_18_16:2: Loading editor/editor.zones.rb
 INFO LOG: Apr_18_16:2: Loading editor/editor.npc.rb
 INFO LOG: Apr_18_16:2: Loading editor/editor.items.rb
 INFO LOG: Apr_18_16:2: Loading mxp.rb
 INFO LOG: Apr_18_16:2: Loading mccp.rb
 INFO LOG: Apr_18_16:2: Loading flags.rb
 INFO LOG: Apr_18_16:2: Loading damage.rb
 INFO LOG: Apr_18_16:2: Loading areas.rb
 INFO LOG: Apr_18_16:2: Loading event.rb
 INFO LOG: Apr_18_16:2: Loading automap/automap.rb
 INFO LOG: Apr_18_16:2: Loading cities.olc.rb
 INFO LOG: Apr_18_16:2: Loading cities.rb
 INFO LOG: Apr_18_16:2: Loading sector definitions.
 INFO LOG: Apr_18_16:2: Loading help.rb
 INFO LOG: Apr_18_16:2: Loading imcruby.rb
 INFO LOG: Apr_18_16:2: Loading player.rb
 INFO LOG: Apr_18_16:2: Loading commands.rb
 INFO LOG: Apr_18_16:2: Loading random.rb
 INFO LOG: Apr_18_16:2: Loading npc.rb
 INFO LOG: Apr_18_16:2: Loading items.rb
 INFO LOG: Apr_18_16:2: Loading spells.rb
 INFO LOG: Apr_18_16:2: Loading all zones.
 INFO LOG: Apr_18_16:2: Starting server.
 INFO LOG: Apr_18_16:2: CoralMUD is now up on port 4000.
 INFO LOG: Apr_18_16:2: -- 99.191.82.191:42333 connected to CoralMUD!
 INFO LOG: Apr_18_16:2: -- 99.191.82.191:42333: Retnur is trying to connect.
 INFO LOG: Apr_18_16:2: -- 99.191.82.191:42333: Retnur player file found.
 INFO LOG: Apr_18_16:2: -- Retnur has entered the game.
 INFO LOG: Apr_18_16:2: tick!!!
 INFO LOG: Apr_18_16:3: tick!!!
 INFO LOG: Apr_18_16:3: tick!!!
 INFO LOG: Apr_18_16:3: tick!!!
 INFO LOG: Apr_18_16:3: tick!!!
 INFO LOG: Apr_18_16:3: tick!!!
 INFO LOG: Apr_18_16:4: tick!!!
 INFO LOG: Apr_18_16:4: tick!!!
 INFO LOG: Apr_18_16:4: tick!!!
 INFO LOG: Apr_18_16:4: tick!!!
 INFO LOG: Apr_18_16:4: tick!!!
 INFO LOG: Apr_18_16:5: tick!!!
 INFO LOG: Apr_18_16:5: tick!!!
 INFO LOG: Apr_18_16:5: tick!!!
 INFO LOG: Apr_18_16:5: tick!!!
 INFO LOG: Apr_18_16:5: tick!!!
 INFO LOG: Apr_18_17:0: tick!!!
 INFO LOG: Apr_18_17:0: tick!!!
 INFO LOG: Apr_18_17:0: tick!!!
 INFO LOG: Apr_18_17:0: tick!!!
 INFO LOG: Apr_18_17:0: tick!!!
 INFO LOG: Apr_18_17:1: tick!!!
 INFO LOG: Apr_18_17:1: tick!!!
 INFO LOG: Apr_18_17:1: tick!!!
 INFO LOG: Apr_18_17:1: tick!!!
 INFO LOG: Apr_18_17:1: tick!!!
 INFO LOG: Apr_18_17:2: tick!!!
 INFO LOG: Apr_18_17:2: tick!!!
 INFO LOG: Apr_18_17:2: tick!!!
 INFO LOG: Apr_18_17:2: tick!!!
 INFO LOG: Apr_18_17:2: tick!!!
 INFO LOG: Apr_18_17:3: tick!!!
 INFO LOG: Apr_18_17:3: tick!!!
 INFO LOG: Apr_18_17:3: tick!!!
 INFO LOG: Apr_18_17:3: tick!!!
 INFO LOG: Apr_18_17:3: tick!!!
 INFO LOG: Apr_18_17:4: tick!!!
 INFO LOG: Apr_18_17:4: tick!!!
 INFO LOG: Apr_18_17:4: tick!!!
 INFO LOG: Apr_18_17:4: tick!!!
 INFO LOG: Apr_18_17:4: tick!!!
 INFO LOG: Apr_18_17:5: tick!!!
 INFO LOG: Apr_18_17:5: tick!!!
 INFO LOG: Apr_18_17:5: tick!!!
 INFO LOG: Apr_18_17:5: tick!!!
 INFO LOG: Apr_18_17:5: tick!!!
 INFO LOG: Apr_18_18:0: tick!!!
 INFO LOG: Apr_18_18:0: tick!!!
 INFO LOG: Apr_18_18:0: tick!!!
 INFO LOG: Apr_18_18:0: tick!!!
 INFO LOG: Apr_18_18:0: tick!!!
 INFO LOG: Apr_18_18:1: tick!!!
 INFO LOG: Apr_18_18:1: tick!!!
 INFO LOG: Apr_18_18:1: tick!!!
 INFO LOG: Apr_18_18:1: tick!!!
 INFO LOG: Apr_18_18:1: tick!!!
 INFO LOG: Apr_18_18:2: tick!!!
 INFO LOG: Apr_18_18:2: tick!!!
 INFO LOG: Apr_18_18:2: tick!!!
 INFO LOG: Apr_18_18:2: tick!!!
 INFO LOG: Apr_18_18:2: tick!!!
 INFO LOG: Apr_18_18:3: tick!!!
 INFO LOG: Apr_18_18:3: tick!!!
 INFO LOG: Apr_18_18:3: tick!!!
 INFO LOG: Apr_18_18:3: tick!!!
 INFO LOG: Apr_18_18:3: tick!!!
 INFO LOG: Apr_18_18:4: tick!!!
 INFO LOG: Apr_18_18:4: tick!!!
 INFO LOG: Apr_18_18:4: tick!!!
 INFO LOG: Apr_18_18:4: tick!!!
 INFO LOG: Apr_18_18:4: tick!!!
 INFO LOG: Apr_18_18:5: tick!!!
 INFO LOG: Apr_18_18:5: tick!!!
 INFO LOG: Apr_18_18:5: tick!!!
 INFO LOG: Apr_18_18:5: tick!!!
 INFO LOG: Apr_18_18:5: tick!!!
 INFO LOG: Apr_18_19:0: tick!!!
 INFO LOG: Apr_18_19:0: tick!!!
 INFO LOG: Apr_18_19:0: tick!!!
 INFO LOG: Apr_18_19:0: tick!!!
 INFO LOG: Apr_18_19:0: tick!!!
 INFO LOG: Apr_18_19:1: tick!!!
 INFO LOG: Apr_18_19:1: tick!!!
 INFO LOG: Apr_18_19:1: tick!!!
 INFO LOG: Apr_18_19:1: tick!!!
 INFO LOG: Apr_18_19:1: tick!!!
 INFO LOG: Apr_18_19:2: tick!!!
 INFO LOG: Apr_18_19:2: tick!!!
 INFO LOG: Apr_18_19:2: tick!!!
 INFO LOG: Apr_18_19:2: tick!!!
 INFO LOG: Apr_18_19:2: tick!!!
 INFO LOG: Apr_18_19:3: tick!!!
 INFO LOG: Apr_18_19:3: tick!!!
 INFO LOG: Apr_18_19:3: tick!!!
 INFO LOG: Apr_18_19:3: tick!!!
 INFO LOG: Apr_18_19:3: tick!!!
 INFO LOG: Apr_18_19:4: tick!!!
 INFO LOG: Apr_18_19:4: tick!!!
 INFO LOG: Apr_18_19:4: tick!!!
 INFO LOG: Apr_18_19:4: tick!!!
 INFO LOG: Apr_18_19:4: tick!!!
 INFO LOG: Apr_18_19:5: tick!!!
 INFO LOG: Apr_18_19:5: tick!!!
 INFO LOG: Apr_18_19:5: tick!!!
 INFO LOG: Apr_18_19:5: tick!!!
 INFO LOG: Apr_18_19:5: tick!!!
 INFO LOG: Apr_18_20:0: tick!!!
 INFO LOG: Apr_18_20:0: tick!!!
 INFO LOG: Apr_18_20:0: tick!!!
 INFO LOG: Apr_18_20:0: tick!!!
 INFO LOG: Apr_18_20:0: tick!!!
 INFO LOG: Apr_18_20:1: tick!!!
 INFO LOG: Apr_18_20:1: tick!!!
 INFO LOG: Apr_18_20:1: tick!!!
 INFO LOG: Apr_18_20:1: tick!!!
 INFO LOG: Apr_18_20:1: tick!!!
 INFO LOG: Apr_18_20:2: tick!!!
 INFO LOG: Apr_18_20:2: tick!!!
 INFO LOG: Apr_18_20:2: tick!!!
 INFO LOG: Apr_18_20:2: tick!!!
 INFO LOG: Apr_18_20:2: tick!!!
 INFO LOG: Apr_18_20:3: tick!!!
 INFO LOG: Apr_18_20:3: tick!!!
 INFO LOG: Apr_18_20:3: tick!!!
 INFO LOG: Apr_18_20:3: tick!!!
 INFO LOG: Apr_18_20:3: tick!!!
 INFO LOG: Apr_18_20:4: tick!!!
 INFO LOG: Apr_18_20:4: tick!!!
 INFO LOG: Apr_18_20:4: tick!!!
 INFO LOG: Apr_18_20:4: tick!!!
 INFO LOG: Apr_18_20:4: tick!!!
 INFO LOG: Apr_18_20:5: tick!!!
 INFO LOG: Apr_18_20:5: tick!!!
 INFO LOG: Apr_18_20:5: tick!!!
 INFO LOG: Apr_18_20:5: tick!!!
 INFO LOG: Apr_18_20:5: tick!!!
 INFO LOG: Apr_18_21:0: tick!!!
 INFO LOG: Apr_18_21:0: tick!!!
 INFO LOG: Apr_18_21:0: tick!!!
 INFO LOG: Apr_18_21:0: tick!!!
 INFO LOG: Apr_18_21:0: tick!!!
 INFO LOG: Apr_18_21:1: tick!!!
 INFO LOG: Apr_18_21:1: tick!!!
 INFO LOG: Apr_18_21:1: tick!!!
 INFO LOG: Apr_18_21:1: tick!!!
 INFO LOG: Apr_18_21:1: tick!!!
 INFO LOG: Apr_18_21:2: tick!!!
 INFO LOG: Apr_18_21:2: tick!!!
 INFO LOG: Apr_18_21:2: tick!!!
 INFO LOG: Apr_18_21:2: tick!!!
 INFO LOG: Apr_18_21:2: tick!!!
 INFO LOG: Apr_18_21:3: tick!!!
 INFO LOG: Apr_18_21:3: tick!!!
 INFO LOG: Apr_18_21:3: tick!!!
 INFO LOG: Apr_18_21:3: tick!!!
 INFO LOG: Apr_18_21:3: tick!!!
 INFO LOG: Apr_18_21:4: tick!!!
 INFO LOG: Apr_18_21:4: tick!!!
 INFO LOG: Apr_18_21:4: tick!!!
 INFO LOG: Apr_18_21:4: tick!!!
 INFO LOG: Apr_18_21:4: tick!!!
 INFO LOG: Apr_18_21:5: tick!!!
 INFO LOG: Apr_18_21:5: tick!!!
 INFO LOG: Apr_18_21:5: tick!!!
 INFO LOG: Apr_18_21:5: tick!!!
 INFO LOG: Apr_18_21:5: tick!!!
 INFO LOG: Apr_18_22:0: tick!!!
 INFO LOG: Apr_18_22:0: tick!!!
 INFO LOG: Apr_18_22:0: tick!!!
 INFO LOG: Apr_18_22:0: tick!!!
 INFO LOG: Apr_18_22:0: tick!!!
 INFO LOG: Apr_18_22:0: -- 74.196.227.33:1051 connected to CoralMUD!
 INFO LOG: Apr_18_22:0: -- 74.196.227.33:1051: () Invalid name in character creation.
 INFO LOG: Apr_18_22:0: -- 74.196.227.33:1051: () Invalid name in character creation.
 INFO LOG: Apr_18_22:0: -- 74.196.227.33:1051: () Invalid name in character creation.
 INFO LOG: Apr_18_22:0: -- 74.196.227.33:1051: () Invalid name in character creation.
 INFO LOG: Apr_18_22:0: -- 74.196.227.33:1051: () Invalid name in character creation.
 INFO LOG: Apr_18_22:1: -- 74.196.227.33:1051: Rosko is trying to connect.
 INFO LOG: Apr_18_22:1: -- 74.196.227.33:1051: Rosko:  New Character.
 INFO LOG: Apr_18_22:1: tick!!!
 INFO LOG: Apr_18_22:1: -- #<Player:0x000000014e0f88>:74.196.227.33:1051 disconnected from CoralMUD!
 INFO LOG: Apr_18_22:1: -- 74.196.227.33:1052 connected to CoralMUD!
 INFO LOG: Apr_18_22:1: -- 74.196.227.33:1052: Rosko is trying to connect.
 INFO LOG: Apr_18_22:1: -- 74.196.227.33:1052: Rosko:  New Character.
 INFO LOG: Apr_18_22:1: tick!!!
 INFO LOG: Apr_18_22:1: tick!!!
 INFO LOG: Apr_18_22:1: tick!!!
 INFO LOG: Apr_18_22:1: -- 74.196.227.33:1052: Rosko successfully created.
 INFO LOG: Apr_18_22:1: -- Rosko has entered the game.
 INFO LOG: Apr_18_22:1: tick!!!
 INFO LOG: Apr_18_22:2: Rosko has left the game.
 INFO LOG: Apr_18_22:2: -- :74.196.227.33:1052 disconnected from CoralMUD!
 INFO LOG: Apr_18_22:2: tick!!!
 INFO LOG: Apr_18_22:2: tick!!!
 INFO LOG: Apr_18_22:2: tick!!!
 INFO LOG: Apr_18_22:2: tick!!!
 INFO LOG: Apr_18_22:2: tick!!!
 INFO LOG: Apr_18_22:3: tick!!!
 INFO LOG: Apr_18_22:3: tick!!!
 INFO LOG: Apr_18_22:3: tick!!!
 INFO LOG: Apr_18_22:3: tick!!!
 INFO LOG: Apr_18_22:3: tick!!!
 INFO LOG: Apr_18_22:4: tick!!!
 INFO LOG: Apr_18_22:4: tick!!!
 INFO LOG: Apr_18_22:4: tick!!!
 INFO LOG: Apr_18_22:4: tick!!!
 INFO LOG: Apr_18_22:4: tick!!!
 INFO LOG: Apr_18_22:5: tick!!!
 INFO LOG: Apr_18_22:5: tick!!!
 INFO LOG: Apr_18_22:5: tick!!!
 INFO LOG: Apr_18_22:5: tick!!!
 INFO LOG: Apr_18_22:5: tick!!!
 INFO LOG: Apr_18_23:0: tick!!!
 INFO LOG: Apr_18_23:0: tick!!!
 INFO LOG: Apr_18_23:0: tick!!!
 INFO LOG: Apr_18_23:0: tick!!!
 INFO LOG: Apr_18_23:0: tick!!!
 INFO LOG: Apr_18_23:1: tick!!!
 INFO LOG: Apr_18_23:1: tick!!!
 INFO LOG: Apr_18_23:1: tick!!!
 INFO LOG: Apr_18_23:1: tick!!!
 INFO LOG: Apr_18_23:1: tick!!!
 INFO LOG: Apr_18_23:2: tick!!!
 INFO LOG: Apr_18_23:2: tick!!!
 INFO LOG: Apr_18_23:2: tick!!!
 INFO LOG: Apr_18_23:2: tick!!!
 INFO LOG: Apr_18_23:2: tick!!!
 INFO LOG: Apr_18_23:3: tick!!!
 INFO LOG: Apr_18_23:3: tick!!!
 INFO LOG: Apr_18_23:3: tick!!!
 INFO LOG: Apr_18_23:3: tick!!!
 INFO LOG: Apr_18_23:3: tick!!!
 INFO LOG: Apr_18_23:4: tick!!!
 INFO LOG: Apr_18_23:4: tick!!!
 INFO LOG: Apr_18_23:4: tick!!!
 INFO LOG: Apr_18_23:4: tick!!!
 INFO LOG: Apr_18_23:4: tick!!!
 INFO LOG: Apr_18_23:5: tick!!!
 INFO LOG: Apr_18_23:5: tick!!!
 INFO LOG: Apr_18_23:5: tick!!!
 INFO LOG: Apr_18_23:5: tick!!!
 INFO LOG: Apr_18_23:5: tick!!!
 INFO LOG: Apr_19_00:0: tick!!!
 INFO LOG: Apr_19_00:0: tick!!!
 INFO LOG: Apr_19_00:0: tick!!!
 INFO LOG: Apr_19_00:0: tick!!!
 INFO LOG: Apr_19_00:0: tick!!!
 INFO LOG: Apr_19_00:1: tick!!!
 INFO LOG: Apr_19_00:1: tick!!!
 INFO LOG: Apr_19_00:1: tick!!!
 INFO LOG: Apr_19_00:1: tick!!!
 INFO LOG: Apr_19_00:1: tick!!!
 INFO LOG: Apr_19_00:2: tick!!!
 INFO LOG: Apr_19_00:2: tick!!!
 INFO LOG: Apr_19_00:2: tick!!!
 INFO LOG: Apr_19_00:2: tick!!!
 INFO LOG: Apr_19_00:2: tick!!!
 INFO LOG: Apr_19_00:3: tick!!!
 INFO LOG: Apr_19_00:3: tick!!!
 INFO LOG: Apr_19_00:3: tick!!!
 INFO LOG: Apr_19_00:3: tick!!!
 INFO LOG: Apr_19_00:3: tick!!!
 INFO LOG: Apr_19_00:4: tick!!!
 INFO LOG: Apr_19_00:4: tick!!!
 INFO LOG: Apr_19_00:4: tick!!!
 INFO LOG: Apr_19_00:4: tick!!!
 INFO LOG: Apr_19_00:4: tick!!!
 INFO LOG: Apr_19_00:5: tick!!!
 INFO LOG: Apr_19_00:5: tick!!!
 INFO LOG: Apr_19_00:5: tick!!!
 INFO LOG: Apr_19_00:5: tick!!!
 INFO LOG: Apr_19_00:5: tick!!!
 INFO LOG: Apr_19_01:0: tick!!!
 INFO LOG: Apr_19_01:0: tick!!!
 INFO LOG: Apr_19_01:0: tick!!!
 INFO LOG: Apr_19_01:0: tick!!!
 INFO LOG: Apr_19_01:0: tick!!!
 INFO LOG: Apr_19_01:1: tick!!!
 INFO LOG: Apr_19_01:1: tick!!!
 INFO LOG: Apr_19_01:1: tick!!!
 INFO LOG: Apr_19_01:1: tick!!!
 INFO LOG: Apr_19_01:1: tick!!!
 INFO LOG: Apr_19_01:2: tick!!!
 INFO LOG: Apr_19_01:2: tick!!!
 INFO LOG: Apr_19_01:2: tick!!!
 INFO LOG: Apr_19_01:2: tick!!!
 INFO LOG: Apr_19_01:2: tick!!!
 INFO LOG: Apr_19_01:3: tick!!!
 INFO LOG: Apr_19_01:3: tick!!!
 INFO LOG: Apr_19_01:3: tick!!!
 INFO LOG: Apr_19_01:3: tick!!!
 INFO LOG: Apr_19_01:3: tick!!!
 INFO LOG: Apr_19_01:4: tick!!!
 INFO LOG: Apr_19_01:4: tick!!!
 INFO LOG: Apr_19_01:4: tick!!!
 INFO LOG: Apr_19_01:4: tick!!!
 INFO LOG: Apr_19_01:4: tick!!!
 INFO LOG: Apr_19_01:5: tick!!!
 INFO LOG: Apr_19_01:5: tick!!!
 INFO LOG: Apr_19_01:5: tick!!!
 INFO LOG: Apr_19_01:5: tick!!!
 INFO LOG: Apr_19_01:5: tick!!!
 INFO LOG: Apr_19_02:0: tick!!!
 INFO LOG: Apr_19_02:0: tick!!!
 INFO LOG: Apr_19_02:0: tick!!!
 INFO LOG: Apr_19_02:0: tick!!!
 INFO LOG: Apr_19_02:0: tick!!!
 INFO LOG: Apr_19_02:1: tick!!!
 INFO LOG: Apr_19_02:1: tick!!!
 INFO LOG: Apr_19_02:1: tick!!!
 INFO LOG: Apr_19_02:1: tick!!!
 INFO LOG: Apr_19_02:1: tick!!!
 INFO LOG: Apr_19_02:2: tick!!!
 INFO LOG: Apr_19_02:2: tick!!!
 INFO LOG: Apr_19_02:2: tick!!!
 INFO LOG: Apr_19_02:2: tick!!!
 INFO LOG: Apr_19_02:2: tick!!!
 INFO LOG: Apr_19_02:3: tick!!!
 INFO LOG: Apr_19_02:3: tick!!!
 INFO LOG: Apr_19_02:3: tick!!!
 INFO LOG: Apr_19_02:3: tick!!!
 INFO LOG: Apr_19_02:3: tick!!!
 INFO LOG: Apr_19_02:4: tick!!!
 INFO LOG: Apr_19_02:4: tick!!!
 INFO LOG: Apr_19_02:4: tick!!!
 INFO LOG: Apr_19_02:4: tick!!!
 INFO LOG: Apr_19_02:4: tick!!!
 INFO LOG: Apr_19_02:5: tick!!!
 INFO LOG: Apr_19_02:5: tick!!!
 INFO LOG: Apr_19_02:5: tick!!!
 INFO LOG: Apr_19_02:5: tick!!!
 INFO LOG: Apr_19_02:5: tick!!!
 INFO LOG: Apr_19_03:0: tick!!!
 INFO LOG: Apr_19_03:0: tick!!!
 INFO LOG: Apr_19_03:0: tick!!!
 INFO LOG: Apr_19_03:0: tick!!!
 INFO LOG: Apr_19_03:0: tick!!!
 INFO LOG: Apr_19_03:1: tick!!!
 INFO LOG: Apr_19_03:1: tick!!!
 INFO LOG: Apr_19_03:1: tick!!!
 INFO LOG: Apr_19_03:1: tick!!!
 INFO LOG: Apr_19_03:1: tick!!!
 INFO LOG: Apr_19_03:2: tick!!!
 INFO LOG: Apr_19_03:2: tick!!!
 INFO LOG: Apr_19_03:2: tick!!!
 INFO LOG: Apr_19_03:2: tick!!!
 INFO LOG: Apr_19_03:2: tick!!!
 INFO LOG: Apr_19_03:3: tick!!!
 INFO LOG: Apr_19_03:3: tick!!!
 INFO LOG: Apr_19_03:3: tick!!!
 INFO LOG: Apr_19_03:3: tick!!!
 INFO LOG: Apr_19_03:3: tick!!!
 INFO LOG: Apr_19_03:4: tick!!!
 INFO LOG: Apr_19_03:4: tick!!!
 INFO LOG: Apr_19_03:4: tick!!!
 INFO LOG: Apr_19_03:4: tick!!!
 INFO LOG: Apr_19_03:4: tick!!!
 INFO LOG: Apr_19_03:5: tick!!!
 INFO LOG: Apr_19_03:5: tick!!!
 INFO LOG: Apr_19_03:5: tick!!!
 INFO LOG: Apr_19_03:5: tick!!!
 INFO LOG: Apr_19_03:5: tick!!!
 INFO LOG: Apr_19_04:0: tick!!!
 INFO LOG: Apr_19_04:0: tick!!!
 INFO LOG: Apr_19_04:0: tick!!!
 INFO LOG: Apr_19_04:0: tick!!!
 INFO LOG: Apr_19_04:0: tick!!!
 INFO LOG: Apr_19_04:1: tick!!!
 INFO LOG: Apr_19_04:1: tick!!!
 INFO LOG: Apr_19_04:1: tick!!!
 INFO LOG: Apr_19_04:1: tick!!!
 INFO LOG: Apr_19_04:1: tick!!!
 INFO LOG: Apr_19_04:2: tick!!!
 INFO LOG: Apr_19_04:2: tick!!!
 INFO LOG: Apr_19_04:2: tick!!!
 INFO LOG: Apr_19_04:2: tick!!!
 INFO LOG: Apr_19_04:2: tick!!!
 INFO LOG: Apr_19_04:3: tick!!!
 INFO LOG: Apr_19_04:3: tick!!!
 INFO LOG: Apr_19_04:3: tick!!!
 INFO LOG: Apr_19_04:3: tick!!!
 INFO LOG: Apr_19_04:3: tick!!!
 INFO LOG: Apr_19_04:4: tick!!!
 INFO LOG: Apr_19_04:4: tick!!!
 INFO LOG: Apr_19_04:4: tick!!!
 INFO LOG: Apr_19_04:4: tick!!!
 INFO LOG: Apr_19_04:4: tick!!!
 INFO LOG: Apr_19_04:5: tick!!!
 INFO LOG: Apr_19_04:5: tick!!!
 INFO LOG: Apr_19_04:5: tick!!!
 INFO LOG: Apr_19_04:5: tick!!!
 INFO LOG: Apr_19_04:5: tick!!!
 INFO LOG: Apr_19_05:0: tick!!!
 INFO LOG: Apr_19_05:0: tick!!!
 INFO LOG: Apr_19_05:0: tick!!!
 INFO LOG: Apr_19_05:0: tick!!!
 INFO LOG: Apr_19_05:0: tick!!!
 INFO LOG: Apr_19_05:1: tick!!!
 INFO LOG: Apr_19_05:1: tick!!!
 INFO LOG: Apr_19_05:1: tick!!!
 INFO LOG: Apr_19_05:1: tick!!!
 INFO LOG: Apr_19_05:1: tick!!!
 INFO LOG: Apr_19_05:2: tick!!!
 INFO LOG: Apr_19_05:2: tick!!!
 INFO LOG: Apr_19_05:2: tick!!!
 INFO LOG: Apr_19_05:2: tick!!!
 INFO LOG: Apr_19_05:2: tick!!!
 INFO LOG: Apr_19_05:3: tick!!!
 INFO LOG: Apr_19_05:3: tick!!!
 INFO LOG: Apr_19_05:3: tick!!!
 INFO LOG: Apr_19_05:3: tick!!!
 INFO LOG: Apr_19_05:3: tick!!!
 INFO LOG: Apr_19_05:4: tick!!!
 INFO LOG: Apr_19_05:4: tick!!!
 INFO LOG: Apr_19_05:4: tick!!!
 INFO LOG: Apr_19_05:4: tick!!!
 INFO LOG: Apr_19_05:4: tick!!!
 INFO LOG: Apr_19_05:5: tick!!!
 INFO LOG: Apr_19_05:5: tick!!!
 INFO LOG: Apr_19_05:5: tick!!!
 INFO LOG: Apr_19_05:5: tick!!!
 INFO LOG: Apr_19_05:5: tick!!!
 INFO LOG: Apr_19_06:0: tick!!!
 INFO LOG: Apr_19_06:0: tick!!!
 INFO LOG: Apr_19_06:0: tick!!!
 INFO LOG: Apr_19_06:0: tick!!!
 INFO LOG: Apr_19_06:0: tick!!!
 INFO LOG: Apr_19_06:1: tick!!!
 INFO LOG: Apr_19_06:1: tick!!!
 INFO LOG: Apr_19_06:1: tick!!!
 INFO LOG: Apr_19_06:1: tick!!!
 INFO LOG: Apr_19_06:1: tick!!!
 INFO LOG: Apr_19_06:2: tick!!!
 INFO LOG: Apr_19_06:2: tick!!!
 INFO LOG: Apr_19_06:2: tick!!!
 INFO LOG: Apr_19_06:2: tick!!!
 INFO LOG: Apr_19_06:2: tick!!!
 INFO LOG: Apr_19_06:3: tick!!!
 INFO LOG: Apr_19_06:3: tick!!!
 INFO LOG: Apr_19_06:3: tick!!!
 INFO LOG: Apr_19_06:3: tick!!!
 INFO LOG: Apr_19_06:3: tick!!!
 INFO LOG: Apr_19_06:4: tick!!!
 INFO LOG: Apr_19_06:4: tick!!!
 INFO LOG: Apr_19_06:4: tick!!!
 INFO LOG: Apr_19_06:4: tick!!!
 INFO LOG: Apr_19_06:4: tick!!!
 INFO LOG: Apr_19_06:5: tick!!!
 INFO LOG: Apr_19_06:5: tick!!!
 INFO LOG: Apr_19_06:5: tick!!!
 INFO LOG: Apr_19_06:5: tick!!!
 INFO LOG: Apr_19_06:5: tick!!!
 INFO LOG: Apr_19_07:0: tick!!!
 INFO LOG: Apr_19_07:0: tick!!!
 INFO LOG: Apr_19_07:0: tick!!!
 INFO LOG: Apr_19_07:0: tick!!!
 INFO LOG: Apr_19_07:0: tick!!!
 INFO LOG: Apr_19_07:1: tick!!!
 INFO LOG: Apr_19_07:1: tick!!!
 INFO LOG: Apr_19_07:1: tick!!!
 INFO LOG: Apr_19_07:1: tick!!!
 INFO LOG: Apr_19_07:1: tick!!!
 INFO LOG: Apr_19_07:2: tick!!!
 INFO LOG: Apr_19_07:2: tick!!!
 INFO LOG: Apr_19_07:2: tick!!!
 INFO LOG: Apr_19_07:2: tick!!!
 INFO LOG: Apr_19_07:2: tick!!!
 INFO LOG: Apr_19_07:3: tick!!!
 INFO LOG: Apr_19_07:3: tick!!!
 INFO LOG: Apr_19_07:3: tick!!!
 INFO LOG: Apr_19_07:3: tick!!!
 INFO LOG: Apr_19_07:3: tick!!!
 INFO LOG: Apr_19_07:4: tick!!!
 INFO LOG: Apr_19_07:4: tick!!!
 INFO LOG: Apr_19_07:4: tick!!!
 INFO LOG: Apr_19_07:4: tick!!!
 INFO LOG: Apr_19_07:4: tick!!!
 INFO LOG: Apr_19_07:5: tick!!!
 INFO LOG: Apr_19_07:5: tick!!!
 INFO LOG: Apr_19_07:5: tick!!!
 INFO LOG: Apr_19_07:5: tick!!!
 INFO LOG: Apr_19_07:5: tick!!!
 INFO LOG: Apr_19_08:0: tick!!!
 INFO LOG: Apr_19_08:0: tick!!!
 INFO LOG: Apr_19_08:0: tick!!!
 INFO LOG: Apr_19_08:0: tick!!!
 INFO LOG: Apr_19_08:0: tick!!!
 INFO LOG: Apr_19_08:1: tick!!!
 INFO LOG: Apr_19_08:1: tick!!!
 INFO LOG: Apr_19_08:1: tick!!!
 INFO LOG: Apr_19_08:1: tick!!!
 INFO LOG: Apr_19_08:1: tick!!!
 INFO LOG: Apr_19_08:2: tick!!!
 INFO LOG: Apr_19_08:2: tick!!!
 INFO LOG: Apr_19_08:2: tick!!!
 INFO LOG: Apr_19_08:2: tick!!!
 INFO LOG: Apr_19_08:2: tick!!!
 INFO LOG: Apr_19_08:3: tick!!!
 INFO LOG: Apr_19_08:3: tick!!!
 INFO LOG: Apr_19_08:3: tick!!!
 INFO LOG: Apr_19_08:3: tick!!!
 INFO LOG: Apr_19_08:3: tick!!!
 INFO LOG: Apr_19_08:4: tick!!!
 INFO LOG: Apr_19_08:4: tick!!!
 INFO LOG: Apr_19_08:4: tick!!!
 INFO LOG: Apr_19_08:4: tick!!!
 INFO LOG: Apr_19_08:4: tick!!!
 INFO LOG: Apr_19_08:5: tick!!!
 INFO LOG: Apr_19_08:5: tick!!!
 INFO LOG: Apr_19_08:5: tick!!!
 INFO LOG: Apr_19_08:5: tick!!!
 INFO LOG: Apr_19_08:5: tick!!!
 INFO LOG: Apr_19_09:0: tick!!!
 INFO LOG: Apr_19_09:0: tick!!!
 INFO LOG: Apr_19_09:0: tick!!!
 INFO LOG: Apr_19_09:0: tick!!!
 INFO LOG: Apr_19_09:0: tick!!!
 INFO LOG: Apr_19_09:1: tick!!!
 INFO LOG: Apr_19_09:1: tick!!!
 INFO LOG: Apr_19_09:1: tick!!!
 INFO LOG: Apr_19_09:1: tick!!!
 INFO LOG: Apr_19_09:1: tick!!!
 INFO LOG: Apr_19_09:2: tick!!!
 INFO LOG: Apr_19_09:2: tick!!!
 INFO LOG: Apr_19_09:2: tick!!!
 INFO LOG: Apr_19_09:2: tick!!!
 INFO LOG: Apr_19_09:2: tick!!!
 INFO LOG: Apr_19_09:3: tick!!!
 INFO LOG: Apr_19_09:3: tick!!!
 INFO LOG: Apr_19_09:3: tick!!!
 INFO LOG: Apr_19_09:3: tick!!!
 INFO LOG: Apr_19_09:3: tick!!!
 INFO LOG: Apr_19_09:4: tick!!!
 INFO LOG: Apr_19_09:4: tick!!!
 INFO LOG: Apr_19_09:4: tick!!!
 INFO LOG: Apr_19_09:4: tick!!!
 INFO LOG: Apr_19_09:4: tick!!!
 INFO LOG: Apr_19_09:5: tick!!!
 INFO LOG: Apr_19_09:5: tick!!!
 INFO LOG: Apr_19_09:5: tick!!!
 INFO LOG: Apr_19_09:5: tick!!!
 INFO LOG: Apr_19_09:5: tick!!!
 INFO LOG: Apr_19_10:0: tick!!!
 INFO LOG: Apr_19_10:0: tick!!!
 INFO LOG: Apr_19_10:0: tick!!!
 INFO LOG: Apr_19_10:0: tick!!!
 INFO LOG: Apr_19_10:0: tick!!!
 INFO LOG: Apr_19_10:1: tick!!!
 INFO LOG: Apr_19_10:1: tick!!!
 INFO LOG: Apr_19_10:1: tick!!!
 INFO LOG: Apr_19_10:1: tick!!!
 INFO LOG: Apr_19_10:1: tick!!!
 INFO LOG: Apr_19_10:2: tick!!!
 INFO LOG: Apr_19_10:2: tick!!!
 INFO LOG: Apr_19_10:2: tick!!!
 INFO LOG: Apr_19_10:2: tick!!!
 INFO LOG: Apr_19_10:2: tick!!!
 INFO LOG: Apr_19_10:3: tick!!!
 INFO LOG: Apr_19_10:3: tick!!!
 INFO LOG: Apr_19_10:3: tick!!!
 INFO LOG: Apr_19_10:3: tick!!!
 INFO LOG: Apr_19_10:3: tick!!!
 INFO LOG: Apr_19_10:4: tick!!!
 INFO LOG: Apr_19_10:4: tick!!!
 INFO LOG: Apr_19_10:4: tick!!!
 INFO LOG: Apr_19_10:4: tick!!!
 INFO LOG: Apr_19_10:4: tick!!!
 INFO LOG: Apr_19_10:5: tick!!!
 INFO LOG: Apr_19_10:5: tick!!!
 INFO LOG: Apr_19_10:5: tick!!!
 INFO LOG: Apr_19_10:5: tick!!!
 INFO LOG: Apr_19_10:5: tick!!!
 INFO LOG: Apr_19_11:0: tick!!!
 INFO LOG: Apr_19_11:0: tick!!!
 INFO LOG: Apr_19_11:0: tick!!!
 INFO LOG: Apr_19_11:0: tick!!!
 INFO LOG: Apr_19_11:0: tick!!!
 INFO LOG: Apr_19_11:1: tick!!!
 INFO LOG: Apr_19_11:1: tick!!!
 INFO LOG: Apr_19_11:1: tick!!!
 INFO LOG: Apr_19_11:1: tick!!!
 INFO LOG: Apr_19_11:1: tick!!!
 INFO LOG: Apr_19_11:2: tick!!!
 INFO LOG: Apr_19_11:2: tick!!!
 INFO LOG: Apr_19_11:2: tick!!!
 INFO LOG: Apr_19_11:2: tick!!!
 INFO LOG: Apr_19_11:2: tick!!!
 INFO LOG: Apr_19_11:3: tick!!!
 INFO LOG: Apr_19_11:3: tick!!!
 INFO LOG: Apr_19_11:3: tick!!!
 INFO LOG: Apr_19_11:3: tick!!!
 INFO LOG: Apr_19_11:3: tick!!!
 INFO LOG: Apr_19_11:4: tick!!!
 INFO LOG: Apr_19_11:4: tick!!!
 INFO LOG: Apr_19_11:4: tick!!!
 INFO LOG: Apr_19_11:4: tick!!!
 INFO LOG: Apr_19_11:4: tick!!!
 INFO LOG: Apr_19_11:5: tick!!!
 INFO LOG: Apr_19_11:5: tick!!!
 INFO LOG: Apr_19_11:5: tick!!!
 INFO LOG: Apr_19_11:5: tick!!!
 INFO LOG: Apr_19_11:5: tick!!!
 INFO LOG: Apr_19_12:0: tick!!!
 INFO LOG: Apr_19_12:0: tick!!!
 INFO LOG: Apr_19_12:0: tick!!!
 INFO LOG: Apr_19_12:0: tick!!!
 INFO LOG: Apr_19_12:0: tick!!!
 INFO LOG: Apr_19_12:1: tick!!!
 INFO LOG: Apr_19_12:1: tick!!!
 INFO LOG: Apr_19_12:1: tick!!!
 INFO LOG: Apr_19_12:1: tick!!!
 INFO LOG: Apr_19_12:1: tick!!!
 INFO LOG: Apr_19_12:2: tick!!!
 INFO LOG: Apr_19_12:2: tick!!!
 INFO LOG: Apr_19_12:2: tick!!!
 INFO LOG: Apr_19_12:2: tick!!!
 INFO LOG: Apr_19_12:2: tick!!!
 INFO LOG: Apr_19_12:3: tick!!!
 INFO LOG: Apr_19_12:3: tick!!!
 INFO LOG: Apr_19_12:3: tick!!!
 INFO LOG: Apr_19_12:3: tick!!!
 INFO LOG: Apr_19_12:3: tick!!!
 INFO LOG: Apr_19_12:4: tick!!!
 INFO LOG: Apr_19_12:4: tick!!!
 INFO LOG: Apr_19_12:4: tick!!!
 INFO LOG: Apr_19_12:4: tick!!!
 INFO LOG: Apr_19_12:4: tick!!!
 INFO LOG: Apr_19_12:5: tick!!!
 INFO LOG: Apr_19_12:5: tick!!!
 INFO LOG: Apr_19_12:5: tick!!!
 INFO LOG: Apr_19_12:5: tick!!!
 INFO LOG: Apr_19_12:5: tick!!!
 INFO LOG: Apr_19_13:0: tick!!!
 INFO LOG: Apr_19_13:0: tick!!!
 INFO LOG: Apr_19_13:0: tick!!!
 INFO LOG: Apr_19_13:0: tick!!!
 INFO LOG: Apr_19_13:0: tick!!!
 INFO LOG: Apr_19_13:1: tick!!!
 INFO LOG: Apr_19_13:1: tick!!!
 INFO LOG: Apr_19_13:1: tick!!!
 INFO LOG: Apr_19_13:1: tick!!!
 INFO LOG: Apr_19_13:1: tick!!!
 INFO LOG: Apr_19_13:2: tick!!!
 INFO LOG: Apr_19_13:2: tick!!!
 INFO LOG: Apr_19_13:2: tick!!!
 INFO LOG: Apr_19_13:2: tick!!!
 INFO LOG: Apr_19_13:2: tick!!!
 INFO LOG: Apr_19_13:3: tick!!!
 INFO LOG: Apr_19_13:3: tick!!!
 INFO LOG: Apr_19_13:3: tick!!!
 INFO LOG: Apr_19_13:3: -- #<Player:0x0000000130fda8>:99.191.82.191:42333 disconnected from CoralMUD!
 INFO LOG: Apr_19_13:3: Program closed.
