 INFO LOG: Apr__7_06: Logging enabled.   Loading logs.rb.
 INFO LOG: Apr__7_06: Loading utils.rb
 INFO LOG: Apr__7_06: Loading constants.rb
 INFO LOG: Apr__7_06: Loading class_property.rb
 INFO LOG: Apr__7_06: Loading editors.rb
 INFO LOG: Apr__7_06: Loading mxp.rb
 INFO LOG: Apr__7_06: Loading mccp.rb
 INFO LOG: Apr__7_06: Loading flags.rb
 INFO LOG: Apr__7_06: Loading damage.rb
 INFO LOG: Apr__7_06: Loading event.rb
 INFO LOG: Apr__7_06: Loading automap/automap.rb
 INFO LOG: Apr__7_06: Loading cities.automap.rb
 INFO LOG: Apr__7_06: Loading cities.olc.rb
 INFO LOG: Apr__7_06: Loading cities.rb
 INFO LOG: Apr__7_06: Loading help.rb
 INFO LOG: Apr__7_06: Loading imcruby.rb
 INFO LOG: Apr__7_06: Loading player.rb
 INFO LOG: Apr__7_06: Loading player.commands.rb
 INFO LOG: Apr__7_06: Loading random.rb
 INFO LOG: Apr__7_06: Loading spells.rb
 INFO LOG: Apr__7_06: Starting server.
 INFO LOG: Apr__7_06: CoralMUD is now up on port 4000.
 INFO LOG: Apr__7_06: -- 99.191.82.191:33026 connected to CoralMUD!
 INFO LOG: Apr__7_06: -- 99.191.82.191:33026: Retnur is trying to connect.
 INFO LOG: Apr__7_06: -- 99.191.82.191:33026: Retnur player file found.
 INFO LOG: Apr__7_06: -- Retnur has entered the game.
 INFO LOG: Apr__7_06: tick!!!
 INFO LOG: Apr__7_06: tick!!!
 INFO LOG: Apr__7_06: tick!!!
 INFO LOG: Apr__7_06: Loading player.commands.rb
 INFO LOG: Apr__7_06: tick!!!
 INFO LOG: Apr__7_06: tick!!!
 INFO LOG: Apr__7_06: tick!!!
 INFO LOG: Apr__7_07: tick!!!
 INFO LOG: Apr__7_07: tick!!!
 INFO LOG: Apr__7_07: tick!!!
 INFO LOG: Apr__7_07: tick!!!
 INFO LOG: Apr__7_07: tick!!!
 INFO LOG: Apr__7_07: tick!!!
 INFO LOG: Apr__7_07: tick!!!
 INFO LOG: Apr__7_07: tick!!!
 INFO LOG: Apr__7_07: tick!!!
 INFO LOG: Apr__7_07: tick!!!
 INFO LOG: Apr__7_07: tick!!!
 INFO LOG: Apr__7_07: tick!!!
 INFO LOG: Apr__7_07: tick!!!
 INFO LOG: Apr__7_07: tick!!!
 INFO LOG: Apr__7_07: tick!!!
 INFO LOG: Apr__7_07: tick!!!
 INFO LOG: Apr__7_07: tick!!!
 INFO LOG: Apr__7_07: tick!!!
 INFO LOG: Apr__7_07: tick!!!
 INFO LOG: Apr__7_07: tick!!!
 INFO LOG: Apr__7_07: tick!!!
 INFO LOG: Apr__7_07: Loading player.commands.rb
 INFO LOG: Apr__7_07: tick!!!
 INFO LOG: Apr__7_07: tick!!!
 INFO LOG: Apr__7_07: Loading automap/automap.rb
 INFO LOG: Apr__7_07: tick!!!
 INFO LOG: Apr__7_07: tick!!!
 INFO LOG: Apr__7_07: tick!!!
 INFO LOG: Apr__7_07: tick!!!
 INFO LOG: Apr__7_07: tick!!!
 INFO LOG: Apr__7_07: tick!!!
 INFO LOG: Apr__7_07: Loading cities.rb
 INFO LOG: Apr__7_07: tick!!!
 INFO LOG: Apr__7_08: tick!!!
 INFO LOG: Apr__7_08: tick!!!
 INFO LOG: Apr__7_08: tick!!!
 INFO LOG: Apr__7_08: tick!!!
 INFO LOG: Apr__7_08: tick!!!
 INFO LOG: Apr__7_08: tick!!!
 INFO LOG: Apr__7_08: tick!!!
 INFO LOG: Apr__7_08: Loading automap/automap.rb
ERROR LOG: undefined local variable or method `x' for #<Automap:0x00000002847a90>
ERROR LOG: /home/heath/coral/lib/automap/automap.rb:26:in `block in build_map'
ERROR LOG: /home/heath/coral/lib/cities.rb:330:in `each_bfs'
ERROR LOG: /home/heath/coral/lib/automap/automap.rb:24:in `build_map'
ERROR LOG: /home/heath/coral/lib/automap/automap.rb:9:in `initialize'
ERROR LOG: /home/heath/coral/lib/player.commands.rb:510:in `new'
ERROR LOG: /home/heath/coral/lib/player.commands.rb:510:in `cmd_look'
ERROR LOG: /home/heath/coral/lib/player.commands.rb:187:in `execute_command'
ERROR LOG: /home/heath/coral/core/socketengine.rb:156:in `handle_cmd_input'
ERROR LOG: /home/heath/coral/core/socketengine.rb:136:in `receive_data'
ERROR LOG: /usr/local/lib/ruby/gems/1.9.1/gems/eventmachine-0.12.8/lib/eventmachine.rb:242:in `run_machine'
ERROR LOG: /usr/local/lib/ruby/gems/1.9.1/gems/eventmachine-0.12.8/lib/eventmachine.rb:242:in `run'
ERROR LOG: coral.rb:109:in `<main>'
 INFO LOG: Apr__7_08: tick!!!
 INFO LOG: Apr__7_08: Loading automap/automap.rb
ERROR LOG: undefined method `sect' for #<Room:0x0000000268aa90>
ERROR LOG: /home/heath/coral/lib/automap/automap.rb:16:in `write_room'
ERROR LOG: /home/heath/coral/lib/automap/automap.rb:26:in `block in build_map'
ERROR LOG: /home/heath/coral/lib/cities.rb:330:in `each_bfs'
ERROR LOG: /home/heath/coral/lib/automap/automap.rb:24:in `build_map'
ERROR LOG: /home/heath/coral/lib/automap/automap.rb:9:in `initialize'
ERROR LOG: /home/heath/coral/lib/player.commands.rb:510:in `new'
ERROR LOG: /home/heath/coral/lib/player.commands.rb:510:in `cmd_look'
ERROR LOG: /home/heath/coral/lib/player.commands.rb:187:in `execute_command'
ERROR LOG: /home/heath/coral/core/socketengine.rb:156:in `handle_cmd_input'
ERROR LOG: /home/heath/coral/core/socketengine.rb:136:in `receive_data'
ERROR LOG: /usr/local/lib/ruby/gems/1.9.1/gems/eventmachine-0.12.8/lib/eventmachine.rb:242:in `run_machine'
ERROR LOG: /usr/local/lib/ruby/gems/1.9.1/gems/eventmachine-0.12.8/lib/eventmachine.rb:242:in `run'
ERROR LOG: coral.rb:109:in `<main>'
 INFO LOG: Apr__7_08: Loading automap/automap.rb
ERROR LOG: undefined method `print_to_player' for #<Player:0x000000025f9bd0>
ERROR LOG: /home/heath/coral/lib/automap/automap.rb:44:in `block (3 levels) in view'
ERROR LOG: /home/heath/coral/lib/automap/automap.rb:39:in `each'
ERROR LOG: /home/heath/coral/lib/automap/automap.rb:39:in `block (2 levels) in view'
ERROR LOG: /home/heath/coral/lib/automap/automap.rb:38:in `times'
ERROR LOG: /home/heath/coral/lib/automap/automap.rb:38:in `block in view'
ERROR LOG: /home/heath/coral/lib/automap/automap.rb:37:in `each'
ERROR LOG: /home/heath/coral/lib/automap/automap.rb:37:in `view'
ERROR LOG: /home/heath/coral/lib/player.commands.rb:511:in `cmd_look'
ERROR LOG: /home/heath/coral/lib/player.commands.rb:187:in `execute_command'
ERROR LOG: /home/heath/coral/core/socketengine.rb:156:in `handle_cmd_input'
ERROR LOG: /home/heath/coral/core/socketengine.rb:136:in `receive_data'
ERROR LOG: /usr/local/lib/ruby/gems/1.9.1/gems/eventmachine-0.12.8/lib/eventmachine.rb:242:in `run_machine'
ERROR LOG: /usr/local/lib/ruby/gems/1.9.1/gems/eventmachine-0.12.8/lib/eventmachine.rb:242:in `run'
ERROR LOG: coral.rb:109:in `<main>'
 INFO LOG: Apr__7_08: tick!!!
 INFO LOG: Apr__7_08: Loading automap/automap.rb
ERROR LOG: undefined method `text_to_player' for #<Automap:0x000000028d86a8>
ERROR LOG: /home/heath/coral/lib/automap/automap.rb:59:in `block (3 levels) in view'
ERROR LOG: /home/heath/coral/lib/automap/automap.rb:39:in `each'
ERROR LOG: /home/heath/coral/lib/automap/automap.rb:39:in `block (2 levels) in view'
ERROR LOG: /home/heath/coral/lib/automap/automap.rb:38:in `times'
ERROR LOG: /home/heath/coral/lib/automap/automap.rb:38:in `block in view'
ERROR LOG: /home/heath/coral/lib/automap/automap.rb:37:in `each'
ERROR LOG: /home/heath/coral/lib/automap/automap.rb:37:in `view'
ERROR LOG: /home/heath/coral/lib/player.commands.rb:511:in `cmd_look'
ERROR LOG: /home/heath/coral/lib/player.commands.rb:187:in `execute_command'
ERROR LOG: /home/heath/coral/core/socketengine.rb:156:in `handle_cmd_input'
ERROR LOG: /home/heath/coral/core/socketengine.rb:136:in `receive_data'
ERROR LOG: /usr/local/lib/ruby/gems/1.9.1/gems/eventmachine-0.12.8/lib/eventmachine.rb:242:in `run_machine'
ERROR LOG: /usr/local/lib/ruby/gems/1.9.1/gems/eventmachine-0.12.8/lib/eventmachine.rb:242:in `run'
ERROR LOG: coral.rb:109:in `<main>'
ERROR LOG: undefined method `text_to_player' for #<Automap:0x00000002715fa0>
ERROR LOG: /home/heath/coral/lib/automap/automap.rb:59:in `block (3 levels) in view'
ERROR LOG: /home/heath/coral/lib/automap/automap.rb:39:in `each'
ERROR LOG: /home/heath/coral/lib/automap/automap.rb:39:in `block (2 levels) in view'
ERROR LOG: /home/heath/coral/lib/automap/automap.rb:38:in `times'
ERROR LOG: /home/heath/coral/lib/automap/automap.rb:38:in `block in view'
ERROR LOG: /home/heath/coral/lib/automap/automap.rb:37:in `each'
ERROR LOG: /home/heath/coral/lib/automap/automap.rb:37:in `view'
ERROR LOG: /home/heath/coral/lib/player.commands.rb:511:in `cmd_look'
ERROR LOG: /home/heath/coral/lib/player.commands.rb:187:in `execute_command'
ERROR LOG: /home/heath/coral/core/socketengine.rb:156:in `handle_cmd_input'
ERROR LOG: /home/heath/coral/core/socketengine.rb:136:in `receive_data'
ERROR LOG: /usr/local/lib/ruby/gems/1.9.1/gems/eventmachine-0.12.8/lib/eventmachine.rb:242:in `run_machine'
ERROR LOG: /usr/local/lib/ruby/gems/1.9.1/gems/eventmachine-0.12.8/lib/eventmachine.rb:242:in `run'
ERROR LOG: coral.rb:109:in `<main>'
 INFO LOG: Apr__7_08: -- #<Player:0x000000025f9bd0>:99.191.82.191:33026 disconnected from CoralMUD!
 INFO LOG: Apr__7_08: Logging enabled.   Loading logs.rb.
 INFO LOG: Apr__7_08: Loading utils.rb
 INFO LOG: Apr__7_08: Loading constants.rb
 INFO LOG: Apr__7_08: Loading class_property.rb
 INFO LOG: Apr__7_08: Loading editors.rb
 INFO LOG: Apr__7_08: Loading mxp.rb
 INFO LOG: Apr__7_08: Loading mccp.rb
 INFO LOG: Apr__7_08: Loading flags.rb
 INFO LOG: Apr__7_08: Loading damage.rb
 INFO LOG: Apr__7_08: Loading event.rb
 INFO LOG: Apr__7_08: Loading automap/automap.rb
 INFO LOG: Apr__7_08: Loading cities.automap.rb
 INFO LOG: Apr__7_08: Loading cities.olc.rb
 INFO LOG: Apr__7_08: Loading cities.rb
 INFO LOG: Apr__7_08: Loading help.rb
 INFO LOG: Apr__7_08: Loading imcruby.rb
 INFO LOG: Apr__7_08: Loading player.rb
 INFO LOG: Apr__7_08: Loading player.commands.rb
 INFO LOG: Apr__7_08: Loading random.rb
 INFO LOG: Apr__7_08: Loading spells.rb
 INFO LOG: Apr__7_08: Starting server.
 INFO LOG: Apr__7_08: CoralMUD is now up on port 4000.
 INFO LOG: Apr__7_08: -- 99.191.82.191:33619 connected to CoralMUD!
 INFO LOG: Apr__7_08: -- 99.191.82.191:33619: Retnur is trying to connect.
 INFO LOG: Apr__7_08: -- 99.191.82.191:33619: Retnur player file found.
 INFO LOG: Apr__7_08: -- Retnur has entered the game.
ERROR LOG: undefined method `text_to_player' for #<Automap:0x00000001741ca0>
ERROR LOG: /home/heath/coral/lib/automap/automap.rb:61:in `block (3 levels) in view'
ERROR LOG: /home/heath/coral/lib/automap/automap.rb:41:in `each'
ERROR LOG: /home/heath/coral/lib/automap/automap.rb:41:in `block (2 levels) in view'
ERROR LOG: /home/heath/coral/lib/automap/automap.rb:40:in `times'
ERROR LOG: /home/heath/coral/lib/automap/automap.rb:40:in `block in view'
ERROR LOG: /home/heath/coral/lib/automap/automap.rb:39:in `each'
ERROR LOG: /home/heath/coral/lib/automap/automap.rb:39:in `view'
ERROR LOG: /home/heath/coral/lib/player.commands.rb:511:in `cmd_look'
ERROR LOG: /home/heath/coral/lib/player.commands.rb:187:in `execute_command'
ERROR LOG: /home/heath/coral/core/creation.rb:114:in `block in assign_nanny'
ERROR LOG: undefined method `text_to_player' for #<Automap:0x00000001897af0>
ERROR LOG: /home/heath/coral/lib/automap/automap.rb:61:in `block (3 levels) in view'
ERROR LOG: /home/heath/coral/lib/automap/automap.rb:41:in `each'
ERROR LOG: /home/heath/coral/lib/automap/automap.rb:41:in `block (2 levels) in view'
ERROR LOG: /home/heath/coral/lib/automap/automap.rb:40:in `times'
ERROR LOG: /home/heath/coral/lib/automap/automap.rb:40:in `block in view'
ERROR LOG: /home/heath/coral/lib/automap/automap.rb:39:in `each'
ERROR LOG: /home/heath/coral/lib/automap/automap.rb:39:in `view'
ERROR LOG: /home/heath/coral/lib/player.commands.rb:511:in `cmd_look'
ERROR LOG: /home/heath/coral/lib/player.commands.rb:187:in `execute_command'
ERROR LOG: /home/heath/coral/core/socketengine.rb:156:in `handle_cmd_input'
ERROR LOG: /home/heath/coral/core/socketengine.rb:136:in `receive_data'
ERROR LOG: /usr/local/lib/ruby/gems/1.9.1/gems/eventmachine-0.12.8/lib/eventmachine.rb:242:in `run_machine'
ERROR LOG: /usr/local/lib/ruby/gems/1.9.1/gems/eventmachine-0.12.8/lib/eventmachine.rb:242:in `run'
ERROR LOG: coral.rb:109:in `<main>'
 INFO LOG: Apr__7_08: Loading automap/automap.rb
 INFO LOG: Apr__7_08: Loading automap/automap.rb
 INFO LOG: Apr__7_08: tick!!!
 INFO LOG: Apr__7_08: Loading automap/automap.rb
 INFO LOG: Apr__7_08: Loading automap/automap.rb
 INFO LOG: Apr__7_08: tick!!!
 INFO LOG: Apr__7_08: Loading automap/automap.rb
 INFO LOG: Apr__7_08: tick!!!
 INFO LOG: Apr__7_08: tick!!!
 INFO LOG: Apr__7_08: tick!!!
 INFO LOG: Apr__7_08: tick!!!
 INFO LOG: Apr__7_08: Loading automap/automap.rb
 INFO LOG: Apr__7_08: tick!!!
 INFO LOG: Apr__7_08: Loading automap/automap.rb
 INFO LOG: Apr__7_08: tick!!!
 INFO LOG: Apr__7_08: Loading automap/automap.rb
 INFO LOG: Apr__7_08: tick!!!
 INFO LOG: Apr__7_08: Loading automap/automap.rb
 INFO LOG: Apr__7_08: tick!!!
 INFO LOG: Apr__7_08: tick!!!
 INFO LOG: Apr__7_08: tick!!!
 INFO LOG: Apr__7_08: tick!!!
 INFO LOG: Apr__7_08: tick!!!
 INFO LOG: Apr__7_08: tick!!!
 INFO LOG: Apr__7_08: tick!!!
 INFO LOG: Apr__7_08: tick!!!
 INFO LOG: Apr__7_09: tick!!!
 INFO LOG: Apr__7_09: tick!!!
 INFO LOG: Apr__7_09: Loading automap/automap.rb
 INFO LOG: Apr__7_09: -- #<Player:0x00000001744d88>:99.191.82.191:33619 disconnected from CoralMUD!
 INFO LOG: Apr__7_09: Logging enabled.   Loading logs.rb.
 INFO LOG: Apr__7_09: Loading utils.rb
 INFO LOG: Apr__7_09: Loading constants.rb
 INFO LOG: Apr__7_09: Loading class_property.rb
 INFO LOG: Apr__7_09: Loading editors.rb
 INFO LOG: Apr__7_09: Loading mxp.rb
 INFO LOG: Apr__7_09: Loading mccp.rb
 INFO LOG: Apr__7_09: Loading flags.rb
 INFO LOG: Apr__7_09: Loading damage.rb
 INFO LOG: Apr__7_09: Loading event.rb
 INFO LOG: Apr__7_09: Loading automap/automap.rb
 INFO LOG: Apr__7_09: Loading cities.automap.rb
 INFO LOG: Apr__7_09: Loading cities.olc.rb
 INFO LOG: Apr__7_09: Loading cities.rb
 INFO LOG: Apr__7_09: Loading help.rb
 INFO LOG: Apr__7_09: Loading imcruby.rb
 INFO LOG: Apr__7_09: Loading player.rb
 INFO LOG: Apr__7_09: Loading player.commands.rb
 INFO LOG: Apr__7_09: Loading random.rb
 INFO LOG: Apr__7_09: Loading spells.rb
 INFO LOG: Apr__7_09: Starting server.
 INFO LOG: Apr__7_09: CoralMUD is now up on port 4000.
 INFO LOG: Apr__7_09: -- 99.191.82.191:39507 connected to CoralMUD!
 INFO LOG: Apr__7_09: -- 99.191.82.191:39507: Retnur is trying to connect.
 INFO LOG: Apr__7_09: -- 99.191.82.191:39507: Retnur player file found.
 INFO LOG: Apr__7_09: -- Retnur has entered the game.
 INFO LOG: Apr__7_09: Loading automap/automap.rb
 INFO LOG: Apr__7_09: tick!!!
 INFO LOG: Apr__7_09: Loading automap/automap.rb
ERROR LOG: undefined local variable or method `x' for #<Automap:0x00000002790408>
ERROR LOG: /home/heath/coral/lib/automap/automap.rb:56:in `value_for_pass'
ERROR LOG: /home/heath/coral/lib/automap/automap.rb:82:in `block (3 levels) in view'
ERROR LOG: /home/heath/coral/lib/automap/automap.rb:79:in `each'
ERROR LOG: /home/heath/coral/lib/automap/automap.rb:79:in `block (2 levels) in view'
ERROR LOG: /home/heath/coral/lib/automap/automap.rb:78:in `times'
ERROR LOG: /home/heath/coral/lib/automap/automap.rb:78:in `block in view'
ERROR LOG: /home/heath/coral/lib/automap/automap.rb:77:in `each'
ERROR LOG: /home/heath/coral/lib/automap/automap.rb:77:in `view'
ERROR LOG: /home/heath/coral/lib/player.commands.rb:511:in `cmd_look'
ERROR LOG: /home/heath/coral/lib/player.commands.rb:187:in `execute_command'
ERROR LOG: /home/heath/coral/core/socketengine.rb:156:in `handle_cmd_input'
ERROR LOG: /home/heath/coral/core/socketengine.rb:136:in `receive_data'
ERROR LOG: /usr/local/lib/ruby/gems/1.9.1/gems/eventmachine-0.12.8/lib/eventmachine.rb:242:in `run_machine'
ERROR LOG: /usr/local/lib/ruby/gems/1.9.1/gems/eventmachine-0.12.8/lib/eventmachine.rb:242:in `run'
ERROR LOG: coral.rb:109:in `<main>'
 INFO LOG: Apr__7_09: Loading automap/automap.rb
 INFO LOG: Apr__7_09: tick!!!
 INFO LOG: Apr__7_09: Loading automap/automap.rb
 INFO LOG: Apr__7_09: -- #<Player:0x00000002708d00>:99.191.82.191:39507 disconnected from CoralMUD!
 INFO LOG: Apr__7_09: Logging enabled.   Loading logs.rb.
 INFO LOG: Apr__7_09: Loading utils.rb
 INFO LOG: Apr__7_09: Loading constants.rb
 INFO LOG: Apr__7_09: Loading class_property.rb
 INFO LOG: Apr__7_09: Loading editors.rb
 INFO LOG: Apr__7_09: Loading mxp.rb
 INFO LOG: Apr__7_09: Loading mccp.rb
 INFO LOG: Apr__7_09: Loading flags.rb
 INFO LOG: Apr__7_09: Loading damage.rb
 INFO LOG: Apr__7_09: Loading event.rb
 INFO LOG: Apr__7_09: Loading automap/automap.rb
 INFO LOG: Apr__7_09: Loading cities.automap.rb
 INFO LOG: Apr__7_09: Loading cities.olc.rb
 INFO LOG: Apr__7_09: Loading cities.rb
 INFO LOG: Apr__7_09: Loading help.rb
 INFO LOG: Apr__7_09: Loading imcruby.rb
 INFO LOG: Apr__7_09: Loading player.rb
 INFO LOG: Apr__7_09: Loading player.commands.rb
 INFO LOG: Apr__7_09: Loading random.rb
 INFO LOG: Apr__7_09: Loading spells.rb
 INFO LOG: Apr__7_09: Starting server.
 INFO LOG: Apr__7_09: CoralMUD is now up on port 4000.
 INFO LOG: Apr__7_09: -- 99.191.82.191:50148 connected to CoralMUD!
 INFO LOG: Apr__7_09: -- 99.191.82.191:50148: Retnur is trying to connect.
 INFO LOG: Apr__7_09: -- 99.191.82.191:50148: Retnur player file found.
 INFO LOG: Apr__7_09: -- Retnur has entered the game.
 INFO LOG: Apr__7_09: tick!!!
 INFO LOG: Apr__7_09: tick!!!
 INFO LOG: Apr__7_09: tick!!!
 INFO LOG: Apr__7_09: tick!!!
 INFO LOG: Apr__7_09: Loading automap/automap.rb
ERROR LOG: undefined method `sector_to_str' for :sect_cityw:Symbol
ERROR LOG: /home/heath/coral/lib/automap/automap.rb:73:in `value_for_pass'
ERROR LOG: /home/heath/coral/lib/automap/automap.rb:85:in `block (3 levels) in view'
ERROR LOG: /home/heath/coral/lib/automap/automap.rb:82:in `each'
ERROR LOG: /home/heath/coral/lib/automap/automap.rb:82:in `block (2 levels) in view'
ERROR LOG: /home/heath/coral/lib/automap/automap.rb:81:in `times'
ERROR LOG: /home/heath/coral/lib/automap/automap.rb:81:in `block in view'
ERROR LOG: /home/heath/coral/lib/automap/automap.rb:80:in `each'
ERROR LOG: /home/heath/coral/lib/automap/automap.rb:80:in `view'
ERROR LOG: /home/heath/coral/lib/player.commands.rb:511:in `cmd_look'
ERROR LOG: /home/heath/coral/lib/player.commands.rb:187:in `execute_command'
ERROR LOG: /home/heath/coral/core/socketengine.rb:156:in `handle_cmd_input'
ERROR LOG: /home/heath/coral/core/socketengine.rb:136:in `receive_data'
ERROR LOG: /usr/local/lib/ruby/gems/1.9.1/gems/eventmachine-0.12.8/lib/eventmachine.rb:242:in `run_machine'
ERROR LOG: /usr/local/lib/ruby/gems/1.9.1/gems/eventmachine-0.12.8/lib/eventmachine.rb:242:in `run'
ERROR LOG: coral.rb:109:in `<main>'
 INFO LOG: Apr__7_09: tick!!!
 INFO LOG: Apr__7_09: Loading automap/automap.rb
ERROR LOG: undefined method `sect_to_str' for nil:NilClass
ERROR LOG: /home/heath/coral/lib/automap/automap.rb:74:in `value_for_pass'
ERROR LOG: /home/heath/coral/lib/automap/automap.rb:85:in `block (3 levels) in view'
ERROR LOG: /home/heath/coral/lib/automap/automap.rb:82:in `each'
ERROR LOG: /home/heath/coral/lib/automap/automap.rb:82:in `block (2 levels) in view'
ERROR LOG: /home/heath/coral/lib/automap/automap.rb:81:in `times'
ERROR LOG: /home/heath/coral/lib/automap/automap.rb:81:in `block in view'
ERROR LOG: /home/heath/coral/lib/automap/automap.rb:80:in `each'
ERROR LOG: /home/heath/coral/lib/automap/automap.rb:80:in `view'
ERROR LOG: /home/heath/coral/lib/player.commands.rb:511:in `cmd_look'
ERROR LOG: /home/heath/coral/lib/player.commands.rb:187:in `execute_command'
ERROR LOG: /home/heath/coral/core/socketengine.rb:156:in `handle_cmd_input'
ERROR LOG: /home/heath/coral/core/socketengine.rb:136:in `receive_data'
ERROR LOG: /usr/local/lib/ruby/gems/1.9.1/gems/eventmachine-0.12.8/lib/eventmachine.rb:242:in `run_machine'
ERROR LOG: /usr/local/lib/ruby/gems/1.9.1/gems/eventmachine-0.12.8/lib/eventmachine.rb:242:in `run'
ERROR LOG: coral.rb:109:in `<main>'
 INFO LOG: Apr__7_09: Loading automap/automap.rb
ERROR LOG: undefined method `sect_to_str' for nil:NilClass
ERROR LOG: /home/heath/coral/lib/automap/automap.rb:74:in `value_for_pass'
ERROR LOG: /home/heath/coral/lib/automap/automap.rb:85:in `block (3 levels) in view'
ERROR LOG: /home/heath/coral/lib/automap/automap.rb:82:in `each'
ERROR LOG: /home/heath/coral/lib/automap/automap.rb:82:in `block (2 levels) in view'
ERROR LOG: /home/heath/coral/lib/automap/automap.rb:81:in `times'
ERROR LOG: /home/heath/coral/lib/automap/automap.rb:81:in `block in view'
ERROR LOG: /home/heath/coral/lib/automap/automap.rb:80:in `each'
ERROR LOG: /home/heath/coral/lib/automap/automap.rb:80:in `view'
ERROR LOG: /home/heath/coral/lib/player.commands.rb:511:in `cmd_look'
ERROR LOG: /home/heath/coral/lib/player.commands.rb:187:in `execute_command'
ERROR LOG: /home/heath/coral/core/socketengine.rb:156:in `handle_cmd_input'
ERROR LOG: /home/heath/coral/core/socketengine.rb:136:in `receive_data'
ERROR LOG: /usr/local/lib/ruby/gems/1.9.1/gems/eventmachine-0.12.8/lib/eventmachine.rb:242:in `run_machine'
ERROR LOG: /usr/local/lib/ruby/gems/1.9.1/gems/eventmachine-0.12.8/lib/eventmachine.rb:242:in `run'
ERROR LOG: coral.rb:109:in `<main>'
 INFO LOG: Apr__7_09: Loading automap/automap.rb
 INFO LOG: Apr__7_09: tick!!!
 INFO LOG: Apr__7_09: Loading automap/automap.rb
 INFO LOG: Apr__7_09: tick!!!
 INFO LOG: Apr__7_09: tick!!!
 INFO LOG: Apr__7_09: Loading player.commands.rb
 INFO LOG: Apr__7_09: tick!!!
 INFO LOG: Apr__7_09: tick!!!
 INFO LOG: Apr__7_09: tick!!!
 INFO LOG: Apr__7_09: Loading automap/automap.rb
 INFO LOG: Apr__7_09: -- #<Player:0x00000001cbdfd0>:99.191.82.191:50148 disconnected from CoralMUD!
 INFO LOG: Apr__7_09: Logging enabled.   Loading logs.rb.
 INFO LOG: Apr__7_09: Loading utils.rb
 INFO LOG: Apr__7_09: Loading constants.rb
 INFO LOG: Apr__7_09: Loading class_property.rb
 INFO LOG: Apr__7_09: Loading editors.rb
 INFO LOG: Apr__7_09: Loading mxp.rb
 INFO LOG: Apr__7_09: Loading mccp.rb
 INFO LOG: Apr__7_09: Loading flags.rb
 INFO LOG: Apr__7_09: Loading damage.rb
 INFO LOG: Apr__7_09: Loading event.rb
 INFO LOG: Apr__7_09: Loading automap/automap.rb
 INFO LOG: Apr__7_09: Logging enabled.   Loading logs.rb.
 INFO LOG: Apr__7_09: Loading utils.rb
 INFO LOG: Apr__7_09: Loading constants.rb
 INFO LOG: Apr__7_09: Loading class_property.rb
 INFO LOG: Apr__7_09: Loading editors.rb
 INFO LOG: Apr__7_09: Loading mxp.rb
 INFO LOG: Apr__7_09: Loading mccp.rb
 INFO LOG: Apr__7_09: Loading flags.rb
 INFO LOG: Apr__7_09: Loading damage.rb
 INFO LOG: Apr__7_09: Loading event.rb
 INFO LOG: Apr__7_09: Loading automap/automap.rb
 INFO LOG: Apr__7_09: Loading cities.automap.rb
 INFO LOG: Apr__7_09: Loading cities.olc.rb
 INFO LOG: Apr__7_09: Loading cities.rb
 INFO LOG: Apr__7_09: Loading help.rb
 INFO LOG: Apr__7_09: Loading imcruby.rb
 INFO LOG: Apr__7_09: Loading player.rb
 INFO LOG: Apr__7_09: Loading player.commands.rb
 INFO LOG: Apr__7_09: Loading random.rb
 INFO LOG: Apr__7_09: Loading spells.rb
 INFO LOG: Apr__7_09: Starting server.
 INFO LOG: Apr__7_09: CoralMUD is now up on port 4000.
 INFO LOG: Apr__7_09: -- 99.191.82.191:35463 connected to CoralMUD!
 INFO LOG: Apr__7_09: -- 99.191.82.191:35463: Retnur is trying to connect.
 INFO LOG: Apr__7_09: -- 99.191.82.191:35463: Retnur player file found.
 INFO LOG: Apr__7_09: -- Retnur has entered the game.
ERROR LOG: can't convert nil into String
ERROR LOG: /home/heath/coral/lib/automap/automap.rb:64:in `block (3 levels) in view'
ERROR LOG: /home/heath/coral/lib/automap/automap.rb:61:in `each'
ERROR LOG: /home/heath/coral/lib/automap/automap.rb:61:in `block (2 levels) in view'
ERROR LOG: /home/heath/coral/lib/automap/automap.rb:60:in `times'
ERROR LOG: /home/heath/coral/lib/automap/automap.rb:60:in `block in view'
ERROR LOG: /home/heath/coral/lib/automap/automap.rb:59:in `each'
ERROR LOG: /home/heath/coral/lib/automap/automap.rb:59:in `view'
ERROR LOG: /home/heath/coral/lib/player.commands.rb:511:in `cmd_look'
ERROR LOG: /home/heath/coral/lib/player.commands.rb:187:in `execute_command'
ERROR LOG: /home/heath/coral/core/creation.rb:114:in `block in assign_nanny'
 INFO LOG: Apr__7_09: Loading automap/automap.rb
 INFO LOG: Apr__7_09: Loading player.commands.rb
 INFO LOG: Apr__7_09: Loading player.commands.rb
 INFO LOG: Apr__7_09: Loading player.commands.rb
 INFO LOG: Apr__7_09: Loading player.commands.rb
 INFO LOG: Apr__7_09: Loading player.commands.rb
 INFO LOG: Apr__7_09: tick!!!
 INFO LOG: Apr__7_09: Loading player.commands.rb
 INFO LOG: Apr__7_09: Loading player.commands.rb
 INFO LOG: Apr__7_09: tick!!!
 INFO LOG: Apr__7_09: Loading player.commands.rb
 INFO LOG: Apr__7_09: tick!!!
 INFO LOG: Apr__7_09: Loading player.commands.rb
 INFO LOG: Apr__7_09: tick!!!
 INFO LOG: Apr__7_09: Loading player.commands.rb
 INFO LOG: Apr__7_09: tick!!!
 INFO LOG: Apr__7_09: tick!!!
 INFO LOG: Apr__7_09: tick!!!
 INFO LOG: Apr__7_09: Loading player.commands.rb
 INFO LOG: Apr__7_09: tick!!!
 INFO LOG: Apr__7_09: tick!!!
 INFO LOG: Apr__7_09: tick!!!
 INFO LOG: Apr__7_10: tick!!!
 INFO LOG: Apr__7_10: tick!!!
 INFO LOG: Apr__7_10: tick!!!
 INFO LOG: Apr__7_10: tick!!!
 INFO LOG: Apr__7_10: tick!!!
 INFO LOG: Apr__7_10: tick!!!
 INFO LOG: Apr__7_10: tick!!!
 INFO LOG: Apr__7_10: tick!!!
 INFO LOG: Apr__7_10: tick!!!
 INFO LOG: Apr__7_10: tick!!!
 INFO LOG: Apr__7_10: tick!!!
 INFO LOG: Apr__7_10: tick!!!
ERROR LOG: nil can't be coerced into Fixnum
ERROR LOG: /home/heath/coral/lib/cities.automap.rb:177:in `+'
ERROR LOG: /home/heath/coral/lib/cities.automap.rb:177:in `find_room'
ERROR LOG: /home/heath/coral/lib/player.commands.rb:442:in `buildwalk'
ERROR LOG: /home/heath/coral/lib/player.commands.rb:454:in `cmd_east'
ERROR LOG: /home/heath/coral/lib/player.commands.rb:187:in `execute_command'
ERROR LOG: /home/heath/coral/core/socketengine.rb:156:in `handle_cmd_input'
ERROR LOG: /home/heath/coral/core/socketengine.rb:136:in `receive_data'
ERROR LOG: /usr/local/lib/ruby/gems/1.9.1/gems/eventmachine-0.12.8/lib/eventmachine.rb:242:in `run_machine'
ERROR LOG: /usr/local/lib/ruby/gems/1.9.1/gems/eventmachine-0.12.8/lib/eventmachine.rb:242:in `run'
ERROR LOG: coral.rb:109:in `<main>'
 INFO LOG: Apr__7_10: tick!!!
 INFO LOG: Apr__7_10: tick!!!
 INFO LOG: Apr__7_10: Loading player.commands.rb
ERROR LOG: wrong number of arguments (1 for 0)
ERROR LOG: /home/heath/coral/lib/player.commands.rb:521:in `cmd_look'
ERROR LOG: /home/heath/coral/lib/player.commands.rb:187:in `execute_command'
ERROR LOG: /home/heath/coral/core/socketengine.rb:156:in `handle_cmd_input'
ERROR LOG: /home/heath/coral/core/socketengine.rb:136:in `receive_data'
ERROR LOG: /usr/local/lib/ruby/gems/1.9.1/gems/eventmachine-0.12.8/lib/eventmachine.rb:242:in `run_machine'
ERROR LOG: /usr/local/lib/ruby/gems/1.9.1/gems/eventmachine-0.12.8/lib/eventmachine.rb:242:in `run'
ERROR LOG: coral.rb:109:in `<main>'
 INFO LOG: Apr__7_10: Loading player.commands.rb
 INFO LOG: Apr__7_10: Loading automap/automap.rb
 INFO LOG: Apr__7_10: tick!!!
 INFO LOG: Apr__7_10: tick!!!
 INFO LOG: Apr__7_10: -- 98.157.144.34:49274 connected to CoralMUD!
 INFO LOG: Apr__7_10: tick!!!
 INFO LOG: Apr__7_10: -- 98.157.144.34:49274: Tphegley is trying to connect.
 INFO LOG: Apr__7_10: -- 98.157.144.34:49274: Tphegley player file found.
 INFO LOG: Apr__7_10: -- Tphegley has entered the game.
 INFO LOG: Apr__7_10: tick!!!
 INFO LOG: Apr__7_10: tick!!!
 INFO LOG: Apr__7_10: Loading player.commands.rb
 INFO LOG: Apr__7_10: Loading player.commands.rb
 INFO LOG: Apr__7_10: -- #<Player:0x00000002957318>:99.191.82.191:35463 disconnected from CoralMUD!
 INFO LOG: Apr__7_10: -- #<Player:0x000000028e5bf0>:98.157.144.34:49274 disconnected from CoralMUD!
 INFO LOG: Apr__7_10: Program closed.
