 INFO LOG: Apr_12_10: Logging enabled.   Loading logs.rb.
 INFO LOG: Apr_12_10: Loading utils.rb
 INFO LOG: Apr_12_10: Loading constants.rb
 INFO LOG: Apr_12_10: Loading class_property.rb
 INFO LOG: Apr_12_10: Loading tags.rb
 INFO LOG: Apr_12_10: Loading editor/editors.rb
 INFO LOG: Apr_12_10: Loading editor/editor.strings.rb
 INFO LOG: Apr_12_10: Loading editor/editor.rooms.rb
 INFO LOG: Apr_12_10: Loading editor/editor.exits.rb
 INFO LOG: Apr_12_10: Loading editor/editor.zones.rb
 INFO LOG: Apr_12_10: Loading mxp.rb
 INFO LOG: Apr_12_10: Loading mccp.rb
 INFO LOG: Apr_12_10: Loading flags.rb
 INFO LOG: Apr_12_10: Loading damage.rb
 INFO LOG: Apr_12_10: Loading areas.rb
 INFO LOG: Apr_12_10: Loading event.rb
 INFO LOG: Apr_12_10: Loading automap/automap.rb
 INFO LOG: Apr_12_10: Loading cities.olc.rb
 INFO LOG: Apr_12_10: Loading cities.rb
 INFO LOG: Apr_12_10: Loading sector definitions.
 INFO LOG: Apr_12_10: Loading help.rb
 INFO LOG: Apr_12_10: Loading imcruby.rb
 INFO LOG: Apr_12_10: Loading player.rb
 INFO LOG: Apr_12_10: Loading player.commands.rb
 INFO LOG: Apr_12_10: Loading random.rb
 INFO LOG: Apr_12_10: Loading spells.rb
 INFO LOG: Apr_12_10: Loading all zones.
 INFO LOG: Apr_12_10: Starting server.
 INFO LOG: Apr_12_10: CoralMUD is now up on port 4000.
 INFO LOG: Apr_12_10: -- 99.191.82.191:60742 connected to CoralMUD!
 INFO LOG: Apr_12_10: -- 99.191.82.191:60742: Retnur is trying to connect.
 INFO LOG: Apr_12_10: -- 99.191.82.191:60742: Retnur player file found.
 INFO LOG: Apr_12_10: -- Retnur has entered the game.
 INFO LOG: Apr_12_10: tick!!!
 INFO LOG: Apr_12_10: tick!!!
 INFO LOG: Apr_12_10: tick!!!
 INFO LOG: Apr_12_10: tick!!!
 INFO LOG: Apr_12_10: tick!!!
 INFO LOG: Apr_12_10: tick!!!
 INFO LOG: Apr_12_10: tick!!!
 INFO LOG: Apr_12_10: tick!!!
 INFO LOG: Apr_12_10: tick!!!
 INFO LOG: Apr_12_10: tick!!!
 INFO LOG: Apr_12_10: tick!!!
 INFO LOG: Apr_12_10: tick!!!
 INFO LOG: Apr_12_10: tick!!!
 INFO LOG: Apr_12_10: tick!!!
 INFO LOG: Apr_12_10: tick!!!
 INFO LOG: Apr_12_10: tick!!!
 INFO LOG: Apr_12_10: tick!!!
 INFO LOG: Apr_12_10: tick!!!
 INFO LOG: Apr_12_10: tick!!!
 INFO LOG: Apr_12_10: tick!!!
 INFO LOG: Apr_12_10: tick!!!
 INFO LOG: Apr_12_10: tick!!!
 INFO LOG: Apr_12_10: tick!!!
 INFO LOG: Apr_12_10: tick!!!
 INFO LOG: Apr_12_11: tick!!!
 INFO LOG: Apr_12_11: tick!!!
 INFO LOG: Apr_12_11: tick!!!
 INFO LOG: Apr_12_11: tick!!!
 INFO LOG: Apr_12_11: Loading tags.rb
 INFO LOG: Apr_12_11: tick!!!
 INFO LOG: Apr_12_11: tick!!!
 INFO LOG: Apr_12_11: Loading editor/editor.rooms.rb
 INFO LOG: Apr_12_11: -- #<Player:0x000000018d17f0>:99.191.82.191:60742 disconnected from CoralMUD!
 INFO LOG: Apr_12_11: Logging enabled.   Loading logs.rb.
 INFO LOG: Apr_12_11: Loading utils.rb
 INFO LOG: Apr_12_11: Loading constants.rb
 INFO LOG: Apr_12_11: Loading class_property.rb
 INFO LOG: Apr_12_11: Loading tags.rb
 INFO LOG: Apr_12_11: Loading editor/editors.rb
 INFO LOG: Apr_12_11: Loading editor/editor.strings.rb
 INFO LOG: Apr_12_11: Loading editor/editor.rooms.rb
 INFO LOG: Apr_12_11: Logging enabled.   Loading logs.rb.
 INFO LOG: Apr_12_11: Loading utils.rb
 INFO LOG: Apr_12_11: Loading constants.rb
 INFO LOG: Apr_12_11: Loading class_property.rb
 INFO LOG: Apr_12_11: Loading tags.rb
 INFO LOG: Apr_12_11: Loading editor/editors.rb
 INFO LOG: Apr_12_11: Loading editor/editor.strings.rb
 INFO LOG: Apr_12_11: Loading editor/editor.rooms.rb
 INFO LOG: Apr_12_11: Loading editor/editor.exits.rb
 INFO LOG: Apr_12_11: Loading editor/editor.zones.rb
 INFO LOG: Apr_12_11: Loading mxp.rb
 INFO LOG: Apr_12_11: Loading mccp.rb
 INFO LOG: Apr_12_11: Loading flags.rb
 INFO LOG: Apr_12_11: Loading damage.rb
 INFO LOG: Apr_12_11: Loading areas.rb
 INFO LOG: Apr_12_11: Loading event.rb
 INFO LOG: Apr_12_11: Loading automap/automap.rb
 INFO LOG: Apr_12_11: Loading cities.olc.rb
 INFO LOG: Apr_12_11: Loading cities.rb
 INFO LOG: Apr_12_11: Loading sector definitions.
 INFO LOG: Apr_12_11: Loading help.rb
 INFO LOG: Apr_12_11: Loading imcruby.rb
 INFO LOG: Apr_12_11: Loading player.rb
 INFO LOG: Apr_12_11: Loading player.commands.rb
 INFO LOG: Apr_12_11: Loading random.rb
 INFO LOG: Apr_12_11: Loading spells.rb
 INFO LOG: Apr_12_11: Loading all zones.
 INFO LOG: Apr_12_11: Starting server.
 INFO LOG: Apr_12_11: CoralMUD is now up on port 4000.
 INFO LOG: Apr_12_11: -- 99.191.82.191:38765 connected to CoralMUD!
 INFO LOG: Apr_12_11: -- 99.191.82.191:38765: Retnur is trying to connect.
 INFO LOG: Apr_12_11: -- 99.191.82.191:38765: Retnur player file found.
 INFO LOG: Apr_12_11: -- Retnur has entered the game.
 INFO LOG: Apr_12_11: -- #<Player:0x000000029ecc88>:99.191.82.191:38765 disconnected from CoralMUD!
 INFO LOG: Apr_12_11: Program closed.
 INFO LOG: Apr_12_11: Logging enabled.   Loading logs.rb.
 INFO LOG: Apr_12_11: Loading utils.rb
 INFO LOG: Apr_12_11: Loading constants.rb
 INFO LOG: Apr_12_11: Loading class_property.rb
 INFO LOG: Apr_12_11: Loading tags.rb
 INFO LOG: Apr_12_11: Loading editor/editors.rb
 INFO LOG: Apr_12_11: Loading editor/editor.strings.rb
 INFO LOG: Apr_12_11: Loading editor/editor.rooms.rb
 INFO LOG: Apr_12_11: Loading editor/editor.exits.rb
 INFO LOG: Apr_12_11: Loading editor/editor.zones.rb
 INFO LOG: Apr_12_11: Loading mxp.rb
 INFO LOG: Apr_12_11: Loading mccp.rb
 INFO LOG: Apr_12_11: Loading flags.rb
 INFO LOG: Apr_12_11: Loading damage.rb
 INFO LOG: Apr_12_11: Loading areas.rb
 INFO LOG: Apr_12_11: Loading event.rb
 INFO LOG: Apr_12_11: Loading automap/automap.rb
 INFO LOG: Apr_12_11: Loading cities.olc.rb
 INFO LOG: Apr_12_11: Loading cities.rb
 INFO LOG: Apr_12_11: Loading sector definitions.
 INFO LOG: Apr_12_11: Loading help.rb
 INFO LOG: Apr_12_11: Loading imcruby.rb
 INFO LOG: Apr_12_11: Loading player.rb
 INFO LOG: Apr_12_11: Loading player.commands.rb
 INFO LOG: Apr_12_11: Loading random.rb
 INFO LOG: Apr_12_11: Loading spells.rb
 INFO LOG: Apr_12_11: Loading all zones.
 INFO LOG: Apr_12_11: Starting server.
 INFO LOG: Apr_12_11: CoralMUD is now up on port 4000.
 INFO LOG: Apr_12_11: -- 99.191.82.191:46289 connected to CoralMUD!
 INFO LOG: Apr_12_11: -- 99.191.82.191:46289: Retnur is trying to connect.
 INFO LOG: Apr_12_11: -- 99.191.82.191:46289: Retnur player file found.
 INFO LOG: Apr_12_11: -- Retnur has entered the game.
 INFO LOG: Apr_12_11: -- #<Player:0x00000001461b98>:99.191.82.191:46289 disconnected from CoralMUD!
 INFO LOG: Apr_12_11: Program closed.
 INFO LOG: Apr_12_11: Logging enabled.   Loading logs.rb.
 INFO LOG: Apr_12_11: Loading utils.rb
 INFO LOG: Apr_12_11: Loading constants.rb
 INFO LOG: Apr_12_11: Loading class_property.rb
 INFO LOG: Apr_12_11: Loading tags.rb
 INFO LOG: Apr_12_11: Loading editor/editors.rb
 INFO LOG: Apr_12_11: Loading editor/editor.strings.rb
 INFO LOG: Apr_12_11: Loading editor/editor.rooms.rb
 INFO LOG: Apr_12_11: Loading editor/editor.exits.rb
 INFO LOG: Apr_12_11: Loading editor/editor.zones.rb
 INFO LOG: Apr_12_11: Loading mxp.rb
 INFO LOG: Apr_12_11: Loading mccp.rb
 INFO LOG: Apr_12_11: Loading flags.rb
 INFO LOG: Apr_12_11: Loading damage.rb
 INFO LOG: Apr_12_11: Loading areas.rb
 INFO LOG: Apr_12_11: Loading event.rb
 INFO LOG: Apr_12_11: Loading automap/automap.rb
 INFO LOG: Apr_12_11: Loading cities.olc.rb
 INFO LOG: Apr_12_11: Loading cities.rb
 INFO LOG: Apr_12_11: Loading sector definitions.
 INFO LOG: Apr_12_11: Loading help.rb
 INFO LOG: Apr_12_11: Loading imcruby.rb
 INFO LOG: Apr_12_11: Loading player.rb
 INFO LOG: Apr_12_11: Loading player.commands.rb
 INFO LOG: Apr_12_11: Loading random.rb
 INFO LOG: Apr_12_11: Loading spells.rb
 INFO LOG: Apr_12_11: Loading all zones.
 INFO LOG: Apr_12_11: Starting server.
 INFO LOG: Apr_12_11: CoralMUD is now up on port 4000.
 INFO LOG: Apr_12_11: -- 99.191.82.191:34286 connected to CoralMUD!
 INFO LOG: Apr_12_11: -- 99.191.82.191:34286: Retnur is trying to connect.
 INFO LOG: Apr_12_11: -- 99.191.82.191:34286: Retnur player file found.
 INFO LOG: Apr_12_11: -- Retnur has entered the game.
 INFO LOG: Apr_12_11: tick!!!
 INFO LOG: Apr_12_11: tick!!!
 INFO LOG: Apr_12_11: tick!!!
 INFO LOG: Apr_12_11: tick!!!
 INFO LOG: Apr_12_11: tick!!!
 INFO LOG: Apr_12_11: tick!!!
 INFO LOG: Apr_12_11: tick!!!
 INFO LOG: Apr_12_11: tick!!!
 INFO LOG: Apr_12_11: tick!!!
 INFO LOG: Apr_12_11: tick!!!
 INFO LOG: Apr_12_11: tick!!!
 INFO LOG: Apr_12_11: tick!!!
 INFO LOG: Apr_12_11: tick!!!
 INFO LOG: Apr_12_11: tick!!!
 INFO LOG: Apr_12_11: tick!!!
 INFO LOG: Apr_12_11: tick!!!
 INFO LOG: Apr_12_11: tick!!!
 INFO LOG: Apr_12_11: tick!!!
 INFO LOG: Apr_12_11: tick!!!
 INFO LOG: Apr_12_11: tick!!!
 INFO LOG: Apr_12_11: tick!!!
 INFO LOG: Apr_12_11: tick!!!
 INFO LOG: Apr_12_12: tick!!!
 INFO LOG: Apr_12_12: tick!!!
 INFO LOG: Apr_12_12: tick!!!
 INFO LOG: Apr_12_12: tick!!!
 INFO LOG: Apr_12_12: tick!!!
 INFO LOG: Apr_12_12: tick!!!
 INFO LOG: Apr_12_12: tick!!!
 INFO LOG: Apr_12_12: tick!!!
 INFO LOG: Apr_12_12: tick!!!
 INFO LOG: Apr_12_12: tick!!!
 INFO LOG: Apr_12_12: tick!!!
 INFO LOG: Apr_12_12: Loading player.commands.rb
 INFO LOG: Apr_12_12: tick!!!
 INFO LOG: Apr_12_12: -- #<Player:0x00000002156088>:99.191.82.191:34286 disconnected from CoralMUD!
 INFO LOG: Apr_12_12: Program closed.
 INFO LOG: Apr_12_12: Logging enabled.   Loading logs.rb.
 INFO LOG: Apr_12_12: Loading utils.rb
 INFO LOG: Apr_12_12: Loading constants.rb
 INFO LOG: Apr_12_12: Loading class_property.rb
 INFO LOG: Apr_12_12: Loading tags.rb
 INFO LOG: Apr_12_12: Loading editor/editors.rb
 INFO LOG: Apr_12_12: Loading editor/editor.strings.rb
 INFO LOG: Apr_12_12: Loading editor/editor.rooms.rb
 INFO LOG: Apr_12_12: Loading editor/editor.exits.rb
 INFO LOG: Apr_12_12: Loading editor/editor.zones.rb
 INFO LOG: Apr_12_12: Loading mxp.rb
 INFO LOG: Apr_12_12: Loading mccp.rb
 INFO LOG: Apr_12_12: Loading flags.rb
 INFO LOG: Apr_12_12: Loading damage.rb
 INFO LOG: Apr_12_12: Loading areas.rb
 INFO LOG: Apr_12_12: Loading event.rb
 INFO LOG: Apr_12_12: Loading automap/automap.rb
 INFO LOG: Apr_12_12: Loading cities.olc.rb
 INFO LOG: Apr_12_12: Loading cities.rb
 INFO LOG: Apr_12_12: Loading sector definitions.
 INFO LOG: Apr_12_12: Loading help.rb
 INFO LOG: Apr_12_12: Loading imcruby.rb
 INFO LOG: Apr_12_12: Loading player.rb
 INFO LOG: Apr_12_12: Loading player.commands.rb
 INFO LOG: Apr_12_12: Loading random.rb
 INFO LOG: Apr_12_12: Loading spells.rb
 INFO LOG: Apr_12_12: Loading all zones.
 INFO LOG: Apr_12_12: Starting server.
 INFO LOG: Apr_12_12: CoralMUD is now up on port 4000.
 INFO LOG: Apr_12_12: -- 99.191.82.191:56367 connected to CoralMUD!
 INFO LOG: Apr_12_12: -- 99.191.82.191:56367: Retnur is trying to connect.
 INFO LOG: Apr_12_12: -- 99.191.82.191:56367: Retnur player file found.
 INFO LOG: Apr_12_12: -- Retnur has entered the game.
 INFO LOG: Apr_12_12: tick!!!
 INFO LOG: Apr_12_12: -- #<Player:0x0000000147eec8>:99.191.82.191:56367 disconnected from CoralMUD!
 INFO LOG: Apr_12_12: Program closed.
 INFO LOG: Apr_12_12: Logging enabled.   Loading logs.rb.
 INFO LOG: Apr_12_12: Loading utils.rb
 INFO LOG: Apr_12_12: Loading constants.rb
 INFO LOG: Apr_12_12: Loading class_property.rb
 INFO LOG: Apr_12_12: Loading tags.rb
 INFO LOG: Apr_12_12: Loading editor/editors.rb
 INFO LOG: Apr_12_12: Loading editor/editor.strings.rb
 INFO LOG: Apr_12_12: Loading editor/editor.rooms.rb
 INFO LOG: Apr_12_12: Loading editor/editor.exits.rb
 INFO LOG: Apr_12_12: Loading editor/editor.zones.rb
 INFO LOG: Apr_12_12: Loading mxp.rb
 INFO LOG: Apr_12_12: Loading mccp.rb
 INFO LOG: Apr_12_12: Loading flags.rb
 INFO LOG: Apr_12_12: Loading damage.rb
 INFO LOG: Apr_12_12: Loading areas.rb
 INFO LOG: Apr_12_12: Loading event.rb
 INFO LOG: Apr_12_12: Loading automap/automap.rb
 INFO LOG: Apr_12_12: Loading cities.olc.rb
 INFO LOG: Apr_12_12: Loading cities.rb
 INFO LOG: Apr_12_12: Loading sector definitions.
 INFO LOG: Apr_12_12: Loading help.rb
 INFO LOG: Apr_12_12: Loading imcruby.rb
 INFO LOG: Apr_12_12: Loading player.rb
 INFO LOG: Apr_12_12: Loading player.commands.rb
 INFO LOG: Apr_12_12: Loading random.rb
 INFO LOG: Apr_12_12: Loading spells.rb
 INFO LOG: Apr_12_12: Loading all zones.
 INFO LOG: Apr_12_12: Starting server.
 INFO LOG: Apr_12_12: CoralMUD is now up on port 4000.
 INFO LOG: Apr_12_12: -- 99.191.82.191:54373 connected to CoralMUD!
 INFO LOG: Apr_12_12: -- 99.191.82.191:54373: Retnur is trying to connect.
 INFO LOG: Apr_12_12: -- 99.191.82.191:54373: Retnur player file found.
 INFO LOG: Apr_12_12: -- Retnur has entered the game.
ERROR LOG: undefined method `/' for nil:NilClass
ERROR LOG: /home/heath/coral/lib/cities.rb:229:in `do_delete'
ERROR LOG: /home/heath/coral/lib/editor/editor.rooms.rb:49:in `block in <class:Room>'
ERROR LOG: /home/heath/coral/lib/editor/editors.rb:165:in `call'
ERROR LOG: /home/heath/coral/lib/editor/editors.rb:165:in `call_fun'
ERROR LOG: /home/heath/coral/lib/player.commands.rb:145:in `execute_command'
ERROR LOG: /home/heath/coral/core/socketengine.rb:156:in `handle_cmd_input'
ERROR LOG: /home/heath/coral/core/socketengine.rb:136:in `receive_data'
ERROR LOG: /usr/local/lib/ruby/gems/1.9.1/gems/eventmachine-0.12.8/lib/eventmachine.rb:242:in `run_machine'
ERROR LOG: /usr/local/lib/ruby/gems/1.9.1/gems/eventmachine-0.12.8/lib/eventmachine.rb:242:in `run'
ERROR LOG: coral.rb:158:in `<main>'
 INFO LOG: Apr_12_12: tick!!!
 INFO LOG: Apr_12_12: tick!!!
 INFO LOG: Apr_12_12: tick!!!
 INFO LOG: Apr_12_12: tick!!!
 INFO LOG: Apr_12_12: tick!!!
 INFO LOG: Apr_12_12: tick!!!
 INFO LOG: Apr_12_12: tick!!!
 INFO LOG: Apr_12_12: tick!!!
 INFO LOG: Apr_12_12: tick!!!
 INFO LOG: Apr_12_12: tick!!!
 INFO LOG: Apr_12_12: tick!!!
 INFO LOG: Apr_12_13: tick!!!
 INFO LOG: Apr_12_13: tick!!!
 INFO LOG: Apr_12_13: tick!!!
 INFO LOG: Apr_12_13: tick!!!
 INFO LOG: Apr_12_13: tick!!!
 INFO LOG: Apr_12_13: tick!!!
 INFO LOG: Apr_12_13: tick!!!
 INFO LOG: Apr_12_13: tick!!!
 INFO LOG: Apr_12_13: tick!!!
 INFO LOG: Apr_12_13: tick!!!
 INFO LOG: Apr_12_13: tick!!!
 INFO LOG: Apr_12_13: tick!!!
 INFO LOG: Apr_12_13: tick!!!
 INFO LOG: Apr_12_13: tick!!!
 INFO LOG: Apr_12_13: tick!!!
 INFO LOG: Apr_12_13: tick!!!
 INFO LOG: Apr_12_13: tick!!!
 INFO LOG: Apr_12_13: tick!!!
 INFO LOG: Apr_12_13: tick!!!
 INFO LOG: Apr_12_13: tick!!!
 INFO LOG: Apr_12_13: tick!!!
 INFO LOG: Apr_12_13: tick!!!
 INFO LOG: Apr_12_13: tick!!!
 INFO LOG: Apr_12_13: tick!!!
 INFO LOG: Apr_12_13: tick!!!
 INFO LOG: Apr_12_13: tick!!!
 INFO LOG: Apr_12_13: tick!!!
 INFO LOG: Apr_12_13: tick!!!
 INFO LOG: Apr_12_13: tick!!!
 INFO LOG: Apr_12_13: tick!!!
 INFO LOG: Apr_12_14: tick!!!
 INFO LOG: Apr_12_14: tick!!!
 INFO LOG: Apr_12_14: tick!!!
 INFO LOG: Apr_12_14: tick!!!
 INFO LOG: Apr_12_14: tick!!!
 INFO LOG: Apr_12_14: tick!!!
 INFO LOG: Apr_12_14: tick!!!
 INFO LOG: Apr_12_14: tick!!!
 INFO LOG: Apr_12_14: tick!!!
 INFO LOG: Apr_12_14: tick!!!
 INFO LOG: Apr_12_14: tick!!!
 INFO LOG: Apr_12_14: tick!!!
 INFO LOG: Apr_12_14: tick!!!
 INFO LOG: Apr_12_14: tick!!!
 INFO LOG: Apr_12_14: tick!!!
 INFO LOG: Apr_12_14: tick!!!
 INFO LOG: Apr_12_14: tick!!!
 INFO LOG: Apr_12_14: tick!!!
 INFO LOG: Apr_12_14: tick!!!
 INFO LOG: Apr_12_14: tick!!!
 INFO LOG: Apr_12_14: tick!!!
 INFO LOG: Apr_12_14: tick!!!
 INFO LOG: Apr_12_14: tick!!!
 INFO LOG: Apr_12_14: tick!!!
 INFO LOG: Apr_12_14: tick!!!
 INFO LOG: Apr_12_14: tick!!!
 INFO LOG: Apr_12_14: tick!!!
 INFO LOG: Apr_12_14: tick!!!
 INFO LOG: Apr_12_14: tick!!!
 INFO LOG: Apr_12_14: tick!!!
 INFO LOG: Apr_12_15: tick!!!
 INFO LOG: Apr_12_15: tick!!!
 INFO LOG: Apr_12_15: tick!!!
 INFO LOG: Apr_12_15: tick!!!
 INFO LOG: Apr_12_15: tick!!!
 INFO LOG: Apr_12_15: tick!!!
 INFO LOG: Apr_12_15: tick!!!
 INFO LOG: Apr_12_15: tick!!!
 INFO LOG: Apr_12_15: tick!!!
 INFO LOG: Apr_12_15: tick!!!
 INFO LOG: Apr_12_15: tick!!!
 INFO LOG: Apr_12_15: tick!!!
 INFO LOG: Apr_12_15: tick!!!
 INFO LOG: Apr_12_15: tick!!!
 INFO LOG: Apr_12_15: tick!!!
 INFO LOG: Apr_12_15: tick!!!
 INFO LOG: Apr_12_15: tick!!!
 INFO LOG: Apr_12_15: tick!!!
 INFO LOG: Apr_12_15: tick!!!
 INFO LOG: Apr_12_15: tick!!!
 INFO LOG: Apr_12_15: tick!!!
 INFO LOG: Apr_12_15: tick!!!
 INFO LOG: Apr_12_15: tick!!!
 INFO LOG: Apr_12_15: tick!!!
 INFO LOG: Apr_12_15: tick!!!
 INFO LOG: Apr_12_15: tick!!!
 INFO LOG: Apr_12_15: tick!!!
 INFO LOG: Apr_12_15: tick!!!
 INFO LOG: Apr_12_15: tick!!!
 INFO LOG: Apr_12_15: tick!!!
 INFO LOG: Apr_12_16: tick!!!
 INFO LOG: Apr_12_16: tick!!!
 INFO LOG: Apr_12_16: tick!!!
 INFO LOG: Apr_12_16: tick!!!
 INFO LOG: Apr_12_16: tick!!!
 INFO LOG: Apr_12_16: tick!!!
 INFO LOG: Apr_12_16: tick!!!
 INFO LOG: Apr_12_16: tick!!!
 INFO LOG: Apr_12_16: tick!!!
 INFO LOG: Apr_12_16: tick!!!
 INFO LOG: Apr_12_16: Loading cities.rb
 INFO LOG: Apr_12_16: Loading sector definitions.
 INFO LOG: Apr_12_16: tick!!!
 INFO LOG: Apr_12_16: tick!!!
 INFO LOG: Apr_12_16: tick!!!
 INFO LOG: Apr_12_16: tick!!!
 INFO LOG: Apr_12_16: tick!!!
 INFO LOG: Apr_12_16: tick!!!
 INFO LOG: Apr_12_16: tick!!!
 INFO LOG: Apr_12_16: tick!!!
 INFO LOG: Apr_12_16: tick!!!
 INFO LOG: Apr_12_16: tick!!!
 INFO LOG: Apr_12_16: tick!!!
 INFO LOG: Apr_12_16: tick!!!
 INFO LOG: Apr_12_16: tick!!!
 INFO LOG: Apr_12_16: tick!!!
 INFO LOG: Apr_12_16: tick!!!
 INFO LOG: Apr_12_16: tick!!!
 INFO LOG: Apr_12_16: tick!!!
 INFO LOG: Apr_12_16: tick!!!
 INFO LOG: Apr_12_16: tick!!!
 INFO LOG: Apr_12_16: tick!!!
 INFO LOG: Apr_12_17: tick!!!
 INFO LOG: Apr_12_17: tick!!!
 INFO LOG: Apr_12_17: tick!!!
 INFO LOG: Apr_12_17: tick!!!
 INFO LOG: Apr_12_17: tick!!!
 INFO LOG: Apr_12_17: tick!!!
 INFO LOG: Apr_12_17: tick!!!
 INFO LOG: Apr_12_17: tick!!!
 INFO LOG: Apr_12_17: tick!!!
 INFO LOG: Apr_12_17: tick!!!
 INFO LOG: Apr_12_17: tick!!!
 INFO LOG: Apr_12_17: tick!!!
 INFO LOG: Apr_12_17: tick!!!
 INFO LOG: Apr_12_17: tick!!!
 INFO LOG: Apr_12_17: tick!!!
 INFO LOG: Apr_12_17: tick!!!
 INFO LOG: Apr_12_17: tick!!!
 INFO LOG: Apr_12_17: tick!!!
 INFO LOG: Apr_12_17: tick!!!
 INFO LOG: Apr_12_17: tick!!!
 INFO LOG: Apr_12_17: tick!!!
 INFO LOG: Apr_12_17: tick!!!
 INFO LOG: Apr_12_17: tick!!!
 INFO LOG: Apr_12_17: tick!!!
 INFO LOG: Apr_12_17: tick!!!
 INFO LOG: Apr_12_17: tick!!!
 INFO LOG: Apr_12_17: tick!!!
 INFO LOG: Apr_12_17: tick!!!
 INFO LOG: Apr_12_17: tick!!!
 INFO LOG: Apr_12_17: tick!!!
 INFO LOG: Apr_12_18: tick!!!
 INFO LOG: Apr_12_18: tick!!!
 INFO LOG: Apr_12_18: tick!!!
 INFO LOG: Apr_12_18: tick!!!
 INFO LOG: Apr_12_18: tick!!!
 INFO LOG: Apr_12_18: tick!!!
 INFO LOG: Apr_12_18: tick!!!
 INFO LOG: Apr_12_18: tick!!!
 INFO LOG: Apr_12_18: tick!!!
 INFO LOG: Apr_12_18: tick!!!
 INFO LOG: Apr_12_18: tick!!!
 INFO LOG: Apr_12_18: tick!!!
 INFO LOG: Apr_12_18: tick!!!
 INFO LOG: Apr_12_18: tick!!!
 INFO LOG: Apr_12_18: tick!!!
 INFO LOG: Apr_12_18: tick!!!
 INFO LOG: Apr_12_18: tick!!!
 INFO LOG: Apr_12_18: tick!!!
 INFO LOG: Apr_12_18: tick!!!
 INFO LOG: Apr_12_18: tick!!!
 INFO LOG: Apr_12_18: tick!!!
 INFO LOG: Apr_12_18: tick!!!
 INFO LOG: Apr_12_18: tick!!!
 INFO LOG: Apr_12_18: tick!!!
 INFO LOG: Apr_12_18: tick!!!
 INFO LOG: Apr_12_18: tick!!!
 INFO LOG: Apr_12_18: tick!!!
 INFO LOG: Apr_12_18: tick!!!
 INFO LOG: Apr_12_18: tick!!!
 INFO LOG: Apr_12_18: tick!!!
 INFO LOG: Apr_12_19: tick!!!
 INFO LOG: Apr_12_19: tick!!!
 INFO LOG: Apr_12_19: tick!!!
 INFO LOG: Apr_12_19: tick!!!
 INFO LOG: Apr_12_19: tick!!!
 INFO LOG: Apr_12_19: tick!!!
 INFO LOG: Apr_12_19: tick!!!
 INFO LOG: Apr_12_19: tick!!!
 INFO LOG: Apr_12_19: tick!!!
 INFO LOG: Apr_12_19: tick!!!
 INFO LOG: Apr_12_19: tick!!!
 INFO LOG: Apr_12_19: tick!!!
 INFO LOG: Apr_12_19: tick!!!
 INFO LOG: Apr_12_19: tick!!!
 INFO LOG: Apr_12_19: tick!!!
 INFO LOG: Apr_12_19: tick!!!
 INFO LOG: Apr_12_19: tick!!!
 INFO LOG: Apr_12_19: tick!!!
 INFO LOG: Apr_12_19: tick!!!
 INFO LOG: Apr_12_19: tick!!!
 INFO LOG: Apr_12_19: tick!!!
 INFO LOG: Apr_12_19: tick!!!
 INFO LOG: Apr_12_19: tick!!!
 INFO LOG: Apr_12_19: tick!!!
 INFO LOG: Apr_12_19: tick!!!
 INFO LOG: Apr_12_19: tick!!!
 INFO LOG: Apr_12_19: tick!!!
 INFO LOG: Apr_12_19: tick!!!
 INFO LOG: Apr_12_19: tick!!!
 INFO LOG: Apr_12_19: tick!!!
 INFO LOG: Apr_12_20: tick!!!
 INFO LOG: Apr_12_20: tick!!!
 INFO LOG: Apr_12_20: tick!!!
 INFO LOG: Apr_12_20: tick!!!
 INFO LOG: Apr_12_20: tick!!!
 INFO LOG: Apr_12_20: tick!!!
 INFO LOG: Apr_12_20: tick!!!
 INFO LOG: Apr_12_20: tick!!!
 INFO LOG: Apr_12_20: tick!!!
 INFO LOG: Apr_12_20: tick!!!
 INFO LOG: Apr_12_20: tick!!!
 INFO LOG: Apr_12_20: tick!!!
 INFO LOG: Apr_12_20: tick!!!
 INFO LOG: Apr_12_20: tick!!!
 INFO LOG: Apr_12_20: tick!!!
 INFO LOG: Apr_12_20: tick!!!
 INFO LOG: Apr_12_20: tick!!!
 INFO LOG: Apr_12_20: tick!!!
 INFO LOG: Apr_12_20: tick!!!
 INFO LOG: Apr_12_20: tick!!!
 INFO LOG: Apr_12_20: tick!!!
 INFO LOG: Apr_12_20: tick!!!
 INFO LOG: Apr_12_20: tick!!!
 INFO LOG: Apr_12_20: tick!!!
 INFO LOG: Apr_12_20: tick!!!
 INFO LOG: Apr_12_20: tick!!!
 INFO LOG: Apr_12_20: tick!!!
 INFO LOG: Apr_12_20: tick!!!
 INFO LOG: Apr_12_20: tick!!!
 INFO LOG: Apr_12_20: tick!!!
 INFO LOG: Apr_12_21: tick!!!
 INFO LOG: Apr_12_21: tick!!!
 INFO LOG: Apr_12_21: tick!!!
 INFO LOG: Apr_12_21: tick!!!
 INFO LOG: Apr_12_21: tick!!!
 INFO LOG: Apr_12_21: tick!!!
 INFO LOG: Apr_12_21: tick!!!
 INFO LOG: Apr_12_21: tick!!!
 INFO LOG: Apr_12_21: tick!!!
 INFO LOG: Apr_12_21: tick!!!
 INFO LOG: Apr_12_21: tick!!!
 INFO LOG: Apr_12_21: tick!!!
 INFO LOG: Apr_12_21: tick!!!
 INFO LOG: Apr_12_21: tick!!!
 INFO LOG: Apr_12_21: tick!!!
 INFO LOG: Apr_12_21: tick!!!
 INFO LOG: Apr_12_21: tick!!!
 INFO LOG: Apr_12_21: tick!!!
 INFO LOG: Apr_12_21: tick!!!
 INFO LOG: Apr_12_21: tick!!!
 INFO LOG: Apr_12_21: tick!!!
 INFO LOG: Apr_12_21: tick!!!
 INFO LOG: Apr_12_21: tick!!!
 INFO LOG: Apr_12_21: tick!!!
 INFO LOG: Apr_12_21: tick!!!
 INFO LOG: Apr_12_21: tick!!!
 INFO LOG: Apr_12_21: tick!!!
 INFO LOG: Apr_12_21: tick!!!
 INFO LOG: Apr_12_21: tick!!!
 INFO LOG: Apr_12_21: tick!!!
 INFO LOG: Apr_12_22: tick!!!
 INFO LOG: Apr_12_22: tick!!!
 INFO LOG: Apr_12_22: tick!!!
 INFO LOG: Apr_12_22: tick!!!
 INFO LOG: Apr_12_22: tick!!!
 INFO LOG: Apr_12_22: tick!!!
 INFO LOG: Apr_12_22: tick!!!
 INFO LOG: Apr_12_22: tick!!!
 INFO LOG: Apr_12_22: tick!!!
 INFO LOG: Apr_12_22: tick!!!
 INFO LOG: Apr_12_22: tick!!!
 INFO LOG: Apr_12_22: tick!!!
 INFO LOG: Apr_12_22: tick!!!
 INFO LOG: Apr_12_22: tick!!!
 INFO LOG: Apr_12_22: tick!!!
 INFO LOG: Apr_12_22: tick!!!
 INFO LOG: Apr_12_22: tick!!!
 INFO LOG: Apr_12_22: tick!!!
 INFO LOG: Apr_12_22: tick!!!
 INFO LOG: Apr_12_22: tick!!!
 INFO LOG: Apr_12_22: tick!!!
 INFO LOG: Apr_12_22: tick!!!
 INFO LOG: Apr_12_22: tick!!!
 INFO LOG: Apr_12_22: tick!!!
 INFO LOG: Apr_12_22: -- 98.157.144.34:51272 connected to CoralMUD!
 INFO LOG: Apr_12_22: -- 98.157.144.34:51272: Tphegley is trying to connect.
 INFO LOG: Apr_12_22: -- 98.157.144.34:51272: Tphegley player file found.
 INFO LOG: Apr_12_22: -- Tphegley has entered the game.
 INFO LOG: Apr_12_22: tick!!!
 INFO LOG: Apr_12_22: tick!!!
 INFO LOG: Apr_12_22: Tphegley has left the game.
 INFO LOG: Apr_12_22: -- :98.157.144.34:51272 disconnected from CoralMUD!
 INFO LOG: Apr_12_22: tick!!!
 INFO LOG: Apr_12_22: tick!!!
 INFO LOG: Apr_12_22: tick!!!
 INFO LOG: Apr_12_22: tick!!!
 INFO LOG: Apr_12_23: tick!!!
 INFO LOG: Apr_12_23: tick!!!
 INFO LOG: Apr_12_23: tick!!!
 INFO LOG: Apr_12_23: tick!!!
 INFO LOG: Apr_12_23: tick!!!
 INFO LOG: Apr_12_23: tick!!!
 INFO LOG: Apr_12_23: tick!!!
 INFO LOG: Apr_12_23: tick!!!
 INFO LOG: Apr_12_23: tick!!!
 INFO LOG: Apr_12_23: tick!!!
 INFO LOG: Apr_12_23: tick!!!
 INFO LOG: Apr_12_23: tick!!!
 INFO LOG: Apr_12_23: tick!!!
 INFO LOG: Apr_12_23: tick!!!
 INFO LOG: Apr_12_23: tick!!!
 INFO LOG: Apr_12_23: tick!!!
 INFO LOG: Apr_12_23: tick!!!
 INFO LOG: Apr_12_23: tick!!!
 INFO LOG: Apr_12_23: tick!!!
 INFO LOG: Apr_12_23: tick!!!
 INFO LOG: Apr_12_23: tick!!!
 INFO LOG: Apr_12_23: tick!!!
 INFO LOG: Apr_12_23: tick!!!
 INFO LOG: Apr_12_23: tick!!!
 INFO LOG: Apr_12_23: tick!!!
 INFO LOG: Apr_12_23: tick!!!
 INFO LOG: Apr_12_23: tick!!!
 INFO LOG: Apr_12_23: tick!!!
 INFO LOG: Apr_12_23: tick!!!
 INFO LOG: Apr_12_23: tick!!!
 INFO LOG: Apr_13_00: tick!!!
 INFO LOG: Apr_13_00: tick!!!
 INFO LOG: Apr_13_00: tick!!!
 INFO LOG: Apr_13_00: tick!!!
 INFO LOG: Apr_13_00: tick!!!
 INFO LOG: Apr_13_00: tick!!!
 INFO LOG: Apr_13_00: tick!!!
 INFO LOG: Apr_13_00: tick!!!
 INFO LOG: Apr_13_00: tick!!!
 INFO LOG: Apr_13_00: tick!!!
 INFO LOG: Apr_13_00: tick!!!
 INFO LOG: Apr_13_00: tick!!!
 INFO LOG: Apr_13_00: tick!!!
 INFO LOG: Apr_13_00: tick!!!
 INFO LOG: Apr_13_00: tick!!!
 INFO LOG: Apr_13_00: tick!!!
 INFO LOG: Apr_13_00: tick!!!
 INFO LOG: Apr_13_00: tick!!!
 INFO LOG: Apr_13_00: tick!!!
 INFO LOG: Apr_13_00: tick!!!
 INFO LOG: Apr_13_00: tick!!!
 INFO LOG: Apr_13_00: tick!!!
 INFO LOG: Apr_13_00: tick!!!
 INFO LOG: Apr_13_00: tick!!!
 INFO LOG: Apr_13_00: tick!!!
 INFO LOG: Apr_13_00: tick!!!
 INFO LOG: Apr_13_00: tick!!!
 INFO LOG: Apr_13_00: tick!!!
 INFO LOG: Apr_13_00: tick!!!
 INFO LOG: Apr_13_00: tick!!!
 INFO LOG: Apr_13_01: tick!!!
 INFO LOG: Apr_13_01: tick!!!
 INFO LOG: Apr_13_01: tick!!!
 INFO LOG: Apr_13_01: tick!!!
 INFO LOG: Apr_13_01: tick!!!
 INFO LOG: Apr_13_01: tick!!!
 INFO LOG: Apr_13_01: tick!!!
 INFO LOG: Apr_13_01: tick!!!
 INFO LOG: Apr_13_01: tick!!!
 INFO LOG: Apr_13_01: tick!!!
 INFO LOG: Apr_13_01: tick!!!
 INFO LOG: Apr_13_01: tick!!!
 INFO LOG: Apr_13_01: tick!!!
 INFO LOG: Apr_13_01: tick!!!
 INFO LOG: Apr_13_01: tick!!!
 INFO LOG: Apr_13_01: tick!!!
 INFO LOG: Apr_13_01: tick!!!
 INFO LOG: Apr_13_01: tick!!!
 INFO LOG: Apr_13_01: tick!!!
 INFO LOG: Apr_13_01: tick!!!
 INFO LOG: Apr_13_01: tick!!!
 INFO LOG: Apr_13_01: tick!!!
 INFO LOG: Apr_13_01: tick!!!
 INFO LOG: Apr_13_01: tick!!!
 INFO LOG: Apr_13_01: tick!!!
 INFO LOG: Apr_13_01: tick!!!
 INFO LOG: Apr_13_01: tick!!!
 INFO LOG: Apr_13_01: tick!!!
 INFO LOG: Apr_13_01: tick!!!
 INFO LOG: Apr_13_01: tick!!!
 INFO LOG: Apr_13_02: tick!!!
 INFO LOG: Apr_13_02: tick!!!
 INFO LOG: Apr_13_02: tick!!!
 INFO LOG: Apr_13_02: tick!!!
 INFO LOG: Apr_13_02: tick!!!
 INFO LOG: Apr_13_02: tick!!!
 INFO LOG: Apr_13_02: tick!!!
 INFO LOG: Apr_13_02: tick!!!
 INFO LOG: Apr_13_02: tick!!!
 INFO LOG: Apr_13_02: tick!!!
 INFO LOG: Apr_13_02: tick!!!
 INFO LOG: Apr_13_02: tick!!!
 INFO LOG: Apr_13_02: tick!!!
 INFO LOG: Apr_13_02: tick!!!
 INFO LOG: Apr_13_02: tick!!!
 INFO LOG: Apr_13_02: tick!!!
 INFO LOG: Apr_13_02: tick!!!
 INFO LOG: Apr_13_02: tick!!!
 INFO LOG: Apr_13_02: tick!!!
 INFO LOG: Apr_13_02: tick!!!
 INFO LOG: Apr_13_02: tick!!!
 INFO LOG: Apr_13_02: tick!!!
 INFO LOG: Apr_13_02: tick!!!
 INFO LOG: Apr_13_02: tick!!!
 INFO LOG: Apr_13_02: tick!!!
 INFO LOG: Apr_13_02: tick!!!
 INFO LOG: Apr_13_02: tick!!!
 INFO LOG: Apr_13_02: tick!!!
 INFO LOG: Apr_13_02: tick!!!
 INFO LOG: Apr_13_02: tick!!!
 INFO LOG: Apr_13_03: tick!!!
 INFO LOG: Apr_13_03: tick!!!
 INFO LOG: Apr_13_03: tick!!!
 INFO LOG: Apr_13_03: tick!!!
 INFO LOG: Apr_13_03: tick!!!
 INFO LOG: Apr_13_03: tick!!!
 INFO LOG: Apr_13_03: tick!!!
 INFO LOG: Apr_13_03: tick!!!
 INFO LOG: Apr_13_03: tick!!!
 INFO LOG: Apr_13_03: tick!!!
 INFO LOG: Apr_13_03: tick!!!
 INFO LOG: Apr_13_03: tick!!!
 INFO LOG: Apr_13_03: tick!!!
 INFO LOG: Apr_13_03: tick!!!
 INFO LOG: Apr_13_03: tick!!!
 INFO LOG: Apr_13_03: tick!!!
 INFO LOG: Apr_13_03: tick!!!
 INFO LOG: Apr_13_03: tick!!!
 INFO LOG: Apr_13_03: tick!!!
 INFO LOG: Apr_13_03: tick!!!
 INFO LOG: Apr_13_03: tick!!!
 INFO LOG: Apr_13_03: tick!!!
 INFO LOG: Apr_13_03: tick!!!
 INFO LOG: Apr_13_03: tick!!!
 INFO LOG: Apr_13_03: tick!!!
 INFO LOG: Apr_13_03: tick!!!
 INFO LOG: Apr_13_03: tick!!!
 INFO LOG: Apr_13_03: tick!!!
 INFO LOG: Apr_13_03: tick!!!
 INFO LOG: Apr_13_03: tick!!!
 INFO LOG: Apr_13_04: tick!!!
 INFO LOG: Apr_13_04: tick!!!
 INFO LOG: Apr_13_04: tick!!!
 INFO LOG: Apr_13_04: tick!!!
 INFO LOG: Apr_13_04: tick!!!
 INFO LOG: Apr_13_04: tick!!!
 INFO LOG: Apr_13_04: tick!!!
 INFO LOG: Apr_13_04: tick!!!
 INFO LOG: Apr_13_04: tick!!!
 INFO LOG: Apr_13_04: tick!!!
 INFO LOG: Apr_13_04: tick!!!
 INFO LOG: Apr_13_04: tick!!!
 INFO LOG: Apr_13_04: tick!!!
 INFO LOG: Apr_13_04: tick!!!
 INFO LOG: Apr_13_04: tick!!!
 INFO LOG: Apr_13_04: tick!!!
 INFO LOG: Apr_13_04: tick!!!
 INFO LOG: Apr_13_04: tick!!!
 INFO LOG: Apr_13_04: tick!!!
 INFO LOG: Apr_13_04: tick!!!
 INFO LOG: Apr_13_04: tick!!!
 INFO LOG: Apr_13_04: tick!!!
 INFO LOG: Apr_13_04: tick!!!
 INFO LOG: Apr_13_04: tick!!!
 INFO LOG: Apr_13_04: tick!!!
 INFO LOG: Apr_13_04: tick!!!
 INFO LOG: Apr_13_04: tick!!!
 INFO LOG: Apr_13_04: tick!!!
 INFO LOG: Apr_13_04: tick!!!
 INFO LOG: Apr_13_04: tick!!!
 INFO LOG: Apr_13_05: tick!!!
 INFO LOG: Apr_13_05: tick!!!
 INFO LOG: Apr_13_05: tick!!!
 INFO LOG: Apr_13_05: tick!!!
 INFO LOG: Apr_13_05: tick!!!
 INFO LOG: Apr_13_05: tick!!!
 INFO LOG: Apr_13_05: tick!!!
 INFO LOG: Apr_13_05: tick!!!
 INFO LOG: Apr_13_05: tick!!!
 INFO LOG: Apr_13_05: tick!!!
 INFO LOG: Apr_13_05: tick!!!
 INFO LOG: Apr_13_05: tick!!!
 INFO LOG: Apr_13_05: tick!!!
 INFO LOG: Apr_13_05: tick!!!
 INFO LOG: Apr_13_05: tick!!!
 INFO LOG: Apr_13_05: tick!!!
 INFO LOG: Apr_13_05: tick!!!
 INFO LOG: Apr_13_05: tick!!!
 INFO LOG: Apr_13_05: tick!!!
 INFO LOG: Apr_13_05: tick!!!
 INFO LOG: Apr_13_05: tick!!!
 INFO LOG: Apr_13_05: tick!!!
 INFO LOG: Apr_13_05: tick!!!
 INFO LOG: Apr_13_05: tick!!!
 INFO LOG: Apr_13_05: tick!!!
 INFO LOG: Apr_13_05: tick!!!
 INFO LOG: Apr_13_05: tick!!!
 INFO LOG: Apr_13_05: tick!!!
 INFO LOG: Apr_13_05: tick!!!
 INFO LOG: Apr_13_05: tick!!!
 INFO LOG: Apr_13_06: tick!!!
 INFO LOG: Apr_13_06: tick!!!
 INFO LOG: Apr_13_06: tick!!!
 INFO LOG: Apr_13_06: tick!!!
 INFO LOG: Apr_13_06: tick!!!
 INFO LOG: Apr_13_06: tick!!!
 INFO LOG: Apr_13_06: tick!!!
 INFO LOG: Apr_13_06: tick!!!
 INFO LOG: Apr_13_06: tick!!!
 INFO LOG: Apr_13_06: tick!!!
 INFO LOG: Apr_13_06: tick!!!
 INFO LOG: Apr_13_06: tick!!!
 INFO LOG: Apr_13_06: tick!!!
 INFO LOG: Apr_13_06: tick!!!
 INFO LOG: Apr_13_06: tick!!!
 INFO LOG: Apr_13_06: tick!!!
 INFO LOG: Apr_13_06: tick!!!
 INFO LOG: Apr_13_06: tick!!!
 INFO LOG: Apr_13_06: tick!!!
 INFO LOG: Apr_13_06: tick!!!
 INFO LOG: Apr_13_06: tick!!!
 INFO LOG: Apr_13_06: tick!!!
 INFO LOG: Apr_13_06: tick!!!
 INFO LOG: Apr_13_06: tick!!!
 INFO LOG: Apr_13_06: tick!!!
 INFO LOG: Apr_13_06: tick!!!
 INFO LOG: Apr_13_06: tick!!!
 INFO LOG: Apr_13_06: tick!!!
 INFO LOG: Apr_13_06: tick!!!
 INFO LOG: Apr_13_06: tick!!!
 INFO LOG: Apr_13_07: tick!!!
 INFO LOG: Apr_13_07: tick!!!
 INFO LOG: Apr_13_07: tick!!!
 INFO LOG: Apr_13_07: tick!!!
 INFO LOG: Apr_13_07: tick!!!
 INFO LOG: Apr_13_07: tick!!!
 INFO LOG: Apr_13_07: tick!!!
 INFO LOG: Apr_13_07: tick!!!
 INFO LOG: Apr_13_07: tick!!!
 INFO LOG: Apr_13_07: tick!!!
 INFO LOG: Apr_13_07: tick!!!
 INFO LOG: Apr_13_07: tick!!!
 INFO LOG: Apr_13_07: tick!!!
 INFO LOG: Apr_13_07: tick!!!
 INFO LOG: Apr_13_07: tick!!!
 INFO LOG: Apr_13_07: tick!!!
 INFO LOG: Apr_13_07: tick!!!
 INFO LOG: Apr_13_07: tick!!!
 INFO LOG: Apr_13_07: tick!!!
 INFO LOG: Apr_13_07: tick!!!
 INFO LOG: Apr_13_07: tick!!!
 INFO LOG: Apr_13_07: tick!!!
 INFO LOG: Apr_13_07: tick!!!
 INFO LOG: Apr_13_07: tick!!!
 INFO LOG: Apr_13_07: tick!!!
 INFO LOG: Apr_13_07: tick!!!
 INFO LOG: Apr_13_07: tick!!!
 INFO LOG: Apr_13_07: tick!!!
 INFO LOG: Apr_13_07: tick!!!
 INFO LOG: Apr_13_07: tick!!!
 INFO LOG: Apr_13_08: tick!!!
 INFO LOG: Apr_13_08: tick!!!
 INFO LOG: Apr_13_08: tick!!!
 INFO LOG: Apr_13_08: tick!!!
 INFO LOG: Apr_13_08: tick!!!
 INFO LOG: Apr_13_08: tick!!!
 INFO LOG: Apr_13_08: tick!!!
 INFO LOG: Apr_13_08: tick!!!
 INFO LOG: Apr_13_08: tick!!!
 INFO LOG: Apr_13_08: tick!!!
 INFO LOG: Apr_13_08: tick!!!
 INFO LOG: Apr_13_08: tick!!!
 INFO LOG: Apr_13_08: tick!!!
 INFO LOG: Apr_13_08: tick!!!
 INFO LOG: Apr_13_08: tick!!!
 INFO LOG: Apr_13_08: tick!!!
 INFO LOG: Apr_13_08: tick!!!
 INFO LOG: Apr_13_08: tick!!!
 INFO LOG: Apr_13_08: tick!!!
 INFO LOG: Apr_13_08: tick!!!
 INFO LOG: Apr_13_08: tick!!!
 INFO LOG: Apr_13_08: tick!!!
 INFO LOG: Apr_13_08: tick!!!
 INFO LOG: Apr_13_08: tick!!!
 INFO LOG: Apr_13_08: tick!!!
 INFO LOG: Apr_13_08: -- #<Player:0x00000001ca0868>:99.191.82.191:54373 disconnected from CoralMUD!
 INFO LOG: Apr_13_08: Program closed.
