 INFO LOG: Apr_17_10:53:: Logging enabled.   Loading logs.rb.
 INFO LOG: Apr_17_10:53:: Loading facade.rb
 INFO LOG: Apr_17_10:53:: Loading utils.rb
 INFO LOG: Apr_17_10:53:: Loading constants.rb
 INFO LOG: Apr_17_10:53:: Loading class_property.rb
 INFO LOG: Apr_17_10:53:: Loading tags.rb
 INFO LOG: Apr_17_10:53:: Loading editor/editors.rb
 INFO LOG: Apr_17_10:53:: Loading editor/editor.strings.rb
 INFO LOG: Apr_17_10:53:: Loading editor/editor.rooms.rb
 INFO LOG: Apr_17_10:53:: Loading editor/editor.exits.rb
 INFO LOG: Apr_17_10:53:: Loading editor/editor.zones.rb
 INFO LOG: Apr_17_10:53:: Loading editor/editor.npc.rb
 INFO LOG: Apr_17_10:53:: Loading editor/editor.items.rb
 INFO LOG: Apr_17_10:53:: Loading mxp.rb
 INFO LOG: Apr_17_10:53:: Loading mccp.rb
 INFO LOG: Apr_17_10:53:: Loading flags.rb
 INFO LOG: Apr_17_10:53:: Loading damage.rb
 INFO LOG: Apr_17_10:53:: Loading areas.rb
 INFO LOG: Apr_17_10:53:: Loading event.rb
 INFO LOG: Apr_17_10:53:: Loading automap/automap.rb
 INFO LOG: Apr_17_10:53:: Loading cities.olc.rb
 INFO LOG: Apr_17_10:53:: Loading cities.rb
 INFO LOG: Apr_17_10:53:: Loading sector definitions.
 INFO LOG: Apr_17_10:53:: Loading help.rb
 INFO LOG: Apr_17_10:53:: Loading imcruby.rb
 INFO LOG: Apr_17_10:53:: Loading player.rb
 INFO LOG: Apr_17_10:53:: Loading commands.rb
 INFO LOG: Apr_17_10:53:: Loading random.rb
 INFO LOG: Apr_17_10:53:: Loading npc.rb
 INFO LOG: Apr_17_10:53:: Loading items.rb
 INFO LOG: Apr_17_10:53:: Loading spells.rb
 INFO LOG: Apr_17_10:53:: Loading all zones.
 INFO LOG: Apr_17_10:53:: Starting server.
 INFO LOG: Apr_17_10:53:: CoralMUD is now up on port 4000.
 INFO LOG: Apr_17_10:54:: -- 99.191.82.191:50583 connected to CoralMUD!
 INFO LOG: Apr_17_10:54:: -- 99.191.82.191:50583: Retnur is trying to connect.
 INFO LOG: Apr_17_10:54:: -- 99.191.82.191:50583: Retnur player file found.
 INFO LOG: Apr_17_10:54:: -- Retnur has entered the game.
 INFO LOG: Apr_17_10:55:: tick!!!
 INFO LOG: Apr_17_10:57:: tick!!!
 INFO LOG: Apr_17_10:59:: tick!!!
 INFO LOG: Apr_17_11:01:: tick!!!
ERROR LOG: undefined method `in_room=' for #<NPC:0x00000001b6ff20>
ERROR LOG: /home/heath/coral/lib/facade.rb:21:in `method_missing'
ERROR LOG: /home/heath/coral/lib/cities.rb:412:in `accept_player'
ERROR LOG: /home/heath/coral/lib/commands/instance.rb:21:in `cmd_instance'
ERROR LOG: /home/heath/coral/lib/commands.rb:224:in `execute_command'
ERROR LOG: /home/heath/coral/core/socketengine.rb:160:in `handle_cmd_input'
ERROR LOG: /home/heath/coral/core/socketengine.rb:135:in `receive_data'
ERROR LOG: /usr/local/lib/ruby/gems/1.9.1/gems/eventmachine-0.12.8/lib/eventmachine.rb:242:in `run_machine'
ERROR LOG: /usr/local/lib/ruby/gems/1.9.1/gems/eventmachine-0.12.8/lib/eventmachine.rb:242:in `run'
ERROR LOG: coral.rb:162:in `<main>'
 INFO LOG: Apr_17_11:03:: Loading npc.rb
 INFO LOG: Apr_17_11:03:: tick!!!
 INFO LOG: Apr_17_11:03:: -- #<Player:0x00000001f628f8>:99.191.82.191:50583 disconnected from CoralMUD!
 INFO LOG: Apr_17_11:03:: Program closed.
 INFO LOG: Apr_17_11:04:: Logging enabled.   Loading logs.rb.
 INFO LOG: Apr_17_11:04:: Loading facade.rb
 INFO LOG: Apr_17_11:04:: Loading utils.rb
 INFO LOG: Apr_17_11:04:: Loading constants.rb
 INFO LOG: Apr_17_11:04:: Loading class_property.rb
 INFO LOG: Apr_17_11:04:: Loading tags.rb
 INFO LOG: Apr_17_11:04:: Loading editor/editors.rb
 INFO LOG: Apr_17_11:04:: Loading editor/editor.strings.rb
 INFO LOG: Apr_17_11:04:: Loading editor/editor.rooms.rb
 INFO LOG: Apr_17_11:04:: Loading editor/editor.exits.rb
 INFO LOG: Apr_17_11:04:: Loading editor/editor.zones.rb
 INFO LOG: Apr_17_11:04:: Loading editor/editor.npc.rb
 INFO LOG: Apr_17_11:04:: Loading editor/editor.items.rb
 INFO LOG: Apr_17_11:04:: Loading mxp.rb
 INFO LOG: Apr_17_11:04:: Loading mccp.rb
 INFO LOG: Apr_17_11:04:: Loading flags.rb
 INFO LOG: Apr_17_11:04:: Loading damage.rb
 INFO LOG: Apr_17_11:04:: Loading areas.rb
 INFO LOG: Apr_17_11:04:: Loading event.rb
 INFO LOG: Apr_17_11:04:: Loading automap/automap.rb
 INFO LOG: Apr_17_11:04:: Loading cities.olc.rb
 INFO LOG: Apr_17_11:04:: Loading cities.rb
 INFO LOG: Apr_17_11:04:: Loading sector definitions.
 INFO LOG: Apr_17_11:04:: Loading help.rb
 INFO LOG: Apr_17_11:04:: Loading imcruby.rb
 INFO LOG: Apr_17_11:04:: Loading player.rb
 INFO LOG: Apr_17_11:04:: Loading commands.rb
 INFO LOG: Apr_17_11:04:: Loading random.rb
 INFO LOG: Apr_17_11:04:: Loading npc.rb
 INFO LOG: Apr_17_11:04:: Loading items.rb
 INFO LOG: Apr_17_11:04:: Loading spells.rb
 INFO LOG: Apr_17_11:04:: Loading all zones.
 INFO LOG: Apr_17_11:04:: Starting server.
 INFO LOG: Apr_17_11:04:: CoralMUD is now up on port 4000.
 INFO LOG: Apr_17_11:04:: -- 99.191.82.191:59135 connected to CoralMUD!
 INFO LOG: Apr_17_11:04:: -- 99.191.82.191:59135: Retnur is trying to connect.
 INFO LOG: Apr_17_11:04:: -- 99.191.82.191:59135: Retnur player file found.
 INFO LOG: Apr_17_11:04:: -- Retnur has entered the game.
ERROR LOG: undefined method `text_to_player' for #<NPC:0x00000001d39cc0>
ERROR LOG: /home/heath/coral/lib/facade.rb:21:in `method_missing'
ERROR LOG: /home/heath/coral/lib/cities.rb:424:in `block in text_to_room'
ERROR LOG: /home/heath/coral/lib/cities.rb:424:in `each'
ERROR LOG: /home/heath/coral/lib/cities.rb:424:in `text_to_room'
ERROR LOG: /home/heath/coral/lib/cities.rb:159:in `enter'
ERROR LOG: /home/heath/coral/lib/commands/east.rb:16:in `cmd_east'
ERROR LOG: /home/heath/coral/lib/commands.rb:224:in `execute_command'
ERROR LOG: /home/heath/coral/core/socketengine.rb:160:in `handle_cmd_input'
ERROR LOG: /home/heath/coral/core/socketengine.rb:135:in `receive_data'
ERROR LOG: /usr/local/lib/ruby/gems/1.9.1/gems/eventmachine-0.12.8/lib/eventmachine.rb:242:in `run_machine'
ERROR LOG: /usr/local/lib/ruby/gems/1.9.1/gems/eventmachine-0.12.8/lib/eventmachine.rb:242:in `run'
ERROR LOG: coral.rb:162:in `<main>'
ERROR LOG: undefined method `exit_list' for nil:NilClass
ERROR LOG: /home/heath/coral/lib/commands/east.rb:4:in `cmd_east'
ERROR LOG: /home/heath/coral/lib/commands.rb:224:in `execute_command'
ERROR LOG: /home/heath/coral/core/socketengine.rb:160:in `handle_cmd_input'
ERROR LOG: /home/heath/coral/core/socketengine.rb:135:in `receive_data'
ERROR LOG: /usr/local/lib/ruby/gems/1.9.1/gems/eventmachine-0.12.8/lib/eventmachine.rb:242:in `run_machine'
ERROR LOG: /usr/local/lib/ruby/gems/1.9.1/gems/eventmachine-0.12.8/lib/eventmachine.rb:242:in `run'
ERROR LOG: coral.rb:162:in `<main>'
ERROR LOG: undefined method `exit_list' for nil:NilClass
ERROR LOG: /home/heath/coral/lib/commands/west.rb:5:in `cmd_west'
ERROR LOG: /home/heath/coral/lib/commands.rb:224:in `execute_command'
ERROR LOG: /home/heath/coral/core/socketengine.rb:160:in `handle_cmd_input'
ERROR LOG: /home/heath/coral/core/socketengine.rb:135:in `receive_data'
ERROR LOG: /usr/local/lib/ruby/gems/1.9.1/gems/eventmachine-0.12.8/lib/eventmachine.rb:242:in `run_machine'
ERROR LOG: /usr/local/lib/ruby/gems/1.9.1/gems/eventmachine-0.12.8/lib/eventmachine.rb:242:in `run'
ERROR LOG: coral.rb:162:in `<main>'
ERROR LOG: undefined method `exit_list' for nil:NilClass
ERROR LOG: /home/heath/coral/lib/commands/west.rb:5:in `cmd_west'
ERROR LOG: /home/heath/coral/lib/commands.rb:224:in `execute_command'
ERROR LOG: /home/heath/coral/core/socketengine.rb:160:in `handle_cmd_input'
ERROR LOG: /home/heath/coral/core/socketengine.rb:135:in `receive_data'
ERROR LOG: /usr/local/lib/ruby/gems/1.9.1/gems/eventmachine-0.12.8/lib/eventmachine.rb:242:in `run_machine'
ERROR LOG: /usr/local/lib/ruby/gems/1.9.1/gems/eventmachine-0.12.8/lib/eventmachine.rb:242:in `run'
ERROR LOG: coral.rb:162:in `<main>'
 INFO LOG: Apr_17_11:04:: -- #<Player:0x0000000211a8f8>:99.191.82.191:59135 disconnected from CoralMUD!
 INFO LOG: Apr_17_11:04:: Program closed.
 INFO LOG: Apr_17_11:04:: Logging enabled.   Loading logs.rb.
 INFO LOG: Apr_17_11:04:: Loading facade.rb
 INFO LOG: Apr_17_11:04:: Loading utils.rb
 INFO LOG: Apr_17_11:04:: Loading constants.rb
 INFO LOG: Apr_17_11:04:: Loading class_property.rb
 INFO LOG: Apr_17_11:04:: Loading tags.rb
 INFO LOG: Apr_17_11:04:: Loading editor/editors.rb
 INFO LOG: Apr_17_11:04:: Loading editor/editor.strings.rb
 INFO LOG: Apr_17_11:04:: Loading editor/editor.rooms.rb
 INFO LOG: Apr_17_11:04:: Loading editor/editor.exits.rb
 INFO LOG: Apr_17_11:04:: Loading editor/editor.zones.rb
 INFO LOG: Apr_17_11:04:: Loading editor/editor.npc.rb
 INFO LOG: Apr_17_11:04:: Loading editor/editor.items.rb
 INFO LOG: Apr_17_11:04:: Loading mxp.rb
 INFO LOG: Apr_17_11:04:: Loading mccp.rb
 INFO LOG: Apr_17_11:04:: Loading flags.rb
 INFO LOG: Apr_17_11:04:: Loading damage.rb
 INFO LOG: Apr_17_11:04:: Loading areas.rb
 INFO LOG: Apr_17_11:04:: Loading event.rb
 INFO LOG: Apr_17_11:04:: Loading automap/automap.rb
 INFO LOG: Apr_17_11:04:: Loading cities.olc.rb
 INFO LOG: Apr_17_11:04:: Loading cities.rb
 INFO LOG: Apr_17_11:04:: Loading sector definitions.
 INFO LOG: Apr_17_11:04:: Loading help.rb
 INFO LOG: Apr_17_11:04:: Loading imcruby.rb
 INFO LOG: Apr_17_11:04:: Loading player.rb
 INFO LOG: Apr_17_11:04:: Loading commands.rb
 INFO LOG: Apr_17_11:04:: Loading random.rb
 INFO LOG: Apr_17_11:04:: Loading npc.rb
 INFO LOG: Apr_17_11:04:: Loading items.rb
 INFO LOG: Apr_17_11:04:: Loading spells.rb
 INFO LOG: Apr_17_11:04:: Loading all zones.
 INFO LOG: Apr_17_11:04:: Starting server.
 INFO LOG: Apr_17_11:04:: CoralMUD is now up on port 4000.
 INFO LOG: Apr_17_11:04:: -- 99.191.82.191:50112 connected to CoralMUD!
 INFO LOG: Apr_17_11:04:: -- 99.191.82.191:50112: Retnur is trying to connect.
 INFO LOG: Apr_17_11:04:: -- 99.191.82.191:50112: Retnur player file found.
 INFO LOG: Apr_17_11:04:: -- Retnur has entered the game.
ERROR LOG: undefined method `text_to_player' for #<NPC:0x0000000221a7a8>
ERROR LOG: /home/heath/coral/lib/facade.rb:21:in `method_missing'
ERROR LOG: /home/heath/coral/lib/cities.rb:424:in `block in text_to_room'
ERROR LOG: /home/heath/coral/lib/cities.rb:424:in `each'
ERROR LOG: /home/heath/coral/lib/cities.rb:424:in `text_to_room'
ERROR LOG: /home/heath/coral/lib/cities.rb:159:in `enter'
ERROR LOG: /home/heath/coral/lib/commands/west.rb:17:in `cmd_west'
ERROR LOG: /home/heath/coral/lib/commands.rb:224:in `execute_command'
ERROR LOG: /home/heath/coral/core/socketengine.rb:160:in `handle_cmd_input'
ERROR LOG: /home/heath/coral/core/socketengine.rb:135:in `receive_data'
ERROR LOG: /usr/local/lib/ruby/gems/1.9.1/gems/eventmachine-0.12.8/lib/eventmachine.rb:242:in `run_machine'
ERROR LOG: /usr/local/lib/ruby/gems/1.9.1/gems/eventmachine-0.12.8/lib/eventmachine.rb:242:in `run'
ERROR LOG: coral.rb:162:in `<main>'
ERROR LOG: undefined method `exit_list' for nil:NilClass
ERROR LOG: /home/heath/coral/lib/commands/north.rb:4:in `cmd_north'
ERROR LOG: /home/heath/coral/lib/commands.rb:224:in `execute_command'
ERROR LOG: /home/heath/coral/core/socketengine.rb:160:in `handle_cmd_input'
ERROR LOG: /home/heath/coral/core/socketengine.rb:135:in `receive_data'
ERROR LOG: /usr/local/lib/ruby/gems/1.9.1/gems/eventmachine-0.12.8/lib/eventmachine.rb:242:in `run_machine'
ERROR LOG: /usr/local/lib/ruby/gems/1.9.1/gems/eventmachine-0.12.8/lib/eventmachine.rb:242:in `run'
ERROR LOG: coral.rb:162:in `<main>'
ERROR LOG: undefined method `each_bfs' for nil:NilClass
ERROR LOG: /home/heath/coral/lib/automap/automap.rb:24:in `build_map'
ERROR LOG: /home/heath/coral/lib/automap/automap.rb:9:in `initialize'
ERROR LOG: /home/heath/coral/lib/commands/look.rb:22:in `new'
ERROR LOG: /home/heath/coral/lib/commands/look.rb:22:in `cmd_look'
ERROR LOG: /home/heath/coral/lib/commands.rb:224:in `execute_command'
ERROR LOG: /home/heath/coral/core/socketengine.rb:160:in `handle_cmd_input'
ERROR LOG: /home/heath/coral/core/socketengine.rb:135:in `receive_data'
ERROR LOG: /usr/local/lib/ruby/gems/1.9.1/gems/eventmachine-0.12.8/lib/eventmachine.rb:242:in `run_machine'
ERROR LOG: /usr/local/lib/ruby/gems/1.9.1/gems/eventmachine-0.12.8/lib/eventmachine.rb:242:in `run'
ERROR LOG: coral.rb:162:in `<main>'
ERROR LOG: undefined method `each_bfs' for nil:NilClass
ERROR LOG: /home/heath/coral/lib/automap/automap.rb:24:in `build_map'
ERROR LOG: /home/heath/coral/lib/automap/automap.rb:9:in `initialize'
ERROR LOG: /home/heath/coral/lib/commands/look.rb:22:in `new'
ERROR LOG: /home/heath/coral/lib/commands/look.rb:22:in `cmd_look'
ERROR LOG: /home/heath/coral/lib/commands.rb:224:in `execute_command'
ERROR LOG: /home/heath/coral/core/socketengine.rb:160:in `handle_cmd_input'
ERROR LOG: /home/heath/coral/core/socketengine.rb:135:in `receive_data'
ERROR LOG: /usr/local/lib/ruby/gems/1.9.1/gems/eventmachine-0.12.8/lib/eventmachine.rb:242:in `run_machine'
ERROR LOG: /usr/local/lib/ruby/gems/1.9.1/gems/eventmachine-0.12.8/lib/eventmachine.rb:242:in `run'
ERROR LOG: coral.rb:162:in `<main>'
 INFO LOG: Apr_17_11:04:: -- #<Player:0x00000002758260>:99.191.82.191:50112 disconnected from CoralMUD!
 INFO LOG: Apr_17_11:04:: Program closed.
 INFO LOG: Apr_17_11:07:: Logging enabled.   Loading logs.rb.
 INFO LOG: Apr_17_11:07:: Loading facade.rb
 INFO LOG: Apr_17_11:07:: Loading utils.rb
 INFO LOG: Apr_17_11:07:: Loading constants.rb
 INFO LOG: Apr_17_11:07:: Loading class_property.rb
 INFO LOG: Apr_17_11:07:: Loading tags.rb
 INFO LOG: Apr_17_11:07:: Loading editor/editors.rb
 INFO LOG: Apr_17_11:07:: Loading editor/editor.strings.rb
 INFO LOG: Apr_17_11:07:: Loading editor/editor.rooms.rb
 INFO LOG: Apr_17_11:07:: Loading editor/editor.exits.rb
 INFO LOG: Apr_17_11:07:: Loading editor/editor.zones.rb
 INFO LOG: Apr_17_11:07:: Loading editor/editor.npc.rb
 INFO LOG: Apr_17_11:07:: Loading editor/editor.items.rb
 INFO LOG: Apr_17_11:07:: Loading mxp.rb
 INFO LOG: Apr_17_11:07:: Loading mccp.rb
 INFO LOG: Apr_17_11:07:: Loading flags.rb
 INFO LOG: Apr_17_11:07:: Loading damage.rb
 INFO LOG: Apr_17_11:07:: Loading areas.rb
 INFO LOG: Apr_17_11:07:: Loading event.rb
 INFO LOG: Apr_17_11:07:: Loading automap/automap.rb
 INFO LOG: Apr_17_11:07:: Loading cities.olc.rb
 INFO LOG: Apr_17_11:07:: Loading cities.rb
 INFO LOG: Apr_17_11:07:: Loading sector definitions.
 INFO LOG: Apr_17_11:07:: Loading help.rb
 INFO LOG: Apr_17_11:07:: Loading imcruby.rb
 INFO LOG: Apr_17_11:07:: Loading player.rb
 INFO LOG: Apr_17_11:07:: Loading commands.rb
 INFO LOG: Apr_17_11:07:: Loading random.rb
 INFO LOG: Apr_17_11:07:: Loading npc.rb
 INFO LOG: Apr_17_11:07:: Loading items.rb
 INFO LOG: Apr_17_11:07:: Loading spells.rb
 INFO LOG: Apr_17_11:07:: Loading all zones.
 INFO LOG: Apr_17_11:07:: Starting server.
 INFO LOG: Apr_17_11:07:: CoralMUD is now up on port 4000.
 INFO LOG: Apr_17_11:07:: -- 99.191.82.191:43247 connected to CoralMUD!
 INFO LOG: Apr_17_11:07:: -- 99.191.82.191:43247: Retnur is trying to connect.
 INFO LOG: Apr_17_11:07:: -- 99.191.82.191:43247: Retnur player file found.
 INFO LOG: Apr_17_11:07:: -- Retnur has entered the game.
 INFO LOG: Apr_17_11:09:: tick!!!
 INFO LOG: Apr_17_11:11:: tick!!!
 INFO LOG: Apr_17_11:13:: tick!!!
 INFO LOG: Apr_17_11:15:: tick!!!
 INFO LOG: Apr_17_11:17:: tick!!!
 INFO LOG: Apr_17_11:19:: tick!!!
 INFO LOG: Apr_17_11:19:: Loading npc.rb
 INFO LOG: Apr_17_11:19:: -- #<Player:0x000000019e13c0>:99.191.82.191:43247 disconnected from CoralMUD!
 INFO LOG: Apr_17_11:19:: Program closed.
 INFO LOG: Apr_17_11:2: Logging enabled.   Loading logs.rb.
 INFO LOG: Apr_17_11:2: Loading facade.rb
 INFO LOG: Apr_17_11:2: Loading utils.rb
 INFO LOG: Apr_17_11:2: Loading constants.rb
 INFO LOG: Apr_17_11:2: Loading class_property.rb
 INFO LOG: Apr_17_11:2: Loading tags.rb
 INFO LOG: Apr_17_11:2: Loading editor/editors.rb
 INFO LOG: Apr_17_11:2: Loading editor/editor.strings.rb
 INFO LOG: Apr_17_11:2: Loading editor/editor.rooms.rb
 INFO LOG: Apr_17_11:2: Loading editor/editor.exits.rb
 INFO LOG: Apr_17_11:2: Loading editor/editor.zones.rb
 INFO LOG: Apr_17_11:2: Loading editor/editor.npc.rb
 INFO LOG: Apr_17_11:2: Loading editor/editor.items.rb
 INFO LOG: Apr_17_11:2: Loading mxp.rb
 INFO LOG: Apr_17_11:2: Loading mccp.rb
 INFO LOG: Apr_17_11:2: Loading flags.rb
 INFO LOG: Apr_17_11:2: Loading damage.rb
 INFO LOG: Apr_17_11:2: Loading areas.rb
 INFO LOG: Apr_17_11:2: Loading event.rb
 INFO LOG: Apr_17_11:2: Loading automap/automap.rb
 INFO LOG: Apr_17_11:2: Loading cities.olc.rb
 INFO LOG: Apr_17_11:2: Loading cities.rb
 INFO LOG: Apr_17_11:2: Loading sector definitions.
 INFO LOG: Apr_17_11:2: Loading help.rb
 INFO LOG: Apr_17_11:2: Loading imcruby.rb
 INFO LOG: Apr_17_11:2: Loading player.rb
 INFO LOG: Apr_17_11:2: Loading commands.rb
 INFO LOG: Apr_17_11:2: Loading random.rb
 INFO LOG: Apr_17_11:2: Loading npc.rb
 INFO LOG: Apr_17_11:2: Loading items.rb
 INFO LOG: Apr_17_11:2: Loading spells.rb
 INFO LOG: Apr_17_11:2: Loading all zones.
 INFO LOG: Apr_17_11:2: Starting server.
 INFO LOG: Apr_17_11:2: CoralMUD is now up on port 4000.
 INFO LOG: Apr_17_11:2: -- 99.191.82.191:53513 connected to CoralMUD!
 INFO LOG: Apr_17_11:2: -- 99.191.82.191:53513: Retnur is trying to connect.
 INFO LOG: Apr_17_11:2: -- 99.191.82.191:53513: Retnur player file found.
 INFO LOG: Apr_17_11:2: -- Retnur has entered the game.
 INFO LOG: Apr_17_11:2: tick!!!
 INFO LOG: Apr_17_11:2: tick!!!
 INFO LOG: Apr_17_11:2: Loading player.rb
 INFO LOG: Apr_17_11:2: -- #<Player:0x00000001988540>:99.191.82.191:53513 disconnected from CoralMUD!
 INFO LOG: Apr_17_11:2: Logging enabled.   Loading logs.rb.
 INFO LOG: Apr_17_11:2: Loading facade.rb
 INFO LOG: Apr_17_11:2: Loading utils.rb
 INFO LOG: Apr_17_11:2: Loading constants.rb
 INFO LOG: Apr_17_11:2: Loading class_property.rb
 INFO LOG: Apr_17_11:2: Loading tags.rb
 INFO LOG: Apr_17_11:2: Loading editor/editors.rb
 INFO LOG: Apr_17_11:2: Loading editor/editor.strings.rb
 INFO LOG: Apr_17_11:2: Loading editor/editor.rooms.rb
 INFO LOG: Apr_17_11:2: Loading editor/editor.exits.rb
 INFO LOG: Apr_17_11:2: Loading editor/editor.zones.rb
 INFO LOG: Apr_17_11:2: Loading editor/editor.npc.rb
 INFO LOG: Apr_17_11:2: Loading editor/editor.items.rb
 INFO LOG: Apr_17_11:2: Loading mxp.rb
 INFO LOG: Apr_17_11:2: Loading mccp.rb
 INFO LOG: Apr_17_11:2: Loading flags.rb
 INFO LOG: Apr_17_11:2: Loading damage.rb
 INFO LOG: Apr_17_11:2: Loading areas.rb
 INFO LOG: Apr_17_11:2: Loading event.rb
 INFO LOG: Apr_17_11:2: Loading automap/automap.rb
 INFO LOG: Apr_17_11:2: Loading cities.olc.rb
 INFO LOG: Apr_17_11:2: Loading cities.rb
 INFO LOG: Apr_17_11:2: Loading sector definitions.
 INFO LOG: Apr_17_11:2: Loading help.rb
 INFO LOG: Apr_17_11:2: Loading imcruby.rb
 INFO LOG: Apr_17_11:2: Loading player.rb
 INFO LOG: Apr_17_11:2: Loading commands.rb
 INFO LOG: Apr_17_11:2: Loading random.rb
 INFO LOG: Apr_17_11:2: Loading npc.rb
 INFO LOG: Apr_17_11:2: Loading items.rb
 INFO LOG: Apr_17_11:2: Loading spells.rb
 INFO LOG: Apr_17_11:2: Loading all zones.
 INFO LOG: Apr_17_11:2: Starting server.
 INFO LOG: Apr_17_11:2: CoralMUD is now up on port 4000.
 INFO LOG: Apr_17_11:2: -- 99.191.82.191:36871 connected to CoralMUD!
 INFO LOG: Apr_17_11:2: -- 99.191.82.191:36871: Retnur is trying to connect.
 INFO LOG: Apr_17_11:2: -- 99.191.82.191:36871: Retnur player file found.
 INFO LOG: Apr_17_11:2: -- Retnur has entered the game.
 INFO LOG: Apr_17_11:2: tick!!!
 INFO LOG: Apr_17_11:3: tick!!!
 INFO LOG: Apr_17_11:3: Loading npc.rb
 INFO LOG: Apr_17_11:3: -- #<Player:0x000000025c58f8>:99.191.82.191:36871 disconnected from CoralMUD!
 INFO LOG: Apr_17_11:3: Program closed.
 INFO LOG: Apr_17_11:3: Logging enabled.   Loading logs.rb.
 INFO LOG: Apr_17_11:3: Loading facade.rb
 INFO LOG: Apr_17_11:3: Loading utils.rb
 INFO LOG: Apr_17_11:3: Loading constants.rb
 INFO LOG: Apr_17_11:3: Loading class_property.rb
 INFO LOG: Apr_17_11:3: Loading tags.rb
 INFO LOG: Apr_17_11:3: Loading editor/editors.rb
 INFO LOG: Apr_17_11:3: Loading editor/editor.strings.rb
 INFO LOG: Apr_17_11:3: Loading editor/editor.rooms.rb
 INFO LOG: Apr_17_11:3: Loading editor/editor.exits.rb
 INFO LOG: Apr_17_11:3: Loading editor/editor.zones.rb
 INFO LOG: Apr_17_11:3: Loading editor/editor.npc.rb
 INFO LOG: Apr_17_11:3: Loading editor/editor.items.rb
 INFO LOG: Apr_17_11:3: Loading mxp.rb
 INFO LOG: Apr_17_11:3: Loading mccp.rb
 INFO LOG: Apr_17_11:3: Loading flags.rb
 INFO LOG: Apr_17_11:3: Loading damage.rb
 INFO LOG: Apr_17_11:3: Loading areas.rb
 INFO LOG: Apr_17_11:3: Loading event.rb
 INFO LOG: Apr_17_11:3: Loading automap/automap.rb
 INFO LOG: Apr_17_11:3: Loading cities.olc.rb
 INFO LOG: Apr_17_11:3: Loading cities.rb
 INFO LOG: Apr_17_11:3: Loading sector definitions.
 INFO LOG: Apr_17_11:3: Loading help.rb
 INFO LOG: Apr_17_11:3: Loading imcruby.rb
 INFO LOG: Apr_17_11:3: Loading player.rb
 INFO LOG: Apr_17_11:3: Loading commands.rb
 INFO LOG: Apr_17_11:3: Loading random.rb
 INFO LOG: Apr_17_11:3: Loading npc.rb
 INFO LOG: Apr_17_11:3: Loading items.rb
 INFO LOG: Apr_17_11:3: Loading spells.rb
 INFO LOG: Apr_17_11:3: Loading all zones.
 INFO LOG: Apr_17_11:3: Starting server.
 INFO LOG: Apr_17_11:3: CoralMUD is now up on port 4000.
 INFO LOG: Apr_17_11:3: -- 99.191.82.191:53908 connected to CoralMUD!
 INFO LOG: Apr_17_11:3: -- 99.191.82.191:53908: Retnur is trying to connect.
 INFO LOG: Apr_17_11:3: -- 99.191.82.191:53908: Retnur player file found.
 INFO LOG: Apr_17_11:3: -- Retnur has entered the game.
 INFO LOG: Apr_17_11:3: Loading npc.rb
 INFO LOG: Apr_17_11:3: tick!!!
 INFO LOG: Apr_17_11:3: tick!!!
 INFO LOG: Apr_17_11:3: Loading cities.rb
 INFO LOG: Apr_17_11:3: Loading sector definitions.
 INFO LOG: Apr_17_11:3: tick!!!
 INFO LOG: Apr_17_11:4: tick!!!
 INFO LOG: Apr_17_11:4: tick!!!
 INFO LOG: Apr_17_11:4: tick!!!
 INFO LOG: Apr_17_11:4: tick!!!
 INFO LOG: Apr_17_11:4: tick!!!
 INFO LOG: Apr_17_11:5: tick!!!
 INFO LOG: Apr_17_11:5: tick!!!
 INFO LOG: Apr_17_11:5: tick!!!
 INFO LOG: Apr_17_11:5: tick!!!
 INFO LOG: Apr_17_11:5: tick!!!
 INFO LOG: Apr_17_12:0: tick!!!
 INFO LOG: Apr_17_12:0: tick!!!
 INFO LOG: Apr_17_12:0: tick!!!
 INFO LOG: Apr_17_12:0: tick!!!
 INFO LOG: Apr_17_12:0: tick!!!
 INFO LOG: Apr_17_12:1: tick!!!
 INFO LOG: Apr_17_12:1: tick!!!
 INFO LOG: Apr_17_12:1: tick!!!
 INFO LOG: Apr_17_12:1: tick!!!
 INFO LOG: Apr_17_12:1: tick!!!
 INFO LOG: Apr_17_12:2: tick!!!
 INFO LOG: Apr_17_12:2: tick!!!
 INFO LOG: Apr_17_12:2: tick!!!
 INFO LOG: Apr_17_12:2: tick!!!
 INFO LOG: Apr_17_12:2: tick!!!
 INFO LOG: Apr_17_12:3: tick!!!
 INFO LOG: Apr_17_12:3: tick!!!
 INFO LOG: Apr_17_12:3: tick!!!
 INFO LOG: Apr_17_12:3: tick!!!
 INFO LOG: Apr_17_12:3: tick!!!
 INFO LOG: Apr_17_12:4: tick!!!
 INFO LOG: Apr_17_12:4: tick!!!
 INFO LOG: Apr_17_12:4: tick!!!
 INFO LOG: Apr_17_12:4: tick!!!
 INFO LOG: Apr_17_12:4: Loading npc.rb
 INFO LOG: Apr_17_12:4: -- #<Player:0x00000002d79478>:99.191.82.191:53908 disconnected from CoralMUD!
 INFO LOG: Apr_17_12:4: Program closed.
 INFO LOG: Apr_17_12:4: Logging enabled.   Loading logs.rb.
 INFO LOG: Apr_17_12:4: Loading facade.rb
 INFO LOG: Apr_17_12:4: Loading utils.rb
 INFO LOG: Apr_17_12:4: Loading constants.rb
 INFO LOG: Apr_17_12:4: Loading class_property.rb
 INFO LOG: Apr_17_12:4: Loading tags.rb
 INFO LOG: Apr_17_12:4: Loading editor/editors.rb
 INFO LOG: Apr_17_12:4: Loading editor/editor.strings.rb
 INFO LOG: Apr_17_12:4: Loading editor/editor.rooms.rb
 INFO LOG: Apr_17_12:4: Loading editor/editor.exits.rb
 INFO LOG: Apr_17_12:4: Loading editor/editor.zones.rb
 INFO LOG: Apr_17_12:4: Loading editor/editor.npc.rb
 INFO LOG: Apr_17_12:4: Loading editor/editor.items.rb
 INFO LOG: Apr_17_12:4: Loading mxp.rb
 INFO LOG: Apr_17_12:4: Loading mccp.rb
 INFO LOG: Apr_17_12:4: Loading flags.rb
 INFO LOG: Apr_17_12:4: Loading damage.rb
 INFO LOG: Apr_17_12:4: Loading areas.rb
 INFO LOG: Apr_17_12:4: Loading event.rb
 INFO LOG: Apr_17_12:4: Loading automap/automap.rb
 INFO LOG: Apr_17_12:4: Loading cities.olc.rb
 INFO LOG: Apr_17_12:4: Loading cities.rb
 INFO LOG: Apr_17_12:4: Loading sector definitions.
 INFO LOG: Apr_17_12:4: Loading help.rb
 INFO LOG: Apr_17_12:4: Loading imcruby.rb
 INFO LOG: Apr_17_12:4: Loading player.rb
 INFO LOG: Apr_17_12:4: Loading commands.rb
 INFO LOG: Apr_17_12:4: Loading random.rb
 INFO LOG: Apr_17_12:4: Loading npc.rb
 INFO LOG: Apr_17_12:4: Loading items.rb
 INFO LOG: Apr_17_12:4: Loading spells.rb
 INFO LOG: Apr_17_12:4: Loading all zones.
 INFO LOG: Apr_17_12:4: Starting server.
 INFO LOG: Apr_17_12:4: CoralMUD is now up on port 4000.
 INFO LOG: Apr_17_13:5: Logging enabled.   Loading logs.rb.
 INFO LOG: Apr_17_13:5: Loading facade.rb
 INFO LOG: Apr_17_13:5: Loading utils.rb
 INFO LOG: Apr_17_13:5: Loading constants.rb
 INFO LOG: Apr_17_13:5: Loading class_property.rb
 INFO LOG: Apr_17_13:5: Loading tags.rb
 INFO LOG: Apr_17_13:5: Loading editor/editors.rb
 INFO LOG: Apr_17_13:5: Loading editor/editor.strings.rb
 INFO LOG: Apr_17_13:5: Loading editor/editor.rooms.rb
 INFO LOG: Apr_17_13:5: Loading editor/editor.exits.rb
 INFO LOG: Apr_17_13:5: Loading editor/editor.zones.rb
 INFO LOG: Apr_17_13:5: Loading editor/editor.npc.rb
 INFO LOG: Apr_17_13:5: Loading editor/editor.items.rb
 INFO LOG: Apr_17_13:5: Loading mxp.rb
 INFO LOG: Apr_17_13:5: Loading mccp.rb
 INFO LOG: Apr_17_13:5: Loading flags.rb
 INFO LOG: Apr_17_13:5: Loading damage.rb
 INFO LOG: Apr_17_13:5: Loading areas.rb
 INFO LOG: Apr_17_13:5: Loading event.rb
 INFO LOG: Apr_17_13:5: Loading automap/automap.rb
 INFO LOG: Apr_17_13:5: Loading cities.olc.rb
 INFO LOG: Apr_17_13:5: Loading cities.rb
 INFO LOG: Apr_17_13:5: Loading sector definitions.
 INFO LOG: Apr_17_13:5: Loading help.rb
 INFO LOG: Apr_17_13:5: Loading imcruby.rb
 INFO LOG: Apr_17_13:5: Loading player.rb
 INFO LOG: Apr_17_13:5: Loading commands.rb
 INFO LOG: Apr_17_13:5: Loading random.rb
 INFO LOG: Apr_17_13:5: Loading npc.rb
 INFO LOG: Apr_17_13:5: Loading items.rb
 INFO LOG: Apr_17_13:5: Loading spells.rb
 INFO LOG: Apr_17_13:5: Loading all zones.
 INFO LOG: Apr_17_13:5: Starting server.
 INFO LOG: Apr_17_13:5: CoralMUD is now up on port 4000.
 INFO LOG: Apr_17_13:5: -- 99.191.82.191:37082 connected to CoralMUD!
 INFO LOG: Apr_17_13:5: -- 99.191.82.191:37082: (retnur') Invalid name in character creation.
 INFO LOG: Apr_17_13:5: -- 99.191.82.191:37082: Retnur is trying to connect.
 INFO LOG: Apr_17_13:5: -- 99.191.82.191:37082: Retnur player file found.
 INFO LOG: Apr_17_13:5: -- Retnur has entered the game.
 INFO LOG: Apr_17_13:5: tick!!!
 INFO LOG: Apr_17_13:5: tick!!!
 INFO LOG: Apr_17_13:5: tick!!!
 INFO LOG: Apr_17_13:5: tick!!!
 INFO LOG: Apr_17_14:0: tick!!!
 INFO LOG: Apr_17_14:0: tick!!!
 INFO LOG: Apr_17_14:0: tick!!!
 INFO LOG: Apr_17_14:0: tick!!!
 INFO LOG: Apr_17_14:0: tick!!!
 INFO LOG: Apr_17_14:1: tick!!!
 INFO LOG: Apr_17_14:1: tick!!!
 INFO LOG: Apr_17_14:1: tick!!!
 INFO LOG: Apr_17_14:1: tick!!!
 INFO LOG: Apr_17_14:1: tick!!!
 INFO LOG: Apr_17_14:2: tick!!!
 INFO LOG: Apr_17_14:2: tick!!!
 INFO LOG: Apr_17_14:2: tick!!!
 INFO LOG: Apr_17_14:2: tick!!!
 INFO LOG: Apr_17_14:2: tick!!!
 INFO LOG: Apr_17_14:3: tick!!!
 INFO LOG: Apr_17_14:3: tick!!!
 INFO LOG: Apr_17_14:3: tick!!!
 INFO LOG: Apr_17_14:3: tick!!!
 INFO LOG: Apr_17_14:3: tick!!!
 INFO LOG: Apr_17_14:4: tick!!!
 INFO LOG: Apr_17_14:4: tick!!!
 INFO LOG: Apr_17_14:4: tick!!!
 INFO LOG: Apr_17_14:4: tick!!!
 INFO LOG: Apr_17_14:4: tick!!!
 INFO LOG: Apr_17_14:5: tick!!!
 INFO LOG: Apr_17_14:5: tick!!!
 INFO LOG: Apr_17_14:5: tick!!!
 INFO LOG: Apr_17_14:5: tick!!!
 INFO LOG: Apr_17_14:5: tick!!!
 INFO LOG: Apr_17_15:0: tick!!!
 INFO LOG: Apr_17_15:0: tick!!!
 INFO LOG: Apr_17_15:0: tick!!!
 INFO LOG: Apr_17_15:0: tick!!!
 INFO LOG: Apr_17_15:0: tick!!!
 INFO LOG: Apr_17_15:1: tick!!!
 INFO LOG: Apr_17_15:1: tick!!!
 INFO LOG: Apr_17_15:1: tick!!!
 INFO LOG: Apr_17_15:1: tick!!!
 INFO LOG: Apr_17_15:1: tick!!!
 INFO LOG: Apr_17_15:2: tick!!!
 INFO LOG: Apr_17_15:2: tick!!!
 INFO LOG: Apr_17_15:2: tick!!!
 INFO LOG: Apr_17_15:2: tick!!!
 INFO LOG: Apr_17_15:2: tick!!!
 INFO LOG: Apr_17_15:3: tick!!!
 INFO LOG: Apr_17_15:3: tick!!!
 INFO LOG: Apr_17_15:3: tick!!!
 INFO LOG: Apr_17_15:3: tick!!!
 INFO LOG: Apr_17_15:3: tick!!!
 INFO LOG: Apr_17_15:4: tick!!!
 INFO LOG: Apr_17_15:4: tick!!!
 INFO LOG: Apr_17_15:4: tick!!!
 INFO LOG: Apr_17_15:4: tick!!!
 INFO LOG: Apr_17_15:4: tick!!!
 INFO LOG: Apr_17_15:5: tick!!!
 INFO LOG: Apr_17_15:5: tick!!!
 INFO LOG: Apr_17_15:5: tick!!!
 INFO LOG: Apr_17_15:5: tick!!!
 INFO LOG: Apr_17_15:5: tick!!!
 INFO LOG: Apr_17_16:0: tick!!!
 INFO LOG: Apr_17_16:0: tick!!!
 INFO LOG: Apr_17_16:0: tick!!!
 INFO LOG: Apr_17_16:0: tick!!!
 INFO LOG: Apr_17_16:0: tick!!!
 INFO LOG: Apr_17_16:1: tick!!!
 INFO LOG: Apr_17_16:1: tick!!!
 INFO LOG: Apr_17_16:1: tick!!!
 INFO LOG: Apr_17_16:1: tick!!!
 INFO LOG: Apr_17_16:1: tick!!!
 INFO LOG: Apr_17_16:2: tick!!!
 INFO LOG: Apr_17_16:2: tick!!!
 INFO LOG: Apr_17_16:2: tick!!!
 INFO LOG: Apr_17_16:2: tick!!!
 INFO LOG: Apr_17_16:2: tick!!!
 INFO LOG: Apr_17_16:3: tick!!!
 INFO LOG: Apr_17_16:3: tick!!!
 INFO LOG: Apr_17_16:3: tick!!!
 INFO LOG: Apr_17_16:3: tick!!!
 INFO LOG: Apr_17_16:3: tick!!!
 INFO LOG: Apr_17_16:4: tick!!!
 INFO LOG: Apr_17_16:4: tick!!!
 INFO LOG: Apr_17_16:4: tick!!!
 INFO LOG: Apr_17_16:4: tick!!!
 INFO LOG: Apr_17_16:4: tick!!!
 INFO LOG: Apr_17_16:5: tick!!!
 INFO LOG: Apr_17_16:5: tick!!!
 INFO LOG: Apr_17_16:5: tick!!!
 INFO LOG: Apr_17_16:5: tick!!!
 INFO LOG: Apr_17_16:5: tick!!!
 INFO LOG: Apr_17_17:0: tick!!!
 INFO LOG: Apr_17_17:0: tick!!!
 INFO LOG: Apr_17_17:0: tick!!!
 INFO LOG: Apr_17_17:0: tick!!!
 INFO LOG: Apr_17_17:0: tick!!!
 INFO LOG: Apr_17_17:1: tick!!!
 INFO LOG: Apr_17_17:1: tick!!!
 INFO LOG: Apr_17_17:1: tick!!!
 INFO LOG: Apr_17_17:1: tick!!!
 INFO LOG: Apr_17_17:1: tick!!!
 INFO LOG: Apr_17_17:2: tick!!!
 INFO LOG: Apr_17_17:2: tick!!!
 INFO LOG: Apr_17_17:2: tick!!!
 INFO LOG: Apr_17_17:2: tick!!!
 INFO LOG: Apr_17_17:2: tick!!!
 INFO LOG: Apr_17_17:3: tick!!!
 INFO LOG: Apr_17_17:3: tick!!!
 INFO LOG: Apr_17_17:3: tick!!!
 INFO LOG: Apr_17_17:3: tick!!!
 INFO LOG: Apr_17_17:3: tick!!!
 INFO LOG: Apr_17_17:4: tick!!!
 INFO LOG: Apr_17_17:4: tick!!!
 INFO LOG: Apr_17_17:4: tick!!!
 INFO LOG: Apr_17_17:4: tick!!!
 INFO LOG: Apr_17_17:4: tick!!!
 INFO LOG: Apr_17_17:5: tick!!!
 INFO LOG: Apr_17_17:5: tick!!!
 INFO LOG: Apr_17_17:5: tick!!!
 INFO LOG: Apr_17_17:5: tick!!!
 INFO LOG: Apr_17_17:5: tick!!!
 INFO LOG: Apr_17_18:0: tick!!!
 INFO LOG: Apr_17_18:0: tick!!!
 INFO LOG: Apr_17_18:0: tick!!!
 INFO LOG: Apr_17_18:0: tick!!!
 INFO LOG: Apr_17_18:0: tick!!!
 INFO LOG: Apr_17_18:1: tick!!!
 INFO LOG: Apr_17_18:1: tick!!!
 INFO LOG: Apr_17_18:1: tick!!!
 INFO LOG: Apr_17_18:1: tick!!!
 INFO LOG: Apr_17_18:1: tick!!!
 INFO LOG: Apr_17_18:2: tick!!!
 INFO LOG: Apr_17_18:2: tick!!!
 INFO LOG: Apr_17_18:2: tick!!!
 INFO LOG: Apr_17_18:2: tick!!!
 INFO LOG: Apr_17_18:2: tick!!!
 INFO LOG: Apr_17_18:3: tick!!!
 INFO LOG: Apr_17_18:3: tick!!!
 INFO LOG: Apr_17_18:3: tick!!!
 INFO LOG: Apr_17_18:3: tick!!!
 INFO LOG: Apr_17_18:3: tick!!!
 INFO LOG: Apr_17_18:4: tick!!!
 INFO LOG: Apr_17_18:4: tick!!!
 INFO LOG: Apr_17_18:4: tick!!!
 INFO LOG: Apr_17_18:4: tick!!!
 INFO LOG: Apr_17_18:4: tick!!!
 INFO LOG: Apr_17_18:5: tick!!!
 INFO LOG: Apr_17_18:5: tick!!!
 INFO LOG: Apr_17_18:5: tick!!!
 INFO LOG: Apr_17_18:5: tick!!!
 INFO LOG: Apr_17_18:5: tick!!!
 INFO LOG: Apr_17_19:0: tick!!!
 INFO LOG: Apr_17_19:0: tick!!!
 INFO LOG: Apr_17_19:0: tick!!!
 INFO LOG: Apr_17_19:0: tick!!!
 INFO LOG: Apr_17_19:0: tick!!!
 INFO LOG: Apr_17_19:1: tick!!!
 INFO LOG: Apr_17_19:1: tick!!!
 INFO LOG: Apr_17_19:1: tick!!!
 INFO LOG: Apr_17_19:1: tick!!!
 INFO LOG: Apr_17_19:1: tick!!!
 INFO LOG: Apr_17_19:2: tick!!!
 INFO LOG: Apr_17_19:2: tick!!!
 INFO LOG: Apr_17_19:2: tick!!!
 INFO LOG: Apr_17_19:2: tick!!!
 INFO LOG: Apr_17_19:2: tick!!!
 INFO LOG: Apr_17_19:3: tick!!!
 INFO LOG: Apr_17_19:3: tick!!!
 INFO LOG: Apr_17_19:3: tick!!!
 INFO LOG: Apr_17_19:3: tick!!!
 INFO LOG: Apr_17_19:3: tick!!!
 INFO LOG: Apr_17_19:4: tick!!!
 INFO LOG: Apr_17_19:4: tick!!!
 INFO LOG: Apr_17_19:4: tick!!!
 INFO LOG: Apr_17_19:4: tick!!!
 INFO LOG: Apr_17_19:4: tick!!!
 INFO LOG: Apr_17_19:5: tick!!!
 INFO LOG: Apr_17_19:5: tick!!!
 INFO LOG: Apr_17_19:5: tick!!!
 INFO LOG: Apr_17_19:5: tick!!!
 INFO LOG: Apr_17_19:5: tick!!!
 INFO LOG: Apr_17_20:0: tick!!!
 INFO LOG: Apr_17_20:0: tick!!!
 INFO LOG: Apr_17_20:0: tick!!!
 INFO LOG: Apr_17_20:0: tick!!!
 INFO LOG: Apr_17_20:0: tick!!!
 INFO LOG: Apr_17_20:1: tick!!!
 INFO LOG: Apr_17_20:1: tick!!!
 INFO LOG: Apr_17_20:1: tick!!!
 INFO LOG: Apr_17_20:1: tick!!!
 INFO LOG: Apr_17_20:1: tick!!!
 INFO LOG: Apr_17_20:2: tick!!!
 INFO LOG: Apr_17_20:2: tick!!!
 INFO LOG: Apr_17_20:2: tick!!!
 INFO LOG: Apr_17_20:2: tick!!!
 INFO LOG: Apr_17_20:2: tick!!!
 INFO LOG: Apr_17_20:3: tick!!!
 INFO LOG: Apr_17_20:3: tick!!!
 INFO LOG: Apr_17_20:3: tick!!!
 INFO LOG: Apr_17_20:3: tick!!!
 INFO LOG: Apr_17_20:3: tick!!!
 INFO LOG: Apr_17_20:4: tick!!!
 INFO LOG: Apr_17_20:4: tick!!!
 INFO LOG: Apr_17_20:4: tick!!!
 INFO LOG: Apr_17_20:4: tick!!!
 INFO LOG: Apr_17_20:4: tick!!!
 INFO LOG: Apr_17_20:5: tick!!!
 INFO LOG: Apr_17_20:5: tick!!!
 INFO LOG: Apr_17_20:5: tick!!!
 INFO LOG: Apr_17_20:5: tick!!!
 INFO LOG: Apr_17_20:5: tick!!!
 INFO LOG: Apr_17_21:0: tick!!!
 INFO LOG: Apr_17_21:0: tick!!!
 INFO LOG: Apr_17_21:0: tick!!!
 INFO LOG: Apr_17_21:0: tick!!!
 INFO LOG: Apr_17_21:0: tick!!!
 INFO LOG: Apr_17_21:1: tick!!!
 INFO LOG: Apr_17_21:1: tick!!!
 INFO LOG: Apr_17_21:1: tick!!!
 INFO LOG: Apr_17_21:1: tick!!!
 INFO LOG: Apr_17_21:1: tick!!!
 INFO LOG: Apr_17_21:2: tick!!!
 INFO LOG: Apr_17_21:2: tick!!!
 INFO LOG: Apr_17_21:2: tick!!!
 INFO LOG: Apr_17_21:2: tick!!!
 INFO LOG: Apr_17_21:2: tick!!!
 INFO LOG: Apr_17_21:3: tick!!!
 INFO LOG: Apr_17_21:3: tick!!!
 INFO LOG: Apr_17_21:3: tick!!!
 INFO LOG: Apr_17_21:3: tick!!!
 INFO LOG: Apr_17_21:3: tick!!!
 INFO LOG: Apr_17_21:4: tick!!!
 INFO LOG: Apr_17_21:4: tick!!!
 INFO LOG: Apr_17_21:4: tick!!!
 INFO LOG: Apr_17_21:4: tick!!!
 INFO LOG: Apr_17_21:4: tick!!!
 INFO LOG: Apr_17_21:5: tick!!!
 INFO LOG: Apr_17_21:5: tick!!!
 INFO LOG: Apr_17_21:5: tick!!!
 INFO LOG: Apr_17_21:5: tick!!!
 INFO LOG: Apr_17_21:5: tick!!!
 INFO LOG: Apr_17_22:0: tick!!!
 INFO LOG: Apr_17_22:0: tick!!!
 INFO LOG: Apr_17_22:0: tick!!!
 INFO LOG: Apr_17_22:0: tick!!!
 INFO LOG: Apr_17_22:0: tick!!!
 INFO LOG: Apr_17_22:1: tick!!!
 INFO LOG: Apr_17_22:1: tick!!!
 INFO LOG: Apr_17_22:1: tick!!!
 INFO LOG: Apr_17_22:1: tick!!!
 INFO LOG: Apr_17_22:1: tick!!!
 INFO LOG: Apr_17_22:2: tick!!!
 INFO LOG: Apr_17_22:2: tick!!!
 INFO LOG: Apr_17_22:2: tick!!!
 INFO LOG: Apr_17_22:2: tick!!!
 INFO LOG: Apr_17_22:2: tick!!!
 INFO LOG: Apr_17_22:3: tick!!!
 INFO LOG: Apr_17_22:3: tick!!!
 INFO LOG: Apr_17_22:3: tick!!!
 INFO LOG: Apr_17_22:3: tick!!!
 INFO LOG: Apr_17_22:3: tick!!!
 INFO LOG: Apr_17_22:4: tick!!!
 INFO LOG: Apr_17_22:4: tick!!!
 INFO LOG: Apr_17_22:4: tick!!!
 INFO LOG: Apr_17_22:4: tick!!!
 INFO LOG: Apr_17_22:4: tick!!!
 INFO LOG: Apr_17_22:5: tick!!!
 INFO LOG: Apr_17_22:5: tick!!!
 INFO LOG: Apr_17_22:5: tick!!!
 INFO LOG: Apr_17_22:5: tick!!!
 INFO LOG: Apr_17_22:5: tick!!!
 INFO LOG: Apr_17_23:0: tick!!!
 INFO LOG: Apr_17_23:0: tick!!!
 INFO LOG: Apr_17_23:0: tick!!!
 INFO LOG: Apr_17_23:0: tick!!!
 INFO LOG: Apr_17_23:0: tick!!!
 INFO LOG: Apr_17_23:1: tick!!!
 INFO LOG: Apr_17_23:1: tick!!!
 INFO LOG: Apr_17_23:1: tick!!!
 INFO LOG: Apr_17_23:1: tick!!!
 INFO LOG: Apr_17_23:1: tick!!!
 INFO LOG: Apr_17_23:2: tick!!!
 INFO LOG: Apr_17_23:2: tick!!!
 INFO LOG: Apr_17_23:2: tick!!!
 INFO LOG: Apr_17_23:2: tick!!!
 INFO LOG: Apr_17_23:2: tick!!!
 INFO LOG: Apr_17_23:3: tick!!!
 INFO LOG: Apr_17_23:3: tick!!!
 INFO LOG: Apr_17_23:3: tick!!!
 INFO LOG: Apr_17_23:3: tick!!!
 INFO LOG: Apr_17_23:3: tick!!!
 INFO LOG: Apr_17_23:4: tick!!!
 INFO LOG: Apr_17_23:4: tick!!!
 INFO LOG: Apr_17_23:4: tick!!!
 INFO LOG: Apr_17_23:4: tick!!!
 INFO LOG: Apr_17_23:4: tick!!!
 INFO LOG: Apr_17_23:5: tick!!!
 INFO LOG: Apr_17_23:5: tick!!!
 INFO LOG: Apr_17_23:5: tick!!!
 INFO LOG: Apr_17_23:5: tick!!!
 INFO LOG: Apr_17_23:5: tick!!!
 INFO LOG: Apr_18_00:0: tick!!!
 INFO LOG: Apr_18_00:0: tick!!!
 INFO LOG: Apr_18_00:0: tick!!!
 INFO LOG: Apr_18_00:0: tick!!!
 INFO LOG: Apr_18_00:0: tick!!!
 INFO LOG: Apr_18_00:1: tick!!!
 INFO LOG: Apr_18_00:1: tick!!!
 INFO LOG: Apr_18_00:1: tick!!!
 INFO LOG: Apr_18_00:1: tick!!!
 INFO LOG: Apr_18_00:1: tick!!!
 INFO LOG: Apr_18_00:2: tick!!!
 INFO LOG: Apr_18_00:2: tick!!!
 INFO LOG: Apr_18_00:2: tick!!!
 INFO LOG: Apr_18_00:2: tick!!!
 INFO LOG: Apr_18_00:2: tick!!!
 INFO LOG: Apr_18_00:3: tick!!!
 INFO LOG: Apr_18_00:3: tick!!!
 INFO LOG: Apr_18_00:3: tick!!!
 INFO LOG: Apr_18_00:3: tick!!!
 INFO LOG: Apr_18_00:3: tick!!!
 INFO LOG: Apr_18_00:4: tick!!!
 INFO LOG: Apr_18_00:4: tick!!!
 INFO LOG: Apr_18_00:4: tick!!!
 INFO LOG: Apr_18_00:4: tick!!!
 INFO LOG: Apr_18_00:4: tick!!!
 INFO LOG: Apr_18_00:5: tick!!!
 INFO LOG: Apr_18_00:5: tick!!!
 INFO LOG: Apr_18_00:5: tick!!!
 INFO LOG: Apr_18_00:5: tick!!!
 INFO LOG: Apr_18_00:5: tick!!!
 INFO LOG: Apr_18_01:0: tick!!!
 INFO LOG: Apr_18_01:0: tick!!!
 INFO LOG: Apr_18_01:0: tick!!!
 INFO LOG: Apr_18_01:0: tick!!!
 INFO LOG: Apr_18_01:0: tick!!!
 INFO LOG: Apr_18_01:1: tick!!!
 INFO LOG: Apr_18_01:1: tick!!!
 INFO LOG: Apr_18_01:1: tick!!!
 INFO LOG: Apr_18_01:1: tick!!!
 INFO LOG: Apr_18_01:1: tick!!!
 INFO LOG: Apr_18_01:2: tick!!!
 INFO LOG: Apr_18_01:2: tick!!!
 INFO LOG: Apr_18_01:2: tick!!!
 INFO LOG: Apr_18_01:2: tick!!!
 INFO LOG: Apr_18_01:2: tick!!!
 INFO LOG: Apr_18_01:3: tick!!!
 INFO LOG: Apr_18_01:3: tick!!!
 INFO LOG: Apr_18_01:3: tick!!!
 INFO LOG: Apr_18_01:3: tick!!!
 INFO LOG: Apr_18_01:3: tick!!!
 INFO LOG: Apr_18_01:4: tick!!!
 INFO LOG: Apr_18_01:4: tick!!!
 INFO LOG: Apr_18_01:4: tick!!!
 INFO LOG: Apr_18_01:4: tick!!!
 INFO LOG: Apr_18_01:4: tick!!!
 INFO LOG: Apr_18_01:5: tick!!!
 INFO LOG: Apr_18_01:5: tick!!!
 INFO LOG: Apr_18_01:5: tick!!!
 INFO LOG: Apr_18_01:5: tick!!!
 INFO LOG: Apr_18_01:5: tick!!!
 INFO LOG: Apr_18_02:0: tick!!!
 INFO LOG: Apr_18_02:0: tick!!!
 INFO LOG: Apr_18_02:0: tick!!!
 INFO LOG: Apr_18_02:0: tick!!!
 INFO LOG: Apr_18_02:0: tick!!!
 INFO LOG: Apr_18_02:1: tick!!!
 INFO LOG: Apr_18_02:1: tick!!!
 INFO LOG: Apr_18_02:1: tick!!!
 INFO LOG: Apr_18_02:1: tick!!!
 INFO LOG: Apr_18_02:1: tick!!!
 INFO LOG: Apr_18_02:2: tick!!!
 INFO LOG: Apr_18_02:2: tick!!!
 INFO LOG: Apr_18_02:2: tick!!!
 INFO LOG: Apr_18_02:2: tick!!!
 INFO LOG: Apr_18_02:2: tick!!!
 INFO LOG: Apr_18_02:3: tick!!!
 INFO LOG: Apr_18_02:3: tick!!!
 INFO LOG: Apr_18_02:3: tick!!!
 INFO LOG: Apr_18_02:3: tick!!!
 INFO LOG: Apr_18_02:3: tick!!!
 INFO LOG: Apr_18_02:4: tick!!!
 INFO LOG: Apr_18_02:4: tick!!!
 INFO LOG: Apr_18_02:4: tick!!!
 INFO LOG: Apr_18_02:4: tick!!!
 INFO LOG: Apr_18_02:4: tick!!!
 INFO LOG: Apr_18_02:5: tick!!!
 INFO LOG: Apr_18_02:5: tick!!!
 INFO LOG: Apr_18_02:5: tick!!!
 INFO LOG: Apr_18_02:5: tick!!!
 INFO LOG: Apr_18_02:5: tick!!!
 INFO LOG: Apr_18_03:0: tick!!!
 INFO LOG: Apr_18_03:0: tick!!!
 INFO LOG: Apr_18_03:0: tick!!!
 INFO LOG: Apr_18_03:0: tick!!!
 INFO LOG: Apr_18_03:0: tick!!!
 INFO LOG: Apr_18_03:1: tick!!!
 INFO LOG: Apr_18_03:1: tick!!!
 INFO LOG: Apr_18_03:1: tick!!!
 INFO LOG: Apr_18_03:1: tick!!!
 INFO LOG: Apr_18_03:1: tick!!!
 INFO LOG: Apr_18_03:2: tick!!!
 INFO LOG: Apr_18_03:2: tick!!!
 INFO LOG: Apr_18_03:2: tick!!!
 INFO LOG: Apr_18_03:2: tick!!!
 INFO LOG: Apr_18_03:2: tick!!!
 INFO LOG: Apr_18_03:3: tick!!!
 INFO LOG: Apr_18_03:3: tick!!!
 INFO LOG: Apr_18_03:3: tick!!!
 INFO LOG: Apr_18_03:3: tick!!!
 INFO LOG: Apr_18_03:3: tick!!!
 INFO LOG: Apr_18_03:4: tick!!!
 INFO LOG: Apr_18_03:4: tick!!!
 INFO LOG: Apr_18_03:4: tick!!!
 INFO LOG: Apr_18_03:4: tick!!!
 INFO LOG: Apr_18_03:4: tick!!!
 INFO LOG: Apr_18_03:5: tick!!!
 INFO LOG: Apr_18_03:5: tick!!!
 INFO LOG: Apr_18_03:5: tick!!!
 INFO LOG: Apr_18_03:5: tick!!!
 INFO LOG: Apr_18_03:5: tick!!!
 INFO LOG: Apr_18_04:0: tick!!!
 INFO LOG: Apr_18_04:0: tick!!!
 INFO LOG: Apr_18_04:0: tick!!!
 INFO LOG: Apr_18_04:0: tick!!!
 INFO LOG: Apr_18_04:0: tick!!!
 INFO LOG: Apr_18_04:1: tick!!!
 INFO LOG: Apr_18_04:1: tick!!!
 INFO LOG: Apr_18_04:1: tick!!!
 INFO LOG: Apr_18_04:1: tick!!!
 INFO LOG: Apr_18_04:1: tick!!!
 INFO LOG: Apr_18_04:2: tick!!!
 INFO LOG: Apr_18_04:2: tick!!!
 INFO LOG: Apr_18_04:2: tick!!!
 INFO LOG: Apr_18_04:2: tick!!!
 INFO LOG: Apr_18_04:2: tick!!!
 INFO LOG: Apr_18_04:3: tick!!!
 INFO LOG: Apr_18_04:3: tick!!!
 INFO LOG: Apr_18_04:3: tick!!!
 INFO LOG: Apr_18_04:3: tick!!!
 INFO LOG: Apr_18_04:3: tick!!!
 INFO LOG: Apr_18_04:4: tick!!!
 INFO LOG: Apr_18_04:4: tick!!!
 INFO LOG: Apr_18_04:4: tick!!!
 INFO LOG: Apr_18_04:4: tick!!!
 INFO LOG: Apr_18_04:4: tick!!!
 INFO LOG: Apr_18_04:5: tick!!!
 INFO LOG: Apr_18_04:5: tick!!!
 INFO LOG: Apr_18_04:5: tick!!!
 INFO LOG: Apr_18_04:5: tick!!!
 INFO LOG: Apr_18_04:5: tick!!!
 INFO LOG: Apr_18_05:0: tick!!!
 INFO LOG: Apr_18_05:0: tick!!!
 INFO LOG: Apr_18_05:0: tick!!!
 INFO LOG: Apr_18_05:0: tick!!!
 INFO LOG: Apr_18_05:0: tick!!!
 INFO LOG: Apr_18_05:1: tick!!!
 INFO LOG: Apr_18_05:1: tick!!!
 INFO LOG: Apr_18_05:1: tick!!!
 INFO LOG: Apr_18_05:1: tick!!!
 INFO LOG: Apr_18_05:1: tick!!!
 INFO LOG: Apr_18_05:2: tick!!!
 INFO LOG: Apr_18_05:2: tick!!!
 INFO LOG: Apr_18_05:2: tick!!!
 INFO LOG: Apr_18_05:2: tick!!!
 INFO LOG: Apr_18_05:2: tick!!!
 INFO LOG: Apr_18_05:3: tick!!!
 INFO LOG: Apr_18_05:3: tick!!!
 INFO LOG: Apr_18_05:3: tick!!!
 INFO LOG: Apr_18_05:3: tick!!!
 INFO LOG: Apr_18_05:3: tick!!!
 INFO LOG: Apr_18_05:4: tick!!!
 INFO LOG: Apr_18_05:4: tick!!!
 INFO LOG: Apr_18_05:4: tick!!!
 INFO LOG: Apr_18_05:4: tick!!!
 INFO LOG: Apr_18_05:4: tick!!!
 INFO LOG: Apr_18_05:5: tick!!!
 INFO LOG: Apr_18_05:5: tick!!!
 INFO LOG: Apr_18_05:5: tick!!!
 INFO LOG: Apr_18_05:5: tick!!!
 INFO LOG: Apr_18_05:5: tick!!!
 INFO LOG: Apr_18_06:0: tick!!!
 INFO LOG: Apr_18_06:0: tick!!!
 INFO LOG: Apr_18_06:0: tick!!!
 INFO LOG: Apr_18_06:0: tick!!!
 INFO LOG: Apr_18_06:0: tick!!!
 INFO LOG: Apr_18_06:1: tick!!!
 INFO LOG: Apr_18_06:1: tick!!!
 INFO LOG: Apr_18_06:1: tick!!!
 INFO LOG: Apr_18_06:1: tick!!!
 INFO LOG: Apr_18_06:1: tick!!!
 INFO LOG: Apr_18_06:2: tick!!!
 INFO LOG: Apr_18_06:2: tick!!!
 INFO LOG: Apr_18_06:2: tick!!!
 INFO LOG: Apr_18_06:2: tick!!!
 INFO LOG: Apr_18_06:2: tick!!!
 INFO LOG: Apr_18_06:3: tick!!!
 INFO LOG: Apr_18_06:3: tick!!!
 INFO LOG: Apr_18_06:3: tick!!!
 INFO LOG: Apr_18_06:3: tick!!!
 INFO LOG: Apr_18_06:3: tick!!!
 INFO LOG: Apr_18_06:4: tick!!!
 INFO LOG: Apr_18_06:4: tick!!!
 INFO LOG: Apr_18_06:4: tick!!!
 INFO LOG: Apr_18_06:4: tick!!!
 INFO LOG: Apr_18_06:4: tick!!!
 INFO LOG: Apr_18_06:5: tick!!!
 INFO LOG: Apr_18_06:5: tick!!!
 INFO LOG: Apr_18_06:5: tick!!!
 INFO LOG: Apr_18_06:5: tick!!!
 INFO LOG: Apr_18_06:5: tick!!!
 INFO LOG: Apr_18_07:0: tick!!!
 INFO LOG: Apr_18_07:0: tick!!!
 INFO LOG: Apr_18_07:0: tick!!!
 INFO LOG: Apr_18_07:0: tick!!!
 INFO LOG: Apr_18_07:0: tick!!!
 INFO LOG: Apr_18_07:1: tick!!!
 INFO LOG: Apr_18_07:1: tick!!!
 INFO LOG: Apr_18_07:1: tick!!!
 INFO LOG: Apr_18_07:1: tick!!!
 INFO LOG: Apr_18_07:1: tick!!!
 INFO LOG: Apr_18_07:2: tick!!!
 INFO LOG: Apr_18_07:2: tick!!!
 INFO LOG: Apr_18_07:2: tick!!!
 INFO LOG: Apr_18_07:2: tick!!!
 INFO LOG: Apr_18_07:2: tick!!!
 INFO LOG: Apr_18_07:3: tick!!!
 INFO LOG: Apr_18_07:3: tick!!!
 INFO LOG: Apr_18_07:3: tick!!!
 INFO LOG: Apr_18_07:3: tick!!!
 INFO LOG: Apr_18_07:3: tick!!!
 INFO LOG: Apr_18_07:4: tick!!!
 INFO LOG: Apr_18_07:4: tick!!!
 INFO LOG: Apr_18_07:4: tick!!!
 INFO LOG: Apr_18_07:4: tick!!!
 INFO LOG: Apr_18_07:4: tick!!!
 INFO LOG: Apr_18_07:5: tick!!!
 INFO LOG: Apr_18_07:5: tick!!!
 INFO LOG: Apr_18_07:5: tick!!!
 INFO LOG: Apr_18_07:5: tick!!!
 INFO LOG: Apr_18_07:5: tick!!!
 INFO LOG: Apr_18_08:0: tick!!!
 INFO LOG: Apr_18_08:0: tick!!!
 INFO LOG: Apr_18_08:0: tick!!!
 INFO LOG: Apr_18_08:0: tick!!!
 INFO LOG: Apr_18_08:0: tick!!!
 INFO LOG: Apr_18_08:1: tick!!!
 INFO LOG: Apr_18_08:1: tick!!!
 INFO LOG: Apr_18_08:1: tick!!!
 INFO LOG: Apr_18_08:1: tick!!!
 INFO LOG: Apr_18_08:1: tick!!!
 INFO LOG: Apr_18_08:2: tick!!!
 INFO LOG: Apr_18_08:2: tick!!!
 INFO LOG: Apr_18_08:2: tick!!!
 INFO LOG: Apr_18_08:2: tick!!!
 INFO LOG: Apr_18_08:2: tick!!!
 INFO LOG: Apr_18_08:3: tick!!!
 INFO LOG: Apr_18_08:3: tick!!!
 INFO LOG: Apr_18_08:3: tick!!!
 INFO LOG: Apr_18_08:3: tick!!!
 INFO LOG: Apr_18_08:3: tick!!!
 INFO LOG: Apr_18_08:4: tick!!!
 INFO LOG: Apr_18_08:4: tick!!!
 INFO LOG: Apr_18_08:4: tick!!!
 INFO LOG: Apr_18_08:4: tick!!!
 INFO LOG: Apr_18_08:4: tick!!!
 INFO LOG: Apr_18_08:5: tick!!!
 INFO LOG: Apr_18_08:5: tick!!!
 INFO LOG: Apr_18_08:5: tick!!!
 INFO LOG: Apr_18_08:5: tick!!!
 INFO LOG: Apr_18_08:5: tick!!!
 INFO LOG: Apr_18_09:0: tick!!!
 INFO LOG: Apr_18_09:0: tick!!!
 INFO LOG: Apr_18_09:0: tick!!!
 INFO LOG: Apr_18_09:0: tick!!!
 INFO LOG: Apr_18_09:0: tick!!!
 INFO LOG: Apr_18_09:1: tick!!!
 INFO LOG: Apr_18_09:1: tick!!!
 INFO LOG: Apr_18_09:1: tick!!!
 INFO LOG: Apr_18_09:1: tick!!!
 INFO LOG: Apr_18_09:1: tick!!!
 INFO LOG: Apr_18_09:2: tick!!!
 INFO LOG: Apr_18_09:2: tick!!!
 INFO LOG: Apr_18_09:2: tick!!!
 INFO LOG: Apr_18_09:2: tick!!!
 INFO LOG: Apr_18_09:2: tick!!!
 INFO LOG: Apr_18_09:3: tick!!!
 INFO LOG: Apr_18_09:3: tick!!!
 INFO LOG: Apr_18_09:3: tick!!!
 INFO LOG: Apr_18_09:3: tick!!!
 INFO LOG: Apr_18_09:3: tick!!!
 INFO LOG: Apr_18_09:4: tick!!!
 INFO LOG: Apr_18_09:4: tick!!!
 INFO LOG: Apr_18_09:4: tick!!!
 INFO LOG: Apr_18_09:4: tick!!!
 INFO LOG: Apr_18_09:4: tick!!!
 INFO LOG: Apr_18_09:5: tick!!!
 INFO LOG: Apr_18_09:5: tick!!!
 INFO LOG: Apr_18_09:5: tick!!!
 INFO LOG: Apr_18_09:5: tick!!!
 INFO LOG: Apr_18_09:5: tick!!!
 INFO LOG: Apr_18_10:0: tick!!!
 INFO LOG: Apr_18_10:0: tick!!!
 INFO LOG: Apr_18_10:0: tick!!!
 INFO LOG: Apr_18_10:0: tick!!!
 INFO LOG: Apr_18_10:0: tick!!!
 INFO LOG: Apr_18_10:1: tick!!!
 INFO LOG: Apr_18_10:1: tick!!!
 INFO LOG: Apr_18_10:1: tick!!!
 INFO LOG: Apr_18_10:1: tick!!!
 INFO LOG: Apr_18_10:1: tick!!!
 INFO LOG: Apr_18_10:2: tick!!!
 INFO LOG: Apr_18_10:2: tick!!!
 INFO LOG: Apr_18_10:2: tick!!!
 INFO LOG: Apr_18_10:2: tick!!!
 INFO LOG: Apr_18_10:2: tick!!!
 INFO LOG: Apr_18_10:3: tick!!!
 INFO LOG: Apr_18_10:3: tick!!!
 INFO LOG: Apr_18_10:3: tick!!!
 INFO LOG: Apr_18_10:3: tick!!!
 INFO LOG: Apr_18_10:3: tick!!!
 INFO LOG: Apr_18_10:4: tick!!!
 INFO LOG: Apr_18_10:4: tick!!!
 INFO LOG: Apr_18_10:4: tick!!!
 INFO LOG: Apr_18_10:4: tick!!!
 INFO LOG: Apr_18_10:4: tick!!!
 INFO LOG: Apr_18_10:5: tick!!!
 INFO LOG: Apr_18_10:5: tick!!!
 INFO LOG: Apr_18_10:5: tick!!!
 INFO LOG: Apr_18_10:5: tick!!!
 INFO LOG: Apr_18_10:5: tick!!!
 INFO LOG: Apr_18_11:0: tick!!!
 INFO LOG: Apr_18_11:0: tick!!!
 INFO LOG: Apr_18_11:0: tick!!!
 INFO LOG: Apr_18_11:0: tick!!!
 INFO LOG: Apr_18_11:0: tick!!!
 INFO LOG: Apr_18_11:1: tick!!!
 INFO LOG: Apr_18_11:1: tick!!!
 INFO LOG: Apr_18_11:1: tick!!!
 INFO LOG: Apr_18_11:1: tick!!!
 INFO LOG: Apr_18_11:1: tick!!!
 INFO LOG: Apr_18_11:2: tick!!!
 INFO LOG: Apr_18_11:2: tick!!!
 INFO LOG: Apr_18_11:2: tick!!!
 INFO LOG: Apr_18_11:2: tick!!!
 INFO LOG: Apr_18_11:2: tick!!!
 INFO LOG: Apr_18_11:3: tick!!!
 INFO LOG: Apr_18_11:3: tick!!!
 INFO LOG: Apr_18_11:3: tick!!!
 INFO LOG: Apr_18_11:3: tick!!!
 INFO LOG: Apr_18_11:3: tick!!!
 INFO LOG: Apr_18_11:4: tick!!!
 INFO LOG: Apr_18_11:4: tick!!!
 INFO LOG: Apr_18_11:4: tick!!!
 INFO LOG: Apr_18_11:4: tick!!!
 INFO LOG: Apr_18_11:4: tick!!!
 INFO LOG: Apr_18_11:5: tick!!!
 INFO LOG: Apr_18_11:5: tick!!!
 INFO LOG: Apr_18_11:5: tick!!!
 INFO LOG: Apr_18_11:5: tick!!!
 INFO LOG: Apr_18_11:5: tick!!!
 INFO LOG: Apr_18_12:0: tick!!!
 INFO LOG: Apr_18_12:0: tick!!!
 INFO LOG: Apr_18_12:0: tick!!!
 INFO LOG: Apr_18_12:0: tick!!!
 INFO LOG: Apr_18_12:0: tick!!!
 INFO LOG: Apr_18_12:1: tick!!!
 INFO LOG: Apr_18_12:1: tick!!!
 INFO LOG: Apr_18_12:1: tick!!!
 INFO LOG: Apr_18_12:1: tick!!!
 INFO LOG: Apr_18_12:1: tick!!!
 INFO LOG: Apr_18_12:2: tick!!!
 INFO LOG: Apr_18_12:2: tick!!!
 INFO LOG: Apr_18_12:2: tick!!!
 INFO LOG: Apr_18_12:2: tick!!!
 INFO LOG: Apr_18_12:2: tick!!!
 INFO LOG: Apr_18_12:3: tick!!!
 INFO LOG: Apr_18_12:3: tick!!!
 INFO LOG: Apr_18_12:3: tick!!!
 INFO LOG: Apr_18_12:3: tick!!!
 INFO LOG: Apr_18_12:3: tick!!!
 INFO LOG: Apr_18_12:4: tick!!!
 INFO LOG: Apr_18_12:4: tick!!!
 INFO LOG: Apr_18_12:4: tick!!!
 INFO LOG: Apr_18_12:4: tick!!!
 INFO LOG: Apr_18_12:4: tick!!!
 INFO LOG: Apr_18_12:5: tick!!!
 INFO LOG: Apr_18_12:5: tick!!!
 INFO LOG: Apr_18_12:5: tick!!!
 INFO LOG: Apr_18_12:5: tick!!!
 INFO LOG: Apr_18_12:5: tick!!!
 INFO LOG: Apr_18_13:0: tick!!!
 INFO LOG: Apr_18_13:0: tick!!!
 INFO LOG: Apr_18_13:0: tick!!!
 INFO LOG: Apr_18_13:0: tick!!!
 INFO LOG: Apr_18_13:0: tick!!!
 INFO LOG: Apr_18_13:1: tick!!!
 INFO LOG: Apr_18_13:1: tick!!!
 INFO LOG: Apr_18_13:1: tick!!!
 INFO LOG: Apr_18_13:1: tick!!!
 INFO LOG: Apr_18_13:1: tick!!!
 INFO LOG: Apr_18_13:2: tick!!!
 INFO LOG: Apr_18_13:2: tick!!!
 INFO LOG: Apr_18_13:2: tick!!!
 INFO LOG: Apr_18_13:2: tick!!!
 INFO LOG: Apr_18_13:2: tick!!!
 INFO LOG: Apr_18_13:3: tick!!!
 INFO LOG: Apr_18_13:3: tick!!!
 INFO LOG: Apr_18_13:3: tick!!!
 INFO LOG: Apr_18_13:3: tick!!!
 INFO LOG: Apr_18_13:3: tick!!!
 INFO LOG: Apr_18_13:4: tick!!!
 INFO LOG: Apr_18_13:4: tick!!!
 INFO LOG: Apr_18_13:4: tick!!!
 INFO LOG: Apr_18_13:4: tick!!!
 INFO LOG: Apr_18_13:4: tick!!!
 INFO LOG: Apr_18_13:5: tick!!!
 INFO LOG: Apr_18_13:5: tick!!!
 INFO LOG: Apr_18_13:5: tick!!!
 INFO LOG: Apr_18_13:5: tick!!!
 INFO LOG: Apr_18_13:5: tick!!!
 INFO LOG: Apr_18_14:0: tick!!!
 INFO LOG: Apr_18_14:0: tick!!!
 INFO LOG: Apr_18_14:0: tick!!!
 INFO LOG: Apr_18_14:0: tick!!!
 INFO LOG: Apr_18_14:0: tick!!!
 INFO LOG: Apr_18_14:1: tick!!!
 INFO LOG: Apr_18_14:1: tick!!!
 INFO LOG: Apr_18_14:1: tick!!!
 INFO LOG: Apr_18_14:1: tick!!!
 INFO LOG: Apr_18_14:1: tick!!!
 INFO LOG: Apr_18_14:2: tick!!!
 INFO LOG: Apr_18_14:2: tick!!!
 INFO LOG: Apr_18_14:2: tick!!!
 INFO LOG: Apr_18_14:2: tick!!!
 INFO LOG: Apr_18_14:2: tick!!!
 INFO LOG: Apr_18_14:3: tick!!!
 INFO LOG: Apr_18_14:3: tick!!!
 INFO LOG: Apr_18_14:3: tick!!!
 INFO LOG: Apr_18_14:3: tick!!!
 INFO LOG: Apr_18_14:3: tick!!!
 INFO LOG: Apr_18_14:4: tick!!!
 INFO LOG: Apr_18_14:4: tick!!!
 INFO LOG: Apr_18_14:4: tick!!!
 INFO LOG: Apr_18_14:4: tick!!!
 INFO LOG: Apr_18_14:4: tick!!!
 INFO LOG: Apr_18_14:5: tick!!!
 INFO LOG: Apr_18_14:5: tick!!!
 INFO LOG: Apr_18_14:5: tick!!!
 INFO LOG: Apr_18_14:5: tick!!!
 INFO LOG: Apr_18_14:5: tick!!!
 INFO LOG: Apr_18_15:0: tick!!!
 INFO LOG: Apr_18_15:0: tick!!!
 INFO LOG: Apr_18_15:0: tick!!!
 INFO LOG: Apr_18_15:0: tick!!!
 INFO LOG: Apr_18_15:0: tick!!!
 INFO LOG: Apr_18_15:1: tick!!!
 INFO LOG: Apr_18_15:1: tick!!!
 INFO LOG: Apr_18_15:1: tick!!!
 INFO LOG: Apr_18_15:1: tick!!!
 INFO LOG: Apr_18_15:1: tick!!!
 INFO LOG: Apr_18_15:2: tick!!!
 INFO LOG: Apr_18_15:2: tick!!!
 INFO LOG: Apr_18_15:2: tick!!!
 INFO LOG: Apr_18_15:2: tick!!!
 INFO LOG: Apr_18_15:2: tick!!!
 INFO LOG: Apr_18_15:3: tick!!!
 INFO LOG: Apr_18_15:3: tick!!!
 INFO LOG: Apr_18_15:3: tick!!!
 INFO LOG: Apr_18_15:3: tick!!!
 INFO LOG: Apr_18_15:3: tick!!!
 INFO LOG: Apr_18_15:4: tick!!!
 INFO LOG: Apr_18_15:4: tick!!!
 INFO LOG: Apr_18_15:4: tick!!!
 INFO LOG: Apr_18_15:4: tick!!!
 INFO LOG: Apr_18_15:4: tick!!!
 INFO LOG: Apr_18_15:5: tick!!!
 INFO LOG: Apr_18_15:5: tick!!!
 INFO LOG: Apr_18_15:5: tick!!!
 INFO LOG: Apr_18_15:5: tick!!!
 INFO LOG: Apr_18_15:5: tick!!!
 INFO LOG: Apr_18_16:0: tick!!!
 INFO LOG: Apr_18_16:0: tick!!!
 INFO LOG: Apr_18_16:0: tick!!!
 INFO LOG: Apr_18_16:0: tick!!!
ERROR LOG: wrong number of arguments (0 for 1)
ERROR LOG: /home/heath/coral/lib/cities.rb:159:in `enter'
ERROR LOG: /home/heath/coral/lib/commands/east.rb:16:in `cmd_east'
ERROR LOG: /home/heath/coral/lib/commands.rb:224:in `execute_command'
ERROR LOG: /home/heath/coral/core/socketengine.rb:160:in `handle_cmd_input'
ERROR LOG: /home/heath/coral/core/socketengine.rb:135:in `receive_data'
ERROR LOG: /usr/local/lib/ruby/gems/1.9.1/gems/eventmachine-0.12.8/lib/eventmachine.rb:242:in `run_machine'
ERROR LOG: /usr/local/lib/ruby/gems/1.9.1/gems/eventmachine-0.12.8/lib/eventmachine.rb:242:in `run'
ERROR LOG: coral.rb:162:in `<main>'
ERROR LOG: undefined method `exit_list' for nil:NilClass
ERROR LOG: /home/heath/coral/lib/commands/east.rb:4:in `cmd_east'
ERROR LOG: /home/heath/coral/lib/commands.rb:224:in `execute_command'
ERROR LOG: /home/heath/coral/core/socketengine.rb:160:in `handle_cmd_input'
ERROR LOG: /home/heath/coral/core/socketengine.rb:135:in `receive_data'
ERROR LOG: /usr/local/lib/ruby/gems/1.9.1/gems/eventmachine-0.12.8/lib/eventmachine.rb:242:in `run_machine'
ERROR LOG: /usr/local/lib/ruby/gems/1.9.1/gems/eventmachine-0.12.8/lib/eventmachine.rb:242:in `run'
ERROR LOG: coral.rb:162:in `<main>'
ERROR LOG: undefined method `each_bfs' for nil:NilClass
ERROR LOG: /home/heath/coral/lib/automap/automap.rb:24:in `build_map'
ERROR LOG: /home/heath/coral/lib/automap/automap.rb:9:in `initialize'
ERROR LOG: /home/heath/coral/lib/commands/look.rb:23:in `new'
ERROR LOG: /home/heath/coral/lib/commands/look.rb:23:in `cmd_look'
ERROR LOG: /home/heath/coral/lib/commands.rb:224:in `execute_command'
ERROR LOG: /home/heath/coral/core/socketengine.rb:160:in `handle_cmd_input'
ERROR LOG: /home/heath/coral/core/socketengine.rb:135:in `receive_data'
ERROR LOG: /usr/local/lib/ruby/gems/1.9.1/gems/eventmachine-0.12.8/lib/eventmachine.rb:242:in `run_machine'
ERROR LOG: /usr/local/lib/ruby/gems/1.9.1/gems/eventmachine-0.12.8/lib/eventmachine.rb:242:in `run'
ERROR LOG: coral.rb:162:in `<main>'
 INFO LOG: Apr_18_16:0: -- #<Player:0x00000002a3ab18>:99.191.82.191:37082 disconnected from CoralMUD!
 INFO LOG: Apr_18_16:0: Program closed.
