 INFO LOG: Apr_21_14:23: Logging enabled.   Loading logs.rb.
 INFO LOG: Apr_21_14:23: Loading facade.rb
 INFO LOG: Apr_21_14:23: Loading utils.rb
 INFO LOG: Apr_21_14:23: Loading constants.rb
 INFO LOG: Apr_21_14:23: Loading class_property.rb
 INFO LOG: Apr_21_14:23: Loading tags.rb
 INFO LOG: Apr_21_14:23: Loading editor/editors.rb
 INFO LOG: Apr_21_14:23: Loading editor/editor.strings.rb
 INFO LOG: Apr_21_14:23: Loading editor/editor.rooms.rb
 INFO LOG: Apr_21_14:23: Loading editor/editor.exits.rb
 INFO LOG: Apr_21_14:23: Loading editor/editor.zones.rb
 INFO LOG: Apr_21_14:23: Loading editor/editor.npc.rb
 INFO LOG: Apr_21_14:23: Loading editor/editor.items.rb
 INFO LOG: Apr_21_14:23: Loading mxp.rb
 INFO LOG: Apr_21_14:23: Loading mccp.rb
 INFO LOG: Apr_21_14:23: Loading flags.rb
 INFO LOG: Apr_21_14:23: Loading damage.rb
 INFO LOG: Apr_21_14:23: Loading areas.rb
 INFO LOG: Apr_21_14:23: Loading event.rb
 INFO LOG: Apr_21_14:23: Loading automap/automap.rb
 INFO LOG: Apr_21_14:23: Loading cities.olc.rb
 INFO LOG: Apr_21_14:23: Loading cities.rb
 INFO LOG: Apr_21_14:23: Loading sector definitions.
 INFO LOG: Apr_21_14:23: Loading help.rb
 INFO LOG: Apr_21_14:23: Loading imcruby.rb
 INFO LOG: Apr_21_14:23: Loading player.rb
 INFO LOG: Apr_21_14:23: Loading commands.rb
 INFO LOG: Apr_21_14:23: Loading random.rb
 INFO LOG: Apr_21_14:23: Loading npc.rb
 INFO LOG: Apr_21_14:23: Loading items.rb
 INFO LOG: Apr_21_14:23: Loading spells.rb
 INFO LOG: Apr_21_14:23: Loading all zones.
 INFO LOG: Apr_21_14:23: Starting server.
 INFO LOG: Apr_21_14:23: CoralMUD is now up on port 4000.
 INFO LOG: Apr_21_14:23: -- 99.191.82.191:60607 connected to CoralMUD!
 INFO LOG: Apr_21_14:23: -- 99.191.82.191:60607: Retnur is trying to connect.
 INFO LOG: Apr_21_14:23: -- 99.191.82.191:60607: Retnur player file found.
 INFO LOG: Apr_21_14:23: -- Retnur has entered the game.
 INFO LOG: Apr_21_14:25: tick!!!
 INFO LOG: Apr_21_14:27: tick!!!
 INFO LOG: Apr_21_14:29: tick!!!
 INFO LOG: Apr_21_14:31: tick!!!
 INFO LOG: Apr_21_14:33: tick!!!
 INFO LOG: Apr_21_14:35: tick!!!
 INFO LOG: Apr_21_14:37: tick!!!
 INFO LOG: Apr_21_14:39: Loading imcruby.rb
 INFO LOG: Apr_21_14:39: tick!!!
 INFO LOG: Apr_21_14:39: Loading imcruby.rb
 INFO LOG: Apr_21_14:39: PW Server01 doyourhomework2 version=2 MudBytes
 INFO LOG: Apr_21_14:39: Retnur-CoralMud@Server01 1271878783 Server01 ice-msg-b *@CoralMud text="Can someone send me an imc tell please? :)" channel=Server01:ichat sender=Retnur@CoralMud emote=0
 INFO LOG: Apr_21_14:39: DavidHaley@MW 1271844271 MW!Server02!Server01 ice-msg-b *@* channel=Server01:ichat text="I think that some apache configs might disable relative links for security reasons" emote=0 echo=1
 INFO LOG: Apr_21_14:39: Quixadhal@Bloodlines 1271496630 Bloodlines!Server01 ice-msg-b *@* channel=Server01:ichat text="Apache won't let you go outside your document root, nor will any sane web server." emote=0 echo=0
 INFO LOG: Apr_21_14:40: Scoyn@SWTSW 1271738351 SWTSW!Server02!Server01 tell Retnur@CoralMud text=~RFAIL!
 INFO LOG: Apr_21_14:40: DavidHaley@MW 1271844272 MW!Server02!Server01 tell Retnur@CoralMUD text="Yo dawg I herd you like tells so here's a tell in a tell so you can listen while you listen"
 INFO LOG: Apr_21_14:40: *@AF_Dev 1271788224 AF_Dev!Server02!Server01 keepalive-request *@* 
 INFO LOG: Apr_21_14:40: *@AF_Dev 1271788225 AF_Dev!Server02!Server01 is-alive *@* versionid="IMC2 Freedom CL-2.1a AckFUSS 4.4.2" url=http://www.ackmud.net host=home.gotr00t.us port=3000 sha256=1 networkname=MudBytes
 INFO LOG: Apr_21_14:40: *@realitybld 1271882234 realitybld!Server01 is-alive *@* versionid="imc2-1.03g smaug1.4"  sha256=0 networkname=MudBytes
 INFO LOG: Apr_21_14:40: *@Reality 1271882234 Reality!Server01 is-alive *@* versionid="imc2-1.03g smaug1.4"  sha256=0 networkname=MudBytes
 INFO LOG: Apr_21_14:40: Scoyn@SWTSW 1271738353 SWTSW!Server02!Server01 ice-msg-b *@* channel=Server01:ichat text="K, sent. You get it?" emote=0 echo=1
 INFO LOG: Apr_21_14:40: Retnur-CoralMud@Server01 1271878813 Server01 ice-msg-b *@CoralMud text="Thanks, worked. :)" channel=Server01:ichat sender=Retnur@CoralMud emote=0
 INFO LOG: Apr_21_14:40: Scoyn@SWTSW 1271738354 SWTSW!Server02!Server01 ice-msg-b *@* channel=Server01:ichat text=XD emote=0 echo=1
 INFO LOG: Apr_21_14:40: DavidHaley@MW 1271844274 MW!Server02!Server01 ice-msg-b *@* channel=Server01:ichat text="oh well I was assuming you were taling about a directory in the web space, not outside the doc root" emote=0 echo=1
 INFO LOG: Apr_21_14:40: Quixadhal@Bloodlines 1271496632 Bloodlines!Server01 ice-msg-b *@* channel=Server01:ichat text="You *might* be able to get symlinks to work, but the target file has to be owned by the same user as the link (at least under unix)." emote=0 echo=0
 INFO LOG: Apr_21_14:40: Scoyn@SWTSW 1271738355 SWTSW!Server02!Server01 ice-msg-b *@* channel=Server01:ichat text="You imctell ~CRetnur@CoralMud ~c'~RFAIL!~c'" emote=0 echo=1
 INFO LOG: Apr_21_14:41: Loading imcruby.rb
 INFO LOG: Apr_21_14:41: PW Server01 doyourhomework2 version=2 MudBytes
 INFO LOG: Apr_21_14:41: tick!!!
 INFO LOG: Apr_21_14:41: Lynx@SWTSW 1271738356 SWTSW!Server02!Server01 ice-msg-b *@* channel=Server01:ichat text="hmmm... I was going to try symlinks, but i was hoping to fix the problem at the source. and if the source is folder outside of the root i would need to fix that." emote=0 echo=1
 INFO LOG: Apr_21_14:42: Lynx@SWTSW 1271738357 SWTSW!Server02!Server01 ice-msg-b *@* channel=Server01:ichat text="i just need to find a way to replicate it painlessly across 100 sites.. unless theres some other way im missing." emote=0 echo=1
 INFO LOG: Apr_21_14:43: tick!!!
 INFO LOG: Apr_21_14:43: Quixadhal@Bloodlines 1271496633 Bloodlines!Server01 ice-msg-b *@* channel=Server01:ichat text="You could also work around the issue by using a wrapper script.  IE: image.php?pic=foo/bar.jpg or something similar.  Scripts can generally access the native filesystem unless apache chroot's them too." emote=0 echo=0
 INFO LOG: Apr_21_14:44: Loading imcruby.rb
 INFO LOG: Apr_21_14:44: PW Server01 doyourhomework2 version=2 MudBytes
 INFO LOG: Apr_21_14:45: tick!!!
 INFO LOG: Apr_21_14:45: Lynx@SWTSW 1271738358 SWTSW!Server02!Server01 ice-msg-b *@* channel=Server01:ichat text="scripts is perhaps still out of my expertise range, to be honost." emote=0 echo=1
 INFO LOG: Apr_21_14:46: Shynzon@Azereth 1271864463 Azereth!Server01 user-cache *@* gender=0
 INFO LOG: Apr_21_14:46: Tryx@Azereth 1271864465 Azereth!Server01 user-cache *@* gender=0
 INFO LOG: Apr_21_14:47: tick!!!
 INFO LOG: Apr_21_14:48: DavidHaley@MW 1271844275 MW!Server02!Server01 ice-msg-b *@* channel=Server01:ichat text="symlinks sound easier than a wrapper script" emote=0 echo=1
 INFO LOG: Apr_21_14:48: DavidHaley@MW 1271844276 MW!Server02!Server01 ice-msg-b *@* channel=Server01:ichat text="and wrapper scripts require you to implement more security like sanity checking the link that's being open" emote=0 echo=1
 INFO LOG: Apr_21_14:48: DavidHaley@MW 1271844277 MW!Server02!Server01 ice-msg-b *@* channel=Server01:ichat text=*opened emote=0 echo=1
 INFO LOG: Apr_21_14:49: Lynx@SWTSW 1271738359 SWTSW!Server02!Server01 ice-msg-b *@* channel=Server01:ichat text="i guess i while play with symlinks a little bit then." emote=0 echo=1
 INFO LOG: Apr_21_14:49: tick!!!
 INFO LOG: Apr_21_14:51: SmaugMUDs@MegaBot 1271541834 MegaBot!Server01 ice-msg-b *@* echo=0 text="[SWFOTE FUSS] &quot;help 2&quot; and other help commands crashing mud [Zeno] (http://www.smaugmuds.org/index.php?a=topic&t=4402&p=20614#p20614)" emote=0 channel=Server02:imudnews 
 INFO LOG: Apr_21_14:51: tick!!!
 INFO LOG: Apr_21_14:52: Loading commands.rb
 INFO LOG: Apr_21_14:52: -- #<Player:0x0000000147d898>:99.191.82.191:60607 disconnected from CoralMUD!
 INFO LOG: Apr_21_14:52: Logging enabled.   Loading logs.rb.
 INFO LOG: Apr_21_14:52: Loading facade.rb
 INFO LOG: Apr_21_14:52: Loading utils.rb
 INFO LOG: Apr_21_14:52: Loading constants.rb
 INFO LOG: Apr_21_14:52: Loading class_property.rb
 INFO LOG: Apr_21_14:52: Loading tags.rb
 INFO LOG: Apr_21_14:52: Loading editor/editors.rb
 INFO LOG: Apr_21_14:52: Loading editor/editor.strings.rb
 INFO LOG: Apr_21_14:52: Loading editor/editor.rooms.rb
 INFO LOG: Apr_21_14:52: Loading editor/editor.exits.rb
 INFO LOG: Apr_21_14:52: Loading editor/editor.zones.rb
 INFO LOG: Apr_21_14:52: Loading editor/editor.npc.rb
 INFO LOG: Apr_21_14:52: Loading editor/editor.items.rb
 INFO LOG: Apr_21_14:52: Loading mxp.rb
 INFO LOG: Apr_21_14:52: Loading mccp.rb
 INFO LOG: Apr_21_14:52: Loading flags.rb
 INFO LOG: Apr_21_14:52: Loading damage.rb
 INFO LOG: Apr_21_14:52: Loading areas.rb
 INFO LOG: Apr_21_14:52: Loading event.rb
 INFO LOG: Apr_21_14:52: Loading automap/automap.rb
 INFO LOG: Apr_21_14:52: Loading cities.olc.rb
 INFO LOG: Apr_21_14:52: Loading cities.rb
 INFO LOG: Apr_21_14:52: Loading sector definitions.
 INFO LOG: Apr_21_14:52: Loading help.rb
 INFO LOG: Apr_21_14:52: Loading imcruby.rb
 INFO LOG: Apr_21_14:52: Loading player.rb
 INFO LOG: Apr_21_14:52: Loading commands.rb
 INFO LOG: Apr_21_14:52: Loading random.rb
 INFO LOG: Apr_21_14:52: Loading npc.rb
 INFO LOG: Apr_21_14:52: Loading items.rb
 INFO LOG: Apr_21_14:52: Loading spells.rb
 INFO LOG: Apr_21_14:52: Loading all zones.
 INFO LOG: Apr_21_14:52: Starting server.
 INFO LOG: Apr_21_14:52: PW Server01 doyourhomework2 version=2 MudBytes
 INFO LOG: Apr_21_14:52: CoralMUD is now up on port 4000.
 INFO LOG: Apr_21_14:52: -- 99.191.82.191:53839 connected to CoralMUD!
 INFO LOG: Apr_21_14:52: -- 99.191.82.191:53839: Retnur is trying to connect.
 INFO LOG: Apr_21_14:52: -- 99.191.82.191:53839: Retnur player file found.
 INFO LOG: Apr_21_14:52: -- Retnur has entered the game.
 INFO LOG: Apr_21_14:53: Loading commands.rb
 INFO LOG: Apr_21_14:53: Lynx@SWTSW 1271738360 SWTSW!Server02!Server01 ice-msg-b *@* channel=Server01:ichat text="thank you for the information, its pointing me in the right direction." emote=0 echo=1
 INFO LOG: Apr_21_14:54: tick!!!
 INFO LOG: Apr_21_14:56: tick!!!
 INFO LOG: Apr_21_14:56: -- #<Player:0x00000001b69468>:99.191.82.191:53839 disconnected from CoralMUD!
 INFO LOG: Apr_21_14:56: Program closed.
 INFO LOG: Apr_21_14:56: Logging enabled.   Loading logs.rb.
 INFO LOG: Apr_21_14:56: Loading facade.rb
 INFO LOG: Apr_21_14:56: Loading utils.rb
 INFO LOG: Apr_21_14:56: Loading constants.rb
 INFO LOG: Apr_21_14:56: Loading class_property.rb
 INFO LOG: Apr_21_14:56: Loading tags.rb
 INFO LOG: Apr_21_14:56: Loading editor/editors.rb
 INFO LOG: Apr_21_14:56: Loading editor/editor.strings.rb
 INFO LOG: Apr_21_14:56: Loading editor/editor.rooms.rb
 INFO LOG: Apr_21_14:56: Loading editor/editor.exits.rb
 INFO LOG: Apr_21_14:56: Loading editor/editor.zones.rb
 INFO LOG: Apr_21_14:56: Loading editor/editor.npc.rb
 INFO LOG: Apr_21_14:56: Loading editor/editor.items.rb
 INFO LOG: Apr_21_14:56: Loading mxp.rb
 INFO LOG: Apr_21_14:56: Loading mccp.rb
 INFO LOG: Apr_21_14:56: Loading flags.rb
 INFO LOG: Apr_21_14:56: Loading damage.rb
 INFO LOG: Apr_21_14:56: Loading areas.rb
 INFO LOG: Apr_21_14:56: Loading event.rb
 INFO LOG: Apr_21_14:56: Loading automap/automap.rb
 INFO LOG: Apr_21_14:56: Loading cities.olc.rb
 INFO LOG: Apr_21_14:56: Loading cities.rb
 INFO LOG: Apr_21_14:56: Loading sector definitions.
 INFO LOG: Apr_21_14:56: Loading help.rb
 INFO LOG: Apr_21_14:56: Loading imcruby.rb
 INFO LOG: Apr_21_14:56: Loading player.rb
 INFO LOG: Apr_21_14:56: Loading commands.rb
 INFO LOG: Apr_21_14:56: Loading random.rb
 INFO LOG: Apr_21_14:56: Loading npc.rb
 INFO LOG: Apr_21_14:56: Loading items.rb
 INFO LOG: Apr_21_14:56: Loading spells.rb
 INFO LOG: Apr_21_14:56: Loading all zones.
 INFO LOG: Apr_21_14:56: Starting server.
 INFO LOG: Apr_21_14:56: PW Server01 doyourhomework2 version=2 MudBytes
 INFO LOG: Apr_21_14:56: CoralMUD is now up on port 4000.
 INFO LOG: Apr_21_14:56: -- 99.191.82.191:53142 connected to CoralMUD!
 INFO LOG: Apr_21_14:56: -- 99.191.82.191:53142: Retnur is trying to connect.
 INFO LOG: Apr_21_14:56: -- 99.191.82.191:53142: Retnur player file found.
 INFO LOG: Apr_21_14:56: -- Retnur has entered the game.
 INFO LOG: Apr_21_14:58: tick!!!
 INFO LOG: Apr_21_14:58: *@The_Final_Sacrifice 1271530025 The_Final_Sacrifice!Server01 keepalive-request *@* 
 INFO LOG: Apr_21_14:58: *@realitybld 1271883355 realitybld!Server01 is-alive *@* versionid="imc2-1.03g smaug1.4"  sha256=0 networkname=MudBytes
 INFO LOG: Apr_21_14:58: *@Reality 1271883355 Reality!Server01 is-alive *@* versionid="imc2-1.03g smaug1.4"  sha256=0 networkname=MudBytes
 INFO LOG: Apr_21_14:59: -- #<Player:0x00000002ae8218>:99.191.82.191:53142 disconnected from CoralMUD!
 INFO LOG: Apr_21_14:59: Program closed.
 INFO LOG: Apr_21_14:59: Logging enabled.   Loading logs.rb.
 INFO LOG: Apr_21_14:59: Loading facade.rb
 INFO LOG: Apr_21_14:59: Loading utils.rb
 INFO LOG: Apr_21_14:59: Loading constants.rb
 INFO LOG: Apr_21_14:59: Loading class_property.rb
 INFO LOG: Apr_21_14:59: Loading tags.rb
 INFO LOG: Apr_21_14:59: Loading editor/editors.rb
 INFO LOG: Apr_21_14:59: Loading editor/editor.strings.rb
 INFO LOG: Apr_21_14:59: Loading editor/editor.rooms.rb
 INFO LOG: Apr_21_14:59: Loading editor/editor.exits.rb
 INFO LOG: Apr_21_14:59: Loading editor/editor.zones.rb
 INFO LOG: Apr_21_14:59: Loading editor/editor.npc.rb
 INFO LOG: Apr_21_14:59: Loading editor/editor.items.rb
 INFO LOG: Apr_21_14:59: Loading mxp.rb
 INFO LOG: Apr_21_14:59: Loading mccp.rb
 INFO LOG: Apr_21_14:59: Loading flags.rb
 INFO LOG: Apr_21_14:59: Loading damage.rb
 INFO LOG: Apr_21_14:59: Loading areas.rb
 INFO LOG: Apr_21_14:59: Loading event.rb
 INFO LOG: Apr_21_14:59: Loading automap/automap.rb
 INFO LOG: Apr_21_14:59: Loading cities.olc.rb
 INFO LOG: Apr_21_14:59: Loading cities.rb
 INFO LOG: Apr_21_14:59: Loading sector definitions.
 INFO LOG: Apr_21_14:59: Loading help.rb
 INFO LOG: Apr_21_14:59: Loading imcruby.rb
 INFO LOG: Apr_21_14:59: Loading player.rb
 INFO LOG: Apr_21_14:59: Loading commands.rb
 INFO LOG: Apr_21_14:59: Loading random.rb
 INFO LOG: Apr_21_14:59: Loading npc.rb
 INFO LOG: Apr_21_14:59: Loading items.rb
 INFO LOG: Apr_21_14:59: Loading spells.rb
 INFO LOG: Apr_21_14:59: Loading all zones.
 INFO LOG: Apr_21_14:59: Starting server.
 INFO LOG: Apr_21_14:59: PW Server01 doyourhomework2 version=2 MudBytes
 INFO LOG: Apr_21_14:59: CoralMUD is now up on port 4000.
 INFO LOG: Apr_21_14:59: -- 99.191.82.191:57683 connected to CoralMUD!
 INFO LOG: Apr_21_14:59: -- 99.191.82.191:57683: Retnur is trying to connect.
 INFO LOG: Apr_21_14:59: -- 99.191.82.191:57683: Retnur player file found.
 INFO LOG: Apr_21_14:59: -- Retnur has entered the game.
 INFO LOG: Apr_21_15:01: tick!!!
 INFO LOG: Apr_21_15:01: -- #<Player:0x00000002cf0218>:99.191.82.191:57683 disconnected from CoralMUD!
 INFO LOG: Apr_21_15:01: Program closed.
 INFO LOG: Apr_21_15:01: Logging enabled.   Loading logs.rb.
 INFO LOG: Apr_21_15:01: Loading facade.rb
 INFO LOG: Apr_21_15:01: Loading utils.rb
 INFO LOG: Apr_21_15:01: Loading constants.rb
 INFO LOG: Apr_21_15:01: Loading class_property.rb
 INFO LOG: Apr_21_15:01: Loading tags.rb
 INFO LOG: Apr_21_15:01: Loading editor/editors.rb
 INFO LOG: Apr_21_15:01: Loading editor/editor.strings.rb
 INFO LOG: Apr_21_15:01: Loading editor/editor.rooms.rb
 INFO LOG: Apr_21_15:01: Loading editor/editor.exits.rb
 INFO LOG: Apr_21_15:01: Loading editor/editor.zones.rb
 INFO LOG: Apr_21_15:01: Loading editor/editor.npc.rb
 INFO LOG: Apr_21_15:01: Loading editor/editor.items.rb
 INFO LOG: Apr_21_15:01: Loading mxp.rb
 INFO LOG: Apr_21_15:01: Loading mccp.rb
 INFO LOG: Apr_21_15:01: Loading flags.rb
 INFO LOG: Apr_21_15:01: Loading damage.rb
 INFO LOG: Apr_21_15:01: Loading areas.rb
 INFO LOG: Apr_21_15:01: Loading event.rb
 INFO LOG: Apr_21_15:01: Loading automap/automap.rb
 INFO LOG: Apr_21_15:01: Loading cities.olc.rb
 INFO LOG: Apr_21_15:01: Loading cities.rb
 INFO LOG: Apr_21_15:01: Loading sector definitions.
 INFO LOG: Apr_21_15:01: Loading help.rb
 INFO LOG: Apr_21_15:01: Loading imcruby.rb
 INFO LOG: Apr_21_15:01: Loading player.rb
 INFO LOG: Apr_21_15:01: Loading commands.rb
 INFO LOG: Apr_21_15:01: Loading random.rb
 INFO LOG: Apr_21_15:01: Loading npc.rb
 INFO LOG: Apr_21_15:01: Loading items.rb
 INFO LOG: Apr_21_15:01: Loading spells.rb
 INFO LOG: Apr_21_15:01: Loading all zones.
 INFO LOG: Apr_21_15:01: Starting server.
 INFO LOG: Apr_21_15:01: PW Server01 doyourhomework2 version=2 MudBytes
 INFO LOG: Apr_21_15:01: CoralMUD is now up on port 4000.
 INFO LOG: Apr_21_15:01: -- 99.191.82.191:53771 connected to CoralMUD!
 INFO LOG: Apr_21_15:01: -- 99.191.82.191:53771: Retnur is trying to connect.
 INFO LOG: Apr_21_15:01: -- 99.191.82.191:53771: Retnur player file found.
 INFO LOG: Apr_21_15:01: -- Retnur has entered the game.
 INFO LOG: Apr_21_15:03: DavidHaley@MW 1271844279 MW!Server02!Server01 tell Retnur@CoralMUD text=PING
 INFO LOG: Apr_21_15:03: *@SpiresOfAster 1271324029 SpiresOfAster!Server01 is-alive *@* versionid="IMC2 Freedom CL-2.1 LoP 1.38" url=Private host="(Builders only, sorry.)" port=0 sha256=0 networkname=MudBytes
 INFO LOG: Apr_21_15:03: tick!!!
 INFO LOG: Apr_21_15:04: *@AF_Dev 1271788227 AF_Dev!Server02!Server01 keepalive-request *@* 
 INFO LOG: Apr_21_15:04: *@AF_Dev 1271788228 AF_Dev!Server02!Server01 is-alive *@* versionid="IMC2 Freedom CL-2.1a AckFUSS 4.4.2" url=http://www.ackmud.net host=home.gotr00t.us port=3000 sha256=1 networkname=MudBytes
 INFO LOG: Apr_21_15:04: *@realitybld 1271883684 realitybld!Server01 is-alive *@* versionid="imc2-1.03g smaug1.4"  sha256=0 networkname=MudBytes
 INFO LOG: Apr_21_15:04: *@Reality 1271883684 Reality!Server01 is-alive *@* versionid="imc2-1.03g smaug1.4"  sha256=0 networkname=MudBytes
 INFO LOG: Apr_21_15:04: Loading commands.rb
 INFO LOG: Apr_21_15:05: tick!!!
 INFO LOG: Apr_21_15:06: SmaugMUDs@MegaBot 1271541837 MegaBot!Server01 ice-msg-b *@* echo=0 text="[SWFOTE FUSS] &quot;help 2&quot; and other help commands crashing mud [ayuri] (http://www.smaugmuds.org/index.php?a=topic&t=4402&p=20615#p20615)" emote=0 channel=Server02:imudnews 
 INFO LOG: Apr_21_15:07: tick!!!
 INFO LOG: Apr_21_15:09: *@realitybld 1271883975 realitybld!Server01 inforequest *@* 
 INFO LOG: Apr_21_15:09: Loading imcruby.rb
 INFO LOG: Apr_21_15:09: -- #<Player:0x0000000225c540>:99.191.82.191:53771 disconnected from CoralMUD!
 INFO LOG: Apr_21_15:10: Logging enabled.   Loading logs.rb.
 INFO LOG: Apr_21_15:10: Loading facade.rb
 INFO LOG: Apr_21_15:10: Loading utils.rb
 INFO LOG: Apr_21_15:10: Loading constants.rb
 INFO LOG: Apr_21_15:10: Loading class_property.rb
 INFO LOG: Apr_21_15:10: Loading tags.rb
 INFO LOG: Apr_21_15:10: Loading editor/editors.rb
 INFO LOG: Apr_21_15:10: Loading editor/editor.strings.rb
 INFO LOG: Apr_21_15:10: Loading editor/editor.rooms.rb
 INFO LOG: Apr_21_15:10: Loading editor/editor.exits.rb
 INFO LOG: Apr_21_15:10: Loading editor/editor.zones.rb
 INFO LOG: Apr_21_15:10: Loading editor/editor.npc.rb
 INFO LOG: Apr_21_15:10: Loading editor/editor.items.rb
 INFO LOG: Apr_21_15:10: Loading mxp.rb
 INFO LOG: Apr_21_15:10: Loading mccp.rb
 INFO LOG: Apr_21_15:10: Loading flags.rb
 INFO LOG: Apr_21_15:10: Loading damage.rb
 INFO LOG: Apr_21_15:10: Loading areas.rb
 INFO LOG: Apr_21_15:10: Loading event.rb
 INFO LOG: Apr_21_15:10: Loading automap/automap.rb
 INFO LOG: Apr_21_15:10: Loading cities.olc.rb
 INFO LOG: Apr_21_15:10: Loading cities.rb
 INFO LOG: Apr_21_15:10: Loading sector definitions.
 INFO LOG: Apr_21_15:10: Loading help.rb
 INFO LOG: Apr_21_15:10: Loading imcruby.rb
 INFO LOG: Apr_21_15:10: Loading player.rb
 INFO LOG: Apr_21_15:10: Loading commands.rb
 INFO LOG: Apr_21_15:10: Loading random.rb
 INFO LOG: Apr_21_15:10: Loading npc.rb
 INFO LOG: Apr_21_15:10: Loading items.rb
 INFO LOG: Apr_21_15:10: Loading spells.rb
 INFO LOG: Apr_21_15:10: Loading all zones.
 INFO LOG: Apr_21_15:10: Starting server.
 INFO LOG: Apr_21_15:10: PW Server01 doyourhomework2 version=2 MudBytes
 INFO LOG: Apr_21_15:10: CoralMUD is now up on port 4000.
 INFO LOG: Apr_21_15:10: -- 99.191.82.191:48058 connected to CoralMUD!
 INFO LOG: Apr_21_15:10: -- 99.191.82.191:48058: Retnur is trying to connect.
 INFO LOG: Apr_21_15:10: -- 99.191.82.191:48058: Retnur player file found.
 INFO LOG: Apr_21_15:10: -- Retnur has entered the game.
 INFO LOG: Apr_21_15:11: *@SpiresOfAster 1271324031 SpiresOfAster!Server01 is-alive *@* versionid="IMC2 Freedom CL-2.1 LoP 1.38" url=Private host="(Builders only, sorry.)" port=0 sha256=0 networkname=MudBytes
 INFO LOG: Apr_21_15:12: tick!!!
 INFO LOG: Apr_21_15:12: Retnur-CoralMud@Server01 1271880741 Server01 ice-msg-b *@CoralMud text="Can someone send an itell to someone on my game who presumably doesn't exist please? :)" channel=Server01:ichat sender=Retnur@CoralMud emote=0
 INFO LOG: Apr_21_15:14: tick!!!
 INFO LOG: Apr_21_15:14: Cratylus@Dead_Souls_Dev 1269848879 Dead_Souls_Dev!Server01 tell smartperson@CoralMud level=5 text=hi reply=0 emote=0
 INFO LOG: Apr_21_15:16: tick!!!
 INFO LOG: Apr_21_15:18: tick!!!
 INFO LOG: Apr_21_15:18: Loading imcruby.rb
 INFO LOG: Apr_21_15:18: PW Server01 doyourhomework2 version=2 MudBytes
 INFO LOG: Apr_21_15:19: Quixadhal@Bloodlines 1271496636 Bloodlines!Server01 tell boogerman@CoralMud level=5 text="If you exist, you suck." reply=0 emote=0
 INFO LOG: Apr_21_15:20: tick!!!
 INFO LOG: Apr_21_15:20: Quit@Azereth 1271864469 Azereth!Server01 user-cache *@* gender=0
 INFO LOG: Apr_21_15:21: SmaugMUDs@MegaBot 1271541838 MegaBot!Server01 ice-msg-b *@* echo=0 text="[SWFOTE FUSS] &quot;help 2&quot; and other help commands crashing mud [Andril] (http://www.smaugmuds.org/index.php?a=topic&t=4402&p=20616#p20616)" emote=0 channel=Server02:imudnews 
 INFO LOG: Apr_21_15:21: ElReg@MegaBot 1271541839 MegaBot!Server01 ice-msg-b *@* echo=0 text="Google borgs Steve Jobs refugees for 'tablet' smarts (http://go.theregister.com/feed/www.theregister.co.uk/2010/04/21/google_buys_agnilux/)" emote=0 channel=Server02:inews 
 INFO LOG: Apr_21_15:22: tick!!!
 INFO LOG: Apr_21_15:24: tick!!!
 INFO LOG: Apr_21_15:26: tick!!!
 INFO LOG: Apr_21_15:27: *@SpiresOfAster 1271324032 SpiresOfAster!Server01 is-alive *@* versionid="IMC2 Freedom CL-2.1 LoP 1.38" url=Private host="(Builders only, sorry.)" port=0 sha256=0 networkname=MudBytes
 INFO LOG: Apr_21_15:27: Kayle@MW 1271844283 MW!Server02!Server01 tell SomeoneWhoDoesntExist@CoralMud text=Hi
 INFO LOG: Apr_21_15:28: tick!!!
 INFO LOG: Apr_21_15:28: *@AF_Dev 1271788229 AF_Dev!Server02!Server01 keepalive-request *@* 
 INFO LOG: Apr_21_15:28: *@AF_Dev 1271788230 AF_Dev!Server02!Server01 is-alive *@* versionid="IMC2 Freedom CL-2.1a AckFUSS 4.4.2" url=http://www.ackmud.net host=home.gotr00t.us port=3000 sha256=1 networkname=MudBytes
 INFO LOG: Apr_21_15:28: *@realitybld 1271885135 realitybld!Server01 is-alive *@* versionid="imc2-1.03g smaug1.4"  sha256=0 networkname=MudBytes
 INFO LOG: Apr_21_15:28: *@Reality 1271885135 Reality!Server01 is-alive *@* versionid="imc2-1.03g smaug1.4"  sha256=0 networkname=MudBytes
 INFO LOG: Apr_21_15:30: tick!!!
 INFO LOG: Apr_21_15:31: Kayle@MW 1271844285 MW!Server02!Server01 ice-msg-b *@* channel=Server01:ichat text="~CCoralMud@CoralMud ~cimctells you '~WSomeoneWhoDoesntExist was not found on CoralMUD.~c'" emote=0 echo=1
 INFO LOG: Apr_21_15:32: tick!!!
 INFO LOG: Apr_21_15:34: tick!!!
 INFO LOG: Apr_21_15:34: Retnur@Talon 1270342534 Talon!Server01 tell noob@coralmud text=roar
 INFO LOG: Apr_21_15:35: DavidHaley@MW 1271844286 MW!Server02!Server01 ice-msg-b *@* channel=Server01:ichat text="that's funny, for me it didn't do that" emote=0 echo=1
 INFO LOG: Apr_21_15:36: DavidHaley@MW 1271844287 MW!Server02!Server01 tell RetnurTheGreat@CoralMUD text="you don't exist"
 INFO LOG: Apr_21_15:36: DavidHaley@MW 1271844288 MW!Server02!Server01 ice-msg-b *@* channel=Server01:ichat text="oh now it did" emote=0 echo=1
 INFO LOG: Apr_21_15:36: tick!!!
 INFO LOG: Apr_21_15:36: Retnur-CoralMud@Server01 1271882181 Server01 ice-msg-b *@CoralMud text="cause I fixed it :p" channel=Server01:ichat sender=Retnur@CoralMud emote=0
 INFO LOG: Apr_21_15:36: SmaugMUDs@MegaBot 1271541841 MegaBot!Server01 ice-msg-b *@* echo=0 text="[SWFOTE FUSS] &quot;help 2&quot; and other help commands crashing mud [Andril] (http://www.smaugmuds.org/index.php?a=topic&t=4402&p=20618#p20618)" emote=0 channel=Server02:imudnews 
 INFO LOG: Apr_21_15:36: SmaugMUDs@MegaBot 1271541842 MegaBot!Server01 ice-msg-b *@* echo=0 text="[SWFOTE FUSS] &quot;help 2&quot; and other help commands crashing mud [ayuri] (http://www.smaugmuds.org/index.php?a=topic&t=4402&p=20617#p20617)" emote=0 channel=Server02:imudnews 
 INFO LOG: Apr_21_15:38: tick!!!
 INFO LOG: Apr_21_15:40: tick!!!
 INFO LOG: Apr_21_15:40: Kayle@MW 1271844289 MW!Server02!Server01 ice-msg-b *@* channel=Server01:ichat text="I wonder..." emote=0 echo=1
 INFO LOG: Apr_21_15:40: Kayle@MW 1271844290 MW!Server02!Server01 tell SomeoneWhoDoesn'tExist@CoralMud text=Hi
 INFO LOG: Apr_21_15:40: Kayle@MW 1271844291 MW!Server02!Server01 ice-msg-b *@* channel=Server01:ichat text="Oh wow." emote=0 echo=1
 INFO LOG: Apr_21_15:40: Kayle@MW 1271844292 MW!Server02!Server01 ice-msg-b *@* channel=Server01:ichat text="it even handled the apostrophe. :P" emote=0 echo=1
 INFO LOG: Apr_21_15:40: Kayle@MW 1271844293 MW!Server02!Server01 ice-msg-b *@* channel=Server01:ichat text="~CCoralMud@CoralMud ~cimctells you '~WSomeoneWhoDoesn'tExist was not found on CoralMUD.~c'" emote=0 echo=1
 INFO LOG: Apr_21_15:42: tick!!!
 INFO LOG: Apr_21_15:43: DavidHaley@MW 1271844294 MW!Server02!Server01 tell CalcZeroDivZero@CoralMUD text="DBZ FTW"
 INFO LOG: Apr_21_15:43: DavidHaley@MW 1271844295 MW!Server02!Server01 ice-msg-b *@* channel=Server01:ichat text=":(    CoralMud@CoralMud imctells you 'CalcZeroDivZero was not found on CoralMUD.'" emote=0 echo=1
 INFO LOG: Apr_21_15:43: Kayle@MW 1271844296 MW!Server02!Server01 ice-msg-b *@* channel=Server01:ichat text=Lol. emote=0 echo=1
 INFO LOG: Apr_21_15:44: tick!!!
 INFO LOG: Apr_21_15:46: tick!!!
 INFO LOG: Apr_21_15:48: Kline@AF_Dev 1271788231 AF_Dev!Server02!Server01 tell Farts@CoralMud text=Mmmm....
 INFO LOG: Apr_21_15:48: tick!!!
 INFO LOG: Apr_21_15:48: Kline@AF_Dev 1271788232 AF_Dev!Server02!Server01 ice-msg-b *@* channel=Server01:ichat text="CoralMud@CoralMud imctells you 'Farts was not found on CoralMUD.'" emote=0 echo=1
 INFO LOG: Apr_21_15:50: tick!!!
 INFO LOG: Apr_21_15:51: SmaugMUDs@MegaBot 1271541843 MegaBot!Server01 ice-msg-b *@* echo=0 text="[General Discussions] Corrupt downloads [Andril] (http://www.smaugmuds.org/index.php?a=topic&t=4385&p=20619#p20619)" emote=0 channel=Server02:imudnews 
 INFO LOG: Apr_21_15:51: Cratylus@Dead_Souls_Dev 1269848881 Dead_Souls_Dev!Server01 tell smartperson@CoralMud level=5 text=hi reply=0 emote=0
 INFO LOG: Apr_21_15:52: -- #<Player:0x00000000f81218>:99.191.82.191:48058 disconnected from CoralMUD!
 INFO LOG: Apr_21_15:52: Program closed.
 INFO LOG: Apr_21_15:52: Logging enabled.   Loading logs.rb.
 INFO LOG: Apr_21_15:52: Loading facade.rb
 INFO LOG: Apr_21_15:52: Loading utils.rb
 INFO LOG: Apr_21_15:52: Loading constants.rb
 INFO LOG: Apr_21_15:52: Loading class_property.rb
 INFO LOG: Apr_21_15:52: Loading tags.rb
 INFO LOG: Apr_21_15:52: Loading editor/editors.rb
 INFO LOG: Apr_21_15:52: Loading editor/editor.strings.rb
 INFO LOG: Apr_21_15:52: Loading editor/editor.rooms.rb
 INFO LOG: Apr_21_15:52: Loading editor/editor.exits.rb
 INFO LOG: Apr_21_15:52: Loading editor/editor.zones.rb
 INFO LOG: Apr_21_15:52: Loading editor/editor.npc.rb
 INFO LOG: Apr_21_15:52: Loading editor/editor.items.rb
 INFO LOG: Apr_21_15:52: Loading mxp.rb
 INFO LOG: Apr_21_15:52: Loading mccp.rb
 INFO LOG: Apr_21_15:52: Loading flags.rb
 INFO LOG: Apr_21_15:52: Loading damage.rb
 INFO LOG: Apr_21_15:52: Loading areas.rb
 INFO LOG: Apr_21_15:52: Loading event.rb
 INFO LOG: Apr_21_15:52: Loading automap/automap.rb
 INFO LOG: Apr_21_15:52: Loading cities.olc.rb
 INFO LOG: Apr_21_15:52: Loading cities.rb
 INFO LOG: Apr_21_15:52: Loading sector definitions.
 INFO LOG: Apr_21_15:52: Loading help.rb
 INFO LOG: Apr_21_15:52: Loading imcruby.rb
 INFO LOG: Apr_21_15:52: Loading player.rb
 INFO LOG: Apr_21_15:52: Loading commands.rb
 INFO LOG: Apr_21_15:52: Loading random.rb
 INFO LOG: Apr_21_15:52: Loading npc.rb
 INFO LOG: Apr_21_15:52: Loading items.rb
 INFO LOG: Apr_21_15:52: Loading spells.rb
 INFO LOG: Apr_21_15:52: Loading all zones.
 INFO LOG: Apr_21_15:52: Starting server.
 INFO LOG: Apr_21_15:52: PW Server01 doyourhomework2 version=2 MudBytes
 INFO LOG: Apr_21_15:52: CoralMUD is now up on port 4000.
 INFO LOG: Apr_21_15:52: -- 99.191.82.191:33243 connected to CoralMUD!
 INFO LOG: Apr_21_15:52: -- 99.191.82.191:33243: Retnur is trying to connect.
 INFO LOG: Apr_21_15:52: -- 99.191.82.191:33243: Retnur player file found.
 INFO LOG: Apr_21_15:52: -- Retnur has entered the game.
 INFO LOG: Apr_21_15:52: *@AF_Dev 1271788233 AF_Dev!Server02!Server01 keepalive-request *@* 
 INFO LOG: Apr_21_15:52: *@AF_Dev 1271788234 AF_Dev!Server02!Server01 is-alive *@* versionid="IMC2 Freedom CL-2.1a AckFUSS 4.4.2" url=http://www.ackmud.net host=home.gotr00t.us port=3000 sha256=1 networkname=MudBytes
 INFO LOG: Apr_21_15:52: *@realitybld 1271886585 realitybld!Server01 is-alive *@* versionid="imc2-1.03g smaug1.4"  sha256=0 networkname=MudBytes
 INFO LOG: Apr_21_15:52: *@Reality 1271886585 Reality!Server01 is-alive *@* versionid="imc2-1.03g smaug1.4"  sha256=0 networkname=MudBytes
 INFO LOG: Apr_21_15:54: tick!!!
 INFO LOG: Apr_21_15:56: tick!!!
 INFO LOG: Apr_21_15:57: *@SpiresOfAster 1271324035 SpiresOfAster!Server01 is-alive *@* versionid="IMC2 Freedom CL-2.1 LoP 1.38" url=Private host="(Builders only, sorry.)" port=0 sha256=0 networkname=MudBytes
 INFO LOG: Apr_21_15:58: tick!!!
 INFO LOG: Apr_21_16:00: tick!!!
 INFO LOG: Apr_21_16:02: -- #<Player:0x0000000284f150>:99.191.82.191:33243 disconnected from CoralMUD!
 INFO LOG: Apr_21_16:02: Program closed.
 INFO LOG: Apr_21_16:02: Logging enabled.   Loading logs.rb.
 INFO LOG: Apr_21_16:02: Loading facade.rb
 INFO LOG: Apr_21_16:02: Loading utils.rb
 INFO LOG: Apr_21_16:02: Loading constants.rb
 INFO LOG: Apr_21_16:02: Loading class_property.rb
 INFO LOG: Apr_21_16:02: Loading tags.rb
 INFO LOG: Apr_21_16:02: Loading editor/editors.rb
 INFO LOG: Apr_21_16:02: Loading editor/editor.strings.rb
 INFO LOG: Apr_21_16:02: Loading editor/editor.rooms.rb
 INFO LOG: Apr_21_16:02: Loading editor/editor.exits.rb
 INFO LOG: Apr_21_16:02: Loading editor/editor.zones.rb
 INFO LOG: Apr_21_16:02: Loading editor/editor.npc.rb
 INFO LOG: Apr_21_16:02: Loading editor/editor.items.rb
 INFO LOG: Apr_21_16:02: Loading mxp.rb
 INFO LOG: Apr_21_16:02: Loading mccp.rb
 INFO LOG: Apr_21_16:02: Loading flags.rb
 INFO LOG: Apr_21_16:02: Loading damage.rb
 INFO LOG: Apr_21_16:02: Loading areas.rb
 INFO LOG: Apr_21_16:02: Loading event.rb
 INFO LOG: Apr_21_16:02: Loading automap/automap.rb
 INFO LOG: Apr_21_16:02: Loading cities.olc.rb
 INFO LOG: Apr_21_16:02: Loading cities.rb
 INFO LOG: Apr_21_16:02: Loading sector definitions.
 INFO LOG: Apr_21_16:02: Loading help.rb
 INFO LOG: Apr_21_16:02: Loading imcruby.rb
 INFO LOG: Apr_21_16:02: Loading player.rb
 INFO LOG: Apr_21_16:02: Loading commands.rb
 INFO LOG: Apr_21_16:02: Loading random.rb
 INFO LOG: Apr_21_16:02: Loading npc.rb
 INFO LOG: Apr_21_16:02: Loading items.rb
 INFO LOG: Apr_21_16:02: Loading spells.rb
 INFO LOG: Apr_21_16:02: Loading all zones.
 INFO LOG: Apr_21_16:02: Starting server.
 INFO LOG: Apr_21_16:02: PW Server01 doyourhomework2 version=2 MudBytes
 INFO LOG: Apr_21_16:02: CoralMUD is now up on port 4000.
 INFO LOG: Apr_21_16:02: -- 99.191.82.191:55708 connected to CoralMUD!
 INFO LOG: Apr_21_16:02: -- 99.191.82.191:55708: Retnur is trying to connect.
 INFO LOG: Apr_21_16:02: -- 99.191.82.191:55708: Retnur player file found.
 INFO LOG: Apr_21_16:02: -- Retnur has entered the game.
 INFO LOG: Apr_21_16:02: *@SpiresOfAster 1271324036 SpiresOfAster!Server01 is-alive *@* versionid="IMC2 Freedom CL-2.1 LoP 1.38" url=Private host="(Builders only, sorry.)" port=0 sha256=0 networkname=MudBytes
 INFO LOG: Apr_21_16:03: *@SW:IG 1271883788 SW:IG!Server01 keepalive-request *@* 
 INFO LOG: Apr_21_16:03: *@SW:IG 1271883789 SW:IG!Server01 is-alive *@* versionid="IMC2 Freedom CL-2.2 Custom FotE Deriv" url=www.t-n-k-games.com host=t-n-k-games.com port=1500 sha256=1 networkname=MudBytes
 INFO LOG: Apr_21_16:03: *@realitybld 1271887213 realitybld!Server01 is-alive *@* versionid="imc2-1.03g smaug1.4"  sha256=0 networkname=MudBytes
 INFO LOG: Apr_21_16:03: *@Reality 1271887213 Reality!Server01 is-alive *@* versionid="imc2-1.03g smaug1.4"  sha256=0 networkname=MudBytes
 INFO LOG: Apr_21_16:03: DavidHaley@MW 1271844299 MW!Server02!Server01 tell Retnur@CoralMUD text="ping pong"
 INFO LOG: Apr_21_16:04: tick!!!
 INFO LOG: Apr_21_16:04: Loading commands.rb
ERROR LOG: undefined local variable or method `message' for #<Player:0x000000017b0218>
ERROR LOG: /home/heath/coral/lib/commands/test.rb:5:in `block in cmd_test'
ERROR LOG: <internal:prelude>:8:in `synchronize'
ERROR LOG: /home/heath/coral/lib/commands/test.rb:3:in `cmd_test'
ERROR LOG: /home/heath/coral/lib/commands.rb:225:in `execute_command'
ERROR LOG: /home/heath/coral/core/socketengine.rb:160:in `handle_cmd_input'
ERROR LOG: /home/heath/coral/core/socketengine.rb:135:in `receive_data'
ERROR LOG: /usr/local/lib/ruby/gems/1.9.1/gems/eventmachine-0.12.8/lib/eventmachine.rb:242:in `run_machine'
ERROR LOG: /usr/local/lib/ruby/gems/1.9.1/gems/eventmachine-0.12.8/lib/eventmachine.rb:242:in `run'
ERROR LOG: coral.rb:162:in `<main>'
 INFO LOG: Apr_21_16:04: *@MW 1271844300 MW!Server02!Server01 tell Retnur@CoralMud text="No player named *@MW exists here." isreply=1
 INFO LOG: Apr_21_16:05: Retnur-CoralMud@Server01 1271883921 Server01 ice-msg-b *@CoralMud text=http://www.youtube.com/watch?v=2GssZV7H5Tw channel=Server01:ichat sender=Retnur@CoralMud emote=0
 INFO LOG: Apr_21_16:05: Youtube@MegaBot 1271541846 MegaBot!Server01 ice-msg-b *@* echo=0 text="Youtube [2GssZV7H5Tw] is SONIC BLOOM (1998) by Tripping Daisy by wilsonmcphert" emote=0 channel=Server01:ichat 
 INFO LOG: Apr_21_16:05: Retnur-CoralMud@Server01 1271883925 Server01 ice-msg-b *@CoralMud text="When love gets inside of you." channel=Server01:ichat sender=Retnur@CoralMud emote=0
 INFO LOG: Apr_21_16:06: tick!!!
 INFO LOG: Apr_21_16:06: DavidHaley@MW 1271844301 MW!Server02!Server01 ice-msg-b *@* channel=Server01:ichat text=http://www.youtube.com/watch?v=oY96tnplxms~playnext_from=QL emote=0 echo=1
 INFO LOG: Apr_21_16:06: Youtube@MegaBot 1271541847 MegaBot!Server01 ice-msg-b *@* echo=0 text="Youtube [oY96tnplxms] is Attack of the Clones by MysteryGuitarMan" emote=0 channel=Server01:ichat 
 INFO LOG: Apr_21_16:06: Loading imcruby.rb
 INFO LOG: Apr_21_16:08: tick!!!
 INFO LOG: Apr_21_16:10: tick!!!
 INFO LOG: Apr_21_16:12: tick!!!
 INFO LOG: Apr_21_16:14: tick!!!
 INFO LOG: Apr_21_16:16: tick!!!
 INFO LOG: Apr_21_16:18: tick!!!
 INFO LOG: Apr_21_16:20: tick!!!
 INFO LOG: Apr_21_16:22: tick!!!
 INFO LOG: Apr_21_16:24: tick!!!
 INFO LOG: Apr_21_16:26: tick!!!
 INFO LOG: Apr_21_16:28: tick!!!
 INFO LOG: Apr_21_16:30: tick!!!
 INFO LOG: Apr_21_16:32: tick!!!
 INFO LOG: Apr_21_16:34: tick!!!
 INFO LOG: Apr_21_16:36: tick!!!
 INFO LOG: Apr_21_16:38: tick!!!
 INFO LOG: Apr_21_16:40: tick!!!
 INFO LOG: Apr_21_16:42: tick!!!
 INFO LOG: Apr_21_16:44: tick!!!
 INFO LOG: Apr_21_16:46: tick!!!
 INFO LOG: Apr_21_16:48: tick!!!
 INFO LOG: Apr_21_16:50: tick!!!
 INFO LOG: Apr_21_16:52: tick!!!
 INFO LOG: Apr_21_16:54: tick!!!
 INFO LOG: Apr_21_16:56: tick!!!
 INFO LOG: Apr_21_16:58: tick!!!
 INFO LOG: Apr_21_17:00: tick!!!
 INFO LOG: Apr_21_17:02: tick!!!
 INFO LOG: Apr_21_17:04: tick!!!
 INFO LOG: Apr_21_17:06: tick!!!
 INFO LOG: Apr_21_17:08: tick!!!
 INFO LOG: Apr_21_17:10: tick!!!
 INFO LOG: Apr_21_17:12: tick!!!
 INFO LOG: Apr_21_17:14: tick!!!
 INFO LOG: Apr_21_17:16: tick!!!
 INFO LOG: Apr_21_17:18: tick!!!
 INFO LOG: Apr_21_17:20: tick!!!
 INFO LOG: Apr_21_17:22: tick!!!
 INFO LOG: Apr_21_17:24: tick!!!
 INFO LOG: Apr_21_17:26: tick!!!
 INFO LOG: Apr_21_17:28: tick!!!
 INFO LOG: Apr_21_17:30: tick!!!
 INFO LOG: Apr_21_17:32: tick!!!
 INFO LOG: Apr_21_17:34: tick!!!
 INFO LOG: Apr_21_17:36: tick!!!
 INFO LOG: Apr_21_17:38: tick!!!
 INFO LOG: Apr_21_17:40: tick!!!
 INFO LOG: Apr_21_17:42: tick!!!
 INFO LOG: Apr_21_17:44: tick!!!
 INFO LOG: Apr_21_17:46: tick!!!
 INFO LOG: Apr_21_17:48: tick!!!
 INFO LOG: Apr_21_17:50: tick!!!
 INFO LOG: Apr_21_17:52: tick!!!
 INFO LOG: Apr_21_17:54: tick!!!
 INFO LOG: Apr_21_17:56: tick!!!
 INFO LOG: Apr_21_17:58: tick!!!
 INFO LOG: Apr_21_18:00: tick!!!
 INFO LOG: Apr_21_18:02: tick!!!
 INFO LOG: Apr_21_18:04: tick!!!
 INFO LOG: Apr_21_18:06: tick!!!
 INFO LOG: Apr_21_18:08: tick!!!
 INFO LOG: Apr_21_18:10: tick!!!
 INFO LOG: Apr_21_18:12: tick!!!
 INFO LOG: Apr_21_18:14: tick!!!
 INFO LOG: Apr_21_18:16: tick!!!
 INFO LOG: Apr_21_18:18: tick!!!
 INFO LOG: Apr_21_18:20: tick!!!
 INFO LOG: Apr_21_18:22: tick!!!
 INFO LOG: Apr_21_18:24: tick!!!
 INFO LOG: Apr_21_18:26: tick!!!
 INFO LOG: Apr_21_18:28: tick!!!
 INFO LOG: Apr_21_18:30: tick!!!
 INFO LOG: Apr_21_18:32: tick!!!
 INFO LOG: Apr_21_18:34: tick!!!
 INFO LOG: Apr_21_18:36: tick!!!
 INFO LOG: Apr_21_18:38: tick!!!
 INFO LOG: Apr_21_18:40: tick!!!
 INFO LOG: Apr_21_18:42: tick!!!
 INFO LOG: Apr_21_18:44: tick!!!
 INFO LOG: Apr_21_18:46: tick!!!
 INFO LOG: Apr_21_18:48: tick!!!
 INFO LOG: Apr_21_18:50: tick!!!
 INFO LOG: Apr_21_18:52: tick!!!
 INFO LOG: Apr_21_18:54: tick!!!
 INFO LOG: Apr_21_18:56: tick!!!
 INFO LOG: Apr_21_18:58: tick!!!
 INFO LOG: Apr_21_19:00: tick!!!
 INFO LOG: Apr_21_19:02: tick!!!
 INFO LOG: Apr_21_19:04: tick!!!
 INFO LOG: Apr_21_19:06: tick!!!
 INFO LOG: Apr_21_19:08: tick!!!
 INFO LOG: Apr_21_19:10: tick!!!
 INFO LOG: Apr_21_19:12: tick!!!
 INFO LOG: Apr_21_19:14: tick!!!
 INFO LOG: Apr_21_19:16: tick!!!
 INFO LOG: Apr_21_19:18: tick!!!
 INFO LOG: Apr_21_19:20: tick!!!
 INFO LOG: Apr_21_19:22: tick!!!
 INFO LOG: Apr_21_19:24: tick!!!
 INFO LOG: Apr_21_19:26: tick!!!
 INFO LOG: Apr_21_19:28: tick!!!
 INFO LOG: Apr_21_19:30: tick!!!
 INFO LOG: Apr_21_19:32: tick!!!
 INFO LOG: Apr_21_19:34: tick!!!
 INFO LOG: Apr_21_19:36: tick!!!
 INFO LOG: Apr_21_19:38: tick!!!
 INFO LOG: Apr_21_19:40: tick!!!
 INFO LOG: Apr_21_19:42: tick!!!
 INFO LOG: Apr_21_19:44: tick!!!
 INFO LOG: Apr_21_19:46: tick!!!
 INFO LOG: Apr_21_19:48: tick!!!
 INFO LOG: Apr_21_19:50: tick!!!
 INFO LOG: Apr_21_19:52: tick!!!
 INFO LOG: Apr_21_19:54: tick!!!
 INFO LOG: Apr_21_19:56: tick!!!
 INFO LOG: Apr_21_19:58: tick!!!
 INFO LOG: Apr_21_20:00: tick!!!
 INFO LOG: Apr_21_20:02: tick!!!
 INFO LOG: Apr_21_20:04: tick!!!
 INFO LOG: Apr_21_20:06: tick!!!
 INFO LOG: Apr_21_20:08: tick!!!
 INFO LOG: Apr_21_20:10: tick!!!
 INFO LOG: Apr_21_20:12: tick!!!
 INFO LOG: Apr_21_20:14: tick!!!
 INFO LOG: Apr_21_20:16: tick!!!
 INFO LOG: Apr_21_20:17: -- #<Player:0x000000017b0218>:99.191.82.191:55708 disconnected from CoralMUD!
 INFO LOG: Apr_21_20:17: Program closed.
