 INFO LOG: Apr_29_20:25: Logging enabled.   Loading logs.rb.
 INFO LOG: Apr_29_20:25: Loading facade.rb
 INFO LOG: Apr_29_20:25: Loading utils.rb
 INFO LOG: Apr_29_20:25: Loading constants.rb
 INFO LOG: Apr_29_20:25: Loading class_property.rb
 INFO LOG: Apr_29_20:25: Loading scripts.rb
 INFO LOG: Apr_29_20:25: Loading tags.rb
 INFO LOG: Apr_29_20:25: Loading editor/editors.rb
 INFO LOG: Apr_29_20:25: Loading editor/editor.strings.rb
 INFO LOG: Apr_29_20:25: Loading editor/editor.rooms.rb
 INFO LOG: Apr_29_20:25: Loading editor/editor.exits.rb
 INFO LOG: Apr_29_20:25: Loading editor/editor.zones.rb
 INFO LOG: Apr_29_20:25: Loading editor/editor.npc.rb
 INFO LOG: Apr_29_20:25: Loading editor/editor.items.rb
 INFO LOG: Apr_29_20:25: Loading mxp.rb
 INFO LOG: Apr_29_20:25: Loading mccp.rb
 INFO LOG: Apr_29_20:25: Loading flags.rb
 INFO LOG: Apr_29_20:25: Loading damage.rb
 INFO LOG: Apr_29_20:25: Loading areas.rb
 INFO LOG: Apr_29_20:25: Loading event.rb
 INFO LOG: Apr_29_20:25: Loading automap/automap.rb
 INFO LOG: Apr_29_20:25: Loading cities.olc.rb
 INFO LOG: Apr_29_20:25: Loading cities.rb
 INFO LOG: Apr_29_20:25: Loading sector definitions.
 INFO LOG: Apr_29_20:25: Loading help.rb
 INFO LOG: Apr_29_20:25: Loading imcruby.rb
 INFO LOG: Apr_29_20:25: Loading player.rb
 INFO LOG: Apr_29_20:25: Loading commands.rb
 INFO LOG: Apr_29_20:25: Loading random.rb
 INFO LOG: Apr_29_20:25: Loading npc.rb
 INFO LOG: Apr_29_20:25: Loading items.rb
 INFO LOG: Apr_29_20:25: Loading spells.rb
 INFO LOG: Apr_29_20:25: Loading all zones.
 INFO LOG: Apr_29_20:25: Starting server.
 INFO LOG: Apr_29_20:25: CoralMUD is now up on port 4000.
 INFO LOG: Apr_29_20:27: tick!!!
 INFO LOG: Apr_29_20:29: tick!!!
 INFO LOG: Apr_29_20:31: tick!!!
 INFO LOG: Apr_29_20:33: tick!!!
 INFO LOG: Apr_29_20:35: tick!!!
 INFO LOG: Apr_29_20:37: tick!!!
 INFO LOG: Apr_29_20:39: tick!!!
 INFO LOG: Apr_29_20:41: tick!!!
 INFO LOG: Apr_29_20:43: tick!!!
 INFO LOG: Apr_29_20:45: tick!!!
 INFO LOG: Apr_29_20:47: tick!!!
 INFO LOG: Apr_29_20:49: -- 99.191.82.191:54944 connected to CoralMUD!
 INFO LOG: Apr_29_20:49: -- 99.191.82.191:54944: Retnur is trying to connect.
 INFO LOG: Apr_29_20:49: -- 99.191.82.191:54944: Retnur player file found.
 INFO LOG: Apr_29_20:49: -- Retnur has entered the game.
 INFO LOG: Apr_29_20:49: -- #<Player:0x00000002cbbd60>:99.191.82.191:54944 disconnected from CoralMUD!
 INFO LOG: Apr_29_20:49: Program closed.
 INFO LOG: Apr_29_20:49: Logging enabled.   Loading logs.rb.
 INFO LOG: Apr_29_20:49: Loading facade.rb
 INFO LOG: Apr_29_20:49: Loading utils.rb
 INFO LOG: Apr_29_20:49: Loading constants.rb
 INFO LOG: Apr_29_20:49: Loading class_property.rb
 INFO LOG: Apr_29_20:49: Loading scripts.rb
 INFO LOG: Apr_29_20:49: Loading tags.rb
 INFO LOG: Apr_29_20:49: Loading editor/editors.rb
 INFO LOG: Apr_29_20:49: Loading editor/editor.strings.rb
 INFO LOG: Apr_29_20:49: Loading editor/editor.rooms.rb
 INFO LOG: Apr_29_20:49: Loading editor/editor.exits.rb
 INFO LOG: Apr_29_20:49: Loading editor/editor.zones.rb
 INFO LOG: Apr_29_20:49: Loading editor/editor.npc.rb
 INFO LOG: Apr_29_20:49: Loading editor/editor.items.rb
 INFO LOG: Apr_29_20:49: Loading mxp.rb
 INFO LOG: Apr_29_20:49: Loading mccp.rb
 INFO LOG: Apr_29_20:49: Loading flags.rb
 INFO LOG: Apr_29_20:49: Loading damage.rb
 INFO LOG: Apr_29_20:49: Loading areas.rb
 INFO LOG: Apr_29_20:49: Loading event.rb
 INFO LOG: Apr_29_20:49: Loading automap/automap.rb
 INFO LOG: Apr_29_20:49: Loading cities.olc.rb
 INFO LOG: Apr_29_20:49: Loading cities.rb
 INFO LOG: Apr_29_20:49: Loading sector definitions.
 INFO LOG: Apr_29_20:49: Loading help.rb
 INFO LOG: Apr_29_20:49: Loading imcruby.rb
 INFO LOG: Apr_29_20:49: Loading player.rb
 INFO LOG: Apr_29_20:49: Loading commands.rb
 INFO LOG: Apr_29_20:49: Loading random.rb
 INFO LOG: Apr_29_20:49: Loading npc.rb
 INFO LOG: Apr_29_20:49: Loading items.rb
 INFO LOG: Apr_29_20:49: Loading spells.rb
 INFO LOG: Apr_29_20:49: Loading all zones.
 INFO LOG: Apr_29_20:49: Starting server.
 INFO LOG: Apr_29_20:49: CoralMUD is now up on port 4000.
 INFO LOG: Apr_29_20:49: -- 99.191.82.191:56762 connected to CoralMUD!
 INFO LOG: Apr_29_20:49: -- 99.191.82.191:56762: Retnur is trying to connect.
 INFO LOG: Apr_29_20:49: -- 99.191.82.191:56762: Retnur player file found.
 INFO LOG: Apr_29_20:49: -- Retnur has entered the game.
 INFO LOG: Apr_29_20:50: -- #<Player:0x000000013a6488>:99.191.82.191:56762 disconnected from CoralMUD!
 INFO LOG: Apr_29_20:50: Program closed.
 INFO LOG: Apr_29_20:53: Logging enabled.   Loading logs.rb.
 INFO LOG: Apr_29_20:53: Loading facade.rb
 INFO LOG: Apr_29_20:53: Loading utils.rb
 INFO LOG: Apr_29_20:53: Loading constants.rb
 INFO LOG: Apr_29_20:53: Loading class_property.rb
 INFO LOG: Apr_29_20:53: Loading scripts.rb
 INFO LOG: Apr_29_20:53: Loading tags.rb
 INFO LOG: Apr_29_20:53: Loading editor/editors.rb
 INFO LOG: Apr_29_20:53: Loading editor/editor.strings.rb
 INFO LOG: Apr_29_20:53: Loading editor/editor.rooms.rb
 INFO LOG: Apr_29_20:53: Loading editor/editor.exits.rb
 INFO LOG: Apr_29_20:53: Loading editor/editor.zones.rb
 INFO LOG: Apr_29_20:53: Loading editor/editor.npc.rb
 INFO LOG: Apr_29_20:53: Loading editor/editor.items.rb
 INFO LOG: Apr_29_20:53: Loading mxp.rb
 INFO LOG: Apr_29_20:53: Loading mccp.rb
 INFO LOG: Apr_29_20:53: Loading flags.rb
 INFO LOG: Apr_29_20:53: Loading damage.rb
 INFO LOG: Apr_29_20:53: Loading areas.rb
 INFO LOG: Apr_29_20:53: Loading event.rb
 INFO LOG: Apr_29_20:53: Loading automap/automap.rb
 INFO LOG: Apr_29_20:53: Loading cities.olc.rb
 INFO LOG: Apr_29_20:53: Loading cities.rb
 INFO LOG: Apr_29_20:53: Loading sector definitions.
 INFO LOG: Apr_29_20:53: Loading help.rb
 INFO LOG: Apr_29_20:53: Loading imcruby.rb
 INFO LOG: Apr_29_20:53: Loading player.rb
 INFO LOG: Apr_29_20:53: Loading commands.rb
 INFO LOG: Apr_29_20:53: Loading random.rb
 INFO LOG: Apr_29_20:53: Loading npc.rb
 INFO LOG: Apr_29_20:53: Loading items.rb
 INFO LOG: Apr_29_20:53: Loading spells.rb
 INFO LOG: Apr_29_20:53: Loading all zones.
 INFO LOG: Apr_29_20:53: Starting server.
 INFO LOG: Apr_29_20:53: CoralMUD is now up on port 4000.
 INFO LOG: Apr_29_20:53: -- 99.191.82.191:41563 connected to CoralMUD!
 INFO LOG: Apr_29_20:53: -- 99.191.82.191:41563: Retnur is trying to connect.
 INFO LOG: Apr_29_20:53: -- 99.191.82.191:41563: Retnur player file found.
 INFO LOG: Apr_29_20:53: -- Retnur has entered the game.
 INFO LOG: Apr_29_20:55: tick!!!
 INFO LOG: Apr_29_20:57: tick!!!
 INFO LOG: Apr_29_20:59: tick!!!
 INFO LOG: Apr_29_21:01: tick!!!
 INFO LOG: Apr_29_21:03: tick!!!
 INFO LOG: Apr_29_21:05: tick!!!
 INFO LOG: Apr_29_21:06: Loading items.rb
 INFO LOG: Apr_29_21:07: tick!!!
 INFO LOG: Apr_29_21:09: tick!!!
 INFO LOG: Apr_29_21:11: tick!!!
 INFO LOG: Apr_29_21:13: tick!!!
 INFO LOG: Apr_29_21:15: tick!!!
 INFO LOG: Apr_29_21:17: tick!!!
 INFO LOG: Apr_29_21:19: tick!!!
 INFO LOG: Apr_29_21:21: tick!!!
 INFO LOG: Apr_29_21:23: tick!!!
 INFO LOG: Apr_29_21:25: tick!!!
 INFO LOG: Apr_29_21:27: tick!!!
 INFO LOG: Apr_29_21:29: tick!!!
 INFO LOG: Apr_29_21:31: tick!!!
 INFO LOG: Apr_29_21:33: tick!!!
 INFO LOG: Apr_29_21:35: tick!!!
 INFO LOG: Apr_29_21:37: tick!!!
 INFO LOG: Apr_29_21:39: tick!!!
 INFO LOG: Apr_29_21:41: tick!!!
 INFO LOG: Apr_29_21:43: tick!!!
 INFO LOG: Apr_29_21:45: tick!!!
 INFO LOG: Apr_29_21:47: tick!!!
 INFO LOG: Apr_29_21:49: tick!!!
 INFO LOG: Apr_29_21:51: tick!!!
 INFO LOG: Apr_29_21:53: tick!!!
 INFO LOG: Apr_29_21:55: tick!!!
 INFO LOG: Apr_29_21:57: tick!!!
 INFO LOG: Apr_29_21:59: tick!!!
 INFO LOG: Apr_29_22:01: tick!!!
 INFO LOG: Apr_29_22:03: tick!!!
 INFO LOG: Apr_29_22:05: tick!!!
 INFO LOG: Apr_29_22:07: tick!!!
 INFO LOG: Apr_29_22:09: tick!!!
 INFO LOG: Apr_29_22:11: tick!!!
 INFO LOG: Apr_29_22:12: -- #<Player:0x00000002d4f1c8>:99.191.82.191:41563 disconnected from CoralMUD!
 INFO LOG: Apr_29_22:12: Program closed.
 INFO LOG: Apr_29_22:13: Logging enabled.   Loading logs.rb.
 INFO LOG: Apr_29_22:13: Loading facade.rb
 INFO LOG: Apr_29_22:13: Loading utils.rb
 INFO LOG: Apr_29_22:13: Loading word_processing.rb
 INFO LOG: Apr_29_22:13: Loading constants.rb
 INFO LOG: Apr_29_22:13: Loading class_property.rb
 INFO LOG: Apr_29_22:13: Loading scripts.rb
 INFO LOG: Apr_29_22:13: Loading tags.rb
 INFO LOG: Apr_29_22:13: Loading editor/editors.rb
 INFO LOG: Apr_29_22:13: Loading editor/editor.strings.rb
 INFO LOG: Apr_29_22:13: Loading editor/editor.rooms.rb
 INFO LOG: Apr_29_22:13: Loading editor/editor.exits.rb
 INFO LOG: Apr_29_22:13: Loading editor/editor.zones.rb
 INFO LOG: Apr_29_22:13: Loading editor/editor.npc.rb
 INFO LOG: Apr_29_22:13: Loading editor/editor.items.rb
 INFO LOG: Apr_29_22:13: Loading mxp.rb
 INFO LOG: Apr_29_22:13: Loading mccp.rb
 INFO LOG: Apr_29_22:13: Loading flags.rb
 INFO LOG: Apr_29_22:13: Loading damage.rb
 INFO LOG: Apr_29_22:13: Loading areas.rb
 INFO LOG: Apr_29_22:13: Loading event.rb
 INFO LOG: Apr_29_22:13: Loading automap/automap.rb
 INFO LOG: Apr_29_22:13: Loading cities.olc.rb
 INFO LOG: Apr_29_22:13: Loading cities.rb
 INFO LOG: Apr_29_22:13: Loading sector definitions.
 INFO LOG: Apr_29_22:13: Loading help.rb
 INFO LOG: Apr_29_22:13: Loading imcruby.rb
 INFO LOG: Apr_29_22:13: Loading player.rb
 INFO LOG: Apr_29_22:13: Loading commands.rb
 INFO LOG: Apr_29_22:13: Loading random.rb
 INFO LOG: Apr_29_22:13: Loading npc.rb
 INFO LOG: Apr_29_22:13: Loading items.rb
 INFO LOG: Apr_29_22:13: Loading spells.rb
 INFO LOG: Apr_29_22:13: Loading all zones.
 INFO LOG: Apr_29_22:13: Starting server.
 INFO LOG: Apr_29_22:13: CoralMUD is now up on port 4000.
 INFO LOG: Apr_29_22:15: tick!!!
 INFO LOG: Apr_29_22:17: tick!!!
 INFO LOG: Apr_29_22:19: tick!!!
 INFO LOG: Apr_29_22:21: tick!!!
 INFO LOG: Apr_29_22:23: tick!!!
 INFO LOG: Apr_29_22:25: tick!!!
 INFO LOG: Apr_29_22:27: tick!!!
 INFO LOG: Apr_29_22:29: -- 99.191.82.191:44510 connected to CoralMUD!
 INFO LOG: Apr_29_22:29: -- 99.191.82.191:44510: Retnur is trying to connect.
 INFO LOG: Apr_29_22:29: -- 99.191.82.191:44510: Retnur player file found.
 INFO LOG: Apr_29_22:29: -- Retnur has entered the game.
 INFO LOG: Apr_29_22:29: tick!!!
 INFO LOG: Apr_29_22:31: tick!!!
 INFO LOG: Apr_29_22:33: tick!!!
 INFO LOG: Apr_29_22:35: Loading items.rb
 INFO LOG: Apr_29_22:35: tick!!!
 INFO LOG: Apr_29_22:35: -- #<Player:0x00000002868088>:99.191.82.191:44510 disconnected from CoralMUD!
 INFO LOG: Apr_29_22:35: Program closed.
 INFO LOG: Apr_29_22:35: Logging enabled.   Loading logs.rb.
 INFO LOG: Apr_29_22:35: Loading facade.rb
 INFO LOG: Apr_29_22:35: Loading utils.rb
 INFO LOG: Apr_29_22:35: Loading word_processing.rb
 INFO LOG: Apr_29_22:35: Loading constants.rb
 INFO LOG: Apr_29_22:35: Loading class_property.rb
 INFO LOG: Apr_29_22:35: Loading scripts.rb
 INFO LOG: Apr_29_22:35: Loading tags.rb
 INFO LOG: Apr_29_22:35: Loading editor/editors.rb
 INFO LOG: Apr_29_22:35: Loading editor/editor.strings.rb
 INFO LOG: Apr_29_22:35: Loading editor/editor.rooms.rb
 INFO LOG: Apr_29_22:35: Loading editor/editor.exits.rb
 INFO LOG: Apr_29_22:35: Loading editor/editor.zones.rb
 INFO LOG: Apr_29_22:35: Loading editor/editor.npc.rb
 INFO LOG: Apr_29_22:35: Loading editor/editor.items.rb
 INFO LOG: Apr_29_22:35: Loading mxp.rb
 INFO LOG: Apr_29_22:35: Loading mccp.rb
 INFO LOG: Apr_29_22:35: Loading flags.rb
 INFO LOG: Apr_29_22:35: Loading damage.rb
 INFO LOG: Apr_29_22:35: Loading areas.rb
 INFO LOG: Apr_29_22:35: Loading event.rb
 INFO LOG: Apr_29_22:35: Loading automap/automap.rb
 INFO LOG: Apr_29_22:35: Loading cities.olc.rb
 INFO LOG: Apr_29_22:35: Loading cities.rb
 INFO LOG: Apr_29_22:35: Loading sector definitions.
 INFO LOG: Apr_29_22:35: Loading help.rb
 INFO LOG: Apr_29_22:35: Loading imcruby.rb
 INFO LOG: Apr_29_22:35: Loading player.rb
 INFO LOG: Apr_29_22:35: Loading commands.rb
 INFO LOG: Apr_29_22:35: Loading random.rb
 INFO LOG: Apr_29_22:35: Loading npc.rb
 INFO LOG: Apr_29_22:35: Loading items.rb
 INFO LOG: Apr_29_22:35: Loading spells.rb
 INFO LOG: Apr_29_22:35: Loading all zones.
 INFO LOG: Apr_29_22:35: Starting server.
 INFO LOG: Apr_29_22:35: CoralMUD is now up on port 4000.
 INFO LOG: Apr_29_22:36: -- 99.191.82.191:49356 connected to CoralMUD!
 INFO LOG: Apr_29_22:36: -- 99.191.82.191:49356: Retnur is trying to connect.
 INFO LOG: Apr_29_22:36: -- 99.191.82.191:49356: Retnur player file found.
 INFO LOG: Apr_29_22:36: -- Retnur has entered the game.
 INFO LOG: Apr_29_22:36: -- #<Player:0x00000002868268>:99.191.82.191:49356 disconnected from CoralMUD!
 INFO LOG: Apr_29_22:36: Program closed.
 INFO LOG: Apr_29_22:36: Logging enabled.   Loading logs.rb.
 INFO LOG: Apr_29_22:36: Loading facade.rb
 INFO LOG: Apr_29_22:36: Loading utils.rb
 INFO LOG: Apr_29_22:36: Loading word_processing.rb
 INFO LOG: Apr_29_22:36: Loading constants.rb
 INFO LOG: Apr_29_22:36: Loading class_property.rb
 INFO LOG: Apr_29_22:36: Loading scripts.rb
 INFO LOG: Apr_29_22:36: Loading tags.rb
 INFO LOG: Apr_29_22:36: Loading editor/editors.rb
 INFO LOG: Apr_29_22:36: Loading editor/editor.strings.rb
 INFO LOG: Apr_29_22:36: Loading editor/editor.rooms.rb
 INFO LOG: Apr_29_22:36: Loading editor/editor.exits.rb
 INFO LOG: Apr_29_22:36: Loading editor/editor.zones.rb
 INFO LOG: Apr_29_22:36: Loading editor/editor.npc.rb
 INFO LOG: Apr_29_22:36: Loading editor/editor.items.rb
 INFO LOG: Apr_29_22:36: Loading mxp.rb
 INFO LOG: Apr_29_22:36: Loading mccp.rb
 INFO LOG: Apr_29_22:36: Loading flags.rb
 INFO LOG: Apr_29_22:36: Loading damage.rb
 INFO LOG: Apr_29_22:36: Loading areas.rb
 INFO LOG: Apr_29_22:36: Loading event.rb
 INFO LOG: Apr_29_22:36: Loading automap/automap.rb
 INFO LOG: Apr_29_22:36: Loading cities.olc.rb
 INFO LOG: Apr_29_22:36: Loading cities.rb
 INFO LOG: Apr_29_22:36: Loading sector definitions.
 INFO LOG: Apr_29_22:36: Loading help.rb
 INFO LOG: Apr_29_22:36: Loading imcruby.rb
 INFO LOG: Apr_29_22:36: Loading player.rb
 INFO LOG: Apr_29_22:36: Loading commands.rb
 INFO LOG: Apr_29_22:36: Loading random.rb
 INFO LOG: Apr_29_22:36: Loading npc.rb
 INFO LOG: Apr_29_22:36: Loading items.rb
 INFO LOG: Apr_29_22:36: Loading spells.rb
 INFO LOG: Apr_29_22:36: Loading all zones.
 INFO LOG: Apr_29_22:36: Starting server.
 INFO LOG: Apr_29_22:36: CoralMUD is now up on port 4000.
 INFO LOG: Apr_29_22:37: -- 99.191.82.191:43587 connected to CoralMUD!
 INFO LOG: Apr_29_22:37: -- 99.191.82.191:43587: Retnur is trying to connect.
 INFO LOG: Apr_29_22:37: -- 99.191.82.191:43587: Retnur player file found.
 INFO LOG: Apr_29_22:37: -- Retnur has entered the game.
 INFO LOG: Apr_29_22:38: tick!!!
 INFO LOG: Apr_29_22:39: Loading items.rb
 INFO LOG: Apr_29_22:40: tick!!!
 INFO LOG: Apr_29_22:42: tick!!!
 INFO LOG: Apr_29_22:44: tick!!!
 INFO LOG: Apr_29_22:46: tick!!!
 INFO LOG: Apr_29_22:48: tick!!!
 INFO LOG: Apr_29_22:50: tick!!!
 INFO LOG: Apr_29_22:52: tick!!!
 INFO LOG: Apr_29_22:54: tick!!!
 INFO LOG: Apr_29_22:56: tick!!!
 INFO LOG: Apr_29_22:58: tick!!!
 INFO LOG: Apr_29_23:00: tick!!!
 INFO LOG: Apr_29_23:02: tick!!!
 INFO LOG: Apr_29_23:04: tick!!!
 INFO LOG: Apr_29_23:06: tick!!!
 INFO LOG: Apr_29_23:08: tick!!!
 INFO LOG: Apr_29_23:10: tick!!!
 INFO LOG: Apr_29_23:12: tick!!!
 INFO LOG: Apr_29_23:14: tick!!!
 INFO LOG: Apr_29_23:16: tick!!!
 INFO LOG: Apr_29_23:18: tick!!!
 INFO LOG: Apr_29_23:20: tick!!!
 INFO LOG: Apr_29_23:23: tick!!!
 INFO LOG: Apr_29_23:25: tick!!!
 INFO LOG: Apr_29_23:27: tick!!!
 INFO LOG: Apr_29_23:29: tick!!!
 INFO LOG: Apr_29_23:31: tick!!!
 INFO LOG: Apr_29_23:33: tick!!!
 INFO LOG: Apr_29_23:35: tick!!!
 INFO LOG: Apr_29_23:37: tick!!!
 INFO LOG: Apr_29_23:39: tick!!!
 INFO LOG: Apr_29_23:41: tick!!!
 INFO LOG: Apr_29_23:43: tick!!!
 INFO LOG: Apr_29_23:45: tick!!!
 INFO LOG: Apr_29_23:47: tick!!!
 INFO LOG: Apr_29_23:49: tick!!!
 INFO LOG: Apr_29_23:51: tick!!!
 INFO LOG: Apr_29_23:53: tick!!!
 INFO LOG: Apr_29_23:55: tick!!!
 INFO LOG: Apr_29_23:57: tick!!!
 INFO LOG: Apr_29_23:59: tick!!!
 INFO LOG: Apr_30_00:01: tick!!!
 INFO LOG: Apr_30_00:03: tick!!!
 INFO LOG: Apr_30_00:05: tick!!!
 INFO LOG: Apr_30_00:07: tick!!!
 INFO LOG: Apr_30_00:09: tick!!!
 INFO LOG: Apr_30_00:11: tick!!!
 INFO LOG: Apr_30_00:13: tick!!!
 INFO LOG: Apr_30_00:15: tick!!!
 INFO LOG: Apr_30_00:17: tick!!!
 INFO LOG: Apr_30_00:19: tick!!!
 INFO LOG: Apr_30_00:21: tick!!!
 INFO LOG: Apr_30_00:23: tick!!!
 INFO LOG: Apr_30_00:23: -- #<Player:0x00000001dc4208>:99.191.82.191:43587 disconnected from CoralMUD!
 INFO LOG: Apr_30_00:23: Program closed.
