 INFO LOG: Apr__7_22: Logging enabled.   Loading logs.rb.
 INFO LOG: Apr__7_22: Loading utils.rb
 INFO LOG: Apr__7_22: Loading constants.rb
 INFO LOG: Apr__7_22: Loading class_property.rb
 INFO LOG: Apr__7_22: Loading editors.rb
 INFO LOG: Apr__7_22: Loading mxp.rb
 INFO LOG: Apr__7_22: Loading mccp.rb
 INFO LOG: Apr__7_22: Loading flags.rb
 INFO LOG: Apr__7_22: Loading damage.rb
 INFO LOG: Apr__7_22: Loading event.rb
 INFO LOG: Apr__7_22: Loading automap/automap.rb
 INFO LOG: Apr__7_22: Loading cities.automap.rb
 INFO LOG: Apr__7_22: Loading cities.olc.rb
 INFO LOG: Apr__7_22: Loading cities.rb
 INFO LOG: Apr__7_22: Loading help.rb
 INFO LOG: Apr__7_22: Loading imcruby.rb
 INFO LOG: Apr__7_22: Loading player.rb
 INFO LOG: Apr__7_22: Loading player.commands.rb
 INFO LOG: Apr__7_22: Loading random.rb
 INFO LOG: Apr__7_22: Loading spells.rb
 INFO LOG: Apr__7_22: Starting server.
 INFO LOG: Apr__7_22: CoralMUD is now up on port 4000.
 INFO LOG: Apr__7_22: -- 99.191.82.191:58399 connected to CoralMUD!
 INFO LOG: Apr__7_22: -- 99.191.82.191:58399: Retnur is trying to connect.
 INFO LOG: Apr__7_22: -- 99.191.82.191:58399: Retnur player file found.
 INFO LOG: Apr__7_22: -- Retnur has entered the game.
 INFO LOG: Apr__7_22: tick!!!
 INFO LOG: Apr__7_22: Loading automap/automap.rb
 INFO LOG: Apr__7_22: tick!!!
 INFO LOG: Apr__7_22: tick!!!
 INFO LOG: Apr__7_22: Loading automap/automap.rb
 INFO LOG: Apr__7_22: tick!!!
 INFO LOG: Apr__7_22: Loading automap/automap.rb
 INFO LOG: Apr__7_22: tick!!!
 INFO LOG: Apr__7_22: tick!!!
 INFO LOG: Apr__7_22: tick!!!
 INFO LOG: Apr__7_22: Loading automap/automap.rb
ERROR LOG: undefined local variable or method `player' for #<Automap:0x00000002a68130>
ERROR LOG: /home/heath/coral/lib/automap/automap.rb:101:in `view'
ERROR LOG: /home/heath/coral/lib/player.commands.rb:549:in `cmd_look'
ERROR LOG: /home/heath/coral/lib/player.commands.rb:188:in `execute_command'
ERROR LOG: /home/heath/coral/core/socketengine.rb:156:in `handle_cmd_input'
ERROR LOG: /home/heath/coral/core/socketengine.rb:136:in `receive_data'
ERROR LOG: /usr/local/lib/ruby/gems/1.9.1/gems/eventmachine-0.12.8/lib/eventmachine.rb:242:in `run_machine'
ERROR LOG: /usr/local/lib/ruby/gems/1.9.1/gems/eventmachine-0.12.8/lib/eventmachine.rb:242:in `run'
ERROR LOG: coral.rb:109:in `<main>'
 INFO LOG: Apr__7_22: tick!!!
 INFO LOG: Apr__7_22: Loading automap/automap.rb
 INFO LOG: Apr__7_22: Loading automap/automap.rb
 INFO LOG: Apr__7_22: tick!!!
 INFO LOG: Apr__7_22: tick!!!
 INFO LOG: Apr__7_22: tick!!!
 INFO LOG: Apr__7_23: tick!!!
 INFO LOG: Apr__7_23: Loading automap/automap.rb
ERROR LOG: undefined method `main_str' for #<Automap:0x00000002bd5180>
ERROR LOG: /home/heath/coral/lib/automap/automap.rb:95:in `block (3 levels) in view'
ERROR LOG: /home/heath/coral/lib/automap/automap.rb:89:in `each'
ERROR LOG: /home/heath/coral/lib/automap/automap.rb:89:in `block (2 levels) in view'
ERROR LOG: /home/heath/coral/lib/automap/automap.rb:87:in `times'
ERROR LOG: /home/heath/coral/lib/automap/automap.rb:87:in `block in view'
ERROR LOG: /home/heath/coral/lib/automap/automap.rb:86:in `each'
ERROR LOG: /home/heath/coral/lib/automap/automap.rb:86:in `view'
ERROR LOG: /home/heath/coral/lib/player.commands.rb:549:in `cmd_look'
ERROR LOG: /home/heath/coral/lib/player.commands.rb:188:in `execute_command'
ERROR LOG: /home/heath/coral/core/socketengine.rb:156:in `handle_cmd_input'
ERROR LOG: /home/heath/coral/core/socketengine.rb:136:in `receive_data'
ERROR LOG: /usr/local/lib/ruby/gems/1.9.1/gems/eventmachine-0.12.8/lib/eventmachine.rb:242:in `run_machine'
ERROR LOG: /usr/local/lib/ruby/gems/1.9.1/gems/eventmachine-0.12.8/lib/eventmachine.rb:242:in `run'
ERROR LOG: coral.rb:109:in `<main>'
 INFO LOG: Apr__7_23: Loading automap/automap.rb
 INFO LOG: Apr__7_23: tick!!!
 INFO LOG: Apr__7_23: tick!!!
 INFO LOG: Apr__7_23: tick!!!
 INFO LOG: Apr__7_23: Loading automap/automap.rb
 INFO LOG: Apr__7_23: Loading automap/automap.rb
 INFO LOG: Apr__7_23: Loading automap/automap.rb
 INFO LOG: Apr__7_23: -- #<Player:0x000000028fc058>:99.191.82.191:58399 disconnected from CoralMUD!
 INFO LOG: Apr__7_23: Logging enabled.   Loading logs.rb.
 INFO LOG: Apr__7_23: Loading utils.rb
 INFO LOG: Apr__7_23: Loading constants.rb
 INFO LOG: Apr__7_23: Loading class_property.rb
 INFO LOG: Apr__7_23: Loading editors.rb
 INFO LOG: Apr__7_23: Loading mxp.rb
 INFO LOG: Apr__7_23: Loading mccp.rb
 INFO LOG: Apr__7_23: Loading flags.rb
 INFO LOG: Apr__7_23: Loading damage.rb
 INFO LOG: Apr__7_23: Loading event.rb
 INFO LOG: Apr__7_23: Loading automap/automap.rb
 INFO LOG: Apr__7_23: Loading cities.automap.rb
 INFO LOG: Apr__7_23: Loading cities.olc.rb
 INFO LOG: Apr__7_23: Loading cities.rb
 INFO LOG: Apr__7_23: Loading help.rb
 INFO LOG: Apr__7_23: Loading imcruby.rb
 INFO LOG: Apr__7_23: Loading player.rb
 INFO LOG: Apr__7_23: Loading player.commands.rb
 INFO LOG: Apr__7_23: Loading random.rb
 INFO LOG: Apr__7_23: Loading spells.rb
 INFO LOG: Apr__7_23: Starting server.
 INFO LOG: Apr__7_23: CoralMUD is now up on port 4000.
 INFO LOG: Apr__7_23: -- 99.191.82.191:59189 connected to CoralMUD!
 INFO LOG: Apr__7_23: -- 99.191.82.191:59189: Retnur is trying to connect.
 INFO LOG: Apr__7_23: -- 99.191.82.191:59189: Retnur player file found.
 INFO LOG: Apr__7_23: -- Retnur has entered the game.
 INFO LOG: Apr__7_23: Loading automap/automap.rb
 INFO LOG: Apr__7_23: Loading automap/automap.rb
 INFO LOG: Apr__7_23: Loading automap/automap.rb
 INFO LOG: Apr__7_23: Loading automap/automap.rb
 INFO LOG: Apr__7_23: tick!!!
 INFO LOG: Apr__7_23: Loading automap/automap.rb
 INFO LOG: Apr__7_23: Loading automap/automap.rb
 INFO LOG: Apr__7_23: tick!!!
 INFO LOG: Apr__7_23: Loading automap/automap.rb
 INFO LOG: Apr__7_23: Loading automap/automap.rb
 INFO LOG: Apr__7_23: Loading automap/automap.rb
 INFO LOG: Apr__7_23: Loading automap/automap.rb
 INFO LOG: Apr__7_23: tick!!!
 INFO LOG: Apr__7_23: tick!!!
 INFO LOG: Apr__7_23: tick!!!
 INFO LOG: Apr__7_23: tick!!!
 INFO LOG: Apr__7_23: tick!!!
 INFO LOG: Apr__7_23: tick!!!
 INFO LOG: Apr__7_23: tick!!!
 INFO LOG: Apr__7_23: tick!!!
 INFO LOG: Apr__7_23: tick!!!
 INFO LOG: Apr__7_23: tick!!!
 INFO LOG: Apr__7_23: tick!!!
 INFO LOG: Apr__7_23: tick!!!
 INFO LOG: Apr__7_23: tick!!!
 INFO LOG: Apr__7_23: tick!!!
 INFO LOG: Apr__7_23: tick!!!
 INFO LOG: Apr__7_23: tick!!!
 INFO LOG: Apr__7_23: tick!!!
 INFO LOG: Apr__7_23: tick!!!
 INFO LOG: Apr__7_23: tick!!!
 INFO LOG: Apr__7_23: tick!!!
 INFO LOG: Apr__7_23: tick!!!
 INFO LOG: Apr__7_23: tick!!!
 INFO LOG: Apr__8_00: tick!!!
 INFO LOG: Apr__8_00: tick!!!
 INFO LOG: Apr__8_00: tick!!!
 INFO LOG: Apr__8_00: tick!!!
 INFO LOG: Apr__8_00: tick!!!
 INFO LOG: Apr__8_00: tick!!!
 INFO LOG: Apr__8_00: tick!!!
 INFO LOG: Apr__8_00: tick!!!
 INFO LOG: Apr__8_00: tick!!!
 INFO LOG: Apr__8_00: tick!!!
 INFO LOG: Apr__8_00: tick!!!
 INFO LOG: Apr__8_00: tick!!!
 INFO LOG: Apr__8_00: tick!!!
 INFO LOG: Apr__8_00: tick!!!
 INFO LOG: Apr__8_00: tick!!!
 INFO LOG: Apr__8_00: tick!!!
 INFO LOG: Apr__8_00: tick!!!
 INFO LOG: Apr__8_00: tick!!!
 INFO LOG: Apr__8_00: tick!!!
 INFO LOG: Apr__8_00: tick!!!
 INFO LOG: Apr__8_00: tick!!!
 INFO LOG: Apr__8_00: tick!!!
 INFO LOG: Apr__8_00: tick!!!
 INFO LOG: Apr__8_00: tick!!!
 INFO LOG: Apr__8_00: tick!!!
 INFO LOG: Apr__8_00: tick!!!
 INFO LOG: Apr__8_00: tick!!!
 INFO LOG: Apr__8_00: tick!!!
 INFO LOG: Apr__8_00: tick!!!
 INFO LOG: Apr__8_00: tick!!!
 INFO LOG: Apr__8_01: tick!!!
 INFO LOG: Apr__8_01: tick!!!
 INFO LOG: Apr__8_01: tick!!!
 INFO LOG: Apr__8_01: tick!!!
 INFO LOG: Apr__8_01: tick!!!
 INFO LOG: Apr__8_01: tick!!!
 INFO LOG: Apr__8_01: tick!!!
 INFO LOG: Apr__8_01: tick!!!
 INFO LOG: Apr__8_01: tick!!!
 INFO LOG: Apr__8_01: tick!!!
 INFO LOG: Apr__8_01: tick!!!
 INFO LOG: Apr__8_01: tick!!!
 INFO LOG: Apr__8_01: tick!!!
 INFO LOG: Apr__8_01: tick!!!
 INFO LOG: Apr__8_01: tick!!!
 INFO LOG: Apr__8_01: tick!!!
 INFO LOG: Apr__8_01: tick!!!
 INFO LOG: Apr__8_01: tick!!!
 INFO LOG: Apr__8_01: tick!!!
 INFO LOG: Apr__8_01: tick!!!
 INFO LOG: Apr__8_01: tick!!!
 INFO LOG: Apr__8_01: tick!!!
 INFO LOG: Apr__8_01: tick!!!
 INFO LOG: Apr__8_01: tick!!!
 INFO LOG: Apr__8_01: tick!!!
 INFO LOG: Apr__8_01: tick!!!
 INFO LOG: Apr__8_01: tick!!!
 INFO LOG: Apr__8_01: tick!!!
 INFO LOG: Apr__8_01: tick!!!
 INFO LOG: Apr__8_01: tick!!!
 INFO LOG: Apr__8_02: tick!!!
 INFO LOG: Apr__8_02: tick!!!
 INFO LOG: Apr__8_02: tick!!!
 INFO LOG: Apr__8_02: tick!!!
 INFO LOG: Apr__8_02: tick!!!
 INFO LOG: Apr__8_02: tick!!!
 INFO LOG: Apr__8_02: tick!!!
 INFO LOG: Apr__8_02: tick!!!
 INFO LOG: Apr__8_02: tick!!!
 INFO LOG: Apr__8_02: tick!!!
 INFO LOG: Apr__8_02: tick!!!
 INFO LOG: Apr__8_02: tick!!!
 INFO LOG: Apr__8_02: tick!!!
 INFO LOG: Apr__8_02: tick!!!
 INFO LOG: Apr__8_02: tick!!!
 INFO LOG: Apr__8_02: tick!!!
 INFO LOG: Apr__8_02: tick!!!
 INFO LOG: Apr__8_02: tick!!!
 INFO LOG: Apr__8_02: tick!!!
 INFO LOG: Apr__8_02: tick!!!
 INFO LOG: Apr__8_02: tick!!!
 INFO LOG: Apr__8_02: tick!!!
 INFO LOG: Apr__8_02: tick!!!
 INFO LOG: Apr__8_02: tick!!!
 INFO LOG: Apr__8_02: tick!!!
 INFO LOG: Apr__8_02: tick!!!
 INFO LOG: Apr__8_02: tick!!!
 INFO LOG: Apr__8_02: tick!!!
 INFO LOG: Apr__8_02: tick!!!
 INFO LOG: Apr__8_02: tick!!!
 INFO LOG: Apr__8_03: tick!!!
 INFO LOG: Apr__8_03: tick!!!
 INFO LOG: Apr__8_03: tick!!!
 INFO LOG: Apr__8_03: tick!!!
 INFO LOG: Apr__8_03: tick!!!
 INFO LOG: Apr__8_03: tick!!!
 INFO LOG: Apr__8_03: tick!!!
 INFO LOG: Apr__8_03: tick!!!
 INFO LOG: Apr__8_03: tick!!!
 INFO LOG: Apr__8_03: tick!!!
 INFO LOG: Apr__8_03: tick!!!
 INFO LOG: Apr__8_03: tick!!!
 INFO LOG: Apr__8_03: tick!!!
 INFO LOG: Apr__8_03: tick!!!
 INFO LOG: Apr__8_03: tick!!!
 INFO LOG: Apr__8_03: tick!!!
 INFO LOG: Apr__8_03: tick!!!
 INFO LOG: Apr__8_03: tick!!!
 INFO LOG: Apr__8_03: tick!!!
 INFO LOG: Apr__8_03: tick!!!
 INFO LOG: Apr__8_03: tick!!!
 INFO LOG: Apr__8_03: tick!!!
 INFO LOG: Apr__8_03: tick!!!
 INFO LOG: Apr__8_03: tick!!!
 INFO LOG: Apr__8_03: tick!!!
 INFO LOG: Apr__8_03: tick!!!
 INFO LOG: Apr__8_03: tick!!!
 INFO LOG: Apr__8_03: tick!!!
 INFO LOG: Apr__8_03: tick!!!
 INFO LOG: Apr__8_03: tick!!!
 INFO LOG: Apr__8_04: tick!!!
 INFO LOG: Apr__8_04: tick!!!
 INFO LOG: Apr__8_04: tick!!!
 INFO LOG: Apr__8_04: tick!!!
 INFO LOG: Apr__8_04: tick!!!
 INFO LOG: Apr__8_04: tick!!!
 INFO LOG: Apr__8_04: tick!!!
 INFO LOG: Apr__8_04: tick!!!
 INFO LOG: Apr__8_04: tick!!!
 INFO LOG: Apr__8_04: tick!!!
 INFO LOG: Apr__8_04: tick!!!
 INFO LOG: Apr__8_04: tick!!!
 INFO LOG: Apr__8_04: tick!!!
 INFO LOG: Apr__8_04: tick!!!
 INFO LOG: Apr__8_04: tick!!!
 INFO LOG: Apr__8_04: tick!!!
 INFO LOG: Apr__8_04: tick!!!
 INFO LOG: Apr__8_04: tick!!!
 INFO LOG: Apr__8_04: tick!!!
 INFO LOG: Apr__8_04: tick!!!
 INFO LOG: Apr__8_04: tick!!!
 INFO LOG: Apr__8_04: tick!!!
 INFO LOG: Apr__8_04: tick!!!
 INFO LOG: Apr__8_04: tick!!!
 INFO LOG: Apr__8_04: tick!!!
 INFO LOG: Apr__8_04: tick!!!
 INFO LOG: Apr__8_04: tick!!!
 INFO LOG: Apr__8_04: tick!!!
 INFO LOG: Apr__8_04: tick!!!
 INFO LOG: Apr__8_04: tick!!!
 INFO LOG: Apr__8_05: tick!!!
 INFO LOG: Apr__8_05: tick!!!
 INFO LOG: Apr__8_05: tick!!!
 INFO LOG: Apr__8_05: tick!!!
 INFO LOG: Apr__8_05: tick!!!
 INFO LOG: Apr__8_05: tick!!!
 INFO LOG: Apr__8_05: tick!!!
 INFO LOG: Apr__8_05: tick!!!
 INFO LOG: Apr__8_05: tick!!!
 INFO LOG: Apr__8_05: tick!!!
 INFO LOG: Apr__8_05: tick!!!
 INFO LOG: Apr__8_05: tick!!!
 INFO LOG: Apr__8_05: tick!!!
 INFO LOG: Apr__8_05: tick!!!
 INFO LOG: Apr__8_05: tick!!!
 INFO LOG: Apr__8_05: tick!!!
 INFO LOG: Apr__8_05: tick!!!
 INFO LOG: Apr__8_05: tick!!!
 INFO LOG: Apr__8_05: tick!!!
 INFO LOG: Apr__8_05: tick!!!
 INFO LOG: Apr__8_05: tick!!!
 INFO LOG: Apr__8_05: tick!!!
 INFO LOG: Apr__8_05: tick!!!
 INFO LOG: Apr__8_05: tick!!!
 INFO LOG: Apr__8_05: tick!!!
 INFO LOG: Apr__8_05: tick!!!
 INFO LOG: Apr__8_05: tick!!!
 INFO LOG: Apr__8_05: tick!!!
 INFO LOG: Apr__8_05: tick!!!
 INFO LOG: Apr__8_05: tick!!!
 INFO LOG: Apr__8_06: tick!!!
 INFO LOG: Apr__8_06: tick!!!
 INFO LOG: Apr__8_06: tick!!!
 INFO LOG: Apr__8_06: tick!!!
 INFO LOG: Apr__8_06: tick!!!
 INFO LOG: Apr__8_06: tick!!!
 INFO LOG: Apr__8_06: tick!!!
 INFO LOG: Apr__8_06: tick!!!
 INFO LOG: Apr__8_06: tick!!!
 INFO LOG: Apr__8_06: tick!!!
 INFO LOG: Apr__8_06: tick!!!
 INFO LOG: Apr__8_06: tick!!!
 INFO LOG: Apr__8_06: tick!!!
 INFO LOG: Apr__8_06: tick!!!
 INFO LOG: Apr__8_06: tick!!!
 INFO LOG: Apr__8_06: tick!!!
 INFO LOG: Apr__8_06: tick!!!
 INFO LOG: Apr__8_06: tick!!!
 INFO LOG: Apr__8_06: tick!!!
 INFO LOG: Apr__8_06: tick!!!
 INFO LOG: Apr__8_06: tick!!!
 INFO LOG: Apr__8_06: tick!!!
 INFO LOG: Apr__8_06: tick!!!
 INFO LOG: Apr__8_06: tick!!!
 INFO LOG: Apr__8_06: tick!!!
 INFO LOG: Apr__8_06: tick!!!
 INFO LOG: Apr__8_06: tick!!!
 INFO LOG: Apr__8_06: tick!!!
 INFO LOG: Apr__8_06: tick!!!
 INFO LOG: Apr__8_06: tick!!!
 INFO LOG: Apr__8_07: tick!!!
 INFO LOG: Apr__8_07: tick!!!
 INFO LOG: Apr__8_07: tick!!!
 INFO LOG: Apr__8_07: tick!!!
 INFO LOG: Apr__8_07: tick!!!
 INFO LOG: Apr__8_07: tick!!!
 INFO LOG: Apr__8_07: tick!!!
 INFO LOG: Apr__8_07: tick!!!
 INFO LOG: Apr__8_07: tick!!!
 INFO LOG: Apr__8_07: tick!!!
 INFO LOG: Apr__8_07: tick!!!
 INFO LOG: Apr__8_07: tick!!!
 INFO LOG: Apr__8_07: tick!!!
 INFO LOG: Apr__8_07: tick!!!
 INFO LOG: Apr__8_07: tick!!!
 INFO LOG: Apr__8_07: tick!!!
 INFO LOG: Apr__8_07: tick!!!
 INFO LOG: Apr__8_07: tick!!!
 INFO LOG: Apr__8_07: tick!!!
 INFO LOG: Apr__8_07: tick!!!
 INFO LOG: Apr__8_07: tick!!!
 INFO LOG: Apr__8_07: tick!!!
 INFO LOG: Apr__8_07: tick!!!
 INFO LOG: Apr__8_07: tick!!!
 INFO LOG: Apr__8_07: tick!!!
 INFO LOG: Apr__8_07: tick!!!
 INFO LOG: Apr__8_07: tick!!!
 INFO LOG: Apr__8_07: tick!!!
 INFO LOG: Apr__8_07: tick!!!
 INFO LOG: Apr__8_07: tick!!!
 INFO LOG: Apr__8_08: tick!!!
 INFO LOG: Apr__8_08: tick!!!
 INFO LOG: Apr__8_08: tick!!!
 INFO LOG: Apr__8_08: tick!!!
 INFO LOG: Apr__8_08: tick!!!
 INFO LOG: Apr__8_08: tick!!!
 INFO LOG: Apr__8_08: tick!!!
 INFO LOG: Apr__8_08: tick!!!
 INFO LOG: Apr__8_08: tick!!!
 INFO LOG: Apr__8_08: tick!!!
 INFO LOG: Apr__8_08: tick!!!
 INFO LOG: Apr__8_08: tick!!!
 INFO LOG: Apr__8_08: tick!!!
 INFO LOG: Apr__8_08: tick!!!
 INFO LOG: Apr__8_08: tick!!!
 INFO LOG: Apr__8_08: tick!!!
 INFO LOG: Apr__8_08: tick!!!
 INFO LOG: Apr__8_08: tick!!!
 INFO LOG: Apr__8_08: tick!!!
 INFO LOG: Apr__8_08: tick!!!
 INFO LOG: Apr__8_08: tick!!!
 INFO LOG: Apr__8_08: tick!!!
 INFO LOG: Apr__8_08: tick!!!
 INFO LOG: Apr__8_08: tick!!!
 INFO LOG: Apr__8_08: tick!!!
 INFO LOG: Apr__8_08: tick!!!
 INFO LOG: Apr__8_08: tick!!!
 INFO LOG: Apr__8_08: tick!!!
 INFO LOG: Apr__8_08: tick!!!
 INFO LOG: Apr__8_08: tick!!!
 INFO LOG: Apr__8_09: tick!!!
 INFO LOG: Apr__8_09: tick!!!
 INFO LOG: Apr__8_09: tick!!!
 INFO LOG: Apr__8_09: tick!!!
 INFO LOG: Apr__8_09: tick!!!
 INFO LOG: Apr__8_09: tick!!!
 INFO LOG: Apr__8_09: tick!!!
 INFO LOG: Apr__8_09: tick!!!
 INFO LOG: Apr__8_09: tick!!!
 INFO LOG: Apr__8_09: tick!!!
 INFO LOG: Apr__8_09: tick!!!
 INFO LOG: Apr__8_09: tick!!!
 INFO LOG: Apr__8_09: tick!!!
 INFO LOG: Apr__8_09: tick!!!
 INFO LOG: Apr__8_09: tick!!!
 INFO LOG: Apr__8_09: tick!!!
 INFO LOG: Apr__8_09: tick!!!
 INFO LOG: Apr__8_09: tick!!!
 INFO LOG: Apr__8_09: tick!!!
 INFO LOG: Apr__8_09: tick!!!
 INFO LOG: Apr__8_09: tick!!!
 INFO LOG: Apr__8_09: tick!!!
 INFO LOG: Apr__8_09: tick!!!
 INFO LOG: Apr__8_09: tick!!!
 INFO LOG: Apr__8_09: tick!!!
 INFO LOG: Apr__8_09: tick!!!
 INFO LOG: Apr__8_09: tick!!!
 INFO LOG: Apr__8_09: tick!!!
 INFO LOG: Apr__8_09: tick!!!
 INFO LOG: Apr__8_09: tick!!!
 INFO LOG: Apr__8_10: tick!!!
 INFO LOG: Apr__8_10: tick!!!
 INFO LOG: Apr__8_10: tick!!!
 INFO LOG: Apr__8_10: tick!!!
 INFO LOG: Apr__8_10: tick!!!
 INFO LOG: Apr__8_10: tick!!!
 INFO LOG: Apr__8_10: tick!!!
 INFO LOG: Apr__8_10: tick!!!
 INFO LOG: Apr__8_10: tick!!!
 INFO LOG: Apr__8_10: tick!!!
 INFO LOG: Apr__8_10: tick!!!
 INFO LOG: Apr__8_10: tick!!!
 INFO LOG: Apr__8_10: tick!!!
 INFO LOG: Apr__8_10: tick!!!
 INFO LOG: Apr__8_10: tick!!!
 INFO LOG: Apr__8_10: tick!!!
 INFO LOG: Apr__8_10: tick!!!
 INFO LOG: Apr__8_10: tick!!!
 INFO LOG: Apr__8_10: tick!!!
 INFO LOG: Apr__8_10: tick!!!
 INFO LOG: Apr__8_10: tick!!!
 INFO LOG: Apr__8_10: tick!!!
 INFO LOG: Apr__8_10: tick!!!
 INFO LOG: Apr__8_10: tick!!!
 INFO LOG: Apr__8_10: tick!!!
 INFO LOG: Apr__8_10: tick!!!
 INFO LOG: Apr__8_10: tick!!!
 INFO LOG: Apr__8_10: tick!!!
 INFO LOG: Apr__8_10: tick!!!
 INFO LOG: Apr__8_10: tick!!!
 INFO LOG: Apr__8_11: tick!!!
 INFO LOG: Apr__8_11: tick!!!
 INFO LOG: Apr__8_11: tick!!!
 INFO LOG: Apr__8_11: tick!!!
 INFO LOG: Apr__8_11: tick!!!
 INFO LOG: Apr__8_11: tick!!!
 INFO LOG: Apr__8_11: tick!!!
 INFO LOG: Apr__8_11: tick!!!
 INFO LOG: Apr__8_11: tick!!!
 INFO LOG: Apr__8_11: tick!!!
 INFO LOG: Apr__8_11: tick!!!
 INFO LOG: Apr__8_11: tick!!!
 INFO LOG: Apr__8_11: tick!!!
 INFO LOG: Apr__8_11: tick!!!
 INFO LOG: Apr__8_11: tick!!!
 INFO LOG: Apr__8_11: tick!!!
 INFO LOG: Apr__8_11: tick!!!
 INFO LOG: Apr__8_11: tick!!!
 INFO LOG: Apr__8_11: tick!!!
 INFO LOG: Apr__8_11: tick!!!
 INFO LOG: Apr__8_11: tick!!!
 INFO LOG: Apr__8_11: tick!!!
 INFO LOG: Apr__8_11: tick!!!
 INFO LOG: Apr__8_11: tick!!!
 INFO LOG: Apr__8_11: tick!!!
 INFO LOG: Apr__8_11: tick!!!
 INFO LOG: Apr__8_11: tick!!!
 INFO LOG: Apr__8_11: tick!!!
 INFO LOG: Apr__8_11: tick!!!
 INFO LOG: Apr__8_11: tick!!!
 INFO LOG: Apr__8_12: tick!!!
 INFO LOG: Apr__8_12: tick!!!
 INFO LOG: Apr__8_12: tick!!!
 INFO LOG: Apr__8_12: tick!!!
 INFO LOG: Apr__8_12: tick!!!
 INFO LOG: Apr__8_12: tick!!!
 INFO LOG: Apr__8_12: tick!!!
 INFO LOG: Apr__8_12: tick!!!
 INFO LOG: Apr__8_12: tick!!!
 INFO LOG: Apr__8_12: tick!!!
 INFO LOG: Apr__8_12: tick!!!
 INFO LOG: Apr__8_12: tick!!!
 INFO LOG: Apr__8_12: tick!!!
 INFO LOG: Apr__8_12: tick!!!
 INFO LOG: Apr__8_12: tick!!!
 INFO LOG: Apr__8_12: tick!!!
 INFO LOG: Apr__8_12: tick!!!
 INFO LOG: Apr__8_12: tick!!!
 INFO LOG: Apr__8_12: tick!!!
 INFO LOG: Apr__8_12: tick!!!
 INFO LOG: Apr__8_12: tick!!!
 INFO LOG: Apr__8_12: tick!!!
 INFO LOG: Apr__8_12: tick!!!
 INFO LOG: Apr__8_12: tick!!!
 INFO LOG: Apr__8_12: tick!!!
 INFO LOG: Apr__8_12: tick!!!
 INFO LOG: Apr__8_12: tick!!!
 INFO LOG: Apr__8_12: tick!!!
 INFO LOG: Apr__8_12: tick!!!
 INFO LOG: Apr__8_12: tick!!!
 INFO LOG: Apr__8_13: tick!!!
 INFO LOG: Apr__8_13: tick!!!
 INFO LOG: Apr__8_13: tick!!!
 INFO LOG: Apr__8_13: tick!!!
 INFO LOG: Apr__8_13: tick!!!
 INFO LOG: Apr__8_13: tick!!!
 INFO LOG: Apr__8_13: tick!!!
 INFO LOG: Apr__8_13: tick!!!
 INFO LOG: Apr__8_13: tick!!!
 INFO LOG: Apr__8_13: tick!!!
 INFO LOG: Apr__8_13: tick!!!
 INFO LOG: Apr__8_13: tick!!!
 INFO LOG: Apr__8_13: tick!!!
 INFO LOG: Apr__8_13: tick!!!
 INFO LOG: Apr__8_13: tick!!!
 INFO LOG: Apr__8_13: tick!!!
 INFO LOG: Apr__8_13: tick!!!
 INFO LOG: Apr__8_13: tick!!!
 INFO LOG: Apr__8_13: tick!!!
 INFO LOG: Apr__8_13: tick!!!
 INFO LOG: Apr__8_13: tick!!!
 INFO LOG: Apr__8_13: tick!!!
 INFO LOG: Apr__8_13: tick!!!
 INFO LOG: Apr__8_13: tick!!!
 INFO LOG: Apr__8_13: tick!!!
 INFO LOG: Apr__8_13: tick!!!
 INFO LOG: Apr__8_13: tick!!!
 INFO LOG: Apr__8_13: tick!!!
 INFO LOG: Apr__8_13: tick!!!
 INFO LOG: Apr__8_13: tick!!!
 INFO LOG: Apr__8_14: tick!!!
 INFO LOG: Apr__8_14: tick!!!
 INFO LOG: Apr__8_14: tick!!!
 INFO LOG: Apr__8_14: tick!!!
 INFO LOG: Apr__8_14: tick!!!
 INFO LOG: Apr__8_14: tick!!!
 INFO LOG: Apr__8_14: tick!!!
 INFO LOG: Apr__8_14: tick!!!
 INFO LOG: Apr__8_14: tick!!!
 INFO LOG: Apr__8_14: tick!!!
 INFO LOG: Apr__8_14: tick!!!
 INFO LOG: Apr__8_14: tick!!!
 INFO LOG: Apr__8_14: tick!!!
 INFO LOG: Apr__8_14: tick!!!
 INFO LOG: Apr__8_14: tick!!!
 INFO LOG: Apr__8_14: tick!!!
 INFO LOG: Apr__8_14: tick!!!
 INFO LOG: Apr__8_14: tick!!!
 INFO LOG: Apr__8_14: tick!!!
 INFO LOG: Apr__8_14: tick!!!
 INFO LOG: Apr__8_14: tick!!!
 INFO LOG: Apr__8_14: tick!!!
 INFO LOG: Apr__8_14: tick!!!
 INFO LOG: Apr__8_14: tick!!!
 INFO LOG: Apr__8_14: tick!!!
 INFO LOG: Apr__8_14: tick!!!
 INFO LOG: Apr__8_14: tick!!!
 INFO LOG: Apr__8_14: tick!!!
 INFO LOG: Apr__8_14: tick!!!
 INFO LOG: Apr__8_14: tick!!!
 INFO LOG: Apr__8_15: tick!!!
 INFO LOG: Apr__8_15: tick!!!
 INFO LOG: Apr__8_15: tick!!!
 INFO LOG: Apr__8_15: tick!!!
 INFO LOG: Apr__8_15: tick!!!
 INFO LOG: Apr__8_15: tick!!!
 INFO LOG: Apr__8_15: tick!!!
 INFO LOG: Apr__8_15: tick!!!
 INFO LOG: Apr__8_15: tick!!!
 INFO LOG: Apr__8_15: tick!!!
 INFO LOG: Apr__8_15: tick!!!
 INFO LOG: Apr__8_15: tick!!!
 INFO LOG: Apr__8_15: tick!!!
 INFO LOG: Apr__8_15: tick!!!
 INFO LOG: Apr__8_15: tick!!!
 INFO LOG: Apr__8_15: tick!!!
 INFO LOG: Apr__8_15: tick!!!
 INFO LOG: Apr__8_15: tick!!!
 INFO LOG: Apr__8_15: tick!!!
 INFO LOG: Apr__8_15: tick!!!
 INFO LOG: Apr__8_15: Loading automap/automap.rb
 INFO LOG: Apr__8_15: tick!!!
 INFO LOG: Apr__8_15: tick!!!
 INFO LOG: Apr__8_15: tick!!!
 INFO LOG: Apr__8_15: tick!!!
 INFO LOG: Apr__8_15: tick!!!
 INFO LOG: Apr__8_15: tick!!!
 INFO LOG: Apr__8_15: tick!!!
 INFO LOG: Apr__8_15: tick!!!
 INFO LOG: Apr__8_15: tick!!!
 INFO LOG: Apr__8_15: tick!!!
 INFO LOG: Apr__8_16: tick!!!
 INFO LOG: Apr__8_16: -- 76.174.153.192:52566 connected to CoralMUD!
 INFO LOG: Apr__8_16: -- 76.174.153.192:52566: Twisol is trying to connect.
 INFO LOG: Apr__8_16: -- 76.174.153.192:52566: Twisol player file found.
 INFO LOG: Apr__8_16: -- Twisol has entered the game.
 INFO LOG: Apr__8_16: tick!!!
 INFO LOG: Apr__8_16: tick!!!
 INFO LOG: Apr__8_16: tick!!!
 INFO LOG: Apr__8_16: tick!!!
 INFO LOG: Apr__8_16: tick!!!
 INFO LOG: Apr__8_16: tick!!!
 INFO LOG: Apr__8_16: tick!!!
 INFO LOG: Apr__8_16: tick!!!
 INFO LOG: Apr__8_16: -- #<Player:0x0000000216c310>:99.191.82.191:59189 disconnected from CoralMUD!
 INFO LOG: Apr__8_16: -- #<Player:0x00000002008848>:76.174.153.192:52566 disconnected from CoralMUD!
 INFO LOG: Apr__8_16: Program closed.
