 INFO LOG: Apr_28_10:21: Logging enabled.   Loading logs.rb.
 INFO LOG: Apr_28_10:21: Loading facade.rb
 INFO LOG: Apr_28_10:21: Loading utils.rb
 INFO LOG: Apr_28_10:21: Loading constants.rb
 INFO LOG: Apr_28_10:21: Loading class_property.rb
 INFO LOG: Apr_28_10:21: Loading scripts.rb
 INFO LOG: Apr_28_10:21: Loading tags.rb
 INFO LOG: Apr_28_10:21: Loading editor/editors.rb
 INFO LOG: Apr_28_10:21: Loading editor/editor.strings.rb
 INFO LOG: Apr_28_10:21: Loading editor/editor.rooms.rb
 INFO LOG: Apr_28_10:21: Loading editor/editor.exits.rb
 INFO LOG: Apr_28_10:21: Loading editor/editor.zones.rb
 INFO LOG: Apr_28_10:21: Loading editor/editor.npc.rb
 INFO LOG: Apr_28_10:21: Loading editor/editor.items.rb
 INFO LOG: Apr_28_10:21: Loading mxp.rb
 INFO LOG: Apr_28_10:21: Loading mccp.rb
 INFO LOG: Apr_28_10:21: Loading flags.rb
 INFO LOG: Apr_28_10:21: Loading damage.rb
 INFO LOG: Apr_28_10:21: Loading areas.rb
 INFO LOG: Apr_28_10:21: Loading event.rb
 INFO LOG: Apr_28_10:21: Loading automap/automap.rb
 INFO LOG: Apr_28_10:21: Loading cities.olc.rb
 INFO LOG: Apr_28_10:21: Loading cities.rb
 INFO LOG: Apr_28_10:21: Loading sector definitions.
 INFO LOG: Apr_28_10:21: Loading help.rb
 INFO LOG: Apr_28_10:21: Loading imcruby.rb
 INFO LOG: Apr_28_10:21: Loading player.rb
 INFO LOG: Apr_28_10:21: Loading commands.rb
 INFO LOG: Apr_28_10:21: Loading random.rb
 INFO LOG: Apr_28_10:21: Loading npc.rb
 INFO LOG: Apr_28_10:21: Loading items.rb
 INFO LOG: Apr_28_10:21: Loading spells.rb
 INFO LOG: Apr_28_10:21: Loading all zones.
 INFO LOG: Apr_28_10:21: Starting server.
 INFO LOG: Apr_28_10:21: CoralMUD is now up on port 4000.
 INFO LOG: Apr_28_10:21: -- 99.191.82.191:59653 connected to CoralMUD!
 INFO LOG: Apr_28_10:21: -- 99.191.82.191:59653: Retnur is trying to connect.
 INFO LOG: Apr_28_10:21: -- 99.191.82.191:59653: Retnur player file found.
 INFO LOG: Apr_28_10:21: -- Retnur has entered the game.
 INFO LOG: Apr_28_10:23: tick!!!
 INFO LOG: Apr_28_10:25: tick!!!
 INFO LOG: Apr_28_10:27: tick!!!
 INFO LOG: Apr_28_10:29: tick!!!
 INFO LOG: Apr_28_10:31: tick!!!
 INFO LOG: Apr_28_10:33: tick!!!
 INFO LOG: Apr_28_10:35: tick!!!
 INFO LOG: Apr_28_10:37: tick!!!
 INFO LOG: Apr_28_10:39: tick!!!
 INFO LOG: Apr_28_10:41: tick!!!
 INFO LOG: Apr_28_10:43: tick!!!
 INFO LOG: Apr_28_10:45: tick!!!
 INFO LOG: Apr_28_10:47: tick!!!
 INFO LOG: Apr_28_10:49: tick!!!
 INFO LOG: Apr_28_10:51: tick!!!
 INFO LOG: Apr_28_10:53: tick!!!
 INFO LOG: Apr_28_10:54: -- #<Player:0x00000002065fc0>:99.191.82.191:59653 disconnected from CoralMUD!
 INFO LOG: Apr_28_10:54: Logging enabled.   Loading logs.rb.
 INFO LOG: Apr_28_10:54: Loading facade.rb
 INFO LOG: Apr_28_10:54: Loading utils.rb
 INFO LOG: Apr_28_10:54: Loading constants.rb
 INFO LOG: Apr_28_10:54: Loading class_property.rb
 INFO LOG: Apr_28_10:54: Loading scripts.rb
 INFO LOG: Apr_28_10:54: Loading tags.rb
 INFO LOG: Apr_28_10:54: Loading editor/editors.rb
 INFO LOG: Apr_28_10:54: Loading editor/editor.strings.rb
 INFO LOG: Apr_28_10:54: Loading editor/editor.rooms.rb
 INFO LOG: Apr_28_10:54: Loading editor/editor.exits.rb
 INFO LOG: Apr_28_10:54: Loading editor/editor.zones.rb
 INFO LOG: Apr_28_10:54: Loading editor/editor.npc.rb
 INFO LOG: Apr_28_10:54: Loading editor/editor.items.rb
 INFO LOG: Apr_28_10:54: Loading mxp.rb
 INFO LOG: Apr_28_10:54: Loading mccp.rb
 INFO LOG: Apr_28_10:54: Loading flags.rb
 INFO LOG: Apr_28_10:54: Loading damage.rb
 INFO LOG: Apr_28_10:54: Loading areas.rb
 INFO LOG: Apr_28_10:54: Loading event.rb
 INFO LOG: Apr_28_10:54: Loading automap/automap.rb
 INFO LOG: Apr_28_10:54: Loading cities.olc.rb
 INFO LOG: Apr_28_10:54: Loading cities.rb
 INFO LOG: Apr_28_10:54: Loading sector definitions.
 INFO LOG: Apr_28_10:54: Loading help.rb
 INFO LOG: Apr_28_10:54: Loading imcruby.rb
 INFO LOG: Apr_28_10:54: Loading player.rb
 INFO LOG: Apr_28_10:54: Loading commands.rb
 INFO LOG: Apr_28_10:54: Loading random.rb
 INFO LOG: Apr_28_10:54: Loading npc.rb
 INFO LOG: Apr_28_10:54: Loading items.rb
 INFO LOG: Apr_28_10:54: Loading spells.rb
 INFO LOG: Apr_28_10:54: Loading all zones.
 INFO LOG: Apr_28_10:54: Starting server.
 INFO LOG: Apr_28_10:54: CoralMUD is now up on port 4000.
 INFO LOG: Apr_28_10:54: -- 99.191.82.191:57555 connected to CoralMUD!
 INFO LOG: Apr_28_10:54: -- 99.191.82.191:57555: Retnur is trying to connect.
 INFO LOG: Apr_28_10:54: -- 99.191.82.191:57555: Retnur player file found.
 INFO LOG: Apr_28_10:54: -- Retnur has entered the game.
 INFO LOG: Apr_28_10:55: -- #<Player:0x0000000151f670>:99.191.82.191:57555 disconnected from CoralMUD!
 INFO LOG: Apr_28_10:55: Logging enabled.   Loading logs.rb.
 INFO LOG: Apr_28_10:55: Loading facade.rb
 INFO LOG: Apr_28_10:55: Loading utils.rb
 INFO LOG: Apr_28_10:55: Loading constants.rb
 INFO LOG: Apr_28_10:55: Loading class_property.rb
 INFO LOG: Apr_28_10:55: Loading scripts.rb
 INFO LOG: Apr_28_10:55: Loading tags.rb
 INFO LOG: Apr_28_10:55: Loading editor/editors.rb
 INFO LOG: Apr_28_10:55: Loading editor/editor.strings.rb
 INFO LOG: Apr_28_10:55: Loading editor/editor.rooms.rb
 INFO LOG: Apr_28_10:55: Loading editor/editor.exits.rb
 INFO LOG: Apr_28_10:55: Loading editor/editor.zones.rb
 INFO LOG: Apr_28_10:55: Loading editor/editor.npc.rb
 INFO LOG: Apr_28_10:55: Loading editor/editor.items.rb
 INFO LOG: Apr_28_10:55: Loading mxp.rb
 INFO LOG: Apr_28_10:55: Loading mccp.rb
 INFO LOG: Apr_28_10:55: Loading flags.rb
 INFO LOG: Apr_28_10:55: Loading damage.rb
 INFO LOG: Apr_28_10:55: Loading areas.rb
 INFO LOG: Apr_28_10:55: Loading event.rb
 INFO LOG: Apr_28_10:55: Loading automap/automap.rb
 INFO LOG: Apr_28_10:55: Loading cities.olc.rb
 INFO LOG: Apr_28_10:55: Loading cities.rb
 INFO LOG: Apr_28_10:55: Loading sector definitions.
 INFO LOG: Apr_28_10:55: Loading help.rb
 INFO LOG: Apr_28_10:55: Loading imcruby.rb
 INFO LOG: Apr_28_10:55: Loading player.rb
 INFO LOG: Apr_28_10:55: Loading commands.rb
 INFO LOG: Apr_28_10:55: Loading random.rb
 INFO LOG: Apr_28_10:55: Loading npc.rb
 INFO LOG: Apr_28_10:55: Loading items.rb
 INFO LOG: Apr_28_10:55: Loading spells.rb
 INFO LOG: Apr_28_10:55: Loading all zones.
 INFO LOG: Apr_28_10:55: Starting server.
 INFO LOG: Apr_28_10:55: CoralMUD is now up on port 4000.
 INFO LOG: Apr_28_10:55: -- 99.191.82.191:54350 connected to CoralMUD!
 INFO LOG: Apr_28_10:55: -- 99.191.82.191:54350: Retnur is trying to connect.
 INFO LOG: Apr_28_10:55: -- 99.191.82.191:54350: Retnur player file found.
 INFO LOG: Apr_28_10:55: -- Retnur has entered the game.
ERROR LOG: Insecure operation `write' at level 4
ERROR LOG: /usr/local/lib/ruby/gems/1.9.1/gems/log4r-1.1.7/src/log4r/outputter/iooutputter.rb:42:in `write'
ERROR LOG: /usr/local/lib/ruby/gems/1.9.1/gems/log4r-1.1.7/src/log4r/outputter/iooutputter.rb:42:in `print'
ERROR LOG: /usr/local/lib/ruby/gems/1.9.1/gems/log4r-1.1.7/src/log4r/outputter/iooutputter.rb:42:in `write'
ERROR LOG: /usr/local/lib/ruby/gems/1.9.1/gems/log4r-1.1.7/src/log4r/outputter/outputter.rb:108:in `block in canonical_log'
ERROR LOG: /usr/local/lib/ruby/gems/1.9.1/gems/log4r-1.1.7/src/log4r/outputter/outputter.rb:128:in `block in synch'
ERROR LOG: <internal:prelude>:8:in `synchronize'
ERROR LOG: /usr/local/lib/ruby/gems/1.9.1/gems/log4r-1.1.7/src/log4r/outputter/outputter.rb:128:in `synch'
ERROR LOG: /usr/local/lib/ruby/gems/1.9.1/gems/log4r-1.1.7/src/log4r/outputter/outputter.rb:108:in `canonical_log'
ERROR LOG: (eval):3:in `info'
ERROR LOG: (eval):8:in `block in info'
ERROR LOG: (eval):8:in `each'
ERROR LOG: (eval):8:in `info'
ERROR LOG: /home/heath/coral/lib/logs.rb:25:in `log'
ERROR LOG: /home/heath/coral/lib/scripts.rb:10:in `rescue in block in run'
ERROR LOG: /home/heath/coral/lib/scripts.rb:7:in `block in run'
 INFO LOG: Apr_28_10:55: -- #<Player:0x000000010fe5a0>:99.191.82.191:54350 disconnected from CoralMUD!
 INFO LOG: Apr_28_10:55: Program closed.
 INFO LOG: Apr_28_10:56: Logging enabled.   Loading logs.rb.
 INFO LOG: Apr_28_10:56: Loading facade.rb
 INFO LOG: Apr_28_10:56: Loading utils.rb
 INFO LOG: Apr_28_10:56: Loading constants.rb
 INFO LOG: Apr_28_10:56: Loading class_property.rb
 INFO LOG: Apr_28_10:56: Loading scripts.rb
 INFO LOG: Apr_28_10:56: Loading tags.rb
 INFO LOG: Apr_28_10:56: Loading editor/editors.rb
 INFO LOG: Apr_28_10:56: Loading editor/editor.strings.rb
 INFO LOG: Apr_28_10:56: Loading editor/editor.rooms.rb
 INFO LOG: Apr_28_10:56: Loading editor/editor.exits.rb
 INFO LOG: Apr_28_10:56: Loading editor/editor.zones.rb
 INFO LOG: Apr_28_10:56: Loading editor/editor.npc.rb
 INFO LOG: Apr_28_10:56: Loading editor/editor.items.rb
 INFO LOG: Apr_28_10:56: Loading mxp.rb
 INFO LOG: Apr_28_10:56: Loading mccp.rb
 INFO LOG: Apr_28_10:56: Loading flags.rb
 INFO LOG: Apr_28_10:56: Loading damage.rb
 INFO LOG: Apr_28_10:56: Loading areas.rb
 INFO LOG: Apr_28_10:56: Loading event.rb
 INFO LOG: Apr_28_10:56: Loading automap/automap.rb
 INFO LOG: Apr_28_10:56: Loading cities.olc.rb
 INFO LOG: Apr_28_10:56: Loading cities.rb
 INFO LOG: Apr_28_10:56: Loading sector definitions.
 INFO LOG: Apr_28_10:56: Loading help.rb
 INFO LOG: Apr_28_10:56: Loading imcruby.rb
 INFO LOG: Apr_28_10:56: Loading player.rb
 INFO LOG: Apr_28_10:56: Loading commands.rb
 INFO LOG: Apr_28_10:56: Loading random.rb
 INFO LOG: Apr_28_10:56: Loading npc.rb
 INFO LOG: Apr_28_10:56: Loading items.rb
 INFO LOG: Apr_28_10:56: Loading spells.rb
 INFO LOG: Apr_28_10:56: Loading all zones.
 INFO LOG: Apr_28_10:56: Starting server.
 INFO LOG: Apr_28_10:56: CoralMUD is now up on port 4000.
 INFO LOG: Apr_28_10:56: -- 99.191.82.191:36448 connected to CoralMUD!
 INFO LOG: Apr_28_10:56: -- 99.191.82.191:36448: Retnur is trying to connect.
 INFO LOG: Apr_28_10:56: -- 99.191.82.191:36448: Retnur player file found.
 INFO LOG: Apr_28_10:56: -- Retnur has entered the game.
 INFO LOG: Apr_28_10:58: tick!!!
 INFO LOG: Apr_28_11:00: tick!!!
 INFO LOG: Apr_28_11:02: tick!!!
 INFO LOG: Apr_28_11:04: tick!!!
 INFO LOG: Apr_28_11:06: tick!!!
 INFO LOG: Apr_28_11:08: tick!!!
 INFO LOG: Apr_28_11:10: tick!!!
 INFO LOG: Apr_28_11:12: tick!!!
 INFO LOG: Apr_28_11:14: tick!!!
 INFO LOG: Apr_28_11:16: tick!!!
 INFO LOG: Apr_28_11:18: tick!!!
 INFO LOG: Apr_28_11:20: tick!!!
 INFO LOG: Apr_28_11:22: tick!!!
 INFO LOG: Apr_28_11:24: tick!!!
 INFO LOG: Apr_28_11:26: tick!!!
 INFO LOG: Apr_28_11:28: tick!!!
 INFO LOG: Apr_28_11:30: tick!!!
 INFO LOG: Apr_28_11:32: tick!!!
 INFO LOG: Apr_28_11:34: tick!!!
 INFO LOG: Apr_28_11:36: tick!!!
 INFO LOG: Apr_28_11:38: tick!!!
 INFO LOG: Apr_28_11:40: tick!!!
 INFO LOG: Apr_28_11:42: tick!!!
 INFO LOG: Apr_28_11:44: tick!!!
 INFO LOG: Apr_28_11:46: tick!!!
 INFO LOG: Apr_28_11:48: tick!!!
 INFO LOG: Apr_28_11:50: tick!!!
 INFO LOG: Apr_28_11:52: tick!!!
 INFO LOG: Apr_28_11:54: tick!!!
 INFO LOG: Apr_28_11:56: tick!!!
 INFO LOG: Apr_28_11:58: tick!!!
 INFO LOG: Apr_28_12:00: tick!!!
 INFO LOG: Apr_28_12:02: tick!!!
 INFO LOG: Apr_28_12:04: tick!!!
 INFO LOG: Apr_28_12:06: tick!!!
 INFO LOG: Apr_28_12:08: tick!!!
 INFO LOG: Apr_28_12:10: tick!!!
 INFO LOG: Apr_28_12:12: tick!!!
 INFO LOG: Apr_28_12:14: tick!!!
 INFO LOG: Apr_28_12:16: tick!!!
 INFO LOG: Apr_28_12:18: tick!!!
 INFO LOG: Apr_28_12:20: tick!!!
 INFO LOG: Apr_28_12:22: tick!!!
 INFO LOG: Apr_28_12:24: tick!!!
 INFO LOG: Apr_28_12:26: tick!!!
 INFO LOG: Apr_28_12:28: tick!!!
 INFO LOG: Apr_28_12:30: tick!!!
 INFO LOG: Apr_28_12:32: tick!!!
 INFO LOG: Apr_28_12:34: tick!!!
 INFO LOG: Apr_28_12:36: tick!!!
 INFO LOG: Apr_28_12:38: tick!!!
 INFO LOG: Apr_28_12:40: tick!!!
 INFO LOG: Apr_28_12:42: tick!!!
 INFO LOG: Apr_28_12:44: tick!!!
 INFO LOG: Apr_28_12:46: tick!!!
 INFO LOG: Apr_28_12:48: tick!!!
 INFO LOG: Apr_28_12:50: tick!!!
 INFO LOG: Apr_28_12:52: tick!!!
 INFO LOG: Apr_28_12:54: tick!!!
 INFO LOG: Apr_28_12:56: tick!!!
 INFO LOG: Apr_28_12:58: tick!!!
 INFO LOG: Apr_28_13:00: tick!!!
 INFO LOG: Apr_28_13:02: tick!!!
 INFO LOG: Apr_28_13:04: tick!!!
 INFO LOG: Apr_28_13:06: tick!!!
 INFO LOG: Apr_28_13:08: tick!!!
 INFO LOG: Apr_28_13:10: tick!!!
 INFO LOG: Apr_28_13:12: tick!!!
 INFO LOG: Apr_28_13:14: tick!!!
 INFO LOG: Apr_28_13:16: tick!!!
 INFO LOG: Apr_28_13:18: tick!!!
 INFO LOG: Apr_28_13:20: tick!!!
 INFO LOG: Apr_28_13:22: tick!!!
 INFO LOG: Apr_28_13:24: tick!!!
 INFO LOG: Apr_28_13:26: tick!!!
 INFO LOG: Apr_28_13:28: tick!!!
 INFO LOG: Apr_28_13:30: tick!!!
 INFO LOG: Apr_28_13:32: tick!!!
 INFO LOG: Apr_28_13:34: tick!!!
 INFO LOG: Apr_28_13:36: tick!!!
 INFO LOG: Apr_28_13:38: tick!!!
 INFO LOG: Apr_28_13:40: tick!!!
 INFO LOG: Apr_28_13:42: tick!!!
 INFO LOG: Apr_28_13:44: tick!!!
 INFO LOG: Apr_28_13:46: tick!!!
 INFO LOG: Apr_28_13:48: tick!!!
 INFO LOG: Apr_28_13:50: tick!!!
 INFO LOG: Apr_28_13:52: tick!!!
 INFO LOG: Apr_28_13:54: tick!!!
 INFO LOG: Apr_28_13:56: tick!!!
 INFO LOG: Apr_28_13:58: tick!!!
 INFO LOG: Apr_28_14:00: tick!!!
 INFO LOG: Apr_28_14:02: tick!!!
 INFO LOG: Apr_28_14:04: tick!!!
 INFO LOG: Apr_28_14:06: tick!!!
 INFO LOG: Apr_28_14:08: tick!!!
 INFO LOG: Apr_28_14:10: tick!!!
 INFO LOG: Apr_28_14:12: tick!!!
 INFO LOG: Apr_28_14:14: tick!!!
 INFO LOG: Apr_28_14:16: tick!!!
 INFO LOG: Apr_28_14:18: tick!!!
 INFO LOG: Apr_28_14:20: tick!!!
 INFO LOG: Apr_28_14:22: tick!!!
 INFO LOG: Apr_28_14:24: tick!!!
 INFO LOG: Apr_28_14:26: tick!!!
 INFO LOG: Apr_28_14:28: tick!!!
 INFO LOG: Apr_28_14:30: tick!!!
 INFO LOG: Apr_28_14:32: tick!!!
 INFO LOG: Apr_28_14:34: tick!!!
 INFO LOG: Apr_28_14:36: tick!!!
 INFO LOG: Apr_28_14:38: tick!!!
 INFO LOG: Apr_28_14:40: tick!!!
 INFO LOG: Apr_28_14:42: tick!!!
 INFO LOG: Apr_28_14:44: tick!!!
 INFO LOG: Apr_28_14:46: tick!!!
 INFO LOG: Apr_28_14:48: tick!!!
 INFO LOG: Apr_28_14:50: tick!!!
 INFO LOG: Apr_28_14:52: tick!!!
 INFO LOG: Apr_28_14:54: tick!!!
 INFO LOG: Apr_28_14:56: tick!!!
 INFO LOG: Apr_28_14:58: tick!!!
 INFO LOG: Apr_28_15:00: tick!!!
 INFO LOG: Apr_28_15:02: tick!!!
 INFO LOG: Apr_28_15:04: tick!!!
 INFO LOG: Apr_28_15:06: tick!!!
 INFO LOG: Apr_28_15:08: tick!!!
 INFO LOG: Apr_28_15:10: tick!!!
 INFO LOG: Apr_28_15:12: tick!!!
 INFO LOG: Apr_28_15:14: tick!!!
 INFO LOG: Apr_28_15:16: tick!!!
 INFO LOG: Apr_28_15:18: tick!!!
 INFO LOG: Apr_28_15:20: tick!!!
 INFO LOG: Apr_28_15:22: tick!!!
 INFO LOG: Apr_28_15:24: tick!!!
 INFO LOG: Apr_28_15:26: tick!!!
 INFO LOG: Apr_28_15:28: tick!!!
 INFO LOG: Apr_28_15:30: tick!!!
 INFO LOG: Apr_28_15:32: tick!!!
 INFO LOG: Apr_28_15:34: tick!!!
 INFO LOG: Apr_28_15:36: tick!!!
 INFO LOG: Apr_28_15:38: tick!!!
 INFO LOG: Apr_28_15:40: tick!!!
 INFO LOG: Apr_28_15:42: tick!!!
 INFO LOG: Apr_28_15:44: tick!!!
 INFO LOG: Apr_28_15:46: tick!!!
 INFO LOG: Apr_28_15:48: tick!!!
 INFO LOG: Apr_28_15:50: tick!!!
 INFO LOG: Apr_28_15:52: tick!!!
 INFO LOG: Apr_28_15:54: tick!!!
 INFO LOG: Apr_28_15:56: tick!!!
 INFO LOG: Apr_28_15:58: tick!!!
 INFO LOG: Apr_28_16:00: tick!!!
 INFO LOG: Apr_28_16:02: tick!!!
 INFO LOG: Apr_28_16:04: tick!!!
 INFO LOG: Apr_28_16:06: tick!!!
 INFO LOG: Apr_28_16:08: tick!!!
 INFO LOG: Apr_28_16:10: tick!!!
 INFO LOG: Apr_28_16:12: tick!!!
 INFO LOG: Apr_28_16:14: tick!!!
 INFO LOG: Apr_28_16:16: tick!!!
 INFO LOG: Apr_28_16:18: tick!!!
 INFO LOG: Apr_28_16:20: tick!!!
 INFO LOG: Apr_28_16:22: tick!!!
 INFO LOG: Apr_28_16:24: tick!!!
 INFO LOG: Apr_28_16:26: tick!!!
 INFO LOG: Apr_28_16:28: tick!!!
 INFO LOG: Apr_28_16:30: tick!!!
 INFO LOG: Apr_28_16:32: tick!!!
 INFO LOG: Apr_28_16:34: tick!!!
 INFO LOG: Apr_28_16:36: tick!!!
 INFO LOG: Apr_28_16:38: tick!!!
 INFO LOG: Apr_28_16:40: tick!!!
 INFO LOG: Apr_28_16:42: tick!!!
 INFO LOG: Apr_28_16:44: tick!!!
 INFO LOG: Apr_28_16:46: tick!!!
 INFO LOG: Apr_28_16:48: tick!!!
 INFO LOG: Apr_28_16:50: tick!!!
 INFO LOG: Apr_28_16:52: tick!!!
 INFO LOG: Apr_28_16:54: tick!!!
 INFO LOG: Apr_28_16:56: tick!!!
 INFO LOG: Apr_28_16:58: tick!!!
 INFO LOG: Apr_28_17:00: tick!!!
 INFO LOG: Apr_28_17:00: -- #<Player:0x00000001285220>:99.191.82.191:36448 disconnected from CoralMUD!
 INFO LOG: Apr_28_17:00: Logging enabled.   Loading logs.rb.
 INFO LOG: Apr_28_17:00: Loading facade.rb
 INFO LOG: Apr_28_17:00: Loading utils.rb
 INFO LOG: Apr_28_17:00: Loading constants.rb
 INFO LOG: Apr_28_17:00: Loading class_property.rb
 INFO LOG: Apr_28_17:00: Loading scripts.rb
 INFO LOG: Apr_28_17:00: Loading tags.rb
 INFO LOG: Apr_28_17:00: Loading editor/editors.rb
 INFO LOG: Apr_28_17:00: Loading editor/editor.strings.rb
 INFO LOG: Apr_28_17:00: Loading editor/editor.rooms.rb
 INFO LOG: Apr_28_17:00: Loading editor/editor.exits.rb
 INFO LOG: Apr_28_17:00: Loading editor/editor.zones.rb
 INFO LOG: Apr_28_17:00: Loading editor/editor.npc.rb
 INFO LOG: Apr_28_17:00: Loading editor/editor.items.rb
 INFO LOG: Apr_28_17:00: Loading mxp.rb
 INFO LOG: Apr_28_17:00: Loading mccp.rb
 INFO LOG: Apr_28_17:00: Loading flags.rb
 INFO LOG: Apr_28_17:00: Loading damage.rb
 INFO LOG: Apr_28_17:00: Loading areas.rb
 INFO LOG: Apr_28_17:00: Loading event.rb
 INFO LOG: Apr_28_17:00: Loading automap/automap.rb
 INFO LOG: Apr_28_17:00: Loading cities.olc.rb
 INFO LOG: Apr_28_17:00: Loading cities.rb
 INFO LOG: Apr_28_17:00: Loading sector definitions.
 INFO LOG: Apr_28_17:00: Loading help.rb
 INFO LOG: Apr_28_17:00: Loading imcruby.rb
 INFO LOG: Apr_28_17:00: Loading player.rb
 INFO LOG: Apr_28_17:00: Loading commands.rb
 INFO LOG: Apr_28_17:00: Loading random.rb
 INFO LOG: Apr_28_17:00: Loading npc.rb
 INFO LOG: Apr_28_17:00: Loading items.rb
 INFO LOG: Apr_28_17:00: Loading spells.rb
 INFO LOG: Apr_28_17:00: Loading all zones.
 INFO LOG: Apr_28_17:00: Starting server.
 INFO LOG: Apr_28_17:00: CoralMUD is now up on port 4000.
 INFO LOG: Apr_28_17:00: -- 99.191.82.191:49120 connected to CoralMUD!
 INFO LOG: Apr_28_17:00: -- 99.191.82.191:49120: Retnur is trying to connect.
 INFO LOG: Apr_28_17:00: -- 99.191.82.191:49120: Retnur player file found.
 INFO LOG: Apr_28_17:00: -- Retnur has entered the game.
 INFO LOG: Apr_28_17:02: tick!!!
 INFO LOG: Apr_28_17:04: tick!!!
 INFO LOG: Apr_28_17:06: tick!!!
 INFO LOG: Apr_28_17:08: tick!!!
 INFO LOG: Apr_28_17:10: tick!!!
 INFO LOG: Apr_28_17:12: tick!!!
 INFO LOG: Apr_28_17:14: tick!!!
 INFO LOG: Apr_28_17:16: tick!!!
 INFO LOG: Apr_28_17:18: tick!!!
 INFO LOG: Apr_28_17:20: tick!!!
 INFO LOG: Apr_28_17:22: tick!!!
 INFO LOG: Apr_28_17:24: tick!!!
 INFO LOG: Apr_28_17:26: tick!!!
 INFO LOG: Apr_28_17:28: tick!!!
 INFO LOG: Apr_28_17:30: tick!!!
 INFO LOG: Apr_28_17:32: tick!!!
 INFO LOG: Apr_28_17:34: tick!!!
 INFO LOG: Apr_28_17:36: tick!!!
 INFO LOG: Apr_28_17:38: tick!!!
 INFO LOG: Apr_28_17:40: tick!!!
 INFO LOG: Apr_28_17:42: tick!!!
 INFO LOG: Apr_28_17:44: tick!!!
 INFO LOG: Apr_28_17:46: tick!!!
 INFO LOG: Apr_28_17:48: tick!!!
 INFO LOG: Apr_28_17:50: tick!!!
 INFO LOG: Apr_28_17:52: tick!!!
 INFO LOG: Apr_28_17:53: Loading player.rb
 INFO LOG: Apr_28_17:54: tick!!!
 INFO LOG: Apr_28_17:54: Loading cities.rb
 INFO LOG: Apr_28_17:54: Loading sector definitions.
 INFO LOG: Apr_28_17:55: -- #<Player:0x00000001a82ce8>:99.191.82.191:49120 disconnected from CoralMUD!
 INFO LOG: Apr_28_17:55: Logging enabled.   Loading logs.rb.
 INFO LOG: Apr_28_17:55: Loading facade.rb
 INFO LOG: Apr_28_17:55: Loading utils.rb
 INFO LOG: Apr_28_17:55: Loading constants.rb
 INFO LOG: Apr_28_17:55: Loading class_property.rb
 INFO LOG: Apr_28_17:55: Loading scripts.rb
 INFO LOG: Apr_28_17:55: Loading tags.rb
 INFO LOG: Apr_28_17:55: Loading editor/editors.rb
 INFO LOG: Apr_28_17:55: Loading editor/editor.strings.rb
 INFO LOG: Apr_28_17:55: Loading editor/editor.rooms.rb
 INFO LOG: Apr_28_17:55: Loading editor/editor.exits.rb
 INFO LOG: Apr_28_17:55: Loading editor/editor.zones.rb
 INFO LOG: Apr_28_17:55: Loading editor/editor.npc.rb
 INFO LOG: Apr_28_17:55: Loading editor/editor.items.rb
 INFO LOG: Apr_28_17:55: Loading mxp.rb
 INFO LOG: Apr_28_17:55: Loading mccp.rb
 INFO LOG: Apr_28_17:55: Loading flags.rb
 INFO LOG: Apr_28_17:55: Loading damage.rb
 INFO LOG: Apr_28_17:55: Loading areas.rb
 INFO LOG: Apr_28_17:55: Loading event.rb
 INFO LOG: Apr_28_17:55: Loading automap/automap.rb
 INFO LOG: Apr_28_17:55: Loading cities.olc.rb
 INFO LOG: Apr_28_17:55: Loading cities.rb
 INFO LOG: Apr_28_17:55: Loading sector definitions.
 INFO LOG: Apr_28_17:55: Loading help.rb
 INFO LOG: Apr_28_17:55: Loading imcruby.rb
 INFO LOG: Apr_28_17:55: Loading player.rb
 INFO LOG: Apr_28_17:55: Loading commands.rb
 INFO LOG: Apr_28_17:55: Loading random.rb
 INFO LOG: Apr_28_17:55: Loading npc.rb
 INFO LOG: Apr_28_17:55: Loading items.rb
 INFO LOG: Apr_28_17:55: Loading spells.rb
 INFO LOG: Apr_28_17:55: Loading all zones.
 INFO LOG: Apr_28_17:55: Starting server.
 INFO LOG: Apr_28_17:55: CoralMUD is now up on port 4000.
 INFO LOG: Apr_28_17:55: -- 99.191.82.191:39394 connected to CoralMUD!
 INFO LOG: Apr_28_17:55: -- 99.191.82.191:39394: Retnur is trying to connect.
 INFO LOG: Apr_28_17:55: -- 99.191.82.191:39394: Retnur player file found.
 INFO LOG: Apr_28_17:55: -- Retnur has entered the game.
 INFO LOG: Apr_28_17:57: tick!!!
 INFO LOG: Apr_28_17:59: tick!!!
 INFO LOG: Apr_28_18:01: tick!!!
 INFO LOG: Apr_28_18:03: tick!!!
 INFO LOG: Apr_28_18:05: tick!!!
 INFO LOG: Apr_28_18:07: tick!!!
 INFO LOG: Apr_28_18:09: tick!!!
 INFO LOG: Apr_28_18:11: tick!!!
 INFO LOG: Apr_28_18:13: tick!!!
 INFO LOG: Apr_28_18:15: tick!!!
 INFO LOG: Apr_28_18:17: tick!!!
 INFO LOG: Apr_28_18:19: tick!!!
 INFO LOG: Apr_28_18:21: tick!!!
 INFO LOG: Apr_28_18:21: -- #<Player:0x000000013f2248>:99.191.82.191:39394 disconnected from CoralMUD!
 INFO LOG: Apr_28_18:21: Logging enabled.   Loading logs.rb.
 INFO LOG: Apr_28_18:21: Loading facade.rb
 INFO LOG: Apr_28_18:21: Loading utils.rb
 INFO LOG: Apr_28_18:21: Loading constants.rb
 INFO LOG: Apr_28_18:21: Loading class_property.rb
 INFO LOG: Apr_28_18:21: Loading scripts.rb
 INFO LOG: Apr_28_18:21: Loading tags.rb
 INFO LOG: Apr_28_18:21: Loading editor/editors.rb
 INFO LOG: Apr_28_18:21: Loading editor/editor.strings.rb
 INFO LOG: Apr_28_18:21: Loading editor/editor.rooms.rb
 INFO LOG: Apr_28_18:21: Loading editor/editor.exits.rb
 INFO LOG: Apr_28_18:21: Loading editor/editor.zones.rb
 INFO LOG: Apr_28_18:21: Loading editor/editor.npc.rb
 INFO LOG: Apr_28_18:21: Loading editor/editor.items.rb
 INFO LOG: Apr_28_18:21: Loading mxp.rb
 INFO LOG: Apr_28_18:21: Loading mccp.rb
 INFO LOG: Apr_28_18:21: Loading flags.rb
 INFO LOG: Apr_28_18:21: Loading damage.rb
 INFO LOG: Apr_28_18:21: Loading areas.rb
 INFO LOG: Apr_28_18:21: Loading event.rb
 INFO LOG: Apr_28_18:21: Loading automap/automap.rb
 INFO LOG: Apr_28_18:21: Loading cities.olc.rb
 INFO LOG: Apr_28_18:21: Loading cities.rb
 INFO LOG: Apr_28_18:21: Loading sector definitions.
 INFO LOG: Apr_28_18:21: Loading help.rb
 INFO LOG: Apr_28_18:21: Loading imcruby.rb
 INFO LOG: Apr_28_18:21: Loading player.rb
 INFO LOG: Apr_28_18:21: Loading commands.rb
 INFO LOG: Apr_28_18:21: Loading random.rb
 INFO LOG: Apr_28_18:21: Loading npc.rb
 INFO LOG: Apr_28_18:21: Loading items.rb
 INFO LOG: Apr_28_18:21: Loading spells.rb
 INFO LOG: Apr_28_18:21: Loading all zones.
 INFO LOG: Apr_28_18:21: Starting server.
 INFO LOG: Apr_28_18:21: CoralMUD is now up on port 4000.
 INFO LOG: Apr_28_18:21: -- 99.191.82.191:50997 connected to CoralMUD!
 INFO LOG: Apr_28_18:21: -- 99.191.82.191:50997: Retnur is trying to connect.
 INFO LOG: Apr_28_18:21: -- 99.191.82.191:50997: Retnur player file found.
 INFO LOG: Apr_28_18:21: -- Retnur has entered the game.
 INFO LOG: Apr_28_18:23: tick!!!
 INFO LOG: Apr_28_18:25: tick!!!
 INFO LOG: Apr_28_18:27: tick!!!
 INFO LOG: Apr_28_18:29: tick!!!
 INFO LOG: Apr_28_18:31: tick!!!
 INFO LOG: Apr_28_18:33: tick!!!
 INFO LOG: Apr_28_18:35: tick!!!
 INFO LOG: Apr_28_18:37: tick!!!
 INFO LOG: Apr_28_18:39: tick!!!
 INFO LOG: Apr_28_18:41: tick!!!
 INFO LOG: Apr_28_18:43: tick!!!
 INFO LOG: Apr_28_18:45: tick!!!
 INFO LOG: Apr_28_18:47: tick!!!
 INFO LOG: Apr_28_18:49: tick!!!
 INFO LOG: Apr_28_18:51: tick!!!
 INFO LOG: Apr_28_18:53: tick!!!
 INFO LOG: Apr_28_18:55: tick!!!
 INFO LOG: Apr_28_18:57: tick!!!
 INFO LOG: Apr_28_18:59: tick!!!
 INFO LOG: Apr_28_19:01: tick!!!
 INFO LOG: Apr_28_19:03: tick!!!
 INFO LOG: Apr_28_19:05: tick!!!
 INFO LOG: Apr_28_19:07: tick!!!
 INFO LOG: Apr_28_19:09: tick!!!
 INFO LOG: Apr_28_19:11: tick!!!
 INFO LOG: Apr_28_19:13: tick!!!
 INFO LOG: Apr_28_19:15: tick!!!
 INFO LOG: Apr_28_19:17: tick!!!
 INFO LOG: Apr_28_19:19: tick!!!
 INFO LOG: Apr_28_19:21: tick!!!
 INFO LOG: Apr_28_19:23: tick!!!
 INFO LOG: Apr_28_19:25: tick!!!
 INFO LOG: Apr_28_19:27: tick!!!
 INFO LOG: Apr_28_19:29: tick!!!
 INFO LOG: Apr_28_19:31: tick!!!
 INFO LOG: Apr_28_19:33: tick!!!
 INFO LOG: Apr_28_19:35: tick!!!
 INFO LOG: Apr_28_19:37: tick!!!
 INFO LOG: Apr_28_19:39: tick!!!
 INFO LOG: Apr_28_19:41: tick!!!
 INFO LOG: Apr_28_19:43: tick!!!
 INFO LOG: Apr_28_19:45: tick!!!
 INFO LOG: Apr_28_19:47: tick!!!
 INFO LOG: Apr_28_19:49: tick!!!
 INFO LOG: Apr_28_19:51: tick!!!
 INFO LOG: Apr_28_19:53: tick!!!
 INFO LOG: Apr_28_19:55: tick!!!
 INFO LOG: Apr_28_19:57: tick!!!
 INFO LOG: Apr_28_19:59: tick!!!
 INFO LOG: Apr_28_20:01: tick!!!
 INFO LOG: Apr_28_20:03: tick!!!
 INFO LOG: Apr_28_20:05: tick!!!
 INFO LOG: Apr_28_20:07: tick!!!
 INFO LOG: Apr_28_20:09: tick!!!
 INFO LOG: Apr_28_20:11: tick!!!
 INFO LOG: Apr_28_20:13: tick!!!
 INFO LOG: Apr_28_20:15: tick!!!
 INFO LOG: Apr_28_20:17: tick!!!
 INFO LOG: Apr_28_20:19: tick!!!
 INFO LOG: Apr_28_20:21: tick!!!
 INFO LOG: Apr_28_20:23: tick!!!
 INFO LOG: Apr_28_20:25: tick!!!
 INFO LOG: Apr_28_20:27: tick!!!
 INFO LOG: Apr_28_20:29: tick!!!
 INFO LOG: Apr_28_20:31: tick!!!
 INFO LOG: Apr_28_20:33: tick!!!
 INFO LOG: Apr_28_20:35: tick!!!
 INFO LOG: Apr_28_20:37: tick!!!
 INFO LOG: Apr_28_20:39: tick!!!
 INFO LOG: Apr_28_20:41: tick!!!
 INFO LOG: Apr_28_20:43: tick!!!
 INFO LOG: Apr_28_20:45: tick!!!
 INFO LOG: Apr_28_20:47: tick!!!
 INFO LOG: Apr_28_20:49: tick!!!
 INFO LOG: Apr_28_20:51: tick!!!
 INFO LOG: Apr_28_20:53: tick!!!
 INFO LOG: Apr_28_20:55: tick!!!
 INFO LOG: Apr_28_20:57: tick!!!
 INFO LOG: Apr_28_20:59: tick!!!
 INFO LOG: Apr_28_21:01: tick!!!
 INFO LOG: Apr_28_21:03: tick!!!
 INFO LOG: Apr_28_21:05: tick!!!
 INFO LOG: Apr_28_21:07: tick!!!
 INFO LOG: Apr_28_21:09: tick!!!
 INFO LOG: Apr_28_21:11: tick!!!
 INFO LOG: Apr_28_21:13: tick!!!
 INFO LOG: Apr_28_21:15: tick!!!
 INFO LOG: Apr_28_21:17: tick!!!
 INFO LOG: Apr_28_21:19: tick!!!
 INFO LOG: Apr_28_21:21: tick!!!
 INFO LOG: Apr_28_21:23: tick!!!
 INFO LOG: Apr_28_21:25: tick!!!
 INFO LOG: Apr_28_21:27: tick!!!
 INFO LOG: Apr_28_21:29: tick!!!
 INFO LOG: Apr_28_21:31: tick!!!
 INFO LOG: Apr_28_21:33: tick!!!
 INFO LOG: Apr_28_21:35: tick!!!
 INFO LOG: Apr_28_21:37: tick!!!
 INFO LOG: Apr_28_21:39: tick!!!
 INFO LOG: Apr_28_21:41: tick!!!
 INFO LOG: Apr_28_21:43: tick!!!
 INFO LOG: Apr_28_21:45: tick!!!
 INFO LOG: Apr_28_21:47: tick!!!
 INFO LOG: Apr_28_21:49: tick!!!
 INFO LOG: Apr_28_21:51: tick!!!
 INFO LOG: Apr_28_21:53: tick!!!
 INFO LOG: Apr_28_21:55: tick!!!
 INFO LOG: Apr_28_21:57: tick!!!
 INFO LOG: Apr_28_21:59: tick!!!
 INFO LOG: Apr_28_22:01: tick!!!
 INFO LOG: Apr_28_22:03: tick!!!
 INFO LOG: Apr_28_22:05: tick!!!
 INFO LOG: Apr_28_22:07: tick!!!
 INFO LOG: Apr_28_22:09: tick!!!
 INFO LOG: Apr_28_22:11: tick!!!
 INFO LOG: Apr_28_22:13: tick!!!
 INFO LOG: Apr_28_22:15: tick!!!
 INFO LOG: Apr_28_22:17: tick!!!
 INFO LOG: Apr_28_22:19: tick!!!
 INFO LOG: Apr_28_22:21: tick!!!
 INFO LOG: Apr_28_22:23: tick!!!
 INFO LOG: Apr_28_22:25: tick!!!
 INFO LOG: Apr_28_22:27: tick!!!
 INFO LOG: Apr_28_22:29: tick!!!
 INFO LOG: Apr_28_22:31: tick!!!
 INFO LOG: Apr_28_22:33: tick!!!
 INFO LOG: Apr_28_22:35: tick!!!
 INFO LOG: Apr_28_22:37: tick!!!
 INFO LOG: Apr_28_22:39: tick!!!
 INFO LOG: Apr_28_22:41: tick!!!
 INFO LOG: Apr_28_22:43: tick!!!
 INFO LOG: Apr_28_22:45: tick!!!
 INFO LOG: Apr_28_22:47: tick!!!
 INFO LOG: Apr_28_22:49: tick!!!
 INFO LOG: Apr_28_22:51: tick!!!
 INFO LOG: Apr_28_22:53: tick!!!
 INFO LOG: Apr_28_22:55: tick!!!
 INFO LOG: Apr_28_22:55: -- #<Player:0x00000001dee5f8>:99.191.82.191:50997 disconnected from CoralMUD!
 INFO LOG: Apr_28_23:49: tick!!!
 INFO LOG: Apr_28_23:51: tick!!!
 INFO LOG: Apr_28_23:52: -- 99.191.82.191:55170 connected to CoralMUD!
 INFO LOG: Apr_28_23:52: -- 99.191.82.191:55170: Retnur is trying to connect.
 INFO LOG: Apr_28_23:52: -- 99.191.82.191:55170: Retnur player file found.
 INFO LOG: Apr_28_23:52: -- Retnur has entered the game.
 INFO LOG: Apr_28_23:53: -- #<Player:0x000000021e5bc0>:99.191.82.191:55170 disconnected from CoralMUD!
 INFO LOG: Apr_28_23:53: -- 99.191.82.191:55935 connected to CoralMUD!
 INFO LOG: Apr_28_23:53: -- :99.191.82.191:55935 disconnected from CoralMUD!
 INFO LOG: Apr_28_23:53: -- 99.191.82.191:60356 connected to CoralMUD!
 INFO LOG: Apr_28_23:53: -- 99.191.82.191:60356: Retnur is trying to connect.
 INFO LOG: Apr_28_23:53: -- 99.191.82.191:60356: Retnur player file found.
 INFO LOG: Apr_28_23:53: -- Retnur has entered the game.
 INFO LOG: Apr_28_23:53: -- #<Player:0x000000021e59e0>:99.191.82.191:60356 disconnected from CoralMUD!
 INFO LOG: Apr_28_23:53: Program closed.
