 INFO LOG: Apr_10_23: Logging enabled.   Loading logs.rb.
 INFO LOG: Apr_10_23: Loading utils.rb
 INFO LOG: Apr_10_23: Loading constants.rb
 INFO LOG: Apr_10_23: Loading class_property.rb
 INFO LOG: Apr_10_23: Loading tags.rb
 INFO LOG: Apr_10_23: Loading editor/editors.rb
 INFO LOG: Apr_10_23: Loading editor/editor.strings.rb
 INFO LOG: Apr_10_23: Loading editor/editor.rooms.rb
 INFO LOG: Apr_10_23: Loading editor/editor.exits.rb
 INFO LOG: Apr_10_23: Loading mxp.rb
 INFO LOG: Apr_10_23: Loading mccp.rb
 INFO LOG: Apr_10_23: Loading flags.rb
 INFO LOG: Apr_10_23: Loading damage.rb
 INFO LOG: Apr_10_23: Loading areas.rb
 INFO LOG: Apr_10_23: Loading event.rb
 INFO LOG: Apr_10_23: Loading automap/automap.rb
 INFO LOG: Apr_10_23: Loading cities.olc.rb
 INFO LOG: Apr_10_23: Loading cities.rb
 INFO LOG: Apr_10_23: Loading help.rb
 INFO LOG: Apr_10_23: Loading imcruby.rb
 INFO LOG: Apr_10_23: Loading player.rb
 INFO LOG: Apr_10_23: Loading player.commands.rb
 INFO LOG: Apr_10_23: Loading random.rb
 INFO LOG: Apr_10_23: Loading spells.rb
 INFO LOG: Apr_10_23: Starting server.
 INFO LOG: Apr_10_23: CoralMUD is now up on port 4000.
 INFO LOG: Apr_10_23: -- 99.191.82.191:46087 connected to CoralMUD!
 INFO LOG: Apr_10_23: -- 99.191.82.191:46087: Retnur is trying to connect.
 INFO LOG: Apr_10_23: -- 99.191.82.191:46087: Retnur player file found.
 INFO LOG: Apr_10_23: -- #<Player:0x0000000127e330>:99.191.82.191:46087 disconnected from CoralMUD!
 INFO LOG: Apr_10_23: -- 99.191.82.191:51701 connected to CoralMUD!
 INFO LOG: Apr_10_23: -- 99.191.82.191:51701: Rtewfw is trying to connect.
 INFO LOG: Apr_10_23: -- 99.191.82.191:51701: Rtewfw player file found.
 INFO LOG: Apr_10_23: -- Rtewfw has entered the game.
 INFO LOG: Apr_10_23: Rtewfw has left the game.
 INFO LOG: Apr_10_23: -- :99.191.82.191:51701 disconnected from CoralMUD!
 INFO LOG: Apr_10_23: -- 99.191.82.191:48204 connected to CoralMUD!
 INFO LOG: Apr_10_23: -- 99.191.82.191:48204: Invalid name in character creation.
 INFO LOG: Apr_10_23: -- 99.191.82.191:48204: Rwfwfwdw is trying to connect.
 INFO LOG: Apr_10_23: -- 99.191.82.191:48204: Rwfwfwdw:  New Character.
 INFO LOG: Apr_10_23: tick!!!
 INFO LOG: Apr_10_23: -- #<Player:0x00000001691d00>:99.191.82.191:48204 disconnected from CoralMUD!
 INFO LOG: Apr_10_23: -- 99.191.82.191:37203 connected to CoralMUD!
 INFO LOG: Apr_10_23: -- 99.191.82.191:37203: Retnur is trying to connect.
 INFO LOG: Apr_10_23: -- 99.191.82.191:37203: Retnur player file found.
 INFO LOG: Apr_10_23: -- Retnur has entered the game.
 INFO LOG: Apr_10_23: tick!!!
 INFO LOG: Apr_10_23: tick!!!
 INFO LOG: Apr_10_23: tick!!!
 INFO LOG: Apr_10_23: tick!!!
 INFO LOG: Apr_10_23: tick!!!
 INFO LOG: Apr_10_23: tick!!!
 INFO LOG: Apr_10_23: tick!!!
 INFO LOG: Apr_10_23: tick!!!
 INFO LOG: Apr_10_23: tick!!!
 INFO LOG: Apr_10_23: tick!!!
 INFO LOG: Apr_10_23: tick!!!
 INFO LOG: Apr_10_23: tick!!!
 INFO LOG: Apr_11_00: tick!!!
 INFO LOG: Apr_11_00: tick!!!
 INFO LOG: Apr_11_00: tick!!!
 INFO LOG: Apr_11_00: tick!!!
 INFO LOG: Apr_11_00: tick!!!
 INFO LOG: Apr_11_00: tick!!!
 INFO LOG: Apr_11_00: tick!!!
 INFO LOG: Apr_11_00: tick!!!
 INFO LOG: Apr_11_00: tick!!!
 INFO LOG: Apr_11_00: tick!!!
 INFO LOG: Apr_11_00: tick!!!
 INFO LOG: Apr_11_00: tick!!!
 INFO LOG: Apr_11_00: tick!!!
 INFO LOG: Apr_11_00: tick!!!
 INFO LOG: Apr_11_00: tick!!!
 INFO LOG: Apr_11_00: tick!!!
 INFO LOG: Apr_11_00: tick!!!
 INFO LOG: Apr_11_00: tick!!!
 INFO LOG: Apr_11_00: tick!!!
 INFO LOG: Apr_11_00: tick!!!
 INFO LOG: Apr_11_00: tick!!!
 INFO LOG: Apr_11_00: tick!!!
 INFO LOG: Apr_11_00: tick!!!
 INFO LOG: Apr_11_00: tick!!!
 INFO LOG: Apr_11_00: tick!!!
 INFO LOG: Apr_11_00: tick!!!
 INFO LOG: Apr_11_00: tick!!!
 INFO LOG: Apr_11_00: tick!!!
 INFO LOG: Apr_11_00: tick!!!
 INFO LOG: Apr_11_00: tick!!!
 INFO LOG: Apr_11_01: tick!!!
 INFO LOG: Apr_11_01: tick!!!
 INFO LOG: Apr_11_01: tick!!!
 INFO LOG: Apr_11_01: tick!!!
 INFO LOG: Apr_11_01: tick!!!
 INFO LOG: Apr_11_01: tick!!!
 INFO LOG: Apr_11_01: tick!!!
 INFO LOG: Apr_11_01: tick!!!
 INFO LOG: Apr_11_01: tick!!!
 INFO LOG: Apr_11_01: tick!!!
 INFO LOG: Apr_11_01: tick!!!
 INFO LOG: Apr_11_01: tick!!!
 INFO LOG: Apr_11_01: tick!!!
 INFO LOG: Apr_11_01: tick!!!
 INFO LOG: Apr_11_01: tick!!!
 INFO LOG: Apr_11_01: tick!!!
 INFO LOG: Apr_11_01: tick!!!
 INFO LOG: Apr_11_01: tick!!!
 INFO LOG: Apr_11_01: tick!!!
 INFO LOG: Apr_11_01: tick!!!
 INFO LOG: Apr_11_01: tick!!!
 INFO LOG: Apr_11_01: tick!!!
 INFO LOG: Apr_11_01: tick!!!
 INFO LOG: Apr_11_01: tick!!!
 INFO LOG: Apr_11_01: tick!!!
 INFO LOG: Apr_11_01: tick!!!
 INFO LOG: Apr_11_01: tick!!!
 INFO LOG: Apr_11_01: tick!!!
 INFO LOG: Apr_11_01: tick!!!
 INFO LOG: Apr_11_01: tick!!!
 INFO LOG: Apr_11_02: tick!!!
 INFO LOG: Apr_11_02: tick!!!
 INFO LOG: Apr_11_02: tick!!!
 INFO LOG: Apr_11_02: tick!!!
 INFO LOG: Apr_11_02: tick!!!
 INFO LOG: Apr_11_02: tick!!!
 INFO LOG: Apr_11_02: tick!!!
 INFO LOG: Apr_11_02: tick!!!
 INFO LOG: Apr_11_02: tick!!!
 INFO LOG: Apr_11_02: tick!!!
 INFO LOG: Apr_11_02: tick!!!
 INFO LOG: Apr_11_02: tick!!!
 INFO LOG: Apr_11_02: tick!!!
 INFO LOG: Apr_11_02: tick!!!
 INFO LOG: Apr_11_02: tick!!!
 INFO LOG: Apr_11_02: tick!!!
 INFO LOG: Apr_11_02: tick!!!
 INFO LOG: Apr_11_02: tick!!!
 INFO LOG: Apr_11_02: tick!!!
 INFO LOG: Apr_11_02: tick!!!
 INFO LOG: Apr_11_02: tick!!!
 INFO LOG: Apr_11_02: tick!!!
 INFO LOG: Apr_11_02: tick!!!
 INFO LOG: Apr_11_02: tick!!!
 INFO LOG: Apr_11_02: tick!!!
 INFO LOG: Apr_11_02: tick!!!
 INFO LOG: Apr_11_02: tick!!!
 INFO LOG: Apr_11_02: tick!!!
 INFO LOG: Apr_11_02: tick!!!
 INFO LOG: Apr_11_02: tick!!!
 INFO LOG: Apr_11_03: tick!!!
 INFO LOG: Apr_11_03: tick!!!
 INFO LOG: Apr_11_03: tick!!!
 INFO LOG: Apr_11_03: tick!!!
 INFO LOG: Apr_11_03: tick!!!
 INFO LOG: Apr_11_03: tick!!!
 INFO LOG: Apr_11_03: tick!!!
 INFO LOG: Apr_11_03: tick!!!
 INFO LOG: Apr_11_03: tick!!!
 INFO LOG: Apr_11_03: tick!!!
 INFO LOG: Apr_11_03: tick!!!
 INFO LOG: Apr_11_03: tick!!!
 INFO LOG: Apr_11_03: tick!!!
 INFO LOG: Apr_11_03: tick!!!
 INFO LOG: Apr_11_03: tick!!!
 INFO LOG: Apr_11_03: tick!!!
 INFO LOG: Apr_11_03: tick!!!
 INFO LOG: Apr_11_03: tick!!!
 INFO LOG: Apr_11_03: tick!!!
 INFO LOG: Apr_11_03: tick!!!
 INFO LOG: Apr_11_03: tick!!!
 INFO LOG: Apr_11_03: tick!!!
 INFO LOG: Apr_11_03: tick!!!
 INFO LOG: Apr_11_03: tick!!!
 INFO LOG: Apr_11_03: tick!!!
 INFO LOG: Apr_11_03: tick!!!
 INFO LOG: Apr_11_03: tick!!!
 INFO LOG: Apr_11_03: tick!!!
 INFO LOG: Apr_11_03: tick!!!
 INFO LOG: Apr_11_03: tick!!!
 INFO LOG: Apr_11_04: tick!!!
 INFO LOG: Apr_11_04: tick!!!
 INFO LOG: Apr_11_04: tick!!!
 INFO LOG: Apr_11_04: tick!!!
 INFO LOG: Apr_11_04: tick!!!
 INFO LOG: Apr_11_04: tick!!!
 INFO LOG: Apr_11_04: tick!!!
 INFO LOG: Apr_11_04: tick!!!
 INFO LOG: Apr_11_04: tick!!!
 INFO LOG: Apr_11_04: tick!!!
 INFO LOG: Apr_11_04: tick!!!
 INFO LOG: Apr_11_04: tick!!!
 INFO LOG: Apr_11_04: tick!!!
 INFO LOG: Apr_11_04: tick!!!
 INFO LOG: Apr_11_04: tick!!!
 INFO LOG: Apr_11_04: tick!!!
 INFO LOG: Apr_11_04: tick!!!
 INFO LOG: Apr_11_04: tick!!!
 INFO LOG: Apr_11_04: tick!!!
 INFO LOG: Apr_11_04: tick!!!
 INFO LOG: Apr_11_04: tick!!!
 INFO LOG: Apr_11_04: tick!!!
 INFO LOG: Apr_11_04: tick!!!
 INFO LOG: Apr_11_04: tick!!!
 INFO LOG: Apr_11_04: tick!!!
 INFO LOG: Apr_11_04: tick!!!
 INFO LOG: Apr_11_04: tick!!!
 INFO LOG: Apr_11_04: tick!!!
 INFO LOG: Apr_11_04: tick!!!
 INFO LOG: Apr_11_04: tick!!!
 INFO LOG: Apr_11_05: tick!!!
 INFO LOG: Apr_11_05: tick!!!
 INFO LOG: Apr_11_05: tick!!!
 INFO LOG: Apr_11_05: tick!!!
 INFO LOG: Apr_11_05: tick!!!
 INFO LOG: Apr_11_05: tick!!!
 INFO LOG: Apr_11_05: tick!!!
 INFO LOG: Apr_11_05: tick!!!
 INFO LOG: Apr_11_05: tick!!!
 INFO LOG: Apr_11_05: tick!!!
 INFO LOG: Apr_11_05: tick!!!
 INFO LOG: Apr_11_05: tick!!!
 INFO LOG: Apr_11_05: tick!!!
 INFO LOG: Apr_11_05: tick!!!
 INFO LOG: Apr_11_05: tick!!!
 INFO LOG: Apr_11_05: tick!!!
 INFO LOG: Apr_11_05: tick!!!
 INFO LOG: Apr_11_05: tick!!!
 INFO LOG: Apr_11_05: tick!!!
 INFO LOG: Apr_11_05: tick!!!
 INFO LOG: Apr_11_05: tick!!!
 INFO LOG: Apr_11_05: tick!!!
 INFO LOG: Apr_11_05: tick!!!
 INFO LOG: Apr_11_05: tick!!!
 INFO LOG: Apr_11_05: tick!!!
 INFO LOG: Apr_11_05: tick!!!
 INFO LOG: Apr_11_05: tick!!!
 INFO LOG: Apr_11_05: tick!!!
 INFO LOG: Apr_11_05: tick!!!
 INFO LOG: Apr_11_05: tick!!!
 INFO LOG: Apr_11_06: tick!!!
 INFO LOG: Apr_11_06: tick!!!
 INFO LOG: Apr_11_06: tick!!!
 INFO LOG: Apr_11_06: tick!!!
 INFO LOG: Apr_11_06: tick!!!
 INFO LOG: Apr_11_06: tick!!!
 INFO LOG: Apr_11_06: tick!!!
 INFO LOG: Apr_11_06: tick!!!
 INFO LOG: Apr_11_06: tick!!!
 INFO LOG: Apr_11_06: tick!!!
 INFO LOG: Apr_11_06: tick!!!
 INFO LOG: Apr_11_06: tick!!!
 INFO LOG: Apr_11_06: tick!!!
 INFO LOG: Apr_11_06: tick!!!
 INFO LOG: Apr_11_06: tick!!!
 INFO LOG: Apr_11_06: tick!!!
 INFO LOG: Apr_11_06: tick!!!
 INFO LOG: Apr_11_06: tick!!!
 INFO LOG: Apr_11_06: tick!!!
 INFO LOG: Apr_11_06: tick!!!
 INFO LOG: Apr_11_06: tick!!!
 INFO LOG: Apr_11_06: tick!!!
 INFO LOG: Apr_11_06: tick!!!
 INFO LOG: Apr_11_06: tick!!!
 INFO LOG: Apr_11_06: tick!!!
 INFO LOG: Apr_11_06: tick!!!
 INFO LOG: Apr_11_06: tick!!!
 INFO LOG: Apr_11_06: tick!!!
 INFO LOG: Apr_11_06: tick!!!
 INFO LOG: Apr_11_06: tick!!!
 INFO LOG: Apr_11_07: tick!!!
 INFO LOG: Apr_11_07: tick!!!
 INFO LOG: Apr_11_07: tick!!!
 INFO LOG: Apr_11_07: tick!!!
 INFO LOG: Apr_11_07: tick!!!
 INFO LOG: Apr_11_07: tick!!!
 INFO LOG: Apr_11_07: tick!!!
 INFO LOG: Apr_11_07: Loading areas.rb
 INFO LOG: Apr_11_07: -- #<Player:0x000000013aa560>:99.191.82.191:37203 disconnected from CoralMUD!
 INFO LOG: Apr_11_07: Program closed.
