 INFO LOG: Apr_13_08: Logging enabled.   Loading logs.rb.
 INFO LOG: Apr_13_08: Loading utils.rb
 INFO LOG: Apr_13_08: Loading constants.rb
 INFO LOG: Apr_13_08: Loading class_property.rb
 INFO LOG: Apr_13_08: Loading tags.rb
 INFO LOG: Apr_13_08: Loading editor/editors.rb
 INFO LOG: Apr_13_08: Loading editor/editor.strings.rb
 INFO LOG: Apr_13_08: Loading editor/editor.rooms.rb
 INFO LOG: Apr_13_08: Loading editor/editor.exits.rb
 INFO LOG: Apr_13_08: Loading editor/editor.zones.rb
 INFO LOG: Apr_13_08: Loading mxp.rb
 INFO LOG: Apr_13_08: Loading mccp.rb
 INFO LOG: Apr_13_08: Loading flags.rb
 INFO LOG: Apr_13_08: Loading damage.rb
 INFO LOG: Apr_13_08: Loading areas.rb
 INFO LOG: Apr_13_08: Loading event.rb
 INFO LOG: Apr_13_08: Loading automap/automap.rb
 INFO LOG: Apr_13_08: Loading cities.olc.rb
 INFO LOG: Apr_13_08: Loading cities.rb
 INFO LOG: Apr_13_08: Loading sector definitions.
 INFO LOG: Apr_13_08: Loading help.rb
 INFO LOG: Apr_13_08: Loading imcruby.rb
 INFO LOG: Apr_13_08: Loading player.rb
 INFO LOG: Apr_13_08: Loading player.commands.rb
 INFO LOG: Apr_13_08: Loading random.rb
 INFO LOG: Apr_13_08: Loading spells.rb
 INFO LOG: Apr_13_08: Loading all zones.
 INFO LOG: Apr_13_08: Starting server.
 INFO LOG: Apr_13_08: CoralMUD is now up on port 4000.
 INFO LOG: Apr_13_08: -- 99.191.82.191:37077 connected to CoralMUD!
 INFO LOG: Apr_13_08: -- 99.191.82.191:37077: Retnur is trying to connect.
 INFO LOG: Apr_13_08: -- 99.191.82.191:37077: Retnur player file found.
 INFO LOG: Apr_13_08: -- Retnur has entered the game.
 INFO LOG: Apr_13_08: -- #<Player:0x000000028b8240>:99.191.82.191:37077 disconnected from CoralMUD!
 INFO LOG: Apr_13_08: Program closed.
 INFO LOG: Apr_13_08: Logging enabled.   Loading logs.rb.
 INFO LOG: Apr_13_08: Loading utils.rb
 INFO LOG: Apr_13_08: Loading constants.rb
 INFO LOG: Apr_13_08: Loading class_property.rb
 INFO LOG: Apr_13_08: Loading tags.rb
 INFO LOG: Apr_13_08: Loading editor/editors.rb
 INFO LOG: Apr_13_08: Loading editor/editor.strings.rb
 INFO LOG: Apr_13_08: Loading editor/editor.rooms.rb
 INFO LOG: Apr_13_08: Loading editor/editor.exits.rb
 INFO LOG: Apr_13_08: Loading editor/editor.zones.rb
 INFO LOG: Apr_13_08: Loading mxp.rb
 INFO LOG: Apr_13_08: Loading mccp.rb
 INFO LOG: Apr_13_08: Loading flags.rb
 INFO LOG: Apr_13_08: Loading damage.rb
 INFO LOG: Apr_13_08: Loading areas.rb
 INFO LOG: Apr_13_08: Loading event.rb
 INFO LOG: Apr_13_08: Loading automap/automap.rb
 INFO LOG: Apr_13_08: Loading cities.olc.rb
 INFO LOG: Apr_13_08: Loading cities.rb
 INFO LOG: Apr_13_08: Loading sector definitions.
 INFO LOG: Apr_13_08: Loading help.rb
 INFO LOG: Apr_13_08: Loading imcruby.rb
 INFO LOG: Apr_13_08: Loading player.rb
 INFO LOG: Apr_13_08: Loading player.commands.rb
 INFO LOG: Apr_13_08: Loading random.rb
 INFO LOG: Apr_13_08: Loading spells.rb
 INFO LOG: Apr_13_08: Loading all zones.
 INFO LOG: Apr_13_08: Starting server.
 INFO LOG: Apr_13_08: CoralMUD is now up on port 4000.
 INFO LOG: Apr_13_08: -- 99.191.82.191:56954 connected to CoralMUD!
 INFO LOG: Apr_13_08: -- 99.191.82.191:56954: Retnur is trying to connect.
 INFO LOG: Apr_13_08: -- 99.191.82.191:56954: Retnur player file found.
 INFO LOG: Apr_13_08: -- Retnur has entered the game.
 INFO LOG: Apr_13_08: tick!!!
 INFO LOG: Apr_13_08: tick!!!
 INFO LOG: Apr_13_08: tick!!!
 INFO LOG: Apr_13_08: tick!!!
 INFO LOG: Apr_13_09: tick!!!
 INFO LOG: Apr_13_09: tick!!!
 INFO LOG: Apr_13_09: tick!!!
 INFO LOG: Apr_13_09: tick!!!
 INFO LOG: Apr_13_09: tick!!!
 INFO LOG: Apr_13_09: tick!!!
 INFO LOG: Apr_13_09: tick!!!
 INFO LOG: Apr_13_09: tick!!!
 INFO LOG: Apr_13_09: tick!!!
 INFO LOG: Apr_13_09: tick!!!
 INFO LOG: Apr_13_09: tick!!!
 INFO LOG: Apr_13_09: tick!!!
 INFO LOG: Apr_13_09: tick!!!
 INFO LOG: Apr_13_09: tick!!!
 INFO LOG: Apr_13_09: tick!!!
 INFO LOG: Apr_13_09: tick!!!
 INFO LOG: Apr_13_09: tick!!!
 INFO LOG: Apr_13_09: tick!!!
 INFO LOG: Apr_13_09: tick!!!
 INFO LOG: Apr_13_09: tick!!!
 INFO LOG: Apr_13_09: tick!!!
 INFO LOG: Apr_13_09: tick!!!
 INFO LOG: Apr_13_09: tick!!!
 INFO LOG: Apr_13_09: tick!!!
 INFO LOG: Apr_13_09: tick!!!
 INFO LOG: Apr_13_09: tick!!!
 INFO LOG: Apr_13_09: tick!!!
 INFO LOG: Apr_13_09: tick!!!
 INFO LOG: Apr_13_09: tick!!!
 INFO LOG: Apr_13_09: tick!!!
 INFO LOG: Apr_13_10: tick!!!
 INFO LOG: Apr_13_10: tick!!!
 INFO LOG: Apr_13_10: tick!!!
 INFO LOG: Apr_13_10: tick!!!
 INFO LOG: Apr_13_10: tick!!!
 INFO LOG: Apr_13_10: tick!!!
 INFO LOG: Apr_13_10: tick!!!
 INFO LOG: Apr_13_10: tick!!!
 INFO LOG: Apr_13_10: tick!!!
 INFO LOG: Apr_13_10: tick!!!
 INFO LOG: Apr_13_10: tick!!!
 INFO LOG: Apr_13_10: tick!!!
 INFO LOG: Apr_13_10: tick!!!
 INFO LOG: Apr_13_10: tick!!!
 INFO LOG: Apr_13_10: tick!!!
 INFO LOG: Apr_13_10: tick!!!
 INFO LOG: Apr_13_10: tick!!!
 INFO LOG: Apr_13_10: tick!!!
 INFO LOG: Apr_13_10: tick!!!
 INFO LOG: Apr_13_10: tick!!!
 INFO LOG: Apr_13_10: tick!!!
 INFO LOG: Apr_13_10: tick!!!
 INFO LOG: Apr_13_10: tick!!!
 INFO LOG: Apr_13_10: tick!!!
 INFO LOG: Apr_13_10: tick!!!
 INFO LOG: Apr_13_10: tick!!!
 INFO LOG: Apr_13_10: tick!!!
 INFO LOG: Apr_13_10: tick!!!
 INFO LOG: Apr_13_10: tick!!!
 INFO LOG: Apr_13_10: tick!!!
 INFO LOG: Apr_13_11: tick!!!
 INFO LOG: Apr_13_11: tick!!!
 INFO LOG: Apr_13_11: tick!!!
 INFO LOG: Apr_13_11: tick!!!
 INFO LOG: Apr_13_11: tick!!!
 INFO LOG: Apr_13_11: tick!!!
 INFO LOG: Apr_13_11: tick!!!
 INFO LOG: Apr_13_11: tick!!!
 INFO LOG: Apr_13_11: tick!!!
 INFO LOG: Apr_13_11: tick!!!
 INFO LOG: Apr_13_11: tick!!!
 INFO LOG: Apr_13_11: tick!!!
 INFO LOG: Apr_13_11: tick!!!
 INFO LOG: Apr_13_11: tick!!!
 INFO LOG: Apr_13_11: tick!!!
 INFO LOG: Apr_13_11: tick!!!
 INFO LOG: Apr_13_11: tick!!!
 INFO LOG: Apr_13_11: tick!!!
 INFO LOG: Apr_13_11: tick!!!
 INFO LOG: Apr_13_11: tick!!!
 INFO LOG: Apr_13_11: tick!!!
 INFO LOG: Apr_13_11: tick!!!
 INFO LOG: Apr_13_11: tick!!!
 INFO LOG: Apr_13_11: tick!!!
 INFO LOG: Apr_13_11: tick!!!
 INFO LOG: Apr_13_11: tick!!!
 INFO LOG: Apr_13_11: tick!!!
 INFO LOG: Apr_13_11: tick!!!
 INFO LOG: Apr_13_11: tick!!!
 INFO LOG: Apr_13_11: tick!!!
 INFO LOG: Apr_13_12: tick!!!
 INFO LOG: Apr_13_12: tick!!!
 INFO LOG: Apr_13_12: tick!!!
 INFO LOG: Apr_13_12: tick!!!
 INFO LOG: Apr_13_12: tick!!!
 INFO LOG: Apr_13_12: tick!!!
 INFO LOG: Apr_13_12: tick!!!
 INFO LOG: Apr_13_12: tick!!!
 INFO LOG: Apr_13_12: tick!!!
 INFO LOG: Apr_13_12: tick!!!
 INFO LOG: Apr_13_12: tick!!!
 INFO LOG: Apr_13_12: tick!!!
 INFO LOG: Apr_13_12: tick!!!
 INFO LOG: Apr_13_12: tick!!!
 INFO LOG: Apr_13_12: tick!!!
 INFO LOG: Apr_13_12: tick!!!
 INFO LOG: Apr_13_12: tick!!!
 INFO LOG: Apr_13_12: tick!!!
 INFO LOG: Apr_13_12: tick!!!
 INFO LOG: Apr_13_12: tick!!!
 INFO LOG: Apr_13_12: tick!!!
 INFO LOG: Apr_13_12: tick!!!
 INFO LOG: Apr_13_12: tick!!!
 INFO LOG: Apr_13_12: tick!!!
 INFO LOG: Apr_13_12: tick!!!
 INFO LOG: Apr_13_12: tick!!!
 INFO LOG: Apr_13_12: tick!!!
 INFO LOG: Apr_13_12: tick!!!
 INFO LOG: Apr_13_12: tick!!!
 INFO LOG: Apr_13_12: tick!!!
 INFO LOG: Apr_13_13: tick!!!
 INFO LOG: Apr_13_13: tick!!!
 INFO LOG: Apr_13_13: tick!!!
 INFO LOG: Apr_13_13: tick!!!
 INFO LOG: Apr_13_13: tick!!!
 INFO LOG: Apr_13_13: Loading cities.rb
 INFO LOG: Apr_13_13: Loading sector definitions.
 INFO LOG: Apr_13_13: tick!!!
 INFO LOG: Apr_13_13: Loading player.commands.rb
 INFO LOG: Apr_13_13: -- #<Player:0x00000001e38b80>:99.191.82.191:56954 disconnected from CoralMUD!
 INFO LOG: Apr_13_13: Program closed.
