 INFO LOG: Apr_13_13: Logging enabled.   Loading logs.rb.
 INFO LOG: Apr_13_13: Loading utils.rb
 INFO LOG: Apr_13_13: Loading constants.rb
 INFO LOG: Apr_13_13: Loading class_property.rb
 INFO LOG: Apr_13_13: Loading tags.rb
 INFO LOG: Apr_13_13: Loading editor/editors.rb
 INFO LOG: Apr_13_13: Loading editor/editor.strings.rb
 INFO LOG: Apr_13_13: Loading editor/editor.rooms.rb
 INFO LOG: Apr_13_13: Loading editor/editor.exits.rb
 INFO LOG: Apr_13_13: Loading editor/editor.zones.rb
 INFO LOG: Apr_13_13: Loading mxp.rb
 INFO LOG: Apr_13_13: Loading mccp.rb
 INFO LOG: Apr_13_13: Loading flags.rb
 INFO LOG: Apr_13_13: Loading damage.rb
 INFO LOG: Apr_13_13: Loading areas.rb
 INFO LOG: Apr_13_13: Loading event.rb
 INFO LOG: Apr_13_13: Loading automap/automap.rb
 INFO LOG: Apr_13_13: Loading cities.olc.rb
 INFO LOG: Apr_13_13: Loading cities.rb
 INFO LOG: Apr_13_13: Loading sector definitions.
 INFO LOG: Apr_13_13: Loading help.rb
 INFO LOG: Apr_13_13: Loading imcruby.rb
 INFO LOG: Apr_13_13: Loading player.rb
 INFO LOG: Apr_13_13: Loading player.commands.rb
 INFO LOG: Apr_13_13: Loading random.rb
 INFO LOG: Apr_13_13: Loading spells.rb
 INFO LOG: Apr_13_13: Loading all zones.
 INFO LOG: Apr_13_13: Starting server.
 INFO LOG: Apr_13_13: CoralMUD is now up on port 4000.
 INFO LOG: Apr_13_13: -- 99.191.82.191:42488 connected to CoralMUD!
 INFO LOG: Apr_13_13: -- 99.191.82.191:42488: Retnur is trying to connect.
 INFO LOG: Apr_13_13: -- 99.191.82.191:42488: Retnur player file found.
 INFO LOG: Apr_13_13: -- Retnur has entered the game.
ERROR LOG: undefined local variable or method `in_room' for Room:Class
ERROR LOG: /home/heath/coral/lib/cities.rb:186:in `create'
ERROR LOG: /home/heath/coral/lib/player.commands.rb:695:in `cmd_create'
ERROR LOG: /home/heath/coral/lib/player.commands.rb:192:in `execute_command'
ERROR LOG: /home/heath/coral/core/socketengine.rb:156:in `handle_cmd_input'
ERROR LOG: /home/heath/coral/core/socketengine.rb:136:in `receive_data'
ERROR LOG: /usr/local/lib/ruby/gems/1.9.1/gems/eventmachine-0.12.8/lib/eventmachine.rb:242:in `run_machine'
ERROR LOG: /usr/local/lib/ruby/gems/1.9.1/gems/eventmachine-0.12.8/lib/eventmachine.rb:242:in `run'
ERROR LOG: coral.rb:158:in `<main>'
 INFO LOG: Apr_13_13: tick!!!
 INFO LOG: Apr_13_13: tick!!!
 INFO LOG: Apr_13_13: -- #<Player:0x0000000259d2e0>:99.191.82.191:42488 disconnected from CoralMUD!
 INFO LOG: Apr_13_13: Program closed.
 INFO LOG: Apr_13_13: Logging enabled.   Loading logs.rb.
 INFO LOG: Apr_13_13: Loading utils.rb
 INFO LOG: Apr_13_13: Loading constants.rb
 INFO LOG: Apr_13_13: Loading class_property.rb
 INFO LOG: Apr_13_13: Loading tags.rb
 INFO LOG: Apr_13_13: Loading editor/editors.rb
 INFO LOG: Apr_13_13: Loading editor/editor.strings.rb
 INFO LOG: Apr_13_13: Loading editor/editor.rooms.rb
 INFO LOG: Apr_13_13: Loading editor/editor.exits.rb
 INFO LOG: Apr_13_13: Loading editor/editor.zones.rb
 INFO LOG: Apr_13_13: Loading mxp.rb
 INFO LOG: Apr_13_13: Loading mccp.rb
 INFO LOG: Apr_13_13: Loading flags.rb
 INFO LOG: Apr_13_13: Loading damage.rb
 INFO LOG: Apr_13_13: Loading areas.rb
 INFO LOG: Apr_13_13: Loading event.rb
 INFO LOG: Apr_13_13: Loading automap/automap.rb
 INFO LOG: Apr_13_13: Loading cities.olc.rb
 INFO LOG: Apr_13_13: Loading cities.rb
 INFO LOG: Apr_13_13: Loading sector definitions.
 INFO LOG: Apr_13_13: Loading help.rb
 INFO LOG: Apr_13_13: Loading imcruby.rb
 INFO LOG: Apr_13_13: Loading player.rb
 INFO LOG: Apr_13_13: Loading player.commands.rb
 INFO LOG: Apr_13_13: Loading random.rb
 INFO LOG: Apr_13_13: Loading spells.rb
 INFO LOG: Apr_13_13: Loading all zones.
 INFO LOG: Apr_13_13: Starting server.
 INFO LOG: Apr_13_13: CoralMUD is now up on port 4000.
 INFO LOG: Apr_13_13: -- 99.191.82.191:48729 connected to CoralMUD!
 INFO LOG: Apr_13_13: -- 99.191.82.191:48729: () Invalid name in character creation.
 INFO LOG: Apr_13_13: -- 99.191.82.191:48729: Retnur is trying to connect.
 INFO LOG: Apr_13_13: -- 99.191.82.191:48729: Retnur player file found.
 INFO LOG: Apr_13_13: -- Retnur has entered the game.
 INFO LOG: Apr_13_13: -- #<Player:0x000000024c5840>:99.191.82.191:48729 disconnected from CoralMUD!
 INFO LOG: Apr_13_13: Logging enabled.   Loading logs.rb.
 INFO LOG: Apr_13_13: Loading utils.rb
 INFO LOG: Apr_13_13: Loading constants.rb
 INFO LOG: Apr_13_13: Loading class_property.rb
 INFO LOG: Apr_13_13: Loading tags.rb
 INFO LOG: Apr_13_13: Loading editor/editors.rb
 INFO LOG: Apr_13_13: Loading editor/editor.strings.rb
 INFO LOG: Apr_13_13: Loading editor/editor.rooms.rb
 INFO LOG: Apr_13_13: Loading editor/editor.exits.rb
 INFO LOG: Apr_13_13: Loading editor/editor.zones.rb
 INFO LOG: Apr_13_13: Loading mxp.rb
 INFO LOG: Apr_13_13: Loading mccp.rb
 INFO LOG: Apr_13_13: Loading flags.rb
 INFO LOG: Apr_13_13: Loading damage.rb
 INFO LOG: Apr_13_13: Loading areas.rb
 INFO LOG: Apr_13_13: Loading event.rb
 INFO LOG: Apr_13_13: Loading automap/automap.rb
 INFO LOG: Apr_13_13: Loading cities.olc.rb
 INFO LOG: Apr_13_13: Loading cities.rb
 INFO LOG: Apr_13_13: Loading sector definitions.
 INFO LOG: Apr_13_13: Loading help.rb
 INFO LOG: Apr_13_13: Loading imcruby.rb
 INFO LOG: Apr_13_13: Loading player.rb
 INFO LOG: Apr_13_13: Loading player.commands.rb
 INFO LOG: Apr_13_13: Loading random.rb
 INFO LOG: Apr_13_13: Loading spells.rb
 INFO LOG: Apr_13_13: Loading all zones.
 INFO LOG: Apr_13_13: Starting server.
 INFO LOG: Apr_13_13: CoralMUD is now up on port 4000.
 INFO LOG: Apr_13_13: -- 99.191.82.191:43571 connected to CoralMUD!
 INFO LOG: Apr_13_13: -- 99.191.82.191:43571: Retnur is trying to connect.
 INFO LOG: Apr_13_13: -- 99.191.82.191:43571: Retnur player file found.
 INFO LOG: Apr_13_13: -- Retnur has entered the game.
ERROR LOG: undefined method `+' for nil:NilClass
ERROR LOG: /home/heath/coral/lib/cities.rb:82:in `gen_vnum'
ERROR LOG: /home/heath/coral/lib/player.commands.rb:451:in `buildwalk'
ERROR LOG: /home/heath/coral/lib/player.commands.rb:486:in `cmd_south'
ERROR LOG: /home/heath/coral/lib/player.commands.rb:192:in `execute_command'
ERROR LOG: /home/heath/coral/core/socketengine.rb:156:in `handle_cmd_input'
ERROR LOG: /home/heath/coral/core/socketengine.rb:136:in `receive_data'
ERROR LOG: /usr/local/lib/ruby/gems/1.9.1/gems/eventmachine-0.12.8/lib/eventmachine.rb:242:in `run_machine'
ERROR LOG: /usr/local/lib/ruby/gems/1.9.1/gems/eventmachine-0.12.8/lib/eventmachine.rb:242:in `run'
ERROR LOG: coral.rb:158:in `<main>'
ERROR LOG: undefined method `+' for nil:NilClass
ERROR LOG: /home/heath/coral/lib/cities.rb:82:in `gen_vnum'
ERROR LOG: /home/heath/coral/lib/player.commands.rb:451:in `buildwalk'
ERROR LOG: /home/heath/coral/lib/player.commands.rb:486:in `cmd_south'
ERROR LOG: /home/heath/coral/lib/player.commands.rb:192:in `execute_command'
ERROR LOG: /home/heath/coral/core/socketengine.rb:156:in `handle_cmd_input'
ERROR LOG: /home/heath/coral/core/socketengine.rb:136:in `receive_data'
ERROR LOG: /usr/local/lib/ruby/gems/1.9.1/gems/eventmachine-0.12.8/lib/eventmachine.rb:242:in `run_machine'
ERROR LOG: /usr/local/lib/ruby/gems/1.9.1/gems/eventmachine-0.12.8/lib/eventmachine.rb:242:in `run'
ERROR LOG: coral.rb:158:in `<main>'
 INFO LOG: Apr_13_13: Loading cities.rb
 INFO LOG: Apr_13_13: Loading sector definitions.
 INFO LOG: Apr_13_13: Loading cities.rb
 INFO LOG: Apr_13_13: Loading sector definitions.
ERROR LOG: undefined method `enter' for nil:NilClass
ERROR LOG: /home/heath/coral/lib/player.commands.rb:492:in `cmd_south'
ERROR LOG: /home/heath/coral/lib/player.commands.rb:192:in `execute_command'
ERROR LOG: /home/heath/coral/core/socketengine.rb:156:in `handle_cmd_input'
ERROR LOG: /home/heath/coral/core/socketengine.rb:136:in `receive_data'
ERROR LOG: /usr/local/lib/ruby/gems/1.9.1/gems/eventmachine-0.12.8/lib/eventmachine.rb:242:in `run_machine'
ERROR LOG: /usr/local/lib/ruby/gems/1.9.1/gems/eventmachine-0.12.8/lib/eventmachine.rb:242:in `run'
ERROR LOG: coral.rb:158:in `<main>'
 INFO LOG: Apr_13_13: -- #<Player:0x00000000cd8318>:99.191.82.191:43571 disconnected from CoralMUD!
 INFO LOG: Apr_13_13: Program closed.
 INFO LOG: Apr_13_13: Logging enabled.   Loading logs.rb.
 INFO LOG: Apr_13_13: Loading utils.rb
 INFO LOG: Apr_13_13: Loading constants.rb
 INFO LOG: Apr_13_13: Loading class_property.rb
 INFO LOG: Apr_13_13: Loading tags.rb
 INFO LOG: Apr_13_13: Loading editor/editors.rb
 INFO LOG: Apr_13_13: Loading editor/editor.strings.rb
 INFO LOG: Apr_13_13: Loading editor/editor.rooms.rb
 INFO LOG: Apr_13_13: Loading editor/editor.exits.rb
 INFO LOG: Apr_13_13: Loading editor/editor.zones.rb
 INFO LOG: Apr_13_13: Loading mxp.rb
 INFO LOG: Apr_13_13: Loading mccp.rb
 INFO LOG: Apr_13_13: Loading flags.rb
 INFO LOG: Apr_13_13: Loading damage.rb
 INFO LOG: Apr_13_13: Loading areas.rb
 INFO LOG: Apr_13_13: Loading event.rb
 INFO LOG: Apr_13_13: Loading automap/automap.rb
 INFO LOG: Apr_13_13: Loading cities.olc.rb
 INFO LOG: Apr_13_13: Loading cities.rb
 INFO LOG: Apr_13_13: Loading sector definitions.
 INFO LOG: Apr_13_13: Loading help.rb
 INFO LOG: Apr_13_13: Loading imcruby.rb
 INFO LOG: Apr_13_13: Loading player.rb
 INFO LOG: Apr_13_13: Loading player.commands.rb
 INFO LOG: Apr_13_13: Loading random.rb
 INFO LOG: Apr_13_13: Loading spells.rb
 INFO LOG: Apr_13_13: Loading all zones.
 INFO LOG: Apr_13_13: Starting server.
 INFO LOG: Apr_13_13: CoralMUD is now up on port 4000.
 INFO LOG: Apr_13_13: -- 99.191.82.191:43972 connected to CoralMUD!
 INFO LOG: Apr_13_13: -- 99.191.82.191:43972: Retnur is trying to connect.
 INFO LOG: Apr_13_13: -- 99.191.82.191:43972: Retnur player file found.
 INFO LOG: Apr_13_13: -- Retnur has entered the game.
 INFO LOG: Apr_13_13: -- #<Player:0x000000018e1cb8>:99.191.82.191:43972 disconnected from CoralMUD!
 INFO LOG: Apr_13_13: Program closed.
 INFO LOG: Apr_13_13: Logging enabled.   Loading logs.rb.
 INFO LOG: Apr_13_13: Loading utils.rb
 INFO LOG: Apr_13_13: Loading constants.rb
 INFO LOG: Apr_13_13: Loading class_property.rb
 INFO LOG: Apr_13_13: Loading tags.rb
 INFO LOG: Apr_13_13: Loading editor/editors.rb
 INFO LOG: Apr_13_13: Loading editor/editor.strings.rb
 INFO LOG: Apr_13_13: Loading editor/editor.rooms.rb
 INFO LOG: Apr_13_13: Loading editor/editor.exits.rb
 INFO LOG: Apr_13_13: Loading editor/editor.zones.rb
 INFO LOG: Apr_13_13: Loading mxp.rb
 INFO LOG: Apr_13_13: Loading mccp.rb
 INFO LOG: Apr_13_13: Loading flags.rb
 INFO LOG: Apr_13_13: Loading damage.rb
 INFO LOG: Apr_13_13: Loading areas.rb
 INFO LOG: Apr_13_13: Loading event.rb
 INFO LOG: Apr_13_13: Loading automap/automap.rb
 INFO LOG: Apr_13_13: Loading cities.olc.rb
 INFO LOG: Apr_13_13: Loading cities.rb
 INFO LOG: Apr_13_13: Loading sector definitions.
 INFO LOG: Apr_13_13: Loading help.rb
 INFO LOG: Apr_13_13: Loading imcruby.rb
 INFO LOG: Apr_13_13: Loading player.rb
 INFO LOG: Apr_13_13: Loading player.commands.rb
 INFO LOG: Apr_13_13: Loading random.rb
 INFO LOG: Apr_13_13: Loading spells.rb
 INFO LOG: Apr_13_13: Loading all zones.
 INFO LOG: Apr_13_13: Starting server.
 INFO LOG: Apr_13_13: CoralMUD is now up on port 4000.
 INFO LOG: Apr_13_13: -- 99.191.82.191:36477 connected to CoralMUD!
 INFO LOG: Apr_13_13: -- 99.191.82.191:36477: Retnur is trying to connect.
 INFO LOG: Apr_13_13: -- 99.191.82.191:36477: Retnur player file found.
 INFO LOG: Apr_13_13: -- Retnur has entered the game.
 INFO LOG: Apr_13_13: tick!!!
 INFO LOG: Apr_13_13: Loading tags.rb
 INFO LOG: Apr_13_13: Loading tags.rb
 INFO LOG: Apr_13_13: tick!!!
 INFO LOG: Apr_13_13: Loading tags.rb
 INFO LOG: Apr_13_13: Loading cities.rb
 INFO LOG: Apr_13_13: Loading sector definitions.
 INFO LOG: Apr_13_13: tick!!!
 INFO LOG: Apr_13_13: tick!!!
 INFO LOG: Apr_13_13: tick!!!
 INFO LOG: Apr_13_13: tick!!!
 INFO LOG: Apr_13_13: tick!!!
 INFO LOG: Apr_13_13: tick!!!
 INFO LOG: Apr_13_13: tick!!!
 INFO LOG: Apr_13_13: tick!!!
 INFO LOG: Apr_13_13: tick!!!
 INFO LOG: Apr_13_13: tick!!!
 INFO LOG: Apr_13_14: tick!!!
 INFO LOG: Apr_13_14: tick!!!
 INFO LOG: Apr_13_14: tick!!!
 INFO LOG: Apr_13_14: tick!!!
 INFO LOG: Apr_13_14: tick!!!
 INFO LOG: Apr_13_14: tick!!!
 INFO LOG: Apr_13_14: -- #<Player:0x00000002823ff0>:99.191.82.191:36477 disconnected from CoralMUD!
 INFO LOG: Apr_13_14: Program closed.
 INFO LOG: Apr_13_14: Logging enabled.   Loading logs.rb.
 INFO LOG: Apr_13_14: Loading utils.rb
 INFO LOG: Apr_13_14: Loading constants.rb
 INFO LOG: Apr_13_14: Loading class_property.rb
 INFO LOG: Apr_13_14: Loading tags.rb
 INFO LOG: Apr_13_14: Loading editor/editors.rb
 INFO LOG: Apr_13_14: Loading editor/editor.strings.rb
 INFO LOG: Apr_13_14: Loading editor/editor.rooms.rb
 INFO LOG: Apr_13_14: Loading editor/editor.exits.rb
 INFO LOG: Apr_13_14: Loading editor/editor.zones.rb
 INFO LOG: Apr_13_14: Loading mxp.rb
 INFO LOG: Apr_13_14: Loading mccp.rb
 INFO LOG: Apr_13_14: Loading flags.rb
 INFO LOG: Apr_13_14: Loading damage.rb
 INFO LOG: Apr_13_14: Loading areas.rb
 INFO LOG: Apr_13_14: Loading event.rb
 INFO LOG: Apr_13_14: Loading automap/automap.rb
 INFO LOG: Apr_13_14: Loading cities.olc.rb
 INFO LOG: Apr_13_14: Loading cities.rb
 INFO LOG: Apr_13_14: Loading sector definitions.
 INFO LOG: Apr_13_14: Loading help.rb
 INFO LOG: Apr_13_14: Loading imcruby.rb
 INFO LOG: Apr_13_14: Loading player.rb
 INFO LOG: Apr_13_14: Loading player.commands.rb
 INFO LOG: Apr_13_14: Loading random.rb
 INFO LOG: Apr_13_14: Loading spells.rb
 INFO LOG: Apr_13_14: Loading all zones.
 INFO LOG: Apr_13_14: Starting server.
 INFO LOG: Apr_13_14: CoralMUD is now up on port 4000.
 INFO LOG: Apr_13_14: -- 99.191.82.191:34559 connected to CoralMUD!
 INFO LOG: Apr_13_14: -- 99.191.82.191:34559: Retnur is trying to connect.
 INFO LOG: Apr_13_14: -- 99.191.82.191:34559: Retnur player file found.
 INFO LOG: Apr_13_14: -- Retnur has entered the game.
 INFO LOG: Apr_13_14: tick!!!
 INFO LOG: Apr_13_14: tick!!!
 INFO LOG: Apr_13_14: tick!!!
 INFO LOG: Apr_13_14: tick!!!
 INFO LOG: Apr_13_14: tick!!!
 INFO LOG: Apr_13_14: tick!!!
 INFO LOG: Apr_13_14: tick!!!
 INFO LOG: Apr_13_14: tick!!!
 INFO LOG: Apr_13_14: tick!!!
 INFO LOG: Apr_13_14: tick!!!
 INFO LOG: Apr_13_14: tick!!!
 INFO LOG: Apr_13_14: tick!!!
 INFO LOG: Apr_13_14: tick!!!
 INFO LOG: Apr_13_14: tick!!!
 INFO LOG: Apr_13_14: tick!!!
 INFO LOG: Apr_13_14: tick!!!
 INFO LOG: Apr_13_14: tick!!!
 INFO LOG: Apr_13_14: tick!!!
 INFO LOG: Apr_13_14: tick!!!
 INFO LOG: Apr_13_14: tick!!!
 INFO LOG: Apr_13_14: tick!!!
 INFO LOG: Apr_13_14: tick!!!
 INFO LOG: Apr_13_14: tick!!!
 INFO LOG: Apr_13_14: tick!!!
 INFO LOG: Apr_13_15: tick!!!
 INFO LOG: Apr_13_15: tick!!!
 INFO LOG: Apr_13_15: tick!!!
 INFO LOG: Apr_13_15: tick!!!
 INFO LOG: Apr_13_15: tick!!!
 INFO LOG: Apr_13_15: tick!!!
 INFO LOG: Apr_13_15: tick!!!
 INFO LOG: Apr_13_15: tick!!!
 INFO LOG: Apr_13_15: tick!!!
 INFO LOG: Apr_13_15: tick!!!
 INFO LOG: Apr_13_15: tick!!!
 INFO LOG: Apr_13_15: tick!!!
 INFO LOG: Apr_13_15: tick!!!
 INFO LOG: Apr_13_15: tick!!!
 INFO LOG: Apr_13_15: tick!!!
 INFO LOG: Apr_13_15: tick!!!
 INFO LOG: Apr_13_15: tick!!!
 INFO LOG: Apr_13_15: tick!!!
 INFO LOG: Apr_13_15: tick!!!
 INFO LOG: Apr_13_15: -- #<Player:0x00000000f3c398>:99.191.82.191:34559 disconnected from CoralMUD!
 INFO LOG: Apr_13_17: Logging enabled.   Loading logs.rb.
 INFO LOG: Apr_13_17: Loading utils.rb
 INFO LOG: Apr_13_17: Loading constants.rb
 INFO LOG: Apr_13_17: Loading class_property.rb
 INFO LOG: Apr_13_17: Loading tags.rb
 INFO LOG: Apr_13_17: Loading editor/editors.rb
 INFO LOG: Apr_13_17: Loading editor/editor.strings.rb
 INFO LOG: Apr_13_17: Loading editor/editor.rooms.rb
 INFO LOG: Apr_13_17: Loading editor/editor.exits.rb
 INFO LOG: Apr_13_17: Loading editor/editor.zones.rb
 INFO LOG: Apr_13_17: Loading mxp.rb
 INFO LOG: Apr_13_17: Loading mccp.rb
 INFO LOG: Apr_13_17: Loading flags.rb
 INFO LOG: Apr_13_17: Loading damage.rb
 INFO LOG: Apr_13_17: Loading areas.rb
 INFO LOG: Apr_13_17: Loading event.rb
 INFO LOG: Apr_13_17: Loading automap/automap.rb
 INFO LOG: Apr_13_17: Loading cities.olc.rb
 INFO LOG: Apr_13_17: Loading cities.rb
 INFO LOG: Apr_13_17: Loading sector definitions.
 INFO LOG: Apr_13_17: Loading help.rb
 INFO LOG: Apr_13_17: Loading imcruby.rb
 INFO LOG: Apr_13_17: Loading player.rb
 INFO LOG: Apr_13_17: Loading player.commands.rb
 INFO LOG: Apr_13_17: Loading random.rb
 INFO LOG: Apr_13_17: Loading spells.rb
 INFO LOG: Apr_13_17: Loading all zones.
 INFO LOG: Apr_13_17: Starting server.
 INFO LOG: Apr_13_17: CoralMUD is now up on port 4000.
 INFO LOG: Apr_13_17: -- 127.0.0.1:49301 connected to CoralMUD!
 INFO LOG: Apr_13_17: -- 127.0.0.1:49301: () Invalid name in character creation.
 INFO LOG: Apr_13_17: -- :127.0.0.1:49301 disconnected from CoralMUD!
 INFO LOG: Apr_13_17: tick!!!
 INFO LOG: Apr_13_17: tick!!!
 INFO LOG: Apr_13_17: tick!!!
 INFO LOG: Apr_13_17: tick!!!
 INFO LOG: Apr_13_17: tick!!!
 INFO LOG: Apr_13_17: tick!!!
 INFO LOG: Apr_13_17: tick!!!
 INFO LOG: Apr_13_17: tick!!!
 INFO LOG: Apr_13_17: tick!!!
 INFO LOG: Apr_13_17: tick!!!
 INFO LOG: Apr_13_17: tick!!!
 INFO LOG: Apr_13_17: tick!!!
 INFO LOG: Apr_13_17: tick!!!
 INFO LOG: Apr_13_17: tick!!!
 INFO LOG: Apr_13_18: tick!!!
 INFO LOG: Apr_13_18: -- 127.0.0.1:44614 connected to CoralMUD!
 INFO LOG: Apr_13_18: -- 127.0.0.1:44614: Retnur is trying to connect.
 INFO LOG: Apr_13_18: -- 127.0.0.1:44614: Retnur player file found.
 INFO LOG: Apr_13_18: -- Retnur has entered the game.
 INFO LOG: Apr_13_18: -- #<Player:0x00000002221148>:127.0.0.1:44614 disconnected from CoralMUD!
 INFO LOG: Apr_13_18: -- 127.0.0.1:44615 connected to CoralMUD!
 INFO LOG: Apr_13_18: -- 127.0.0.1:44615: Retnur is trying to connect.
 INFO LOG: Apr_13_18: -- 127.0.0.1:44615: Retnur player file found.
 INFO LOG: Apr_13_18: -- Retnur has entered the game.
 INFO LOG: Apr_13_18: tick!!!
 INFO LOG: Apr_13_18: -- #<Player:0x000000027f5b50>:127.0.0.1:44615 disconnected from CoralMUD!
 INFO LOG: Apr_13_18: Program closed.
