 INFO LOG: Jun__4_20:33: Logging enabled.   Loading logs.rb.
 INFO LOG: Jun__4_20:33: Loading spellcheck.rb
 INFO LOG: Jun__4_20:33: Loading facade.rb
 INFO LOG: Jun__4_20:33: Loading query_list.rb
 INFO LOG: Jun__4_20:33: Loading utils.rb
 INFO LOG: Jun__4_20:33: Loading constants.rb
 INFO LOG: Jun__4_20:33: Loading damage.rb
 INFO LOG: Jun__4_20:33: Loading class_property.rb
 INFO LOG: Jun__4_20:33: Loading scripts.rb
 INFO LOG: Jun__4_20:33: Loading tags.rb
 INFO LOG: Jun__4_20:33: Loading editor/editors.rb
 INFO LOG: Jun__4_20:33: Loading editor/editor.strings.rb
 INFO LOG: Jun__4_20:33: Loading editor/editor.rooms.rb
 INFO LOG: Jun__4_20:33: Loading editor/editor.exits.rb
 INFO LOG: Jun__4_20:33: Loading editor/editor.zones.rb
 INFO LOG: Jun__4_20:33: Loading editor/editor.npc.rb
 INFO LOG: Jun__4_20:33: Loading editor/editor.items.rb
 INFO LOG: Jun__4_20:33: Loading editor/editor.socials.rb
 INFO LOG: Jun__4_20:33: Loading socials.rb
 INFO LOG: Jun__4_20:33: Loading mxp.rb
 INFO LOG: Jun__4_20:33: Loading mccp.rb
 INFO LOG: Jun__4_20:33: Loading mail.rb
 INFO LOG: Jun__4_20:33: Loading flags.rb
 INFO LOG: Jun__4_20:33: Loading areas.rb
 INFO LOG: Jun__4_20:33: Loading security.rb
 INFO LOG: Jun__4_20:33: Loading resets.rb
 INFO LOG: Jun__4_20:33: Loading event.rb
 INFO LOG: Jun__4_20:33: Loading automap/automap.rb
 INFO LOG: Jun__4_20:33: Loading cities.rb
 INFO LOG: Jun__4_20:33: Loading sector definitions.
 INFO LOG: Jun__4_20:33: Loading help.rb
 INFO LOG: Jun__4_20:33: Loading imcruby.rb
 INFO LOG: Jun__4_20:33: Loading player.rb
 INFO LOG: Jun__4_20:33: Loading commands.rb
 INFO LOG: Jun__4_20:33: Loading editor/editor.player.rb
 INFO LOG: Jun__4_20:33: Loading random.rb
 INFO LOG: Jun__4_20:33: Loading npc.rb
 INFO LOG: Jun__4_20:33: Loading items/types.rb
 INFO LOG: Jun__4_20:33: Loading items/items.rb
 INFO LOG: Jun__4_20:33: Loading spells.rb
 INFO LOG: Jun__4_20:33: Loading all zones.
 INFO LOG: Jun__4_20:33: Loading all socials.
 INFO LOG: Jun__4_20:33: Upgrading database
 INFO LOG: Jun__4_20:33: Starting server.
 INFO LOG: Jun__4_20:33: CoralMUD is now up on port 4000.
 INFO LOG: Jun__4_20:34: -- 76.202.141.206:36750 connected to CoralMUD!
 INFO LOG: Jun__4_20:34: -- 76.202.141.206:36750: Retnur is trying to connect.
 INFO LOG: Jun__4_20:34: -- 76.202.141.206:36750: Retnur player file found.
 INFO LOG: Jun__4_20:34: -- Retnur has entered the game.
 INFO LOG: Jun__4_20:34: saving #<Player:0x000000017c2a30> to database.
 INFO LOG: Jun__4_20:35: tick!!!
 INFO LOG: Jun__4_20:35: saving #<Player:0x000000017c2a30> to database.
 INFO LOG: Jun__4_20:37: tick!!!
 INFO LOG: Jun__4_20:37: saving #<Player:0x000000017c2a30> to database.
 INFO LOG: Jun__4_20:39: tick!!!
 INFO LOG: Jun__4_20:39: saving #<Player:0x000000017c2a30> to database.
 INFO LOG: Jun__4_20:41: tick!!!
 INFO LOG: Jun__4_20:41: saving #<Player:0x000000017c2a30> to database.
 INFO LOG: Jun__4_20:43: tick!!!
 INFO LOG: Jun__4_20:43: saving #<Player:0x000000017c2a30> to database.
 INFO LOG: Jun__4_20:45: tick!!!
 INFO LOG: Jun__4_20:45: saving #<Player:0x000000017c2a30> to database.
 INFO LOG: Jun__4_20:47: tick!!!
 INFO LOG: Jun__4_20:47: saving #<Player:0x000000017c2a30> to database.
 INFO LOG: Jun__4_20:49: tick!!!
 INFO LOG: Jun__4_20:49: saving #<Player:0x000000017c2a30> to database.
 INFO LOG: Jun__4_20:51: tick!!!
 INFO LOG: Jun__4_20:51: saving #<Player:0x000000017c2a30> to database.
 INFO LOG: Jun__4_20:53: tick!!!
 INFO LOG: Jun__4_20:53: saving #<Player:0x000000017c2a30> to database.
 INFO LOG: Jun__4_20:55: tick!!!
 INFO LOG: Jun__4_20:55: saving #<Player:0x000000017c2a30> to database.
 INFO LOG: Jun__4_20:57: tick!!!
 INFO LOG: Jun__4_20:57: saving #<Player:0x000000017c2a30> to database.
 INFO LOG: Jun__4_20:59: tick!!!
 INFO LOG: Jun__4_20:59: saving #<Player:0x000000017c2a30> to database.
 INFO LOG: Jun__4_21:01: tick!!!
 INFO LOG: Jun__4_21:01: saving #<Player:0x000000017c2a30> to database.
 INFO LOG: Jun__4_21:03: tick!!!
 INFO LOG: Jun__4_21:03: saving #<Player:0x000000017c2a30> to database.
 INFO LOG: Jun__4_21:05: tick!!!
 INFO LOG: Jun__4_21:05: saving #<Player:0x000000017c2a30> to database.
 INFO LOG: Jun__4_21:07: tick!!!
 INFO LOG: Jun__4_21:07: saving #<Player:0x000000017c2a30> to database.
 INFO LOG: Jun__4_21:09: tick!!!
 INFO LOG: Jun__4_21:09: saving #<Player:0x000000017c2a30> to database.
 INFO LOG: Jun__4_21:11: tick!!!
 INFO LOG: Jun__4_21:11: saving #<Player:0x000000017c2a30> to database.
 INFO LOG: Jun__4_21:13: tick!!!
 INFO LOG: Jun__4_21:13: saving #<Player:0x000000017c2a30> to database.
 INFO LOG: Jun__4_21:15: tick!!!
 INFO LOG: Jun__4_21:15: saving #<Player:0x000000017c2a30> to database.
 INFO LOG: Jun__4_21:17: tick!!!
 INFO LOG: Jun__4_21:17: saving #<Player:0x000000017c2a30> to database.
 INFO LOG: Jun__4_21:19: tick!!!
 INFO LOG: Jun__4_21:19: saving #<Player:0x000000017c2a30> to database.
 INFO LOG: Jun__4_21:21: tick!!!
 INFO LOG: Jun__4_21:21: saving #<Player:0x000000017c2a30> to database.
 INFO LOG: Jun__4_21:23: tick!!!
 INFO LOG: Jun__4_21:23: saving #<Player:0x000000017c2a30> to database.
 INFO LOG: Jun__4_21:25: tick!!!
 INFO LOG: Jun__4_21:25: saving #<Player:0x000000017c2a30> to database.
 INFO LOG: Jun__4_21:27: tick!!!
 INFO LOG: Jun__4_21:27: saving #<Player:0x000000017c2a30> to database.
 INFO LOG: Jun__4_21:29: tick!!!
 INFO LOG: Jun__4_21:29: saving #<Player:0x000000017c2a30> to database.
 INFO LOG: Jun__4_21:31: tick!!!
 INFO LOG: Jun__4_21:31: saving #<Player:0x000000017c2a30> to database.
 INFO LOG: Jun__4_21:33: tick!!!
 INFO LOG: Jun__4_21:33: saving #<Player:0x000000017c2a30> to database.
 INFO LOG: Jun__4_21:35: tick!!!
 INFO LOG: Jun__4_21:35: saving #<Player:0x000000017c2a30> to database.
 INFO LOG: Jun__4_21:37: tick!!!
 INFO LOG: Jun__4_21:37: saving #<Player:0x000000017c2a30> to database.
 INFO LOG: Jun__4_21:39: tick!!!
 INFO LOG: Jun__4_21:39: saving #<Player:0x000000017c2a30> to database.
 INFO LOG: Jun__4_21:41: tick!!!
 INFO LOG: Jun__4_21:41: saving #<Player:0x000000017c2a30> to database.
 INFO LOG: Jun__4_21:43: tick!!!
 INFO LOG: Jun__4_21:43: saving #<Player:0x000000017c2a30> to database.
 INFO LOG: Jun__4_21:45: tick!!!
 INFO LOG: Jun__4_21:45: saving #<Player:0x000000017c2a30> to database.
 INFO LOG: Jun__4_21:47: tick!!!
 INFO LOG: Jun__4_21:47: saving #<Player:0x000000017c2a30> to database.
 INFO LOG: Jun__4_21:49: tick!!!
 INFO LOG: Jun__4_21:49: saving #<Player:0x000000017c2a30> to database.
 INFO LOG: Jun__4_21:51: tick!!!
 INFO LOG: Jun__4_21:51: saving #<Player:0x000000017c2a30> to database.
 INFO LOG: Jun__4_21:53: tick!!!
 INFO LOG: Jun__4_21:53: saving #<Player:0x000000017c2a30> to database.
 INFO LOG: Jun__4_21:55: tick!!!
 INFO LOG: Jun__4_21:55: saving #<Player:0x000000017c2a30> to database.
 INFO LOG: Jun__4_21:57: tick!!!
 INFO LOG: Jun__4_21:57: saving #<Player:0x000000017c2a30> to database.
 INFO LOG: Jun__4_21:59: tick!!!
 INFO LOG: Jun__4_21:59: saving #<Player:0x000000017c2a30> to database.
 INFO LOG: Jun__4_22:01: tick!!!
 INFO LOG: Jun__4_22:01: saving #<Player:0x000000017c2a30> to database.
 INFO LOG: Jun__4_22:03: tick!!!
 INFO LOG: Jun__4_22:03: saving #<Player:0x000000017c2a30> to database.
 INFO LOG: Jun__4_22:05: tick!!!
 INFO LOG: Jun__4_22:05: saving #<Player:0x000000017c2a30> to database.
 INFO LOG: Jun__4_22:07: tick!!!
 INFO LOG: Jun__4_22:07: saving #<Player:0x000000017c2a30> to database.
 INFO LOG: Jun__4_22:09: tick!!!
 INFO LOG: Jun__4_22:09: saving #<Player:0x000000017c2a30> to database.
 INFO LOG: Jun__4_22:11: tick!!!
 INFO LOG: Jun__4_22:11: saving #<Player:0x000000017c2a30> to database.
 INFO LOG: Jun__4_22:13: tick!!!
 INFO LOG: Jun__4_22:13: saving #<Player:0x000000017c2a30> to database.
 INFO LOG: Jun__4_22:15: tick!!!
 INFO LOG: Jun__4_22:15: saving #<Player:0x000000017c2a30> to database.
 INFO LOG: Jun__4_22:17: tick!!!
 INFO LOG: Jun__4_22:17: saving #<Player:0x000000017c2a30> to database.
 INFO LOG: Jun__4_22:19: tick!!!
 INFO LOG: Jun__4_22:19: saving #<Player:0x000000017c2a30> to database.
 INFO LOG: Jun__4_22:21: tick!!!
 INFO LOG: Jun__4_22:21: saving #<Player:0x000000017c2a30> to database.
 INFO LOG: Jun__4_22:23: tick!!!
 INFO LOG: Jun__4_22:23: saving #<Player:0x000000017c2a30> to database.
 INFO LOG: Jun__4_22:25: tick!!!
 INFO LOG: Jun__4_22:25: saving #<Player:0x000000017c2a30> to database.
 INFO LOG: Jun__4_22:27: tick!!!
 INFO LOG: Jun__4_22:27: saving #<Player:0x000000017c2a30> to database.
 INFO LOG: Jun__4_22:29: tick!!!
 INFO LOG: Jun__4_22:29: saving #<Player:0x000000017c2a30> to database.
 INFO LOG: Jun__4_22:30: -- #<Player:0x000000017c2a30>:76.202.141.206:36750 disconnected from CoralMUD!
