 INFO LOG: Jun__2_10:39: Logging enabled.   Loading logs.rb.
 INFO LOG: Jun__2_10:39: Loading spellcheck.rb
 INFO LOG: Jun__2_10:39: Loading facade.rb
 INFO LOG: Jun__2_10:39: Loading query_list.rb
 INFO LOG: Jun__2_10:39: Loading utils.rb
 INFO LOG: Jun__2_10:39: Loading constants.rb
 INFO LOG: Jun__2_10:39: Loading damage.rb
 INFO LOG: Jun__2_10:39: Loading class_property.rb
 INFO LOG: Jun__2_10:39: Loading scripts.rb
 INFO LOG: Jun__2_10:39: Loading tags.rb
 INFO LOG: Jun__2_10:39: Loading editor/editors.rb
 INFO LOG: Jun__2_10:39: Loading editor/editor.strings.rb
 INFO LOG: Jun__2_10:39: Loading editor/editor.rooms.rb
 INFO LOG: Jun__2_10:39: Loading editor/editor.exits.rb
 INFO LOG: Jun__2_10:39: Loading editor/editor.zones.rb
 INFO LOG: Jun__2_10:39: Loading editor/editor.npc.rb
 INFO LOG: Jun__2_10:39: Loading editor/editor.items.rb
 INFO LOG: Jun__2_10:39: Loading editor/editor.socials.rb
 INFO LOG: Jun__2_10:39: Loading socials.rb
 INFO LOG: Jun__2_10:39: Loading mxp.rb
 INFO LOG: Jun__2_10:39: Loading mccp.rb
 INFO LOG: Jun__2_10:39: Loading mail.rb
 INFO LOG: Jun__2_10:39: Loading flags.rb
 INFO LOG: Jun__2_10:39: Loading areas.rb
 INFO LOG: Jun__2_10:39: Loading security.rb
 INFO LOG: Jun__2_10:39: Loading resets.rb
 INFO LOG: Jun__2_10:39: Loading event.rb
 INFO LOG: Jun__2_10:39: Loading automap/automap.rb
 INFO LOG: Jun__2_10:39: Loading cities.rb
 INFO LOG: Jun__2_10:39: Loading sector definitions.
 INFO LOG: Jun__2_10:39: Loading help.rb
 INFO LOG: Jun__2_10:39: Loading imcruby.rb
 INFO LOG: Jun__2_10:39: Loading player.rb
 INFO LOG: Jun__2_10:39: Loading commands.rb
 INFO LOG: Jun__2_10:39: Loading editor/editor.player.rb
 INFO LOG: Jun__2_10:39: Loading random.rb
 INFO LOG: Jun__2_10:39: Loading npc.rb
 INFO LOG: Jun__2_10:39: Loading items/types.rb
 INFO LOG: Jun__2_10:39: Loading items/items.rb
 INFO LOG: Jun__2_10:39: Loading spells.rb
 INFO LOG: Jun__2_10:39: Loading all zones.
 INFO LOG: Jun__2_10:39: Loading all socials.
 INFO LOG: Jun__2_10:39: Upgrading database
 INFO LOG: Jun__2_10:39: Starting server.
 INFO LOG: Jun__2_10:39: CoralMUD is now up on port 4000.
 INFO LOG: Jun__2_10:39: -- 76.202.141.206:36215 connected to CoralMUD!
 INFO LOG: Jun__2_10:39: -- 76.202.141.206:36215: Retnur is trying to connect.
 INFO LOG: Jun__2_10:39: -- 76.202.141.206:36215: Retnur player file found.
 INFO LOG: Jun__2_10:39: -- Retnur has entered the game.
 INFO LOG: Jun__2_10:39: saving #<Player:0x000000012c0820> to database.
 INFO LOG: Jun__2_10:41: tick!!!
 INFO LOG: Jun__2_10:41: saving #<Player:0x000000012c0820> to database.
 INFO LOG: Jun__2_10:43: tick!!!
 INFO LOG: Jun__2_10:43: saving #<Player:0x000000012c0820> to database.
 INFO LOG: Jun__2_10:45: tick!!!
 INFO LOG: Jun__2_10:45: saving #<Player:0x000000012c0820> to database.
 INFO LOG: Jun__2_10:47: tick!!!
 INFO LOG: Jun__2_10:47: saving #<Player:0x000000012c0820> to database.
 INFO LOG: Jun__2_10:49: tick!!!
 INFO LOG: Jun__2_10:49: saving #<Player:0x000000012c0820> to database.
 INFO LOG: Jun__2_10:51: tick!!!
 INFO LOG: Jun__2_10:51: saving #<Player:0x000000012c0820> to database.
 INFO LOG: Jun__2_10:53: tick!!!
 INFO LOG: Jun__2_10:53: saving #<Player:0x000000012c0820> to database.
 INFO LOG: Jun__2_10:55: tick!!!
 INFO LOG: Jun__2_10:55: saving #<Player:0x000000012c0820> to database.
 INFO LOG: Jun__2_10:57: tick!!!
 INFO LOG: Jun__2_10:57: saving #<Player:0x000000012c0820> to database.
 INFO LOG: Jun__2_10:59: tick!!!
 INFO LOG: Jun__2_10:59: saving #<Player:0x000000012c0820> to database.
 INFO LOG: Jun__2_11:01: tick!!!
 INFO LOG: Jun__2_11:01: saving #<Player:0x000000012c0820> to database.
 INFO LOG: Jun__2_11:03: tick!!!
 INFO LOG: Jun__2_11:03: saving #<Player:0x000000012c0820> to database.
 INFO LOG: Jun__2_11:05: tick!!!
 INFO LOG: Jun__2_11:05: saving #<Player:0x000000012c0820> to database.
 INFO LOG: Jun__2_11:07: tick!!!
 INFO LOG: Jun__2_11:07: saving #<Player:0x000000012c0820> to database.
 INFO LOG: Jun__2_11:09: tick!!!
 INFO LOG: Jun__2_11:09: saving #<Player:0x000000012c0820> to database.
 INFO LOG: Jun__2_11:11: tick!!!
 INFO LOG: Jun__2_11:11: saving #<Player:0x000000012c0820> to database.
 INFO LOG: Jun__2_11:13: tick!!!
 INFO LOG: Jun__2_11:13: saving #<Player:0x000000012c0820> to database.
 INFO LOG: Jun__2_11:15: tick!!!
 INFO LOG: Jun__2_11:15: saving #<Player:0x000000012c0820> to database.
 INFO LOG: Jun__2_11:17: tick!!!
 INFO LOG: Jun__2_11:17: saving #<Player:0x000000012c0820> to database.
 INFO LOG: Jun__2_11:19: tick!!!
 INFO LOG: Jun__2_11:19: saving #<Player:0x000000012c0820> to database.
 INFO LOG: Jun__2_11:21: tick!!!
 INFO LOG: Jun__2_11:21: saving #<Player:0x000000012c0820> to database.
 INFO LOG: Jun__2_11:23: tick!!!
 INFO LOG: Jun__2_11:23: saving #<Player:0x000000012c0820> to database.
 INFO LOG: Jun__2_11:25: tick!!!
 INFO LOG: Jun__2_11:25: saving #<Player:0x000000012c0820> to database.
 INFO LOG: Jun__2_11:27: tick!!!
 INFO LOG: Jun__2_11:27: saving #<Player:0x000000012c0820> to database.
 INFO LOG: Jun__2_11:29: tick!!!
 INFO LOG: Jun__2_11:29: saving #<Player:0x000000012c0820> to database.
 INFO LOG: Jun__2_11:31: tick!!!
 INFO LOG: Jun__2_11:31: saving #<Player:0x000000012c0820> to database.
 INFO LOG: Jun__2_11:33: tick!!!
 INFO LOG: Jun__2_11:33: saving #<Player:0x000000012c0820> to database.
 INFO LOG: Jun__2_11:35: tick!!!
 INFO LOG: Jun__2_11:35: saving #<Player:0x000000012c0820> to database.
 INFO LOG: Jun__2_11:37: tick!!!
 INFO LOG: Jun__2_11:37: saving #<Player:0x000000012c0820> to database.
 INFO LOG: Jun__2_11:39: tick!!!
 INFO LOG: Jun__2_11:39: saving #<Player:0x000000012c0820> to database.
 INFO LOG: Jun__2_11:41: tick!!!
 INFO LOG: Jun__2_11:41: saving #<Player:0x000000012c0820> to database.
 INFO LOG: Jun__2_11:43: tick!!!
 INFO LOG: Jun__2_11:43: saving #<Player:0x000000012c0820> to database.
 INFO LOG: Jun__2_11:45: tick!!!
 INFO LOG: Jun__2_11:45: saving #<Player:0x000000012c0820> to database.
 INFO LOG: Jun__2_11:47: tick!!!
 INFO LOG: Jun__2_11:47: saving #<Player:0x000000012c0820> to database.
 INFO LOG: Jun__2_11:49: tick!!!
 INFO LOG: Jun__2_11:49: saving #<Player:0x000000012c0820> to database.
 INFO LOG: Jun__2_11:51: tick!!!
 INFO LOG: Jun__2_11:51: saving #<Player:0x000000012c0820> to database.
 INFO LOG: Jun__2_11:53: tick!!!
 INFO LOG: Jun__2_11:53: saving #<Player:0x000000012c0820> to database.
 INFO LOG: Jun__2_11:55: tick!!!
 INFO LOG: Jun__2_11:55: saving #<Player:0x000000012c0820> to database.
 INFO LOG: Jun__2_11:57: tick!!!
 INFO LOG: Jun__2_11:57: saving #<Player:0x000000012c0820> to database.
 INFO LOG: Jun__2_11:59: tick!!!
 INFO LOG: Jun__2_11:59: saving #<Player:0x000000012c0820> to database.
 INFO LOG: Jun__2_12:01: tick!!!
 INFO LOG: Jun__2_12:01: saving #<Player:0x000000012c0820> to database.
 INFO LOG: Jun__2_12:03: tick!!!
 INFO LOG: Jun__2_12:03: saving #<Player:0x000000012c0820> to database.
 INFO LOG: Jun__2_12:05: tick!!!
 INFO LOG: Jun__2_12:05: saving #<Player:0x000000012c0820> to database.
 INFO LOG: Jun__2_12:07: tick!!!
 INFO LOG: Jun__2_12:07: saving #<Player:0x000000012c0820> to database.
 INFO LOG: Jun__2_12:09: tick!!!
 INFO LOG: Jun__2_12:09: saving #<Player:0x000000012c0820> to database.
 INFO LOG: Jun__2_12:11: tick!!!
 INFO LOG: Jun__2_12:11: saving #<Player:0x000000012c0820> to database.
 INFO LOG: Jun__2_12:13: tick!!!
 INFO LOG: Jun__2_12:13: saving #<Player:0x000000012c0820> to database.
 INFO LOG: Jun__2_12:15: tick!!!
 INFO LOG: Jun__2_12:15: saving #<Player:0x000000012c0820> to database.
 INFO LOG: Jun__2_12:17: tick!!!
 INFO LOG: Jun__2_12:17: saving #<Player:0x000000012c0820> to database.
 INFO LOG: Jun__2_12:19: tick!!!
 INFO LOG: Jun__2_12:19: saving #<Player:0x000000012c0820> to database.
 INFO LOG: Jun__2_12:21: tick!!!
 INFO LOG: Jun__2_12:21: saving #<Player:0x000000012c0820> to database.
 INFO LOG: Jun__2_12:23: tick!!!
 INFO LOG: Jun__2_12:23: saving #<Player:0x000000012c0820> to database.
 INFO LOG: Jun__2_12:25: tick!!!
 INFO LOG: Jun__2_12:25: saving #<Player:0x000000012c0820> to database.
 INFO LOG: Jun__2_12:27: tick!!!
 INFO LOG: Jun__2_12:27: saving #<Player:0x000000012c0820> to database.
 INFO LOG: Jun__2_12:29: tick!!!
 INFO LOG: Jun__2_12:29: saving #<Player:0x000000012c0820> to database.
 INFO LOG: Jun__2_12:31: tick!!!
 INFO LOG: Jun__2_12:31: saving #<Player:0x000000012c0820> to database.
 INFO LOG: Jun__2_12:33: tick!!!
 INFO LOG: Jun__2_12:33: saving #<Player:0x000000012c0820> to database.
 INFO LOG: Jun__2_12:35: tick!!!
 INFO LOG: Jun__2_12:35: saving #<Player:0x000000012c0820> to database.
 INFO LOG: Jun__2_12:37: tick!!!
 INFO LOG: Jun__2_12:37: saving #<Player:0x000000012c0820> to database.
 INFO LOG: Jun__2_12:39: tick!!!
 INFO LOG: Jun__2_12:39: saving #<Player:0x000000012c0820> to database.
 INFO LOG: Jun__2_12:41: tick!!!
 INFO LOG: Jun__2_12:41: saving #<Player:0x000000012c0820> to database.
 INFO LOG: Jun__2_12:43: tick!!!
 INFO LOG: Jun__2_12:43: saving #<Player:0x000000012c0820> to database.
 INFO LOG: Jun__2_12:45: tick!!!
 INFO LOG: Jun__2_12:45: saving #<Player:0x000000012c0820> to database.
 INFO LOG: Jun__2_12:47: tick!!!
 INFO LOG: Jun__2_12:47: saving #<Player:0x000000012c0820> to database.
 INFO LOG: Jun__2_12:49: tick!!!
 INFO LOG: Jun__2_12:49: saving #<Player:0x000000012c0820> to database.
 INFO LOG: Jun__2_12:51: tick!!!
 INFO LOG: Jun__2_12:51: saving #<Player:0x000000012c0820> to database.
 INFO LOG: Jun__2_12:53: tick!!!
 INFO LOG: Jun__2_12:53: saving #<Player:0x000000012c0820> to database.
 INFO LOG: Jun__2_12:55: tick!!!
 INFO LOG: Jun__2_12:55: saving #<Player:0x000000012c0820> to database.
 INFO LOG: Jun__2_12:57: tick!!!
 INFO LOG: Jun__2_12:57: saving #<Player:0x000000012c0820> to database.
 INFO LOG: Jun__2_12:59: tick!!!
 INFO LOG: Jun__2_12:59: saving #<Player:0x000000012c0820> to database.
 INFO LOG: Jun__2_13:01: tick!!!
 INFO LOG: Jun__2_13:01: saving #<Player:0x000000012c0820> to database.
 INFO LOG: Jun__2_13:03: tick!!!
 INFO LOG: Jun__2_13:03: saving #<Player:0x000000012c0820> to database.
 INFO LOG: Jun__2_13:05: tick!!!
 INFO LOG: Jun__2_13:05: saving #<Player:0x000000012c0820> to database.
 INFO LOG: Jun__2_13:07: tick!!!
 INFO LOG: Jun__2_13:07: saving #<Player:0x000000012c0820> to database.
 INFO LOG: Jun__2_13:09: tick!!!
 INFO LOG: Jun__2_13:09: saving #<Player:0x000000012c0820> to database.
 INFO LOG: Jun__2_13:11: tick!!!
 INFO LOG: Jun__2_13:11: saving #<Player:0x000000012c0820> to database.
 INFO LOG: Jun__2_13:13: tick!!!
 INFO LOG: Jun__2_13:13: saving #<Player:0x000000012c0820> to database.
 INFO LOG: Jun__2_13:15: tick!!!
 INFO LOG: Jun__2_13:15: saving #<Player:0x000000012c0820> to database.
 INFO LOG: Jun__2_13:17: tick!!!
 INFO LOG: Jun__2_13:17: saving #<Player:0x000000012c0820> to database.
 INFO LOG: Jun__2_13:19: tick!!!
 INFO LOG: Jun__2_13:19: saving #<Player:0x000000012c0820> to database.
 INFO LOG: Jun__2_13:21: tick!!!
 INFO LOG: Jun__2_13:21: saving #<Player:0x000000012c0820> to database.
 INFO LOG: Jun__2_13:23: tick!!!
 INFO LOG: Jun__2_13:23: saving #<Player:0x000000012c0820> to database.
 INFO LOG: Jun__2_13:25: tick!!!
 INFO LOG: Jun__2_13:25: saving #<Player:0x000000012c0820> to database.
 INFO LOG: Jun__2_13:27: tick!!!
 INFO LOG: Jun__2_13:27: saving #<Player:0x000000012c0820> to database.
 INFO LOG: Jun__2_13:29: tick!!!
 INFO LOG: Jun__2_13:29: saving #<Player:0x000000012c0820> to database.
 INFO LOG: Jun__2_13:31: tick!!!
 INFO LOG: Jun__2_13:31: saving #<Player:0x000000012c0820> to database.
 INFO LOG: Jun__2_13:33: tick!!!
 INFO LOG: Jun__2_13:33: saving #<Player:0x000000012c0820> to database.
 INFO LOG: Jun__2_13:35: tick!!!
 INFO LOG: Jun__2_13:35: saving #<Player:0x000000012c0820> to database.
 INFO LOG: Jun__2_13:37: tick!!!
 INFO LOG: Jun__2_13:37: saving #<Player:0x000000012c0820> to database.
 INFO LOG: Jun__2_13:39: tick!!!
 INFO LOG: Jun__2_13:39: saving #<Player:0x000000012c0820> to database.
 INFO LOG: Jun__2_13:41: tick!!!
 INFO LOG: Jun__2_13:41: saving #<Player:0x000000012c0820> to database.
 INFO LOG: Jun__2_13:43: tick!!!
 INFO LOG: Jun__2_13:43: saving #<Player:0x000000012c0820> to database.
 INFO LOG: Jun__2_13:45: tick!!!
 INFO LOG: Jun__2_13:45: saving #<Player:0x000000012c0820> to database.
 INFO LOG: Jun__2_13:47: tick!!!
 INFO LOG: Jun__2_13:47: saving #<Player:0x000000012c0820> to database.
 INFO LOG: Jun__2_13:49: tick!!!
 INFO LOG: Jun__2_13:49: saving #<Player:0x000000012c0820> to database.
 INFO LOG: Jun__2_13:51: tick!!!
 INFO LOG: Jun__2_13:51: saving #<Player:0x000000012c0820> to database.
 INFO LOG: Jun__2_13:53: tick!!!
 INFO LOG: Jun__2_13:53: saving #<Player:0x000000012c0820> to database.
 INFO LOG: Jun__2_13:55: tick!!!
 INFO LOG: Jun__2_13:55: saving #<Player:0x000000012c0820> to database.
 INFO LOG: Jun__2_13:57: tick!!!
 INFO LOG: Jun__2_13:57: saving #<Player:0x000000012c0820> to database.
 INFO LOG: Jun__2_13:59: tick!!!
 INFO LOG: Jun__2_13:59: saving #<Player:0x000000012c0820> to database.
 INFO LOG: Jun__2_14:01: tick!!!
 INFO LOG: Jun__2_14:01: saving #<Player:0x000000012c0820> to database.
 INFO LOG: Jun__2_14:03: tick!!!
 INFO LOG: Jun__2_14:03: saving #<Player:0x000000012c0820> to database.
 INFO LOG: Jun__2_14:05: tick!!!
 INFO LOG: Jun__2_14:05: saving #<Player:0x000000012c0820> to database.
 INFO LOG: Jun__2_14:07: tick!!!
 INFO LOG: Jun__2_14:07: saving #<Player:0x000000012c0820> to database.
 INFO LOG: Jun__2_14:09: tick!!!
 INFO LOG: Jun__2_14:09: saving #<Player:0x000000012c0820> to database.
 INFO LOG: Jun__2_14:11: tick!!!
 INFO LOG: Jun__2_14:11: saving #<Player:0x000000012c0820> to database.
 INFO LOG: Jun__2_14:13: tick!!!
 INFO LOG: Jun__2_14:13: saving #<Player:0x000000012c0820> to database.
 INFO LOG: Jun__2_14:15: tick!!!
 INFO LOG: Jun__2_14:15: saving #<Player:0x000000012c0820> to database.
 INFO LOG: Jun__2_14:17: tick!!!
 INFO LOG: Jun__2_14:17: saving #<Player:0x000000012c0820> to database.
 INFO LOG: Jun__2_14:19: tick!!!
 INFO LOG: Jun__2_14:19: saving #<Player:0x000000012c0820> to database.
 INFO LOG: Jun__2_14:21: tick!!!
 INFO LOG: Jun__2_14:21: saving #<Player:0x000000012c0820> to database.
 INFO LOG: Jun__2_14:23: tick!!!
 INFO LOG: Jun__2_14:23: saving #<Player:0x000000012c0820> to database.
 INFO LOG: Jun__2_14:25: tick!!!
 INFO LOG: Jun__2_14:25: saving #<Player:0x000000012c0820> to database.
 INFO LOG: Jun__2_14:27: tick!!!
 INFO LOG: Jun__2_14:27: saving #<Player:0x000000012c0820> to database.
 INFO LOG: Jun__2_14:29: tick!!!
 INFO LOG: Jun__2_14:29: saving #<Player:0x000000012c0820> to database.
 INFO LOG: Jun__2_14:31: tick!!!
 INFO LOG: Jun__2_14:31: saving #<Player:0x000000012c0820> to database.
 INFO LOG: Jun__2_14:33: tick!!!
 INFO LOG: Jun__2_14:33: saving #<Player:0x000000012c0820> to database.
 INFO LOG: Jun__2_14:35: tick!!!
 INFO LOG: Jun__2_14:35: saving #<Player:0x000000012c0820> to database.
 INFO LOG: Jun__2_14:37: tick!!!
 INFO LOG: Jun__2_14:37: saving #<Player:0x000000012c0820> to database.
 INFO LOG: Jun__2_14:39: tick!!!
 INFO LOG: Jun__2_14:39: saving #<Player:0x000000012c0820> to database.
 INFO LOG: Jun__2_14:41: tick!!!
 INFO LOG: Jun__2_14:41: saving #<Player:0x000000012c0820> to database.
 INFO LOG: Jun__2_14:43: tick!!!
 INFO LOG: Jun__2_14:43: saving #<Player:0x000000012c0820> to database.
 INFO LOG: Jun__2_14:45: tick!!!
 INFO LOG: Jun__2_14:45: saving #<Player:0x000000012c0820> to database.
 INFO LOG: Jun__2_14:47: tick!!!
 INFO LOG: Jun__2_14:47: saving #<Player:0x000000012c0820> to database.
 INFO LOG: Jun__2_14:49: tick!!!
 INFO LOG: Jun__2_14:49: saving #<Player:0x000000012c0820> to database.
 INFO LOG: Jun__2_14:51: tick!!!
 INFO LOG: Jun__2_14:51: saving #<Player:0x000000012c0820> to database.
 INFO LOG: Jun__2_14:53: tick!!!
 INFO LOG: Jun__2_14:53: saving #<Player:0x000000012c0820> to database.
 INFO LOG: Jun__2_14:55: tick!!!
 INFO LOG: Jun__2_14:55: saving #<Player:0x000000012c0820> to database.
 INFO LOG: Jun__2_14:57: tick!!!
 INFO LOG: Jun__2_14:57: saving #<Player:0x000000012c0820> to database.
 INFO LOG: Jun__2_14:59: tick!!!
 INFO LOG: Jun__2_14:59: saving #<Player:0x000000012c0820> to database.
 INFO LOG: Jun__2_15:01: tick!!!
 INFO LOG: Jun__2_15:01: saving #<Player:0x000000012c0820> to database.
 INFO LOG: Jun__2_15:03: tick!!!
 INFO LOG: Jun__2_15:03: saving #<Player:0x000000012c0820> to database.
 INFO LOG: Jun__2_15:05: tick!!!
 INFO LOG: Jun__2_15:05: saving #<Player:0x000000012c0820> to database.
 INFO LOG: Jun__2_15:07: tick!!!
 INFO LOG: Jun__2_15:07: saving #<Player:0x000000012c0820> to database.
 INFO LOG: Jun__2_15:09: tick!!!
 INFO LOG: Jun__2_15:09: saving #<Player:0x000000012c0820> to database.
 INFO LOG: Jun__2_15:11: tick!!!
 INFO LOG: Jun__2_15:11: saving #<Player:0x000000012c0820> to database.
 INFO LOG: Jun__2_15:13: tick!!!
 INFO LOG: Jun__2_15:13: saving #<Player:0x000000012c0820> to database.
 INFO LOG: Jun__2_15:15: tick!!!
 INFO LOG: Jun__2_15:15: saving #<Player:0x000000012c0820> to database.
 INFO LOG: Jun__2_15:17: tick!!!
 INFO LOG: Jun__2_15:17: saving #<Player:0x000000012c0820> to database.
 INFO LOG: Jun__2_15:19: tick!!!
 INFO LOG: Jun__2_15:19: saving #<Player:0x000000012c0820> to database.
 INFO LOG: Jun__2_15:21: tick!!!
 INFO LOG: Jun__2_15:21: saving #<Player:0x000000012c0820> to database.
 INFO LOG: Jun__2_15:23: tick!!!
 INFO LOG: Jun__2_15:23: saving #<Player:0x000000012c0820> to database.
 INFO LOG: Jun__2_15:25: tick!!!
 INFO LOG: Jun__2_15:25: saving #<Player:0x000000012c0820> to database.
 INFO LOG: Jun__2_15:27: tick!!!
 INFO LOG: Jun__2_15:27: saving #<Player:0x000000012c0820> to database.
 INFO LOG: Jun__2_15:29: tick!!!
 INFO LOG: Jun__2_15:29: saving #<Player:0x000000012c0820> to database.
 INFO LOG: Jun__2_15:31: tick!!!
 INFO LOG: Jun__2_15:31: saving #<Player:0x000000012c0820> to database.
 INFO LOG: Jun__2_15:33: tick!!!
 INFO LOG: Jun__2_15:33: saving #<Player:0x000000012c0820> to database.
 INFO LOG: Jun__2_15:35: tick!!!
 INFO LOG: Jun__2_15:35: saving #<Player:0x000000012c0820> to database.
 INFO LOG: Jun__2_15:37: tick!!!
 INFO LOG: Jun__2_15:37: saving #<Player:0x000000012c0820> to database.
 INFO LOG: Jun__2_15:39: tick!!!
 INFO LOG: Jun__2_15:39: saving #<Player:0x000000012c0820> to database.
 INFO LOG: Jun__2_15:41: tick!!!
 INFO LOG: Jun__2_15:41: saving #<Player:0x000000012c0820> to database.
 INFO LOG: Jun__2_15:43: tick!!!
 INFO LOG: Jun__2_15:43: saving #<Player:0x000000012c0820> to database.
 INFO LOG: Jun__2_15:45: tick!!!
 INFO LOG: Jun__2_15:45: saving #<Player:0x000000012c0820> to database.
 INFO LOG: Jun__2_15:47: tick!!!
 INFO LOG: Jun__2_15:47: saving #<Player:0x000000012c0820> to database.
 INFO LOG: Jun__2_15:49: tick!!!
 INFO LOG: Jun__2_15:49: saving #<Player:0x000000012c0820> to database.
 INFO LOG: Jun__2_15:51: tick!!!
 INFO LOG: Jun__2_15:51: saving #<Player:0x000000012c0820> to database.
 INFO LOG: Jun__2_15:53: tick!!!
 INFO LOG: Jun__2_15:53: saving #<Player:0x000000012c0820> to database.
 INFO LOG: Jun__2_15:55: tick!!!
 INFO LOG: Jun__2_15:55: saving #<Player:0x000000012c0820> to database.
 INFO LOG: Jun__2_15:57: tick!!!
 INFO LOG: Jun__2_15:57: saving #<Player:0x000000012c0820> to database.
 INFO LOG: Jun__2_15:59: tick!!!
 INFO LOG: Jun__2_15:59: saving #<Player:0x000000012c0820> to database.
 INFO LOG: Jun__2_16:01: tick!!!
 INFO LOG: Jun__2_16:01: saving #<Player:0x000000012c0820> to database.
 INFO LOG: Jun__2_16:03: tick!!!
 INFO LOG: Jun__2_16:03: saving #<Player:0x000000012c0820> to database.
 INFO LOG: Jun__2_16:05: tick!!!
 INFO LOG: Jun__2_16:05: saving #<Player:0x000000012c0820> to database.
 INFO LOG: Jun__2_16:07: tick!!!
 INFO LOG: Jun__2_16:07: saving #<Player:0x000000012c0820> to database.
 INFO LOG: Jun__2_16:09: tick!!!
 INFO LOG: Jun__2_16:09: saving #<Player:0x000000012c0820> to database.
 INFO LOG: Jun__2_16:11: tick!!!
 INFO LOG: Jun__2_16:11: saving #<Player:0x000000012c0820> to database.
 INFO LOG: Jun__2_16:13: tick!!!
 INFO LOG: Jun__2_16:13: saving #<Player:0x000000012c0820> to database.
 INFO LOG: Jun__2_16:15: tick!!!
 INFO LOG: Jun__2_16:15: saving #<Player:0x000000012c0820> to database.
 INFO LOG: Jun__2_16:17: tick!!!
 INFO LOG: Jun__2_16:17: saving #<Player:0x000000012c0820> to database.
 INFO LOG: Jun__2_16:19: tick!!!
 INFO LOG: Jun__2_16:19: saving #<Player:0x000000012c0820> to database.
 INFO LOG: Jun__2_16:21: tick!!!
 INFO LOG: Jun__2_16:21: saving #<Player:0x000000012c0820> to database.
 INFO LOG: Jun__2_16:23: tick!!!
 INFO LOG: Jun__2_16:23: saving #<Player:0x000000012c0820> to database.
 INFO LOG: Jun__2_16:25: tick!!!
 INFO LOG: Jun__2_16:25: saving #<Player:0x000000012c0820> to database.
 INFO LOG: Jun__2_16:27: tick!!!
 INFO LOG: Jun__2_16:27: saving #<Player:0x000000012c0820> to database.
 INFO LOG: Jun__2_16:29: tick!!!
 INFO LOG: Jun__2_16:29: saving #<Player:0x000000012c0820> to database.
 INFO LOG: Jun__2_16:31: tick!!!
 INFO LOG: Jun__2_16:31: saving #<Player:0x000000012c0820> to database.
 INFO LOG: Jun__2_16:33: tick!!!
 INFO LOG: Jun__2_16:33: saving #<Player:0x000000012c0820> to database.
 INFO LOG: Jun__2_16:35: tick!!!
 INFO LOG: Jun__2_16:35: saving #<Player:0x000000012c0820> to database.
 INFO LOG: Jun__2_16:37: tick!!!
 INFO LOG: Jun__2_16:37: saving #<Player:0x000000012c0820> to database.
 INFO LOG: Jun__2_16:39: tick!!!
 INFO LOG: Jun__2_16:39: saving #<Player:0x000000012c0820> to database.
 INFO LOG: Jun__2_16:41: tick!!!
 INFO LOG: Jun__2_16:41: saving #<Player:0x000000012c0820> to database.
 INFO LOG: Jun__2_16:43: tick!!!
 INFO LOG: Jun__2_16:43: saving #<Player:0x000000012c0820> to database.
 INFO LOG: Jun__2_16:45: tick!!!
 INFO LOG: Jun__2_16:45: saving #<Player:0x000000012c0820> to database.
 INFO LOG: Jun__2_16:47: tick!!!
 INFO LOG: Jun__2_16:47: saving #<Player:0x000000012c0820> to database.
 INFO LOG: Jun__2_16:49: tick!!!
 INFO LOG: Jun__2_16:49: saving #<Player:0x000000012c0820> to database.
 INFO LOG: Jun__2_16:51: tick!!!
 INFO LOG: Jun__2_16:51: saving #<Player:0x000000012c0820> to database.
 INFO LOG: Jun__2_16:53: tick!!!
 INFO LOG: Jun__2_16:53: saving #<Player:0x000000012c0820> to database.
 INFO LOG: Jun__2_16:55: tick!!!
 INFO LOG: Jun__2_16:55: saving #<Player:0x000000012c0820> to database.
 INFO LOG: Jun__2_16:57: tick!!!
 INFO LOG: Jun__2_16:57: saving #<Player:0x000000012c0820> to database.
 INFO LOG: Jun__2_16:59: tick!!!
 INFO LOG: Jun__2_16:59: saving #<Player:0x000000012c0820> to database.
 INFO LOG: Jun__2_17:01: tick!!!
 INFO LOG: Jun__2_17:01: saving #<Player:0x000000012c0820> to database.
 INFO LOG: Jun__2_17:03: tick!!!
 INFO LOG: Jun__2_17:03: saving #<Player:0x000000012c0820> to database.
 INFO LOG: Jun__2_17:05: tick!!!
 INFO LOG: Jun__2_17:05: saving #<Player:0x000000012c0820> to database.
 INFO LOG: Jun__2_17:07: tick!!!
 INFO LOG: Jun__2_17:07: saving #<Player:0x000000012c0820> to database.
 INFO LOG: Jun__2_17:09: tick!!!
 INFO LOG: Jun__2_17:09: saving #<Player:0x000000012c0820> to database.
 INFO LOG: Jun__2_17:11: tick!!!
 INFO LOG: Jun__2_17:11: saving #<Player:0x000000012c0820> to database.
 INFO LOG: Jun__2_17:13: tick!!!
 INFO LOG: Jun__2_17:13: saving #<Player:0x000000012c0820> to database.
 INFO LOG: Jun__2_17:15: tick!!!
 INFO LOG: Jun__2_17:15: saving #<Player:0x000000012c0820> to database.
 INFO LOG: Jun__2_17:17: tick!!!
 INFO LOG: Jun__2_17:17: saving #<Player:0x000000012c0820> to database.
 INFO LOG: Jun__2_17:19: tick!!!
 INFO LOG: Jun__2_17:19: saving #<Player:0x000000012c0820> to database.
 INFO LOG: Jun__2_17:21: tick!!!
 INFO LOG: Jun__2_17:21: saving #<Player:0x000000012c0820> to database.
 INFO LOG: Jun__2_17:23: tick!!!
 INFO LOG: Jun__2_17:23: saving #<Player:0x000000012c0820> to database.
 INFO LOG: Jun__2_17:25: tick!!!
 INFO LOG: Jun__2_17:25: saving #<Player:0x000000012c0820> to database.
 INFO LOG: Jun__2_17:27: tick!!!
 INFO LOG: Jun__2_17:27: saving #<Player:0x000000012c0820> to database.
 INFO LOG: Jun__2_17:29: tick!!!
 INFO LOG: Jun__2_17:29: saving #<Player:0x000000012c0820> to database.
 INFO LOG: Jun__2_17:31: tick!!!
 INFO LOG: Jun__2_17:31: saving #<Player:0x000000012c0820> to database.
 INFO LOG: Jun__2_17:33: tick!!!
 INFO LOG: Jun__2_17:33: saving #<Player:0x000000012c0820> to database.
 INFO LOG: Jun__2_17:35: tick!!!
 INFO LOG: Jun__2_17:35: saving #<Player:0x000000012c0820> to database.
 INFO LOG: Jun__2_17:37: tick!!!
 INFO LOG: Jun__2_17:37: saving #<Player:0x000000012c0820> to database.
 INFO LOG: Jun__2_17:39: tick!!!
 INFO LOG: Jun__2_17:39: saving #<Player:0x000000012c0820> to database.
 INFO LOG: Jun__2_17:41: tick!!!
 INFO LOG: Jun__2_17:41: saving #<Player:0x000000012c0820> to database.
 INFO LOG: Jun__2_17:43: tick!!!
 INFO LOG: Jun__2_17:43: saving #<Player:0x000000012c0820> to database.
 INFO LOG: Jun__2_17:45: tick!!!
 INFO LOG: Jun__2_17:45: saving #<Player:0x000000012c0820> to database.
 INFO LOG: Jun__2_17:47: tick!!!
 INFO LOG: Jun__2_17:47: saving #<Player:0x000000012c0820> to database.
 INFO LOG: Jun__2_17:49: tick!!!
 INFO LOG: Jun__2_17:49: saving #<Player:0x000000012c0820> to database.
 INFO LOG: Jun__2_17:51: tick!!!
 INFO LOG: Jun__2_17:51: saving #<Player:0x000000012c0820> to database.
 INFO LOG: Jun__2_17:53: tick!!!
 INFO LOG: Jun__2_17:53: saving #<Player:0x000000012c0820> to database.
 INFO LOG: Jun__2_17:55: tick!!!
 INFO LOG: Jun__2_17:55: saving #<Player:0x000000012c0820> to database.
 INFO LOG: Jun__2_17:57: tick!!!
 INFO LOG: Jun__2_17:57: saving #<Player:0x000000012c0820> to database.
 INFO LOG: Jun__2_17:59: tick!!!
 INFO LOG: Jun__2_17:59: saving #<Player:0x000000012c0820> to database.
 INFO LOG: Jun__2_18:01: tick!!!
 INFO LOG: Jun__2_18:01: saving #<Player:0x000000012c0820> to database.
 INFO LOG: Jun__2_18:03: tick!!!
 INFO LOG: Jun__2_18:03: saving #<Player:0x000000012c0820> to database.
 INFO LOG: Jun__2_18:05: tick!!!
 INFO LOG: Jun__2_18:05: saving #<Player:0x000000012c0820> to database.
 INFO LOG: Jun__2_18:07: tick!!!
 INFO LOG: Jun__2_18:07: saving #<Player:0x000000012c0820> to database.
 INFO LOG: Jun__2_18:09: tick!!!
 INFO LOG: Jun__2_18:09: saving #<Player:0x000000012c0820> to database.
 INFO LOG: Jun__2_18:11: tick!!!
 INFO LOG: Jun__2_18:11: saving #<Player:0x000000012c0820> to database.
 INFO LOG: Jun__2_18:13: tick!!!
 INFO LOG: Jun__2_18:13: saving #<Player:0x000000012c0820> to database.
 INFO LOG: Jun__2_18:15: tick!!!
 INFO LOG: Jun__2_18:15: saving #<Player:0x000000012c0820> to database.
 INFO LOG: Jun__2_18:17: tick!!!
 INFO LOG: Jun__2_18:17: saving #<Player:0x000000012c0820> to database.
 INFO LOG: Jun__2_18:19: tick!!!
 INFO LOG: Jun__2_18:19: saving #<Player:0x000000012c0820> to database.
 INFO LOG: Jun__2_18:21: tick!!!
 INFO LOG: Jun__2_18:21: saving #<Player:0x000000012c0820> to database.
 INFO LOG: Jun__2_18:23: tick!!!
 INFO LOG: Jun__2_18:23: saving #<Player:0x000000012c0820> to database.
 INFO LOG: Jun__2_18:25: tick!!!
 INFO LOG: Jun__2_18:25: saving #<Player:0x000000012c0820> to database.
 INFO LOG: Jun__2_18:27: tick!!!
 INFO LOG: Jun__2_18:27: saving #<Player:0x000000012c0820> to database.
 INFO LOG: Jun__2_18:29: tick!!!
 INFO LOG: Jun__2_18:29: saving #<Player:0x000000012c0820> to database.
 INFO LOG: Jun__2_18:31: tick!!!
 INFO LOG: Jun__2_18:31: saving #<Player:0x000000012c0820> to database.
 INFO LOG: Jun__2_18:33: tick!!!
 INFO LOG: Jun__2_18:33: saving #<Player:0x000000012c0820> to database.
 INFO LOG: Jun__2_18:35: tick!!!
 INFO LOG: Jun__2_18:35: saving #<Player:0x000000012c0820> to database.
 INFO LOG: Jun__2_18:37: tick!!!
 INFO LOG: Jun__2_18:37: saving #<Player:0x000000012c0820> to database.
 INFO LOG: Jun__2_18:39: tick!!!
 INFO LOG: Jun__2_18:39: saving #<Player:0x000000012c0820> to database.
 INFO LOG: Jun__2_18:41: tick!!!
 INFO LOG: Jun__2_18:41: saving #<Player:0x000000012c0820> to database.
 INFO LOG: Jun__2_18:43: tick!!!
 INFO LOG: Jun__2_18:43: saving #<Player:0x000000012c0820> to database.
 INFO LOG: Jun__2_18:45: tick!!!
 INFO LOG: Jun__2_18:45: saving #<Player:0x000000012c0820> to database.
 INFO LOG: Jun__2_18:47: tick!!!
 INFO LOG: Jun__2_18:47: saving #<Player:0x000000012c0820> to database.
 INFO LOG: Jun__2_18:49: tick!!!
 INFO LOG: Jun__2_18:49: saving #<Player:0x000000012c0820> to database.
 INFO LOG: Jun__2_18:51: tick!!!
 INFO LOG: Jun__2_18:51: saving #<Player:0x000000012c0820> to database.
 INFO LOG: Jun__2_18:53: tick!!!
 INFO LOG: Jun__2_18:53: saving #<Player:0x000000012c0820> to database.
 INFO LOG: Jun__2_18:55: tick!!!
 INFO LOG: Jun__2_18:55: saving #<Player:0x000000012c0820> to database.
 INFO LOG: Jun__2_18:57: tick!!!
 INFO LOG: Jun__2_18:57: saving #<Player:0x000000012c0820> to database.
 INFO LOG: Jun__2_18:59: tick!!!
 INFO LOG: Jun__2_18:59: saving #<Player:0x000000012c0820> to database.
 INFO LOG: Jun__2_19:01: tick!!!
 INFO LOG: Jun__2_19:01: saving #<Player:0x000000012c0820> to database.
 INFO LOG: Jun__2_19:03: tick!!!
 INFO LOG: Jun__2_19:03: saving #<Player:0x000000012c0820> to database.
 INFO LOG: Jun__2_19:05: tick!!!
 INFO LOG: Jun__2_19:05: saving #<Player:0x000000012c0820> to database.
 INFO LOG: Jun__2_19:07: tick!!!
 INFO LOG: Jun__2_19:07: saving #<Player:0x000000012c0820> to database.
 INFO LOG: Jun__2_19:09: tick!!!
 INFO LOG: Jun__2_19:09: saving #<Player:0x000000012c0820> to database.
 INFO LOG: Jun__2_19:11: tick!!!
 INFO LOG: Jun__2_19:11: saving #<Player:0x000000012c0820> to database.
 INFO LOG: Jun__2_19:13: tick!!!
 INFO LOG: Jun__2_19:13: saving #<Player:0x000000012c0820> to database.
 INFO LOG: Jun__2_19:15: tick!!!
 INFO LOG: Jun__2_19:15: saving #<Player:0x000000012c0820> to database.
 INFO LOG: Jun__2_19:17: tick!!!
 INFO LOG: Jun__2_19:17: saving #<Player:0x000000012c0820> to database.
 INFO LOG: Jun__2_19:19: tick!!!
 INFO LOG: Jun__2_19:19: saving #<Player:0x000000012c0820> to database.
 INFO LOG: Jun__2_19:21: tick!!!
 INFO LOG: Jun__2_19:21: saving #<Player:0x000000012c0820> to database.
 INFO LOG: Jun__2_19:23: tick!!!
 INFO LOG: Jun__2_19:23: saving #<Player:0x000000012c0820> to database.
 INFO LOG: Jun__2_19:25: tick!!!
 INFO LOG: Jun__2_19:25: saving #<Player:0x000000012c0820> to database.
 INFO LOG: Jun__2_19:27: tick!!!
 INFO LOG: Jun__2_19:27: saving #<Player:0x000000012c0820> to database.
 INFO LOG: Jun__2_19:29: tick!!!
 INFO LOG: Jun__2_19:29: saving #<Player:0x000000012c0820> to database.
 INFO LOG: Jun__2_19:31: tick!!!
 INFO LOG: Jun__2_19:31: saving #<Player:0x000000012c0820> to database.
 INFO LOG: Jun__2_19:33: tick!!!
 INFO LOG: Jun__2_19:33: saving #<Player:0x000000012c0820> to database.
 INFO LOG: Jun__2_19:35: tick!!!
 INFO LOG: Jun__2_19:35: saving #<Player:0x000000012c0820> to database.
 INFO LOG: Jun__2_19:37: tick!!!
 INFO LOG: Jun__2_19:37: saving #<Player:0x000000012c0820> to database.
 INFO LOG: Jun__2_19:39: tick!!!
 INFO LOG: Jun__2_19:39: saving #<Player:0x000000012c0820> to database.
 INFO LOG: Jun__2_19:41: tick!!!
 INFO LOG: Jun__2_19:41: saving #<Player:0x000000012c0820> to database.
 INFO LOG: Jun__2_19:43: tick!!!
 INFO LOG: Jun__2_19:43: saving #<Player:0x000000012c0820> to database.
 INFO LOG: Jun__2_19:45: tick!!!
 INFO LOG: Jun__2_19:45: saving #<Player:0x000000012c0820> to database.
 INFO LOG: Jun__2_19:47: tick!!!
 INFO LOG: Jun__2_19:47: saving #<Player:0x000000012c0820> to database.
 INFO LOG: Jun__2_19:49: tick!!!
 INFO LOG: Jun__2_19:49: saving #<Player:0x000000012c0820> to database.
 INFO LOG: Jun__2_19:51: tick!!!
 INFO LOG: Jun__2_19:51: saving #<Player:0x000000012c0820> to database.
 INFO LOG: Jun__2_19:53: tick!!!
 INFO LOG: Jun__2_19:53: saving #<Player:0x000000012c0820> to database.
 INFO LOG: Jun__2_19:55: tick!!!
 INFO LOG: Jun__2_19:55: saving #<Player:0x000000012c0820> to database.
 INFO LOG: Jun__2_19:57: tick!!!
 INFO LOG: Jun__2_19:57: saving #<Player:0x000000012c0820> to database.
 INFO LOG: Jun__2_19:59: tick!!!
 INFO LOG: Jun__2_19:59: saving #<Player:0x000000012c0820> to database.
 INFO LOG: Jun__2_20:01: tick!!!
 INFO LOG: Jun__2_20:01: saving #<Player:0x000000012c0820> to database.
 INFO LOG: Jun__2_20:03: tick!!!
 INFO LOG: Jun__2_20:03: saving #<Player:0x000000012c0820> to database.
 INFO LOG: Jun__2_20:05: tick!!!
 INFO LOG: Jun__2_20:05: saving #<Player:0x000000012c0820> to database.
 INFO LOG: Jun__2_20:07: tick!!!
 INFO LOG: Jun__2_20:07: saving #<Player:0x000000012c0820> to database.
 INFO LOG: Jun__2_20:09: tick!!!
 INFO LOG: Jun__2_20:09: saving #<Player:0x000000012c0820> to database.
 INFO LOG: Jun__2_20:11: tick!!!
 INFO LOG: Jun__2_20:11: saving #<Player:0x000000012c0820> to database.
 INFO LOG: Jun__2_20:13: tick!!!
 INFO LOG: Jun__2_20:13: saving #<Player:0x000000012c0820> to database.
 INFO LOG: Jun__2_20:15: tick!!!
 INFO LOG: Jun__2_20:15: saving #<Player:0x000000012c0820> to database.
 INFO LOG: Jun__2_20:17: tick!!!
 INFO LOG: Jun__2_20:17: saving #<Player:0x000000012c0820> to database.
 INFO LOG: Jun__2_20:19: tick!!!
 INFO LOG: Jun__2_20:19: saving #<Player:0x000000012c0820> to database.
 INFO LOG: Jun__2_20:21: tick!!!
 INFO LOG: Jun__2_20:21: saving #<Player:0x000000012c0820> to database.
 INFO LOG: Jun__2_20:23: tick!!!
 INFO LOG: Jun__2_20:23: saving #<Player:0x000000012c0820> to database.
 INFO LOG: Jun__2_20:25: tick!!!
 INFO LOG: Jun__2_20:25: saving #<Player:0x000000012c0820> to database.
 INFO LOG: Jun__2_20:27: tick!!!
 INFO LOG: Jun__2_20:27: saving #<Player:0x000000012c0820> to database.
 INFO LOG: Jun__2_20:29: tick!!!
 INFO LOG: Jun__2_20:29: saving #<Player:0x000000012c0820> to database.
 INFO LOG: Jun__2_20:31: tick!!!
 INFO LOG: Jun__2_20:31: saving #<Player:0x000000012c0820> to database.
 INFO LOG: Jun__2_20:33: tick!!!
 INFO LOG: Jun__2_20:33: saving #<Player:0x000000012c0820> to database.
 INFO LOG: Jun__2_20:35: tick!!!
 INFO LOG: Jun__2_20:35: saving #<Player:0x000000012c0820> to database.
 INFO LOG: Jun__2_20:37: tick!!!
 INFO LOG: Jun__2_20:37: saving #<Player:0x000000012c0820> to database.
 INFO LOG: Jun__2_20:39: tick!!!
 INFO LOG: Jun__2_20:39: saving #<Player:0x000000012c0820> to database.
 INFO LOG: Jun__2_20:41: tick!!!
 INFO LOG: Jun__2_20:41: saving #<Player:0x000000012c0820> to database.
 INFO LOG: Jun__2_20:43: tick!!!
 INFO LOG: Jun__2_20:43: saving #<Player:0x000000012c0820> to database.
 INFO LOG: Jun__2_20:45: tick!!!
 INFO LOG: Jun__2_20:45: saving #<Player:0x000000012c0820> to database.
 INFO LOG: Jun__2_20:47: tick!!!
 INFO LOG: Jun__2_20:47: saving #<Player:0x000000012c0820> to database.
 INFO LOG: Jun__2_20:49: tick!!!
 INFO LOG: Jun__2_20:49: saving #<Player:0x000000012c0820> to database.
 INFO LOG: Jun__2_20:51: tick!!!
 INFO LOG: Jun__2_20:51: saving #<Player:0x000000012c0820> to database.
 INFO LOG: Jun__2_20:53: tick!!!
 INFO LOG: Jun__2_20:53: saving #<Player:0x000000012c0820> to database.
 INFO LOG: Jun__2_20:55: tick!!!
 INFO LOG: Jun__2_20:55: saving #<Player:0x000000012c0820> to database.
 INFO LOG: Jun__2_20:57: tick!!!
 INFO LOG: Jun__2_20:57: saving #<Player:0x000000012c0820> to database.
 INFO LOG: Jun__2_20:59: tick!!!
 INFO LOG: Jun__2_20:59: saving #<Player:0x000000012c0820> to database.
 INFO LOG: Jun__2_21:01: tick!!!
 INFO LOG: Jun__2_21:01: saving #<Player:0x000000012c0820> to database.
 INFO LOG: Jun__2_21:03: tick!!!
 INFO LOG: Jun__2_21:03: saving #<Player:0x000000012c0820> to database.
 INFO LOG: Jun__2_21:05: tick!!!
 INFO LOG: Jun__2_21:05: saving #<Player:0x000000012c0820> to database.
 INFO LOG: Jun__2_21:07: tick!!!
 INFO LOG: Jun__2_21:07: saving #<Player:0x000000012c0820> to database.
 INFO LOG: Jun__2_21:09: tick!!!
 INFO LOG: Jun__2_21:09: saving #<Player:0x000000012c0820> to database.
 INFO LOG: Jun__2_21:11: tick!!!
 INFO LOG: Jun__2_21:11: saving #<Player:0x000000012c0820> to database.
 INFO LOG: Jun__2_21:13: tick!!!
 INFO LOG: Jun__2_21:13: saving #<Player:0x000000012c0820> to database.
 INFO LOG: Jun__2_21:15: tick!!!
 INFO LOG: Jun__2_21:15: saving #<Player:0x000000012c0820> to database.
 INFO LOG: Jun__2_21:17: tick!!!
 INFO LOG: Jun__2_21:17: saving #<Player:0x000000012c0820> to database.
 INFO LOG: Jun__2_21:19: tick!!!
 INFO LOG: Jun__2_21:19: saving #<Player:0x000000012c0820> to database.
 INFO LOG: Jun__2_21:21: tick!!!
 INFO LOG: Jun__2_21:21: saving #<Player:0x000000012c0820> to database.
 INFO LOG: Jun__2_21:23: tick!!!
 INFO LOG: Jun__2_21:23: saving #<Player:0x000000012c0820> to database.
 INFO LOG: Jun__2_21:25: tick!!!
 INFO LOG: Jun__2_21:25: saving #<Player:0x000000012c0820> to database.
 INFO LOG: Jun__2_21:27: tick!!!
 INFO LOG: Jun__2_21:27: saving #<Player:0x000000012c0820> to database.
 INFO LOG: Jun__2_21:29: tick!!!
 INFO LOG: Jun__2_21:29: saving #<Player:0x000000012c0820> to database.
 INFO LOG: Jun__2_21:31: tick!!!
 INFO LOG: Jun__2_21:31: saving #<Player:0x000000012c0820> to database.
 INFO LOG: Jun__2_21:33: tick!!!
 INFO LOG: Jun__2_21:33: saving #<Player:0x000000012c0820> to database.
 INFO LOG: Jun__2_21:35: tick!!!
 INFO LOG: Jun__2_21:35: saving #<Player:0x000000012c0820> to database.
 INFO LOG: Jun__2_21:37: tick!!!
 INFO LOG: Jun__2_21:37: saving #<Player:0x000000012c0820> to database.
 INFO LOG: Jun__2_21:39: tick!!!
 INFO LOG: Jun__2_21:39: saving #<Player:0x000000012c0820> to database.
 INFO LOG: Jun__2_21:41: tick!!!
 INFO LOG: Jun__2_21:41: saving #<Player:0x000000012c0820> to database.
 INFO LOG: Jun__2_21:43: tick!!!
 INFO LOG: Jun__2_21:43: saving #<Player:0x000000012c0820> to database.
 INFO LOG: Jun__2_21:45: tick!!!
 INFO LOG: Jun__2_21:45: saving #<Player:0x000000012c0820> to database.
 INFO LOG: Jun__2_21:47: tick!!!
 INFO LOG: Jun__2_21:47: saving #<Player:0x000000012c0820> to database.
 INFO LOG: Jun__2_21:49: tick!!!
 INFO LOG: Jun__2_21:49: saving #<Player:0x000000012c0820> to database.
 INFO LOG: Jun__2_21:51: tick!!!
 INFO LOG: Jun__2_21:51: saving #<Player:0x000000012c0820> to database.
 INFO LOG: Jun__2_21:53: tick!!!
 INFO LOG: Jun__2_21:53: saving #<Player:0x000000012c0820> to database.
 INFO LOG: Jun__2_21:55: tick!!!
 INFO LOG: Jun__2_21:55: saving #<Player:0x000000012c0820> to database.
 INFO LOG: Jun__2_21:57: tick!!!
 INFO LOG: Jun__2_21:57: saving #<Player:0x000000012c0820> to database.
 INFO LOG: Jun__2_21:59: tick!!!
 INFO LOG: Jun__2_21:59: saving #<Player:0x000000012c0820> to database.
 INFO LOG: Jun__2_22:01: tick!!!
 INFO LOG: Jun__2_22:01: saving #<Player:0x000000012c0820> to database.
 INFO LOG: Jun__2_22:03: tick!!!
 INFO LOG: Jun__2_22:03: saving #<Player:0x000000012c0820> to database.
 INFO LOG: Jun__2_22:05: tick!!!
 INFO LOG: Jun__2_22:05: saving #<Player:0x000000012c0820> to database.
 INFO LOG: Jun__2_22:07: tick!!!
 INFO LOG: Jun__2_22:07: saving #<Player:0x000000012c0820> to database.
 INFO LOG: Jun__2_22:09: tick!!!
 INFO LOG: Jun__2_22:09: saving #<Player:0x000000012c0820> to database.
 INFO LOG: Jun__2_22:11: tick!!!
 INFO LOG: Jun__2_22:11: saving #<Player:0x000000012c0820> to database.
 INFO LOG: Jun__2_22:13: tick!!!
 INFO LOG: Jun__2_22:13: saving #<Player:0x000000012c0820> to database.
 INFO LOG: Jun__2_22:15: tick!!!
 INFO LOG: Jun__2_22:15: saving #<Player:0x000000012c0820> to database.
 INFO LOG: Jun__2_22:17: tick!!!
 INFO LOG: Jun__2_22:17: saving #<Player:0x000000012c0820> to database.
 INFO LOG: Jun__2_22:19: tick!!!
 INFO LOG: Jun__2_22:19: saving #<Player:0x000000012c0820> to database.
 INFO LOG: Jun__2_22:21: tick!!!
 INFO LOG: Jun__2_22:21: saving #<Player:0x000000012c0820> to database.
 INFO LOG: Jun__2_22:23: tick!!!
 INFO LOG: Jun__2_22:23: saving #<Player:0x000000012c0820> to database.
 INFO LOG: Jun__2_22:25: tick!!!
 INFO LOG: Jun__2_22:25: saving #<Player:0x000000012c0820> to database.
 INFO LOG: Jun__2_22:27: tick!!!
 INFO LOG: Jun__2_22:27: saving #<Player:0x000000012c0820> to database.
 INFO LOG: Jun__2_22:29: tick!!!
 INFO LOG: Jun__2_22:29: saving #<Player:0x000000012c0820> to database.
 INFO LOG: Jun__2_22:31: tick!!!
 INFO LOG: Jun__2_22:31: saving #<Player:0x000000012c0820> to database.
 INFO LOG: Jun__2_22:33: tick!!!
 INFO LOG: Jun__2_22:33: saving #<Player:0x000000012c0820> to database.
 INFO LOG: Jun__2_22:35: tick!!!
 INFO LOG: Jun__2_22:35: saving #<Player:0x000000012c0820> to database.
 INFO LOG: Jun__2_22:37: tick!!!
 INFO LOG: Jun__2_22:37: saving #<Player:0x000000012c0820> to database.
 INFO LOG: Jun__2_22:39: tick!!!
 INFO LOG: Jun__2_22:39: saving #<Player:0x000000012c0820> to database.
 INFO LOG: Jun__2_22:41: tick!!!
 INFO LOG: Jun__2_22:41: saving #<Player:0x000000012c0820> to database.
 INFO LOG: Jun__2_22:43: tick!!!
 INFO LOG: Jun__2_22:43: saving #<Player:0x000000012c0820> to database.
 INFO LOG: Jun__2_22:45: tick!!!
 INFO LOG: Jun__2_22:45: saving #<Player:0x000000012c0820> to database.
 INFO LOG: Jun__2_22:47: tick!!!
 INFO LOG: Jun__2_22:47: saving #<Player:0x000000012c0820> to database.
 INFO LOG: Jun__2_22:49: tick!!!
 INFO LOG: Jun__2_22:49: saving #<Player:0x000000012c0820> to database.
 INFO LOG: Jun__2_22:51: tick!!!
 INFO LOG: Jun__2_22:51: saving #<Player:0x000000012c0820> to database.
 INFO LOG: Jun__2_22:53: tick!!!
 INFO LOG: Jun__2_22:53: saving #<Player:0x000000012c0820> to database.
 INFO LOG: Jun__2_22:55: tick!!!
 INFO LOG: Jun__2_22:55: saving #<Player:0x000000012c0820> to database.
 INFO LOG: Jun__2_22:57: tick!!!
 INFO LOG: Jun__2_22:57: saving #<Player:0x000000012c0820> to database.
 INFO LOG: Jun__2_22:59: tick!!!
 INFO LOG: Jun__2_22:59: saving #<Player:0x000000012c0820> to database.
 INFO LOG: Jun__2_23:01: tick!!!
 INFO LOG: Jun__2_23:01: saving #<Player:0x000000012c0820> to database.
 INFO LOG: Jun__2_23:03: tick!!!
 INFO LOG: Jun__2_23:03: saving #<Player:0x000000012c0820> to database.
 INFO LOG: Jun__2_23:05: tick!!!
 INFO LOG: Jun__2_23:05: saving #<Player:0x000000012c0820> to database.
 INFO LOG: Jun__2_23:07: tick!!!
 INFO LOG: Jun__2_23:07: saving #<Player:0x000000012c0820> to database.
 INFO LOG: Jun__2_23:09: tick!!!
 INFO LOG: Jun__2_23:09: saving #<Player:0x000000012c0820> to database.
 INFO LOG: Jun__2_23:11: tick!!!
 INFO LOG: Jun__2_23:11: saving #<Player:0x000000012c0820> to database.
 INFO LOG: Jun__2_23:13: tick!!!
 INFO LOG: Jun__2_23:13: saving #<Player:0x000000012c0820> to database.
 INFO LOG: Jun__2_23:15: tick!!!
 INFO LOG: Jun__2_23:15: saving #<Player:0x000000012c0820> to database.
 INFO LOG: Jun__2_23:17: tick!!!
 INFO LOG: Jun__2_23:17: saving #<Player:0x000000012c0820> to database.
 INFO LOG: Jun__2_23:19: tick!!!
 INFO LOG: Jun__2_23:19: saving #<Player:0x000000012c0820> to database.
 INFO LOG: Jun__2_23:21: tick!!!
 INFO LOG: Jun__2_23:21: saving #<Player:0x000000012c0820> to database.
 INFO LOG: Jun__2_23:23: tick!!!
 INFO LOG: Jun__2_23:23: saving #<Player:0x000000012c0820> to database.
 INFO LOG: Jun__2_23:25: -- #<Player:0x000000012c0820>:76.202.141.206:36215 disconnected from CoralMUD!
 INFO LOG: Jun__2_23:25: Program closed.
