 INFO LOG: Jun__1_09:13: Logging enabled.   Loading logs.rb.
 INFO LOG: Jun__1_09:13: Loading spellcheck.rb
 INFO LOG: Jun__1_09:13: Loading facade.rb
 INFO LOG: Jun__1_09:13: Loading query_list.rb
 INFO LOG: Jun__1_09:13: Loading utils.rb
 INFO LOG: Jun__1_09:13: Loading constants.rb
 INFO LOG: Jun__1_09:13: Loading damage.rb
 INFO LOG: Jun__1_09:13: Loading class_property.rb
 INFO LOG: Jun__1_09:13: Loading scripts.rb
 INFO LOG: Jun__1_09:13: Loading tags.rb
 INFO LOG: Jun__1_09:13: Loading editor/editors.rb
 INFO LOG: Jun__1_09:13: Loading editor/editor.strings.rb
 INFO LOG: Jun__1_09:13: Loading editor/editor.rooms.rb
 INFO LOG: Jun__1_09:13: Loading editor/editor.exits.rb
 INFO LOG: Jun__1_09:13: Loading editor/editor.zones.rb
 INFO LOG: Jun__1_09:13: Loading editor/editor.npc.rb
 INFO LOG: Jun__1_09:13: Loading editor/editor.items.rb
 INFO LOG: Jun__1_09:13: Loading editor/editor.socials.rb
 INFO LOG: Jun__1_09:13: Loading socials.rb
 INFO LOG: Jun__1_09:13: Loading mxp.rb
 INFO LOG: Jun__1_09:13: Loading mccp.rb
 INFO LOG: Jun__1_09:13: Loading mail.rb
 INFO LOG: Jun__1_09:13: Loading flags.rb
 INFO LOG: Jun__1_09:13: Loading areas.rb
 INFO LOG: Jun__1_09:13: Loading security.rb
 INFO LOG: Jun__1_09:13: Loading resets.rb
 INFO LOG: Jun__1_09:13: Loading event.rb
 INFO LOG: Jun__1_09:13: Loading automap/automap.rb
 INFO LOG: Jun__1_09:13: Loading cities.rb
 INFO LOG: Jun__1_09:13: Loading sector definitions.
 INFO LOG: Jun__1_09:13: Loading help.rb
 INFO LOG: Jun__1_09:13: Loading imcruby.rb
 INFO LOG: Jun__1_09:13: Logging enabled.   Loading logs.rb.
 INFO LOG: Jun__1_09:13: Loading spellcheck.rb
 INFO LOG: Jun__1_09:13: Loading facade.rb
 INFO LOG: Jun__1_09:13: Loading query_list.rb
 INFO LOG: Jun__1_09:13: Loading utils.rb
 INFO LOG: Jun__1_09:13: Loading constants.rb
 INFO LOG: Jun__1_09:13: Loading damage.rb
 INFO LOG: Jun__1_09:13: Loading class_property.rb
 INFO LOG: Jun__1_09:13: Loading scripts.rb
 INFO LOG: Jun__1_09:13: Loading tags.rb
 INFO LOG: Jun__1_09:13: Loading editor/editors.rb
 INFO LOG: Jun__1_09:13: Loading editor/editor.strings.rb
 INFO LOG: Jun__1_09:13: Loading editor/editor.rooms.rb
 INFO LOG: Jun__1_09:13: Loading editor/editor.exits.rb
 INFO LOG: Jun__1_09:13: Loading editor/editor.zones.rb
 INFO LOG: Jun__1_09:13: Loading editor/editor.npc.rb
 INFO LOG: Jun__1_09:13: Loading editor/editor.items.rb
 INFO LOG: Jun__1_09:13: Loading editor/editor.socials.rb
 INFO LOG: Jun__1_09:13: Loading socials.rb
 INFO LOG: Jun__1_09:13: Loading mxp.rb
 INFO LOG: Jun__1_09:13: Loading mccp.rb
 INFO LOG: Jun__1_09:13: Loading mail.rb
 INFO LOG: Jun__1_09:13: Loading flags.rb
 INFO LOG: Jun__1_09:13: Loading areas.rb
 INFO LOG: Jun__1_09:13: Loading security.rb
 INFO LOG: Jun__1_09:13: Loading resets.rb
 INFO LOG: Jun__1_09:13: Loading event.rb
 INFO LOG: Jun__1_09:13: Loading automap/automap.rb
 INFO LOG: Jun__1_09:13: Loading cities.rb
 INFO LOG: Jun__1_09:13: Loading sector definitions.
 INFO LOG: Jun__1_09:13: Loading help.rb
 INFO LOG: Jun__1_09:13: Loading imcruby.rb
 INFO LOG: Jun__1_09:20: Logging enabled.   Loading logs.rb.
 INFO LOG: Jun__1_09:20: Loading spellcheck.rb
 INFO LOG: Jun__1_09:20: Loading facade.rb
 INFO LOG: Jun__1_09:20: Loading query_list.rb
 INFO LOG: Jun__1_09:20: Loading utils.rb
 INFO LOG: Jun__1_09:20: Loading constants.rb
 INFO LOG: Jun__1_09:20: Loading damage.rb
 INFO LOG: Jun__1_09:20: Loading class_property.rb
 INFO LOG: Jun__1_09:20: Loading scripts.rb
 INFO LOG: Jun__1_09:20: Loading tags.rb
 INFO LOG: Jun__1_09:20: Loading editor/editors.rb
 INFO LOG: Jun__1_09:20: Loading editor/editor.strings.rb
 INFO LOG: Jun__1_09:20: Loading editor/editor.rooms.rb
 INFO LOG: Jun__1_09:20: Loading editor/editor.exits.rb
 INFO LOG: Jun__1_09:20: Loading editor/editor.zones.rb
 INFO LOG: Jun__1_09:20: Loading editor/editor.npc.rb
 INFO LOG: Jun__1_09:20: Loading editor/editor.items.rb
 INFO LOG: Jun__1_09:20: Loading editor/editor.socials.rb
 INFO LOG: Jun__1_09:20: Loading socials.rb
 INFO LOG: Jun__1_09:20: Loading mxp.rb
 INFO LOG: Jun__1_09:20: Loading mccp.rb
 INFO LOG: Jun__1_09:20: Loading mail.rb
 INFO LOG: Jun__1_09:20: Loading flags.rb
 INFO LOG: Jun__1_09:20: Loading areas.rb
 INFO LOG: Jun__1_09:20: Loading security.rb
 INFO LOG: Jun__1_09:20: Loading resets.rb
 INFO LOG: Jun__1_09:20: Loading event.rb
 INFO LOG: Jun__1_09:20: Loading automap/automap.rb
 INFO LOG: Jun__1_09:20: Loading cities.rb
 INFO LOG: Jun__1_09:20: Loading sector definitions.
 INFO LOG: Jun__1_09:20: Loading help.rb
 INFO LOG: Jun__1_09:20: Loading imcruby.rb
 INFO LOG: Jun__1_09:21: Logging enabled.   Loading logs.rb.
 INFO LOG: Jun__1_09:21: Loading spellcheck.rb
 INFO LOG: Jun__1_09:21: Loading facade.rb
 INFO LOG: Jun__1_09:21: Loading query_list.rb
 INFO LOG: Jun__1_09:21: Loading utils.rb
 INFO LOG: Jun__1_09:21: Loading constants.rb
 INFO LOG: Jun__1_09:21: Loading damage.rb
 INFO LOG: Jun__1_09:21: Loading class_property.rb
 INFO LOG: Jun__1_09:21: Loading scripts.rb
 INFO LOG: Jun__1_09:21: Loading tags.rb
 INFO LOG: Jun__1_09:21: Loading editor/editors.rb
 INFO LOG: Jun__1_09:21: Loading editor/editor.strings.rb
 INFO LOG: Jun__1_09:21: Loading editor/editor.rooms.rb
 INFO LOG: Jun__1_09:21: Loading editor/editor.exits.rb
 INFO LOG: Jun__1_09:21: Loading editor/editor.zones.rb
 INFO LOG: Jun__1_09:21: Loading editor/editor.npc.rb
 INFO LOG: Jun__1_09:21: Loading editor/editor.items.rb
 INFO LOG: Jun__1_09:21: Loading editor/editor.socials.rb
 INFO LOG: Jun__1_09:21: Loading socials.rb
 INFO LOG: Jun__1_09:21: Loading mxp.rb
 INFO LOG: Jun__1_09:21: Loading mccp.rb
 INFO LOG: Jun__1_09:21: Loading mail.rb
 INFO LOG: Jun__1_09:21: Loading flags.rb
 INFO LOG: Jun__1_09:21: Loading areas.rb
 INFO LOG: Jun__1_09:21: Loading security.rb
 INFO LOG: Jun__1_09:21: Loading resets.rb
 INFO LOG: Jun__1_09:21: Loading event.rb
 INFO LOG: Jun__1_09:21: Loading automap/automap.rb
 INFO LOG: Jun__1_09:21: Loading cities.rb
 INFO LOG: Jun__1_09:21: Loading sector definitions.
 INFO LOG: Jun__1_09:21: Loading help.rb
 INFO LOG: Jun__1_09:21: Loading imcruby.rb
 INFO LOG: Jun__1_09:21: Logging enabled.   Loading logs.rb.
 INFO LOG: Jun__1_09:21: Loading spellcheck.rb
 INFO LOG: Jun__1_09:21: Loading facade.rb
 INFO LOG: Jun__1_09:21: Loading query_list.rb
 INFO LOG: Jun__1_09:21: Loading utils.rb
 INFO LOG: Jun__1_09:21: Loading constants.rb
 INFO LOG: Jun__1_09:21: Loading damage.rb
 INFO LOG: Jun__1_09:21: Loading class_property.rb
 INFO LOG: Jun__1_09:21: Loading scripts.rb
 INFO LOG: Jun__1_09:21: Loading tags.rb
 INFO LOG: Jun__1_09:21: Loading editor/editors.rb
 INFO LOG: Jun__1_09:21: Loading editor/editor.strings.rb
 INFO LOG: Jun__1_09:21: Loading editor/editor.rooms.rb
 INFO LOG: Jun__1_09:21: Loading editor/editor.exits.rb
 INFO LOG: Jun__1_09:21: Loading editor/editor.zones.rb
 INFO LOG: Jun__1_09:21: Loading editor/editor.npc.rb
 INFO LOG: Jun__1_09:21: Loading editor/editor.items.rb
 INFO LOG: Jun__1_09:21: Loading editor/editor.socials.rb
 INFO LOG: Jun__1_09:21: Loading socials.rb
 INFO LOG: Jun__1_09:21: Loading mxp.rb
 INFO LOG: Jun__1_09:21: Loading mccp.rb
 INFO LOG: Jun__1_09:21: Loading mail.rb
 INFO LOG: Jun__1_09:21: Loading flags.rb
 INFO LOG: Jun__1_09:21: Loading areas.rb
 INFO LOG: Jun__1_09:21: Loading security.rb
 INFO LOG: Jun__1_09:21: Loading resets.rb
 INFO LOG: Jun__1_09:21: Loading event.rb
 INFO LOG: Jun__1_09:21: Loading automap/automap.rb
 INFO LOG: Jun__1_09:21: Loading cities.rb
 INFO LOG: Jun__1_09:21: Loading sector definitions.
 INFO LOG: Jun__1_09:21: Loading help.rb
 INFO LOG: Jun__1_09:21: Loading imcruby.rb
 INFO LOG: Jun__1_09:28: Logging enabled.   Loading logs.rb.
 INFO LOG: Jun__1_09:28: Loading spellcheck.rb
 INFO LOG: Jun__1_09:28: Loading facade.rb
 INFO LOG: Jun__1_09:28: Loading query_list.rb
 INFO LOG: Jun__1_09:28: Loading utils.rb
 INFO LOG: Jun__1_09:28: Loading constants.rb
 INFO LOG: Jun__1_09:28: Loading damage.rb
 INFO LOG: Jun__1_09:28: Loading class_property.rb
 INFO LOG: Jun__1_09:28: Loading scripts.rb
 INFO LOG: Jun__1_09:28: Loading tags.rb
 INFO LOG: Jun__1_09:28: Loading editor/editors.rb
 INFO LOG: Jun__1_09:28: Loading editor/editor.strings.rb
 INFO LOG: Jun__1_09:28: Loading editor/editor.rooms.rb
 INFO LOG: Jun__1_09:28: Loading editor/editor.exits.rb
 INFO LOG: Jun__1_09:28: Loading editor/editor.zones.rb
 INFO LOG: Jun__1_09:28: Loading editor/editor.npc.rb
 INFO LOG: Jun__1_09:28: Loading editor/editor.items.rb
 INFO LOG: Jun__1_09:28: Loading editor/editor.socials.rb
 INFO LOG: Jun__1_09:28: Loading socials.rb
 INFO LOG: Jun__1_09:28: Loading mxp.rb
 INFO LOG: Jun__1_09:28: Loading mccp.rb
 INFO LOG: Jun__1_09:28: Loading mail.rb
 INFO LOG: Jun__1_09:28: Loading flags.rb
 INFO LOG: Jun__1_09:28: Loading areas.rb
 INFO LOG: Jun__1_09:28: Loading security.rb
 INFO LOG: Jun__1_09:28: Loading resets.rb
 INFO LOG: Jun__1_09:28: Loading event.rb
 INFO LOG: Jun__1_09:28: Loading automap/automap.rb
 INFO LOG: Jun__1_09:28: Loading cities.rb
 INFO LOG: Jun__1_09:28: Loading sector definitions.
 INFO LOG: Jun__1_09:28: Loading help.rb
 INFO LOG: Jun__1_09:28: Loading imcruby.rb
 INFO LOG: Jun__1_09:52: Logging enabled.   Loading logs.rb.
 INFO LOG: Jun__1_09:52: Loading spellcheck.rb
 INFO LOG: Jun__1_09:52: Loading facade.rb
 INFO LOG: Jun__1_09:52: Loading query_list.rb
 INFO LOG: Jun__1_09:52: Loading utils.rb
 INFO LOG: Jun__1_09:52: Loading constants.rb
 INFO LOG: Jun__1_09:52: Loading damage.rb
 INFO LOG: Jun__1_09:52: Loading class_property.rb
 INFO LOG: Jun__1_09:52: Loading scripts.rb
 INFO LOG: Jun__1_09:52: Loading tags.rb
 INFO LOG: Jun__1_09:52: Loading editor/editors.rb
 INFO LOG: Jun__1_09:52: Loading editor/editor.strings.rb
 INFO LOG: Jun__1_09:52: Loading editor/editor.rooms.rb
 INFO LOG: Jun__1_09:52: Loading editor/editor.exits.rb
 INFO LOG: Jun__1_09:52: Loading editor/editor.zones.rb
 INFO LOG: Jun__1_09:52: Loading editor/editor.npc.rb
 INFO LOG: Jun__1_09:52: Loading editor/editor.items.rb
 INFO LOG: Jun__1_09:52: Loading editor/editor.socials.rb
 INFO LOG: Jun__1_09:52: Loading socials.rb
 INFO LOG: Jun__1_09:52: Loading mxp.rb
 INFO LOG: Jun__1_09:52: Loading mccp.rb
 INFO LOG: Jun__1_09:52: Loading mail.rb
 INFO LOG: Jun__1_09:52: Loading flags.rb
 INFO LOG: Jun__1_09:52: Loading areas.rb
 INFO LOG: Jun__1_09:52: Loading security.rb
 INFO LOG: Jun__1_09:52: Loading resets.rb
 INFO LOG: Jun__1_09:52: Loading event.rb
 INFO LOG: Jun__1_09:52: Loading automap/automap.rb
 INFO LOG: Jun__1_09:52: Loading cities.rb
 INFO LOG: Jun__1_09:52: Loading sector definitions.
 INFO LOG: Jun__1_09:52: Loading help.rb
 INFO LOG: Jun__1_09:52: Loading imcruby.rb
 INFO LOG: Jun__1_09:52: Loading player.rb
 INFO LOG: Jun__1_09:52: Loading commands.rb
 INFO LOG: Jun__1_09:52: Loading editor/editor.player.rb
 INFO LOG: Jun__1_09:52: Loading random.rb
 INFO LOG: Jun__1_09:52: Loading npc.rb
 INFO LOG: Jun__1_09:52: Loading items/types.rb
 INFO LOG: Jun__1_09:52: Loading items/items.rb
 INFO LOG: Jun__1_09:52: Loading spells.rb
 INFO LOG: Jun__1_09:52: Loading all zones.
 INFO LOG: Jun__1_09:52: Loading all socials.
 INFO LOG: Jun__1_09:52: Upgrading database
 INFO LOG: Jun__1_09:52: Starting server.
 INFO LOG: Jun__1_09:52: CoralMUD is now up on port 4000.
 INFO LOG: Jun__1_09:52: -- 76.202.141.206:33091 connected to CoralMUD!
 INFO LOG: Jun__1_09:52: -- 76.202.141.206:33091: Retnur is trying to connect.
 INFO LOG: Jun__1_09:52: -- 76.202.141.206:33091: Retnur player file found.
 INFO LOG: Jun__1_09:52: -- Retnur has entered the game.
 INFO LOG: Jun__1_09:52: saving #<Player:0x000000022c1288> to database.
 INFO LOG: Jun__1_09:54: tick!!!
 INFO LOG: Jun__1_09:54: saving #<Player:0x000000022c1288> to database.
 INFO LOG: Jun__1_09:56: tick!!!
 INFO LOG: Jun__1_09:56: saving #<Player:0x000000022c1288> to database.
 INFO LOG: Jun__1_09:58: tick!!!
 INFO LOG: Jun__1_09:58: saving #<Player:0x000000022c1288> to database.
 INFO LOG: Jun__1_10:00: tick!!!
 INFO LOG: Jun__1_10:00: saving #<Player:0x000000022c1288> to database.
 INFO LOG: Jun__1_10:02: tick!!!
 INFO LOG: Jun__1_10:02: saving #<Player:0x000000022c1288> to database.
 INFO LOG: Jun__1_10:04: tick!!!
 INFO LOG: Jun__1_10:04: saving #<Player:0x000000022c1288> to database.
 INFO LOG: Jun__1_10:06: tick!!!
 INFO LOG: Jun__1_10:06: saving #<Player:0x000000022c1288> to database.
 INFO LOG: Jun__1_10:08: tick!!!
 INFO LOG: Jun__1_10:08: saving #<Player:0x000000022c1288> to database.
 INFO LOG: Jun__1_10:10: tick!!!
 INFO LOG: Jun__1_10:10: saving #<Player:0x000000022c1288> to database.
 INFO LOG: Jun__1_10:12: tick!!!
 INFO LOG: Jun__1_10:12: saving #<Player:0x000000022c1288> to database.
 INFO LOG: Jun__1_10:14: tick!!!
 INFO LOG: Jun__1_10:14: saving #<Player:0x000000022c1288> to database.
 INFO LOG: Jun__1_10:16: tick!!!
 INFO LOG: Jun__1_10:16: saving #<Player:0x000000022c1288> to database.
 INFO LOG: Jun__1_10:18: tick!!!
 INFO LOG: Jun__1_10:18: saving #<Player:0x000000022c1288> to database.
 INFO LOG: Jun__1_10:20: tick!!!
 INFO LOG: Jun__1_10:20: saving #<Player:0x000000022c1288> to database.
 INFO LOG: Jun__1_10:22: tick!!!
 INFO LOG: Jun__1_10:22: saving #<Player:0x000000022c1288> to database.
 INFO LOG: Jun__1_10:24: tick!!!
 INFO LOG: Jun__1_10:24: saving #<Player:0x000000022c1288> to database.
 INFO LOG: Jun__1_10:26: tick!!!
 INFO LOG: Jun__1_10:26: saving #<Player:0x000000022c1288> to database.
 INFO LOG: Jun__1_10:28: tick!!!
 INFO LOG: Jun__1_10:28: saving #<Player:0x000000022c1288> to database.
 INFO LOG: Jun__1_10:30: tick!!!
 INFO LOG: Jun__1_10:30: saving #<Player:0x000000022c1288> to database.
 INFO LOG: Jun__1_10:32: tick!!!
 INFO LOG: Jun__1_10:32: saving #<Player:0x000000022c1288> to database.
 INFO LOG: Jun__1_10:34: tick!!!
 INFO LOG: Jun__1_10:34: saving #<Player:0x000000022c1288> to database.
 INFO LOG: Jun__1_10:36: tick!!!
 INFO LOG: Jun__1_10:36: saving #<Player:0x000000022c1288> to database.
 INFO LOG: Jun__1_10:38: tick!!!
 INFO LOG: Jun__1_10:38: saving #<Player:0x000000022c1288> to database.
 INFO LOG: Jun__1_10:40: tick!!!
 INFO LOG: Jun__1_10:40: saving #<Player:0x000000022c1288> to database.
 INFO LOG: Jun__1_10:42: tick!!!
 INFO LOG: Jun__1_10:42: saving #<Player:0x000000022c1288> to database.
 INFO LOG: Jun__1_10:44: tick!!!
 INFO LOG: Jun__1_10:44: saving #<Player:0x000000022c1288> to database.
 INFO LOG: Jun__1_10:46: tick!!!
 INFO LOG: Jun__1_10:46: saving #<Player:0x000000022c1288> to database.
 INFO LOG: Jun__1_10:48: tick!!!
 INFO LOG: Jun__1_10:48: saving #<Player:0x000000022c1288> to database.
 INFO LOG: Jun__1_10:50: tick!!!
 INFO LOG: Jun__1_10:50: saving #<Player:0x000000022c1288> to database.
 INFO LOG: Jun__1_10:52: tick!!!
 INFO LOG: Jun__1_10:52: saving #<Player:0x000000022c1288> to database.
 INFO LOG: Jun__1_10:54: tick!!!
 INFO LOG: Jun__1_10:54: saving #<Player:0x000000022c1288> to database.
 INFO LOG: Jun__1_10:56: tick!!!
 INFO LOG: Jun__1_10:56: saving #<Player:0x000000022c1288> to database.
 INFO LOG: Jun__1_10:58: tick!!!
 INFO LOG: Jun__1_10:58: saving #<Player:0x000000022c1288> to database.
 INFO LOG: Jun__1_11:00: tick!!!
 INFO LOG: Jun__1_11:00: saving #<Player:0x000000022c1288> to database.
 INFO LOG: Jun__1_11:02: tick!!!
 INFO LOG: Jun__1_11:02: saving #<Player:0x000000022c1288> to database.
 INFO LOG: Jun__1_11:04: tick!!!
 INFO LOG: Jun__1_11:04: saving #<Player:0x000000022c1288> to database.
 INFO LOG: Jun__1_11:06: tick!!!
 INFO LOG: Jun__1_11:06: saving #<Player:0x000000022c1288> to database.
 INFO LOG: Jun__1_11:08: tick!!!
 INFO LOG: Jun__1_11:08: saving #<Player:0x000000022c1288> to database.
 INFO LOG: Jun__1_11:10: tick!!!
 INFO LOG: Jun__1_11:10: saving #<Player:0x000000022c1288> to database.
 INFO LOG: Jun__1_11:12: tick!!!
 INFO LOG: Jun__1_11:12: saving #<Player:0x000000022c1288> to database.
 INFO LOG: Jun__1_11:14: tick!!!
 INFO LOG: Jun__1_11:14: saving #<Player:0x000000022c1288> to database.
 INFO LOG: Jun__1_11:16: tick!!!
 INFO LOG: Jun__1_11:16: saving #<Player:0x000000022c1288> to database.
 INFO LOG: Jun__1_11:18: tick!!!
 INFO LOG: Jun__1_11:18: saving #<Player:0x000000022c1288> to database.
 INFO LOG: Jun__1_11:20: tick!!!
 INFO LOG: Jun__1_11:20: saving #<Player:0x000000022c1288> to database.
 INFO LOG: Jun__1_11:22: tick!!!
 INFO LOG: Jun__1_11:22: saving #<Player:0x000000022c1288> to database.
 INFO LOG: Jun__1_11:24: tick!!!
 INFO LOG: Jun__1_11:24: saving #<Player:0x000000022c1288> to database.
 INFO LOG: Jun__1_11:26: tick!!!
 INFO LOG: Jun__1_11:26: saving #<Player:0x000000022c1288> to database.
 INFO LOG: Jun__1_11:28: tick!!!
 INFO LOG: Jun__1_11:28: saving #<Player:0x000000022c1288> to database.
 INFO LOG: Jun__1_11:30: tick!!!
 INFO LOG: Jun__1_11:30: saving #<Player:0x000000022c1288> to database.
 INFO LOG: Jun__1_11:32: tick!!!
 INFO LOG: Jun__1_11:32: saving #<Player:0x000000022c1288> to database.
 INFO LOG: Jun__1_11:33: -- 79.41.151.150:49676 connected to CoralMUD!
 INFO LOG: Jun__1_11:33: -- 79.41.151.150:49676: Erpelchen is trying to connect.
 INFO LOG: Jun__1_11:33: -- 79.41.151.150:49676: Erpelchen:  New Character.
 INFO LOG: Jun__1_11:34: tick!!!
 INFO LOG: Jun__1_11:34: saving #<Player:0x000000022c1288> to database.
 INFO LOG: Jun__1_11:36: tick!!!
 INFO LOG: Jun__1_11:36: saving #<Player:0x000000022c1288> to database.
 INFO LOG: Jun__1_11:37: -- 79.41.151.150:49676: Erpelchen successfully created.
 INFO LOG: Jun__1_11:37: -- Erpelchen has entered the game.
 INFO LOG: Jun__1_11:37: saving #<Player:0x00000003506038> to database.
 INFO LOG: Jun__1_11:38: tick!!!
 INFO LOG: Jun__1_11:38: saving #<Player:0x000000022c1288> to database.
 INFO LOG: Jun__1_11:38: saving #<Player:0x00000003506038> to database.
 INFO LOG: Jun__1_11:40: tick!!!
 INFO LOG: Jun__1_11:40: saving #<Player:0x000000022c1288> to database.
 INFO LOG: Jun__1_11:40: saving #<Player:0x00000003506038> to database.
 INFO LOG: Jun__1_11:42: tick!!!
 INFO LOG: Jun__1_11:42: saving #<Player:0x000000022c1288> to database.
 INFO LOG: Jun__1_11:42: saving #<Player:0x00000003506038> to database.
 INFO LOG: Jun__1_11:44: tick!!!
 INFO LOG: Jun__1_11:44: saving #<Player:0x000000022c1288> to database.
 INFO LOG: Jun__1_11:44: saving #<Player:0x00000003506038> to database.
 INFO LOG: Jun__1_11:46: tick!!!
 INFO LOG: Jun__1_11:46: saving #<Player:0x000000022c1288> to database.
 INFO LOG: Jun__1_11:46: saving #<Player:0x00000003506038> to database.
 INFO LOG: Jun__1_11:48: tick!!!
 INFO LOG: Jun__1_11:48: saving #<Player:0x000000022c1288> to database.
 INFO LOG: Jun__1_11:48: saving #<Player:0x00000003506038> to database.
 INFO LOG: Jun__1_11:50: tick!!!
 INFO LOG: Jun__1_11:50: saving #<Player:0x000000022c1288> to database.
 INFO LOG: Jun__1_11:50: saving #<Player:0x00000003506038> to database.
 INFO LOG: Jun__1_11:51: Erpelchen has left the game.
 INFO LOG: Jun__1_11:51: saving #<Player:0x00000003506038> to database.
 INFO LOG: Jun__1_11:51: -- :79.41.151.150:49676 disconnected from CoralMUD!
 INFO LOG: Jun__1_11:52: tick!!!
 INFO LOG: Jun__1_11:52: saving #<Player:0x000000022c1288> to database.
 INFO LOG: Jun__1_11:54: tick!!!
 INFO LOG: Jun__1_11:54: saving #<Player:0x000000022c1288> to database.
 INFO LOG: Jun__1_11:56: tick!!!
 INFO LOG: Jun__1_11:56: saving #<Player:0x000000022c1288> to database.
 INFO LOG: Jun__1_11:58: tick!!!
 INFO LOG: Jun__1_11:58: saving #<Player:0x000000022c1288> to database.
 INFO LOG: Jun__1_12:00: tick!!!
 INFO LOG: Jun__1_12:00: saving #<Player:0x000000022c1288> to database.
 INFO LOG: Jun__1_12:02: tick!!!
 INFO LOG: Jun__1_12:02: saving #<Player:0x000000022c1288> to database.
 INFO LOG: Jun__1_12:04: tick!!!
 INFO LOG: Jun__1_12:04: saving #<Player:0x000000022c1288> to database.
 INFO LOG: Jun__1_12:06: tick!!!
 INFO LOG: Jun__1_12:06: saving #<Player:0x000000022c1288> to database.
 INFO LOG: Jun__1_12:08: tick!!!
 INFO LOG: Jun__1_12:08: saving #<Player:0x000000022c1288> to database.
 INFO LOG: Jun__1_12:10: tick!!!
 INFO LOG: Jun__1_12:10: saving #<Player:0x000000022c1288> to database.
 INFO LOG: Jun__1_12:12: tick!!!
 INFO LOG: Jun__1_12:12: saving #<Player:0x000000022c1288> to database.
 INFO LOG: Jun__1_12:14: tick!!!
 INFO LOG: Jun__1_12:14: saving #<Player:0x000000022c1288> to database.
 INFO LOG: Jun__1_12:16: tick!!!
 INFO LOG: Jun__1_12:16: saving #<Player:0x000000022c1288> to database.
 INFO LOG: Jun__1_12:18: tick!!!
 INFO LOG: Jun__1_12:18: saving #<Player:0x000000022c1288> to database.
 INFO LOG: Jun__1_12:20: tick!!!
 INFO LOG: Jun__1_12:20: saving #<Player:0x000000022c1288> to database.
 INFO LOG: Jun__1_12:22: tick!!!
 INFO LOG: Jun__1_12:22: saving #<Player:0x000000022c1288> to database.
 INFO LOG: Jun__1_12:24: tick!!!
 INFO LOG: Jun__1_12:24: saving #<Player:0x000000022c1288> to database.
 INFO LOG: Jun__1_12:26: tick!!!
 INFO LOG: Jun__1_12:26: saving #<Player:0x000000022c1288> to database.
 INFO LOG: Jun__1_12:28: tick!!!
 INFO LOG: Jun__1_12:28: saving #<Player:0x000000022c1288> to database.
 INFO LOG: Jun__1_12:30: tick!!!
 INFO LOG: Jun__1_12:30: saving #<Player:0x000000022c1288> to database.
 INFO LOG: Jun__1_12:32: tick!!!
 INFO LOG: Jun__1_12:32: saving #<Player:0x000000022c1288> to database.
 INFO LOG: Jun__1_12:34: tick!!!
 INFO LOG: Jun__1_12:34: saving #<Player:0x000000022c1288> to database.
 INFO LOG: Jun__1_12:36: tick!!!
 INFO LOG: Jun__1_12:36: saving #<Player:0x000000022c1288> to database.
 INFO LOG: Jun__1_12:38: tick!!!
 INFO LOG: Jun__1_12:38: saving #<Player:0x000000022c1288> to database.
 INFO LOG: Jun__1_12:40: tick!!!
 INFO LOG: Jun__1_12:40: saving #<Player:0x000000022c1288> to database.
 INFO LOG: Jun__1_12:42: tick!!!
 INFO LOG: Jun__1_12:42: saving #<Player:0x000000022c1288> to database.
 INFO LOG: Jun__1_12:44: tick!!!
 INFO LOG: Jun__1_12:44: saving #<Player:0x000000022c1288> to database.
 INFO LOG: Jun__1_12:46: tick!!!
 INFO LOG: Jun__1_12:46: saving #<Player:0x000000022c1288> to database.
 INFO LOG: Jun__1_12:48: tick!!!
 INFO LOG: Jun__1_12:48: saving #<Player:0x000000022c1288> to database.
 INFO LOG: Jun__1_12:50: tick!!!
 INFO LOG: Jun__1_12:50: saving #<Player:0x000000022c1288> to database.
 INFO LOG: Jun__1_12:52: tick!!!
 INFO LOG: Jun__1_12:52: saving #<Player:0x000000022c1288> to database.
 INFO LOG: Jun__1_12:54: tick!!!
 INFO LOG: Jun__1_12:54: saving #<Player:0x000000022c1288> to database.
 INFO LOG: Jun__1_12:56: tick!!!
 INFO LOG: Jun__1_12:56: saving #<Player:0x000000022c1288> to database.
 INFO LOG: Jun__1_12:58: tick!!!
 INFO LOG: Jun__1_12:58: saving #<Player:0x000000022c1288> to database.
 INFO LOG: Jun__1_13:00: tick!!!
 INFO LOG: Jun__1_13:00: saving #<Player:0x000000022c1288> to database.
 INFO LOG: Jun__1_13:02: tick!!!
 INFO LOG: Jun__1_13:02: saving #<Player:0x000000022c1288> to database.
 INFO LOG: Jun__1_13:04: tick!!!
 INFO LOG: Jun__1_13:04: saving #<Player:0x000000022c1288> to database.
 INFO LOG: Jun__1_13:06: tick!!!
 INFO LOG: Jun__1_13:06: saving #<Player:0x000000022c1288> to database.
 INFO LOG: Jun__1_13:08: tick!!!
 INFO LOG: Jun__1_13:08: saving #<Player:0x000000022c1288> to database.
 INFO LOG: Jun__1_13:10: tick!!!
 INFO LOG: Jun__1_13:10: saving #<Player:0x000000022c1288> to database.
 INFO LOG: Jun__1_13:12: tick!!!
 INFO LOG: Jun__1_13:12: saving #<Player:0x000000022c1288> to database.
 INFO LOG: Jun__1_13:14: tick!!!
 INFO LOG: Jun__1_13:14: saving #<Player:0x000000022c1288> to database.
 INFO LOG: Jun__1_13:16: tick!!!
 INFO LOG: Jun__1_13:16: saving #<Player:0x000000022c1288> to database.
 INFO LOG: Jun__1_13:18: tick!!!
 INFO LOG: Jun__1_13:18: saving #<Player:0x000000022c1288> to database.
 INFO LOG: Jun__1_13:20: tick!!!
 INFO LOG: Jun__1_13:20: saving #<Player:0x000000022c1288> to database.
 INFO LOG: Jun__1_13:22: tick!!!
 INFO LOG: Jun__1_13:22: saving #<Player:0x000000022c1288> to database.
 INFO LOG: Jun__1_13:24: tick!!!
 INFO LOG: Jun__1_13:24: saving #<Player:0x000000022c1288> to database.
 INFO LOG: Jun__1_13:26: tick!!!
 INFO LOG: Jun__1_13:26: saving #<Player:0x000000022c1288> to database.
 INFO LOG: Jun__1_13:28: tick!!!
 INFO LOG: Jun__1_13:28: saving #<Player:0x000000022c1288> to database.
 INFO LOG: Jun__1_13:30: tick!!!
 INFO LOG: Jun__1_13:30: saving #<Player:0x000000022c1288> to database.
 INFO LOG: Jun__1_13:32: tick!!!
 INFO LOG: Jun__1_13:32: saving #<Player:0x000000022c1288> to database.
 INFO LOG: Jun__1_13:34: tick!!!
 INFO LOG: Jun__1_13:34: saving #<Player:0x000000022c1288> to database.
 INFO LOG: Jun__1_13:36: tick!!!
 INFO LOG: Jun__1_13:36: saving #<Player:0x000000022c1288> to database.
 INFO LOG: Jun__1_13:38: tick!!!
 INFO LOG: Jun__1_13:38: saving #<Player:0x000000022c1288> to database.
 INFO LOG: Jun__1_13:40: tick!!!
 INFO LOG: Jun__1_13:40: saving #<Player:0x000000022c1288> to database.
 INFO LOG: Jun__1_13:42: tick!!!
 INFO LOG: Jun__1_13:42: saving #<Player:0x000000022c1288> to database.
 INFO LOG: Jun__1_13:44: tick!!!
 INFO LOG: Jun__1_13:44: saving #<Player:0x000000022c1288> to database.
 INFO LOG: Jun__1_13:46: tick!!!
 INFO LOG: Jun__1_13:46: saving #<Player:0x000000022c1288> to database.
 INFO LOG: Jun__1_13:48: tick!!!
 INFO LOG: Jun__1_13:48: saving #<Player:0x000000022c1288> to database.
 INFO LOG: Jun__1_13:50: tick!!!
 INFO LOG: Jun__1_13:50: saving #<Player:0x000000022c1288> to database.
 INFO LOG: Jun__1_13:52: tick!!!
 INFO LOG: Jun__1_13:52: saving #<Player:0x000000022c1288> to database.
 INFO LOG: Jun__1_13:54: tick!!!
 INFO LOG: Jun__1_13:54: saving #<Player:0x000000022c1288> to database.
 INFO LOG: Jun__1_13:56: tick!!!
 INFO LOG: Jun__1_13:56: saving #<Player:0x000000022c1288> to database.
 INFO LOG: Jun__1_13:58: tick!!!
 INFO LOG: Jun__1_13:58: saving #<Player:0x000000022c1288> to database.
 INFO LOG: Jun__1_14:00: tick!!!
 INFO LOG: Jun__1_14:00: saving #<Player:0x000000022c1288> to database.
 INFO LOG: Jun__1_14:02: tick!!!
 INFO LOG: Jun__1_14:02: saving #<Player:0x000000022c1288> to database.
 INFO LOG: Jun__1_14:04: tick!!!
 INFO LOG: Jun__1_14:04: saving #<Player:0x000000022c1288> to database.
 INFO LOG: Jun__1_14:06: tick!!!
 INFO LOG: Jun__1_14:06: saving #<Player:0x000000022c1288> to database.
 INFO LOG: Jun__1_14:08: tick!!!
 INFO LOG: Jun__1_14:08: saving #<Player:0x000000022c1288> to database.
 INFO LOG: Jun__1_14:10: tick!!!
 INFO LOG: Jun__1_14:10: saving #<Player:0x000000022c1288> to database.
 INFO LOG: Jun__1_14:12: tick!!!
 INFO LOG: Jun__1_14:12: saving #<Player:0x000000022c1288> to database.
 INFO LOG: Jun__1_14:14: tick!!!
 INFO LOG: Jun__1_14:14: saving #<Player:0x000000022c1288> to database.
 INFO LOG: Jun__1_14:16: tick!!!
 INFO LOG: Jun__1_14:16: saving #<Player:0x000000022c1288> to database.
 INFO LOG: Jun__1_14:18: tick!!!
 INFO LOG: Jun__1_14:18: saving #<Player:0x000000022c1288> to database.
 INFO LOG: Jun__1_14:20: tick!!!
 INFO LOG: Jun__1_14:20: saving #<Player:0x000000022c1288> to database.
 INFO LOG: Jun__1_14:22: tick!!!
 INFO LOG: Jun__1_14:22: saving #<Player:0x000000022c1288> to database.
 INFO LOG: Jun__1_14:24: tick!!!
 INFO LOG: Jun__1_14:24: saving #<Player:0x000000022c1288> to database.
 INFO LOG: Jun__1_14:26: tick!!!
 INFO LOG: Jun__1_14:26: saving #<Player:0x000000022c1288> to database.
 INFO LOG: Jun__1_14:28: tick!!!
 INFO LOG: Jun__1_14:28: saving #<Player:0x000000022c1288> to database.
 INFO LOG: Jun__1_14:30: tick!!!
 INFO LOG: Jun__1_14:30: saving #<Player:0x000000022c1288> to database.
 INFO LOG: Jun__1_14:32: tick!!!
 INFO LOG: Jun__1_14:32: saving #<Player:0x000000022c1288> to database.
 INFO LOG: Jun__1_14:34: tick!!!
 INFO LOG: Jun__1_14:34: saving #<Player:0x000000022c1288> to database.
 INFO LOG: Jun__1_14:36: tick!!!
 INFO LOG: Jun__1_14:36: saving #<Player:0x000000022c1288> to database.
 INFO LOG: Jun__1_14:38: tick!!!
 INFO LOG: Jun__1_14:38: saving #<Player:0x000000022c1288> to database.
 INFO LOG: Jun__1_14:40: tick!!!
 INFO LOG: Jun__1_14:40: saving #<Player:0x000000022c1288> to database.
 INFO LOG: Jun__1_14:42: tick!!!
 INFO LOG: Jun__1_14:42: saving #<Player:0x000000022c1288> to database.
 INFO LOG: Jun__1_14:44: tick!!!
 INFO LOG: Jun__1_14:44: saving #<Player:0x000000022c1288> to database.
 INFO LOG: Jun__1_14:46: tick!!!
 INFO LOG: Jun__1_14:46: saving #<Player:0x000000022c1288> to database.
 INFO LOG: Jun__1_14:48: tick!!!
 INFO LOG: Jun__1_14:48: saving #<Player:0x000000022c1288> to database.
 INFO LOG: Jun__1_14:50: tick!!!
 INFO LOG: Jun__1_14:50: saving #<Player:0x000000022c1288> to database.
 INFO LOG: Jun__1_14:52: tick!!!
 INFO LOG: Jun__1_14:52: saving #<Player:0x000000022c1288> to database.
 INFO LOG: Jun__1_14:54: tick!!!
 INFO LOG: Jun__1_14:54: saving #<Player:0x000000022c1288> to database.
 INFO LOG: Jun__1_14:56: tick!!!
 INFO LOG: Jun__1_14:56: saving #<Player:0x000000022c1288> to database.
 INFO LOG: Jun__1_14:58: tick!!!
 INFO LOG: Jun__1_14:58: saving #<Player:0x000000022c1288> to database.
 INFO LOG: Jun__1_15:00: tick!!!
 INFO LOG: Jun__1_15:00: saving #<Player:0x000000022c1288> to database.
 INFO LOG: Jun__1_15:02: tick!!!
 INFO LOG: Jun__1_15:02: saving #<Player:0x000000022c1288> to database.
 INFO LOG: Jun__1_15:04: tick!!!
 INFO LOG: Jun__1_15:04: saving #<Player:0x000000022c1288> to database.
 INFO LOG: Jun__1_15:06: tick!!!
 INFO LOG: Jun__1_15:06: saving #<Player:0x000000022c1288> to database.
 INFO LOG: Jun__1_15:08: tick!!!
 INFO LOG: Jun__1_15:08: saving #<Player:0x000000022c1288> to database.
 INFO LOG: Jun__1_15:10: tick!!!
 INFO LOG: Jun__1_15:10: saving #<Player:0x000000022c1288> to database.
 INFO LOG: Jun__1_15:12: tick!!!
 INFO LOG: Jun__1_15:12: saving #<Player:0x000000022c1288> to database.
 INFO LOG: Jun__1_15:14: tick!!!
 INFO LOG: Jun__1_15:14: saving #<Player:0x000000022c1288> to database.
 INFO LOG: Jun__1_15:16: tick!!!
 INFO LOG: Jun__1_15:16: saving #<Player:0x000000022c1288> to database.
 INFO LOG: Jun__1_15:18: tick!!!
 INFO LOG: Jun__1_15:18: saving #<Player:0x000000022c1288> to database.
 INFO LOG: Jun__1_15:20: tick!!!
 INFO LOG: Jun__1_15:20: saving #<Player:0x000000022c1288> to database.
 INFO LOG: Jun__1_15:22: tick!!!
 INFO LOG: Jun__1_15:22: saving #<Player:0x000000022c1288> to database.
 INFO LOG: Jun__1_15:24: tick!!!
 INFO LOG: Jun__1_15:24: saving #<Player:0x000000022c1288> to database.
 INFO LOG: Jun__1_15:26: tick!!!
 INFO LOG: Jun__1_15:26: saving #<Player:0x000000022c1288> to database.
 INFO LOG: Jun__1_15:28: tick!!!
 INFO LOG: Jun__1_15:28: saving #<Player:0x000000022c1288> to database.
 INFO LOG: Jun__1_15:30: tick!!!
 INFO LOG: Jun__1_15:30: saving #<Player:0x000000022c1288> to database.
 INFO LOG: Jun__1_15:32: tick!!!
 INFO LOG: Jun__1_15:32: saving #<Player:0x000000022c1288> to database.
 INFO LOG: Jun__1_15:34: tick!!!
 INFO LOG: Jun__1_15:34: saving #<Player:0x000000022c1288> to database.
 INFO LOG: Jun__1_15:36: tick!!!
 INFO LOG: Jun__1_15:36: saving #<Player:0x000000022c1288> to database.
 INFO LOG: Jun__1_15:38: tick!!!
 INFO LOG: Jun__1_15:38: saving #<Player:0x000000022c1288> to database.
 INFO LOG: Jun__1_15:40: tick!!!
 INFO LOG: Jun__1_15:40: saving #<Player:0x000000022c1288> to database.
 INFO LOG: Jun__1_15:42: tick!!!
 INFO LOG: Jun__1_15:42: saving #<Player:0x000000022c1288> to database.
 INFO LOG: Jun__1_15:44: tick!!!
 INFO LOG: Jun__1_15:44: saving #<Player:0x000000022c1288> to database.
 INFO LOG: Jun__1_15:46: tick!!!
 INFO LOG: Jun__1_15:46: saving #<Player:0x000000022c1288> to database.
 INFO LOG: Jun__1_15:48: tick!!!
 INFO LOG: Jun__1_15:48: saving #<Player:0x000000022c1288> to database.
 INFO LOG: Jun__1_15:50: tick!!!
 INFO LOG: Jun__1_15:50: saving #<Player:0x000000022c1288> to database.
 INFO LOG: Jun__1_15:52: tick!!!
 INFO LOG: Jun__1_15:52: saving #<Player:0x000000022c1288> to database.
 INFO LOG: Jun__1_15:54: tick!!!
 INFO LOG: Jun__1_15:54: saving #<Player:0x000000022c1288> to database.
 INFO LOG: Jun__1_15:56: tick!!!
 INFO LOG: Jun__1_15:56: saving #<Player:0x000000022c1288> to database.
 INFO LOG: Jun__1_15:58: tick!!!
 INFO LOG: Jun__1_15:58: saving #<Player:0x000000022c1288> to database.
 INFO LOG: Jun__1_16:00: tick!!!
 INFO LOG: Jun__1_16:00: saving #<Player:0x000000022c1288> to database.
 INFO LOG: Jun__1_16:02: tick!!!
 INFO LOG: Jun__1_16:02: saving #<Player:0x000000022c1288> to database.
 INFO LOG: Jun__1_16:04: tick!!!
 INFO LOG: Jun__1_16:04: saving #<Player:0x000000022c1288> to database.
 INFO LOG: Jun__1_16:06: tick!!!
 INFO LOG: Jun__1_16:06: saving #<Player:0x000000022c1288> to database.
 INFO LOG: Jun__1_16:08: tick!!!
 INFO LOG: Jun__1_16:08: saving #<Player:0x000000022c1288> to database.
 INFO LOG: Jun__1_16:10: tick!!!
 INFO LOG: Jun__1_16:10: saving #<Player:0x000000022c1288> to database.
 INFO LOG: Jun__1_16:12: tick!!!
 INFO LOG: Jun__1_16:12: saving #<Player:0x000000022c1288> to database.
 INFO LOG: Jun__1_16:14: tick!!!
 INFO LOG: Jun__1_16:14: saving #<Player:0x000000022c1288> to database.
 INFO LOG: Jun__1_16:16: tick!!!
 INFO LOG: Jun__1_16:16: saving #<Player:0x000000022c1288> to database.
 INFO LOG: Jun__1_16:18: tick!!!
 INFO LOG: Jun__1_16:18: saving #<Player:0x000000022c1288> to database.
 INFO LOG: Jun__1_16:20: tick!!!
 INFO LOG: Jun__1_16:20: saving #<Player:0x000000022c1288> to database.
 INFO LOG: Jun__1_16:22: tick!!!
 INFO LOG: Jun__1_16:22: saving #<Player:0x000000022c1288> to database.
 INFO LOG: Jun__1_16:24: tick!!!
 INFO LOG: Jun__1_16:24: saving #<Player:0x000000022c1288> to database.
 INFO LOG: Jun__1_16:26: tick!!!
 INFO LOG: Jun__1_16:26: saving #<Player:0x000000022c1288> to database.
 INFO LOG: Jun__1_16:28: tick!!!
 INFO LOG: Jun__1_16:28: saving #<Player:0x000000022c1288> to database.
 INFO LOG: Jun__1_16:30: tick!!!
 INFO LOG: Jun__1_16:30: saving #<Player:0x000000022c1288> to database.
 INFO LOG: Jun__1_16:32: tick!!!
 INFO LOG: Jun__1_16:32: saving #<Player:0x000000022c1288> to database.
 INFO LOG: Jun__1_16:34: tick!!!
 INFO LOG: Jun__1_16:34: saving #<Player:0x000000022c1288> to database.
 INFO LOG: Jun__1_16:36: tick!!!
 INFO LOG: Jun__1_16:36: saving #<Player:0x000000022c1288> to database.
 INFO LOG: Jun__1_16:38: tick!!!
 INFO LOG: Jun__1_16:38: saving #<Player:0x000000022c1288> to database.
 INFO LOG: Jun__1_16:40: tick!!!
 INFO LOG: Jun__1_16:40: saving #<Player:0x000000022c1288> to database.
 INFO LOG: Jun__1_16:42: tick!!!
 INFO LOG: Jun__1_16:42: saving #<Player:0x000000022c1288> to database.
 INFO LOG: Jun__1_16:44: tick!!!
 INFO LOG: Jun__1_16:44: saving #<Player:0x000000022c1288> to database.
 INFO LOG: Jun__1_16:46: tick!!!
 INFO LOG: Jun__1_16:46: saving #<Player:0x000000022c1288> to database.
 INFO LOG: Jun__1_16:48: tick!!!
 INFO LOG: Jun__1_16:48: saving #<Player:0x000000022c1288> to database.
 INFO LOG: Jun__1_16:50: tick!!!
 INFO LOG: Jun__1_16:50: saving #<Player:0x000000022c1288> to database.
 INFO LOG: Jun__1_16:52: tick!!!
 INFO LOG: Jun__1_16:52: saving #<Player:0x000000022c1288> to database.
 INFO LOG: Jun__1_16:54: tick!!!
 INFO LOG: Jun__1_16:54: saving #<Player:0x000000022c1288> to database.
 INFO LOG: Jun__1_16:56: tick!!!
 INFO LOG: Jun__1_16:56: saving #<Player:0x000000022c1288> to database.
 INFO LOG: Jun__1_16:58: tick!!!
 INFO LOG: Jun__1_16:58: saving #<Player:0x000000022c1288> to database.
 INFO LOG: Jun__1_17:00: tick!!!
 INFO LOG: Jun__1_17:00: saving #<Player:0x000000022c1288> to database.
 INFO LOG: Jun__1_17:02: tick!!!
 INFO LOG: Jun__1_17:02: saving #<Player:0x000000022c1288> to database.
 INFO LOG: Jun__1_17:04: tick!!!
 INFO LOG: Jun__1_17:04: saving #<Player:0x000000022c1288> to database.
 INFO LOG: Jun__1_17:06: tick!!!
 INFO LOG: Jun__1_17:06: saving #<Player:0x000000022c1288> to database.
 INFO LOG: Jun__1_17:08: tick!!!
 INFO LOG: Jun__1_17:08: saving #<Player:0x000000022c1288> to database.
 INFO LOG: Jun__1_17:10: tick!!!
 INFO LOG: Jun__1_17:10: saving #<Player:0x000000022c1288> to database.
 INFO LOG: Jun__1_17:12: tick!!!
 INFO LOG: Jun__1_17:12: saving #<Player:0x000000022c1288> to database.
 INFO LOG: Jun__1_17:14: tick!!!
 INFO LOG: Jun__1_17:14: saving #<Player:0x000000022c1288> to database.
 INFO LOG: Jun__1_17:16: tick!!!
 INFO LOG: Jun__1_17:16: saving #<Player:0x000000022c1288> to database.
 INFO LOG: Jun__1_17:18: tick!!!
 INFO LOG: Jun__1_17:18: saving #<Player:0x000000022c1288> to database.
 INFO LOG: Jun__1_17:20: tick!!!
 INFO LOG: Jun__1_17:20: saving #<Player:0x000000022c1288> to database.
 INFO LOG: Jun__1_17:22: tick!!!
 INFO LOG: Jun__1_17:22: saving #<Player:0x000000022c1288> to database.
 INFO LOG: Jun__1_17:24: tick!!!
 INFO LOG: Jun__1_17:24: saving #<Player:0x000000022c1288> to database.
 INFO LOG: Jun__1_17:26: tick!!!
 INFO LOG: Jun__1_17:26: saving #<Player:0x000000022c1288> to database.
 INFO LOG: Jun__1_17:28: tick!!!
 INFO LOG: Jun__1_17:28: saving #<Player:0x000000022c1288> to database.
 INFO LOG: Jun__1_17:30: tick!!!
 INFO LOG: Jun__1_17:30: saving #<Player:0x000000022c1288> to database.
 INFO LOG: Jun__1_17:32: tick!!!
 INFO LOG: Jun__1_17:32: saving #<Player:0x000000022c1288> to database.
 INFO LOG: Jun__1_17:34: tick!!!
 INFO LOG: Jun__1_17:34: saving #<Player:0x000000022c1288> to database.
 INFO LOG: Jun__1_17:36: tick!!!
 INFO LOG: Jun__1_17:36: saving #<Player:0x000000022c1288> to database.
 INFO LOG: Jun__1_17:38: tick!!!
 INFO LOG: Jun__1_17:38: saving #<Player:0x000000022c1288> to database.
 INFO LOG: Jun__1_17:40: tick!!!
 INFO LOG: Jun__1_17:40: saving #<Player:0x000000022c1288> to database.
 INFO LOG: Jun__1_17:42: tick!!!
 INFO LOG: Jun__1_17:42: saving #<Player:0x000000022c1288> to database.
 INFO LOG: Jun__1_17:44: tick!!!
 INFO LOG: Jun__1_17:44: saving #<Player:0x000000022c1288> to database.
 INFO LOG: Jun__1_17:46: tick!!!
 INFO LOG: Jun__1_17:46: saving #<Player:0x000000022c1288> to database.
 INFO LOG: Jun__1_17:48: tick!!!
 INFO LOG: Jun__1_17:48: saving #<Player:0x000000022c1288> to database.
 INFO LOG: Jun__1_17:50: tick!!!
 INFO LOG: Jun__1_17:50: saving #<Player:0x000000022c1288> to database.
 INFO LOG: Jun__1_17:52: tick!!!
 INFO LOG: Jun__1_17:52: saving #<Player:0x000000022c1288> to database.
 INFO LOG: Jun__1_17:54: tick!!!
 INFO LOG: Jun__1_17:54: saving #<Player:0x000000022c1288> to database.
 INFO LOG: Jun__1_17:56: tick!!!
 INFO LOG: Jun__1_17:56: saving #<Player:0x000000022c1288> to database.
 INFO LOG: Jun__1_17:58: tick!!!
 INFO LOG: Jun__1_17:58: saving #<Player:0x000000022c1288> to database.
 INFO LOG: Jun__1_18:00: tick!!!
 INFO LOG: Jun__1_18:00: saving #<Player:0x000000022c1288> to database.
 INFO LOG: Jun__1_18:02: tick!!!
 INFO LOG: Jun__1_18:02: saving #<Player:0x000000022c1288> to database.
 INFO LOG: Jun__1_18:04: tick!!!
 INFO LOG: Jun__1_18:04: saving #<Player:0x000000022c1288> to database.
 INFO LOG: Jun__1_18:06: tick!!!
 INFO LOG: Jun__1_18:06: saving #<Player:0x000000022c1288> to database.
 INFO LOG: Jun__1_18:08: tick!!!
 INFO LOG: Jun__1_18:08: saving #<Player:0x000000022c1288> to database.
 INFO LOG: Jun__1_18:10: tick!!!
 INFO LOG: Jun__1_18:10: saving #<Player:0x000000022c1288> to database.
 INFO LOG: Jun__1_18:12: tick!!!
 INFO LOG: Jun__1_18:12: saving #<Player:0x000000022c1288> to database.
 INFO LOG: Jun__1_18:14: tick!!!
 INFO LOG: Jun__1_18:14: saving #<Player:0x000000022c1288> to database.
 INFO LOG: Jun__1_18:16: tick!!!
 INFO LOG: Jun__1_18:16: saving #<Player:0x000000022c1288> to database.
 INFO LOG: Jun__1_18:18: tick!!!
 INFO LOG: Jun__1_18:18: saving #<Player:0x000000022c1288> to database.
 INFO LOG: Jun__1_18:20: tick!!!
 INFO LOG: Jun__1_18:20: saving #<Player:0x000000022c1288> to database.
 INFO LOG: Jun__1_18:22: tick!!!
 INFO LOG: Jun__1_18:22: saving #<Player:0x000000022c1288> to database.
 INFO LOG: Jun__1_18:24: tick!!!
 INFO LOG: Jun__1_18:24: saving #<Player:0x000000022c1288> to database.
 INFO LOG: Jun__1_18:26: tick!!!
 INFO LOG: Jun__1_18:26: saving #<Player:0x000000022c1288> to database.
 INFO LOG: Jun__1_18:28: tick!!!
 INFO LOG: Jun__1_18:28: saving #<Player:0x000000022c1288> to database.
 INFO LOG: Jun__1_18:30: tick!!!
 INFO LOG: Jun__1_18:30: saving #<Player:0x000000022c1288> to database.
 INFO LOG: Jun__1_18:32: tick!!!
 INFO LOG: Jun__1_18:32: saving #<Player:0x000000022c1288> to database.
 INFO LOG: Jun__1_18:34: tick!!!
 INFO LOG: Jun__1_18:34: saving #<Player:0x000000022c1288> to database.
 INFO LOG: Jun__1_18:36: tick!!!
 INFO LOG: Jun__1_18:36: saving #<Player:0x000000022c1288> to database.
 INFO LOG: Jun__1_18:38: tick!!!
 INFO LOG: Jun__1_18:38: saving #<Player:0x000000022c1288> to database.
 INFO LOG: Jun__1_18:40: tick!!!
 INFO LOG: Jun__1_18:40: saving #<Player:0x000000022c1288> to database.
 INFO LOG: Jun__1_18:42: tick!!!
 INFO LOG: Jun__1_18:42: saving #<Player:0x000000022c1288> to database.
 INFO LOG: Jun__1_18:44: tick!!!
 INFO LOG: Jun__1_18:44: saving #<Player:0x000000022c1288> to database.
 INFO LOG: Jun__1_18:46: tick!!!
 INFO LOG: Jun__1_18:46: saving #<Player:0x000000022c1288> to database.
 INFO LOG: Jun__1_18:48: tick!!!
 INFO LOG: Jun__1_18:48: saving #<Player:0x000000022c1288> to database.
 INFO LOG: Jun__1_18:50: tick!!!
 INFO LOG: Jun__1_18:50: saving #<Player:0x000000022c1288> to database.
 INFO LOG: Jun__1_18:52: tick!!!
 INFO LOG: Jun__1_18:52: saving #<Player:0x000000022c1288> to database.
 INFO LOG: Jun__1_18:54: tick!!!
 INFO LOG: Jun__1_18:54: saving #<Player:0x000000022c1288> to database.
 INFO LOG: Jun__1_18:56: tick!!!
 INFO LOG: Jun__1_18:56: saving #<Player:0x000000022c1288> to database.
 INFO LOG: Jun__1_18:58: tick!!!
 INFO LOG: Jun__1_18:58: saving #<Player:0x000000022c1288> to database.
 INFO LOG: Jun__1_19:00: tick!!!
 INFO LOG: Jun__1_19:00: saving #<Player:0x000000022c1288> to database.
 INFO LOG: Jun__1_19:02: tick!!!
 INFO LOG: Jun__1_19:02: saving #<Player:0x000000022c1288> to database.
 INFO LOG: Jun__1_19:04: tick!!!
 INFO LOG: Jun__1_19:04: saving #<Player:0x000000022c1288> to database.
 INFO LOG: Jun__1_19:06: tick!!!
 INFO LOG: Jun__1_19:06: saving #<Player:0x000000022c1288> to database.
 INFO LOG: Jun__1_19:08: tick!!!
 INFO LOG: Jun__1_19:08: saving #<Player:0x000000022c1288> to database.
 INFO LOG: Jun__1_19:10: tick!!!
 INFO LOG: Jun__1_19:10: saving #<Player:0x000000022c1288> to database.
 INFO LOG: Jun__1_19:12: tick!!!
 INFO LOG: Jun__1_19:12: saving #<Player:0x000000022c1288> to database.
 INFO LOG: Jun__1_19:14: tick!!!
 INFO LOG: Jun__1_19:14: saving #<Player:0x000000022c1288> to database.
 INFO LOG: Jun__1_19:16: tick!!!
 INFO LOG: Jun__1_19:16: saving #<Player:0x000000022c1288> to database.
 INFO LOG: Jun__1_19:18: tick!!!
 INFO LOG: Jun__1_19:18: saving #<Player:0x000000022c1288> to database.
 INFO LOG: Jun__1_19:20: tick!!!
 INFO LOG: Jun__1_19:20: saving #<Player:0x000000022c1288> to database.
 INFO LOG: Jun__1_19:22: tick!!!
 INFO LOG: Jun__1_19:22: saving #<Player:0x000000022c1288> to database.
 INFO LOG: Jun__1_19:24: tick!!!
 INFO LOG: Jun__1_19:24: saving #<Player:0x000000022c1288> to database.
 INFO LOG: Jun__1_19:26: tick!!!
 INFO LOG: Jun__1_19:26: saving #<Player:0x000000022c1288> to database.
 INFO LOG: Jun__1_19:28: tick!!!
 INFO LOG: Jun__1_19:28: saving #<Player:0x000000022c1288> to database.
 INFO LOG: Jun__1_19:30: tick!!!
 INFO LOG: Jun__1_19:30: saving #<Player:0x000000022c1288> to database.
 INFO LOG: Jun__1_19:32: tick!!!
 INFO LOG: Jun__1_19:32: saving #<Player:0x000000022c1288> to database.
 INFO LOG: Jun__1_19:34: tick!!!
 INFO LOG: Jun__1_19:34: saving #<Player:0x000000022c1288> to database.
 INFO LOG: Jun__1_19:36: tick!!!
 INFO LOG: Jun__1_19:36: saving #<Player:0x000000022c1288> to database.
 INFO LOG: Jun__1_19:38: tick!!!
 INFO LOG: Jun__1_19:38: saving #<Player:0x000000022c1288> to database.
 INFO LOG: Jun__1_19:40: tick!!!
 INFO LOG: Jun__1_19:40: saving #<Player:0x000000022c1288> to database.
 INFO LOG: Jun__1_19:42: tick!!!
 INFO LOG: Jun__1_19:42: saving #<Player:0x000000022c1288> to database.
 INFO LOG: Jun__1_19:44: tick!!!
 INFO LOG: Jun__1_19:44: saving #<Player:0x000000022c1288> to database.
 INFO LOG: Jun__1_19:46: tick!!!
 INFO LOG: Jun__1_19:46: saving #<Player:0x000000022c1288> to database.
 INFO LOG: Jun__1_19:47: saving #<Player:0x000000022c1288> to database.
 INFO LOG: Jun__1_19:48: tick!!!
 INFO LOG: Jun__1_19:48: saving #<Player:0x000000022c1288> to database.
 INFO LOG: Jun__1_19:50: tick!!!
 INFO LOG: Jun__1_19:50: saving #<Player:0x000000022c1288> to database.
 INFO LOG: Jun__1_19:52: tick!!!
 INFO LOG: Jun__1_19:52: saving #<Player:0x000000022c1288> to database.
 INFO LOG: Jun__1_19:54: tick!!!
 INFO LOG: Jun__1_19:54: saving #<Player:0x000000022c1288> to database.
 INFO LOG: Jun__1_19:56: tick!!!
 INFO LOG: Jun__1_19:56: saving #<Player:0x000000022c1288> to database.
 INFO LOG: Jun__1_19:58: tick!!!
 INFO LOG: Jun__1_19:58: saving #<Player:0x000000022c1288> to database.
 INFO LOG: Jun__1_20:00: tick!!!
 INFO LOG: Jun__1_20:00: saving #<Player:0x000000022c1288> to database.
 INFO LOG: Jun__1_20:02: tick!!!
 INFO LOG: Jun__1_20:02: saving #<Player:0x000000022c1288> to database.
 INFO LOG: Jun__1_20:04: tick!!!
 INFO LOG: Jun__1_20:04: saving #<Player:0x000000022c1288> to database.
 INFO LOG: Jun__1_20:06: tick!!!
 INFO LOG: Jun__1_20:06: saving #<Player:0x000000022c1288> to database.
 INFO LOG: Jun__1_20:08: tick!!!
 INFO LOG: Jun__1_20:08: saving #<Player:0x000000022c1288> to database.
 INFO LOG: Jun__1_20:10: tick!!!
 INFO LOG: Jun__1_20:10: saving #<Player:0x000000022c1288> to database.
 INFO LOG: Jun__1_20:12: tick!!!
 INFO LOG: Jun__1_20:12: saving #<Player:0x000000022c1288> to database.
 INFO LOG: Jun__1_20:14: tick!!!
 INFO LOG: Jun__1_20:14: saving #<Player:0x000000022c1288> to database.
 INFO LOG: Jun__1_20:16: tick!!!
 INFO LOG: Jun__1_20:16: saving #<Player:0x000000022c1288> to database.
 INFO LOG: Jun__1_20:18: tick!!!
 INFO LOG: Jun__1_20:18: saving #<Player:0x000000022c1288> to database.
 INFO LOG: Jun__1_20:20: tick!!!
 INFO LOG: Jun__1_20:20: saving #<Player:0x000000022c1288> to database.
 INFO LOG: Jun__1_20:22: tick!!!
 INFO LOG: Jun__1_20:22: saving #<Player:0x000000022c1288> to database.
 INFO LOG: Jun__1_20:23: -- #<Player:0x000000022c1288>:76.202.141.206:33091 disconnected from CoralMUD!
 INFO LOG: Jun__1_20:23: Program closed.
