 INFO LOG: Jun__4_09:58: Logging enabled.   Loading logs.rb.
 INFO LOG: Jun__4_09:58: Loading spellcheck.rb
 INFO LOG: Jun__4_09:58: Loading facade.rb
 INFO LOG: Jun__4_09:58: Loading query_list.rb
 INFO LOG: Jun__4_09:58: Loading utils.rb
 INFO LOG: Jun__4_09:58: Loading constants.rb
 INFO LOG: Jun__4_09:58: Loading damage.rb
 INFO LOG: Jun__4_09:58: Loading class_property.rb
 INFO LOG: Jun__4_09:58: Loading scripts.rb
 INFO LOG: Jun__4_09:58: Loading tags.rb
 INFO LOG: Jun__4_09:58: Loading editor/editors.rb
 INFO LOG: Jun__4_09:58: Loading editor/editor.strings.rb
 INFO LOG: Jun__4_09:58: Loading editor/editor.rooms.rb
 INFO LOG: Jun__4_09:58: Loading editor/editor.exits.rb
 INFO LOG: Jun__4_09:58: Loading editor/editor.zones.rb
 INFO LOG: Jun__4_09:58: Loading editor/editor.npc.rb
 INFO LOG: Jun__4_09:58: Loading editor/editor.items.rb
 INFO LOG: Jun__4_09:58: Loading editor/editor.socials.rb
 INFO LOG: Jun__4_09:58: Loading socials.rb
 INFO LOG: Jun__4_09:58: Loading mxp.rb
 INFO LOG: Jun__4_09:58: Loading mccp.rb
 INFO LOG: Jun__4_09:58: Loading mail.rb
 INFO LOG: Jun__4_09:58: Loading flags.rb
 INFO LOG: Jun__4_09:58: Loading areas.rb
 INFO LOG: Jun__4_09:58: Loading security.rb
 INFO LOG: Jun__4_09:58: Loading resets.rb
 INFO LOG: Jun__4_09:58: Loading event.rb
 INFO LOG: Jun__4_09:58: Loading automap/automap.rb
 INFO LOG: Jun__4_09:58: Loading cities.rb
 INFO LOG: Jun__4_09:58: Loading sector definitions.
 INFO LOG: Jun__4_09:58: Loading help.rb
 INFO LOG: Jun__4_09:58: Loading imcruby.rb
 INFO LOG: Jun__4_09:58: Loading player.rb
 INFO LOG: Jun__4_09:58: Loading commands.rb
 INFO LOG: Jun__4_09:58: Loading editor/editor.player.rb
 INFO LOG: Jun__4_09:58: Loading random.rb
 INFO LOG: Jun__4_09:58: Loading npc.rb
 INFO LOG: Jun__4_09:58: Loading items/types.rb
 INFO LOG: Jun__4_09:58: Loading items/items.rb
 INFO LOG: Jun__4_09:58: Loading spells.rb
 INFO LOG: Jun__4_09:58: Loading all zones.
 INFO LOG: Jun__4_09:58: Loading all socials.
 INFO LOG: Jun__4_09:58: Upgrading database
 INFO LOG: Jun__4_09:58: Starting server.
 INFO LOG: Jun__4_09:58: CoralMUD is now up on port 4000.
 INFO LOG: Jun__4_09:58: -- 76.202.141.206:43395 connected to CoralMUD!
 INFO LOG: Jun__4_09:58: -- 76.202.141.206:43395: Retnur is trying to connect.
 INFO LOG: Jun__4_09:58: -- 76.202.141.206:43395: Retnur player file found.
 INFO LOG: Jun__4_09:58: -- Retnur has entered the game.
 INFO LOG: Jun__4_09:58: saving #<Player:0x00000002356d88> to database.
 INFO LOG: Jun__4_10:00: tick!!!
 INFO LOG: Jun__4_10:00: saving #<Player:0x00000002356d88> to database.
 INFO LOG: Jun__4_10:02: tick!!!
 INFO LOG: Jun__4_10:02: saving #<Player:0x00000002356d88> to database.
 INFO LOG: Jun__4_10:04: tick!!!
 INFO LOG: Jun__4_10:04: saving #<Player:0x00000002356d88> to database.
 INFO LOG: Jun__4_10:06: tick!!!
 INFO LOG: Jun__4_10:06: saving #<Player:0x00000002356d88> to database.
 INFO LOG: Jun__4_10:08: tick!!!
 INFO LOG: Jun__4_10:08: saving #<Player:0x00000002356d88> to database.
 INFO LOG: Jun__4_10:10: tick!!!
 INFO LOG: Jun__4_10:10: saving #<Player:0x00000002356d88> to database.
 INFO LOG: Jun__4_10:12: tick!!!
 INFO LOG: Jun__4_10:12: saving #<Player:0x00000002356d88> to database.
 INFO LOG: Jun__4_10:14: tick!!!
 INFO LOG: Jun__4_10:14: saving #<Player:0x00000002356d88> to database.
 INFO LOG: Jun__4_10:16: tick!!!
 INFO LOG: Jun__4_10:16: saving #<Player:0x00000002356d88> to database.
 INFO LOG: Jun__4_10:18: tick!!!
 INFO LOG: Jun__4_10:18: saving #<Player:0x00000002356d88> to database.
 INFO LOG: Jun__4_10:20: tick!!!
 INFO LOG: Jun__4_10:20: saving #<Player:0x00000002356d88> to database.
 INFO LOG: Jun__4_10:22: tick!!!
 INFO LOG: Jun__4_10:22: saving #<Player:0x00000002356d88> to database.
 INFO LOG: Jun__4_10:24: tick!!!
 INFO LOG: Jun__4_10:24: saving #<Player:0x00000002356d88> to database.
 INFO LOG: Jun__4_10:26: tick!!!
 INFO LOG: Jun__4_10:26: saving #<Player:0x00000002356d88> to database.
 INFO LOG: Jun__4_10:28: tick!!!
 INFO LOG: Jun__4_10:28: saving #<Player:0x00000002356d88> to database.
 INFO LOG: Jun__4_10:30: tick!!!
 INFO LOG: Jun__4_10:30: saving #<Player:0x00000002356d88> to database.
 INFO LOG: Jun__4_10:32: tick!!!
 INFO LOG: Jun__4_10:32: saving #<Player:0x00000002356d88> to database.
 INFO LOG: Jun__4_10:34: tick!!!
 INFO LOG: Jun__4_10:34: saving #<Player:0x00000002356d88> to database.
 INFO LOG: Jun__4_10:36: tick!!!
 INFO LOG: Jun__4_10:36: saving #<Player:0x00000002356d88> to database.
 INFO LOG: Jun__4_10:38: tick!!!
 INFO LOG: Jun__4_10:38: saving #<Player:0x00000002356d88> to database.
 INFO LOG: Jun__4_10:40: tick!!!
 INFO LOG: Jun__4_10:40: saving #<Player:0x00000002356d88> to database.
 INFO LOG: Jun__4_10:42: tick!!!
 INFO LOG: Jun__4_10:42: saving #<Player:0x00000002356d88> to database.
 INFO LOG: Jun__4_10:44: tick!!!
 INFO LOG: Jun__4_10:44: saving #<Player:0x00000002356d88> to database.
 INFO LOG: Jun__4_10:46: tick!!!
 INFO LOG: Jun__4_10:46: saving #<Player:0x00000002356d88> to database.
 INFO LOG: Jun__4_10:48: tick!!!
 INFO LOG: Jun__4_10:48: saving #<Player:0x00000002356d88> to database.
 INFO LOG: Jun__4_10:50: tick!!!
 INFO LOG: Jun__4_10:50: saving #<Player:0x00000002356d88> to database.
 INFO LOG: Jun__4_10:52: tick!!!
 INFO LOG: Jun__4_10:52: saving #<Player:0x00000002356d88> to database.
 INFO LOG: Jun__4_10:54: tick!!!
 INFO LOG: Jun__4_10:54: saving #<Player:0x00000002356d88> to database.
 INFO LOG: Jun__4_10:56: tick!!!
 INFO LOG: Jun__4_10:56: saving #<Player:0x00000002356d88> to database.
 INFO LOG: Jun__4_10:58: tick!!!
 INFO LOG: Jun__4_10:58: saving #<Player:0x00000002356d88> to database.
 INFO LOG: Jun__4_11:00: tick!!!
 INFO LOG: Jun__4_11:00: saving #<Player:0x00000002356d88> to database.
 INFO LOG: Jun__4_11:02: tick!!!
 INFO LOG: Jun__4_11:02: saving #<Player:0x00000002356d88> to database.
 INFO LOG: Jun__4_11:04: tick!!!
 INFO LOG: Jun__4_11:04: saving #<Player:0x00000002356d88> to database.
 INFO LOG: Jun__4_11:06: tick!!!
 INFO LOG: Jun__4_11:06: saving #<Player:0x00000002356d88> to database.
 INFO LOG: Jun__4_11:08: tick!!!
 INFO LOG: Jun__4_11:08: saving #<Player:0x00000002356d88> to database.
 INFO LOG: Jun__4_11:10: tick!!!
 INFO LOG: Jun__4_11:10: saving #<Player:0x00000002356d88> to database.
 INFO LOG: Jun__4_11:12: tick!!!
 INFO LOG: Jun__4_11:12: saving #<Player:0x00000002356d88> to database.
 INFO LOG: Jun__4_11:14: tick!!!
 INFO LOG: Jun__4_11:14: saving #<Player:0x00000002356d88> to database.
 INFO LOG: Jun__4_11:16: tick!!!
 INFO LOG: Jun__4_11:16: saving #<Player:0x00000002356d88> to database.
 INFO LOG: Jun__4_11:18: tick!!!
 INFO LOG: Jun__4_11:18: saving #<Player:0x00000002356d88> to database.
 INFO LOG: Jun__4_11:20: tick!!!
 INFO LOG: Jun__4_11:20: saving #<Player:0x00000002356d88> to database.
 INFO LOG: Jun__4_11:22: tick!!!
 INFO LOG: Jun__4_11:22: saving #<Player:0x00000002356d88> to database.
 INFO LOG: Jun__4_11:24: tick!!!
 INFO LOG: Jun__4_11:24: saving #<Player:0x00000002356d88> to database.
 INFO LOG: Jun__4_11:26: tick!!!
 INFO LOG: Jun__4_11:26: saving #<Player:0x00000002356d88> to database.
 INFO LOG: Jun__4_11:28: tick!!!
 INFO LOG: Jun__4_11:28: saving #<Player:0x00000002356d88> to database.
 INFO LOG: Jun__4_11:30: tick!!!
 INFO LOG: Jun__4_11:30: saving #<Player:0x00000002356d88> to database.
 INFO LOG: Jun__4_11:32: tick!!!
 INFO LOG: Jun__4_11:32: saving #<Player:0x00000002356d88> to database.
 INFO LOG: Jun__4_11:34: tick!!!
 INFO LOG: Jun__4_11:34: saving #<Player:0x00000002356d88> to database.
 INFO LOG: Jun__4_11:36: tick!!!
 INFO LOG: Jun__4_11:36: saving #<Player:0x00000002356d88> to database.
 INFO LOG: Jun__4_11:38: tick!!!
 INFO LOG: Jun__4_11:38: saving #<Player:0x00000002356d88> to database.
 INFO LOG: Jun__4_11:40: tick!!!
 INFO LOG: Jun__4_11:40: saving #<Player:0x00000002356d88> to database.
 INFO LOG: Jun__4_11:42: tick!!!
 INFO LOG: Jun__4_11:42: saving #<Player:0x00000002356d88> to database.
 INFO LOG: Jun__4_11:44: tick!!!
 INFO LOG: Jun__4_11:44: saving #<Player:0x00000002356d88> to database.
 INFO LOG: Jun__4_11:46: tick!!!
 INFO LOG: Jun__4_11:46: saving #<Player:0x00000002356d88> to database.
 INFO LOG: Jun__4_11:48: tick!!!
 INFO LOG: Jun__4_11:48: saving #<Player:0x00000002356d88> to database.
 INFO LOG: Jun__4_11:50: tick!!!
 INFO LOG: Jun__4_11:50: saving #<Player:0x00000002356d88> to database.
 INFO LOG: Jun__4_11:52: tick!!!
 INFO LOG: Jun__4_11:52: saving #<Player:0x00000002356d88> to database.
 INFO LOG: Jun__4_11:54: tick!!!
 INFO LOG: Jun__4_11:54: saving #<Player:0x00000002356d88> to database.
 INFO LOG: Jun__4_11:56: tick!!!
 INFO LOG: Jun__4_11:56: saving #<Player:0x00000002356d88> to database.
 INFO LOG: Jun__4_11:58: tick!!!
 INFO LOG: Jun__4_11:58: saving #<Player:0x00000002356d88> to database.
 INFO LOG: Jun__4_12:00: tick!!!
 INFO LOG: Jun__4_12:00: saving #<Player:0x00000002356d88> to database.
 INFO LOG: Jun__4_12:02: tick!!!
 INFO LOG: Jun__4_12:02: saving #<Player:0x00000002356d88> to database.
 INFO LOG: Jun__4_12:04: tick!!!
 INFO LOG: Jun__4_12:04: saving #<Player:0x00000002356d88> to database.
 INFO LOG: Jun__4_12:06: tick!!!
 INFO LOG: Jun__4_12:06: saving #<Player:0x00000002356d88> to database.
 INFO LOG: Jun__4_12:08: tick!!!
 INFO LOG: Jun__4_12:08: saving #<Player:0x00000002356d88> to database.
 INFO LOG: Jun__4_12:10: tick!!!
 INFO LOG: Jun__4_12:10: saving #<Player:0x00000002356d88> to database.
 INFO LOG: Jun__4_12:12: tick!!!
 INFO LOG: Jun__4_12:12: saving #<Player:0x00000002356d88> to database.
 INFO LOG: Jun__4_12:14: tick!!!
 INFO LOG: Jun__4_12:14: saving #<Player:0x00000002356d88> to database.
 INFO LOG: Jun__4_12:16: tick!!!
 INFO LOG: Jun__4_12:16: saving #<Player:0x00000002356d88> to database.
 INFO LOG: Jun__4_12:18: tick!!!
 INFO LOG: Jun__4_12:18: saving #<Player:0x00000002356d88> to database.
 INFO LOG: Jun__4_12:20: tick!!!
 INFO LOG: Jun__4_12:20: saving #<Player:0x00000002356d88> to database.
 INFO LOG: Jun__4_12:22: tick!!!
 INFO LOG: Jun__4_12:22: saving #<Player:0x00000002356d88> to database.
 INFO LOG: Jun__4_12:24: tick!!!
 INFO LOG: Jun__4_12:24: saving #<Player:0x00000002356d88> to database.
 INFO LOG: Jun__4_12:26: tick!!!
 INFO LOG: Jun__4_12:26: saving #<Player:0x00000002356d88> to database.
 INFO LOG: Jun__4_12:28: tick!!!
 INFO LOG: Jun__4_12:28: saving #<Player:0x00000002356d88> to database.
 INFO LOG: Jun__4_12:30: tick!!!
 INFO LOG: Jun__4_12:30: saving #<Player:0x00000002356d88> to database.
 INFO LOG: Jun__4_12:32: tick!!!
 INFO LOG: Jun__4_12:32: saving #<Player:0x00000002356d88> to database.
 INFO LOG: Jun__4_12:34: tick!!!
 INFO LOG: Jun__4_12:34: saving #<Player:0x00000002356d88> to database.
 INFO LOG: Jun__4_12:36: tick!!!
 INFO LOG: Jun__4_12:36: saving #<Player:0x00000002356d88> to database.
 INFO LOG: Jun__4_12:38: tick!!!
 INFO LOG: Jun__4_12:38: saving #<Player:0x00000002356d88> to database.
 INFO LOG: Jun__4_12:40: tick!!!
 INFO LOG: Jun__4_12:40: saving #<Player:0x00000002356d88> to database.
 INFO LOG: Jun__4_12:42: tick!!!
 INFO LOG: Jun__4_12:42: saving #<Player:0x00000002356d88> to database.
 INFO LOG: Jun__4_12:44: tick!!!
 INFO LOG: Jun__4_12:44: saving #<Player:0x00000002356d88> to database.
 INFO LOG: Jun__4_12:46: tick!!!
 INFO LOG: Jun__4_12:46: saving #<Player:0x00000002356d88> to database.
 INFO LOG: Jun__4_12:48: tick!!!
 INFO LOG: Jun__4_12:48: saving #<Player:0x00000002356d88> to database.
 INFO LOG: Jun__4_12:50: tick!!!
 INFO LOG: Jun__4_12:50: saving #<Player:0x00000002356d88> to database.
 INFO LOG: Jun__4_12:52: tick!!!
 INFO LOG: Jun__4_12:52: saving #<Player:0x00000002356d88> to database.
 INFO LOG: Jun__4_12:54: tick!!!
 INFO LOG: Jun__4_12:54: saving #<Player:0x00000002356d88> to database.
 INFO LOG: Jun__4_12:56: tick!!!
 INFO LOG: Jun__4_12:56: saving #<Player:0x00000002356d88> to database.
 INFO LOG: Jun__4_12:58: tick!!!
 INFO LOG: Jun__4_12:58: saving #<Player:0x00000002356d88> to database.
 INFO LOG: Jun__4_13:00: tick!!!
 INFO LOG: Jun__4_13:00: saving #<Player:0x00000002356d88> to database.
 INFO LOG: Jun__4_13:02: tick!!!
 INFO LOG: Jun__4_13:02: saving #<Player:0x00000002356d88> to database.
 INFO LOG: Jun__4_13:04: tick!!!
 INFO LOG: Jun__4_13:04: saving #<Player:0x00000002356d88> to database.
 INFO LOG: Jun__4_13:06: tick!!!
 INFO LOG: Jun__4_13:06: saving #<Player:0x00000002356d88> to database.
 INFO LOG: Jun__4_13:08: tick!!!
 INFO LOG: Jun__4_13:08: saving #<Player:0x00000002356d88> to database.
 INFO LOG: Jun__4_13:10: tick!!!
 INFO LOG: Jun__4_13:10: saving #<Player:0x00000002356d88> to database.
 INFO LOG: Jun__4_13:12: tick!!!
 INFO LOG: Jun__4_13:12: saving #<Player:0x00000002356d88> to database.
 INFO LOG: Jun__4_13:14: tick!!!
 INFO LOG: Jun__4_13:14: saving #<Player:0x00000002356d88> to database.
 INFO LOG: Jun__4_13:16: tick!!!
 INFO LOG: Jun__4_13:16: saving #<Player:0x00000002356d88> to database.
 INFO LOG: Jun__4_13:18: tick!!!
 INFO LOG: Jun__4_13:18: saving #<Player:0x00000002356d88> to database.
 INFO LOG: Jun__4_13:20: tick!!!
 INFO LOG: Jun__4_13:20: saving #<Player:0x00000002356d88> to database.
 INFO LOG: Jun__4_13:22: tick!!!
 INFO LOG: Jun__4_13:22: saving #<Player:0x00000002356d88> to database.
 INFO LOG: Jun__4_13:24: tick!!!
 INFO LOG: Jun__4_13:24: saving #<Player:0x00000002356d88> to database.
 INFO LOG: Jun__4_13:26: tick!!!
 INFO LOG: Jun__4_13:26: saving #<Player:0x00000002356d88> to database.
 INFO LOG: Jun__4_13:28: tick!!!
 INFO LOG: Jun__4_13:28: saving #<Player:0x00000002356d88> to database.
 INFO LOG: Jun__4_13:30: tick!!!
 INFO LOG: Jun__4_13:30: saving #<Player:0x00000002356d88> to database.
 INFO LOG: Jun__4_13:32: tick!!!
 INFO LOG: Jun__4_13:32: saving #<Player:0x00000002356d88> to database.
 INFO LOG: Jun__4_13:34: tick!!!
 INFO LOG: Jun__4_13:34: saving #<Player:0x00000002356d88> to database.
 INFO LOG: Jun__4_13:36: tick!!!
 INFO LOG: Jun__4_13:36: saving #<Player:0x00000002356d88> to database.
 INFO LOG: Jun__4_13:38: tick!!!
 INFO LOG: Jun__4_13:38: saving #<Player:0x00000002356d88> to database.
 INFO LOG: Jun__4_13:40: tick!!!
 INFO LOG: Jun__4_13:40: saving #<Player:0x00000002356d88> to database.
 INFO LOG: Jun__4_13:42: tick!!!
 INFO LOG: Jun__4_13:42: saving #<Player:0x00000002356d88> to database.
 INFO LOG: Jun__4_13:44: tick!!!
 INFO LOG: Jun__4_13:44: saving #<Player:0x00000002356d88> to database.
 INFO LOG: Jun__4_13:46: tick!!!
 INFO LOG: Jun__4_13:46: saving #<Player:0x00000002356d88> to database.
 INFO LOG: Jun__4_13:48: tick!!!
 INFO LOG: Jun__4_13:48: saving #<Player:0x00000002356d88> to database.
 INFO LOG: Jun__4_13:50: tick!!!
 INFO LOG: Jun__4_13:50: saving #<Player:0x00000002356d88> to database.
 INFO LOG: Jun__4_13:52: tick!!!
 INFO LOG: Jun__4_13:52: saving #<Player:0x00000002356d88> to database.
 INFO LOG: Jun__4_13:54: tick!!!
 INFO LOG: Jun__4_13:54: saving #<Player:0x00000002356d88> to database.
 INFO LOG: Jun__4_13:56: tick!!!
 INFO LOG: Jun__4_13:56: saving #<Player:0x00000002356d88> to database.
 INFO LOG: Jun__4_13:58: tick!!!
 INFO LOG: Jun__4_13:58: saving #<Player:0x00000002356d88> to database.
 INFO LOG: Jun__4_14:00: tick!!!
 INFO LOG: Jun__4_14:00: saving #<Player:0x00000002356d88> to database.
 INFO LOG: Jun__4_14:02: tick!!!
 INFO LOG: Jun__4_14:02: saving #<Player:0x00000002356d88> to database.
 INFO LOG: Jun__4_14:04: tick!!!
 INFO LOG: Jun__4_14:04: saving #<Player:0x00000002356d88> to database.
 INFO LOG: Jun__4_14:06: tick!!!
 INFO LOG: Jun__4_14:06: saving #<Player:0x00000002356d88> to database.
 INFO LOG: Jun__4_14:08: tick!!!
 INFO LOG: Jun__4_14:08: saving #<Player:0x00000002356d88> to database.
 INFO LOG: Jun__4_14:10: tick!!!
 INFO LOG: Jun__4_14:10: saving #<Player:0x00000002356d88> to database.
 INFO LOG: Jun__4_14:12: tick!!!
 INFO LOG: Jun__4_14:12: saving #<Player:0x00000002356d88> to database.
 INFO LOG: Jun__4_14:14: tick!!!
 INFO LOG: Jun__4_14:14: saving #<Player:0x00000002356d88> to database.
 INFO LOG: Jun__4_14:16: tick!!!
 INFO LOG: Jun__4_14:16: saving #<Player:0x00000002356d88> to database.
 INFO LOG: Jun__4_14:18: tick!!!
 INFO LOG: Jun__4_14:18: saving #<Player:0x00000002356d88> to database.
 INFO LOG: Jun__4_14:20: tick!!!
 INFO LOG: Jun__4_14:20: saving #<Player:0x00000002356d88> to database.
 INFO LOG: Jun__4_14:22: tick!!!
 INFO LOG: Jun__4_14:22: saving #<Player:0x00000002356d88> to database.
 INFO LOG: Jun__4_14:24: tick!!!
 INFO LOG: Jun__4_14:24: saving #<Player:0x00000002356d88> to database.
 INFO LOG: Jun__4_14:26: tick!!!
 INFO LOG: Jun__4_14:26: saving #<Player:0x00000002356d88> to database.
 INFO LOG: Jun__4_14:28: tick!!!
 INFO LOG: Jun__4_14:28: saving #<Player:0x00000002356d88> to database.
 INFO LOG: Jun__4_14:30: tick!!!
 INFO LOG: Jun__4_14:30: saving #<Player:0x00000002356d88> to database.
 INFO LOG: Jun__4_14:32: tick!!!
 INFO LOG: Jun__4_14:32: saving #<Player:0x00000002356d88> to database.
 INFO LOG: Jun__4_14:34: tick!!!
 INFO LOG: Jun__4_14:34: saving #<Player:0x00000002356d88> to database.
 INFO LOG: Jun__4_14:36: tick!!!
 INFO LOG: Jun__4_14:36: saving #<Player:0x00000002356d88> to database.
 INFO LOG: Jun__4_14:38: tick!!!
 INFO LOG: Jun__4_14:38: saving #<Player:0x00000002356d88> to database.
 INFO LOG: Jun__4_14:40: tick!!!
 INFO LOG: Jun__4_14:40: saving #<Player:0x00000002356d88> to database.
 INFO LOG: Jun__4_14:42: tick!!!
 INFO LOG: Jun__4_14:42: saving #<Player:0x00000002356d88> to database.
 INFO LOG: Jun__4_14:44: tick!!!
 INFO LOG: Jun__4_14:44: saving #<Player:0x00000002356d88> to database.
 INFO LOG: Jun__4_14:46: tick!!!
 INFO LOG: Jun__4_14:46: saving #<Player:0x00000002356d88> to database.
 INFO LOG: Jun__4_14:48: tick!!!
 INFO LOG: Jun__4_14:48: saving #<Player:0x00000002356d88> to database.
 INFO LOG: Jun__4_14:50: tick!!!
 INFO LOG: Jun__4_14:50: saving #<Player:0x00000002356d88> to database.
 INFO LOG: Jun__4_14:52: tick!!!
 INFO LOG: Jun__4_14:52: saving #<Player:0x00000002356d88> to database.
 INFO LOG: Jun__4_14:54: tick!!!
 INFO LOG: Jun__4_14:54: saving #<Player:0x00000002356d88> to database.
 INFO LOG: Jun__4_14:56: tick!!!
 INFO LOG: Jun__4_14:56: saving #<Player:0x00000002356d88> to database.
 INFO LOG: Jun__4_14:58: tick!!!
 INFO LOG: Jun__4_14:58: saving #<Player:0x00000002356d88> to database.
 INFO LOG: Jun__4_15:00: tick!!!
 INFO LOG: Jun__4_15:00: saving #<Player:0x00000002356d88> to database.
 INFO LOG: Jun__4_15:02: tick!!!
 INFO LOG: Jun__4_15:02: saving #<Player:0x00000002356d88> to database.
 INFO LOG: Jun__4_15:04: tick!!!
 INFO LOG: Jun__4_15:04: saving #<Player:0x00000002356d88> to database.
 INFO LOG: Jun__4_15:06: tick!!!
 INFO LOG: Jun__4_15:06: saving #<Player:0x00000002356d88> to database.
 INFO LOG: Jun__4_15:08: tick!!!
 INFO LOG: Jun__4_15:08: saving #<Player:0x00000002356d88> to database.
 INFO LOG: Jun__4_15:10: tick!!!
 INFO LOG: Jun__4_15:10: saving #<Player:0x00000002356d88> to database.
 INFO LOG: Jun__4_15:12: tick!!!
 INFO LOG: Jun__4_15:12: saving #<Player:0x00000002356d88> to database.
 INFO LOG: Jun__4_15:14: tick!!!
 INFO LOG: Jun__4_15:14: saving #<Player:0x00000002356d88> to database.
 INFO LOG: Jun__4_15:16: tick!!!
 INFO LOG: Jun__4_15:16: saving #<Player:0x00000002356d88> to database.
 INFO LOG: Jun__4_15:18: tick!!!
 INFO LOG: Jun__4_15:18: saving #<Player:0x00000002356d88> to database.
 INFO LOG: Jun__4_15:20: tick!!!
 INFO LOG: Jun__4_15:20: saving #<Player:0x00000002356d88> to database.
 INFO LOG: Jun__4_15:22: tick!!!
 INFO LOG: Jun__4_15:22: saving #<Player:0x00000002356d88> to database.
 INFO LOG: Jun__4_15:24: -- #<Player:0x00000002356d88>:76.202.141.206:43395 disconnected from CoralMUD!
 INFO LOG: Jun__4_15:24: tick!!!
 INFO LOG: Jun__4_15:24: saving #<Player:0x00000002356d88> to database.
