 INFO LOG: Jun__8_15:22: Logging enabled.   Loading logs.rb.
 INFO LOG: Jun__8_15:22: Loading spellcheck.rb
 INFO LOG: Jun__8_15:22: Loading facade.rb
 INFO LOG: Jun__8_15:22: Loading query_list.rb
 INFO LOG: Jun__8_15:22: Loading utils.rb
 INFO LOG: Jun__8_15:22: Loading constants.rb
 INFO LOG: Jun__8_15:22: Loading damage.rb
 INFO LOG: Jun__8_15:22: Loading class_property.rb
 INFO LOG: Jun__8_15:22: Loading scripts.rb
 INFO LOG: Jun__8_15:22: Loading tags.rb
 INFO LOG: Jun__8_15:22: Loading editor/editors.rb
 INFO LOG: Jun__8_15:22: Loading editor/editor.strings.rb
 INFO LOG: Jun__8_15:22: Loading editor/editor.rooms.rb
 INFO LOG: Jun__8_15:22: Loading editor/editor.exits.rb
 INFO LOG: Jun__8_15:22: Loading editor/editor.zones.rb
 INFO LOG: Jun__8_15:22: Loading editor/editor.npc.rb
 INFO LOG: Jun__8_15:22: Loading editor/editor.items.rb
 INFO LOG: Jun__8_15:22: Loading editor/editor.socials.rb
 INFO LOG: Jun__8_15:22: Loading socials.rb
 INFO LOG: Jun__8_15:22: Loading mxp.rb
 INFO LOG: Jun__8_15:22: Loading mccp.rb
 INFO LOG: Jun__8_15:22: Loading mail.rb
 INFO LOG: Jun__8_15:22: Loading flags.rb
 INFO LOG: Jun__8_15:22: Loading areas.rb
 INFO LOG: Jun__8_15:22: Loading security.rb
 INFO LOG: Jun__8_15:22: Loading resets.rb
 INFO LOG: Jun__8_15:22: Loading event.rb
 INFO LOG: Jun__8_15:22: Loading automap/automap.rb
 INFO LOG: Jun__8_15:22: Loading cities.rb
 INFO LOG: Jun__8_15:22: Loading sector definitions.
 INFO LOG: Jun__8_15:22: Loading help.rb
 INFO LOG: Jun__8_15:22: Loading imcruby.rb
 INFO LOG: Jun__8_15:22: Loading player.rb
 INFO LOG: Jun__8_15:22: Loading commands.rb
 INFO LOG: Jun__8_15:22: Loading editor/editor.player.rb
 INFO LOG: Jun__8_15:22: Loading random.rb
 INFO LOG: Jun__8_15:22: Loading npc.rb
 INFO LOG: Jun__8_15:22: Loading items/types.rb
 INFO LOG: Jun__8_15:22: Loading items/items.rb
 INFO LOG: Jun__8_15:22: Loading spells.rb
 INFO LOG: Jun__8_15:22: Loading all zones.
 INFO LOG: Jun__8_15:22: Loading all socials.
 INFO LOG: Jun__8_15:22: Upgrading database
 INFO LOG: Jun__8_15:22: Starting server.
 INFO LOG: Jun__8_15:22: CoralMUD is now up on port 4000.
 INFO LOG: Jun__8_15:22: -- 127.0.0.1:54617 connected to CoralMUD!
 INFO LOG: Jun__8_15:22: -- 127.0.0.1:54617: Retnur is trying to connect.
 INFO LOG: Jun__8_15:22: -- 127.0.0.1:54617: Retnur player file found.
 INFO LOG: Jun__8_15:23: -- Retnur has entered the game.
 INFO LOG: Jun__8_15:23: saving #<Player:0x0000000210ac78> to database.
 INFO LOG: Jun__8_15:24: tick!!!
 INFO LOG: Jun__8_15:24: saving #<Player:0x0000000210ac78> to database.
 INFO LOG: Jun__8_15:26: tick!!!
 INFO LOG: Jun__8_15:26: saving #<Player:0x0000000210ac78> to database.
 INFO LOG: Jun__8_15:28: tick!!!
 INFO LOG: Jun__8_15:28: saving #<Player:0x0000000210ac78> to database.
 INFO LOG: Jun__8_15:30: tick!!!
 INFO LOG: Jun__8_15:30: saving #<Player:0x0000000210ac78> to database.
 INFO LOG: Jun__8_15:32: tick!!!
 INFO LOG: Jun__8_15:32: saving #<Player:0x0000000210ac78> to database.
 INFO LOG: Jun__8_15:34: tick!!!
 INFO LOG: Jun__8_15:34: saving #<Player:0x0000000210ac78> to database.
 INFO LOG: Jun__8_15:36: tick!!!
 INFO LOG: Jun__8_15:36: saving #<Player:0x0000000210ac78> to database.
 INFO LOG: Jun__8_15:38: tick!!!
 INFO LOG: Jun__8_15:38: saving #<Player:0x0000000210ac78> to database.
 INFO LOG: Jun__8_15:40: tick!!!
 INFO LOG: Jun__8_15:40: saving #<Player:0x0000000210ac78> to database.
 INFO LOG: Jun__8_15:42: tick!!!
 INFO LOG: Jun__8_15:42: saving #<Player:0x0000000210ac78> to database.
 INFO LOG: Jun__8_15:44: tick!!!
 INFO LOG: Jun__8_15:44: saving #<Player:0x0000000210ac78> to database.
 INFO LOG: Jun__8_15:46: tick!!!
 INFO LOG: Jun__8_15:46: saving #<Player:0x0000000210ac78> to database.
 INFO LOG: Jun__8_15:48: tick!!!
 INFO LOG: Jun__8_15:48: saving #<Player:0x0000000210ac78> to database.
 INFO LOG: Jun__8_15:50: tick!!!
 INFO LOG: Jun__8_15:50: saving #<Player:0x0000000210ac78> to database.
 INFO LOG: Jun__8_15:52: tick!!!
 INFO LOG: Jun__8_15:52: saving #<Player:0x0000000210ac78> to database.
 INFO LOG: Jun__8_15:54: tick!!!
 INFO LOG: Jun__8_15:54: saving #<Player:0x0000000210ac78> to database.
 INFO LOG: Jun__8_15:56: tick!!!
 INFO LOG: Jun__8_15:56: saving #<Player:0x0000000210ac78> to database.
 INFO LOG: Jun__8_15:58: tick!!!
 INFO LOG: Jun__8_15:58: saving #<Player:0x0000000210ac78> to database.
 INFO LOG: Jun__8_16:00: tick!!!
 INFO LOG: Jun__8_16:00: saving #<Player:0x0000000210ac78> to database.
 INFO LOG: Jun__8_16:02: tick!!!
 INFO LOG: Jun__8_16:02: saving #<Player:0x0000000210ac78> to database.
 INFO LOG: Jun__8_16:04: tick!!!
 INFO LOG: Jun__8_16:04: saving #<Player:0x0000000210ac78> to database.
 INFO LOG: Jun__8_16:06: tick!!!
 INFO LOG: Jun__8_16:06: saving #<Player:0x0000000210ac78> to database.
 INFO LOG: Jun__8_16:08: tick!!!
 INFO LOG: Jun__8_16:08: saving #<Player:0x0000000210ac78> to database.
 INFO LOG: Jun__8_16:10: tick!!!
 INFO LOG: Jun__8_16:10: saving #<Player:0x0000000210ac78> to database.
 INFO LOG: Jun__8_16:12: tick!!!
 INFO LOG: Jun__8_16:12: saving #<Player:0x0000000210ac78> to database.
 INFO LOG: Jun__8_16:14: tick!!!
 INFO LOG: Jun__8_16:14: saving #<Player:0x0000000210ac78> to database.
 INFO LOG: Jun__8_16:16: tick!!!
 INFO LOG: Jun__8_16:16: saving #<Player:0x0000000210ac78> to database.
 INFO LOG: Jun__8_16:18: tick!!!
 INFO LOG: Jun__8_16:18: saving #<Player:0x0000000210ac78> to database.
 INFO LOG: Jun__8_16:20: tick!!!
 INFO LOG: Jun__8_16:20: saving #<Player:0x0000000210ac78> to database.
 INFO LOG: Jun__8_16:22: tick!!!
 INFO LOG: Jun__8_16:22: saving #<Player:0x0000000210ac78> to database.
 INFO LOG: Jun__8_16:24: tick!!!
 INFO LOG: Jun__8_16:24: saving #<Player:0x0000000210ac78> to database.
 INFO LOG: Jun__8_16:26: tick!!!
 INFO LOG: Jun__8_16:26: saving #<Player:0x0000000210ac78> to database.
 INFO LOG: Jun__8_16:28: tick!!!
 INFO LOG: Jun__8_16:28: saving #<Player:0x0000000210ac78> to database.
 INFO LOG: Jun__8_16:30: tick!!!
 INFO LOG: Jun__8_16:30: saving #<Player:0x0000000210ac78> to database.
 INFO LOG: Jun__8_16:32: tick!!!
 INFO LOG: Jun__8_16:32: saving #<Player:0x0000000210ac78> to database.
 INFO LOG: Jun__8_16:34: tick!!!
 INFO LOG: Jun__8_16:34: saving #<Player:0x0000000210ac78> to database.
 INFO LOG: Jun__8_16:36: tick!!!
 INFO LOG: Jun__8_16:36: saving #<Player:0x0000000210ac78> to database.
 INFO LOG: Jun__8_16:38: tick!!!
 INFO LOG: Jun__8_16:38: saving #<Player:0x0000000210ac78> to database.
 INFO LOG: Jun__8_16:40: tick!!!
 INFO LOG: Jun__8_16:40: saving #<Player:0x0000000210ac78> to database.
 INFO LOG: Jun__8_16:42: tick!!!
 INFO LOG: Jun__8_16:42: saving #<Player:0x0000000210ac78> to database.
 INFO LOG: Jun__8_16:44: tick!!!
 INFO LOG: Jun__8_16:44: saving #<Player:0x0000000210ac78> to database.
 INFO LOG: Jun__8_16:46: tick!!!
 INFO LOG: Jun__8_16:46: saving #<Player:0x0000000210ac78> to database.
 INFO LOG: Jun__8_16:48: tick!!!
 INFO LOG: Jun__8_16:48: saving #<Player:0x0000000210ac78> to database.
 INFO LOG: Jun__8_16:50: tick!!!
 INFO LOG: Jun__8_16:50: saving #<Player:0x0000000210ac78> to database.
 INFO LOG: Jun__8_16:52: tick!!!
 INFO LOG: Jun__8_16:52: saving #<Player:0x0000000210ac78> to database.
 INFO LOG: Jun__8_16:54: tick!!!
 INFO LOG: Jun__8_16:54: saving #<Player:0x0000000210ac78> to database.
 INFO LOG: Jun__8_16:56: tick!!!
 INFO LOG: Jun__8_16:56: saving #<Player:0x0000000210ac78> to database.
 INFO LOG: Jun__8_16:58: tick!!!
 INFO LOG: Jun__8_16:58: saving #<Player:0x0000000210ac78> to database.
 INFO LOG: Jun__8_17:00: tick!!!
 INFO LOG: Jun__8_17:00: saving #<Player:0x0000000210ac78> to database.
 INFO LOG: Jun__8_17:02: tick!!!
 INFO LOG: Jun__8_17:02: saving #<Player:0x0000000210ac78> to database.
 INFO LOG: Jun__8_17:04: tick!!!
 INFO LOG: Jun__8_17:04: saving #<Player:0x0000000210ac78> to database.
 INFO LOG: Jun__8_17:06: tick!!!
 INFO LOG: Jun__8_17:06: saving #<Player:0x0000000210ac78> to database.
 INFO LOG: Jun__8_17:08: tick!!!
 INFO LOG: Jun__8_17:08: saving #<Player:0x0000000210ac78> to database.
 INFO LOG: Jun__8_17:10: tick!!!
 INFO LOG: Jun__8_17:10: saving #<Player:0x0000000210ac78> to database.
 INFO LOG: Jun__8_17:12: tick!!!
 INFO LOG: Jun__8_17:12: saving #<Player:0x0000000210ac78> to database.
 INFO LOG: Jun__8_17:14: tick!!!
 INFO LOG: Jun__8_17:14: saving #<Player:0x0000000210ac78> to database.
 INFO LOG: Jun__8_17:16: tick!!!
 INFO LOG: Jun__8_17:16: saving #<Player:0x0000000210ac78> to database.
 INFO LOG: Jun__8_17:18: tick!!!
 INFO LOG: Jun__8_17:18: saving #<Player:0x0000000210ac78> to database.
 INFO LOG: Jun__8_17:20: tick!!!
 INFO LOG: Jun__8_17:20: saving #<Player:0x0000000210ac78> to database.
 INFO LOG: Jun__8_17:22: tick!!!
 INFO LOG: Jun__8_17:22: saving #<Player:0x0000000210ac78> to database.
 INFO LOG: Jun__8_17:24: tick!!!
 INFO LOG: Jun__8_17:24: saving #<Player:0x0000000210ac78> to database.
 INFO LOG: Jun__8_17:26: tick!!!
 INFO LOG: Jun__8_17:26: saving #<Player:0x0000000210ac78> to database.
 INFO LOG: Jun__8_17:28: tick!!!
 INFO LOG: Jun__8_17:28: saving #<Player:0x0000000210ac78> to database.
 INFO LOG: Jun__8_17:30: tick!!!
 INFO LOG: Jun__8_17:30: saving #<Player:0x0000000210ac78> to database.
 INFO LOG: Jun__8_17:32: tick!!!
 INFO LOG: Jun__8_17:32: saving #<Player:0x0000000210ac78> to database.
 INFO LOG: Jun__8_17:34: tick!!!
 INFO LOG: Jun__8_17:34: saving #<Player:0x0000000210ac78> to database.
 INFO LOG: Jun__8_17:36: tick!!!
 INFO LOG: Jun__8_17:36: saving #<Player:0x0000000210ac78> to database.
 INFO LOG: Jun__8_17:38: tick!!!
 INFO LOG: Jun__8_17:38: saving #<Player:0x0000000210ac78> to database.
 INFO LOG: Jun__8_17:40: tick!!!
 INFO LOG: Jun__8_17:40: saving #<Player:0x0000000210ac78> to database.
 INFO LOG: Jun__8_17:42: tick!!!
 INFO LOG: Jun__8_17:42: saving #<Player:0x0000000210ac78> to database.
 INFO LOG: Jun__8_17:44: tick!!!
 INFO LOG: Jun__8_17:44: saving #<Player:0x0000000210ac78> to database.
 INFO LOG: Jun__8_17:46: tick!!!
 INFO LOG: Jun__8_17:46: saving #<Player:0x0000000210ac78> to database.
 INFO LOG: Jun__8_17:48: tick!!!
 INFO LOG: Jun__8_17:48: saving #<Player:0x0000000210ac78> to database.
 INFO LOG: Jun__8_17:49: -- #<Player:0x0000000210ac78>:127.0.0.1:54617 disconnected from CoralMUD!
 INFO LOG: Jun__8_17:49: -- 127.0.0.1:54247 connected to CoralMUD!
 INFO LOG: Jun__8_17:49: -- 127.0.0.1:54247: Retnur is trying to connect.
 INFO LOG: Jun__8_17:49: -- 127.0.0.1:54247: Retnur player file found.
 INFO LOG: Jun__8_17:49: -- 127.0.0.1:54247: #<Player:0x0000000210ac78> has reconnected.
 INFO LOG: Jun__8_17:49: saving #<Player:0x0000000210ac78> to database.
 INFO LOG: Jun__8_17:50: tick!!!
 INFO LOG: Jun__8_17:50: saving #<Player:0x0000000210ac78> to database.
