 INFO LOG: May_11_22:56: Logging enabled.   Loading logs.rb.
 INFO LOG: May_11_22:56: Loading facade.rb
 INFO LOG: May_11_22:56: Loading query_list.rb
 INFO LOG: May_11_22:56: Loading utils.rb
 INFO LOG: May_11_22:56: Loading constants.rb
 INFO LOG: May_11_22:56: Loading damage.rb
 INFO LOG: May_11_22:56: Loading class_property.rb
 INFO LOG: May_11_22:56: Loading scripts.rb
 INFO LOG: May_11_22:56: Loading tags.rb
 INFO LOG: May_11_22:56: Loading editor/editors.rb
 INFO LOG: May_11_22:56: Loading editor/editor.strings.rb
 INFO LOG: May_11_22:56: Loading editor/editor.rooms.rb
 INFO LOG: May_11_22:56: Loading editor/editor.exits.rb
 INFO LOG: May_11_22:56: Loading editor/editor.zones.rb
 INFO LOG: May_11_22:56: Loading editor/editor.npc.rb
 INFO LOG: May_11_22:56: Loading editor/editor.items.rb
 INFO LOG: May_11_22:56: Loading mxp.rb
 INFO LOG: May_11_22:56: Loading mccp.rb
 INFO LOG: May_11_22:56: Loading flags.rb
 INFO LOG: May_11_22:56: Loading areas.rb
 INFO LOG: May_11_22:56: Loading event.rb
 INFO LOG: May_11_22:56: Loading automap/automap.rb
 INFO LOG: May_11_22:56: Loading cities.olc.rb
 INFO LOG: May_11_22:56: Loading cities.rb
 INFO LOG: May_11_22:56: Loading sector definitions.
 INFO LOG: May_11_22:56: Loading help.rb
 INFO LOG: May_11_22:56: Loading imcruby.rb
 INFO LOG: May_11_22:56: Loading player.rb
 INFO LOG: May_11_22:56: Loading commands.rb
 INFO LOG: May_11_22:56: Loading random.rb
 INFO LOG: May_11_22:56: Loading npc.rb
 INFO LOG: May_11_22:56: Loading items/types.rb
 INFO LOG: May_11_22:56: Loading items/items.rb
 INFO LOG: May_11_22:56: Loading spells.rb
 INFO LOG: May_11_22:56: Loading all zones.
 INFO LOG: May_11_22:56: Starting server.
 INFO LOG: May_11_22:56: CoralMUD is now up on port 4000.
 INFO LOG: May_11_22:56: -- 76.202.141.206:36766 connected to CoralMUD!
 INFO LOG: May_11_22:56: -- 76.202.141.206:36766: Retnur is trying to connect.
 INFO LOG: May_11_22:56: -- 76.202.141.206:36766: Retnur player file found.
 INFO LOG: May_11_22:56: -- Retnur has entered the game.
 INFO LOG: May_11_22:58: tick!!!
 INFO LOG: May_11_22:59: Loading items/items.rb
 INFO LOG: May_11_23:00: tick!!!
 INFO LOG: May_11_23:00: Loading items/types.rb
 INFO LOG: May_11_23:02: tick!!!
 INFO LOG: May_11_23:04: -- #<Player:0x00000002b18f30>:76.202.141.206:36766 disconnected from CoralMUD!
 INFO LOG: May_11_23:04: Program closed.
 INFO LOG: May_11_23:04: Logging enabled.   Loading logs.rb.
 INFO LOG: May_11_23:04: Loading facade.rb
 INFO LOG: May_11_23:04: Loading query_list.rb
 INFO LOG: May_11_23:04: Loading utils.rb
 INFO LOG: May_11_23:04: Loading constants.rb
 INFO LOG: May_11_23:04: Loading damage.rb
 INFO LOG: May_11_23:04: Loading class_property.rb
 INFO LOG: May_11_23:04: Loading scripts.rb
 INFO LOG: May_11_23:04: Loading tags.rb
 INFO LOG: May_11_23:04: Loading editor/editors.rb
 INFO LOG: May_11_23:04: Loading editor/editor.strings.rb
 INFO LOG: May_11_23:04: Loading editor/editor.rooms.rb
 INFO LOG: May_11_23:04: Loading editor/editor.exits.rb
 INFO LOG: May_11_23:04: Loading editor/editor.zones.rb
 INFO LOG: May_11_23:04: Loading editor/editor.npc.rb
 INFO LOG: May_11_23:04: Loading editor/editor.items.rb
 INFO LOG: May_11_23:04: Loading mxp.rb
 INFO LOG: May_11_23:04: Loading mccp.rb
 INFO LOG: May_11_23:04: Loading flags.rb
 INFO LOG: May_11_23:04: Loading areas.rb
 INFO LOG: May_11_23:04: Loading event.rb
 INFO LOG: May_11_23:04: Loading automap/automap.rb
 INFO LOG: May_11_23:04: Loading cities.olc.rb
 INFO LOG: May_11_23:04: Loading cities.rb
 INFO LOG: May_11_23:04: Loading sector definitions.
 INFO LOG: May_11_23:04: Loading help.rb
 INFO LOG: May_11_23:04: Loading imcruby.rb
 INFO LOG: May_11_23:04: Loading player.rb
 INFO LOG: May_11_23:04: Loading commands.rb
 INFO LOG: May_11_23:04: Loading random.rb
 INFO LOG: May_11_23:04: Loading npc.rb
 INFO LOG: May_11_23:04: Loading items/types.rb
 INFO LOG: May_11_23:04: Loading items/items.rb
 INFO LOG: May_11_23:04: Loading spells.rb
 INFO LOG: May_11_23:04: Loading all zones.
 INFO LOG: May_11_23:04: Starting server.
 INFO LOG: May_11_23:04: CoralMUD is now up on port 4000.
 INFO LOG: May_11_23:04: -- 76.202.141.206:56573 connected to CoralMUD!
 INFO LOG: May_11_23:04: -- :76.202.141.206:56573 disconnected from CoralMUD!
 INFO LOG: May_11_23:04: -- 76.202.141.206:49633 connected to CoralMUD!
 INFO LOG: May_11_23:04: -- 76.202.141.206:49633: Retnur is trying to connect.
 INFO LOG: May_11_23:04: -- 76.202.141.206:49633: Retnur player file found.
 INFO LOG: May_11_23:04: -- Retnur has entered the game.
 INFO LOG: May_11_23:06: tick!!!
 INFO LOG: May_11_23:07: -- #<Player:0x00000001f57868>:76.202.141.206:49633 disconnected from CoralMUD!
 INFO LOG: May_11_23:07: Logging enabled.   Loading logs.rb.
 INFO LOG: May_11_23:07: Loading facade.rb
 INFO LOG: May_11_23:07: Loading query_list.rb
 INFO LOG: May_11_23:07: Loading utils.rb
 INFO LOG: May_11_23:07: Loading constants.rb
 INFO LOG: May_11_23:07: Loading damage.rb
 INFO LOG: May_11_23:07: Loading class_property.rb
 INFO LOG: May_11_23:07: Loading scripts.rb
 INFO LOG: May_11_23:07: Loading tags.rb
 INFO LOG: May_11_23:07: Loading editor/editors.rb
 INFO LOG: May_11_23:07: Loading editor/editor.strings.rb
 INFO LOG: May_11_23:07: Loading editor/editor.rooms.rb
 INFO LOG: May_11_23:07: Loading editor/editor.exits.rb
 INFO LOG: May_11_23:07: Loading editor/editor.zones.rb
 INFO LOG: May_11_23:07: Loading editor/editor.npc.rb
 INFO LOG: May_11_23:07: Loading editor/editor.items.rb
 INFO LOG: May_11_23:07: Loading mxp.rb
 INFO LOG: May_11_23:07: Loading mccp.rb
 INFO LOG: May_11_23:07: Loading flags.rb
 INFO LOG: May_11_23:07: Loading areas.rb
 INFO LOG: May_11_23:07: Loading event.rb
 INFO LOG: May_11_23:07: Loading automap/automap.rb
 INFO LOG: May_11_23:07: Loading cities.olc.rb
 INFO LOG: May_11_23:07: Loading cities.rb
 INFO LOG: May_11_23:07: Loading sector definitions.
 INFO LOG: May_11_23:07: Loading help.rb
 INFO LOG: May_11_23:07: Loading imcruby.rb
 INFO LOG: May_11_23:07: Loading player.rb
 INFO LOG: May_11_23:07: Loading commands.rb
 INFO LOG: May_11_23:07: Loading random.rb
 INFO LOG: May_11_23:07: Loading npc.rb
 INFO LOG: May_11_23:07: Loading items/types.rb
 INFO LOG: May_11_23:07: Loading items/items.rb
 INFO LOG: May_11_23:07: Loading spells.rb
 INFO LOG: May_11_23:07: Loading all zones.
 INFO LOG: May_11_23:07: Starting server.
 INFO LOG: May_11_23:07: CoralMUD is now up on port 4000.
 INFO LOG: May_11_23:07: -- 76.202.141.206:53384 connected to CoralMUD!
 INFO LOG: May_11_23:07: -- 76.202.141.206:53384: Retnur is trying to connect.
 INFO LOG: May_11_23:07: -- 76.202.141.206:53384: Retnur player file found.
 INFO LOG: May_11_23:07: -- Retnur has entered the game.
 INFO LOG: May_11_23:09: tick!!!
 INFO LOG: May_11_23:11: tick!!!
 INFO LOG: May_11_23:13: tick!!!
 INFO LOG: May_11_23:15: -- #<Player:0x000000028594e8>:76.202.141.206:53384 disconnected from CoralMUD!
 INFO LOG: May_11_23:15: Logging enabled.   Loading logs.rb.
 INFO LOG: May_11_23:15: Loading facade.rb
 INFO LOG: May_11_23:15: Loading query_list.rb
 INFO LOG: May_11_23:15: Loading utils.rb
 INFO LOG: May_11_23:15: Loading constants.rb
 INFO LOG: May_11_23:15: Loading damage.rb
 INFO LOG: May_11_23:15: Loading class_property.rb
 INFO LOG: May_11_23:15: Loading scripts.rb
 INFO LOG: May_11_23:15: Loading tags.rb
 INFO LOG: May_11_23:15: Loading editor/editors.rb
 INFO LOG: May_11_23:15: Loading editor/editor.strings.rb
 INFO LOG: May_11_23:15: Loading editor/editor.rooms.rb
 INFO LOG: May_11_23:15: Loading editor/editor.exits.rb
 INFO LOG: May_11_23:15: Loading editor/editor.zones.rb
 INFO LOG: May_11_23:15: Loading editor/editor.npc.rb
 INFO LOG: May_11_23:15: Loading editor/editor.items.rb
 INFO LOG: May_11_23:15: Loading mxp.rb
 INFO LOG: May_11_23:15: Loading mccp.rb
 INFO LOG: May_11_23:15: Loading flags.rb
 INFO LOG: May_11_23:15: Loading areas.rb
 INFO LOG: May_11_23:15: Loading event.rb
 INFO LOG: May_11_23:15: Loading automap/automap.rb
 INFO LOG: May_11_23:15: Loading cities.olc.rb
 INFO LOG: May_11_23:15: Loading cities.rb
 INFO LOG: May_11_23:15: Loading sector definitions.
 INFO LOG: May_11_23:15: Loading help.rb
 INFO LOG: May_11_23:15: Loading imcruby.rb
 INFO LOG: May_11_23:15: Loading player.rb
 INFO LOG: May_11_23:15: Loading commands.rb
 INFO LOG: May_11_23:15: Loading random.rb
 INFO LOG: May_11_23:15: Loading npc.rb
 INFO LOG: May_11_23:15: Loading items/types.rb
 INFO LOG: May_11_23:15: Loading items/items.rb
 INFO LOG: May_11_23:15: Loading spells.rb
 INFO LOG: May_11_23:15: Loading all zones.
 INFO LOG: May_11_23:15: Starting server.
 INFO LOG: May_11_23:15: CoralMUD is now up on port 4000.
 INFO LOG: May_11_23:15: -- 76.202.141.206:45898 connected to CoralMUD!
 INFO LOG: May_11_23:15: -- 76.202.141.206:45898: Retnur is trying to connect.
 INFO LOG: May_11_23:15: -- 76.202.141.206:45898: Retnur player file found.
 INFO LOG: May_11_23:15: -- Retnur has entered the game.
 INFO LOG: May_11_23:17: tick!!!
 INFO LOG: May_11_23:19: tick!!!
 INFO LOG: May_11_23:19: -- #<Player:0x0000000142c470>:76.202.141.206:45898 disconnected from CoralMUD!
 INFO LOG: May_11_23:19: Program closed.
 INFO LOG: May_11_23:40: Logging enabled.   Loading logs.rb.
 INFO LOG: May_11_23:40: Loading facade.rb
 INFO LOG: May_11_23:40: Loading query_list.rb
 INFO LOG: May_11_23:40: Loading utils.rb
 INFO LOG: May_11_23:40: Loading constants.rb
 INFO LOG: May_11_23:40: Loading damage.rb
 INFO LOG: May_11_23:40: Loading class_property.rb
 INFO LOG: May_11_23:40: Loading scripts.rb
 INFO LOG: May_11_23:40: Loading tags.rb
 INFO LOG: May_11_23:40: Loading editor/editors.rb
 INFO LOG: May_11_23:40: Loading editor/editor.strings.rb
 INFO LOG: May_11_23:40: Loading editor/editor.rooms.rb
 INFO LOG: May_11_23:40: Loading editor/editor.exits.rb
 INFO LOG: May_11_23:40: Loading editor/editor.zones.rb
 INFO LOG: May_11_23:40: Loading editor/editor.npc.rb
 INFO LOG: May_11_23:40: Loading editor/editor.items.rb
 INFO LOG: May_11_23:40: Loading mxp.rb
 INFO LOG: May_11_23:40: Loading mccp.rb
 INFO LOG: May_11_23:40: Loading flags.rb
 INFO LOG: May_11_23:40: Loading areas.rb
 INFO LOG: May_11_23:40: Loading event.rb
 INFO LOG: May_11_23:40: Loading automap/automap.rb
 INFO LOG: May_11_23:40: Loading cities.olc.rb
 INFO LOG: May_11_23:40: Loading cities.rb
 INFO LOG: May_11_23:40: Loading sector definitions.
 INFO LOG: May_11_23:40: Loading help.rb
 INFO LOG: May_11_23:40: Loading imcruby.rb
 INFO LOG: May_11_23:40: Loading player.rb
 INFO LOG: May_11_23:40: Loading commands.rb
 INFO LOG: May_11_23:40: Loading random.rb
 INFO LOG: May_11_23:40: Loading npc.rb
 INFO LOG: May_11_23:40: Loading items/types.rb
 INFO LOG: May_11_23:40: Loading items/items.rb
 INFO LOG: May_11_23:40: Loading spells.rb
 INFO LOG: May_11_23:40: Loading all zones.
ERROR LOG: undefined method `flags=' for #<Exit:0x00000001ead6d8>
ERROR LOG: /home/heath/coral/lib/cities.rb:286:in `data_transform_on_load'
ERROR LOG: /home/heath/coral/lib/class_property.rb:300:in `configure'
ERROR LOG: /home/heath/coral/lib/areas.rb:87:in `block in data_transform_on_load'
ERROR LOG: /home/heath/coral/lib/areas.rb:84:in `each'
ERROR LOG: /home/heath/coral/lib/areas.rb:84:in `data_transform_on_load'
ERROR LOG: /home/heath/coral/lib/class_property.rb:300:in `configure'
ERROR LOG: /home/heath/coral/lib/class_property.rb:277:in `load_from_file'
ERROR LOG: /home/heath/coral/lib/areas.rb:27:in `block in load_zones'
ERROR LOG: /home/heath/coral/lib/areas.rb:24:in `each'
ERROR LOG: /home/heath/coral/lib/areas.rb:24:in `load_zones'
ERROR LOG: coral.rb:163:in `<main>'
ERROR LOG: May_11_23:40: Unable to configure: data/areas/first.area.yml
 INFO LOG: May_11_23:41: Logging enabled.   Loading logs.rb.
 INFO LOG: May_11_23:41: Loading facade.rb
 INFO LOG: May_11_23:41: Loading query_list.rb
 INFO LOG: May_11_23:41: Loading utils.rb
 INFO LOG: May_11_23:41: Loading constants.rb
 INFO LOG: May_11_23:41: Loading damage.rb
 INFO LOG: May_11_23:41: Loading class_property.rb
 INFO LOG: May_11_23:41: Loading scripts.rb
 INFO LOG: May_11_23:41: Loading tags.rb
 INFO LOG: May_11_23:41: Loading editor/editors.rb
 INFO LOG: May_11_23:41: Loading editor/editor.strings.rb
 INFO LOG: May_11_23:41: Loading editor/editor.rooms.rb
 INFO LOG: May_11_23:41: Loading editor/editor.exits.rb
 INFO LOG: May_11_23:41: Loading editor/editor.zones.rb
 INFO LOG: May_11_23:41: Loading editor/editor.npc.rb
 INFO LOG: May_11_23:41: Loading editor/editor.items.rb
 INFO LOG: May_11_23:41: Loading mxp.rb
 INFO LOG: May_11_23:41: Loading mccp.rb
 INFO LOG: May_11_23:41: Loading flags.rb
 INFO LOG: May_11_23:41: Loading areas.rb
 INFO LOG: May_11_23:41: Loading event.rb
 INFO LOG: May_11_23:41: Loading automap/automap.rb
 INFO LOG: May_11_23:41: Loading cities.olc.rb
 INFO LOG: May_11_23:41: Loading cities.rb
 INFO LOG: May_11_23:41: Loading sector definitions.
 INFO LOG: May_11_23:41: Loading help.rb
 INFO LOG: May_11_23:41: Loading imcruby.rb
 INFO LOG: May_11_23:41: Loading player.rb
 INFO LOG: May_11_23:41: Loading commands.rb
 INFO LOG: May_11_23:41: Loading random.rb
 INFO LOG: May_11_23:41: Loading npc.rb
 INFO LOG: May_11_23:41: Loading items/types.rb
 INFO LOG: May_11_23:41: Loading items/items.rb
 INFO LOG: May_11_23:41: Loading spells.rb
 INFO LOG: May_11_23:41: Loading all zones.
 INFO LOG: May_11_23:41: Starting server.
 INFO LOG: May_11_23:41: CoralMUD is now up on port 4000.
 INFO LOG: May_11_23:41: -- 76.202.141.206:52992 connected to CoralMUD!
 INFO LOG: May_11_23:41: -- 76.202.141.206:52992: Retnur is trying to connect.
 INFO LOG: May_11_23:41: -- 76.202.141.206:52992: Retnur player file found.
 INFO LOG: May_11_23:42: -- Retnur has entered the game.
ERROR LOG: undefined method `is_set' for []:Array
ERROR LOG: /home/heath/coral/lib/cities.rb:367:in `block in each_bfs'
ERROR LOG: /home/heath/coral/lib/cities.rb:336:in `block in each_dir'
ERROR LOG: /home/heath/coral/lib/cities.rb:335:in `each'
ERROR LOG: /home/heath/coral/lib/cities.rb:335:in `each_dir'
ERROR LOG: /home/heath/coral/lib/cities.rb:366:in `each_bfs'
ERROR LOG: /home/heath/coral/lib/automap/automap.rb:24:in `build_map'
ERROR LOG: /home/heath/coral/lib/automap/automap.rb:9:in `initialize'
ERROR LOG: /home/heath/coral/lib/commands/look.rb:48:in `new'
ERROR LOG: /home/heath/coral/lib/commands/look.rb:48:in `cmd_look'
ERROR LOG: /home/heath/coral/lib/commands.rb:278:in `execute_command'
ERROR LOG: /home/heath/coral/core/creation.rb:114:in `block in assign_nanny'
 INFO LOG: May_11_23:42: Loading cities.rb
 INFO LOG: May_11_23:42: Loading sector definitions.
 INFO LOG: May_11_23:42: -- #<Player:0x000000025a3b18>:76.202.141.206:52992 disconnected from CoralMUD!
 INFO LOG: May_11_23:43: Logging enabled.   Loading logs.rb.
 INFO LOG: May_11_23:43: Loading facade.rb
 INFO LOG: May_11_23:43: Loading query_list.rb
 INFO LOG: May_11_23:43: Loading utils.rb
 INFO LOG: May_11_23:43: Loading constants.rb
 INFO LOG: May_11_23:43: Loading damage.rb
 INFO LOG: May_11_23:43: Loading class_property.rb
 INFO LOG: May_11_23:43: Loading scripts.rb
 INFO LOG: May_11_23:43: Loading tags.rb
 INFO LOG: May_11_23:43: Loading editor/editors.rb
 INFO LOG: May_11_23:43: Loading editor/editor.strings.rb
 INFO LOG: May_11_23:43: Loading editor/editor.rooms.rb
 INFO LOG: May_11_23:43: Loading editor/editor.exits.rb
 INFO LOG: May_11_23:43: Loading editor/editor.zones.rb
 INFO LOG: May_11_23:43: Loading editor/editor.npc.rb
 INFO LOG: May_11_23:43: Loading editor/editor.items.rb
 INFO LOG: May_11_23:43: Loading mxp.rb
 INFO LOG: May_11_23:43: Loading mccp.rb
 INFO LOG: May_11_23:43: Loading flags.rb
 INFO LOG: May_11_23:43: Loading areas.rb
 INFO LOG: May_11_23:43: Loading event.rb
 INFO LOG: May_11_23:43: Loading automap/automap.rb
 INFO LOG: May_11_23:43: Loading cities.olc.rb
 INFO LOG: May_11_23:43: Loading cities.rb
 INFO LOG: May_11_23:43: Loading sector definitions.
 INFO LOG: May_11_23:43: Loading help.rb
 INFO LOG: May_11_23:43: Loading imcruby.rb
 INFO LOG: May_11_23:43: Loading player.rb
 INFO LOG: May_11_23:43: Loading commands.rb
 INFO LOG: May_11_23:43: Loading random.rb
 INFO LOG: May_11_23:43: Loading npc.rb
 INFO LOG: May_11_23:43: Loading items/types.rb
 INFO LOG: May_11_23:43: Loading items/items.rb
 INFO LOG: May_11_23:43: Loading spells.rb
 INFO LOG: May_11_23:43: Loading all zones.
 INFO LOG: May_11_23:43: Starting server.
 INFO LOG: May_11_23:43: CoralMUD is now up on port 4000.
 INFO LOG: May_11_23:43: -- 76.202.141.206:39657 connected to CoralMUD!
 INFO LOG: May_11_23:43: -- 76.202.141.206:39657: () Invalid name in character creation.
 INFO LOG: May_11_23:43: -- 76.202.141.206:39657: Retnur is trying to connect.
 INFO LOG: May_11_23:43: -- 76.202.141.206:39657: Retnur player file found.
 INFO LOG: May_11_23:43: -- Retnur has entered the game.
 INFO LOG: May_11_23:45: tick!!!
 INFO LOG: May_11_23:47: tick!!!
 INFO LOG: May_11_23:49: tick!!!
 INFO LOG: May_11_23:51: tick!!!
 INFO LOG: May_11_23:53: tick!!!
 INFO LOG: May_11_23:53: Loading cities.rb
 INFO LOG: May_11_23:53: Loading sector definitions.
 INFO LOG: May_11_23:53: -- #<Player:0x00000001557458>:76.202.141.206:39657 disconnected from CoralMUD!
 INFO LOG: May_11_23:53: Program closed.
 INFO LOG: May_11_23:53: Logging enabled.   Loading logs.rb.
 INFO LOG: May_11_23:53: Loading facade.rb
 INFO LOG: May_11_23:53: Loading query_list.rb
 INFO LOG: May_11_23:53: Loading utils.rb
 INFO LOG: May_11_23:53: Loading constants.rb
 INFO LOG: May_11_23:53: Loading damage.rb
 INFO LOG: May_11_23:53: Loading class_property.rb
 INFO LOG: May_11_23:53: Loading scripts.rb
 INFO LOG: May_11_23:53: Loading tags.rb
 INFO LOG: May_11_23:53: Loading editor/editors.rb
 INFO LOG: May_11_23:53: Loading editor/editor.strings.rb
 INFO LOG: May_11_23:53: Loading editor/editor.rooms.rb
 INFO LOG: May_11_23:53: Loading editor/editor.exits.rb
 INFO LOG: May_11_23:53: Loading editor/editor.zones.rb
 INFO LOG: May_11_23:53: Loading editor/editor.npc.rb
 INFO LOG: May_11_23:53: Loading editor/editor.items.rb
 INFO LOG: May_11_23:53: Loading mxp.rb
 INFO LOG: May_11_23:53: Loading mccp.rb
 INFO LOG: May_11_23:53: Loading flags.rb
 INFO LOG: May_11_23:53: Loading areas.rb
 INFO LOG: May_11_23:53: Loading event.rb
 INFO LOG: May_11_23:53: Loading automap/automap.rb
 INFO LOG: May_11_23:53: Loading cities.olc.rb
 INFO LOG: May_11_23:53: Loading cities.rb
 INFO LOG: May_11_23:53: Loading sector definitions.
 INFO LOG: May_11_23:53: Loading help.rb
 INFO LOG: May_11_23:53: Loading imcruby.rb
 INFO LOG: May_11_23:53: Loading player.rb
 INFO LOG: May_11_23:53: Loading commands.rb
 INFO LOG: May_11_23:53: Loading random.rb
 INFO LOG: May_11_23:53: Loading npc.rb
 INFO LOG: May_11_23:53: Loading items/types.rb
 INFO LOG: May_11_23:53: Loading items/items.rb
 INFO LOG: May_11_23:53: Loading spells.rb
 INFO LOG: May_11_23:53: Loading all zones.
 INFO LOG: May_11_23:53: Starting server.
 INFO LOG: May_11_23:53: CoralMUD is now up on port 4000.
 INFO LOG: May_11_23:53: -- 76.202.141.206:50860 connected to CoralMUD!
 INFO LOG: May_11_23:53: -- 76.202.141.206:50860: Retnur is trying to connect.
 INFO LOG: May_11_23:53: -- 76.202.141.206:50860: Retnur player file found.
 INFO LOG: May_11_23:53: -- Retnur has entered the game.
 INFO LOG: May_11_23:55: tick!!!
 INFO LOG: May_11_23:57: tick!!!
 INFO LOG: May_11_23:59: tick!!!
 INFO LOG: May_12_00:00: Loading cities.rb
 INFO LOG: May_12_00:00: Loading sector definitions.
 INFO LOG: May_12_00:00: -- #<Player:0x00000000a54588>:76.202.141.206:50860 disconnected from CoralMUD!
