 INFO LOG: May_23_22:18: Logging enabled.   Loading logs.rb.
 INFO LOG: May_23_22:18: Loading spellcheck.rb
 INFO LOG: May_23_22:18: Loading facade.rb
 INFO LOG: May_23_22:18: Loading query_list.rb
 INFO LOG: May_23_22:18: Loading utils.rb
 INFO LOG: May_23_22:18: Loading constants.rb
 INFO LOG: May_23_22:18: Loading damage.rb
 INFO LOG: May_23_22:18: Loading class_property.rb
 INFO LOG: May_23_22:18: Loading scripts.rb
 INFO LOG: May_23_22:18: Loading tags.rb
 INFO LOG: May_23_22:18: Loading editor/editors.rb
 INFO LOG: May_23_22:18: Loading editor/editor.strings.rb
 INFO LOG: May_23_22:18: Loading editor/editor.rooms.rb
 INFO LOG: May_23_22:18: Loading editor/editor.exits.rb
 INFO LOG: May_23_22:18: Loading editor/editor.zones.rb
 INFO LOG: May_23_22:18: Loading editor/editor.npc.rb
 INFO LOG: May_23_22:18: Loading editor/editor.items.rb
 INFO LOG: May_23_22:18: Loading editor/editor.socials.rb
 INFO LOG: May_23_22:18: Loading socials.rb
 INFO LOG: May_23_22:18: Loading mxp.rb
 INFO LOG: May_23_22:18: Loading mccp.rb
 INFO LOG: May_23_22:18: Loading flags.rb
 INFO LOG: May_23_22:18: Loading areas.rb
 INFO LOG: May_23_22:18: Loading security.rb
 INFO LOG: May_23_22:18: Loading event.rb
 INFO LOG: May_23_22:18: Loading automap/automap.rb
 INFO LOG: May_23_22:18: Loading cities.rb
 INFO LOG: May_23_22:18: Loading sector definitions.
 INFO LOG: May_23_22:18: Loading help.rb
 INFO LOG: May_23_22:18: Loading imcruby.rb
 INFO LOG: May_23_22:18: Loading player.rb
 INFO LOG: May_23_22:18: Loading commands.rb
 INFO LOG: May_23_22:19: Logging enabled.   Loading logs.rb.
 INFO LOG: May_23_22:19: Loading spellcheck.rb
 INFO LOG: May_23_22:19: Loading facade.rb
 INFO LOG: May_23_22:19: Loading query_list.rb
 INFO LOG: May_23_22:19: Loading utils.rb
 INFO LOG: May_23_22:19: Loading constants.rb
 INFO LOG: May_23_22:19: Loading damage.rb
 INFO LOG: May_23_22:19: Loading class_property.rb
 INFO LOG: May_23_22:19: Loading scripts.rb
 INFO LOG: May_23_22:19: Loading tags.rb
 INFO LOG: May_23_22:19: Loading editor/editors.rb
 INFO LOG: May_23_22:19: Loading editor/editor.strings.rb
 INFO LOG: May_23_22:19: Loading editor/editor.rooms.rb
 INFO LOG: May_23_22:19: Loading editor/editor.exits.rb
 INFO LOG: May_23_22:19: Loading editor/editor.zones.rb
 INFO LOG: May_23_22:19: Loading editor/editor.npc.rb
 INFO LOG: May_23_22:19: Loading editor/editor.items.rb
 INFO LOG: May_23_22:19: Loading editor/editor.socials.rb
 INFO LOG: May_23_22:19: Loading socials.rb
 INFO LOG: May_23_22:19: Loading mxp.rb
 INFO LOG: May_23_22:19: Loading mccp.rb
 INFO LOG: May_23_22:19: Loading flags.rb
 INFO LOG: May_23_22:19: Loading areas.rb
 INFO LOG: May_23_22:19: Loading security.rb
 INFO LOG: May_23_22:19: Loading event.rb
 INFO LOG: May_23_22:19: Loading automap/automap.rb
 INFO LOG: May_23_22:19: Loading cities.rb
 INFO LOG: May_23_22:19: Loading sector definitions.
 INFO LOG: May_23_22:19: Loading help.rb
 INFO LOG: May_23_22:19: Loading imcruby.rb
 INFO LOG: May_23_22:19: Loading player.rb
 INFO LOG: May_23_22:19: Loading commands.rb
 INFO LOG: May_23_22:19: Loading editor/editor.player.rb
 INFO LOG: May_23_22:19: Loading random.rb
 INFO LOG: May_23_22:19: Loading npc.rb
 INFO LOG: May_23_22:19: Loading items/types.rb
 INFO LOG: May_23_22:19: Loading items/items.rb
 INFO LOG: May_23_22:19: Loading spells.rb
 INFO LOG: May_23_22:19: Loading all zones.
 INFO LOG: May_23_22:19: Loading all socials.
 INFO LOG: May_23_22:19: Starting server.
 INFO LOG: May_23_22:19: CoralMUD is now up on port 4000.
 INFO LOG: May_23_22:19: -- 76.202.141.206:48811 connected to CoralMUD!
 INFO LOG: May_23_22:19: -- 76.202.141.206:48811: () Invalid name in character creation.
 INFO LOG: May_23_22:19: -- 76.202.141.206:48811: Retnur is trying to connect.
 INFO LOG: May_23_22:19: -- 76.202.141.206:48811: Retnur player file found.
 INFO LOG: May_23_22:19: -- Retnur has entered the game.
ERROR LOG: undefined method `each_bfs' for nil:NilClass
ERROR LOG: /home/heath/coral/lib/automap/automap.rb:24:in `build_map'
ERROR LOG: /home/heath/coral/lib/automap/automap.rb:9:in `initialize'
ERROR LOG: /home/heath/coral/lib/commands/look.rb:48:in `new'
ERROR LOG: /home/heath/coral/lib/commands/look.rb:48:in `cmd_look'
ERROR LOG: /home/heath/coral/lib/commands.rb:306:in `execute_command'
ERROR LOG: /home/heath/coral/core/creation.rb:118:in `block in assign_nanny'
 INFO LOG: May_23_22:20: -- #<Player:0x00000002d08520>:76.202.141.206:48811 disconnected from CoralMUD!
 INFO LOG: May_23_22:20: Logging enabled.   Loading logs.rb.
 INFO LOG: May_23_22:20: Loading spellcheck.rb
 INFO LOG: May_23_22:20: Loading facade.rb
 INFO LOG: May_23_22:20: Loading query_list.rb
 INFO LOG: May_23_22:20: Loading utils.rb
 INFO LOG: May_23_22:20: Loading constants.rb
 INFO LOG: May_23_22:20: Loading damage.rb
 INFO LOG: May_23_22:20: Loading class_property.rb
 INFO LOG: May_23_22:20: Loading scripts.rb
 INFO LOG: May_23_22:20: Loading tags.rb
 INFO LOG: May_23_22:20: Loading editor/editors.rb
 INFO LOG: May_23_22:20: Loading editor/editor.strings.rb
 INFO LOG: May_23_22:20: Loading editor/editor.rooms.rb
 INFO LOG: May_23_22:20: Loading editor/editor.exits.rb
 INFO LOG: May_23_22:20: Loading editor/editor.zones.rb
 INFO LOG: May_23_22:20: Loading editor/editor.npc.rb
 INFO LOG: May_23_22:20: Loading editor/editor.items.rb
 INFO LOG: May_23_22:20: Loading editor/editor.socials.rb
 INFO LOG: May_23_22:20: Loading socials.rb
 INFO LOG: May_23_22:20: Loading mxp.rb
 INFO LOG: May_23_22:20: Loading mccp.rb
 INFO LOG: May_23_22:20: Loading flags.rb
 INFO LOG: May_23_22:20: Loading areas.rb
 INFO LOG: May_23_22:20: Loading security.rb
 INFO LOG: May_23_22:20: Loading event.rb
 INFO LOG: May_23_22:20: Loading automap/automap.rb
 INFO LOG: May_23_22:20: Loading cities.rb
 INFO LOG: May_23_22:20: Loading sector definitions.
 INFO LOG: May_23_22:20: Loading help.rb
 INFO LOG: May_23_22:20: Loading imcruby.rb
 INFO LOG: May_23_22:20: Loading player.rb
 INFO LOG: May_23_22:20: Loading commands.rb
 INFO LOG: May_23_22:20: Loading editor/editor.player.rb
 INFO LOG: May_23_22:20: Loading random.rb
 INFO LOG: May_23_22:20: Loading npc.rb
 INFO LOG: May_23_22:20: Loading items/types.rb
 INFO LOG: May_23_22:20: Loading items/items.rb
 INFO LOG: May_23_22:20: Loading spells.rb
 INFO LOG: May_23_22:20: Loading all zones.
 INFO LOG: May_23_22:20: Loading all socials.
 INFO LOG: May_23_22:20: Starting server.
 INFO LOG: May_23_22:20: CoralMUD is now up on port 4000.
 INFO LOG: May_23_22:20: -- 76.202.141.206:40045 connected to CoralMUD!
 INFO LOG: May_23_22:20: -- 76.202.141.206:40045: Retnur is trying to connect.
 INFO LOG: May_23_22:20: -- 76.202.141.206:40045: Retnur player file found.
 INFO LOG: May_23_22:20: -- Retnur has entered the game.
ERROR LOG: undefined local variable or method `actor' for #<Player:0x000000031bb860>
ERROR LOG: /home/heath/coral/lib/commands/look.rb:58:in `block in cmd_look'
ERROR LOG: /home/heath/coral/lib/class_property.rb:287:in `block in each_stuff'
ERROR LOG: /home/heath/coral/lib/class_property.rb:287:in `each'
ERROR LOG: /home/heath/coral/lib/class_property.rb:287:in `each_stuff'
ERROR LOG: /home/heath/coral/lib/commands/look.rb:53:in `cmd_look'
ERROR LOG: /home/heath/coral/lib/commands.rb:306:in `execute_command'
ERROR LOG: /home/heath/coral/core/creation.rb:118:in `block in assign_nanny'
 INFO LOG: May_23_22:21: Loading commands.rb
 INFO LOG: May_23_22:22: tick!!!
 INFO LOG: May_23_22:23: Loading commands.rb
 INFO LOG: May_23_22:24: tick!!!
 INFO LOG: May_23_22:26: Loading cities.rb
 INFO LOG: May_23_22:26: Loading sector definitions.
 INFO LOG: May_23_22:26: -- #<Player:0x000000031bb860>:76.202.141.206:40045 disconnected from CoralMUD!
 INFO LOG: May_23_22:26: Logging enabled.   Loading logs.rb.
 INFO LOG: May_23_22:26: Loading spellcheck.rb
 INFO LOG: May_23_22:26: Loading facade.rb
 INFO LOG: May_23_22:26: Loading query_list.rb
 INFO LOG: May_23_22:26: Loading utils.rb
 INFO LOG: May_23_22:26: Loading constants.rb
 INFO LOG: May_23_22:26: Loading damage.rb
 INFO LOG: May_23_22:26: Loading class_property.rb
 INFO LOG: May_23_22:26: Loading scripts.rb
 INFO LOG: May_23_22:26: Loading tags.rb
 INFO LOG: May_23_22:26: Loading editor/editors.rb
 INFO LOG: May_23_22:26: Loading editor/editor.strings.rb
 INFO LOG: May_23_22:26: Loading editor/editor.rooms.rb
 INFO LOG: May_23_22:26: Loading editor/editor.exits.rb
 INFO LOG: May_23_22:26: Loading editor/editor.zones.rb
 INFO LOG: May_23_22:26: Loading editor/editor.npc.rb
 INFO LOG: May_23_22:26: Loading editor/editor.items.rb
 INFO LOG: May_23_22:26: Loading editor/editor.socials.rb
 INFO LOG: May_23_22:26: Loading socials.rb
 INFO LOG: May_23_22:26: Loading mxp.rb
 INFO LOG: May_23_22:26: Loading mccp.rb
 INFO LOG: May_23_22:26: Loading flags.rb
 INFO LOG: May_23_22:26: Loading areas.rb
 INFO LOG: May_23_22:26: Loading security.rb
 INFO LOG: May_23_22:26: Loading event.rb
 INFO LOG: May_23_22:26: Loading automap/automap.rb
 INFO LOG: May_23_22:26: Loading cities.rb
 INFO LOG: May_23_22:26: Loading sector definitions.
 INFO LOG: May_23_22:26: Loading help.rb
 INFO LOG: May_23_22:26: Loading imcruby.rb
 INFO LOG: May_23_22:26: Loading player.rb
 INFO LOG: May_23_22:26: Loading commands.rb
 INFO LOG: May_23_22:26: Loading editor/editor.player.rb
 INFO LOG: May_23_22:26: Loading random.rb
 INFO LOG: May_23_22:26: Loading npc.rb
 INFO LOG: May_23_22:26: Loading items/types.rb
 INFO LOG: May_23_22:26: Loading items/items.rb
 INFO LOG: May_23_22:26: Loading spells.rb
 INFO LOG: May_23_22:26: Loading all zones.
 INFO LOG: May_23_22:26: Loading all socials.
 INFO LOG: May_23_22:26: Starting server.
 INFO LOG: May_23_22:26: CoralMUD is now up on port 4000.
 INFO LOG: May_23_22:26: -- 76.202.141.206:33997 connected to CoralMUD!
 INFO LOG: May_23_22:26: -- 76.202.141.206:33997: () Invalid name in character creation.
 INFO LOG: May_23_22:26: -- 76.202.141.206:33997: () Invalid name in character creation.
 INFO LOG: May_23_22:26: -- 76.202.141.206:33997: Retnur is trying to connect.
 INFO LOG: May_23_22:26: -- 76.202.141.206:33997: Retnur player file found.
 INFO LOG: May_23_22:26: -- Retnur has entered the game.
 INFO LOG: May_23_22:28: tick!!!
 INFO LOG: May_23_22:30: tick!!!
 INFO LOG: May_23_22:32: tick!!!
 INFO LOG: May_23_22:34: tick!!!
 INFO LOG: May_23_22:36: Loading items/items.rb
 INFO LOG: May_23_22:36: tick!!!
 INFO LOG: May_23_22:36: -- #<Player:0x000000029e1b30>:76.202.141.206:33997 disconnected from CoralMUD!
 INFO LOG: May_23_22:36: Logging enabled.   Loading logs.rb.
 INFO LOG: May_23_22:36: Loading spellcheck.rb
 INFO LOG: May_23_22:36: Loading facade.rb
 INFO LOG: May_23_22:36: Loading query_list.rb
 INFO LOG: May_23_22:36: Loading utils.rb
 INFO LOG: May_23_22:36: Loading constants.rb
 INFO LOG: May_23_22:36: Loading damage.rb
 INFO LOG: May_23_22:36: Loading class_property.rb
 INFO LOG: May_23_22:36: Loading scripts.rb
 INFO LOG: May_23_22:36: Loading tags.rb
 INFO LOG: May_23_22:36: Loading editor/editors.rb
 INFO LOG: May_23_22:36: Loading editor/editor.strings.rb
 INFO LOG: May_23_22:36: Loading editor/editor.rooms.rb
 INFO LOG: May_23_22:36: Loading editor/editor.exits.rb
 INFO LOG: May_23_22:36: Loading editor/editor.zones.rb
 INFO LOG: May_23_22:36: Loading editor/editor.npc.rb
 INFO LOG: May_23_22:36: Loading editor/editor.items.rb
 INFO LOG: May_23_22:36: Loading editor/editor.socials.rb
 INFO LOG: May_23_22:36: Loading socials.rb
 INFO LOG: May_23_22:36: Loading mxp.rb
 INFO LOG: May_23_22:36: Loading mccp.rb
 INFO LOG: May_23_22:36: Loading flags.rb
 INFO LOG: May_23_22:36: Loading areas.rb
 INFO LOG: May_23_22:36: Loading security.rb
 INFO LOG: May_23_22:36: Loading event.rb
 INFO LOG: May_23_22:36: Loading automap/automap.rb
 INFO LOG: May_23_22:36: Loading cities.rb
 INFO LOG: May_23_22:36: Loading sector definitions.
 INFO LOG: May_23_22:36: Loading help.rb
 INFO LOG: May_23_22:36: Loading imcruby.rb
 INFO LOG: May_23_22:36: Loading player.rb
 INFO LOG: May_23_22:36: Loading commands.rb
 INFO LOG: May_23_22:36: Loading editor/editor.player.rb
 INFO LOG: May_23_22:36: Loading random.rb
 INFO LOG: May_23_22:36: Loading npc.rb
 INFO LOG: May_23_22:36: Loading items/types.rb
 INFO LOG: May_23_22:36: Loading items/items.rb
 INFO LOG: May_23_22:36: Loading spells.rb
 INFO LOG: May_23_22:36: Loading all zones.
 INFO LOG: May_23_22:36: Loading all socials.
 INFO LOG: May_23_22:36: Starting server.
 INFO LOG: May_23_22:36: CoralMUD is now up on port 4000.
 INFO LOG: May_23_22:36: -- 76.202.141.206:47344 connected to CoralMUD!
 INFO LOG: May_23_22:36: -- 76.202.141.206:47344: () Invalid name in character creation.
 INFO LOG: May_23_22:36: -- 76.202.141.206:47344: () Invalid name in character creation.
 INFO LOG: May_23_22:36: -- 76.202.141.206:47344: Retnur is trying to connect.
 INFO LOG: May_23_22:36: -- 76.202.141.206:47344: Retnur player file found.
 INFO LOG: May_23_22:36: -- Retnur has entered the game.
 INFO LOG: May_23_22:38: tick!!!
 INFO LOG: May_23_22:40: tick!!!
 INFO LOG: May_23_22:42: tick!!!
 INFO LOG: May_23_22:44: tick!!!
 INFO LOG: May_23_22:46: tick!!!
 INFO LOG: May_23_22:46: -- #<Player:0x000000027286c8>:76.202.141.206:47344 disconnected from CoralMUD!
 INFO LOG: May_23_22:46: Logging enabled.   Loading logs.rb.
 INFO LOG: May_23_22:46: Loading spellcheck.rb
 INFO LOG: May_23_22:46: Loading facade.rb
 INFO LOG: May_23_22:46: Loading query_list.rb
 INFO LOG: May_23_22:46: Loading utils.rb
 INFO LOG: May_23_22:46: Loading constants.rb
 INFO LOG: May_23_22:46: Loading damage.rb
 INFO LOG: May_23_22:46: Loading class_property.rb
 INFO LOG: May_23_22:46: Loading scripts.rb
 INFO LOG: May_23_22:46: Loading tags.rb
 INFO LOG: May_23_22:46: Loading editor/editors.rb
 INFO LOG: May_23_22:46: Loading editor/editor.strings.rb
 INFO LOG: May_23_22:46: Loading editor/editor.rooms.rb
 INFO LOG: May_23_22:46: Loading editor/editor.exits.rb
 INFO LOG: May_23_22:46: Loading editor/editor.zones.rb
 INFO LOG: May_23_22:46: Loading editor/editor.npc.rb
 INFO LOG: May_23_22:46: Loading editor/editor.items.rb
 INFO LOG: May_23_22:46: Loading editor/editor.socials.rb
 INFO LOG: May_23_22:46: Loading socials.rb
 INFO LOG: May_23_22:46: Loading mxp.rb
 INFO LOG: May_23_22:46: Loading mccp.rb
 INFO LOG: May_23_22:46: Loading flags.rb
 INFO LOG: May_23_22:46: Loading areas.rb
 INFO LOG: May_23_22:46: Loading security.rb
 INFO LOG: May_23_22:46: Loading event.rb
 INFO LOG: May_23_22:46: Loading automap/automap.rb
 INFO LOG: May_23_22:46: Loading cities.rb
 INFO LOG: May_23_22:46: Loading sector definitions.
 INFO LOG: May_23_22:46: Loading help.rb
 INFO LOG: May_23_22:46: Loading imcruby.rb
 INFO LOG: May_23_22:46: Loading player.rb
 INFO LOG: May_23_22:46: Loading commands.rb
 INFO LOG: May_23_22:46: Loading editor/editor.player.rb
 INFO LOG: May_23_22:46: Loading random.rb
 INFO LOG: May_23_22:46: Loading npc.rb
 INFO LOG: May_23_22:46: Loading items/types.rb
 INFO LOG: May_23_22:46: Loading items/items.rb
 INFO LOG: May_23_22:46: Loading spells.rb
 INFO LOG: May_23_22:46: Loading all zones.
 INFO LOG: May_23_22:46: Loading all socials.
 INFO LOG: May_23_22:46: Starting server.
 INFO LOG: May_23_22:46: CoralMUD is now up on port 4000.
 INFO LOG: May_23_22:46: -- 76.202.141.206:45124 connected to CoralMUD!
 INFO LOG: May_23_22:46: -- 76.202.141.206:45124: () Invalid name in character creation.
 INFO LOG: May_23_22:46: -- 76.202.141.206:45124: () Invalid name in character creation.
 INFO LOG: May_23_22:46: -- 76.202.141.206:45124: Retnur is trying to connect.
 INFO LOG: May_23_22:46: -- 76.202.141.206:45124: Retnur player file found.
 INFO LOG: May_23_22:46: -- Retnur has entered the game.
 INFO LOG: May_23_22:50: Logging enabled.   Loading logs.rb.
 INFO LOG: May_23_22:50: Loading spellcheck.rb
 INFO LOG: May_23_22:50: Loading facade.rb
 INFO LOG: May_23_22:50: Loading query_list.rb
 INFO LOG: May_23_22:50: Loading utils.rb
 INFO LOG: May_23_22:50: Loading constants.rb
 INFO LOG: May_23_22:50: Loading damage.rb
 INFO LOG: May_23_22:50: Loading class_property.rb
 INFO LOG: May_23_22:50: Loading scripts.rb
 INFO LOG: May_23_22:50: Loading tags.rb
 INFO LOG: May_23_22:50: Loading editor/editors.rb
 INFO LOG: May_23_22:50: Loading editor/editor.strings.rb
 INFO LOG: May_23_22:50: Loading editor/editor.rooms.rb
 INFO LOG: May_23_22:50: Loading editor/editor.exits.rb
 INFO LOG: May_23_22:50: Loading editor/editor.zones.rb
 INFO LOG: May_23_22:50: Loading editor/editor.npc.rb
 INFO LOG: May_23_22:50: Loading editor/editor.items.rb
 INFO LOG: May_23_22:50: Loading editor/editor.socials.rb
 INFO LOG: May_23_22:50: Loading socials.rb
 INFO LOG: May_23_22:50: Loading mxp.rb
 INFO LOG: May_23_22:50: Loading mccp.rb
 INFO LOG: May_23_22:50: Loading flags.rb
 INFO LOG: May_23_22:50: Loading areas.rb
 INFO LOG: May_23_22:50: Loading security.rb
 INFO LOG: May_23_22:50: Loading event.rb
 INFO LOG: May_23_22:50: Loading automap/automap.rb
 INFO LOG: May_23_22:50: Loading cities.rb
 INFO LOG: May_23_22:50: Loading sector definitions.
 INFO LOG: May_23_22:50: Loading help.rb
 INFO LOG: May_23_22:50: Loading imcruby.rb
 INFO LOG: May_23_22:50: Loading player.rb
 INFO LOG: May_23_22:50: Loading commands.rb
 INFO LOG: May_23_22:50: Loading editor/editor.player.rb
 INFO LOG: May_23_22:50: Loading random.rb
 INFO LOG: May_23_22:50: Loading npc.rb
 INFO LOG: May_23_22:50: Loading items/types.rb
 INFO LOG: May_23_22:50: Loading items/items.rb
 INFO LOG: May_23_22:50: Loading spells.rb
 INFO LOG: May_23_22:50: Loading all zones.
 INFO LOG: May_23_22:50: Loading all socials.
 INFO LOG: May_23_22:50: Starting server.
ERROR LOG: May_23_22:50: CoralMUD boot failure.
 INFO LOG: May_23_22:56: Logging enabled.   Loading logs.rb.
 INFO LOG: May_23_22:56: Loading spellcheck.rb
 INFO LOG: May_23_22:56: Loading facade.rb
 INFO LOG: May_23_22:56: Loading query_list.rb
 INFO LOG: May_23_22:56: Loading utils.rb
 INFO LOG: May_23_22:56: Loading constants.rb
 INFO LOG: May_23_22:56: Loading damage.rb
 INFO LOG: May_23_22:56: Loading class_property.rb
 INFO LOG: May_23_22:56: Loading scripts.rb
 INFO LOG: May_23_22:56: Loading tags.rb
 INFO LOG: May_23_22:56: Loading editor/editors.rb
 INFO LOG: May_23_22:56: Loading editor/editor.strings.rb
 INFO LOG: May_23_22:56: Loading editor/editor.rooms.rb
 INFO LOG: May_23_22:56: Loading editor/editor.exits.rb
 INFO LOG: May_23_22:56: Loading editor/editor.zones.rb
 INFO LOG: May_23_22:56: Loading editor/editor.npc.rb
 INFO LOG: May_23_22:56: Loading editor/editor.items.rb
 INFO LOG: May_23_22:56: Loading editor/editor.socials.rb
 INFO LOG: May_23_22:56: Loading socials.rb
 INFO LOG: May_23_22:56: Loading mxp.rb
 INFO LOG: May_23_22:56: Loading mccp.rb
 INFO LOG: May_23_22:56: Loading flags.rb
 INFO LOG: May_23_22:56: Loading areas.rb
 INFO LOG: May_23_22:56: Loading security.rb
 INFO LOG: May_23_22:56: Loading event.rb
 INFO LOG: May_23_22:56: Loading automap/automap.rb
 INFO LOG: May_23_22:56: Loading cities.rb
 INFO LOG: May_23_22:56: Loading sector definitions.
 INFO LOG: May_23_22:56: Loading help.rb
 INFO LOG: May_23_22:56: Loading imcruby.rb
 INFO LOG: May_23_22:56: Loading player.rb
 INFO LOG: May_23_22:56: Loading commands.rb
 INFO LOG: May_23_22:56: Loading editor/editor.player.rb
 INFO LOG: May_23_22:56: Loading random.rb
 INFO LOG: May_23_22:56: Loading npc.rb
 INFO LOG: May_23_22:56: Loading items/types.rb
 INFO LOG: May_23_22:56: Loading items/items.rb
 INFO LOG: May_23_22:56: Loading spells.rb
 INFO LOG: May_23_22:56: Loading all zones.
 INFO LOG: May_23_22:56: Loading all socials.
 INFO LOG: May_23_22:56: Starting server.
 INFO LOG: May_23_22:56: CoralMUD is now up on port 4000.
 INFO LOG: May_23_22:56: -- 76.202.141.206:52053 connected to CoralMUD!
 INFO LOG: May_23_22:56: -- 76.202.141.206:52053: Retnur is trying to connect.
 INFO LOG: May_23_22:56: -- 76.202.141.206:52053: Retnur player file found.
 INFO LOG: May_23_22:56: -- Retnur has entered the game.
 INFO LOG: May_23_22:59: Logging enabled.   Loading logs.rb.
 INFO LOG: May_23_22:59: Loading spellcheck.rb
 INFO LOG: May_23_22:59: Loading facade.rb
 INFO LOG: May_23_22:59: Loading query_list.rb
 INFO LOG: May_23_22:59: Loading utils.rb
 INFO LOG: May_23_22:59: Loading constants.rb
 INFO LOG: May_23_22:59: Loading damage.rb
 INFO LOG: May_23_22:59: Loading class_property.rb
 INFO LOG: May_23_22:59: Loading scripts.rb
 INFO LOG: May_23_22:59: Loading tags.rb
 INFO LOG: May_23_22:59: Loading editor/editors.rb
 INFO LOG: May_23_22:59: Loading editor/editor.strings.rb
 INFO LOG: May_23_22:59: Loading editor/editor.rooms.rb
 INFO LOG: May_23_22:59: Loading editor/editor.exits.rb
 INFO LOG: May_23_22:59: Loading editor/editor.zones.rb
 INFO LOG: May_23_22:59: Loading editor/editor.npc.rb
 INFO LOG: May_23_22:59: Loading editor/editor.items.rb
 INFO LOG: May_23_22:59: Loading editor/editor.socials.rb
 INFO LOG: May_23_22:59: Loading socials.rb
 INFO LOG: May_23_22:59: Loading mxp.rb
 INFO LOG: May_23_22:59: Loading mccp.rb
 INFO LOG: May_23_22:59: Loading flags.rb
 INFO LOG: May_23_22:59: Loading areas.rb
 INFO LOG: May_23_22:59: Loading security.rb
 INFO LOG: May_23_22:59: Loading event.rb
 INFO LOG: May_23_22:59: Loading automap/automap.rb
 INFO LOG: May_23_22:59: Loading cities.rb
 INFO LOG: May_23_22:59: Loading sector definitions.
 INFO LOG: May_23_22:59: Loading help.rb
 INFO LOG: May_23_22:59: Loading imcruby.rb
 INFO LOG: May_23_22:59: Loading player.rb
 INFO LOG: May_23_22:59: Loading commands.rb
 INFO LOG: May_23_22:59: Loading editor/editor.player.rb
 INFO LOG: May_23_22:59: Loading random.rb
 INFO LOG: May_23_22:59: Loading npc.rb
 INFO LOG: May_23_22:59: Loading items/types.rb
 INFO LOG: May_23_22:59: Loading items/items.rb
 INFO LOG: May_23_22:59: Loading spells.rb
 INFO LOG: May_23_22:59: Loading all zones.
 INFO LOG: May_23_22:59: Loading all socials.
 INFO LOG: May_23_22:59: Starting server.
 INFO LOG: May_23_22:59: CoralMUD is now up on port 4000.
 INFO LOG: May_23_22:59: -- 76.202.141.206:41758 connected to CoralMUD!
 INFO LOG: May_23_22:59: -- 76.202.141.206:41758: Retnur is trying to connect.
 INFO LOG: May_23_22:59: -- 76.202.141.206:41758: Retnur player file found.
 INFO LOG: May_23_22:59: -- Retnur has entered the game.
 INFO LOG: May_23_23:01: tick!!!
ERROR LOG: undefined method `remove' for nil:NilClass
ERROR LOG: /home/heath/coral/lib/commands/purge.rb:13:in `block in cmd_purge'
ERROR LOG: /home/heath/coral/lib/commands/purge.rb:12:in `each'
ERROR LOG: /home/heath/coral/lib/commands/purge.rb:12:in `cmd_purge'
ERROR LOG: /home/heath/coral/lib/commands.rb:306:in `execute_command'
ERROR LOG: /home/heath/coral/core/socketengine.rb:170:in `block in handle_cmd_input'
ERROR LOG: /home/heath/coral/core/socketengine.rb:169:in `times'
ERROR LOG: /home/heath/coral/core/socketengine.rb:169:in `handle_cmd_input'
ERROR LOG: /home/heath/coral/core/socketengine.rb:133:in `receive_data'
ERROR LOG: /usr/local/lib/ruby/gems/1.9.1/gems/eventmachine-0.12.8/lib/eventmachine.rb:242:in `run_machine'
ERROR LOG: /usr/local/lib/ruby/gems/1.9.1/gems/eventmachine-0.12.8/lib/eventmachine.rb:242:in `run'
ERROR LOG: coral.rb:174:in `<main>'
ERROR LOG: undefined method `each_bfs' for nil:NilClass
ERROR LOG: /home/heath/coral/lib/automap/automap.rb:24:in `build_map'
ERROR LOG: /home/heath/coral/lib/automap/automap.rb:9:in `initialize'
ERROR LOG: /home/heath/coral/lib/commands/look.rb:48:in `new'
ERROR LOG: /home/heath/coral/lib/commands/look.rb:48:in `cmd_look'
ERROR LOG: /home/heath/coral/lib/commands.rb:306:in `execute_command'
ERROR LOG: /home/heath/coral/core/socketengine.rb:170:in `block in handle_cmd_input'
ERROR LOG: /home/heath/coral/core/socketengine.rb:169:in `times'
ERROR LOG: /home/heath/coral/core/socketengine.rb:169:in `handle_cmd_input'
ERROR LOG: /home/heath/coral/core/socketengine.rb:133:in `receive_data'
ERROR LOG: /usr/local/lib/ruby/gems/1.9.1/gems/eventmachine-0.12.8/lib/eventmachine.rb:242:in `run_machine'
ERROR LOG: /usr/local/lib/ruby/gems/1.9.1/gems/eventmachine-0.12.8/lib/eventmachine.rb:242:in `run'
ERROR LOG: coral.rb:174:in `<main>'
 INFO LOG: May_23_23:02: Loading items/items.rb
 INFO LOG: May_23_23:03: tick!!!
 INFO LOG: May_23_23:04: -- #<Player:0x000000018e18a8>:76.202.141.206:41758 disconnected from CoralMUD!
 INFO LOG: May_23_23:04: Logging enabled.   Loading logs.rb.
 INFO LOG: May_23_23:04: Loading spellcheck.rb
 INFO LOG: May_23_23:04: Loading facade.rb
 INFO LOG: May_23_23:04: Loading query_list.rb
 INFO LOG: May_23_23:04: Loading utils.rb
 INFO LOG: May_23_23:04: Loading constants.rb
 INFO LOG: May_23_23:04: Loading damage.rb
 INFO LOG: May_23_23:04: Loading class_property.rb
 INFO LOG: May_23_23:04: Loading scripts.rb
 INFO LOG: May_23_23:04: Loading tags.rb
 INFO LOG: May_23_23:04: Loading editor/editors.rb
 INFO LOG: May_23_23:04: Loading editor/editor.strings.rb
 INFO LOG: May_23_23:04: Loading editor/editor.rooms.rb
 INFO LOG: May_23_23:04: Loading editor/editor.exits.rb
 INFO LOG: May_23_23:04: Loading editor/editor.zones.rb
 INFO LOG: May_23_23:04: Loading editor/editor.npc.rb
 INFO LOG: May_23_23:04: Loading editor/editor.items.rb
 INFO LOG: May_23_23:04: Loading editor/editor.socials.rb
 INFO LOG: May_23_23:04: Loading socials.rb
 INFO LOG: May_23_23:04: Loading mxp.rb
 INFO LOG: May_23_23:04: Loading mccp.rb
 INFO LOG: May_23_23:04: Loading flags.rb
 INFO LOG: May_23_23:04: Loading areas.rb
 INFO LOG: May_23_23:04: Loading security.rb
 INFO LOG: May_23_23:04: Loading event.rb
 INFO LOG: May_23_23:04: Loading automap/automap.rb
 INFO LOG: May_23_23:04: Loading cities.rb
 INFO LOG: May_23_23:04: Loading sector definitions.
 INFO LOG: May_23_23:04: Loading help.rb
 INFO LOG: May_23_23:04: Loading imcruby.rb
 INFO LOG: May_23_23:04: Loading player.rb
 INFO LOG: May_23_23:04: Loading commands.rb
 INFO LOG: May_23_23:04: Loading editor/editor.player.rb
 INFO LOG: May_23_23:04: Loading random.rb
 INFO LOG: May_23_23:04: Loading npc.rb
 INFO LOG: May_23_23:04: Loading items/types.rb
 INFO LOG: May_23_23:04: Loading items/items.rb
 INFO LOG: May_23_23:04: Loading spells.rb
 INFO LOG: May_23_23:04: Loading all zones.
 INFO LOG: May_23_23:04: Loading all socials.
 INFO LOG: May_23_23:04: Starting server.
 INFO LOG: May_23_23:04: CoralMUD is now up on port 4000.
 INFO LOG: May_23_23:04: -- 76.202.141.206:36795 connected to CoralMUD!
 INFO LOG: May_23_23:05: -- 76.202.141.206:36795: Retnur is trying to connect.
 INFO LOG: May_23_23:05: -- 76.202.141.206:36795: Retnur player file found.
 INFO LOG: May_23_23:05: -- Retnur has entered the game.
 INFO LOG: May_23_23:06: -- #<Player:0x000000034d1090>:76.202.141.206:36795 disconnected from CoralMUD!
 INFO LOG: May_23_23:06: Logging enabled.   Loading logs.rb.
 INFO LOG: May_23_23:06: Loading spellcheck.rb
 INFO LOG: May_23_23:06: Loading facade.rb
 INFO LOG: May_23_23:06: Loading query_list.rb
 INFO LOG: May_23_23:06: Loading utils.rb
 INFO LOG: May_23_23:06: Loading constants.rb
 INFO LOG: May_23_23:06: Loading damage.rb
 INFO LOG: May_23_23:06: Loading class_property.rb
 INFO LOG: May_23_23:06: Loading scripts.rb
 INFO LOG: May_23_23:06: Loading tags.rb
 INFO LOG: May_23_23:06: Loading editor/editors.rb
 INFO LOG: May_23_23:06: Loading editor/editor.strings.rb
 INFO LOG: May_23_23:06: Loading editor/editor.rooms.rb
 INFO LOG: May_23_23:06: Loading editor/editor.exits.rb
 INFO LOG: May_23_23:06: Loading editor/editor.zones.rb
 INFO LOG: May_23_23:06: Loading editor/editor.npc.rb
 INFO LOG: May_23_23:06: Loading editor/editor.items.rb
 INFO LOG: May_23_23:06: Loading editor/editor.socials.rb
 INFO LOG: May_23_23:06: Loading socials.rb
 INFO LOG: May_23_23:06: Loading mxp.rb
 INFO LOG: May_23_23:06: Loading mccp.rb
 INFO LOG: May_23_23:06: Loading flags.rb
 INFO LOG: May_23_23:06: Loading areas.rb
 INFO LOG: May_23_23:06: Loading security.rb
 INFO LOG: May_23_23:06: Loading event.rb
 INFO LOG: May_23_23:06: Loading automap/automap.rb
 INFO LOG: May_23_23:06: Loading cities.rb
 INFO LOG: May_23_23:06: Loading sector definitions.
 INFO LOG: May_23_23:06: Loading help.rb
 INFO LOG: May_23_23:06: Loading imcruby.rb
 INFO LOG: May_23_23:06: Loading player.rb
 INFO LOG: May_23_23:06: Loading commands.rb
 INFO LOG: May_23_23:06: Loading editor/editor.player.rb
 INFO LOG: May_23_23:06: Loading random.rb
 INFO LOG: May_23_23:06: Loading npc.rb
 INFO LOG: May_23_23:06: Loading items/types.rb
 INFO LOG: May_23_23:06: Loading items/items.rb
 INFO LOG: May_23_23:06: Loading spells.rb
 INFO LOG: May_23_23:06: Loading all zones.
 INFO LOG: May_23_23:06: Loading all socials.
 INFO LOG: May_23_23:06: Starting server.
 INFO LOG: May_23_23:06: CoralMUD is now up on port 4000.
 INFO LOG: May_23_23:06: -- 76.202.141.206:34124 connected to CoralMUD!
 INFO LOG: May_23_23:06: -- 76.202.141.206:34124: () Invalid name in character creation.
 INFO LOG: May_23_23:06: -- 76.202.141.206:34124: () Invalid name in character creation.
 INFO LOG: May_23_23:06: -- 76.202.141.206:34124: () Invalid name in character creation.
 INFO LOG: May_23_23:06: -- 76.202.141.206:34124: Retnur is trying to connect.
 INFO LOG: May_23_23:06: -- 76.202.141.206:34124: Retnur player file found.
 INFO LOG: May_23_23:06: -- Retnur has entered the game.
 INFO LOG: May_23_23:08: -- #<Player:0x00000001c28480>:76.202.141.206:34124 disconnected from CoralMUD!
 INFO LOG: May_23_23:08: Logging enabled.   Loading logs.rb.
 INFO LOG: May_23_23:08: Loading spellcheck.rb
 INFO LOG: May_23_23:08: Loading facade.rb
 INFO LOG: May_23_23:08: Loading query_list.rb
 INFO LOG: May_23_23:08: Loading utils.rb
 INFO LOG: May_23_23:08: Loading constants.rb
 INFO LOG: May_23_23:08: Loading damage.rb
 INFO LOG: May_23_23:08: Loading class_property.rb
 INFO LOG: May_23_23:08: Loading scripts.rb
 INFO LOG: May_23_23:08: Loading tags.rb
 INFO LOG: May_23_23:08: Loading editor/editors.rb
 INFO LOG: May_23_23:08: Loading editor/editor.strings.rb
 INFO LOG: May_23_23:08: Loading editor/editor.rooms.rb
 INFO LOG: May_23_23:08: Loading editor/editor.exits.rb
 INFO LOG: May_23_23:08: Loading editor/editor.zones.rb
 INFO LOG: May_23_23:08: Loading editor/editor.npc.rb
 INFO LOG: May_23_23:08: Loading editor/editor.items.rb
 INFO LOG: May_23_23:08: Loading editor/editor.socials.rb
 INFO LOG: May_23_23:08: Loading socials.rb
 INFO LOG: May_23_23:08: Loading mxp.rb
 INFO LOG: May_23_23:08: Loading mccp.rb
 INFO LOG: May_23_23:08: Loading flags.rb
 INFO LOG: May_23_23:08: Loading areas.rb
 INFO LOG: May_23_23:08: Loading security.rb
 INFO LOG: May_23_23:08: Loading event.rb
 INFO LOG: May_23_23:08: Loading automap/automap.rb
 INFO LOG: May_23_23:08: Loading cities.rb
 INFO LOG: May_23_23:08: Loading sector definitions.
 INFO LOG: May_23_23:08: Loading help.rb
 INFO LOG: May_23_23:08: Loading imcruby.rb
 INFO LOG: May_23_23:08: Loading player.rb
 INFO LOG: May_23_23:08: Loading commands.rb
 INFO LOG: May_23_23:08: Loading editor/editor.player.rb
 INFO LOG: May_23_23:08: Loading random.rb
 INFO LOG: May_23_23:08: Loading npc.rb
 INFO LOG: May_23_23:08: Loading items/types.rb
 INFO LOG: May_23_23:08: Loading items/items.rb
 INFO LOG: May_23_23:08: Loading spells.rb
 INFO LOG: May_23_23:08: Loading all zones.
 INFO LOG: May_23_23:08: Loading all socials.
 INFO LOG: May_23_23:08: Starting server.
 INFO LOG: May_23_23:08: CoralMUD is now up on port 4000.
 INFO LOG: May_23_23:08: -- 76.202.141.206:38988 connected to CoralMUD!
 INFO LOG: May_23_23:08: -- 76.202.141.206:38988: () Invalid name in character creation.
 INFO LOG: May_23_23:08: -- 76.202.141.206:38988: () Invalid name in character creation.
 INFO LOG: May_23_23:08: -- 76.202.141.206:38988: Retnur is trying to connect.
 INFO LOG: May_23_23:08: -- 76.202.141.206:38988: Retnur player file found.
 INFO LOG: May_23_23:08: -- Retnur has entered the game.
 INFO LOG: May_23_23:09: Logging enabled.   Loading logs.rb.
 INFO LOG: May_23_23:09: Loading spellcheck.rb
 INFO LOG: May_23_23:09: Loading facade.rb
 INFO LOG: May_23_23:09: Loading query_list.rb
 INFO LOG: May_23_23:09: Loading utils.rb
 INFO LOG: May_23_23:09: Loading constants.rb
 INFO LOG: May_23_23:09: Loading damage.rb
 INFO LOG: May_23_23:09: Loading class_property.rb
 INFO LOG: May_23_23:09: Loading scripts.rb
 INFO LOG: May_23_23:09: Loading tags.rb
 INFO LOG: May_23_23:09: Loading editor/editors.rb
 INFO LOG: May_23_23:09: Loading editor/editor.strings.rb
 INFO LOG: May_23_23:09: Loading editor/editor.rooms.rb
 INFO LOG: May_23_23:09: Loading editor/editor.exits.rb
 INFO LOG: May_23_23:09: Loading editor/editor.zones.rb
 INFO LOG: May_23_23:09: Loading editor/editor.npc.rb
 INFO LOG: May_23_23:09: Loading editor/editor.items.rb
 INFO LOG: May_23_23:09: Loading editor/editor.socials.rb
 INFO LOG: May_23_23:09: Loading socials.rb
 INFO LOG: May_23_23:09: Loading mxp.rb
 INFO LOG: May_23_23:09: Loading mccp.rb
 INFO LOG: May_23_23:09: Loading flags.rb
 INFO LOG: May_23_23:09: Loading areas.rb
 INFO LOG: May_23_23:09: Loading security.rb
 INFO LOG: May_23_23:09: Loading event.rb
 INFO LOG: May_23_23:09: Loading automap/automap.rb
 INFO LOG: May_23_23:09: Loading cities.rb
 INFO LOG: May_23_23:09: Loading sector definitions.
 INFO LOG: May_23_23:09: Loading help.rb
 INFO LOG: May_23_23:09: Loading imcruby.rb
 INFO LOG: May_23_23:09: Loading player.rb
 INFO LOG: May_23_23:09: Loading commands.rb
 INFO LOG: May_23_23:09: Loading editor/editor.player.rb
 INFO LOG: May_23_23:09: Loading random.rb
 INFO LOG: May_23_23:09: Loading npc.rb
 INFO LOG: May_23_23:09: Loading items/types.rb
 INFO LOG: May_23_23:09: Loading items/items.rb
 INFO LOG: May_23_23:09: Loading spells.rb
 INFO LOG: May_23_23:09: Loading all zones.
 INFO LOG: May_23_23:09: Loading all socials.
 INFO LOG: May_23_23:09: Starting server.
 INFO LOG: May_23_23:09: CoralMUD is now up on port 4000.
 INFO LOG: May_23_23:10: -- 76.202.141.206:41240 connected to CoralMUD!
 INFO LOG: May_23_23:10: -- 76.202.141.206:41240: Retnur is trying to connect.
 INFO LOG: May_23_23:10: -- 76.202.141.206:41240: Retnur player file found.
 INFO LOG: May_23_23:10: -- Retnur has entered the game.
 INFO LOG: May_23_23:11: tick!!!
 INFO LOG: May_23_23:13: tick!!!
 INFO LOG: May_23_23:15: tick!!!
 INFO LOG: May_23_23:17: tick!!!
 INFO LOG: May_23_23:19: tick!!!
 INFO LOG: May_23_23:21: tick!!!
 INFO LOG: May_23_23:23: tick!!!
 INFO LOG: May_23_23:25: tick!!!
 INFO LOG: May_23_23:27: tick!!!
 INFO LOG: May_23_23:29: tick!!!
 INFO LOG: May_23_23:31: tick!!!
 INFO LOG: May_23_23:33: tick!!!
 INFO LOG: May_23_23:35: tick!!!
 INFO LOG: May_23_23:37: tick!!!
 INFO LOG: May_23_23:39: tick!!!
 INFO LOG: May_23_23:41: tick!!!
 INFO LOG: May_23_23:43: tick!!!
 INFO LOG: May_23_23:45: tick!!!
 INFO LOG: May_23_23:47: tick!!!
 INFO LOG: May_23_23:49: tick!!!
 INFO LOG: May_23_23:51: tick!!!
 INFO LOG: May_23_23:53: tick!!!
 INFO LOG: May_23_23:55: tick!!!
 INFO LOG: May_23_23:57: tick!!!
 INFO LOG: May_23_23:59: tick!!!
 INFO LOG: May_24_00:01: tick!!!
 INFO LOG: May_24_00:03: tick!!!
 INFO LOG: May_24_00:05: tick!!!
 INFO LOG: May_24_00:07: tick!!!
 INFO LOG: May_24_00:10: tick!!!
 INFO LOG: May_24_00:12: tick!!!
 INFO LOG: May_24_00:14: tick!!!
 INFO LOG: May_24_00:16: tick!!!
 INFO LOG: May_24_00:18: tick!!!
 INFO LOG: May_24_00:20: tick!!!
 INFO LOG: May_24_00:22: tick!!!
 INFO LOG: May_24_00:24: tick!!!
 INFO LOG: May_24_00:26: tick!!!
 INFO LOG: May_24_00:28: tick!!!
 INFO LOG: May_24_00:30: tick!!!
 INFO LOG: May_24_00:32: tick!!!
 INFO LOG: May_24_00:34: tick!!!
 INFO LOG: May_24_00:36: tick!!!
 INFO LOG: May_24_00:38: tick!!!
 INFO LOG: May_24_00:40: tick!!!
 INFO LOG: May_24_00:42: tick!!!
 INFO LOG: May_24_00:44: tick!!!
 INFO LOG: May_24_00:46: tick!!!
 INFO LOG: May_24_00:48: tick!!!
 INFO LOG: May_24_00:50: tick!!!
 INFO LOG: May_24_00:52: tick!!!
 INFO LOG: May_24_00:54: tick!!!
 INFO LOG: May_24_00:56: tick!!!
 INFO LOG: May_24_00:58: tick!!!
 INFO LOG: May_24_01:00: tick!!!
 INFO LOG: May_24_01:02: tick!!!
 INFO LOG: May_24_01:04: tick!!!
 INFO LOG: May_24_01:06: tick!!!
 INFO LOG: May_24_01:08: tick!!!
 INFO LOG: May_24_01:09: Loading cities.rb
 INFO LOG: May_24_01:09: Loading sector definitions.
 INFO LOG: May_24_01:10: tick!!!
 INFO LOG: May_24_01:12: tick!!!
 INFO LOG: May_24_01:14: tick!!!
 INFO LOG: May_24_01:15: -- #<Player:0x000000031d7150>:76.202.141.206:41240 disconnected from CoralMUD!
