 INFO LOG: May_13_11:09: Logging enabled.   Loading logs.rb.
 INFO LOG: May_13_11:09: Loading facade.rb
 INFO LOG: May_13_11:09: Loading query_list.rb
 INFO LOG: May_13_11:09: Loading utils.rb
 INFO LOG: May_13_11:09: Loading constants.rb
 INFO LOG: May_13_11:09: Loading damage.rb
 INFO LOG: May_13_11:09: Loading class_property.rb
 INFO LOG: May_13_11:09: Loading scripts.rb
 INFO LOG: May_13_11:09: Loading tags.rb
 INFO LOG: May_13_11:09: Loading editor/editors.rb
 INFO LOG: May_13_11:09: Loading editor/editor.strings.rb
 INFO LOG: May_13_11:09: Loading editor/editor.rooms.rb
 INFO LOG: May_13_11:09: Loading editor/editor.exits.rb
 INFO LOG: May_13_11:09: Loading editor/editor.zones.rb
 INFO LOG: May_13_11:09: Loading editor/editor.npc.rb
 INFO LOG: May_13_11:09: Loading editor/editor.items.rb
 INFO LOG: May_13_11:09: Loading mxp.rb
 INFO LOG: May_13_11:09: Loading mccp.rb
 INFO LOG: May_13_11:09: Loading flags.rb
 INFO LOG: May_13_11:09: Loading areas.rb
 INFO LOG: May_13_11:09: Loading event.rb
 INFO LOG: May_13_11:09: Loading automap/automap.rb
 INFO LOG: May_13_11:09: Loading cities.olc.rb
 INFO LOG: May_13_11:09: Loading cities.rb
 INFO LOG: May_13_11:09: Loading sector definitions.
 INFO LOG: May_13_11:09: Loading help.rb
 INFO LOG: May_13_11:09: Loading imcruby.rb
 INFO LOG: May_13_11:09: Loading player.rb
 INFO LOG: May_13_11:09: Loading commands.rb
 INFO LOG: May_13_11:09: Loading random.rb
 INFO LOG: May_13_11:09: Loading npc.rb
 INFO LOG: May_13_11:09: Loading items/types.rb
 INFO LOG: May_13_11:09: Loading items/items.rb
 INFO LOG: May_13_11:09: Loading spells.rb
 INFO LOG: May_13_11:09: Loading all zones.
 INFO LOG: May_13_11:09: Starting server.
 INFO LOG: May_13_11:09: CoralMUD is now up on port 4000.
 INFO LOG: May_13_11:09: -- 76.202.141.206:36757 connected to CoralMUD!
 INFO LOG: May_13_11:10: -- 76.202.141.206:36757: Retnur is trying to connect.
 INFO LOG: May_13_11:10: -- 76.202.141.206:36757: Retnur player file found.
 INFO LOG: May_13_11:10: -- Retnur has entered the game.
 INFO LOG: May_13_11:11: tick!!!
 INFO LOG: May_13_11:13: tick!!!
 INFO LOG: May_13_11:15: tick!!!
 INFO LOG: May_13_11:17: tick!!!
 INFO LOG: May_13_11:19: tick!!!
 INFO LOG: May_13_11:21: tick!!!
 INFO LOG: May_13_11:23: tick!!!
 INFO LOG: May_13_11:25: tick!!!
 INFO LOG: May_13_11:27: tick!!!
 INFO LOG: May_13_11:29: tick!!!
 INFO LOG: May_13_11:31: tick!!!
 INFO LOG: May_13_11:33: tick!!!
 INFO LOG: May_13_11:35: tick!!!
 INFO LOG: May_13_11:37: tick!!!
 INFO LOG: May_13_11:39: tick!!!
 INFO LOG: May_13_11:41: tick!!!
 INFO LOG: May_13_11:43: tick!!!
 INFO LOG: May_13_11:45: tick!!!
 INFO LOG: May_13_11:47: tick!!!
 INFO LOG: May_13_11:49: tick!!!
 INFO LOG: May_13_11:51: tick!!!
 INFO LOG: May_13_11:53: tick!!!
 INFO LOG: May_13_11:55: tick!!!
 INFO LOG: May_13_11:57: tick!!!
 INFO LOG: May_13_11:59: tick!!!
 INFO LOG: May_13_12:01: tick!!!
 INFO LOG: May_13_12:03: tick!!!
 INFO LOG: May_13_12:05: tick!!!
 INFO LOG: May_13_12:07: tick!!!
 INFO LOG: May_13_12:09: tick!!!
 INFO LOG: May_13_12:11: tick!!!
 INFO LOG: May_13_12:13: tick!!!
 INFO LOG: May_13_12:15: tick!!!
 INFO LOG: May_13_12:17: tick!!!
 INFO LOG: May_13_12:19: tick!!!
 INFO LOG: May_13_12:21: tick!!!
 INFO LOG: May_13_12:23: tick!!!
 INFO LOG: May_13_12:25: tick!!!
 INFO LOG: May_13_12:27: tick!!!
 INFO LOG: May_13_12:29: tick!!!
 INFO LOG: May_13_12:31: tick!!!
 INFO LOG: May_13_12:33: tick!!!
 INFO LOG: May_13_12:35: tick!!!
 INFO LOG: May_13_12:37: tick!!!
 INFO LOG: May_13_12:39: tick!!!
 INFO LOG: May_13_12:41: tick!!!
 INFO LOG: May_13_12:43: tick!!!
 INFO LOG: May_13_12:45: tick!!!
 INFO LOG: May_13_12:47: tick!!!
 INFO LOG: May_13_12:49: tick!!!
 INFO LOG: May_13_12:51: tick!!!
 INFO LOG: May_13_12:53: tick!!!
 INFO LOG: May_13_12:55: tick!!!
 INFO LOG: May_13_12:57: tick!!!
 INFO LOG: May_13_12:59: tick!!!
 INFO LOG: May_13_13:01: tick!!!
 INFO LOG: May_13_13:03: tick!!!
 INFO LOG: May_13_13:05: tick!!!
 INFO LOG: May_13_13:07: tick!!!
 INFO LOG: May_13_13:09: tick!!!
 INFO LOG: May_13_13:11: tick!!!
 INFO LOG: May_13_13:13: tick!!!
 INFO LOG: May_13_13:15: tick!!!
 INFO LOG: May_13_13:17: tick!!!
 INFO LOG: May_13_13:19: tick!!!
 INFO LOG: May_13_13:21: tick!!!
 INFO LOG: May_13_13:23: tick!!!
 INFO LOG: May_13_13:25: tick!!!
 INFO LOG: May_13_13:27: tick!!!
 INFO LOG: May_13_13:29: tick!!!
 INFO LOG: May_13_13:31: tick!!!
 INFO LOG: May_13_13:33: tick!!!
 INFO LOG: May_13_13:35: tick!!!
 INFO LOG: May_13_13:37: tick!!!
 INFO LOG: May_13_13:40: tick!!!
 INFO LOG: May_13_13:42: tick!!!
 INFO LOG: May_13_13:44: tick!!!
 INFO LOG: May_13_13:46: tick!!!
 INFO LOG: May_13_13:48: tick!!!
 INFO LOG: May_13_13:50: tick!!!
 INFO LOG: May_13_13:52: tick!!!
 INFO LOG: May_13_13:54: tick!!!
 INFO LOG: May_13_13:56: tick!!!
 INFO LOG: May_13_13:58: tick!!!
 INFO LOG: May_13_14:00: tick!!!
 INFO LOG: May_13_14:02: tick!!!
 INFO LOG: May_13_14:04: tick!!!
 INFO LOG: May_13_14:06: tick!!!
 INFO LOG: May_13_14:08: tick!!!
 INFO LOG: May_13_14:10: tick!!!
 INFO LOG: May_13_14:12: tick!!!
 INFO LOG: May_13_14:14: tick!!!
 INFO LOG: May_13_14:16: tick!!!
 INFO LOG: May_13_14:18: tick!!!
 INFO LOG: May_13_14:20: tick!!!
 INFO LOG: May_13_14:22: tick!!!
 INFO LOG: May_13_14:24: tick!!!
 INFO LOG: May_13_14:26: tick!!!
 INFO LOG: May_13_14:28: tick!!!
 INFO LOG: May_13_14:30: tick!!!
 INFO LOG: May_13_14:32: tick!!!
 INFO LOG: May_13_14:34: tick!!!
 INFO LOG: May_13_14:36: tick!!!
 INFO LOG: May_13_14:38: tick!!!
 INFO LOG: May_13_14:40: tick!!!
 INFO LOG: May_13_14:42: tick!!!
 INFO LOG: May_13_14:44: tick!!!
 INFO LOG: May_13_14:46: tick!!!
 INFO LOG: May_13_14:48: tick!!!
 INFO LOG: May_13_14:50: tick!!!
 INFO LOG: May_13_14:52: tick!!!
 INFO LOG: May_13_14:54: tick!!!
 INFO LOG: May_13_14:56: tick!!!
 INFO LOG: May_13_14:58: tick!!!
 INFO LOG: May_13_15:00: tick!!!
 INFO LOG: May_13_15:02: tick!!!
 INFO LOG: May_13_15:04: tick!!!
 INFO LOG: May_13_15:06: tick!!!
 INFO LOG: May_13_15:08: tick!!!
 INFO LOG: May_13_15:10: tick!!!
 INFO LOG: May_13_15:12: tick!!!
 INFO LOG: May_13_15:14: tick!!!
 INFO LOG: May_13_15:16: tick!!!
 INFO LOG: May_13_15:18: tick!!!
 INFO LOG: May_13_15:20: tick!!!
 INFO LOG: May_13_15:22: tick!!!
 INFO LOG: May_13_15:24: tick!!!
 INFO LOG: May_13_15:26: tick!!!
 INFO LOG: May_13_15:28: tick!!!
 INFO LOG: May_13_15:30: tick!!!
 INFO LOG: May_13_15:32: tick!!!
 INFO LOG: May_13_15:34: tick!!!
 INFO LOG: May_13_15:36: tick!!!
 INFO LOG: May_13_15:38: tick!!!
 INFO LOG: May_13_15:40: tick!!!
 INFO LOG: May_13_15:42: tick!!!
 INFO LOG: May_13_15:44: tick!!!
 INFO LOG: May_13_15:46: tick!!!
 INFO LOG: May_13_15:48: tick!!!
 INFO LOG: May_13_15:50: tick!!!
 INFO LOG: May_13_15:52: tick!!!
 INFO LOG: May_13_15:54: tick!!!
 INFO LOG: May_13_15:56: tick!!!
 INFO LOG: May_13_15:58: tick!!!
 INFO LOG: May_13_16:00: tick!!!
 INFO LOG: May_13_16:02: tick!!!
 INFO LOG: May_13_16:04: tick!!!
 INFO LOG: May_13_16:06: tick!!!
 INFO LOG: May_13_16:08: tick!!!
 INFO LOG: May_13_16:10: tick!!!
 INFO LOG: May_13_16:12: tick!!!
 INFO LOG: May_13_16:14: tick!!!
 INFO LOG: May_13_16:16: tick!!!
 INFO LOG: May_13_16:18: tick!!!
 INFO LOG: May_13_16:20: tick!!!
 INFO LOG: May_13_16:22: tick!!!
 INFO LOG: May_13_16:24: tick!!!
 INFO LOG: May_13_16:26: tick!!!
 INFO LOG: May_13_16:28: tick!!!
 INFO LOG: May_13_16:30: tick!!!
 INFO LOG: May_13_16:32: tick!!!
 INFO LOG: May_13_16:34: tick!!!
 INFO LOG: May_13_16:36: tick!!!
 INFO LOG: May_13_16:38: tick!!!
 INFO LOG: May_13_16:40: tick!!!
 INFO LOG: May_13_16:42: tick!!!
 INFO LOG: May_13_16:44: tick!!!
 INFO LOG: May_13_16:46: tick!!!
 INFO LOG: May_13_16:48: tick!!!
 INFO LOG: May_13_16:50: tick!!!
 INFO LOG: May_13_16:52: tick!!!
 INFO LOG: May_13_16:54: tick!!!
 INFO LOG: May_13_16:56: tick!!!
 INFO LOG: May_13_16:58: tick!!!
 INFO LOG: May_13_17:00: tick!!!
 INFO LOG: May_13_17:02: tick!!!
 INFO LOG: May_13_17:04: tick!!!
 INFO LOG: May_13_17:06: tick!!!
 INFO LOG: May_13_17:08: tick!!!
 INFO LOG: May_13_17:10: tick!!!
 INFO LOG: May_13_17:12: tick!!!
 INFO LOG: May_13_17:14: tick!!!
 INFO LOG: May_13_17:16: tick!!!
 INFO LOG: May_13_17:18: tick!!!
 INFO LOG: May_13_17:20: tick!!!
 INFO LOG: May_13_17:22: tick!!!
 INFO LOG: May_13_17:24: tick!!!
 INFO LOG: May_13_17:26: tick!!!
 INFO LOG: May_13_17:28: tick!!!
 INFO LOG: May_13_17:30: tick!!!
 INFO LOG: May_13_17:32: tick!!!
 INFO LOG: May_13_17:34: tick!!!
 INFO LOG: May_13_17:36: tick!!!
 INFO LOG: May_13_17:38: tick!!!
 INFO LOG: May_13_17:40: tick!!!
 INFO LOG: May_13_17:42: tick!!!
 INFO LOG: May_13_17:44: tick!!!
 INFO LOG: May_13_17:46: tick!!!
 INFO LOG: May_13_17:48: tick!!!
 INFO LOG: May_13_17:50: tick!!!
 INFO LOG: May_13_17:52: tick!!!
 INFO LOG: May_13_17:54: tick!!!
 INFO LOG: May_13_17:56: tick!!!
 INFO LOG: May_13_17:58: tick!!!
 INFO LOG: May_13_18:00: tick!!!
 INFO LOG: May_13_18:02: tick!!!
 INFO LOG: May_13_18:04: tick!!!
 INFO LOG: May_13_18:06: tick!!!
 INFO LOG: May_13_18:08: tick!!!
 INFO LOG: May_13_18:10: tick!!!
 INFO LOG: May_13_18:12: tick!!!
 INFO LOG: May_13_18:14: tick!!!
 INFO LOG: May_13_18:16: tick!!!
 INFO LOG: May_13_18:18: tick!!!
 INFO LOG: May_13_18:20: tick!!!
 INFO LOG: May_13_18:22: tick!!!
 INFO LOG: May_13_18:24: tick!!!
 INFO LOG: May_13_18:26: tick!!!
 INFO LOG: May_13_18:28: tick!!!
 INFO LOG: May_13_18:30: tick!!!
 INFO LOG: May_13_18:32: tick!!!
 INFO LOG: May_13_18:34: tick!!!
 INFO LOG: May_13_18:36: tick!!!
 INFO LOG: May_13_18:38: tick!!!
 INFO LOG: May_13_18:40: tick!!!
 INFO LOG: May_13_18:42: tick!!!
 INFO LOG: May_13_18:44: tick!!!
 INFO LOG: May_13_18:46: tick!!!
 INFO LOG: May_13_18:48: tick!!!
 INFO LOG: May_13_18:50: tick!!!
 INFO LOG: May_13_18:52: tick!!!
 INFO LOG: May_13_18:54: tick!!!
 INFO LOG: May_13_18:56: tick!!!
 INFO LOG: May_13_18:58: tick!!!
 INFO LOG: May_13_19:00: tick!!!
 INFO LOG: May_13_19:02: tick!!!
 INFO LOG: May_13_19:04: tick!!!
 INFO LOG: May_13_19:06: tick!!!
 INFO LOG: May_13_19:08: tick!!!
 INFO LOG: May_13_19:10: tick!!!
 INFO LOG: May_13_19:12: tick!!!
 INFO LOG: May_13_19:14: tick!!!
 INFO LOG: May_13_19:16: tick!!!
 INFO LOG: May_13_19:18: tick!!!
 INFO LOG: May_13_19:20: tick!!!
 INFO LOG: May_13_19:22: tick!!!
 INFO LOG: May_13_19:24: tick!!!
 INFO LOG: May_13_19:26: tick!!!
 INFO LOG: May_13_19:28: tick!!!
 INFO LOG: May_13_19:30: tick!!!
 INFO LOG: May_13_19:32: tick!!!
 INFO LOG: May_13_19:34: tick!!!
 INFO LOG: May_13_19:36: tick!!!
 INFO LOG: May_13_19:38: tick!!!
 INFO LOG: May_13_19:40: tick!!!
 INFO LOG: May_13_19:42: tick!!!
 INFO LOG: May_13_19:44: tick!!!
 INFO LOG: May_13_19:46: tick!!!
 INFO LOG: May_13_19:48: tick!!!
 INFO LOG: May_13_19:50: tick!!!
 INFO LOG: May_13_19:52: tick!!!
 INFO LOG: May_13_19:54: tick!!!
 INFO LOG: May_13_19:56: tick!!!
 INFO LOG: May_13_19:58: tick!!!
 INFO LOG: May_13_20:00: tick!!!
 INFO LOG: May_13_20:02: tick!!!
 INFO LOG: May_13_20:04: tick!!!
 INFO LOG: May_13_20:06: tick!!!
 INFO LOG: May_13_20:08: tick!!!
 INFO LOG: May_13_20:10: tick!!!
 INFO LOG: May_13_20:12: tick!!!
 INFO LOG: May_13_20:14: tick!!!
 INFO LOG: May_13_20:16: tick!!!
 INFO LOG: May_13_20:18: tick!!!
 INFO LOG: May_13_20:20: tick!!!
 INFO LOG: May_13_20:22: tick!!!
 INFO LOG: May_13_20:24: tick!!!
 INFO LOG: May_13_20:26: tick!!!
 INFO LOG: May_13_20:28: tick!!!
 INFO LOG: May_13_20:30: tick!!!
 INFO LOG: May_13_20:32: tick!!!
 INFO LOG: May_13_20:34: tick!!!
 INFO LOG: May_13_20:36: tick!!!
 INFO LOG: May_13_20:38: tick!!!
 INFO LOG: May_13_20:40: tick!!!
 INFO LOG: May_13_20:42: tick!!!
 INFO LOG: May_13_20:44: tick!!!
 INFO LOG: May_13_20:46: tick!!!
 INFO LOG: May_13_20:48: tick!!!
 INFO LOG: May_13_20:50: tick!!!
 INFO LOG: May_13_20:52: tick!!!
 INFO LOG: May_13_20:54: tick!!!
 INFO LOG: May_13_20:56: tick!!!
 INFO LOG: May_13_20:58: tick!!!
 INFO LOG: May_13_21:00: tick!!!
 INFO LOG: May_13_21:02: tick!!!
 INFO LOG: May_13_21:04: tick!!!
 INFO LOG: May_13_21:06: tick!!!
 INFO LOG: May_13_21:08: tick!!!
 INFO LOG: May_13_21:10: tick!!!
 INFO LOG: May_13_21:12: tick!!!
 INFO LOG: May_13_21:14: tick!!!
 INFO LOG: May_13_21:16: tick!!!
 INFO LOG: May_13_21:18: tick!!!
 INFO LOG: May_13_21:20: tick!!!
 INFO LOG: May_13_21:22: tick!!!
 INFO LOG: May_13_21:24: tick!!!
 INFO LOG: May_13_21:26: tick!!!
 INFO LOG: May_13_21:28: tick!!!
 INFO LOG: May_13_21:30: tick!!!
 INFO LOG: May_13_21:32: tick!!!
 INFO LOG: May_13_21:34: tick!!!
 INFO LOG: May_13_21:36: tick!!!
 INFO LOG: May_13_21:38: tick!!!
 INFO LOG: May_13_21:40: tick!!!
 INFO LOG: May_13_21:42: tick!!!
 INFO LOG: May_13_21:44: tick!!!
 INFO LOG: May_13_21:46: tick!!!
 INFO LOG: May_13_21:48: tick!!!
 INFO LOG: May_13_21:50: tick!!!
 INFO LOG: May_13_21:52: tick!!!
 INFO LOG: May_13_21:54: tick!!!
 INFO LOG: May_13_21:56: tick!!!
 INFO LOG: May_13_21:58: tick!!!
 INFO LOG: May_13_22:00: tick!!!
 INFO LOG: May_13_22:02: tick!!!
 INFO LOG: May_13_22:04: tick!!!
 INFO LOG: May_13_22:06: tick!!!
 INFO LOG: May_13_22:08: tick!!!
 INFO LOG: May_13_22:10: tick!!!
 INFO LOG: May_13_22:12: tick!!!
 INFO LOG: May_13_22:14: tick!!!
 INFO LOG: May_13_22:16: tick!!!
 INFO LOG: May_13_22:18: tick!!!
 INFO LOG: May_13_22:20: tick!!!
 INFO LOG: May_13_22:22: tick!!!
 INFO LOG: May_13_22:24: tick!!!
 INFO LOG: May_13_22:26: tick!!!
 INFO LOG: May_13_22:28: tick!!!
 INFO LOG: May_13_22:30: tick!!!
 INFO LOG: May_13_22:32: tick!!!
 INFO LOG: May_13_22:34: tick!!!
 INFO LOG: May_13_22:36: tick!!!
 INFO LOG: May_13_22:38: tick!!!
 INFO LOG: May_13_22:40: tick!!!
 INFO LOG: May_13_22:42: tick!!!
 INFO LOG: May_13_22:44: tick!!!
 INFO LOG: May_13_22:46: tick!!!
 INFO LOG: May_13_22:48: tick!!!
 INFO LOG: May_13_22:50: tick!!!
 INFO LOG: May_13_22:52: tick!!!
 INFO LOG: May_13_22:54: tick!!!
 INFO LOG: May_13_22:56: tick!!!
 INFO LOG: May_13_22:58: tick!!!
 INFO LOG: May_13_23:00: tick!!!
 INFO LOG: May_13_23:02: tick!!!
 INFO LOG: May_13_23:04: tick!!!
 INFO LOG: May_13_23:06: tick!!!
 INFO LOG: May_13_23:08: tick!!!
 INFO LOG: May_13_23:10: tick!!!
 INFO LOG: May_13_23:12: tick!!!
 INFO LOG: May_13_23:14: tick!!!
 INFO LOG: May_13_23:16: tick!!!
 INFO LOG: May_13_23:18: tick!!!
 INFO LOG: May_13_23:20: tick!!!
 INFO LOG: May_13_23:22: tick!!!
 INFO LOG: May_13_23:24: tick!!!
 INFO LOG: May_13_23:26: tick!!!
 INFO LOG: May_13_23:28: tick!!!
 INFO LOG: May_13_23:30: tick!!!
 INFO LOG: May_13_23:32: tick!!!
 INFO LOG: May_13_23:34: tick!!!
 INFO LOG: May_13_23:36: tick!!!
 INFO LOG: May_13_23:38: tick!!!
 INFO LOG: May_13_23:40: tick!!!
 INFO LOG: May_13_23:42: tick!!!
 INFO LOG: May_13_23:44: tick!!!
 INFO LOG: May_13_23:46: tick!!!
 INFO LOG: May_13_23:48: tick!!!
 INFO LOG: May_13_23:50: tick!!!
 INFO LOG: May_13_23:52: tick!!!
 INFO LOG: May_13_23:54: tick!!!
 INFO LOG: May_13_23:56: tick!!!
 INFO LOG: May_13_23:58: tick!!!
 INFO LOG: May_14_00:00: tick!!!
 INFO LOG: May_14_00:02: tick!!!
 INFO LOG: May_14_00:04: tick!!!
 INFO LOG: May_14_00:06: tick!!!
 INFO LOG: May_14_00:08: tick!!!
 INFO LOG: May_14_00:10: tick!!!
 INFO LOG: May_14_00:12: tick!!!
 INFO LOG: May_14_00:14: tick!!!
 INFO LOG: May_14_00:16: tick!!!
 INFO LOG: May_14_00:18: tick!!!
 INFO LOG: May_14_00:20: tick!!!
 INFO LOG: May_14_00:22: tick!!!
 INFO LOG: May_14_00:24: tick!!!
 INFO LOG: May_14_00:26: tick!!!
 INFO LOG: May_14_00:28: tick!!!
 INFO LOG: May_14_00:30: tick!!!
 INFO LOG: May_14_00:32: tick!!!
 INFO LOG: May_14_00:34: tick!!!
 INFO LOG: May_14_00:36: tick!!!
 INFO LOG: May_14_00:38: tick!!!
 INFO LOG: May_14_00:40: tick!!!
 INFO LOG: May_14_00:42: tick!!!
 INFO LOG: May_14_00:44: tick!!!
 INFO LOG: May_14_00:46: tick!!!
 INFO LOG: May_14_00:48: tick!!!
 INFO LOG: May_14_00:50: tick!!!
 INFO LOG: May_14_00:52: tick!!!
 INFO LOG: May_14_00:54: tick!!!
 INFO LOG: May_14_00:56: tick!!!
 INFO LOG: May_14_00:58: tick!!!
 INFO LOG: May_14_01:00: tick!!!
 INFO LOG: May_14_01:02: tick!!!
 INFO LOG: May_14_01:04: tick!!!
 INFO LOG: May_14_01:06: tick!!!
 INFO LOG: May_14_01:08: tick!!!
 INFO LOG: May_14_01:10: tick!!!
 INFO LOG: May_14_01:12: tick!!!
 INFO LOG: May_14_01:14: tick!!!
 INFO LOG: May_14_01:16: tick!!!
 INFO LOG: May_14_01:18: tick!!!
 INFO LOG: May_14_01:20: tick!!!
 INFO LOG: May_14_01:22: tick!!!
 INFO LOG: May_14_01:24: tick!!!
 INFO LOG: May_14_01:26: tick!!!
 INFO LOG: May_14_01:28: tick!!!
 INFO LOG: May_14_01:30: tick!!!
 INFO LOG: May_14_01:32: tick!!!
 INFO LOG: May_14_01:34: tick!!!
 INFO LOG: May_14_01:36: tick!!!
 INFO LOG: May_14_01:38: tick!!!
 INFO LOG: May_14_01:40: tick!!!
 INFO LOG: May_14_01:42: tick!!!
 INFO LOG: May_14_01:44: tick!!!
 INFO LOG: May_14_01:46: tick!!!
 INFO LOG: May_14_01:48: tick!!!
 INFO LOG: May_14_01:50: tick!!!
 INFO LOG: May_14_01:52: tick!!!
 INFO LOG: May_14_01:54: tick!!!
 INFO LOG: May_14_01:56: tick!!!
 INFO LOG: May_14_01:58: tick!!!
 INFO LOG: May_14_02:00: tick!!!
 INFO LOG: May_14_02:02: tick!!!
 INFO LOG: May_14_02:04: tick!!!
 INFO LOG: May_14_02:06: tick!!!
 INFO LOG: May_14_02:08: tick!!!
 INFO LOG: May_14_02:10: tick!!!
 INFO LOG: May_14_02:12: tick!!!
 INFO LOG: May_14_02:14: tick!!!
 INFO LOG: May_14_02:16: tick!!!
 INFO LOG: May_14_02:18: tick!!!
 INFO LOG: May_14_02:20: tick!!!
 INFO LOG: May_14_02:22: tick!!!
 INFO LOG: May_14_02:24: tick!!!
 INFO LOG: May_14_02:26: tick!!!
 INFO LOG: May_14_02:28: tick!!!
 INFO LOG: May_14_02:30: tick!!!
 INFO LOG: May_14_02:32: tick!!!
 INFO LOG: May_14_02:34: tick!!!
 INFO LOG: May_14_02:36: tick!!!
 INFO LOG: May_14_02:38: tick!!!
 INFO LOG: May_14_02:40: tick!!!
 INFO LOG: May_14_02:42: tick!!!
 INFO LOG: May_14_02:44: tick!!!
 INFO LOG: May_14_02:46: tick!!!
 INFO LOG: May_14_02:48: tick!!!
 INFO LOG: May_14_02:50: tick!!!
 INFO LOG: May_14_02:52: tick!!!
 INFO LOG: May_14_02:54: tick!!!
 INFO LOG: May_14_02:56: tick!!!
 INFO LOG: May_14_02:58: tick!!!
 INFO LOG: May_14_03:00: tick!!!
 INFO LOG: May_14_03:02: tick!!!
 INFO LOG: May_14_03:04: tick!!!
 INFO LOG: May_14_03:06: tick!!!
 INFO LOG: May_14_03:08: tick!!!
 INFO LOG: May_14_03:10: tick!!!
 INFO LOG: May_14_03:12: tick!!!
 INFO LOG: May_14_03:14: tick!!!
 INFO LOG: May_14_03:16: tick!!!
 INFO LOG: May_14_03:18: tick!!!
 INFO LOG: May_14_03:20: tick!!!
 INFO LOG: May_14_03:22: tick!!!
 INFO LOG: May_14_03:24: tick!!!
 INFO LOG: May_14_03:26: tick!!!
 INFO LOG: May_14_03:28: tick!!!
 INFO LOG: May_14_03:30: tick!!!
 INFO LOG: May_14_03:32: tick!!!
 INFO LOG: May_14_03:34: tick!!!
 INFO LOG: May_14_03:36: tick!!!
 INFO LOG: May_14_03:38: tick!!!
 INFO LOG: May_14_03:40: tick!!!
 INFO LOG: May_14_03:42: tick!!!
 INFO LOG: May_14_03:44: tick!!!
 INFO LOG: May_14_03:46: tick!!!
 INFO LOG: May_14_03:48: tick!!!
 INFO LOG: May_14_03:50: tick!!!
 INFO LOG: May_14_03:52: tick!!!
 INFO LOG: May_14_03:54: tick!!!
 INFO LOG: May_14_03:56: tick!!!
 INFO LOG: May_14_03:58: tick!!!
 INFO LOG: May_14_04:00: tick!!!
 INFO LOG: May_14_04:02: tick!!!
 INFO LOG: May_14_04:04: tick!!!
 INFO LOG: May_14_04:06: tick!!!
 INFO LOG: May_14_04:08: tick!!!
 INFO LOG: May_14_04:10: tick!!!
 INFO LOG: May_14_04:12: tick!!!
 INFO LOG: May_14_04:14: tick!!!
 INFO LOG: May_14_04:16: tick!!!
 INFO LOG: May_14_04:18: tick!!!
 INFO LOG: May_14_04:19: Loading items/items.rb
 INFO LOG: May_14_04:20: tick!!!
 INFO LOG: May_14_04:20: -- #<Player:0x000000014ccad8>:76.202.141.206:36757 disconnected from CoralMUD!
