 INFO LOG: May__3_00:20: Logging enabled.   Loading logs.rb.
 INFO LOG: May__3_00:20: Loading facade.rb
 INFO LOG: May__3_00:20: Loading query_list.rb
 INFO LOG: May__3_00:20: Loading utils.rb
 INFO LOG: May__3_00:20: Loading constants.rb
 INFO LOG: May__3_00:20: Loading class_property.rb
 INFO LOG: May__3_00:20: Loading scripts.rb
 INFO LOG: May__3_00:20: Loading tags.rb
 INFO LOG: May__3_00:20: Loading editor/editors.rb
 INFO LOG: May__3_00:20: Loading editor/editor.strings.rb
 INFO LOG: May__3_00:20: Loading editor/editor.rooms.rb
 INFO LOG: May__3_00:20: Loading editor/editor.exits.rb
 INFO LOG: May__3_00:20: Loading editor/editor.zones.rb
 INFO LOG: May__3_00:20: Loading editor/editor.npc.rb
 INFO LOG: May__3_00:20: Loading editor/editor.items.rb
 INFO LOG: May__3_00:20: Loading mxp.rb
 INFO LOG: May__3_00:20: Loading mccp.rb
 INFO LOG: May__3_00:20: Loading flags.rb
 INFO LOG: May__3_00:20: Loading damage.rb
 INFO LOG: May__3_00:20: Loading areas.rb
 INFO LOG: May__3_00:20: Loading event.rb
 INFO LOG: May__3_00:20: Loading automap/automap.rb
 INFO LOG: May__3_00:20: Loading cities.olc.rb
 INFO LOG: May__3_00:20: Loading cities.rb
 INFO LOG: May__3_00:20: Loading sector definitions.
 INFO LOG: May__3_00:20: Loading help.rb
 INFO LOG: May__3_00:20: Loading imcruby.rb
 INFO LOG: May__3_00:20: Loading player.rb
 INFO LOG: May__3_00:20: Loading commands.rb
 INFO LOG: May__3_00:20: Loading random.rb
 INFO LOG: May__3_00:20: Loading npc.rb
 INFO LOG: May__3_00:20: Loading items.rb
 INFO LOG: May__3_00:20: Loading spells.rb
 INFO LOG: May__3_00:20: Loading all zones.
 INFO LOG: May__3_00:20: Starting server.
 INFO LOG: May__3_00:20: CoralMUD is now up on port 4000.
 INFO LOG: May__3_00:20: -- 76.202.141.206:50277 connected to CoralMUD!
 INFO LOG: May__3_00:20: -- 76.202.141.206:50277: Retnur is trying to connect.
 INFO LOG: May__3_00:20: -- 76.202.141.206:50277: Retnur player file found.
 INFO LOG: May__3_00:20: -- Retnur has entered the game.
 INFO LOG: May__3_00:22: tick!!!
 INFO LOG: May__3_00:23: -- #<Player:0x00000001f1a788>:76.202.141.206:50277 disconnected from CoralMUD!
 INFO LOG: May__3_00:28: Logging enabled.   Loading logs.rb.
 INFO LOG: May__3_00:28: Loading facade.rb
 INFO LOG: May__3_00:28: Loading query_list.rb
 INFO LOG: May__3_00:28: Loading utils.rb
 INFO LOG: May__3_00:28: Loading constants.rb
 INFO LOG: May__3_00:28: Loading class_property.rb
 INFO LOG: May__3_00:28: Loading scripts.rb
 INFO LOG: May__3_00:28: Loading tags.rb
 INFO LOG: May__3_00:28: Loading editor/editors.rb
 INFO LOG: May__3_00:28: Loading editor/editor.strings.rb
 INFO LOG: May__3_00:28: Loading editor/editor.rooms.rb
 INFO LOG: May__3_00:28: Loading editor/editor.exits.rb
 INFO LOG: May__3_00:28: Loading editor/editor.zones.rb
 INFO LOG: May__3_00:28: Loading editor/editor.npc.rb
 INFO LOG: May__3_00:28: Loading editor/editor.items.rb
 INFO LOG: May__3_00:28: Loading mxp.rb
 INFO LOG: May__3_00:28: Loading mccp.rb
 INFO LOG: May__3_00:28: Loading flags.rb
 INFO LOG: May__3_00:28: Loading damage.rb
 INFO LOG: May__3_00:28: Loading areas.rb
 INFO LOG: May__3_00:28: Loading event.rb
 INFO LOG: May__3_00:28: Loading automap/automap.rb
 INFO LOG: May__3_00:28: Loading cities.olc.rb
 INFO LOG: May__3_00:28: Loading cities.rb
 INFO LOG: May__3_00:28: Loading sector definitions.
 INFO LOG: May__3_00:28: Loading help.rb
 INFO LOG: May__3_00:28: Loading imcruby.rb
 INFO LOG: May__3_00:28: Loading player.rb
 INFO LOG: May__3_00:28: Loading commands.rb
 INFO LOG: May__3_00:28: Loading random.rb
 INFO LOG: May__3_00:28: Loading npc.rb
 INFO LOG: May__3_00:28: Loading items.rb
 INFO LOG: May__3_00:28: Loading spells.rb
 INFO LOG: May__3_00:28: Loading all zones.
 INFO LOG: May__3_00:28: Starting server.
 INFO LOG: May__3_00:28: CoralMUD is now up on port 4000.
 INFO LOG: May__3_00:28: -- 76.202.141.206:47111 connected to CoralMUD!
 INFO LOG: May__3_00:28: -- 76.202.141.206:47111: Retnur is trying to connect.
 INFO LOG: May__3_00:28: -- 76.202.141.206:47111: Retnur player file found.
 INFO LOG: May__3_00:28: -- Retnur has entered the game.
 INFO LOG: May__3_00:30: -- #<Player:0x00000000be1ce8>:76.202.141.206:47111 disconnected from CoralMUD!
 INFO LOG: May__3_00:30: Logging enabled.   Loading logs.rb.
 INFO LOG: May__3_00:30: Loading facade.rb
 INFO LOG: May__3_00:30: Loading query_list.rb
 INFO LOG: May__3_00:30: Loading utils.rb
 INFO LOG: May__3_00:30: Loading constants.rb
 INFO LOG: May__3_00:30: Loading class_property.rb
 INFO LOG: May__3_00:30: Loading scripts.rb
 INFO LOG: May__3_00:30: Loading tags.rb
 INFO LOG: May__3_00:30: Loading editor/editors.rb
 INFO LOG: May__3_00:30: Loading editor/editor.strings.rb
 INFO LOG: May__3_00:30: Loading editor/editor.rooms.rb
 INFO LOG: May__3_00:30: Loading editor/editor.exits.rb
 INFO LOG: May__3_00:30: Loading editor/editor.zones.rb
 INFO LOG: May__3_00:30: Loading editor/editor.npc.rb
 INFO LOG: May__3_00:30: Loading editor/editor.items.rb
 INFO LOG: May__3_00:30: Loading mxp.rb
 INFO LOG: May__3_00:30: Loading mccp.rb
 INFO LOG: May__3_00:30: Loading flags.rb
 INFO LOG: May__3_00:30: Loading damage.rb
 INFO LOG: May__3_00:30: Loading areas.rb
 INFO LOG: May__3_00:30: Loading event.rb
 INFO LOG: May__3_00:30: Loading automap/automap.rb
 INFO LOG: May__3_00:30: Loading cities.olc.rb
 INFO LOG: May__3_00:30: Loading cities.rb
 INFO LOG: May__3_00:30: Loading sector definitions.
 INFO LOG: May__3_00:30: Loading help.rb
 INFO LOG: May__3_00:30: Loading imcruby.rb
 INFO LOG: May__3_00:30: Loading player.rb
 INFO LOG: May__3_00:30: Loading commands.rb
 INFO LOG: May__3_00:30: Loading random.rb
 INFO LOG: May__3_00:30: Loading npc.rb
 INFO LOG: May__3_00:30: Loading items.rb
 INFO LOG: May__3_00:30: Loading spells.rb
 INFO LOG: May__3_00:30: Loading all zones.
 INFO LOG: May__3_00:30: Starting server.
 INFO LOG: May__3_00:30: CoralMUD is now up on port 4000.
 INFO LOG: May__3_00:30: -- 76.202.141.206:59573 connected to CoralMUD!
 INFO LOG: May__3_00:30: -- 76.202.141.206:59573: Retnur is trying to connect.
 INFO LOG: May__3_00:30: -- 76.202.141.206:59573: Retnur player file found.
 INFO LOG: May__3_00:30: -- Retnur has entered the game.
 INFO LOG: May__3_00:30: 1 2
 INFO LOG: May__3_00:30: -- #<Player:0x00000002205df8>:76.202.141.206:59573 disconnected from CoralMUD!
 INFO LOG: May__3_00:32: Logging enabled.   Loading logs.rb.
 INFO LOG: May__3_00:32: Loading facade.rb
 INFO LOG: May__3_00:32: Loading query_list.rb
 INFO LOG: May__3_00:32: Loading utils.rb
 INFO LOG: May__3_00:32: Loading constants.rb
 INFO LOG: May__3_00:32: Loading class_property.rb
 INFO LOG: May__3_00:32: Loading scripts.rb
 INFO LOG: May__3_00:32: Loading tags.rb
 INFO LOG: May__3_00:32: Loading editor/editors.rb
 INFO LOG: May__3_00:32: Loading editor/editor.strings.rb
 INFO LOG: May__3_00:32: Loading editor/editor.rooms.rb
 INFO LOG: May__3_00:32: Loading editor/editor.exits.rb
 INFO LOG: May__3_00:32: Loading editor/editor.zones.rb
 INFO LOG: May__3_00:32: Loading editor/editor.npc.rb
 INFO LOG: May__3_00:32: Loading editor/editor.items.rb
 INFO LOG: May__3_00:32: Loading mxp.rb
 INFO LOG: May__3_00:32: Loading mccp.rb
 INFO LOG: May__3_00:32: Loading flags.rb
 INFO LOG: May__3_00:32: Loading damage.rb
 INFO LOG: May__3_00:32: Loading areas.rb
 INFO LOG: May__3_00:32: Loading event.rb
 INFO LOG: May__3_00:32: Loading automap/automap.rb
 INFO LOG: May__3_00:32: Loading cities.olc.rb
 INFO LOG: May__3_00:32: Loading cities.rb
 INFO LOG: May__3_00:32: Loading sector definitions.
 INFO LOG: May__3_00:32: Loading help.rb
 INFO LOG: May__3_00:32: Loading imcruby.rb
 INFO LOG: May__3_00:32: Loading player.rb
 INFO LOG: May__3_00:32: Loading commands.rb
 INFO LOG: May__3_00:32: Loading random.rb
 INFO LOG: May__3_00:32: Loading npc.rb
 INFO LOG: May__3_00:32: Loading items.rb
 INFO LOG: May__3_00:32: Loading spells.rb
 INFO LOG: May__3_00:32: Loading all zones.
 INFO LOG: May__3_00:32: Starting server.
 INFO LOG: May__3_00:32: CoralMUD is now up on port 4000.
 INFO LOG: May__3_00:32: -- 76.202.141.206:45579 connected to CoralMUD!
 INFO LOG: May__3_00:32: -- 76.202.141.206:45579: Retnur is trying to connect.
 INFO LOG: May__3_00:32: -- 76.202.141.206:45579: Retnur player file found.
 INFO LOG: May__3_00:32: -- Retnur has entered the game.
 INFO LOG: May__3_00:32: 1 2
 INFO LOG: May__3_00:32: 1 2
 INFO LOG: May__3_00:32: 2 3
 INFO LOG: May__3_00:32: 1 2
 INFO LOG: May__3_00:34: tick!!!
 INFO LOG: May__3_00:35: -- #<Player:0x000000029d61b8>:76.202.141.206:45579 disconnected from CoralMUD!
 INFO LOG: May__3_00:35: Logging enabled.   Loading logs.rb.
 INFO LOG: May__3_00:35: Loading facade.rb
 INFO LOG: May__3_00:35: Loading query_list.rb
 INFO LOG: May__3_00:35: Loading utils.rb
 INFO LOG: May__3_00:35: Loading constants.rb
 INFO LOG: May__3_00:35: Loading class_property.rb
 INFO LOG: May__3_00:35: Loading scripts.rb
 INFO LOG: May__3_00:35: Loading tags.rb
 INFO LOG: May__3_00:35: Loading editor/editors.rb
 INFO LOG: May__3_00:35: Loading editor/editor.strings.rb
 INFO LOG: May__3_00:35: Loading editor/editor.rooms.rb
 INFO LOG: May__3_00:35: Loading editor/editor.exits.rb
 INFO LOG: May__3_00:35: Loading editor/editor.zones.rb
 INFO LOG: May__3_00:35: Loading editor/editor.npc.rb
 INFO LOG: May__3_00:35: Loading editor/editor.items.rb
 INFO LOG: May__3_00:35: Loading mxp.rb
 INFO LOG: May__3_00:35: Loading mccp.rb
 INFO LOG: May__3_00:35: Loading flags.rb
 INFO LOG: May__3_00:35: Loading damage.rb
 INFO LOG: May__3_00:35: Loading areas.rb
 INFO LOG: May__3_00:35: Loading event.rb
 INFO LOG: May__3_00:35: Loading automap/automap.rb
 INFO LOG: May__3_00:35: Loading cities.olc.rb
 INFO LOG: May__3_00:35: Loading cities.rb
 INFO LOG: May__3_00:35: Loading sector definitions.
 INFO LOG: May__3_00:35: Loading help.rb
 INFO LOG: May__3_00:35: Loading imcruby.rb
 INFO LOG: May__3_00:35: Loading player.rb
 INFO LOG: May__3_00:35: Loading commands.rb
 INFO LOG: May__3_00:35: Loading random.rb
 INFO LOG: May__3_00:35: Loading npc.rb
 INFO LOG: May__3_00:35: Loading items.rb
 INFO LOG: May__3_00:35: Loading spells.rb
 INFO LOG: May__3_00:35: Loading all zones.
 INFO LOG: May__3_00:35: Starting server.
 INFO LOG: May__3_00:35: CoralMUD is now up on port 4000.
 INFO LOG: May__3_00:35: -- 76.202.141.206:33954 connected to CoralMUD!
 INFO LOG: May__3_00:35: -- 76.202.141.206:33954: Retnur is trying to connect.
 INFO LOG: May__3_00:35: -- 76.202.141.206:33954: Retnur player file found.
 INFO LOG: May__3_00:35: -- Retnur has entered the game.
 INFO LOG: May__3_00:35: 1 2
 INFO LOG: May__3_00:36: 5 8
 INFO LOG: May__3_00:37: tick!!!
 INFO LOG: May__3_00:39: tick!!!
 INFO LOG: May__3_00:41: tick!!!
 INFO LOG: May__3_00:43: tick!!!
 INFO LOG: May__3_00:45: tick!!!
 INFO LOG: May__3_00:47: tick!!!
 INFO LOG: May__3_00:47: -- #<Player:0x000000025891c8>:76.202.141.206:33954 disconnected from CoralMUD!
 INFO LOG: May__3_00:47: Program closed.
 INFO LOG: May__3_00:48: Logging enabled.   Loading logs.rb.
 INFO LOG: May__3_00:48: Loading facade.rb
 INFO LOG: May__3_00:48: Loading query_list.rb
 INFO LOG: May__3_00:48: Loading utils.rb
 INFO LOG: May__3_00:48: Loading constants.rb
 INFO LOG: May__3_00:48: Loading class_property.rb
 INFO LOG: May__3_00:48: Loading scripts.rb
 INFO LOG: May__3_00:48: Loading tags.rb
 INFO LOG: May__3_00:48: Loading editor/editors.rb
 INFO LOG: May__3_00:48: Loading editor/editor.strings.rb
 INFO LOG: May__3_00:48: Loading editor/editor.rooms.rb
 INFO LOG: May__3_00:48: Loading editor/editor.exits.rb
 INFO LOG: May__3_00:48: Loading editor/editor.zones.rb
 INFO LOG: May__3_00:48: Loading editor/editor.npc.rb
 INFO LOG: May__3_00:48: Loading editor/editor.items.rb
 INFO LOG: May__3_00:48: Loading mxp.rb
 INFO LOG: May__3_00:48: Loading mccp.rb
 INFO LOG: May__3_00:48: Loading flags.rb
 INFO LOG: May__3_00:48: Loading damage.rb
 INFO LOG: May__3_00:48: Loading areas.rb
 INFO LOG: May__3_00:48: Loading event.rb
 INFO LOG: May__3_00:48: Loading automap/automap.rb
 INFO LOG: May__3_00:48: Loading cities.olc.rb
 INFO LOG: May__3_00:48: Loading cities.rb
 INFO LOG: May__3_00:48: Loading sector definitions.
 INFO LOG: May__3_00:48: Loading help.rb
 INFO LOG: May__3_00:48: Loading imcruby.rb
 INFO LOG: May__3_00:48: Loading player.rb
 INFO LOG: May__3_00:48: Loading commands.rb
 INFO LOG: May__3_00:48: Loading random.rb
 INFO LOG: May__3_00:48: Loading npc.rb
 INFO LOG: May__3_00:48: Loading items.rb
 INFO LOG: May__3_00:48: Loading spells.rb
 INFO LOG: May__3_00:48: Loading all zones.
 INFO LOG: May__3_00:48: Starting server.
 INFO LOG: May__3_00:48: CoralMUD is now up on port 4000.
 INFO LOG: May__3_00:48: -- 76.202.141.206:56836 connected to CoralMUD!
 INFO LOG: May__3_00:48: -- 76.202.141.206:56836: Retnur is trying to connect.
 INFO LOG: May__3_00:48: -- 76.202.141.206:56836: Retnur player file found.
 INFO LOG: May__3_00:48: -- Retnur has entered the game.
 INFO LOG: May__3_00:50: tick!!!
 INFO LOG: May__3_00:52: tick!!!
 INFO LOG: May__3_00:54: tick!!!
 INFO LOG: May__3_00:56: tick!!!
 INFO LOG: May__3_00:58: tick!!!
 INFO LOG: May__3_01:00: tick!!!
 INFO LOG: May__3_01:02: tick!!!
 INFO LOG: May__3_01:04: tick!!!
 INFO LOG: May__3_01:06: tick!!!
 INFO LOG: May__3_01:08: tick!!!
 INFO LOG: May__3_01:10: tick!!!
 INFO LOG: May__3_01:12: tick!!!
 INFO LOG: May__3_01:14: tick!!!
 INFO LOG: May__3_01:16: tick!!!
 INFO LOG: May__3_01:18: tick!!!
 INFO LOG: May__3_01:20: tick!!!
 INFO LOG: May__3_01:22: tick!!!
 INFO LOG: May__3_01:24: tick!!!
 INFO LOG: May__3_01:26: tick!!!
 INFO LOG: May__3_01:28: tick!!!
 INFO LOG: May__3_01:30: tick!!!
 INFO LOG: May__3_01:32: tick!!!
 INFO LOG: May__3_01:34: tick!!!
 INFO LOG: May__3_01:36: tick!!!
 INFO LOG: May__3_01:38: tick!!!
 INFO LOG: May__3_01:40: tick!!!
 INFO LOG: May__3_01:42: tick!!!
 INFO LOG: May__3_01:44: tick!!!
 INFO LOG: May__3_01:46: tick!!!
 INFO LOG: May__3_01:48: tick!!!
 INFO LOG: May__3_01:50: tick!!!
 INFO LOG: May__3_01:52: tick!!!
 INFO LOG: May__3_01:54: tick!!!
 INFO LOG: May__3_01:56: tick!!!
 INFO LOG: May__3_01:58: tick!!!
 INFO LOG: May__3_02:00: tick!!!
 INFO LOG: May__3_02:02: tick!!!
 INFO LOG: May__3_02:04: tick!!!
 INFO LOG: May__3_02:06: tick!!!
 INFO LOG: May__3_02:08: tick!!!
 INFO LOG: May__3_02:10: tick!!!
 INFO LOG: May__3_02:12: tick!!!
 INFO LOG: May__3_02:14: tick!!!
 INFO LOG: May__3_02:16: tick!!!
 INFO LOG: May__3_02:18: tick!!!
 INFO LOG: May__3_02:20: tick!!!
 INFO LOG: May__3_02:22: tick!!!
 INFO LOG: May__3_02:24: tick!!!
 INFO LOG: May__3_02:26: tick!!!
 INFO LOG: May__3_02:28: tick!!!
 INFO LOG: May__3_02:30: tick!!!
 INFO LOG: May__3_02:32: tick!!!
 INFO LOG: May__3_02:34: tick!!!
 INFO LOG: May__3_02:36: tick!!!
 INFO LOG: May__3_02:38: tick!!!
 INFO LOG: May__3_02:40: tick!!!
 INFO LOG: May__3_02:42: tick!!!
 INFO LOG: May__3_02:44: tick!!!
 INFO LOG: May__3_02:46: tick!!!
 INFO LOG: May__3_02:48: tick!!!
 INFO LOG: May__3_02:50: tick!!!
 INFO LOG: May__3_02:52: tick!!!
 INFO LOG: May__3_02:54: tick!!!
 INFO LOG: May__3_02:56: tick!!!
 INFO LOG: May__3_02:58: tick!!!
 INFO LOG: May__3_03:00: tick!!!
 INFO LOG: May__3_03:02: tick!!!
 INFO LOG: May__3_03:04: tick!!!
 INFO LOG: May__3_03:06: tick!!!
 INFO LOG: May__3_03:08: tick!!!
 INFO LOG: May__3_03:10: tick!!!
 INFO LOG: May__3_03:12: tick!!!
 INFO LOG: May__3_03:14: tick!!!
 INFO LOG: May__3_03:16: tick!!!
 INFO LOG: May__3_03:18: tick!!!
 INFO LOG: May__3_03:20: tick!!!
 INFO LOG: May__3_03:22: tick!!!
 INFO LOG: May__3_03:24: tick!!!
 INFO LOG: May__3_03:26: tick!!!
 INFO LOG: May__3_03:28: tick!!!
 INFO LOG: May__3_03:30: tick!!!
 INFO LOG: May__3_03:32: tick!!!
 INFO LOG: May__3_03:34: tick!!!
 INFO LOG: May__3_03:36: tick!!!
 INFO LOG: May__3_03:38: tick!!!
 INFO LOG: May__3_03:40: tick!!!
 INFO LOG: May__3_03:42: tick!!!
 INFO LOG: May__3_03:44: tick!!!
 INFO LOG: May__3_03:46: tick!!!
 INFO LOG: May__3_03:48: tick!!!
 INFO LOG: May__3_03:50: tick!!!
 INFO LOG: May__3_03:52: tick!!!
 INFO LOG: May__3_03:54: tick!!!
 INFO LOG: May__3_03:56: tick!!!
 INFO LOG: May__3_03:58: tick!!!
 INFO LOG: May__3_04:00: tick!!!
 INFO LOG: May__3_04:02: tick!!!
 INFO LOG: May__3_04:04: tick!!!
 INFO LOG: May__3_04:06: tick!!!
 INFO LOG: May__3_04:08: tick!!!
 INFO LOG: May__3_04:10: tick!!!
 INFO LOG: May__3_04:12: tick!!!
 INFO LOG: May__3_04:14: tick!!!
 INFO LOG: May__3_04:16: tick!!!
 INFO LOG: May__3_04:18: tick!!!
 INFO LOG: May__3_04:20: tick!!!
 INFO LOG: May__3_04:22: tick!!!
 INFO LOG: May__3_04:24: tick!!!
 INFO LOG: May__3_04:26: tick!!!
 INFO LOG: May__3_04:28: tick!!!
 INFO LOG: May__3_04:30: tick!!!
 INFO LOG: May__3_04:32: tick!!!
 INFO LOG: May__3_04:34: tick!!!
 INFO LOG: May__3_04:36: tick!!!
 INFO LOG: May__3_04:38: tick!!!
 INFO LOG: May__3_04:40: tick!!!
 INFO LOG: May__3_04:42: tick!!!
 INFO LOG: May__3_04:44: tick!!!
 INFO LOG: May__3_04:46: tick!!!
 INFO LOG: May__3_04:48: tick!!!
 INFO LOG: May__3_04:50: tick!!!
 INFO LOG: May__3_04:52: tick!!!
 INFO LOG: May__3_04:54: tick!!!
 INFO LOG: May__3_04:56: tick!!!
 INFO LOG: May__3_04:58: tick!!!
 INFO LOG: May__3_05:00: tick!!!
 INFO LOG: May__3_05:02: tick!!!
 INFO LOG: May__3_05:04: tick!!!
 INFO LOG: May__3_05:06: tick!!!
 INFO LOG: May__3_05:08: tick!!!
 INFO LOG: May__3_05:10: tick!!!
 INFO LOG: May__3_05:12: tick!!!
 INFO LOG: May__3_05:14: tick!!!
 INFO LOG: May__3_05:16: tick!!!
 INFO LOG: May__3_05:18: tick!!!
 INFO LOG: May__3_05:20: tick!!!
 INFO LOG: May__3_05:22: tick!!!
 INFO LOG: May__3_05:24: tick!!!
 INFO LOG: May__3_05:26: tick!!!
 INFO LOG: May__3_05:28: tick!!!
 INFO LOG: May__3_05:30: tick!!!
 INFO LOG: May__3_05:32: tick!!!
 INFO LOG: May__3_05:34: tick!!!
 INFO LOG: May__3_05:36: tick!!!
 INFO LOG: May__3_05:38: tick!!!
 INFO LOG: May__3_05:40: tick!!!
 INFO LOG: May__3_05:42: tick!!!
 INFO LOG: May__3_05:44: tick!!!
 INFO LOG: May__3_05:46: tick!!!
 INFO LOG: May__3_05:48: tick!!!
 INFO LOG: May__3_05:50: tick!!!
 INFO LOG: May__3_05:51: -- #<Player:0x00000001140068>:76.202.141.206:56836 disconnected from CoralMUD!
 INFO LOG: May__3_05:51: Logging enabled.   Loading logs.rb.
 INFO LOG: May__3_05:51: Loading facade.rb
 INFO LOG: May__3_05:51: Loading query_list.rb
 INFO LOG: May__3_05:51: Loading utils.rb
 INFO LOG: May__3_05:51: Loading constants.rb
 INFO LOG: May__3_05:51: Loading class_property.rb
 INFO LOG: May__3_05:51: Loading scripts.rb
 INFO LOG: May__3_05:51: Loading tags.rb
 INFO LOG: May__3_05:51: Loading editor/editors.rb
 INFO LOG: May__3_05:51: Loading editor/editor.strings.rb
 INFO LOG: May__3_05:51: Loading editor/editor.rooms.rb
 INFO LOG: May__3_05:51: Loading editor/editor.exits.rb
 INFO LOG: May__3_05:51: Loading editor/editor.zones.rb
 INFO LOG: May__3_05:51: Loading editor/editor.npc.rb
 INFO LOG: May__3_05:51: Loading editor/editor.items.rb
 INFO LOG: May__3_05:51: Loading mxp.rb
 INFO LOG: May__3_05:51: Loading mccp.rb
 INFO LOG: May__3_05:51: Loading flags.rb
 INFO LOG: May__3_05:51: Loading damage.rb
 INFO LOG: May__3_05:51: Loading areas.rb
 INFO LOG: May__3_05:51: Loading event.rb
 INFO LOG: May__3_05:51: Loading automap/automap.rb
 INFO LOG: May__3_05:51: Loading cities.olc.rb
 INFO LOG: May__3_05:51: Loading cities.rb
 INFO LOG: May__3_05:51: Loading sector definitions.
 INFO LOG: May__3_05:51: Loading help.rb
 INFO LOG: May__3_05:51: Loading imcruby.rb
 INFO LOG: May__3_05:51: Loading player.rb
 INFO LOG: May__3_05:51: Loading commands.rb
 INFO LOG: May__3_05:51: Loading random.rb
 INFO LOG: May__3_05:51: Loading npc.rb
 INFO LOG: May__3_05:51: Loading items.rb
 INFO LOG: May__3_05:51: Loading spells.rb
 INFO LOG: May__3_05:51: Loading all zones.
 INFO LOG: May__3_05:51: Starting server.
 INFO LOG: May__3_05:51: CoralMUD is now up on port 4000.
 INFO LOG: May__3_05:51: -- 76.202.141.206:46514 connected to CoralMUD!
 INFO LOG: May__3_05:51: -- 76.202.141.206:46514: Retnur is trying to connect.
 INFO LOG: May__3_05:51: -- 76.202.141.206:46514: Retnur player file found.
 INFO LOG: May__3_05:51: -- Retnur has entered the game.
 INFO LOG: May__3_05:53: tick!!!
 INFO LOG: May__3_05:55: tick!!!
 INFO LOG: May__3_05:57: tick!!!
 INFO LOG: May__3_05:59: tick!!!
 INFO LOG: May__3_06:01: tick!!!
 INFO LOG: May__3_06:03: tick!!!
 INFO LOG: May__3_06:05: tick!!!
 INFO LOG: May__3_06:06: -- #<Player:0x000000027ee148>:76.202.141.206:46514 disconnected from CoralMUD!
 INFO LOG: May__3_06:06: Logging enabled.   Loading logs.rb.
 INFO LOG: May__3_06:06: Loading facade.rb
 INFO LOG: May__3_06:06: Loading query_list.rb
 INFO LOG: May__3_06:07: Logging enabled.   Loading logs.rb.
 INFO LOG: May__3_06:07: Loading facade.rb
 INFO LOG: May__3_06:07: Loading query_list.rb
 INFO LOG: May__3_06:07: Loading utils.rb
 INFO LOG: May__3_06:07: Loading constants.rb
 INFO LOG: May__3_06:07: Loading class_property.rb
 INFO LOG: May__3_06:07: Loading scripts.rb
 INFO LOG: May__3_06:07: Loading tags.rb
 INFO LOG: May__3_06:07: Loading editor/editors.rb
 INFO LOG: May__3_06:07: Loading editor/editor.strings.rb
 INFO LOG: May__3_06:07: Loading editor/editor.rooms.rb
 INFO LOG: May__3_06:07: Loading editor/editor.exits.rb
 INFO LOG: May__3_06:07: Loading editor/editor.zones.rb
 INFO LOG: May__3_06:07: Loading editor/editor.npc.rb
 INFO LOG: May__3_06:07: Loading editor/editor.items.rb
 INFO LOG: May__3_06:07: Loading mxp.rb
 INFO LOG: May__3_06:07: Loading mccp.rb
 INFO LOG: May__3_06:07: Loading flags.rb
 INFO LOG: May__3_06:07: Loading damage.rb
 INFO LOG: May__3_06:07: Loading areas.rb
 INFO LOG: May__3_06:07: Loading event.rb
 INFO LOG: May__3_06:07: Loading automap/automap.rb
 INFO LOG: May__3_06:07: Loading cities.olc.rb
 INFO LOG: May__3_06:07: Loading cities.rb
 INFO LOG: May__3_06:07: Loading sector definitions.
 INFO LOG: May__3_06:07: Loading help.rb
 INFO LOG: May__3_06:07: Loading imcruby.rb
 INFO LOG: May__3_06:07: Loading player.rb
 INFO LOG: May__3_06:07: Loading commands.rb
 INFO LOG: May__3_06:07: Loading random.rb
 INFO LOG: May__3_06:07: Loading npc.rb
 INFO LOG: May__3_06:07: Loading items.rb
 INFO LOG: May__3_06:07: Loading spells.rb
 INFO LOG: May__3_06:07: Loading all zones.
 INFO LOG: May__3_06:07: Starting server.
 INFO LOG: May__3_06:07: CoralMUD is now up on port 4000.
 INFO LOG: May__3_06:07: -- 76.202.141.206:50909 connected to CoralMUD!
 INFO LOG: May__3_06:07: -- 76.202.141.206:50909: Retnur is trying to connect.
 INFO LOG: May__3_06:07: -- 76.202.141.206:50909: Retnur player file found.
 INFO LOG: May__3_06:07: -- Retnur has entered the game.
 INFO LOG: May__3_06:08: -- #<Player:0x000000012d6120>:76.202.141.206:50909 disconnected from CoralMUD!
 INFO LOG: May__3_06:08: Logging enabled.   Loading logs.rb.
 INFO LOG: May__3_06:08: Loading facade.rb
 INFO LOG: May__3_06:08: Loading query_list.rb
 INFO LOG: May__3_06:08: Loading utils.rb
 INFO LOG: May__3_06:08: Loading constants.rb
 INFO LOG: May__3_06:08: Loading class_property.rb
 INFO LOG: May__3_06:08: Loading scripts.rb
 INFO LOG: May__3_06:08: Loading tags.rb
 INFO LOG: May__3_06:08: Loading editor/editors.rb
 INFO LOG: May__3_06:08: Loading editor/editor.strings.rb
 INFO LOG: May__3_06:08: Loading editor/editor.rooms.rb
 INFO LOG: May__3_06:08: Loading editor/editor.exits.rb
 INFO LOG: May__3_06:08: Loading editor/editor.zones.rb
 INFO LOG: May__3_06:08: Loading editor/editor.npc.rb
 INFO LOG: May__3_06:08: Loading editor/editor.items.rb
 INFO LOG: May__3_06:08: Loading mxp.rb
 INFO LOG: May__3_06:08: Loading mccp.rb
 INFO LOG: May__3_06:08: Loading flags.rb
 INFO LOG: May__3_06:08: Loading damage.rb
 INFO LOG: May__3_06:08: Loading areas.rb
 INFO LOG: May__3_06:08: Loading event.rb
 INFO LOG: May__3_06:08: Loading automap/automap.rb
 INFO LOG: May__3_06:08: Loading cities.olc.rb
 INFO LOG: May__3_06:08: Loading cities.rb
 INFO LOG: May__3_06:08: Loading sector definitions.
 INFO LOG: May__3_06:08: Loading help.rb
 INFO LOG: May__3_06:08: Loading imcruby.rb
 INFO LOG: May__3_06:08: Loading player.rb
 INFO LOG: May__3_06:08: Loading commands.rb
 INFO LOG: May__3_06:08: Loading random.rb
 INFO LOG: May__3_06:08: Loading npc.rb
 INFO LOG: May__3_06:08: Loading items.rb
 INFO LOG: May__3_06:08: Loading spells.rb
 INFO LOG: May__3_06:08: Loading all zones.
 INFO LOG: May__3_06:08: Starting server.
 INFO LOG: May__3_06:08: CoralMUD is now up on port 4000.
 INFO LOG: May__3_06:08: -- 76.202.141.206:47853 connected to CoralMUD!
 INFO LOG: May__3_06:08: -- 76.202.141.206:47853: Retnur is trying to connect.
 INFO LOG: May__3_06:08: -- 76.202.141.206:47853: Retnur player file found.
 INFO LOG: May__3_06:08: -- Retnur has entered the game.
 INFO LOG: May__3_06:10: tick!!!
 INFO LOG: May__3_06:12: tick!!!
 INFO LOG: May__3_06:14: tick!!!
 INFO LOG: May__3_06:15: -- #<Player:0x00000001106840>:76.202.141.206:47853 disconnected from CoralMUD!
 INFO LOG: May__3_06:15: Logging enabled.   Loading logs.rb.
 INFO LOG: May__3_06:15: Loading facade.rb
 INFO LOG: May__3_06:15: Loading query_list.rb
 INFO LOG: May__3_06:15: Loading utils.rb
 INFO LOG: May__3_06:15: Loading constants.rb
 INFO LOG: May__3_06:15: Loading class_property.rb
 INFO LOG: May__3_06:15: Loading scripts.rb
 INFO LOG: May__3_06:15: Loading tags.rb
 INFO LOG: May__3_06:15: Loading editor/editors.rb
 INFO LOG: May__3_06:15: Loading editor/editor.strings.rb
 INFO LOG: May__3_06:15: Loading editor/editor.rooms.rb
 INFO LOG: May__3_06:15: Loading editor/editor.exits.rb
 INFO LOG: May__3_06:15: Loading editor/editor.zones.rb
 INFO LOG: May__3_06:15: Loading editor/editor.npc.rb
 INFO LOG: May__3_06:15: Loading editor/editor.items.rb
 INFO LOG: May__3_06:15: Loading mxp.rb
 INFO LOG: May__3_06:15: Loading mccp.rb
 INFO LOG: May__3_06:15: Loading flags.rb
 INFO LOG: May__3_06:15: Loading damage.rb
 INFO LOG: May__3_06:15: Loading areas.rb
 INFO LOG: May__3_06:15: Loading event.rb
 INFO LOG: May__3_06:15: Loading automap/automap.rb
 INFO LOG: May__3_06:15: Loading cities.olc.rb
 INFO LOG: May__3_06:15: Loading cities.rb
 INFO LOG: May__3_06:15: Loading sector definitions.
 INFO LOG: May__3_06:15: Loading help.rb
 INFO LOG: May__3_06:15: Loading imcruby.rb
 INFO LOG: May__3_06:15: Loading player.rb
 INFO LOG: May__3_06:15: Loading commands.rb
 INFO LOG: May__3_06:15: Loading random.rb
 INFO LOG: May__3_06:15: Loading npc.rb
 INFO LOG: May__3_06:15: Loading items.rb
 INFO LOG: May__3_06:15: Loading spells.rb
 INFO LOG: May__3_06:15: Loading all zones.
 INFO LOG: May__3_06:15: Starting server.
 INFO LOG: May__3_06:15: CoralMUD is now up on port 4000.
 INFO LOG: May__3_06:15: -- 76.202.141.206:54987 connected to CoralMUD!
 INFO LOG: May__3_06:15: -- 76.202.141.206:54987: Retnur is trying to connect.
 INFO LOG: May__3_06:15: -- 76.202.141.206:54987: Retnur player file found.
 INFO LOG: May__3_06:15: -- Retnur has entered the game.
 INFO LOG: May__3_06:17: tick!!!
 INFO LOG: May__3_06:18: -- #<Player:0x000000024b07b0>:76.202.141.206:54987 disconnected from CoralMUD!
 INFO LOG: May__3_06:18: Logging enabled.   Loading logs.rb.
 INFO LOG: May__3_06:18: Loading facade.rb
 INFO LOG: May__3_06:18: Loading query_list.rb
 INFO LOG: May__3_06:18: Loading utils.rb
 INFO LOG: May__3_06:18: Loading constants.rb
 INFO LOG: May__3_06:18: Loading class_property.rb
 INFO LOG: May__3_06:18: Loading scripts.rb
 INFO LOG: May__3_06:18: Loading tags.rb
 INFO LOG: May__3_06:18: Loading editor/editors.rb
 INFO LOG: May__3_06:18: Loading editor/editor.strings.rb
 INFO LOG: May__3_06:18: Loading editor/editor.rooms.rb
 INFO LOG: May__3_06:18: Loading editor/editor.exits.rb
 INFO LOG: May__3_06:18: Loading editor/editor.zones.rb
 INFO LOG: May__3_06:18: Loading editor/editor.npc.rb
 INFO LOG: May__3_06:18: Loading editor/editor.items.rb
 INFO LOG: May__3_06:18: Loading mxp.rb
 INFO LOG: May__3_06:18: Loading mccp.rb
 INFO LOG: May__3_06:18: Loading flags.rb
 INFO LOG: May__3_06:18: Loading damage.rb
 INFO LOG: May__3_06:18: Loading areas.rb
 INFO LOG: May__3_06:18: Loading event.rb
 INFO LOG: May__3_06:18: Loading automap/automap.rb
 INFO LOG: May__3_06:18: Loading cities.olc.rb
 INFO LOG: May__3_06:18: Loading cities.rb
 INFO LOG: May__3_06:18: Loading sector definitions.
 INFO LOG: May__3_06:18: Loading help.rb
 INFO LOG: May__3_06:18: Loading imcruby.rb
 INFO LOG: May__3_06:18: Loading player.rb
 INFO LOG: May__3_06:18: Loading commands.rb
 INFO LOG: May__3_06:18: Loading random.rb
 INFO LOG: May__3_06:18: Loading npc.rb
 INFO LOG: May__3_06:18: Loading items.rb
 INFO LOG: May__3_06:18: Loading spells.rb
 INFO LOG: May__3_06:18: Loading all zones.
 INFO LOG: May__3_06:18: Starting server.
 INFO LOG: May__3_06:18: CoralMUD is now up on port 4000.
 INFO LOG: May__3_06:18: -- 76.202.141.206:44148 connected to CoralMUD!
 INFO LOG: May__3_06:18: -- 76.202.141.206:44148: Retnur is trying to connect.
 INFO LOG: May__3_06:18: -- 76.202.141.206:44148: Retnur player file found.
 INFO LOG: May__3_06:18: -- Retnur has entered the game.
 INFO LOG: May__3_06:20: tick!!!
 INFO LOG: May__3_06:22: tick!!!
 INFO LOG: May__3_06:24: tick!!!
 INFO LOG: May__3_06:26: tick!!!
 INFO LOG: May__3_06:28: tick!!!
 INFO LOG: May__3_06:30: tick!!!
 INFO LOG: May__3_06:32: tick!!!
 INFO LOG: May__3_06:34: tick!!!
 INFO LOG: May__3_06:36: tick!!!
 INFO LOG: May__3_06:38: tick!!!
 INFO LOG: May__3_06:40: tick!!!
 INFO LOG: May__3_06:42: tick!!!
 INFO LOG: May__3_06:44: tick!!!
 INFO LOG: May__3_06:46: tick!!!
 INFO LOG: May__3_06:48: tick!!!
 INFO LOG: May__3_06:50: tick!!!
 INFO LOG: May__3_06:52: tick!!!
 INFO LOG: May__3_06:54: tick!!!
 INFO LOG: May__3_06:56: tick!!!
 INFO LOG: May__3_06:58: tick!!!
 INFO LOG: May__3_07:00: tick!!!
 INFO LOG: May__3_07:02: tick!!!
 INFO LOG: May__3_07:04: tick!!!
 INFO LOG: May__3_07:06: tick!!!
 INFO LOG: May__3_07:08: tick!!!
 INFO LOG: May__3_07:10: tick!!!
 INFO LOG: May__3_07:12: tick!!!
 INFO LOG: May__3_07:14: tick!!!
 INFO LOG: May__3_07:16: tick!!!
 INFO LOG: May__3_07:18: tick!!!
 INFO LOG: May__3_07:20: tick!!!
 INFO LOG: May__3_07:22: tick!!!
 INFO LOG: May__3_07:24: tick!!!
 INFO LOG: May__3_07:26: tick!!!
 INFO LOG: May__3_07:28: tick!!!
 INFO LOG: May__3_07:30: tick!!!
 INFO LOG: May__3_07:32: tick!!!
 INFO LOG: May__3_07:34: tick!!!
 INFO LOG: May__3_07:36: tick!!!
 INFO LOG: May__3_07:38: tick!!!
 INFO LOG: May__3_07:40: tick!!!
 INFO LOG: May__3_07:42: tick!!!
 INFO LOG: May__3_07:44: tick!!!
 INFO LOG: May__3_07:45: -- #<Player:0x000000011bfa98>:76.202.141.206:44148 disconnected from CoralMUD!
 INFO LOG: May__3_07:45: Logging enabled.   Loading logs.rb.
 INFO LOG: May__3_07:45: Loading facade.rb
 INFO LOG: May__3_07:45: Loading query_list.rb
 INFO LOG: May__3_07:45: Loading utils.rb
 INFO LOG: May__3_07:45: Loading constants.rb
 INFO LOG: May__3_07:45: Loading class_property.rb
 INFO LOG: May__3_07:45: Loading scripts.rb
 INFO LOG: May__3_07:45: Loading tags.rb
 INFO LOG: May__3_07:45: Loading editor/editors.rb
 INFO LOG: May__3_07:45: Loading editor/editor.strings.rb
 INFO LOG: May__3_07:45: Loading editor/editor.rooms.rb
 INFO LOG: May__3_07:45: Loading editor/editor.exits.rb
 INFO LOG: May__3_07:45: Loading editor/editor.zones.rb
 INFO LOG: May__3_07:45: Loading editor/editor.npc.rb
 INFO LOG: May__3_07:45: Loading editor/editor.items.rb
 INFO LOG: May__3_07:45: Loading mxp.rb
 INFO LOG: May__3_07:45: Loading mccp.rb
 INFO LOG: May__3_07:45: Loading flags.rb
 INFO LOG: May__3_07:45: Loading damage.rb
 INFO LOG: May__3_07:45: Loading areas.rb
 INFO LOG: May__3_07:45: Loading event.rb
 INFO LOG: May__3_07:45: Loading automap/automap.rb
 INFO LOG: May__3_07:45: Loading cities.olc.rb
 INFO LOG: May__3_07:45: Loading cities.rb
 INFO LOG: May__3_07:45: Loading sector definitions.
 INFO LOG: May__3_07:45: Loading help.rb
 INFO LOG: May__3_07:45: Loading imcruby.rb
 INFO LOG: May__3_07:45: Loading player.rb
 INFO LOG: May__3_07:45: Loading commands.rb
 INFO LOG: May__3_07:45: Loading random.rb
 INFO LOG: May__3_07:45: Loading npc.rb
 INFO LOG: May__3_07:45: Loading items.rb
 INFO LOG: May__3_07:45: Loading spells.rb
 INFO LOG: May__3_07:45: Loading all zones.
 INFO LOG: May__3_07:45: Starting server.
 INFO LOG: May__3_07:45: CoralMUD is now up on port 4000.
 INFO LOG: May__3_07:45: -- 76.202.141.206:35279 connected to CoralMUD!
 INFO LOG: May__3_07:45: -- 76.202.141.206:35279: Retnur is trying to connect.
 INFO LOG: May__3_07:45: -- 76.202.141.206:35279: Retnur player file found.
 INFO LOG: May__3_07:45: -- Retnur has entered the game.
 INFO LOG: May__3_07:47: tick!!!
 INFO LOG: May__3_07:49: tick!!!
 INFO LOG: May__3_07:50: -- #<Player:0x00000000bfdd30>:76.202.141.206:35279 disconnected from CoralMUD!
 INFO LOG: May__3_07:51: Logging enabled.   Loading logs.rb.
 INFO LOG: May__3_07:51: Loading facade.rb
 INFO LOG: May__3_07:51: Loading query_list.rb
 INFO LOG: May__3_07:51: Loading utils.rb
 INFO LOG: May__3_07:51: Loading constants.rb
 INFO LOG: May__3_07:51: Loading class_property.rb
 INFO LOG: May__3_07:51: Loading scripts.rb
 INFO LOG: May__3_07:51: Loading tags.rb
 INFO LOG: May__3_07:51: Loading editor/editors.rb
 INFO LOG: May__3_07:51: Loading editor/editor.strings.rb
 INFO LOG: May__3_07:51: Loading editor/editor.rooms.rb
 INFO LOG: May__3_07:51: Loading editor/editor.exits.rb
 INFO LOG: May__3_07:51: Loading editor/editor.zones.rb
 INFO LOG: May__3_07:51: Loading editor/editor.npc.rb
 INFO LOG: May__3_07:51: Loading editor/editor.items.rb
 INFO LOG: May__3_07:51: Loading mxp.rb
 INFO LOG: May__3_07:51: Loading mccp.rb
 INFO LOG: May__3_07:51: Loading flags.rb
 INFO LOG: May__3_07:51: Loading damage.rb
 INFO LOG: May__3_07:51: Loading areas.rb
 INFO LOG: May__3_07:51: Loading event.rb
 INFO LOG: May__3_07:51: Loading automap/automap.rb
 INFO LOG: May__3_07:51: Loading cities.olc.rb
 INFO LOG: May__3_07:51: Loading cities.rb
 INFO LOG: May__3_07:51: Loading sector definitions.
 INFO LOG: May__3_07:51: Loading help.rb
 INFO LOG: May__3_07:51: Loading imcruby.rb
 INFO LOG: May__3_07:51: Loading player.rb
 INFO LOG: May__3_07:51: Loading commands.rb
 INFO LOG: May__3_07:51: Loading random.rb
 INFO LOG: May__3_07:51: Loading npc.rb
 INFO LOG: May__3_07:51: Loading items.rb
 INFO LOG: May__3_07:51: Loading spells.rb
 INFO LOG: May__3_07:51: Loading all zones.
 INFO LOG: May__3_07:51: Starting server.
 INFO LOG: May__3_07:51: CoralMUD is now up on port 4000.
 INFO LOG: May__3_07:51: -- 76.202.141.206:46338 connected to CoralMUD!
 INFO LOG: May__3_07:51: -- 76.202.141.206:46338: Retnuyr is trying to connect.
 INFO LOG: May__3_07:51: -- 76.202.141.206:46338: Retnuyr:  New Character.
 INFO LOG: May__3_07:51: -- #<Player:0x00000000c0a198>:76.202.141.206:46338 disconnected from CoralMUD!
 INFO LOG: May__3_07:51: -- 76.202.141.206:36517 connected to CoralMUD!
 INFO LOG: May__3_07:51: -- 76.202.141.206:36517: Retnur is trying to connect.
 INFO LOG: May__3_07:51: -- 76.202.141.206:36517: Retnur player file found.
 INFO LOG: May__3_07:51: -- Retnur has entered the game.
 INFO LOG: May__3_07:52: -- #<Player:0x00000000aea538>:76.202.141.206:36517 disconnected from CoralMUD!
 INFO LOG: May__3_07:52: Program closed.
 INFO LOG: May__3_07:52: Logging enabled.   Loading logs.rb.
 INFO LOG: May__3_07:52: Loading facade.rb
 INFO LOG: May__3_07:52: Loading query_list.rb
 INFO LOG: May__3_07:52: Loading utils.rb
 INFO LOG: May__3_07:52: Loading constants.rb
 INFO LOG: May__3_07:52: Loading class_property.rb
 INFO LOG: May__3_07:52: Loading scripts.rb
 INFO LOG: May__3_07:52: Loading tags.rb
 INFO LOG: May__3_07:52: Loading editor/editors.rb
 INFO LOG: May__3_07:52: Loading editor/editor.strings.rb
 INFO LOG: May__3_07:52: Loading editor/editor.rooms.rb
 INFO LOG: May__3_07:52: Loading editor/editor.exits.rb
 INFO LOG: May__3_07:52: Loading editor/editor.zones.rb
 INFO LOG: May__3_07:52: Loading editor/editor.npc.rb
 INFO LOG: May__3_07:52: Loading editor/editor.items.rb
 INFO LOG: May__3_07:52: Loading mxp.rb
 INFO LOG: May__3_07:52: Loading mccp.rb
 INFO LOG: May__3_07:52: Loading flags.rb
 INFO LOG: May__3_07:52: Loading damage.rb
 INFO LOG: May__3_07:52: Loading areas.rb
 INFO LOG: May__3_07:52: Loading event.rb
 INFO LOG: May__3_07:52: Loading automap/automap.rb
 INFO LOG: May__3_07:52: Loading cities.olc.rb
 INFO LOG: May__3_07:52: Loading cities.rb
 INFO LOG: May__3_07:52: Loading sector definitions.
 INFO LOG: May__3_07:52: Loading help.rb
 INFO LOG: May__3_07:52: Loading imcruby.rb
 INFO LOG: May__3_07:52: Loading player.rb
 INFO LOG: May__3_07:52: Loading commands.rb
 INFO LOG: May__3_07:52: Loading random.rb
 INFO LOG: May__3_07:52: Loading npc.rb
 INFO LOG: May__3_07:52: Loading items.rb
 INFO LOG: May__3_07:52: Loading spells.rb
 INFO LOG: May__3_07:52: Loading all zones.
 INFO LOG: May__3_07:52: Starting server.
 INFO LOG: May__3_07:52: CoralMUD is now up on port 4000.
 INFO LOG: May__3_07:52: -- 76.202.141.206:34240 connected to CoralMUD!
 INFO LOG: May__3_07:52: -- 76.202.141.206:34240: Retnur is trying to connect.
 INFO LOG: May__3_07:52: -- 76.202.141.206:34240: Retnur player file found.
 INFO LOG: May__3_07:52: -- Retnur has entered the game.
 INFO LOG: May__3_07:54: tick!!!
 INFO LOG: May__3_07:56: tick!!!
 INFO LOG: May__3_07:58: tick!!!
 INFO LOG: May__3_08:00: tick!!!
 INFO LOG: May__3_08:02: tick!!!
 INFO LOG: May__3_08:04: tick!!!
 INFO LOG: May__3_08:06: tick!!!
 INFO LOG: May__3_08:08: tick!!!
 INFO LOG: May__3_08:10: tick!!!
 INFO LOG: May__3_08:12: tick!!!
 INFO LOG: May__3_08:14: tick!!!
 INFO LOG: May__3_08:16: tick!!!
 INFO LOG: May__3_08:18: tick!!!
 INFO LOG: May__3_08:20: tick!!!
 INFO LOG: May__3_08:22: tick!!!
 INFO LOG: May__3_08:24: tick!!!
 INFO LOG: May__3_08:26: tick!!!
 INFO LOG: May__3_08:28: tick!!!
 INFO LOG: May__3_08:30: tick!!!
 INFO LOG: May__3_08:32: tick!!!
 INFO LOG: May__3_08:34: tick!!!
 INFO LOG: May__3_08:36: tick!!!
 INFO LOG: May__3_08:38: tick!!!
 INFO LOG: May__3_08:40: tick!!!
 INFO LOG: May__3_08:42: tick!!!
 INFO LOG: May__3_08:44: tick!!!
 INFO LOG: May__3_08:46: tick!!!
 INFO LOG: May__3_08:48: tick!!!
 INFO LOG: May__3_08:50: tick!!!
 INFO LOG: May__3_08:52: tick!!!
 INFO LOG: May__3_08:54: tick!!!
 INFO LOG: May__3_08:56: tick!!!
 INFO LOG: May__3_08:58: tick!!!
 INFO LOG: May__3_09:00: tick!!!
 INFO LOG: May__3_09:02: tick!!!
 INFO LOG: May__3_09:04: tick!!!
 INFO LOG: May__3_09:06: tick!!!
 INFO LOG: May__3_09:08: tick!!!
 INFO LOG: May__3_09:10: tick!!!
 INFO LOG: May__3_09:12: tick!!!
 INFO LOG: May__3_09:14: tick!!!
 INFO LOG: May__3_09:16: tick!!!
 INFO LOG: May__3_09:18: tick!!!
 INFO LOG: May__3_09:20: tick!!!
 INFO LOG: May__3_09:22: tick!!!
 INFO LOG: May__3_09:24: tick!!!
 INFO LOG: May__3_09:26: tick!!!
 INFO LOG: May__3_09:28: tick!!!
 INFO LOG: May__3_09:29: -- #<Player:0x0000000198e4b8>:76.202.141.206:34240 disconnected from CoralMUD!
 INFO LOG: May__3_09:29: Logging enabled.   Loading logs.rb.
 INFO LOG: May__3_09:29: Loading facade.rb
 INFO LOG: May__3_09:29: Loading query_list.rb
 INFO LOG: May__3_09:29: Loading utils.rb
 INFO LOG: May__3_09:29: Loading constants.rb
 INFO LOG: May__3_09:29: Loading class_property.rb
 INFO LOG: May__3_09:29: Loading scripts.rb
 INFO LOG: May__3_09:29: Loading tags.rb
 INFO LOG: May__3_09:29: Loading editor/editors.rb
 INFO LOG: May__3_09:29: Loading editor/editor.strings.rb
 INFO LOG: May__3_09:29: Loading editor/editor.rooms.rb
 INFO LOG: May__3_09:29: Loading editor/editor.exits.rb
 INFO LOG: May__3_09:29: Loading editor/editor.zones.rb
 INFO LOG: May__3_09:29: Loading editor/editor.npc.rb
 INFO LOG: May__3_09:29: Loading editor/editor.items.rb
 INFO LOG: May__3_09:29: Loading mxp.rb
 INFO LOG: May__3_09:29: Loading mccp.rb
 INFO LOG: May__3_09:29: Loading flags.rb
 INFO LOG: May__3_09:29: Loading damage.rb
 INFO LOG: May__3_09:29: Loading areas.rb
 INFO LOG: May__3_09:29: Loading event.rb
 INFO LOG: May__3_09:29: Loading automap/automap.rb
 INFO LOG: May__3_09:29: Loading cities.olc.rb
 INFO LOG: May__3_09:29: Loading cities.rb
 INFO LOG: May__3_09:29: Loading sector definitions.
 INFO LOG: May__3_09:29: Loading help.rb
 INFO LOG: May__3_09:29: Loading imcruby.rb
 INFO LOG: May__3_09:29: Loading player.rb
 INFO LOG: May__3_09:29: Loading commands.rb
 INFO LOG: May__3_09:29: Loading random.rb
 INFO LOG: May__3_09:29: Loading npc.rb
 INFO LOG: May__3_09:29: Loading items.rb
 INFO LOG: May__3_09:29: Loading spells.rb
 INFO LOG: May__3_09:29: Loading all zones.
 INFO LOG: May__3_09:29: Starting server.
 INFO LOG: May__3_09:29: CoralMUD is now up on port 4000.
 INFO LOG: May__3_09:29: -- 76.202.141.206:52317 connected to CoralMUD!
 INFO LOG: May__3_09:29: -- 76.202.141.206:52317: Retnur is trying to connect.
 INFO LOG: May__3_09:29: -- 76.202.141.206:52317: Retnur player file found.
 INFO LOG: May__3_09:29: -- Retnur has entered the game.
 INFO LOG: May__3_09:31: (?-mix:steel)
 INFO LOG: May__3_09:31: tick!!!
 INFO LOG: May__3_09:31: (?-mix:ee)
 INFO LOG: May__3_09:33: -- #<Player:0x00000001b97930>:76.202.141.206:52317 disconnected from CoralMUD!
 INFO LOG: May__3_09:33: Logging enabled.   Loading logs.rb.
 INFO LOG: May__3_09:33: Loading facade.rb
 INFO LOG: May__3_09:33: Loading query_list.rb
 INFO LOG: May__3_09:33: Loading utils.rb
 INFO LOG: May__3_09:33: Loading constants.rb
 INFO LOG: May__3_09:33: Loading class_property.rb
 INFO LOG: May__3_09:33: Loading scripts.rb
 INFO LOG: May__3_09:33: Loading tags.rb
 INFO LOG: May__3_09:33: Loading editor/editors.rb
 INFO LOG: May__3_09:33: Loading editor/editor.strings.rb
 INFO LOG: May__3_09:33: Loading editor/editor.rooms.rb
 INFO LOG: May__3_09:33: Loading editor/editor.exits.rb
 INFO LOG: May__3_09:33: Loading editor/editor.zones.rb
 INFO LOG: May__3_09:33: Loading editor/editor.npc.rb
 INFO LOG: May__3_09:33: Loading editor/editor.items.rb
 INFO LOG: May__3_09:33: Loading mxp.rb
 INFO LOG: May__3_09:33: Loading mccp.rb
 INFO LOG: May__3_09:33: Loading flags.rb
 INFO LOG: May__3_09:33: Loading damage.rb
 INFO LOG: May__3_09:33: Loading areas.rb
 INFO LOG: May__3_09:33: Loading event.rb
 INFO LOG: May__3_09:33: Loading automap/automap.rb
 INFO LOG: May__3_09:33: Loading cities.olc.rb
 INFO LOG: May__3_09:33: Loading cities.rb
 INFO LOG: May__3_09:33: Loading sector definitions.
 INFO LOG: May__3_09:33: Loading help.rb
 INFO LOG: May__3_09:33: Loading imcruby.rb
 INFO LOG: May__3_09:33: Loading player.rb
 INFO LOG: May__3_09:33: Loading commands.rb
 INFO LOG: May__3_09:33: Loading random.rb
 INFO LOG: May__3_09:33: Loading npc.rb
 INFO LOG: May__3_09:33: Loading items.rb
 INFO LOG: May__3_09:33: Loading spells.rb
 INFO LOG: May__3_09:33: Loading all zones.
 INFO LOG: May__3_09:33: Starting server.
 INFO LOG: May__3_09:33: CoralMUD is now up on port 4000.
 INFO LOG: May__3_09:33: -- 76.202.141.206:42790 connected to CoralMUD!
 INFO LOG: May__3_09:34: -- 76.202.141.206:42790: Retnur is trying to connect.
 INFO LOG: May__3_09:34: -- 76.202.141.206:42790: Retnur player file found.
 INFO LOG: May__3_09:34: -- Retnur has entered the game.
 INFO LOG: May__3_09:35: tick!!!
 INFO LOG: May__3_09:36: (?-mix:steel)
 INFO LOG: May__3_09:37: tick!!!
 INFO LOG: May__3_09:39: tick!!!
 INFO LOG: May__3_09:41: tick!!!
 INFO LOG: May__3_09:43: tick!!!
 INFO LOG: May__3_09:45: tick!!!
 INFO LOG: May__3_09:45: (?-mix:sword)
 INFO LOG: May__3_09:47: tick!!!
 INFO LOG: May__3_09:49: tick!!!
 INFO LOG: May__3_09:50: -- #<Player:0x00000001ab15e8>:76.202.141.206:42790 disconnected from CoralMUD!
 INFO LOG: May__3_09:50: Logging enabled.   Loading logs.rb.
 INFO LOG: May__3_09:50: Loading facade.rb
 INFO LOG: May__3_09:50: Loading query_list.rb
 INFO LOG: May__3_09:50: Loading utils.rb
 INFO LOG: May__3_09:50: Loading constants.rb
 INFO LOG: May__3_09:50: Loading class_property.rb
 INFO LOG: May__3_09:50: Loading scripts.rb
 INFO LOG: May__3_09:50: Loading tags.rb
 INFO LOG: May__3_09:50: Loading editor/editors.rb
 INFO LOG: May__3_09:50: Loading editor/editor.strings.rb
 INFO LOG: May__3_09:50: Loading editor/editor.rooms.rb
 INFO LOG: May__3_09:50: Loading editor/editor.exits.rb
 INFO LOG: May__3_09:50: Loading editor/editor.zones.rb
 INFO LOG: May__3_09:50: Loading editor/editor.npc.rb
 INFO LOG: May__3_09:50: Loading editor/editor.items.rb
 INFO LOG: May__3_09:50: Loading mxp.rb
 INFO LOG: May__3_09:50: Loading mccp.rb
 INFO LOG: May__3_09:50: Loading flags.rb
 INFO LOG: May__3_09:50: Loading damage.rb
 INFO LOG: May__3_09:50: Loading areas.rb
 INFO LOG: May__3_09:50: Loading event.rb
 INFO LOG: May__3_09:50: Loading automap/automap.rb
 INFO LOG: May__3_09:50: Loading cities.olc.rb
 INFO LOG: May__3_09:50: Loading cities.rb
 INFO LOG: May__3_09:50: Loading sector definitions.
 INFO LOG: May__3_09:50: Loading help.rb
 INFO LOG: May__3_09:50: Loading imcruby.rb
 INFO LOG: May__3_09:50: Loading player.rb
 INFO LOG: May__3_09:50: Loading commands.rb
 INFO LOG: May__3_09:50: Loading random.rb
 INFO LOG: May__3_09:50: Loading npc.rb
 INFO LOG: May__3_09:50: Loading items.rb
 INFO LOG: May__3_09:50: Loading spells.rb
 INFO LOG: May__3_09:50: Loading all zones.
 INFO LOG: May__3_09:50: Starting server.
 INFO LOG: May__3_09:50: CoralMUD is now up on port 4000.
 INFO LOG: May__3_09:50: -- 76.202.141.206:32836 connected to CoralMUD!
 INFO LOG: May__3_09:50: -- 76.202.141.206:32836: Retnur is trying to connect.
 INFO LOG: May__3_09:50: -- 76.202.141.206:32836: Retnur player file found.
 INFO LOG: May__3_09:50: -- Retnur has entered the game.
 INFO LOG: May__3_09:52: tick!!!
 INFO LOG: May__3_09:54: tick!!!
 INFO LOG: May__3_09:56: tick!!!
 INFO LOG: May__3_09:58: tick!!!
 INFO LOG: May__3_09:58: -- #<Player:0x0000000257eb60>:76.202.141.206:32836 disconnected from CoralMUD!
 INFO LOG: May__3_09:58: Logging enabled.   Loading logs.rb.
 INFO LOG: May__3_09:58: Loading facade.rb
 INFO LOG: May__3_09:58: Loading query_list.rb
 INFO LOG: May__3_09:58: Loading utils.rb
 INFO LOG: May__3_09:58: Loading constants.rb
 INFO LOG: May__3_09:58: Loading class_property.rb
 INFO LOG: May__3_09:58: Loading scripts.rb
 INFO LOG: May__3_09:58: Loading tags.rb
 INFO LOG: May__3_09:58: Loading editor/editors.rb
 INFO LOG: May__3_09:58: Loading editor/editor.strings.rb
 INFO LOG: May__3_09:58: Loading editor/editor.rooms.rb
 INFO LOG: May__3_09:58: Loading editor/editor.exits.rb
 INFO LOG: May__3_09:58: Loading editor/editor.zones.rb
 INFO LOG: May__3_09:58: Loading editor/editor.npc.rb
 INFO LOG: May__3_09:58: Loading editor/editor.items.rb
 INFO LOG: May__3_09:58: Loading mxp.rb
 INFO LOG: May__3_09:58: Loading mccp.rb
 INFO LOG: May__3_09:58: Loading flags.rb
 INFO LOG: May__3_09:58: Loading damage.rb
 INFO LOG: May__3_09:58: Loading areas.rb
 INFO LOG: May__3_09:58: Loading event.rb
 INFO LOG: May__3_09:58: Loading automap/automap.rb
 INFO LOG: May__3_09:58: Loading cities.olc.rb
 INFO LOG: May__3_09:58: Loading cities.rb
 INFO LOG: May__3_09:58: Loading sector definitions.
 INFO LOG: May__3_09:58: Loading help.rb
 INFO LOG: May__3_09:58: Loading imcruby.rb
 INFO LOG: May__3_09:58: Loading player.rb
 INFO LOG: May__3_09:58: Loading commands.rb
 INFO LOG: May__3_09:58: Loading random.rb
 INFO LOG: May__3_09:58: Loading npc.rb
 INFO LOG: May__3_09:58: Loading items.rb
 INFO LOG: May__3_09:58: Loading spells.rb
 INFO LOG: May__3_09:58: Loading all zones.
 INFO LOG: May__3_09:58: Starting server.
 INFO LOG: May__3_09:58: CoralMUD is now up on port 4000.
 INFO LOG: May__3_09:58: -- 76.202.141.206:53184 connected to CoralMUD!
 INFO LOG: May__3_09:58: -- 76.202.141.206:53184: Retnur is trying to connect.
 INFO LOG: May__3_09:58: -- 76.202.141.206:53184: Retnur player file found.
 INFO LOG: May__3_09:58: -- Retnur has entered the game.
 INFO LOG: May__3_09:59: -- #<Player:0x00000000dcc878>:76.202.141.206:53184 disconnected from CoralMUD!
