 INFO LOG: May__2_16:23: Logging enabled.   Loading logs.rb.
 INFO LOG: May__2_16:23: Loading facade.rb
 INFO LOG: May__2_16:23: Loading query_list.rb
 INFO LOG: May__2_16:23: Loading utils.rb
 INFO LOG: May__2_16:23: Loading constants.rb
 INFO LOG: May__2_16:23: Loading class_property.rb
 INFO LOG: May__2_16:23: Loading scripts.rb
 INFO LOG: May__2_16:23: Loading tags.rb
 INFO LOG: May__2_16:23: Loading editor/editors.rb
 INFO LOG: May__2_16:23: Loading editor/editor.strings.rb
 INFO LOG: May__2_16:23: Loading editor/editor.rooms.rb
 INFO LOG: May__2_16:23: Loading editor/editor.exits.rb
 INFO LOG: May__2_16:23: Loading editor/editor.zones.rb
 INFO LOG: May__2_16:23: Loading editor/editor.npc.rb
 INFO LOG: May__2_16:23: Loading editor/editor.items.rb
 INFO LOG: May__2_16:23: Loading mxp.rb
 INFO LOG: May__2_16:23: Loading mccp.rb
 INFO LOG: May__2_16:23: Loading flags.rb
 INFO LOG: May__2_16:23: Loading damage.rb
 INFO LOG: May__2_16:23: Loading areas.rb
 INFO LOG: May__2_16:23: Loading event.rb
 INFO LOG: May__2_16:23: Loading automap/automap.rb
 INFO LOG: May__2_16:23: Loading cities.olc.rb
 INFO LOG: May__2_16:23: Loading cities.rb
 INFO LOG: May__2_16:23: Loading sector definitions.
 INFO LOG: May__2_16:23: Loading help.rb
 INFO LOG: May__2_16:23: Loading imcruby.rb
 INFO LOG: May__2_16:23: Loading player.rb
 INFO LOG: May__2_16:23: Loading commands.rb
 INFO LOG: May__2_16:23: Loading random.rb
 INFO LOG: May__2_16:23: Loading npc.rb
 INFO LOG: May__2_16:23: Loading items.rb
 INFO LOG: May__2_16:23: Loading spells.rb
 INFO LOG: May__2_16:23: Loading all zones.
 INFO LOG: May__2_16:23: Starting server.
 INFO LOG: May__2_16:23: CoralMUD is now up on port 4000.
 INFO LOG: May__2_16:23: -- 76.202.141.206:50183 connected to CoralMUD!
 INFO LOG: May__2_16:23: -- 76.202.141.206:50183: Retnur is trying to connect.
 INFO LOG: May__2_16:23: -- 76.202.141.206:50183: Retnur player file found.
 INFO LOG: May__2_16:23: -- Retnur has entered the game.
 INFO LOG: May__2_16:25: tick!!!
 INFO LOG: May__2_16:27: tick!!!
 INFO LOG: May__2_16:29: tick!!!
 INFO LOG: May__2_16:31: tick!!!
 INFO LOG: May__2_16:33: tick!!!
 INFO LOG: May__2_16:35: tick!!!
 INFO LOG: May__2_16:37: tick!!!
 INFO LOG: May__2_16:39: tick!!!
 INFO LOG: May__2_16:41: tick!!!
 INFO LOG: May__2_16:43: tick!!!
 INFO LOG: May__2_16:45: tick!!!
 INFO LOG: May__2_16:47: tick!!!
 INFO LOG: May__2_16:49: tick!!!
 INFO LOG: May__2_16:51: tick!!!
 INFO LOG: May__2_16:53: tick!!!
 INFO LOG: May__2_16:55: tick!!!
 INFO LOG: May__2_16:57: tick!!!
 INFO LOG: May__2_16:59: tick!!!
 INFO LOG: May__2_17:01: tick!!!
 INFO LOG: May__2_17:03: tick!!!
 INFO LOG: May__2_17:05: tick!!!
 INFO LOG: May__2_17:07: tick!!!
 INFO LOG: May__2_17:09: tick!!!
 INFO LOG: May__2_17:10: -- #<Player:0x00000000f0e218>:76.202.141.206:50183 disconnected from CoralMUD!
 INFO LOG: May__2_17:10: Logging enabled.   Loading logs.rb.
 INFO LOG: May__2_17:10: Loading facade.rb
 INFO LOG: May__2_17:10: Loading query_list.rb
 INFO LOG: May__2_17:10: Loading utils.rb
 INFO LOG: May__2_17:11: Logging enabled.   Loading logs.rb.
 INFO LOG: May__2_17:11: Loading facade.rb
 INFO LOG: May__2_17:11: Loading query_list.rb
 INFO LOG: May__2_17:11: Loading utils.rb
 INFO LOG: May__2_17:12: Logging enabled.   Loading logs.rb.
 INFO LOG: May__2_17:12: Loading facade.rb
 INFO LOG: May__2_17:12: Loading query_list.rb
 INFO LOG: May__2_17:12: Loading utils.rb
 INFO LOG: May__2_17:12: Loading constants.rb
 INFO LOG: May__2_17:12: Loading class_property.rb
 INFO LOG: May__2_17:12: Loading scripts.rb
 INFO LOG: May__2_17:12: Loading tags.rb
 INFO LOG: May__2_17:12: Loading editor/editors.rb
 INFO LOG: May__2_17:12: Loading editor/editor.strings.rb
 INFO LOG: May__2_17:12: Loading editor/editor.rooms.rb
 INFO LOG: May__2_17:12: Loading editor/editor.exits.rb
 INFO LOG: May__2_17:12: Loading editor/editor.zones.rb
 INFO LOG: May__2_17:12: Loading editor/editor.npc.rb
 INFO LOG: May__2_17:12: Loading editor/editor.items.rb
 INFO LOG: May__2_17:12: Loading mxp.rb
 INFO LOG: May__2_17:12: Loading mccp.rb
 INFO LOG: May__2_17:12: Loading flags.rb
 INFO LOG: May__2_17:12: Loading damage.rb
 INFO LOG: May__2_17:12: Loading areas.rb
 INFO LOG: May__2_17:12: Loading event.rb
 INFO LOG: May__2_17:12: Loading automap/automap.rb
 INFO LOG: May__2_17:12: Loading cities.olc.rb
 INFO LOG: May__2_17:12: Loading cities.rb
 INFO LOG: May__2_17:12: Loading sector definitions.
 INFO LOG: May__2_17:12: Loading help.rb
 INFO LOG: May__2_17:12: Loading imcruby.rb
 INFO LOG: May__2_17:12: Loading player.rb
 INFO LOG: May__2_17:12: Loading commands.rb
 INFO LOG: May__2_17:12: Loading random.rb
 INFO LOG: May__2_17:12: Loading npc.rb
 INFO LOG: May__2_17:12: Loading items.rb
 INFO LOG: May__2_17:12: Loading spells.rb
 INFO LOG: May__2_17:12: Loading all zones.
 INFO LOG: May__2_17:12: Starting server.
 INFO LOG: May__2_17:12: CoralMUD is now up on port 4000.
 INFO LOG: May__2_17:12: -- 76.202.141.206:48212 connected to CoralMUD!
 INFO LOG: May__2_17:12: -- 76.202.141.206:48212: Retnur is trying to connect.
 INFO LOG: May__2_17:12: -- 76.202.141.206:48212: Retnur player file found.
 INFO LOG: May__2_17:12: -- Retnur has entered the game.
 INFO LOG: May__2_17:12: -- #<Player:0x00000001a38300>:76.202.141.206:48212 disconnected from CoralMUD!
 INFO LOG: May__2_17:13: Logging enabled.   Loading logs.rb.
 INFO LOG: May__2_17:13: Loading facade.rb
 INFO LOG: May__2_17:13: Loading query_list.rb
 INFO LOG: May__2_17:13: Loading utils.rb
 INFO LOG: May__2_17:13: Loading constants.rb
 INFO LOG: May__2_17:13: Loading class_property.rb
 INFO LOG: May__2_17:13: Loading scripts.rb
 INFO LOG: May__2_17:13: Loading tags.rb
 INFO LOG: May__2_17:13: Loading editor/editors.rb
 INFO LOG: May__2_17:13: Loading editor/editor.strings.rb
 INFO LOG: May__2_17:13: Loading editor/editor.rooms.rb
 INFO LOG: May__2_17:13: Loading editor/editor.exits.rb
 INFO LOG: May__2_17:13: Loading editor/editor.zones.rb
 INFO LOG: May__2_17:13: Loading editor/editor.npc.rb
 INFO LOG: May__2_17:13: Loading editor/editor.items.rb
 INFO LOG: May__2_17:13: Loading mxp.rb
 INFO LOG: May__2_17:13: Loading mccp.rb
 INFO LOG: May__2_17:13: Loading flags.rb
 INFO LOG: May__2_17:13: Loading damage.rb
 INFO LOG: May__2_17:13: Loading areas.rb
 INFO LOG: May__2_17:13: Loading event.rb
 INFO LOG: May__2_17:13: Loading automap/automap.rb
 INFO LOG: May__2_17:13: Loading cities.olc.rb
 INFO LOG: May__2_17:13: Loading cities.rb
 INFO LOG: May__2_17:13: Loading sector definitions.
 INFO LOG: May__2_17:13: Loading help.rb
 INFO LOG: May__2_17:13: Loading imcruby.rb
 INFO LOG: May__2_17:13: Loading player.rb
 INFO LOG: May__2_17:13: Loading commands.rb
 INFO LOG: May__2_17:13: Loading random.rb
 INFO LOG: May__2_17:13: Loading npc.rb
 INFO LOG: May__2_17:13: Loading items.rb
 INFO LOG: May__2_17:13: Loading spells.rb
 INFO LOG: May__2_17:13: Loading all zones.
 INFO LOG: May__2_17:13: Starting server.
 INFO LOG: May__2_17:14: CoralMUD is now up on port 4000.
 INFO LOG: May__2_17:14: -- 76.202.141.206:34316 connected to CoralMUD!
 INFO LOG: May__2_17:14: -- 76.202.141.206:34316: Retnur is trying to connect.
 INFO LOG: May__2_17:14: -- 76.202.141.206:34316: Retnur player file found.
 INFO LOG: May__2_17:14: -- Retnur has entered the game.
 INFO LOG: May__2_17:14: -- #<Player:0x00000001131838>:76.202.141.206:34316 disconnected from CoralMUD!
 INFO LOG: May__2_17:14: Logging enabled.   Loading logs.rb.
 INFO LOG: May__2_17:14: Loading facade.rb
 INFO LOG: May__2_17:14: Loading query_list.rb
 INFO LOG: May__2_17:14: Loading utils.rb
 INFO LOG: May__2_17:14: Loading constants.rb
 INFO LOG: May__2_17:14: Loading class_property.rb
 INFO LOG: May__2_17:14: Loading scripts.rb
 INFO LOG: May__2_17:14: Loading tags.rb
 INFO LOG: May__2_17:14: Loading editor/editors.rb
 INFO LOG: May__2_17:14: Loading editor/editor.strings.rb
 INFO LOG: May__2_17:14: Loading editor/editor.rooms.rb
 INFO LOG: May__2_17:14: Loading editor/editor.exits.rb
 INFO LOG: May__2_17:14: Loading editor/editor.zones.rb
 INFO LOG: May__2_17:14: Loading editor/editor.npc.rb
 INFO LOG: May__2_17:14: Loading editor/editor.items.rb
 INFO LOG: May__2_17:14: Loading mxp.rb
 INFO LOG: May__2_17:14: Loading mccp.rb
 INFO LOG: May__2_17:14: Loading flags.rb
 INFO LOG: May__2_17:14: Loading damage.rb
 INFO LOG: May__2_17:14: Loading areas.rb
 INFO LOG: May__2_17:14: Loading event.rb
 INFO LOG: May__2_17:14: Loading automap/automap.rb
 INFO LOG: May__2_17:14: Loading cities.olc.rb
 INFO LOG: May__2_17:14: Loading cities.rb
 INFO LOG: May__2_17:14: Loading sector definitions.
 INFO LOG: May__2_17:14: Loading help.rb
 INFO LOG: May__2_17:14: Loading imcruby.rb
 INFO LOG: May__2_17:14: Loading player.rb
 INFO LOG: May__2_17:14: Loading commands.rb
 INFO LOG: May__2_17:14: Loading random.rb
 INFO LOG: May__2_17:14: Loading npc.rb
 INFO LOG: May__2_17:14: Loading items.rb
 INFO LOG: May__2_17:14: Loading spells.rb
 INFO LOG: May__2_17:14: Loading all zones.
 INFO LOG: May__2_17:14: Starting server.
 INFO LOG: May__2_17:14: CoralMUD is now up on port 4000.
 INFO LOG: May__2_17:14: -- 76.202.141.206:34550 connected to CoralMUD!
 INFO LOG: May__2_17:14: -- 76.202.141.206:34550: Retnur is trying to connect.
 INFO LOG: May__2_17:14: -- 76.202.141.206:34550: Retnur player file found.
 INFO LOG: May__2_17:14: -- Retnur has entered the game.
 INFO LOG: May__2_17:15: -- #<Player:0x0000000215bba0>:76.202.141.206:34550 disconnected from CoralMUD!
 INFO LOG: May__2_17:15: Logging enabled.   Loading logs.rb.
 INFO LOG: May__2_17:15: Loading facade.rb
 INFO LOG: May__2_17:15: Loading query_list.rb
 INFO LOG: May__2_17:15: Loading utils.rb
 INFO LOG: May__2_17:15: Loading constants.rb
 INFO LOG: May__2_17:15: Loading class_property.rb
 INFO LOG: May__2_17:15: Loading scripts.rb
 INFO LOG: May__2_17:15: Loading tags.rb
 INFO LOG: May__2_17:15: Loading editor/editors.rb
 INFO LOG: May__2_17:15: Loading editor/editor.strings.rb
 INFO LOG: May__2_17:15: Loading editor/editor.rooms.rb
 INFO LOG: May__2_17:15: Loading editor/editor.exits.rb
 INFO LOG: May__2_17:15: Loading editor/editor.zones.rb
 INFO LOG: May__2_17:15: Loading editor/editor.npc.rb
 INFO LOG: May__2_17:15: Loading editor/editor.items.rb
 INFO LOG: May__2_17:15: Loading mxp.rb
 INFO LOG: May__2_17:15: Loading mccp.rb
 INFO LOG: May__2_17:15: Loading flags.rb
 INFO LOG: May__2_17:15: Loading damage.rb
 INFO LOG: May__2_17:15: Loading areas.rb
 INFO LOG: May__2_17:15: Loading event.rb
 INFO LOG: May__2_17:15: Loading automap/automap.rb
 INFO LOG: May__2_17:15: Loading cities.olc.rb
 INFO LOG: May__2_17:15: Loading cities.rb
 INFO LOG: May__2_17:15: Loading sector definitions.
 INFO LOG: May__2_17:15: Loading help.rb
 INFO LOG: May__2_17:15: Loading imcruby.rb
 INFO LOG: May__2_17:15: Loading player.rb
 INFO LOG: May__2_17:15: Loading commands.rb
 INFO LOG: May__2_17:15: Loading random.rb
 INFO LOG: May__2_17:15: Loading npc.rb
 INFO LOG: May__2_17:15: Loading items.rb
 INFO LOG: May__2_17:15: Loading spells.rb
 INFO LOG: May__2_17:15: Loading all zones.
 INFO LOG: May__2_17:15: Starting server.
 INFO LOG: May__2_17:15: CoralMUD is now up on port 4000.
 INFO LOG: May__2_17:15: -- 76.202.141.206:37031 connected to CoralMUD!
 INFO LOG: May__2_17:15: -- 76.202.141.206:37031: Retnur is trying to connect.
 INFO LOG: May__2_17:15: -- 76.202.141.206:37031: Retnur player file found.
 INFO LOG: May__2_17:15: -- Retnur has entered the game.
 INFO LOG: May__2_17:15: -- #<Player:0x0000000246e478>:76.202.141.206:37031 disconnected from CoralMUD!
 INFO LOG: May__2_17:16: Logging enabled.   Loading logs.rb.
 INFO LOG: May__2_17:16: Loading facade.rb
 INFO LOG: May__2_17:16: Loading query_list.rb
 INFO LOG: May__2_17:16: Loading utils.rb
 INFO LOG: May__2_17:16: Loading constants.rb
 INFO LOG: May__2_17:16: Loading class_property.rb
 INFO LOG: May__2_17:16: Loading scripts.rb
 INFO LOG: May__2_17:16: Loading tags.rb
 INFO LOG: May__2_17:16: Loading editor/editors.rb
 INFO LOG: May__2_17:16: Loading editor/editor.strings.rb
 INFO LOG: May__2_17:16: Loading editor/editor.rooms.rb
 INFO LOG: May__2_17:16: Loading editor/editor.exits.rb
 INFO LOG: May__2_17:16: Loading editor/editor.zones.rb
 INFO LOG: May__2_17:16: Loading editor/editor.npc.rb
 INFO LOG: May__2_17:16: Loading editor/editor.items.rb
 INFO LOG: May__2_17:16: Loading mxp.rb
 INFO LOG: May__2_17:16: Loading mccp.rb
 INFO LOG: May__2_17:16: Loading flags.rb
 INFO LOG: May__2_17:16: Loading damage.rb
 INFO LOG: May__2_17:16: Loading areas.rb
 INFO LOG: May__2_17:16: Loading event.rb
 INFO LOG: May__2_17:16: Loading automap/automap.rb
 INFO LOG: May__2_17:16: Loading cities.olc.rb
 INFO LOG: May__2_17:16: Loading cities.rb
 INFO LOG: May__2_17:16: Loading sector definitions.
 INFO LOG: May__2_17:16: Loading help.rb
 INFO LOG: May__2_17:16: Loading imcruby.rb
 INFO LOG: May__2_17:16: Loading player.rb
 INFO LOG: May__2_17:16: Loading commands.rb
 INFO LOG: May__2_17:16: Loading random.rb
 INFO LOG: May__2_17:16: Loading npc.rb
 INFO LOG: May__2_17:16: Loading items.rb
 INFO LOG: May__2_17:16: Loading spells.rb
 INFO LOG: May__2_17:16: Loading all zones.
 INFO LOG: May__2_17:16: Starting server.
 INFO LOG: May__2_17:16: CoralMUD is now up on port 4000.
 INFO LOG: May__2_17:16: -- 76.202.141.206:45164 connected to CoralMUD!
 INFO LOG: May__2_17:16: -- 76.202.141.206:45164: Retnur is trying to connect.
 INFO LOG: May__2_17:16: -- 76.202.141.206:45164: Retnur player file found.
 INFO LOG: May__2_17:16: -- Retnur has entered the game.
 INFO LOG: May__2_17:16: -- #<Player:0x00000001e05870>:76.202.141.206:45164 disconnected from CoralMUD!
 INFO LOG: May__2_17:17: Logging enabled.   Loading logs.rb.
 INFO LOG: May__2_17:17: Loading facade.rb
 INFO LOG: May__2_17:17: Loading query_list.rb
 INFO LOG: May__2_17:17: Loading utils.rb
 INFO LOG: May__2_17:17: Loading constants.rb
 INFO LOG: May__2_17:17: Loading class_property.rb
 INFO LOG: May__2_17:17: Loading scripts.rb
 INFO LOG: May__2_17:17: Loading tags.rb
 INFO LOG: May__2_17:17: Loading editor/editors.rb
 INFO LOG: May__2_17:17: Loading editor/editor.strings.rb
 INFO LOG: May__2_17:17: Loading editor/editor.rooms.rb
 INFO LOG: May__2_17:17: Loading editor/editor.exits.rb
 INFO LOG: May__2_17:17: Loading editor/editor.zones.rb
 INFO LOG: May__2_17:17: Loading editor/editor.npc.rb
 INFO LOG: May__2_17:17: Loading editor/editor.items.rb
 INFO LOG: May__2_17:17: Loading mxp.rb
 INFO LOG: May__2_17:17: Loading mccp.rb
 INFO LOG: May__2_17:17: Loading flags.rb
 INFO LOG: May__2_17:17: Loading damage.rb
 INFO LOG: May__2_17:17: Loading areas.rb
 INFO LOG: May__2_17:17: Loading event.rb
 INFO LOG: May__2_17:17: Loading automap/automap.rb
 INFO LOG: May__2_17:17: Loading cities.olc.rb
 INFO LOG: May__2_17:17: Loading cities.rb
 INFO LOG: May__2_17:17: Loading sector definitions.
 INFO LOG: May__2_17:17: Loading help.rb
 INFO LOG: May__2_17:17: Loading imcruby.rb
 INFO LOG: May__2_17:17: Loading player.rb
 INFO LOG: May__2_17:17: Loading commands.rb
 INFO LOG: May__2_17:17: Loading random.rb
 INFO LOG: May__2_17:17: Loading npc.rb
 INFO LOG: May__2_17:17: Loading items.rb
 INFO LOG: May__2_17:17: Loading spells.rb
 INFO LOG: May__2_17:17: Loading all zones.
 INFO LOG: May__2_17:17: Starting server.
 INFO LOG: May__2_17:17: CoralMUD is now up on port 4000.
 INFO LOG: May__2_17:17: -- 76.202.141.206:56395 connected to CoralMUD!
 INFO LOG: May__2_17:17: -- 76.202.141.206:56395: Retnur is trying to connect.
 INFO LOG: May__2_17:17: -- 76.202.141.206:56395: Retnur player file found.
 INFO LOG: May__2_17:17: -- Retnur has entered the game.
 INFO LOG: May__2_17:17: -- #<Player:0x000000022dd7f8>:76.202.141.206:56395 disconnected from CoralMUD!
 INFO LOG: May__2_17:19: Logging enabled.   Loading logs.rb.
 INFO LOG: May__2_17:19: Loading facade.rb
 INFO LOG: May__2_17:19: Loading query_list.rb
 INFO LOG: May__2_17:19: Loading utils.rb
 INFO LOG: May__2_17:19: Loading constants.rb
 INFO LOG: May__2_17:19: Loading class_property.rb
 INFO LOG: May__2_17:19: Loading scripts.rb
 INFO LOG: May__2_17:19: Loading tags.rb
 INFO LOG: May__2_17:19: Loading editor/editors.rb
 INFO LOG: May__2_17:19: Loading editor/editor.strings.rb
 INFO LOG: May__2_17:19: Loading editor/editor.rooms.rb
 INFO LOG: May__2_17:19: Loading editor/editor.exits.rb
 INFO LOG: May__2_17:19: Loading editor/editor.zones.rb
 INFO LOG: May__2_17:19: Loading editor/editor.npc.rb
 INFO LOG: May__2_17:19: Loading editor/editor.items.rb
 INFO LOG: May__2_17:19: Loading mxp.rb
 INFO LOG: May__2_17:19: Loading mccp.rb
 INFO LOG: May__2_17:19: Loading flags.rb
 INFO LOG: May__2_17:19: Loading damage.rb
 INFO LOG: May__2_17:19: Loading areas.rb
 INFO LOG: May__2_17:19: Loading event.rb
 INFO LOG: May__2_17:19: Loading automap/automap.rb
 INFO LOG: May__2_17:19: Loading cities.olc.rb
 INFO LOG: May__2_17:19: Loading cities.rb
 INFO LOG: May__2_17:19: Loading sector definitions.
 INFO LOG: May__2_17:19: Loading help.rb
 INFO LOG: May__2_17:19: Loading imcruby.rb
 INFO LOG: May__2_17:19: Loading player.rb
 INFO LOG: May__2_17:19: Loading commands.rb
 INFO LOG: May__2_17:19: Loading random.rb
 INFO LOG: May__2_17:19: Loading npc.rb
 INFO LOG: May__2_17:19: Loading items.rb
 INFO LOG: May__2_17:19: Loading spells.rb
 INFO LOG: May__2_17:19: Loading all zones.
 INFO LOG: May__2_17:19: Starting server.
 INFO LOG: May__2_17:19: CoralMUD is now up on port 4000.
 INFO LOG: May__2_17:19: -- 76.202.141.206:51078 connected to CoralMUD!
 INFO LOG: May__2_17:19: -- 76.202.141.206:51078: Retnur is trying to connect.
 INFO LOG: May__2_17:19: -- 76.202.141.206:51078: Retnur player file found.
 INFO LOG: May__2_17:19: -- Retnur has entered the game.
 INFO LOG: May__2_17:19: ["sword"]
 INFO LOG: May__2_17:19: ["sword"]
 INFO LOG: May__2_17:19: ["1", ".sword"]
 INFO LOG: May__2_17:19: -- #<Player:0x00000001d24280>:76.202.141.206:51078 disconnected from CoralMUD!
 INFO LOG: May__2_17:23: Logging enabled.   Loading logs.rb.
 INFO LOG: May__2_17:23: Loading facade.rb
 INFO LOG: May__2_17:23: Loading query_list.rb
 INFO LOG: May__2_17:23: Loading utils.rb
 INFO LOG: May__2_17:23: Loading constants.rb
 INFO LOG: May__2_17:23: Loading class_property.rb
 INFO LOG: May__2_17:23: Loading scripts.rb
 INFO LOG: May__2_17:23: Loading tags.rb
 INFO LOG: May__2_17:23: Loading editor/editors.rb
 INFO LOG: May__2_17:23: Loading editor/editor.strings.rb
 INFO LOG: May__2_17:23: Loading editor/editor.rooms.rb
 INFO LOG: May__2_17:23: Loading editor/editor.exits.rb
 INFO LOG: May__2_17:23: Loading editor/editor.zones.rb
 INFO LOG: May__2_17:23: Loading editor/editor.npc.rb
 INFO LOG: May__2_17:23: Loading editor/editor.items.rb
 INFO LOG: May__2_17:23: Loading mxp.rb
 INFO LOG: May__2_17:23: Loading mccp.rb
 INFO LOG: May__2_17:23: Loading flags.rb
 INFO LOG: May__2_17:23: Loading damage.rb
 INFO LOG: May__2_17:23: Loading areas.rb
 INFO LOG: May__2_17:23: Loading event.rb
 INFO LOG: May__2_17:23: Loading automap/automap.rb
 INFO LOG: May__2_17:23: Loading cities.olc.rb
 INFO LOG: May__2_17:23: Loading cities.rb
 INFO LOG: May__2_17:23: Loading sector definitions.
 INFO LOG: May__2_17:23: Loading help.rb
 INFO LOG: May__2_17:23: Loading imcruby.rb
 INFO LOG: May__2_17:23: Loading player.rb
 INFO LOG: May__2_17:23: Loading commands.rb
 INFO LOG: May__2_17:23: Loading random.rb
 INFO LOG: May__2_17:23: Loading npc.rb
 INFO LOG: May__2_17:23: Loading items.rb
 INFO LOG: May__2_17:23: Loading spells.rb
 INFO LOG: May__2_17:23: Loading all zones.
 INFO LOG: May__2_17:23: Starting server.
 INFO LOG: May__2_17:23: CoralMUD is now up on port 4000.
 INFO LOG: May__2_17:23: -- 76.202.141.206:47828 connected to CoralMUD!
 INFO LOG: May__2_17:23: -- 76.202.141.206:47828: Retnur is trying to connect.
 INFO LOG: May__2_17:23: -- 76.202.141.206:47828: Retnur player file found.
 INFO LOG: May__2_17:23: -- Retnur has entered the game.
 INFO LOG: May__2_17:23: ["sword"]
 INFO LOG: May__2_17:23: ["1.sword"]
 INFO LOG: May__2_17:23: ["100.2.sword"]
 INFO LOG: May__2_17:23: ["sword", "stinky"]
 INFO LOG: May__2_17:23: -- #<Player:0x00000002bc9d08>:76.202.141.206:47828 disconnected from CoralMUD!
 INFO LOG: May__2_17:25: Logging enabled.   Loading logs.rb.
 INFO LOG: May__2_17:25: Loading facade.rb
 INFO LOG: May__2_17:25: Loading query_list.rb
 INFO LOG: May__2_17:25: Loading utils.rb
 INFO LOG: May__2_17:25: Loading constants.rb
 INFO LOG: May__2_17:25: Loading class_property.rb
 INFO LOG: May__2_17:25: Loading scripts.rb
 INFO LOG: May__2_17:25: Loading tags.rb
 INFO LOG: May__2_17:25: Loading editor/editors.rb
 INFO LOG: May__2_17:25: Loading editor/editor.strings.rb
 INFO LOG: May__2_17:25: Loading editor/editor.rooms.rb
 INFO LOG: May__2_17:25: Loading editor/editor.exits.rb
 INFO LOG: May__2_17:25: Loading editor/editor.zones.rb
 INFO LOG: May__2_17:25: Loading editor/editor.npc.rb
 INFO LOG: May__2_17:25: Loading editor/editor.items.rb
 INFO LOG: May__2_17:25: Loading mxp.rb
 INFO LOG: May__2_17:25: Loading mccp.rb
 INFO LOG: May__2_17:25: Loading flags.rb
 INFO LOG: May__2_17:25: Loading damage.rb
 INFO LOG: May__2_17:25: Loading areas.rb
 INFO LOG: May__2_17:25: Loading event.rb
 INFO LOG: May__2_17:25: Loading automap/automap.rb
 INFO LOG: May__2_17:25: Loading cities.olc.rb
 INFO LOG: May__2_17:25: Loading cities.rb
 INFO LOG: May__2_17:25: Loading sector definitions.
 INFO LOG: May__2_17:25: Loading help.rb
 INFO LOG: May__2_17:25: Loading imcruby.rb
 INFO LOG: May__2_17:25: Loading player.rb
 INFO LOG: May__2_17:25: Loading commands.rb
 INFO LOG: May__2_17:25: Loading random.rb
 INFO LOG: May__2_17:25: Loading npc.rb
 INFO LOG: May__2_17:25: Loading items.rb
 INFO LOG: May__2_17:25: Loading spells.rb
 INFO LOG: May__2_17:25: Loading all zones.
 INFO LOG: May__2_17:25: Starting server.
 INFO LOG: May__2_17:25: CoralMUD is now up on port 4000.
 INFO LOG: May__2_17:25: -- 76.202.141.206:32873 connected to CoralMUD!
 INFO LOG: May__2_17:25: -- 76.202.141.206:32873: Retnur is trying to connect.
 INFO LOG: May__2_17:25: -- 76.202.141.206:32873: Retnur player file found.
 INFO LOG: May__2_17:25: -- Retnur has entered the game.
 INFO LOG: May__2_17:25: ["sword", "stinky"]
 INFO LOG: May__2_17:25: ["1.sword"]
 INFO LOG: May__2_17:25: ["1.sword", "or", "smelly"]
 INFO LOG: May__2_17:25: ["sword"]
 INFO LOG: May__2_17:26: ["sword", "and", "test"]
 INFO LOG: May__2_17:26: ["sword", "or", "all"]
 INFO LOG: May__2_17:26: ["sword", "and", "test"]
 INFO LOG: May__2_17:27: tick!!!
 INFO LOG: May__2_17:29: tick!!!
 INFO LOG: May__2_17:31: tick!!!
 INFO LOG: May__2_17:33: tick!!!
 INFO LOG: May__2_17:35: tick!!!
 INFO LOG: May__2_17:37: tick!!!
 INFO LOG: May__2_17:39: tick!!!
 INFO LOG: May__2_17:39: -- #<Player:0x000000017cb978>:76.202.141.206:32873 disconnected from CoralMUD!
 INFO LOG: May__2_17:39: Logging enabled.   Loading logs.rb.
 INFO LOG: May__2_17:39: Loading facade.rb
 INFO LOG: May__2_17:39: Loading query_list.rb
 INFO LOG: May__2_17:40: Logging enabled.   Loading logs.rb.
 INFO LOG: May__2_17:40: Loading facade.rb
 INFO LOG: May__2_17:40: Loading query_list.rb
 INFO LOG: May__2_17:40: Loading utils.rb
 INFO LOG: May__2_17:40: Loading constants.rb
 INFO LOG: May__2_17:40: Loading class_property.rb
 INFO LOG: May__2_17:40: Loading scripts.rb
 INFO LOG: May__2_17:40: Loading tags.rb
 INFO LOG: May__2_17:40: Loading editor/editors.rb
 INFO LOG: May__2_17:40: Loading editor/editor.strings.rb
 INFO LOG: May__2_17:40: Loading editor/editor.rooms.rb
 INFO LOG: May__2_17:40: Loading editor/editor.exits.rb
 INFO LOG: May__2_17:40: Loading editor/editor.zones.rb
 INFO LOG: May__2_17:40: Loading editor/editor.npc.rb
 INFO LOG: May__2_17:40: Loading editor/editor.items.rb
 INFO LOG: May__2_17:40: Loading mxp.rb
 INFO LOG: May__2_17:40: Loading mccp.rb
 INFO LOG: May__2_17:40: Loading flags.rb
 INFO LOG: May__2_17:40: Loading damage.rb
 INFO LOG: May__2_17:40: Loading areas.rb
 INFO LOG: May__2_17:40: Loading event.rb
 INFO LOG: May__2_17:40: Loading automap/automap.rb
 INFO LOG: May__2_17:40: Loading cities.olc.rb
 INFO LOG: May__2_17:40: Loading cities.rb
 INFO LOG: May__2_17:40: Loading sector definitions.
 INFO LOG: May__2_17:40: Loading help.rb
 INFO LOG: May__2_17:40: Loading imcruby.rb
 INFO LOG: May__2_17:40: Loading player.rb
 INFO LOG: May__2_17:40: Loading commands.rb
 INFO LOG: May__2_17:40: Loading random.rb
 INFO LOG: May__2_17:40: Loading npc.rb
 INFO LOG: May__2_17:40: Loading items.rb
 INFO LOG: May__2_17:40: Loading spells.rb
 INFO LOG: May__2_17:40: Loading all zones.
 INFO LOG: May__2_17:40: Starting server.
 INFO LOG: May__2_17:40: CoralMUD is now up on port 4000.
 INFO LOG: May__2_17:40: -- 76.202.141.206:42464 connected to CoralMUD!
 INFO LOG: May__2_17:40: -- 76.202.141.206:42464: Retnur is trying to connect.
 INFO LOG: May__2_17:40: -- 76.202.141.206:42464: Retnur player file found.
 INFO LOG: May__2_17:40: -- Retnur has entered the game.
 INFO LOG: May__2_17:40: ["sword"]
 INFO LOG: May__2_17:40: -- #<Player:0x00000002b2ad98>:76.202.141.206:42464 disconnected from CoralMUD!
 INFO LOG: May__2_17:41: Logging enabled.   Loading logs.rb.
 INFO LOG: May__2_17:41: Loading facade.rb
 INFO LOG: May__2_17:41: Loading query_list.rb
 INFO LOG: May__2_17:41: Loading utils.rb
 INFO LOG: May__2_17:41: Loading constants.rb
 INFO LOG: May__2_17:41: Loading class_property.rb
 INFO LOG: May__2_17:41: Loading scripts.rb
 INFO LOG: May__2_17:41: Loading tags.rb
 INFO LOG: May__2_17:41: Loading editor/editors.rb
 INFO LOG: May__2_17:41: Loading editor/editor.strings.rb
 INFO LOG: May__2_17:41: Loading editor/editor.rooms.rb
 INFO LOG: May__2_17:41: Loading editor/editor.exits.rb
 INFO LOG: May__2_17:41: Loading editor/editor.zones.rb
 INFO LOG: May__2_17:41: Loading editor/editor.npc.rb
 INFO LOG: May__2_17:41: Loading editor/editor.items.rb
 INFO LOG: May__2_17:41: Loading mxp.rb
 INFO LOG: May__2_17:41: Loading mccp.rb
 INFO LOG: May__2_17:41: Loading flags.rb
 INFO LOG: May__2_17:41: Loading damage.rb
 INFO LOG: May__2_17:41: Loading areas.rb
 INFO LOG: May__2_17:41: Loading event.rb
 INFO LOG: May__2_17:41: Loading automap/automap.rb
 INFO LOG: May__2_17:41: Loading cities.olc.rb
 INFO LOG: May__2_17:41: Loading cities.rb
 INFO LOG: May__2_17:41: Loading sector definitions.
 INFO LOG: May__2_17:41: Loading help.rb
 INFO LOG: May__2_17:41: Loading imcruby.rb
 INFO LOG: May__2_17:41: Loading player.rb
 INFO LOG: May__2_17:41: Loading commands.rb
 INFO LOG: May__2_17:41: Loading random.rb
 INFO LOG: May__2_17:41: Loading npc.rb
 INFO LOG: May__2_17:41: Loading items.rb
 INFO LOG: May__2_17:41: Loading spells.rb
 INFO LOG: May__2_17:41: Loading all zones.
 INFO LOG: May__2_17:41: Starting server.
 INFO LOG: May__2_17:41: CoralMUD is now up on port 4000.
 INFO LOG: May__2_17:41: -- 76.202.141.206:53501 connected to CoralMUD!
 INFO LOG: May__2_17:41: -- 76.202.141.206:53501: Retnur is trying to connect.
 INFO LOG: May__2_17:41: -- 76.202.141.206:53501: Retnur player file found.
 INFO LOG: May__2_17:41: -- Retnur has entered the game.
 INFO LOG: May__2_17:41: ["sword"]
 INFO LOG: May__2_17:41: ["sword"]
 INFO LOG: May__2_17:41: ["sword"]
 INFO LOG: May__2_17:42: -- #<Player:0x00000001ae8818>:76.202.141.206:53501 disconnected from CoralMUD!
 INFO LOG: May__2_17:42: Program closed.
 INFO LOG: May__2_17:42: Logging enabled.   Loading logs.rb.
 INFO LOG: May__2_17:42: Loading facade.rb
 INFO LOG: May__2_17:42: Loading query_list.rb
 INFO LOG: May__2_17:42: Loading utils.rb
 INFO LOG: May__2_17:42: Loading constants.rb
 INFO LOG: May__2_17:42: Loading class_property.rb
 INFO LOG: May__2_17:42: Loading scripts.rb
 INFO LOG: May__2_17:42: Loading tags.rb
 INFO LOG: May__2_17:42: Loading editor/editors.rb
 INFO LOG: May__2_17:42: Loading editor/editor.strings.rb
 INFO LOG: May__2_17:42: Loading editor/editor.rooms.rb
 INFO LOG: May__2_17:42: Loading editor/editor.exits.rb
 INFO LOG: May__2_17:42: Loading editor/editor.zones.rb
 INFO LOG: May__2_17:42: Loading editor/editor.npc.rb
 INFO LOG: May__2_17:42: Loading editor/editor.items.rb
 INFO LOG: May__2_17:42: Loading mxp.rb
 INFO LOG: May__2_17:42: Loading mccp.rb
 INFO LOG: May__2_17:42: Loading flags.rb
 INFO LOG: May__2_17:42: Loading damage.rb
 INFO LOG: May__2_17:42: Loading areas.rb
 INFO LOG: May__2_17:42: Loading event.rb
 INFO LOG: May__2_17:42: Loading automap/automap.rb
 INFO LOG: May__2_17:42: Loading cities.olc.rb
 INFO LOG: May__2_17:42: Loading cities.rb
 INFO LOG: May__2_17:42: Loading sector definitions.
 INFO LOG: May__2_17:42: Loading help.rb
 INFO LOG: May__2_17:42: Loading imcruby.rb
 INFO LOG: May__2_17:42: Loading player.rb
 INFO LOG: May__2_17:42: Loading commands.rb
 INFO LOG: May__2_17:42: Loading random.rb
 INFO LOG: May__2_17:42: Loading npc.rb
 INFO LOG: May__2_17:42: Loading items.rb
 INFO LOG: May__2_17:42: Loading spells.rb
 INFO LOG: May__2_17:42: Loading all zones.
 INFO LOG: May__2_17:42: Starting server.
 INFO LOG: May__2_17:42: CoralMUD is now up on port 4000.
 INFO LOG: May__2_17:42: -- 76.202.141.206:43214 connected to CoralMUD!
 INFO LOG: May__2_17:42: -- 76.202.141.206:43214: Retnur is trying to connect.
 INFO LOG: May__2_17:42: -- 76.202.141.206:43214: Retnur player file found.
 INFO LOG: May__2_17:42: -- Retnur has entered the game.
 INFO LOG: May__2_17:42: ["sword"]: [#<ItemFacade:0x00000000e38050 @id=102, @hides=#<Item:0x00000001194cf8 @name="steel sword", @type=:trash, @namespace=#<Zone:0x000000017c3958 @name="The First Area", @when=1272840146, @vtag=#<Tag:0x000000017c24b8 @vtag=[["first", "area"]]>, @rooms=nil, @items=nil, @npcs=nil, @namespace=nil>, @vtag=#<Tag:0x00000001194528 @vtag=[["steel", "sword"]]>, @flags=nil>>]
 INFO LOG: May__2_17:44: -- #<Player:0x00000000f2ad78>:76.202.141.206:43214 disconnected from CoralMUD!
 INFO LOG: May__2_17:44: Logging enabled.   Loading logs.rb.
 INFO LOG: May__2_17:44: Loading facade.rb
 INFO LOG: May__2_17:44: Loading query_list.rb
 INFO LOG: May__2_17:44: Loading utils.rb
 INFO LOG: May__2_17:44: Loading constants.rb
 INFO LOG: May__2_17:44: Loading class_property.rb
 INFO LOG: May__2_17:44: Loading scripts.rb
 INFO LOG: May__2_17:44: Loading tags.rb
 INFO LOG: May__2_17:44: Loading editor/editors.rb
 INFO LOG: May__2_17:44: Loading editor/editor.strings.rb
 INFO LOG: May__2_17:44: Loading editor/editor.rooms.rb
 INFO LOG: May__2_17:44: Loading editor/editor.exits.rb
 INFO LOG: May__2_17:44: Loading editor/editor.zones.rb
 INFO LOG: May__2_17:44: Loading editor/editor.npc.rb
 INFO LOG: May__2_17:44: Loading editor/editor.items.rb
 INFO LOG: May__2_17:44: Loading mxp.rb
 INFO LOG: May__2_17:44: Loading mccp.rb
 INFO LOG: May__2_17:44: Loading flags.rb
 INFO LOG: May__2_17:44: Loading damage.rb
 INFO LOG: May__2_17:44: Loading areas.rb
 INFO LOG: May__2_17:44: Loading event.rb
 INFO LOG: May__2_17:44: Loading automap/automap.rb
 INFO LOG: May__2_17:44: Loading cities.olc.rb
 INFO LOG: May__2_17:44: Loading cities.rb
 INFO LOG: May__2_17:44: Loading sector definitions.
 INFO LOG: May__2_17:44: Loading help.rb
 INFO LOG: May__2_17:44: Loading imcruby.rb
 INFO LOG: May__2_17:44: Loading player.rb
 INFO LOG: May__2_17:44: Loading commands.rb
 INFO LOG: May__2_17:44: Loading random.rb
 INFO LOG: May__2_17:44: Loading npc.rb
 INFO LOG: May__2_17:44: Loading items.rb
 INFO LOG: May__2_17:44: Loading spells.rb
 INFO LOG: May__2_17:44: Loading all zones.
 INFO LOG: May__2_17:44: Starting server.
 INFO LOG: May__2_17:44: CoralMUD is now up on port 4000.
 INFO LOG: May__2_17:44: -- 76.202.141.206:53050 connected to CoralMUD!
 INFO LOG: May__2_17:44: -- 76.202.141.206:53050: Retnur is trying to connect.
 INFO LOG: May__2_17:44: -- 76.202.141.206:53050: Retnur player file found.
 INFO LOG: May__2_17:44: -- Retnur has entered the game.
 INFO LOG: May__2_17:44: ["sword"]: [#<ItemFacade:0x000000019d0d40 @id=103, @hides=#<Item:0x00000001c76298 @name="steel sword", @type=:trash, @namespace=#<Zone:0x00000002329540 @name="The First Area", @when=1272840265, @vtag=#<Tag:0x00000002327858 @vtag=[["first", "area"]]>, @rooms=nil, @items=nil, @npcs=nil, @namespace=nil>, @vtag=#<Tag:0x00000001c75d70 @vtag=[["steel", "sword"]]>, @flags=nil>>]
 INFO LOG: May__2_17:44: ["sword"]: [#<ItemFacade:0x000000019d0d40 @id=103, @hides=#<Item:0x00000001c76298 @name="steel sword", @type=:trash, @namespace=#<Zone:0x00000002329540 @name="The First Area", @when=1272840265, @vtag=#<Tag:0x00000002327858 @vtag=[["first", "area"]]>, @rooms=nil, @items=nil, @npcs=nil, @namespace=nil>, @vtag=#<Tag:0x00000001c75d70 @vtag=[["steel", "sword"]]>, @flags=nil>>]
 INFO LOG: May__2_17:46: tick!!!
 INFO LOG: May__2_17:47: -- #<Player:0x00000001ae4448>:76.202.141.206:53050 disconnected from CoralMUD!
 INFO LOG: May__2_17:47: Logging enabled.   Loading logs.rb.
 INFO LOG: May__2_17:47: Loading facade.rb
 INFO LOG: May__2_17:47: Loading query_list.rb
 INFO LOG: May__2_17:47: Loading utils.rb
 INFO LOG: May__2_17:47: Loading constants.rb
 INFO LOG: May__2_17:47: Loading class_property.rb
 INFO LOG: May__2_17:47: Loading scripts.rb
 INFO LOG: May__2_17:47: Loading tags.rb
 INFO LOG: May__2_17:47: Loading editor/editors.rb
 INFO LOG: May__2_17:47: Loading editor/editor.strings.rb
 INFO LOG: May__2_17:47: Loading editor/editor.rooms.rb
 INFO LOG: May__2_17:47: Loading editor/editor.exits.rb
 INFO LOG: May__2_17:47: Loading editor/editor.zones.rb
 INFO LOG: May__2_17:47: Loading editor/editor.npc.rb
 INFO LOG: May__2_17:47: Loading editor/editor.items.rb
 INFO LOG: May__2_17:47: Loading mxp.rb
 INFO LOG: May__2_17:47: Loading mccp.rb
 INFO LOG: May__2_17:47: Loading flags.rb
 INFO LOG: May__2_17:47: Loading damage.rb
 INFO LOG: May__2_17:47: Loading areas.rb
 INFO LOG: May__2_17:47: Loading event.rb
 INFO LOG: May__2_17:47: Loading automap/automap.rb
 INFO LOG: May__2_17:47: Loading cities.olc.rb
 INFO LOG: May__2_17:47: Loading cities.rb
 INFO LOG: May__2_17:47: Loading sector definitions.
 INFO LOG: May__2_17:47: Loading help.rb
 INFO LOG: May__2_17:47: Loading imcruby.rb
 INFO LOG: May__2_17:47: Loading player.rb
 INFO LOG: May__2_17:47: Loading commands.rb
 INFO LOG: May__2_17:47: Loading random.rb
 INFO LOG: May__2_17:47: Loading npc.rb
 INFO LOG: May__2_17:47: Loading items.rb
 INFO LOG: May__2_17:47: Loading spells.rb
 INFO LOG: May__2_17:47: Loading all zones.
 INFO LOG: May__2_17:47: Starting server.
 INFO LOG: May__2_17:47: CoralMUD is now up on port 4000.
 INFO LOG: May__2_17:47: -- 76.202.141.206:33236 connected to CoralMUD!
 INFO LOG: May__2_17:47: -- 76.202.141.206:33236: Retnur is trying to connect.
 INFO LOG: May__2_17:47: -- 76.202.141.206:33236: Retnur player file found.
 INFO LOG: May__2_17:47: -- Retnur has entered the game.
 INFO LOG: May__2_17:49: tick!!!
 INFO LOG: May__2_17:51: tick!!!
 INFO LOG: May__2_17:53: tick!!!
 INFO LOG: May__2_17:55: tick!!!
 INFO LOG: May__2_17:57: tick!!!
 INFO LOG: May__2_17:59: tick!!!
 INFO LOG: May__2_18:01: tick!!!
 INFO LOG: May__2_18:03: tick!!!
 INFO LOG: May__2_18:05: tick!!!
 INFO LOG: May__2_18:07: tick!!!
 INFO LOG: May__2_18:09: tick!!!
 INFO LOG: May__2_18:11: tick!!!
 INFO LOG: May__2_18:13: tick!!!
 INFO LOG: May__2_18:15: tick!!!
 INFO LOG: May__2_18:17: tick!!!
 INFO LOG: May__2_18:19: tick!!!
 INFO LOG: May__2_18:21: -- #<Player:0x000000017f0368>:76.202.141.206:33236 disconnected from CoralMUD!
 INFO LOG: May__2_18:21: Program closed.
 INFO LOG: May__2_18:21: Logging enabled.   Loading logs.rb.
 INFO LOG: May__2_18:21: Loading facade.rb
 INFO LOG: May__2_18:21: Loading query_list.rb
 INFO LOG: May__2_18:21: Loading utils.rb
 INFO LOG: May__2_18:21: Loading constants.rb
 INFO LOG: May__2_18:21: Loading class_property.rb
 INFO LOG: May__2_18:21: Loading scripts.rb
 INFO LOG: May__2_18:21: Loading tags.rb
 INFO LOG: May__2_18:21: Loading editor/editors.rb
 INFO LOG: May__2_18:21: Loading editor/editor.strings.rb
 INFO LOG: May__2_18:21: Loading editor/editor.rooms.rb
 INFO LOG: May__2_18:21: Loading editor/editor.exits.rb
 INFO LOG: May__2_18:21: Loading editor/editor.zones.rb
 INFO LOG: May__2_18:21: Loading editor/editor.npc.rb
 INFO LOG: May__2_18:21: Loading editor/editor.items.rb
 INFO LOG: May__2_18:21: Loading mxp.rb
 INFO LOG: May__2_18:21: Loading mccp.rb
 INFO LOG: May__2_18:21: Loading flags.rb
 INFO LOG: May__2_18:21: Loading damage.rb
 INFO LOG: May__2_18:21: Loading areas.rb
 INFO LOG: May__2_18:21: Loading event.rb
 INFO LOG: May__2_18:21: Loading automap/automap.rb
 INFO LOG: May__2_18:21: Loading cities.olc.rb
 INFO LOG: May__2_18:21: Loading cities.rb
 INFO LOG: May__2_18:21: Loading sector definitions.
 INFO LOG: May__2_18:21: Loading help.rb
 INFO LOG: May__2_18:21: Loading imcruby.rb
 INFO LOG: May__2_18:21: Loading player.rb
 INFO LOG: May__2_18:21: Loading commands.rb
 INFO LOG: May__2_18:21: Loading random.rb
 INFO LOG: May__2_18:21: Loading npc.rb
 INFO LOG: May__2_18:21: Loading items.rb
 INFO LOG: May__2_18:21: Loading spells.rb
 INFO LOG: May__2_18:21: Loading all zones.
 INFO LOG: May__2_18:21: Starting server.
 INFO LOG: May__2_18:21: CoralMUD is now up on port 4000.
 INFO LOG: May__2_18:22: -- 76.202.141.206:38101 connected to CoralMUD!
 INFO LOG: May__2_18:22: -- 76.202.141.206:38101: Retnur is trying to connect.
 INFO LOG: May__2_18:22: -- 76.202.141.206:38101: Retnur player file found.
 INFO LOG: May__2_18:22: -- Retnur has entered the game.
 INFO LOG: May__2_18:23: tick!!!
 INFO LOG: May__2_18:25: tick!!!
 INFO LOG: May__2_18:27: tick!!!
 INFO LOG: May__2_18:29: tick!!!
 INFO LOG: May__2_18:31: tick!!!
 INFO LOG: May__2_18:33: tick!!!
 INFO LOG: May__2_18:35: tick!!!
 INFO LOG: May__2_18:37: tick!!!
 INFO LOG: May__2_18:39: tick!!!
 INFO LOG: May__2_18:41: tick!!!
 INFO LOG: May__2_18:43: tick!!!
 INFO LOG: May__2_18:45: tick!!!
 INFO LOG: May__2_18:47: tick!!!
 INFO LOG: May__2_18:49: tick!!!
 INFO LOG: May__2_18:51: tick!!!
 INFO LOG: May__2_18:53: tick!!!
 INFO LOG: May__2_18:55: tick!!!
 INFO LOG: May__2_18:57: tick!!!
 INFO LOG: May__2_18:59: tick!!!
 INFO LOG: May__2_19:01: tick!!!
 INFO LOG: May__2_19:03: tick!!!
 INFO LOG: May__2_19:05: tick!!!
 INFO LOG: May__2_19:07: tick!!!
 INFO LOG: May__2_19:09: tick!!!
 INFO LOG: May__2_19:11: tick!!!
 INFO LOG: May__2_19:13: tick!!!
 INFO LOG: May__2_19:15: tick!!!
 INFO LOG: May__2_19:17: tick!!!
 INFO LOG: May__2_19:19: tick!!!
 INFO LOG: May__2_19:21: tick!!!
 INFO LOG: May__2_19:23: tick!!!
 INFO LOG: May__2_19:25: tick!!!
 INFO LOG: May__2_19:27: tick!!!
 INFO LOG: May__2_19:29: tick!!!
 INFO LOG: May__2_19:31: tick!!!
 INFO LOG: May__2_19:33: tick!!!
 INFO LOG: May__2_19:35: tick!!!
 INFO LOG: May__2_19:37: tick!!!
 INFO LOG: May__2_19:39: tick!!!
 INFO LOG: May__2_19:41: tick!!!
 INFO LOG: May__2_19:43: tick!!!
 INFO LOG: May__2_19:45: tick!!!
 INFO LOG: May__2_19:47: tick!!!
 INFO LOG: May__2_19:49: tick!!!
 INFO LOG: May__2_19:51: tick!!!
 INFO LOG: May__2_19:53: tick!!!
 INFO LOG: May__2_19:55: tick!!!
 INFO LOG: May__2_19:57: tick!!!
 INFO LOG: May__2_19:59: tick!!!
 INFO LOG: May__2_20:01: tick!!!
 INFO LOG: May__2_20:03: tick!!!
 INFO LOG: May__2_20:05: tick!!!
 INFO LOG: May__2_20:07: tick!!!
 INFO LOG: May__2_20:09: tick!!!
 INFO LOG: May__2_20:11: tick!!!
 INFO LOG: May__2_20:13: tick!!!
 INFO LOG: May__2_20:15: tick!!!
 INFO LOG: May__2_20:17: tick!!!
 INFO LOG: May__2_20:19: tick!!!
 INFO LOG: May__2_20:20: -- #<Player:0x0000000325bea0>:76.202.141.206:38101 disconnected from CoralMUD!
