 INFO LOG: May_22_20:43: Logging enabled.   Loading logs.rb.
 INFO LOG: May_22_20:43: Loading spellcheck.rb
 INFO LOG: May_22_20:43: Loading facade.rb
 INFO LOG: May_22_20:43: Loading query_list.rb
 INFO LOG: May_22_20:43: Loading utils.rb
 INFO LOG: May_22_20:43: Loading constants.rb
 INFO LOG: May_22_20:43: Loading damage.rb
 INFO LOG: May_22_20:43: Loading class_property.rb
 INFO LOG: May_22_20:43: Loading scripts.rb
 INFO LOG: May_22_20:43: Loading tags.rb
 INFO LOG: May_22_20:43: Loading editor/editors.rb
 INFO LOG: May_22_20:43: Loading editor/editor.strings.rb
 INFO LOG: May_22_20:43: Loading editor/editor.rooms.rb
 INFO LOG: May_22_20:43: Loading editor/editor.exits.rb
 INFO LOG: May_22_20:43: Loading editor/editor.zones.rb
 INFO LOG: May_22_20:43: Loading editor/editor.npc.rb
 INFO LOG: May_22_20:43: Loading editor/editor.items.rb
 INFO LOG: May_22_20:43: Loading editor/editor.socials.rb
 INFO LOG: May_22_20:43: Loading socials.rb
 INFO LOG: May_22_20:43: Loading mxp.rb
 INFO LOG: May_22_20:43: Loading mccp.rb
 INFO LOG: May_22_20:43: Loading flags.rb
 INFO LOG: May_22_20:43: Loading areas.rb
 INFO LOG: May_22_20:43: Loading security.rb
 INFO LOG: May_22_20:43: Loading event.rb
 INFO LOG: May_22_20:43: Loading automap/automap.rb
 INFO LOG: May_22_20:43: Loading cities.olc.rb
 INFO LOG: May_22_20:43: Loading cities.rb
 INFO LOG: May_22_20:43: Loading sector definitions.
 INFO LOG: May_22_20:43: Loading help.rb
 INFO LOG: May_22_20:43: Loading imcruby.rb
 INFO LOG: May_22_20:43: Loading player.rb
 INFO LOG: May_22_20:43: Loading commands.rb
 INFO LOG: May_22_20:43: Loading editor/editor.player.rb
 INFO LOG: May_22_20:43: Loading random.rb
 INFO LOG: May_22_20:43: Loading npc.rb
 INFO LOG: May_22_20:43: Loading items/types.rb
 INFO LOG: May_22_20:43: Loading items/items.rb
 INFO LOG: May_22_20:43: Loading spells.rb
 INFO LOG: May_22_20:43: Loading all zones.
 INFO LOG: May_22_20:43: Loading all socials.
 INFO LOG: May_22_20:43: Starting server.
 INFO LOG: May_22_20:43: CoralMUD is now up on port 4000.
 INFO LOG: May_22_20:43: -- 76.202.141.206:60091 connected to CoralMUD!
 INFO LOG: May_22_20:43: -- 76.202.141.206:60091: () Invalid name in character creation.
 INFO LOG: May_22_20:43: -- 76.202.141.206:60091: Retnur is trying to connect.
 INFO LOG: May_22_20:43: -- 76.202.141.206:60091: Retnur player file found.
 INFO LOG: May_22_20:43: -- Retnur has entered the game.
 INFO LOG: May_22_20:44: -- 71.163.130.32:51773 connected to CoralMUD!
 INFO LOG: May_22_20:44: -- 71.163.130.32:51773: Tourun is trying to connect.
 INFO LOG: May_22_20:44: -- 71.163.130.32:51773: Tourun player file found.
 INFO LOG: May_22_20:44: -- Tourun has entered the game.
 INFO LOG: May_22_20:45: tick!!!
 INFO LOG: May_22_20:47: tick!!!
 INFO LOG: May_22_20:49: tick!!!
 INFO LOG: May_22_20:51: tick!!!
 INFO LOG: May_22_20:53: tick!!!
 INFO LOG: May_22_20:55: tick!!!
 INFO LOG: May_22_20:57: tick!!!
 INFO LOG: May_22_20:59: tick!!!
 INFO LOG: May_22_21:01: tick!!!
 INFO LOG: May_22_21:03: tick!!!
 INFO LOG: May_22_21:05: tick!!!
 INFO LOG: May_22_21:07: tick!!!
 INFO LOG: May_22_21:09: tick!!!
 INFO LOG: May_22_21:11: tick!!!
 INFO LOG: May_22_21:13: tick!!!
 INFO LOG: May_22_21:15: tick!!!
 INFO LOG: May_22_21:17: tick!!!
 INFO LOG: May_22_21:19: tick!!!
 INFO LOG: May_22_21:21: tick!!!
 INFO LOG: May_22_21:23: tick!!!
 INFO LOG: May_22_21:25: tick!!!
 INFO LOG: May_22_21:27: tick!!!
 INFO LOG: May_22_21:29: tick!!!
 INFO LOG: May_22_21:31: tick!!!
 INFO LOG: May_22_21:33: tick!!!
 INFO LOG: May_22_21:35: tick!!!
 INFO LOG: May_22_21:37: tick!!!
 INFO LOG: May_22_21:39: tick!!!
 INFO LOG: May_22_21:41: tick!!!
 INFO LOG: May_22_21:43: tick!!!
 INFO LOG: May_22_21:45: tick!!!
 INFO LOG: May_22_21:47: tick!!!
 INFO LOG: May_22_21:49: tick!!!
 INFO LOG: May_22_21:51: tick!!!
 INFO LOG: May_22_21:53: tick!!!
 INFO LOG: May_22_21:55: tick!!!
 INFO LOG: May_22_21:57: tick!!!
 INFO LOG: May_22_21:59: tick!!!
 INFO LOG: May_22_22:01: tick!!!
 INFO LOG: May_22_22:03: tick!!!
 INFO LOG: May_22_22:05: tick!!!
 INFO LOG: May_22_22:07: tick!!!
 INFO LOG: May_22_22:09: tick!!!
 INFO LOG: May_22_22:11: tick!!!
 INFO LOG: May_22_22:13: tick!!!
 INFO LOG: May_22_22:15: tick!!!
 INFO LOG: May_22_22:17: tick!!!
 INFO LOG: May_22_22:19: tick!!!
 INFO LOG: May_22_22:21: tick!!!
 INFO LOG: May_22_22:23: tick!!!
 INFO LOG: May_22_22:25: tick!!!
 INFO LOG: May_22_22:27: tick!!!
 INFO LOG: May_22_22:29: tick!!!
 INFO LOG: May_22_22:31: tick!!!
 INFO LOG: May_22_22:33: tick!!!
 INFO LOG: May_22_22:35: tick!!!
 INFO LOG: May_22_22:37: tick!!!
 INFO LOG: May_22_22:39: tick!!!
 INFO LOG: May_22_22:41: tick!!!
 INFO LOG: May_22_22:43: tick!!!
 INFO LOG: May_22_22:45: tick!!!
 INFO LOG: May_22_22:47: tick!!!
 INFO LOG: May_22_22:49: tick!!!
 INFO LOG: May_22_22:51: tick!!!
 INFO LOG: May_22_22:53: tick!!!
 INFO LOG: May_22_22:55: tick!!!
 INFO LOG: May_22_22:57: tick!!!
 INFO LOG: May_22_22:59: tick!!!
 INFO LOG: May_22_23:01: tick!!!
 INFO LOG: May_22_23:03: tick!!!
 INFO LOG: May_22_23:05: tick!!!
 INFO LOG: May_22_23:07: tick!!!
 INFO LOG: May_22_23:09: tick!!!
 INFO LOG: May_22_23:11: tick!!!
 INFO LOG: May_22_23:13: tick!!!
 INFO LOG: May_22_23:15: tick!!!
 INFO LOG: May_22_23:17: tick!!!
 INFO LOG: May_22_23:19: tick!!!
 INFO LOG: May_22_23:21: tick!!!
 INFO LOG: May_22_23:23: tick!!!
 INFO LOG: May_22_23:25: tick!!!
 INFO LOG: May_22_23:27: tick!!!
 INFO LOG: May_22_23:29: tick!!!
 INFO LOG: May_22_23:31: tick!!!
 INFO LOG: May_22_23:33: tick!!!
 INFO LOG: May_22_23:35: tick!!!
 INFO LOG: May_22_23:37: tick!!!
 INFO LOG: May_22_23:39: tick!!!
 INFO LOG: May_22_23:41: tick!!!
 INFO LOG: May_22_23:43: tick!!!
 INFO LOG: May_22_23:45: tick!!!
 INFO LOG: May_22_23:47: tick!!!
 INFO LOG: May_22_23:49: tick!!!
 INFO LOG: May_22_23:50: -- #<Player:0x00000001930e58>:71.163.130.32:51773 disconnected from CoralMUD!
 INFO LOG: May_22_23:51: tick!!!
 INFO LOG: May_22_23:53: tick!!!
 INFO LOG: May_22_23:55: tick!!!
 INFO LOG: May_22_23:57: tick!!!
 INFO LOG: May_22_23:59: tick!!!
 INFO LOG: May_23_00:01: tick!!!
 INFO LOG: May_23_00:03: tick!!!
 INFO LOG: May_23_00:05: tick!!!
 INFO LOG: May_23_00:07: tick!!!
 INFO LOG: May_23_00:09: tick!!!
 INFO LOG: May_23_00:11: tick!!!
 INFO LOG: May_23_00:13: tick!!!
 INFO LOG: May_23_00:15: tick!!!
 INFO LOG: May_23_00:17: tick!!!
 INFO LOG: May_23_00:19: tick!!!
 INFO LOG: May_23_00:21: tick!!!
 INFO LOG: May_23_00:23: tick!!!
 INFO LOG: May_23_00:25: tick!!!
 INFO LOG: May_23_00:27: tick!!!
 INFO LOG: May_23_00:29: tick!!!
 INFO LOG: May_23_00:31: tick!!!
 INFO LOG: May_23_00:33: tick!!!
 INFO LOG: May_23_00:35: tick!!!
 INFO LOG: May_23_00:37: tick!!!
 INFO LOG: May_23_00:39: tick!!!
 INFO LOG: May_23_00:41: tick!!!
 INFO LOG: May_23_00:43: tick!!!
 INFO LOG: May_23_00:45: tick!!!
 INFO LOG: May_23_00:47: tick!!!
 INFO LOG: May_23_00:49: tick!!!
 INFO LOG: May_23_00:51: tick!!!
 INFO LOG: May_23_00:53: tick!!!
 INFO LOG: May_23_00:55: tick!!!
 INFO LOG: May_23_00:57: tick!!!
 INFO LOG: May_23_00:59: tick!!!
 INFO LOG: May_23_01:01: tick!!!
 INFO LOG: May_23_01:03: tick!!!
 INFO LOG: May_23_01:05: tick!!!
 INFO LOG: May_23_01:07: tick!!!
 INFO LOG: May_23_01:09: tick!!!
 INFO LOG: May_23_01:11: tick!!!
 INFO LOG: May_23_01:13: tick!!!
 INFO LOG: May_23_01:15: tick!!!
 INFO LOG: May_23_01:17: tick!!!
 INFO LOG: May_23_01:19: tick!!!
 INFO LOG: May_23_01:21: tick!!!
 INFO LOG: May_23_01:23: tick!!!
 INFO LOG: May_23_01:25: tick!!!
 INFO LOG: May_23_01:27: tick!!!
 INFO LOG: May_23_01:29: tick!!!
 INFO LOG: May_23_01:31: tick!!!
 INFO LOG: May_23_01:33: tick!!!
 INFO LOG: May_23_01:35: tick!!!
 INFO LOG: May_23_01:37: tick!!!
 INFO LOG: May_23_01:39: tick!!!
 INFO LOG: May_23_01:41: tick!!!
 INFO LOG: May_23_01:43: tick!!!
 INFO LOG: May_23_01:45: tick!!!
 INFO LOG: May_23_01:47: tick!!!
 INFO LOG: May_23_01:49: tick!!!
 INFO LOG: May_23_01:51: tick!!!
 INFO LOG: May_23_01:53: tick!!!
 INFO LOG: May_23_01:55: tick!!!
 INFO LOG: May_23_01:57: tick!!!
 INFO LOG: May_23_01:59: tick!!!
 INFO LOG: May_23_02:01: tick!!!
 INFO LOG: May_23_02:03: tick!!!
 INFO LOG: May_23_02:05: tick!!!
 INFO LOG: May_23_02:07: tick!!!
 INFO LOG: May_23_02:09: tick!!!
 INFO LOG: May_23_02:11: tick!!!
 INFO LOG: May_23_02:13: tick!!!
 INFO LOG: May_23_02:15: tick!!!
 INFO LOG: May_23_02:17: tick!!!
 INFO LOG: May_23_02:19: tick!!!
 INFO LOG: May_23_02:21: tick!!!
 INFO LOG: May_23_02:23: tick!!!
 INFO LOG: May_23_02:25: tick!!!
 INFO LOG: May_23_02:27: tick!!!
 INFO LOG: May_23_02:29: tick!!!
 INFO LOG: May_23_02:31: tick!!!
 INFO LOG: May_23_02:33: tick!!!
 INFO LOG: May_23_02:35: tick!!!
 INFO LOG: May_23_02:37: tick!!!
 INFO LOG: May_23_02:39: tick!!!
 INFO LOG: May_23_02:41: tick!!!
 INFO LOG: May_23_02:43: tick!!!
 INFO LOG: May_23_02:45: tick!!!
 INFO LOG: May_23_02:47: tick!!!
 INFO LOG: May_23_02:49: tick!!!
 INFO LOG: May_23_02:51: tick!!!
 INFO LOG: May_23_02:53: tick!!!
 INFO LOG: May_23_02:55: tick!!!
 INFO LOG: May_23_02:57: tick!!!
 INFO LOG: May_23_02:59: tick!!!
 INFO LOG: May_23_03:01: tick!!!
 INFO LOG: May_23_03:03: tick!!!
 INFO LOG: May_23_03:05: tick!!!
 INFO LOG: May_23_03:07: tick!!!
 INFO LOG: May_23_03:09: tick!!!
 INFO LOG: May_23_03:11: tick!!!
 INFO LOG: May_23_03:13: tick!!!
 INFO LOG: May_23_03:15: tick!!!
 INFO LOG: May_23_03:17: tick!!!
 INFO LOG: May_23_03:19: tick!!!
 INFO LOG: May_23_03:21: tick!!!
 INFO LOG: May_23_03:23: tick!!!
 INFO LOG: May_23_03:25: tick!!!
 INFO LOG: May_23_03:27: tick!!!
 INFO LOG: May_23_03:29: tick!!!
 INFO LOG: May_23_03:31: tick!!!
 INFO LOG: May_23_03:33: tick!!!
 INFO LOG: May_23_03:35: tick!!!
 INFO LOG: May_23_03:37: tick!!!
 INFO LOG: May_23_03:39: tick!!!
 INFO LOG: May_23_03:41: tick!!!
 INFO LOG: May_23_03:43: tick!!!
 INFO LOG: May_23_03:45: tick!!!
 INFO LOG: May_23_03:47: tick!!!
 INFO LOG: May_23_03:49: tick!!!
 INFO LOG: May_23_03:51: tick!!!
 INFO LOG: May_23_03:53: tick!!!
 INFO LOG: May_23_03:55: tick!!!
 INFO LOG: May_23_03:57: tick!!!
 INFO LOG: May_23_03:59: tick!!!
 INFO LOG: May_23_04:01: tick!!!
 INFO LOG: May_23_04:03: tick!!!
 INFO LOG: May_23_04:05: tick!!!
 INFO LOG: May_23_04:07: tick!!!
 INFO LOG: May_23_04:09: tick!!!
 INFO LOG: May_23_04:11: tick!!!
 INFO LOG: May_23_04:13: tick!!!
 INFO LOG: May_23_04:15: tick!!!
 INFO LOG: May_23_04:17: tick!!!
 INFO LOG: May_23_04:19: tick!!!
 INFO LOG: May_23_04:21: tick!!!
 INFO LOG: May_23_04:23: tick!!!
 INFO LOG: May_23_04:25: tick!!!
 INFO LOG: May_23_04:27: tick!!!
 INFO LOG: May_23_04:29: tick!!!
 INFO LOG: May_23_04:31: tick!!!
 INFO LOG: May_23_04:33: tick!!!
 INFO LOG: May_23_04:35: tick!!!
 INFO LOG: May_23_04:37: tick!!!
 INFO LOG: May_23_04:39: tick!!!
 INFO LOG: May_23_04:41: tick!!!
 INFO LOG: May_23_04:43: tick!!!
 INFO LOG: May_23_04:45: tick!!!
 INFO LOG: May_23_04:47: tick!!!
 INFO LOG: May_23_04:49: tick!!!
 INFO LOG: May_23_04:51: tick!!!
 INFO LOG: May_23_04:53: tick!!!
 INFO LOG: May_23_04:55: tick!!!
 INFO LOG: May_23_04:57: tick!!!
 INFO LOG: May_23_04:59: tick!!!
 INFO LOG: May_23_05:01: tick!!!
 INFO LOG: May_23_05:03: tick!!!
 INFO LOG: May_23_05:05: tick!!!
 INFO LOG: May_23_05:07: tick!!!
 INFO LOG: May_23_05:09: tick!!!
 INFO LOG: May_23_05:11: tick!!!
 INFO LOG: May_23_05:13: tick!!!
 INFO LOG: May_23_05:15: tick!!!
 INFO LOG: May_23_05:17: tick!!!
 INFO LOG: May_23_05:19: tick!!!
 INFO LOG: May_23_05:21: tick!!!
 INFO LOG: May_23_05:23: tick!!!
 INFO LOG: May_23_05:25: tick!!!
 INFO LOG: May_23_05:27: tick!!!
 INFO LOG: May_23_05:29: tick!!!
 INFO LOG: May_23_05:31: tick!!!
 INFO LOG: May_23_05:33: tick!!!
 INFO LOG: May_23_05:35: tick!!!
 INFO LOG: May_23_05:37: tick!!!
 INFO LOG: May_23_05:39: tick!!!
 INFO LOG: May_23_05:41: tick!!!
 INFO LOG: May_23_05:43: tick!!!
 INFO LOG: May_23_05:45: tick!!!
 INFO LOG: May_23_05:47: tick!!!
 INFO LOG: May_23_05:49: tick!!!
 INFO LOG: May_23_05:51: tick!!!
 INFO LOG: May_23_05:53: tick!!!
 INFO LOG: May_23_05:55: tick!!!
 INFO LOG: May_23_05:57: tick!!!
 INFO LOG: May_23_05:59: tick!!!
 INFO LOG: May_23_06:01: tick!!!
 INFO LOG: May_23_06:03: tick!!!
 INFO LOG: May_23_06:05: tick!!!
 INFO LOG: May_23_06:07: tick!!!
 INFO LOG: May_23_06:09: tick!!!
 INFO LOG: May_23_06:11: tick!!!
 INFO LOG: May_23_06:13: tick!!!
 INFO LOG: May_23_06:15: tick!!!
 INFO LOG: May_23_06:17: tick!!!
 INFO LOG: May_23_06:19: tick!!!
 INFO LOG: May_23_06:21: tick!!!
 INFO LOG: May_23_06:23: tick!!!
 INFO LOG: May_23_06:25: tick!!!
 INFO LOG: May_23_06:27: tick!!!
 INFO LOG: May_23_06:30: tick!!!
 INFO LOG: May_23_06:32: tick!!!
 INFO LOG: May_23_06:34: tick!!!
 INFO LOG: May_23_06:36: tick!!!
 INFO LOG: May_23_06:38: tick!!!
 INFO LOG: May_23_06:40: tick!!!
 INFO LOG: May_23_06:42: tick!!!
 INFO LOG: May_23_06:44: tick!!!
 INFO LOG: May_23_06:46: tick!!!
 INFO LOG: May_23_06:48: tick!!!
 INFO LOG: May_23_06:50: tick!!!
 INFO LOG: May_23_06:52: tick!!!
 INFO LOG: May_23_06:54: tick!!!
 INFO LOG: May_23_06:56: tick!!!
 INFO LOG: May_23_06:58: tick!!!
 INFO LOG: May_23_07:00: tick!!!
 INFO LOG: May_23_07:02: tick!!!
 INFO LOG: May_23_07:04: tick!!!
 INFO LOG: May_23_07:06: tick!!!
 INFO LOG: May_23_07:08: tick!!!
 INFO LOG: May_23_07:10: tick!!!
 INFO LOG: May_23_07:12: tick!!!
 INFO LOG: May_23_07:14: tick!!!
 INFO LOG: May_23_07:16: tick!!!
 INFO LOG: May_23_07:18: tick!!!
 INFO LOG: May_23_07:20: tick!!!
 INFO LOG: May_23_07:22: tick!!!
 INFO LOG: May_23_07:24: tick!!!
 INFO LOG: May_23_07:26: tick!!!
 INFO LOG: May_23_07:28: tick!!!
 INFO LOG: May_23_07:30: tick!!!
 INFO LOG: May_23_07:32: tick!!!
 INFO LOG: May_23_07:34: tick!!!
 INFO LOG: May_23_07:36: tick!!!
 INFO LOG: May_23_07:38: tick!!!
 INFO LOG: May_23_07:40: tick!!!
 INFO LOG: May_23_07:42: tick!!!
 INFO LOG: May_23_07:44: tick!!!
 INFO LOG: May_23_07:46: tick!!!
 INFO LOG: May_23_07:48: tick!!!
 INFO LOG: May_23_07:50: tick!!!
 INFO LOG: May_23_07:52: tick!!!
 INFO LOG: May_23_07:54: tick!!!
 INFO LOG: May_23_07:56: tick!!!
 INFO LOG: May_23_07:58: tick!!!
 INFO LOG: May_23_08:00: tick!!!
 INFO LOG: May_23_08:02: tick!!!
 INFO LOG: May_23_08:04: tick!!!
 INFO LOG: May_23_08:06: tick!!!
 INFO LOG: May_23_08:08: tick!!!
 INFO LOG: May_23_08:10: tick!!!
 INFO LOG: May_23_08:12: tick!!!
 INFO LOG: May_23_08:14: tick!!!
 INFO LOG: May_23_08:16: tick!!!
 INFO LOG: May_23_08:18: tick!!!
 INFO LOG: May_23_08:20: tick!!!
 INFO LOG: May_23_08:22: tick!!!
 INFO LOG: May_23_08:24: tick!!!
 INFO LOG: May_23_08:26: tick!!!
 INFO LOG: May_23_08:28: tick!!!
 INFO LOG: May_23_08:30: tick!!!
 INFO LOG: May_23_08:32: tick!!!
 INFO LOG: May_23_08:34: tick!!!
 INFO LOG: May_23_08:36: tick!!!
 INFO LOG: May_23_08:38: tick!!!
 INFO LOG: May_23_08:40: tick!!!
 INFO LOG: May_23_08:42: tick!!!
 INFO LOG: May_23_08:44: tick!!!
 INFO LOG: May_23_08:46: tick!!!
 INFO LOG: May_23_08:48: tick!!!
 INFO LOG: May_23_08:50: tick!!!
 INFO LOG: May_23_08:52: tick!!!
 INFO LOG: May_23_08:54: tick!!!
 INFO LOG: May_23_08:56: tick!!!
 INFO LOG: May_23_08:58: tick!!!
 INFO LOG: May_23_09:00: tick!!!
 INFO LOG: May_23_09:02: tick!!!
 INFO LOG: May_23_09:04: tick!!!
 INFO LOG: May_23_09:06: tick!!!
 INFO LOG: May_23_09:08: tick!!!
 INFO LOG: May_23_09:10: tick!!!
 INFO LOG: May_23_09:12: tick!!!
 INFO LOG: May_23_09:14: tick!!!
 INFO LOG: May_23_09:16: tick!!!
 INFO LOG: May_23_09:18: tick!!!
 INFO LOG: May_23_09:20: tick!!!
 INFO LOG: May_23_09:22: tick!!!
 INFO LOG: May_23_09:24: tick!!!
 INFO LOG: May_23_09:26: tick!!!
 INFO LOG: May_23_09:28: tick!!!
 INFO LOG: May_23_09:30: tick!!!
 INFO LOG: May_23_09:32: tick!!!
 INFO LOG: May_23_09:34: tick!!!
 INFO LOG: May_23_09:36: tick!!!
 INFO LOG: May_23_09:38: tick!!!
 INFO LOG: May_23_09:40: tick!!!
 INFO LOG: May_23_09:42: tick!!!
 INFO LOG: May_23_09:44: tick!!!
 INFO LOG: May_23_09:46: tick!!!
 INFO LOG: May_23_09:48: tick!!!
 INFO LOG: May_23_09:50: tick!!!
 INFO LOG: May_23_09:52: tick!!!
 INFO LOG: May_23_09:54: tick!!!
 INFO LOG: May_23_09:56: tick!!!
 INFO LOG: May_23_09:58: tick!!!
 INFO LOG: May_23_10:00: tick!!!
 INFO LOG: May_23_10:02: tick!!!
 INFO LOG: May_23_10:04: tick!!!
 INFO LOG: May_23_10:06: tick!!!
 INFO LOG: May_23_10:08: tick!!!
 INFO LOG: May_23_10:10: tick!!!
 INFO LOG: May_23_10:12: tick!!!
 INFO LOG: May_23_10:14: tick!!!
 INFO LOG: May_23_10:16: tick!!!
 INFO LOG: May_23_10:18: tick!!!
 INFO LOG: May_23_10:20: tick!!!
 INFO LOG: May_23_10:22: tick!!!
 INFO LOG: May_23_10:24: tick!!!
 INFO LOG: May_23_10:26: tick!!!
 INFO LOG: May_23_10:28: tick!!!
 INFO LOG: May_23_10:30: tick!!!
 INFO LOG: May_23_10:32: tick!!!
 INFO LOG: May_23_10:34: tick!!!
 INFO LOG: May_23_10:36: tick!!!
 INFO LOG: May_23_10:38: tick!!!
 INFO LOG: May_23_10:40: tick!!!
 INFO LOG: May_23_10:42: tick!!!
 INFO LOG: May_23_10:44: tick!!!
 INFO LOG: May_23_10:46: tick!!!
 INFO LOG: May_23_10:48: tick!!!
 INFO LOG: May_23_10:50: tick!!!
 INFO LOG: May_23_10:52: tick!!!
 INFO LOG: May_23_10:54: tick!!!
 INFO LOG: May_23_10:56: tick!!!
 INFO LOG: May_23_10:58: tick!!!
 INFO LOG: May_23_11:00: tick!!!
 INFO LOG: May_23_11:02: tick!!!
 INFO LOG: May_23_11:04: tick!!!
 INFO LOG: May_23_11:06: tick!!!
 INFO LOG: May_23_11:08: tick!!!
 INFO LOG: May_23_11:10: tick!!!
 INFO LOG: May_23_11:12: tick!!!
 INFO LOG: May_23_11:14: tick!!!
 INFO LOG: May_23_11:16: tick!!!
 INFO LOG: May_23_11:18: tick!!!
 INFO LOG: May_23_11:20: tick!!!
 INFO LOG: May_23_11:22: tick!!!
 INFO LOG: May_23_11:24: tick!!!
 INFO LOG: May_23_11:26: tick!!!
 INFO LOG: May_23_11:28: tick!!!
 INFO LOG: May_23_11:30: tick!!!
 INFO LOG: May_23_11:32: tick!!!
 INFO LOG: May_23_11:34: tick!!!
 INFO LOG: May_23_11:36: tick!!!
 INFO LOG: May_23_11:38: tick!!!
 INFO LOG: May_23_11:40: tick!!!
 INFO LOG: May_23_11:42: tick!!!
 INFO LOG: May_23_11:44: tick!!!
 INFO LOG: May_23_11:46: tick!!!
 INFO LOG: May_23_11:48: tick!!!
 INFO LOG: May_23_11:50: tick!!!
 INFO LOG: May_23_11:52: tick!!!
 INFO LOG: May_23_11:54: tick!!!
 INFO LOG: May_23_11:56: tick!!!
 INFO LOG: May_23_11:58: tick!!!
 INFO LOG: May_23_12:00: tick!!!
 INFO LOG: May_23_12:02: tick!!!
 INFO LOG: May_23_12:04: tick!!!
 INFO LOG: May_23_12:06: tick!!!
 INFO LOG: May_23_12:08: tick!!!
 INFO LOG: May_23_12:10: tick!!!
 INFO LOG: May_23_12:12: tick!!!
 INFO LOG: May_23_12:14: tick!!!
 INFO LOG: May_23_12:16: tick!!!
 INFO LOG: May_23_12:18: tick!!!
 INFO LOG: May_23_12:20: tick!!!
 INFO LOG: May_23_12:22: tick!!!
 INFO LOG: May_23_12:24: tick!!!
 INFO LOG: May_23_12:26: tick!!!
 INFO LOG: May_23_12:28: tick!!!
 INFO LOG: May_23_12:30: tick!!!
 INFO LOG: May_23_12:32: tick!!!
 INFO LOG: May_23_12:34: tick!!!
 INFO LOG: May_23_12:36: tick!!!
 INFO LOG: May_23_12:38: tick!!!
 INFO LOG: May_23_12:40: tick!!!
 INFO LOG: May_23_12:42: tick!!!
 INFO LOG: May_23_12:44: tick!!!
 INFO LOG: May_23_12:46: tick!!!
 INFO LOG: May_23_12:48: tick!!!
 INFO LOG: May_23_12:50: tick!!!
 INFO LOG: May_23_12:52: tick!!!
 INFO LOG: May_23_12:54: tick!!!
 INFO LOG: May_23_12:56: tick!!!
 INFO LOG: May_23_12:58: tick!!!
 INFO LOG: May_23_13:00: tick!!!
 INFO LOG: May_23_13:02: tick!!!
 INFO LOG: May_23_13:04: tick!!!
 INFO LOG: May_23_13:06: tick!!!
 INFO LOG: May_23_13:06: -- #<Player:0x00000002143870>:76.202.141.206:60091 disconnected from CoralMUD!
