 INFO LOG: May__9_23:00: Logging enabled.   Loading logs.rb.
 INFO LOG: May__9_23:00: Loading facade.rb
 INFO LOG: May__9_23:00: Loading query_list.rb
 INFO LOG: May__9_23:00: Loading utils.rb
 INFO LOG: May__9_23:00: Loading constants.rb
 INFO LOG: May__9_23:00: Loading damage.rb
 INFO LOG: May__9_23:00: Loading class_property.rb
 INFO LOG: May__9_23:00: Loading scripts.rb
 INFO LOG: May__9_23:00: Loading tags.rb
 INFO LOG: May__9_23:00: Loading editor/editors.rb
 INFO LOG: May__9_23:00: Loading editor/editor.strings.rb
 INFO LOG: May__9_23:00: Loading editor/editor.rooms.rb
 INFO LOG: May__9_23:00: Loading editor/editor.exits.rb
 INFO LOG: May__9_23:00: Loading editor/editor.zones.rb
 INFO LOG: May__9_23:00: Loading editor/editor.npc.rb
 INFO LOG: May__9_23:00: Loading editor/editor.items.rb
 INFO LOG: May__9_23:00: Loading mxp.rb
 INFO LOG: May__9_23:00: Loading mccp.rb
 INFO LOG: May__9_23:00: Loading flags.rb
 INFO LOG: May__9_23:00: Loading areas.rb
 INFO LOG: May__9_23:00: Loading event.rb
 INFO LOG: May__9_23:00: Loading automap/automap.rb
 INFO LOG: May__9_23:00: Loading cities.olc.rb
 INFO LOG: May__9_23:00: Loading cities.rb
 INFO LOG: May__9_23:00: Loading sector definitions.
 INFO LOG: May__9_23:00: Loading help.rb
 INFO LOG: May__9_23:00: Loading imcruby.rb
 INFO LOG: May__9_23:00: Loading player.rb
 INFO LOG: May__9_23:00: Loading commands.rb
 INFO LOG: May__9_23:00: Loading random.rb
 INFO LOG: May__9_23:00: Loading npc.rb
 INFO LOG: May__9_23:00: Loading items/types.rb
 INFO LOG: May__9_23:00: Loading items/items.rb
 INFO LOG: May__9_23:00: Loading spells.rb
 INFO LOG: May__9_23:00: Loading all zones.
 INFO LOG: May__9_23:00: Starting server.
 INFO LOG: May__9_23:00: CoralMUD is now up on port 4000.
 INFO LOG: May__9_23:00: Program closed.
 INFO LOG: May__9_23:09: Logging enabled.   Loading logs.rb.
 INFO LOG: May__9_23:09: Loading facade.rb
 INFO LOG: May__9_23:09: Loading query_list.rb
 INFO LOG: May__9_23:09: Loading utils.rb
 INFO LOG: May__9_23:09: Loading constants.rb
 INFO LOG: May__9_23:09: Loading damage.rb
 INFO LOG: May__9_23:09: Loading class_property.rb
 INFO LOG: May__9_23:09: Loading scripts.rb
 INFO LOG: May__9_23:09: Loading tags.rb
 INFO LOG: May__9_23:09: Loading editor/editors.rb
 INFO LOG: May__9_23:09: Logging enabled.   Loading logs.rb.
 INFO LOG: May__9_23:09: Loading facade.rb
 INFO LOG: May__9_23:09: Loading query_list.rb
 INFO LOG: May__9_23:09: Loading utils.rb
 INFO LOG: May__9_23:09: Loading constants.rb
 INFO LOG: May__9_23:09: Loading damage.rb
 INFO LOG: May__9_23:09: Loading class_property.rb
 INFO LOG: May__9_23:09: Loading scripts.rb
 INFO LOG: May__9_23:09: Loading tags.rb
 INFO LOG: May__9_23:09: Loading editor/editors.rb
 INFO LOG: May__9_23:09: Loading editor/editor.strings.rb
 INFO LOG: May__9_23:09: Loading editor/editor.rooms.rb
 INFO LOG: May__9_23:09: Loading editor/editor.exits.rb
 INFO LOG: May__9_23:09: Loading editor/editor.zones.rb
 INFO LOG: May__9_23:09: Loading editor/editor.npc.rb
 INFO LOG: May__9_23:09: Loading editor/editor.items.rb
 INFO LOG: May__9_23:09: Loading mxp.rb
 INFO LOG: May__9_23:09: Loading mccp.rb
 INFO LOG: May__9_23:09: Loading flags.rb
 INFO LOG: May__9_23:09: Loading areas.rb
 INFO LOG: May__9_23:09: Loading event.rb
 INFO LOG: May__9_23:09: Loading automap/automap.rb
 INFO LOG: May__9_23:09: Loading cities.olc.rb
 INFO LOG: May__9_23:09: Loading cities.rb
 INFO LOG: May__9_23:09: Loading sector definitions.
 INFO LOG: May__9_23:09: Loading help.rb
 INFO LOG: May__9_23:09: Loading imcruby.rb
 INFO LOG: May__9_23:09: Loading player.rb
 INFO LOG: May__9_23:09: Loading commands.rb
 INFO LOG: May__9_23:09: Loading random.rb
 INFO LOG: May__9_23:09: Loading npc.rb
 INFO LOG: May__9_23:09: Loading items/types.rb
 INFO LOG: May__9_23:09: Loading items/items.rb
 INFO LOG: May__9_23:09: Loading spells.rb
 INFO LOG: May__9_23:09: Loading all zones.
 INFO LOG: May__9_23:09: Starting server.
 INFO LOG: May__9_23:09: CoralMUD is now up on port 4000.
 INFO LOG: May__9_23:09: -- 76.202.141.206:43341 connected to CoralMUD!
 INFO LOG: May__9_23:09: -- 76.202.141.206:43341: Retnur is trying to connect.
 INFO LOG: May__9_23:09: -- 76.202.141.206:43341: Retnur player file found.
 INFO LOG: May__9_23:09: -- Retnur has entered the game.
ERROR LOG: undefined method `[]' for nil:NilClass
ERROR LOG: /home/heath/coral/lib/query_list.rb:14:in `block in map_to_function'
ERROR LOG: /home/heath/coral/lib/query_list.rb:13:in `each'
ERROR LOG: /home/heath/coral/lib/query_list.rb:13:in `map_to_function'
ERROR LOG: /home/heath/coral/lib/query_list.rb:168:in `block (2 levels) in query_list'
ERROR LOG: /home/heath/coral/lib/query_list.rb:167:in `each'
ERROR LOG: /home/heath/coral/lib/query_list.rb:167:in `block in query_list'
ERROR LOG: /home/heath/coral/lib/query_list.rb:164:in `each'
ERROR LOG: /home/heath/coral/lib/query_list.rb:164:in `query_list'
ERROR LOG: /home/heath/coral/lib/query_list.rb:121:in `block in query_parse'
ERROR LOG: /home/heath/coral/lib/query_list.rb:116:in `loop'
ERROR LOG: /home/heath/coral/lib/query_list.rb:116:in `query_parse'
ERROR LOG: /home/heath/coral/lib/editor/editors.rb:6:in `filt_to_itype'
ERROR LOG: /home/heath/coral/lib/editor/editors.rb:157:in `filter'
ERROR LOG: /home/heath/coral/lib/commands.rb:227:in `execute_command'
ERROR LOG: /home/heath/coral/core/socketengine.rb:170:in `block in handle_cmd_input'
ERROR LOG: /home/heath/coral/core/socketengine.rb:169:in `times'
ERROR LOG: /home/heath/coral/core/socketengine.rb:169:in `handle_cmd_input'
ERROR LOG: /home/heath/coral/core/socketengine.rb:135:in `receive_data'
ERROR LOG: /usr/local/lib/ruby/gems/1.9.1/gems/eventmachine-0.12.8/lib/eventmachine.rb:242:in `run_machine'
ERROR LOG: /usr/local/lib/ruby/gems/1.9.1/gems/eventmachine-0.12.8/lib/eventmachine.rb:242:in `run'
ERROR LOG: coral.rb:171:in `<main>'
 INFO LOG: May__9_23:11: -- #<Player:0x00000001fcaac0>:76.202.141.206:43341 disconnected from CoralMUD!
 INFO LOG: May__9_23:11: Logging enabled.   Loading logs.rb.
 INFO LOG: May__9_23:11: Loading facade.rb
 INFO LOG: May__9_23:11: Loading query_list.rb
 INFO LOG: May__9_23:11: Loading utils.rb
 INFO LOG: May__9_23:11: Loading constants.rb
 INFO LOG: May__9_23:11: Loading damage.rb
 INFO LOG: May__9_23:11: Loading class_property.rb
 INFO LOG: May__9_23:11: Loading scripts.rb
 INFO LOG: May__9_23:11: Loading tags.rb
 INFO LOG: May__9_23:11: Loading editor/editors.rb
 INFO LOG: May__9_23:11: Loading editor/editor.strings.rb
 INFO LOG: May__9_23:11: Loading editor/editor.rooms.rb
 INFO LOG: May__9_23:11: Loading editor/editor.exits.rb
 INFO LOG: May__9_23:11: Loading editor/editor.zones.rb
 INFO LOG: May__9_23:11: Loading editor/editor.npc.rb
 INFO LOG: May__9_23:11: Loading editor/editor.items.rb
 INFO LOG: May__9_23:11: Loading mxp.rb
 INFO LOG: May__9_23:11: Loading mccp.rb
 INFO LOG: May__9_23:11: Loading flags.rb
 INFO LOG: May__9_23:11: Loading areas.rb
 INFO LOG: May__9_23:11: Loading event.rb
 INFO LOG: May__9_23:11: Loading automap/automap.rb
 INFO LOG: May__9_23:11: Loading cities.olc.rb
 INFO LOG: May__9_23:11: Loading cities.rb
 INFO LOG: May__9_23:11: Loading sector definitions.
 INFO LOG: May__9_23:11: Loading help.rb
 INFO LOG: May__9_23:11: Loading imcruby.rb
 INFO LOG: May__9_23:11: Loading player.rb
 INFO LOG: May__9_23:11: Loading commands.rb
 INFO LOG: May__9_23:11: Loading random.rb
 INFO LOG: May__9_23:11: Loading npc.rb
 INFO LOG: May__9_23:11: Loading items/types.rb
 INFO LOG: May__9_23:11: Loading items/items.rb
 INFO LOG: May__9_23:11: Loading spells.rb
 INFO LOG: May__9_23:11: Loading all zones.
 INFO LOG: May__9_23:11: Starting server.
 INFO LOG: May__9_23:11: CoralMUD is now up on port 4000.
 INFO LOG: May__9_23:11: -- 76.202.141.206:37472 connected to CoralMUD!
 INFO LOG: May__9_23:11: -- 76.202.141.206:37472: Retnur is trying to connect.
 INFO LOG: May__9_23:11: -- 76.202.141.206:37472: Retnur player file found.
 INFO LOG: May__9_23:11: -- Retnur has entered the game.
 INFO LOG: May__9_23:13: tick!!!
 INFO LOG: May__9_23:13: -- #<Player:0x00000002288528>:76.202.141.206:37472 disconnected from CoralMUD!
 INFO LOG: May__9_23:13: Program closed.
 INFO LOG: May__9_23:13: Logging enabled.   Loading logs.rb.
 INFO LOG: May__9_23:13: Loading facade.rb
 INFO LOG: May__9_23:13: Loading query_list.rb
 INFO LOG: May__9_23:13: Loading utils.rb
 INFO LOG: May__9_23:13: Loading constants.rb
 INFO LOG: May__9_23:13: Loading damage.rb
 INFO LOG: May__9_23:13: Loading class_property.rb
 INFO LOG: May__9_23:13: Loading scripts.rb
 INFO LOG: May__9_23:13: Loading tags.rb
 INFO LOG: May__9_23:13: Loading editor/editors.rb
 INFO LOG: May__9_23:13: Loading editor/editor.strings.rb
 INFO LOG: May__9_23:13: Loading editor/editor.rooms.rb
 INFO LOG: May__9_23:13: Loading editor/editor.exits.rb
 INFO LOG: May__9_23:13: Loading editor/editor.zones.rb
 INFO LOG: May__9_23:13: Loading editor/editor.npc.rb
 INFO LOG: May__9_23:13: Loading editor/editor.items.rb
 INFO LOG: May__9_23:13: Loading mxp.rb
 INFO LOG: May__9_23:13: Loading mccp.rb
 INFO LOG: May__9_23:13: Loading flags.rb
 INFO LOG: May__9_23:13: Loading areas.rb
 INFO LOG: May__9_23:13: Loading event.rb
 INFO LOG: May__9_23:13: Loading automap/automap.rb
 INFO LOG: May__9_23:13: Loading cities.olc.rb
 INFO LOG: May__9_23:13: Loading cities.rb
 INFO LOG: May__9_23:13: Loading sector definitions.
 INFO LOG: May__9_23:13: Loading help.rb
 INFO LOG: May__9_23:13: Loading imcruby.rb
 INFO LOG: May__9_23:13: Loading player.rb
 INFO LOG: May__9_23:13: Loading commands.rb
 INFO LOG: May__9_23:13: Loading random.rb
 INFO LOG: May__9_23:13: Loading npc.rb
 INFO LOG: May__9_23:13: Loading items/types.rb
 INFO LOG: May__9_23:13: Loading items/items.rb
 INFO LOG: May__9_23:13: Loading spells.rb
 INFO LOG: May__9_23:13: Loading all zones.
 INFO LOG: May__9_23:13: Starting server.
 INFO LOG: May__9_23:13: CoralMUD is now up on port 4000.
 INFO LOG: May__9_23:14: -- 76.202.141.206:40844 connected to CoralMUD!
 INFO LOG: May__9_23:14: -- 76.202.141.206:40844: Retnur is trying to connect.
 INFO LOG: May__9_23:14: -- 76.202.141.206:40844: Retnur player file found.
 INFO LOG: May__9_23:14: -- Retnur has entered the game.
 INFO LOG: May__9_23:15: tick!!!
 INFO LOG: May__9_23:17: tick!!!
 INFO LOG: May__9_23:19: tick!!!
 INFO LOG: May__9_23:21: tick!!!
 INFO LOG: May__9_23:23: tick!!!
 INFO LOG: May__9_23:25: tick!!!
 INFO LOG: May__9_23:27: tick!!!
 INFO LOG: May__9_23:29: tick!!!
 INFO LOG: May__9_23:31: tick!!!
 INFO LOG: May__9_23:33: tick!!!
 INFO LOG: May__9_23:35: tick!!!
 INFO LOG: May__9_23:37: tick!!!
 INFO LOG: May__9_23:39: tick!!!
 INFO LOG: May__9_23:41: tick!!!
 INFO LOG: May__9_23:43: tick!!!
 INFO LOG: May__9_23:45: tick!!!
 INFO LOG: May__9_23:47: tick!!!
 INFO LOG: May__9_23:49: tick!!!
 INFO LOG: May__9_23:51: tick!!!
 INFO LOG: May__9_23:53: tick!!!
 INFO LOG: May__9_23:55: tick!!!
 INFO LOG: May__9_23:57: tick!!!
 INFO LOG: May__9_23:59: tick!!!
 INFO LOG: May_10_00:01: tick!!!
 INFO LOG: May_10_00:03: tick!!!
 INFO LOG: May_10_00:05: tick!!!
 INFO LOG: May_10_00:07: tick!!!
 INFO LOG: May_10_00:09: tick!!!
 INFO LOG: May_10_00:11: tick!!!
 INFO LOG: May_10_00:13: tick!!!
 INFO LOG: May_10_00:15: tick!!!
 INFO LOG: May_10_00:17: tick!!!
 INFO LOG: May_10_00:19: tick!!!
 INFO LOG: May_10_00:21: tick!!!
 INFO LOG: May_10_00:23: tick!!!
 INFO LOG: May_10_00:25: tick!!!
 INFO LOG: May_10_00:27: tick!!!
 INFO LOG: May_10_00:30: tick!!!
 INFO LOG: May_10_00:32: tick!!!
 INFO LOG: May_10_00:34: tick!!!
 INFO LOG: May_10_00:36: tick!!!
 INFO LOG: May_10_00:38: tick!!!
 INFO LOG: May_10_00:40: tick!!!
 INFO LOG: May_10_00:42: tick!!!
 INFO LOG: May_10_00:44: tick!!!
 INFO LOG: May_10_00:46: tick!!!
 INFO LOG: May_10_00:48: tick!!!
 INFO LOG: May_10_00:50: tick!!!
 INFO LOG: May_10_00:52: tick!!!
 INFO LOG: May_10_00:54: tick!!!
 INFO LOG: May_10_00:56: tick!!!
 INFO LOG: May_10_00:58: tick!!!
 INFO LOG: May_10_01:00: tick!!!
 INFO LOG: May_10_01:02: tick!!!
 INFO LOG: May_10_01:04: tick!!!
 INFO LOG: May_10_01:06: tick!!!
 INFO LOG: May_10_01:08: tick!!!
 INFO LOG: May_10_01:10: tick!!!
 INFO LOG: May_10_01:12: tick!!!
 INFO LOG: May_10_01:14: tick!!!
 INFO LOG: May_10_01:16: tick!!!
 INFO LOG: May_10_01:18: tick!!!
 INFO LOG: May_10_01:20: tick!!!
 INFO LOG: May_10_01:22: tick!!!
 INFO LOG: May_10_01:24: tick!!!
 INFO LOG: May_10_01:26: tick!!!
 INFO LOG: May_10_01:28: tick!!!
 INFO LOG: May_10_01:30: tick!!!
 INFO LOG: May_10_01:32: tick!!!
 INFO LOG: May_10_01:34: tick!!!
 INFO LOG: May_10_01:36: tick!!!
 INFO LOG: May_10_01:38: tick!!!
 INFO LOG: May_10_01:40: tick!!!
 INFO LOG: May_10_01:42: tick!!!
 INFO LOG: May_10_01:44: tick!!!
 INFO LOG: May_10_01:46: tick!!!
 INFO LOG: May_10_01:48: tick!!!
 INFO LOG: May_10_01:50: tick!!!
 INFO LOG: May_10_01:52: tick!!!
 INFO LOG: May_10_01:54: tick!!!
 INFO LOG: May_10_01:56: tick!!!
 INFO LOG: May_10_01:58: tick!!!
 INFO LOG: May_10_02:00: tick!!!
 INFO LOG: May_10_02:02: tick!!!
 INFO LOG: May_10_02:04: tick!!!
 INFO LOG: May_10_02:06: tick!!!
 INFO LOG: May_10_02:08: tick!!!
 INFO LOG: May_10_02:10: tick!!!
 INFO LOG: May_10_02:12: tick!!!
 INFO LOG: May_10_02:14: tick!!!
 INFO LOG: May_10_02:16: tick!!!
 INFO LOG: May_10_02:18: tick!!!
 INFO LOG: May_10_02:20: tick!!!
 INFO LOG: May_10_02:22: tick!!!
 INFO LOG: May_10_02:24: tick!!!
 INFO LOG: May_10_02:26: tick!!!
 INFO LOG: May_10_02:28: tick!!!
 INFO LOG: May_10_02:30: tick!!!
 INFO LOG: May_10_02:32: tick!!!
 INFO LOG: May_10_02:34: tick!!!
 INFO LOG: May_10_02:36: tick!!!
 INFO LOG: May_10_02:38: tick!!!
 INFO LOG: May_10_02:40: tick!!!
 INFO LOG: May_10_02:42: tick!!!
 INFO LOG: May_10_02:44: tick!!!
 INFO LOG: May_10_02:46: tick!!!
 INFO LOG: May_10_02:48: tick!!!
 INFO LOG: May_10_02:50: tick!!!
 INFO LOG: May_10_02:52: tick!!!
 INFO LOG: May_10_02:54: tick!!!
 INFO LOG: May_10_02:56: tick!!!
 INFO LOG: May_10_02:58: tick!!!
 INFO LOG: May_10_03:00: tick!!!
 INFO LOG: May_10_03:02: tick!!!
 INFO LOG: May_10_03:04: tick!!!
 INFO LOG: May_10_03:06: tick!!!
 INFO LOG: May_10_03:08: tick!!!
 INFO LOG: May_10_03:10: tick!!!
 INFO LOG: May_10_03:12: tick!!!
 INFO LOG: May_10_03:14: tick!!!
 INFO LOG: May_10_03:16: tick!!!
 INFO LOG: May_10_03:18: tick!!!
 INFO LOG: May_10_03:20: tick!!!
 INFO LOG: May_10_03:22: tick!!!
 INFO LOG: May_10_03:24: tick!!!
 INFO LOG: May_10_03:26: tick!!!
 INFO LOG: May_10_03:28: tick!!!
 INFO LOG: May_10_03:30: tick!!!
 INFO LOG: May_10_03:32: tick!!!
 INFO LOG: May_10_03:34: tick!!!
 INFO LOG: May_10_03:36: tick!!!
 INFO LOG: May_10_03:38: tick!!!
 INFO LOG: May_10_03:40: tick!!!
 INFO LOG: May_10_03:42: tick!!!
 INFO LOG: May_10_03:44: tick!!!
 INFO LOG: May_10_03:46: tick!!!
 INFO LOG: May_10_03:48: tick!!!
 INFO LOG: May_10_03:50: tick!!!
 INFO LOG: May_10_03:52: tick!!!
 INFO LOG: May_10_03:54: tick!!!
 INFO LOG: May_10_03:56: tick!!!
 INFO LOG: May_10_03:58: tick!!!
 INFO LOG: May_10_04:00: tick!!!
 INFO LOG: May_10_04:02: tick!!!
 INFO LOG: May_10_04:04: tick!!!
 INFO LOG: May_10_04:06: tick!!!
 INFO LOG: May_10_04:08: tick!!!
 INFO LOG: May_10_04:10: tick!!!
 INFO LOG: May_10_04:12: tick!!!
 INFO LOG: May_10_04:14: tick!!!
 INFO LOG: May_10_04:16: tick!!!
 INFO LOG: May_10_04:18: tick!!!
 INFO LOG: May_10_04:20: tick!!!
 INFO LOG: May_10_04:22: tick!!!
 INFO LOG: May_10_04:24: tick!!!
 INFO LOG: May_10_04:26: tick!!!
 INFO LOG: May_10_04:28: tick!!!
 INFO LOG: May_10_04:30: tick!!!
 INFO LOG: May_10_04:32: tick!!!
 INFO LOG: May_10_04:34: tick!!!
 INFO LOG: May_10_04:36: tick!!!
 INFO LOG: May_10_04:38: tick!!!
 INFO LOG: May_10_04:40: tick!!!
 INFO LOG: May_10_04:42: tick!!!
 INFO LOG: May_10_04:44: tick!!!
 INFO LOG: May_10_04:46: tick!!!
 INFO LOG: May_10_04:47: -- #<Player:0x00000000f0b3d8>:76.202.141.206:40844 disconnected from CoralMUD!
