 INFO LOG: May__2_00:00: Logging enabled.   Loading logs.rb.
 INFO LOG: May__2_00:00: Loading facade.rb
 INFO LOG: May__2_00:00: Loading query_list.rb
 INFO LOG: May__2_00:00: Loading utils.rb
 INFO LOG: May__2_00:00: Loading constants.rb
 INFO LOG: May__2_00:00: Loading class_property.rb
 INFO LOG: May__2_00:00: Loading scripts.rb
 INFO LOG: May__2_00:00: Loading tags.rb
 INFO LOG: May__2_00:00: Loading editor/editors.rb
 INFO LOG: May__2_00:00: Loading editor/editor.strings.rb
 INFO LOG: May__2_00:00: Loading editor/editor.rooms.rb
 INFO LOG: May__2_00:00: Loading editor/editor.exits.rb
 INFO LOG: May__2_00:00: Loading editor/editor.zones.rb
 INFO LOG: May__2_00:00: Loading editor/editor.npc.rb
 INFO LOG: May__2_00:00: Loading editor/editor.items.rb
 INFO LOG: May__2_00:00: Loading mxp.rb
 INFO LOG: May__2_00:00: Loading mccp.rb
 INFO LOG: May__2_00:00: Loading flags.rb
 INFO LOG: May__2_00:00: Loading damage.rb
 INFO LOG: May__2_00:00: Loading areas.rb
 INFO LOG: May__2_00:00: Loading event.rb
 INFO LOG: May__2_00:00: Loading automap/automap.rb
 INFO LOG: May__2_00:00: Loading cities.olc.rb
 INFO LOG: May__2_00:00: Loading cities.rb
 INFO LOG: May__2_00:00: Loading sector definitions.
 INFO LOG: May__2_00:00: Loading help.rb
 INFO LOG: May__2_00:00: Loading imcruby.rb
 INFO LOG: May__2_00:00: Loading player.rb
 INFO LOG: May__2_00:00: Loading commands.rb
 INFO LOG: May__2_00:00: Loading random.rb
 INFO LOG: May__2_00:00: Loading npc.rb
 INFO LOG: May__2_00:00: Loading items.rb
 INFO LOG: May__2_00:00: Loading spells.rb
 INFO LOG: May__2_00:00: Loading all zones.
 INFO LOG: May__2_00:00: Starting server.
 INFO LOG: May__2_00:00: CoralMUD is now up on port 4000.
 INFO LOG: May__2_00:00: -- 127.0.0.1:34549 connected to CoralMUD!
 INFO LOG: May__2_00:00: -- 127.0.0.1:34549: Retnur is trying to connect.
 INFO LOG: May__2_00:00: -- 127.0.0.1:34549: Retnur player file found.
 INFO LOG: May__2_00:00: -- Retnur has entered the game.
ERROR LOG: Insecure: can't modify trusted binding
ERROR LOG: /usr/local/lib/ruby/1.9.1/erb.rb:750:in `eval'
ERROR LOG: /usr/local/lib/ruby/1.9.1/erb.rb:750:in `block in result'
ERROR LOG: /usr/local/lib/ruby/1.9.1/erb.rb:748:in `call'
ERROR LOG: /usr/local/lib/ruby/1.9.1/erb.rb:748:in `result'
ERROR LOG: /home/heath/coral/lib/cities.rb:439:in `block in display'
ERROR LOG: /home/heath/coral/lib/cities.rb:439:in `each'
ERROR LOG: /home/heath/coral/lib/cities.rb:439:in `display'
ERROR LOG: /home/heath/coral/lib/commands/get.rb:5:in `cmd_get'
ERROR LOG: /home/heath/coral/lib/commands.rb:230:in `execute_command'
ERROR LOG: /home/heath/coral/core/socketengine.rb:161:in `handle_cmd_input'
ERROR LOG: /home/heath/coral/core/socketengine.rb:135:in `receive_data'
ERROR LOG: /usr/local/lib/ruby/gems/1.9.1/gems/eventmachine-0.12.8/lib/eventmachine.rb:242:in `run_machine'
ERROR LOG: /usr/local/lib/ruby/gems/1.9.1/gems/eventmachine-0.12.8/lib/eventmachine.rb:242:in `run'
ERROR LOG: coral.rb:169:in `<main>'
 INFO LOG: May__2_00:01: -- #<Player:0x0000000273bc50>:127.0.0.1:34549 disconnected from CoralMUD!
 INFO LOG: May__2_00:01: Program closed.
 INFO LOG: May__2_00:03: Logging enabled.   Loading logs.rb.
 INFO LOG: May__2_00:03: Loading facade.rb
 INFO LOG: May__2_00:03: Loading query_list.rb
 INFO LOG: May__2_00:03: Loading utils.rb
 INFO LOG: May__2_00:03: Loading constants.rb
 INFO LOG: May__2_00:03: Loading class_property.rb
 INFO LOG: May__2_00:03: Loading scripts.rb
 INFO LOG: May__2_00:03: Loading tags.rb
 INFO LOG: May__2_00:03: Loading editor/editors.rb
 INFO LOG: May__2_00:03: Loading editor/editor.strings.rb
 INFO LOG: May__2_00:03: Loading editor/editor.rooms.rb
 INFO LOG: May__2_00:03: Loading editor/editor.exits.rb
 INFO LOG: May__2_00:03: Loading editor/editor.zones.rb
 INFO LOG: May__2_00:03: Loading editor/editor.npc.rb
 INFO LOG: May__2_00:03: Loading editor/editor.items.rb
 INFO LOG: May__2_00:03: Loading mxp.rb
 INFO LOG: May__2_00:03: Loading mccp.rb
 INFO LOG: May__2_00:03: Loading flags.rb
 INFO LOG: May__2_00:03: Loading damage.rb
 INFO LOG: May__2_00:03: Loading areas.rb
 INFO LOG: May__2_00:03: Loading event.rb
 INFO LOG: May__2_00:03: Loading automap/automap.rb
 INFO LOG: May__2_00:03: Loading cities.olc.rb
 INFO LOG: May__2_00:03: Loading cities.rb
 INFO LOG: May__2_00:03: Loading sector definitions.
 INFO LOG: May__2_00:03: Loading help.rb
 INFO LOG: May__2_00:03: Loading imcruby.rb
 INFO LOG: May__2_00:03: Loading player.rb
 INFO LOG: May__2_00:03: Loading commands.rb
 INFO LOG: May__2_00:03: Loading random.rb
 INFO LOG: May__2_00:03: Loading npc.rb
 INFO LOG: May__2_00:03: Loading items.rb
 INFO LOG: May__2_00:03: Loading spells.rb
 INFO LOG: May__2_00:03: Loading all zones.
 INFO LOG: May__2_00:03: Starting server.
 INFO LOG: May__2_00:03: CoralMUD is now up on port 4000.
 INFO LOG: May__2_00:03: -- 76.202.141.206:36111 connected to CoralMUD!
 INFO LOG: May__2_00:03: -- 76.202.141.206:36111: Retnur is trying to connect.
 INFO LOG: May__2_00:03: -- 76.202.141.206:36111: Retnur player file found.
 INFO LOG: May__2_00:03: -- Retnur has entered the game.
ERROR LOG: undefined method `+' for true:TrueClass
ERROR LOG: /home/heath/coral/lib/cities.rb:439:in `block in display'
ERROR LOG: /home/heath/coral/lib/cities.rb:439:in `each'
ERROR LOG: /home/heath/coral/lib/cities.rb:439:in `display'
ERROR LOG: /home/heath/coral/lib/commands/get.rb:5:in `cmd_get'
ERROR LOG: /home/heath/coral/lib/commands.rb:230:in `execute_command'
ERROR LOG: /home/heath/coral/core/socketengine.rb:161:in `handle_cmd_input'
ERROR LOG: /home/heath/coral/core/socketengine.rb:135:in `receive_data'
ERROR LOG: /usr/local/lib/ruby/gems/1.9.1/gems/eventmachine-0.12.8/lib/eventmachine.rb:242:in `run_machine'
ERROR LOG: /usr/local/lib/ruby/gems/1.9.1/gems/eventmachine-0.12.8/lib/eventmachine.rb:242:in `run'
ERROR LOG: coral.rb:169:in `<main>'
 INFO LOG: May__2_00:04: Loading cities.rb
 INFO LOG: May__2_00:04: Loading sector definitions.
 INFO LOG: May__2_00:04: -- #<Player:0x00000001ec6958>:76.202.141.206:36111 disconnected from CoralMUD!
 INFO LOG: May__2_00:04: Program closed.
 INFO LOG: May__2_00:04: Logging enabled.   Loading logs.rb.
 INFO LOG: May__2_00:04: Loading facade.rb
 INFO LOG: May__2_00:04: Loading query_list.rb
 INFO LOG: May__2_00:04: Loading utils.rb
 INFO LOG: May__2_00:04: Loading constants.rb
 INFO LOG: May__2_00:04: Loading class_property.rb
 INFO LOG: May__2_00:04: Loading scripts.rb
 INFO LOG: May__2_00:04: Loading tags.rb
 INFO LOG: May__2_00:04: Loading editor/editors.rb
 INFO LOG: May__2_00:04: Loading editor/editor.strings.rb
 INFO LOG: May__2_00:04: Loading editor/editor.rooms.rb
 INFO LOG: May__2_00:04: Loading editor/editor.exits.rb
 INFO LOG: May__2_00:04: Loading editor/editor.zones.rb
 INFO LOG: May__2_00:04: Loading editor/editor.npc.rb
 INFO LOG: May__2_00:04: Loading editor/editor.items.rb
 INFO LOG: May__2_00:04: Loading mxp.rb
 INFO LOG: May__2_00:04: Loading mccp.rb
 INFO LOG: May__2_00:04: Loading flags.rb
 INFO LOG: May__2_00:04: Loading damage.rb
 INFO LOG: May__2_00:04: Loading areas.rb
 INFO LOG: May__2_00:04: Loading event.rb
 INFO LOG: May__2_00:04: Loading automap/automap.rb
 INFO LOG: May__2_00:04: Loading cities.olc.rb
 INFO LOG: May__2_00:04: Loading cities.rb
 INFO LOG: May__2_00:04: Loading sector definitions.
 INFO LOG: May__2_00:04: Loading help.rb
 INFO LOG: May__2_00:04: Loading imcruby.rb
 INFO LOG: May__2_00:04: Loading player.rb
 INFO LOG: May__2_00:04: Loading commands.rb
 INFO LOG: May__2_00:04: Loading random.rb
 INFO LOG: May__2_00:04: Loading npc.rb
 INFO LOG: May__2_00:04: Loading items.rb
 INFO LOG: May__2_00:04: Loading spells.rb
 INFO LOG: May__2_00:04: Loading all zones.
 INFO LOG: May__2_00:04: Starting server.
 INFO LOG: May__2_00:04: CoralMUD is now up on port 4000.
 INFO LOG: May__2_00:04: -- 76.202.141.206:39820 connected to CoralMUD!
 INFO LOG: May__2_00:04: -- 76.202.141.206:39820: Retnur is trying to connect.
 INFO LOG: May__2_00:04: -- 76.202.141.206:39820: Retnur player file found.
 INFO LOG: May__2_00:04: -- Retnur has entered the game.
 INFO LOG: May__2_00:06: Loading player.rb
 INFO LOG: May__2_00:06: tick!!!
 INFO LOG: May__2_00:08: tick!!!
 INFO LOG: May__2_00:10: Loading cities.rb
 INFO LOG: May__2_00:10: Loading sector definitions.
 INFO LOG: May__2_00:10: -- #<Player:0x000000014db010>:76.202.141.206:39820 disconnected from CoralMUD!
 INFO LOG: May__2_00:10: Logging enabled.   Loading logs.rb.
 INFO LOG: May__2_00:10: Loading facade.rb
 INFO LOG: May__2_00:10: Loading query_list.rb
 INFO LOG: May__2_00:10: Loading utils.rb
 INFO LOG: May__2_00:10: Loading constants.rb
 INFO LOG: May__2_00:10: Loading class_property.rb
 INFO LOG: May__2_00:10: Loading scripts.rb
 INFO LOG: May__2_00:10: Loading tags.rb
 INFO LOG: May__2_00:10: Loading editor/editors.rb
 INFO LOG: May__2_00:10: Loading editor/editor.strings.rb
 INFO LOG: May__2_00:10: Loading editor/editor.rooms.rb
 INFO LOG: May__2_00:10: Loading editor/editor.exits.rb
 INFO LOG: May__2_00:10: Loading editor/editor.zones.rb
 INFO LOG: May__2_00:10: Loading editor/editor.npc.rb
 INFO LOG: May__2_00:10: Loading editor/editor.items.rb
 INFO LOG: May__2_00:10: Loading mxp.rb
 INFO LOG: May__2_00:10: Loading mccp.rb
 INFO LOG: May__2_00:10: Loading flags.rb
 INFO LOG: May__2_00:10: Loading damage.rb
 INFO LOG: May__2_00:10: Loading areas.rb
 INFO LOG: May__2_00:10: Loading event.rb
 INFO LOG: May__2_00:10: Loading automap/automap.rb
 INFO LOG: May__2_00:10: Loading cities.olc.rb
 INFO LOG: May__2_00:10: Loading cities.rb
 INFO LOG: May__2_00:10: Loading sector definitions.
 INFO LOG: May__2_00:10: Loading help.rb
 INFO LOG: May__2_00:10: Loading imcruby.rb
 INFO LOG: May__2_00:10: Loading player.rb
 INFO LOG: May__2_00:10: Loading commands.rb
 INFO LOG: May__2_00:10: Loading random.rb
 INFO LOG: May__2_00:10: Loading npc.rb
 INFO LOG: May__2_00:10: Loading items.rb
 INFO LOG: May__2_00:10: Loading spells.rb
 INFO LOG: May__2_00:10: Loading all zones.
 INFO LOG: May__2_00:10: Starting server.
 INFO LOG: May__2_00:10: CoralMUD is now up on port 4000.
 INFO LOG: May__2_00:10: -- 76.202.141.206:59476 connected to CoralMUD!
 INFO LOG: May__2_00:10: -- 76.202.141.206:59476: Retnur is trying to connect.
 INFO LOG: May__2_00:10: -- 76.202.141.206:59476: Retnur player file found.
 INFO LOG: May__2_00:10: -- Retnur has entered the game.
 INFO LOG: May__2_00:11: -- 127.0.0.1:53786 connected to CoralMUD!
 INFO LOG: May__2_00:11: -- 127.0.0.1:53786: Rtest is trying to connect.
 INFO LOG: May__2_00:11: -- 127.0.0.1:53786: Rtest player file found.
 INFO LOG: May__2_00:11: -- Rtest has entered the game.
 INFO LOG: May__2_00:12: tick!!!
 INFO LOG: May__2_00:12: Loading commands.rb
 INFO LOG: May__2_00:13: Loading commands.rb
 INFO LOG: May__2_00:14: -- #<Player:0x00000001b3f668>:76.202.141.206:59476 disconnected from CoralMUD!
 INFO LOG: May__2_00:14: -- #<Player:0x00000001f5cdb8>:127.0.0.1:53786 disconnected from CoralMUD!
 INFO LOG: May__2_00:14: Logging enabled.   Loading logs.rb.
 INFO LOG: May__2_00:14: Loading facade.rb
 INFO LOG: May__2_00:14: Loading query_list.rb
 INFO LOG: May__2_00:14: Loading utils.rb
 INFO LOG: May__2_00:14: Loading constants.rb
 INFO LOG: May__2_00:14: Loading class_property.rb
 INFO LOG: May__2_00:14: Loading scripts.rb
 INFO LOG: May__2_00:14: Loading tags.rb
 INFO LOG: May__2_00:14: Loading editor/editors.rb
 INFO LOG: May__2_00:14: Loading editor/editor.strings.rb
 INFO LOG: May__2_00:14: Loading editor/editor.rooms.rb
 INFO LOG: May__2_00:14: Loading editor/editor.exits.rb
 INFO LOG: May__2_00:14: Loading editor/editor.zones.rb
 INFO LOG: May__2_00:14: Loading editor/editor.npc.rb
 INFO LOG: May__2_00:14: Loading editor/editor.items.rb
 INFO LOG: May__2_00:14: Loading mxp.rb
 INFO LOG: May__2_00:14: Loading mccp.rb
 INFO LOG: May__2_00:14: Loading flags.rb
 INFO LOG: May__2_00:14: Loading damage.rb
 INFO LOG: May__2_00:14: Loading areas.rb
 INFO LOG: May__2_00:14: Loading event.rb
 INFO LOG: May__2_00:14: Loading automap/automap.rb
 INFO LOG: May__2_00:14: Loading cities.olc.rb
 INFO LOG: May__2_00:14: Loading cities.rb
 INFO LOG: May__2_00:14: Loading sector definitions.
 INFO LOG: May__2_00:14: Loading help.rb
 INFO LOG: May__2_00:14: Loading imcruby.rb
 INFO LOG: May__2_00:14: Loading player.rb
 INFO LOG: May__2_00:14: Loading commands.rb
 INFO LOG: May__2_00:14: Loading random.rb
 INFO LOG: May__2_00:14: Loading npc.rb
 INFO LOG: May__2_00:14: Loading items.rb
 INFO LOG: May__2_00:14: Loading spells.rb
 INFO LOG: May__2_00:14: Loading all zones.
 INFO LOG: May__2_00:14: Starting server.
 INFO LOG: May__2_00:14: CoralMUD is now up on port 4000.
 INFO LOG: May__2_00:14: -- 127.0.0.1:60531 connected to CoralMUD!
 INFO LOG: May__2_00:14: -- 127.0.0.1:60531: Retnur is trying to connect.
 INFO LOG: May__2_00:14: -- 127.0.0.1:60531: Retnur player file found.
 INFO LOG: May__2_00:14: -- Retnur has entered the game.
 INFO LOG: May__2_00:14: -- 76.202.141.206:36167 connected to CoralMUD!
 INFO LOG: May__2_00:14: -- 76.202.141.206:36167: Rtest is trying to connect.
 INFO LOG: May__2_00:14: -- 76.202.141.206:36167: Rtest player file found.
 INFO LOG: May__2_00:14: -- Rtest has entered the game.
 INFO LOG: May__2_00:14: Loading commands.rb
 INFO LOG: May__2_00:16: tick!!!
 INFO LOG: May__2_00:18: tick!!!
 INFO LOG: May__2_00:19: -- #<Player:0x000000010b1390>:127.0.0.1:60531 disconnected from CoralMUD!
 INFO LOG: May__2_00:19: -- #<Player:0x0000000135df80>:76.202.141.206:36167 disconnected from CoralMUD!
 INFO LOG: May__2_00:19: Program closed.
 INFO LOG: May__2_00:52: Logging enabled.   Loading logs.rb.
 INFO LOG: May__2_00:52: Loading facade.rb
 INFO LOG: May__2_00:52: Loading query_list.rb
 INFO LOG: May__2_00:52: Loading utils.rb
 INFO LOG: May__2_00:52: Loading constants.rb
 INFO LOG: May__2_00:52: Loading class_property.rb
 INFO LOG: May__2_00:52: Loading scripts.rb
 INFO LOG: May__2_00:52: Loading tags.rb
 INFO LOG: May__2_00:52: Loading editor/editors.rb
 INFO LOG: May__2_00:52: Loading editor/editor.strings.rb
 INFO LOG: May__2_00:52: Loading editor/editor.rooms.rb
 INFO LOG: May__2_00:52: Loading editor/editor.exits.rb
 INFO LOG: May__2_00:52: Loading editor/editor.zones.rb
 INFO LOG: May__2_00:52: Loading editor/editor.npc.rb
 INFO LOG: May__2_00:52: Loading editor/editor.items.rb
 INFO LOG: May__2_00:52: Loading mxp.rb
 INFO LOG: May__2_00:52: Loading mccp.rb
 INFO LOG: May__2_00:52: Loading flags.rb
 INFO LOG: May__2_00:52: Loading damage.rb
 INFO LOG: May__2_00:52: Loading areas.rb
 INFO LOG: May__2_00:52: Loading event.rb
 INFO LOG: May__2_00:52: Loading automap/automap.rb
 INFO LOG: May__2_00:52: Loading cities.olc.rb
 INFO LOG: May__2_00:52: Loading cities.rb
 INFO LOG: May__2_00:52: Loading sector definitions.
 INFO LOG: May__2_00:52: Loading help.rb
 INFO LOG: May__2_00:52: Loading imcruby.rb
 INFO LOG: May__2_00:52: Loading player.rb
 INFO LOG: May__2_00:52: Loading commands.rb
 INFO LOG: May__2_00:52: Loading random.rb
 INFO LOG: May__2_00:52: Loading npc.rb
 INFO LOG: May__2_00:52: Loading items.rb
 INFO LOG: May__2_00:52: Loading spells.rb
 INFO LOG: May__2_00:52: Loading all zones.
 INFO LOG: May__2_00:52: Starting server.
 INFO LOG: May__2_00:52: CoralMUD is now up on port 4000.
 INFO LOG: May__2_00:52: -- 127.0.0.1:35273 connected to CoralMUD!
 INFO LOG: May__2_00:52: -- 127.0.0.1:35273: Retnur is trying to connect.
 INFO LOG: May__2_00:52: -- 127.0.0.1:35273: Retnur player file found.
 INFO LOG: May__2_00:52: -- Retnur has entered the game.
ERROR LOG: undefined local variable or method `obj' for #<Player:0x000000021df518>
ERROR LOG: /home/heath/coral/lib/commands/drop.rb:5:in `cmd_drop'
ERROR LOG: /home/heath/coral/lib/commands.rb:230:in `execute_command'
ERROR LOG: /home/heath/coral/core/socketengine.rb:161:in `handle_cmd_input'
ERROR LOG: /home/heath/coral/core/socketengine.rb:135:in `receive_data'
ERROR LOG: /usr/local/lib/ruby/gems/1.9.1/gems/eventmachine-0.12.8/lib/eventmachine.rb:242:in `run_machine'
ERROR LOG: /usr/local/lib/ruby/gems/1.9.1/gems/eventmachine-0.12.8/lib/eventmachine.rb:242:in `run'
ERROR LOG: coral.rb:169:in `<main>'
ERROR LOG: undefined local variable or method `obj' for #<Player:0x000000021df518>
ERROR LOG: /home/heath/coral/lib/commands/drop.rb:5:in `cmd_drop'
ERROR LOG: /home/heath/coral/lib/commands.rb:230:in `execute_command'
ERROR LOG: /home/heath/coral/core/socketengine.rb:161:in `handle_cmd_input'
ERROR LOG: /home/heath/coral/core/socketengine.rb:135:in `receive_data'
ERROR LOG: /usr/local/lib/ruby/gems/1.9.1/gems/eventmachine-0.12.8/lib/eventmachine.rb:242:in `run_machine'
ERROR LOG: /usr/local/lib/ruby/gems/1.9.1/gems/eventmachine-0.12.8/lib/eventmachine.rb:242:in `run'
ERROR LOG: coral.rb:169:in `<main>'
 INFO LOG: May__2_00:53: -- #<Player:0x000000021df518>:127.0.0.1:35273 disconnected from CoralMUD!
 INFO LOG: May__2_00:53: Logging enabled.   Loading logs.rb.
 INFO LOG: May__2_00:53: Loading facade.rb
 INFO LOG: May__2_00:53: Loading query_list.rb
 INFO LOG: May__2_00:53: Loading utils.rb
 INFO LOG: May__2_00:53: Loading constants.rb
 INFO LOG: May__2_00:53: Loading class_property.rb
 INFO LOG: May__2_00:53: Loading scripts.rb
 INFO LOG: May__2_00:53: Loading tags.rb
 INFO LOG: May__2_00:53: Loading editor/editors.rb
 INFO LOG: May__2_00:53: Loading editor/editor.strings.rb
 INFO LOG: May__2_00:53: Loading editor/editor.rooms.rb
 INFO LOG: May__2_00:53: Loading editor/editor.exits.rb
 INFO LOG: May__2_00:53: Loading editor/editor.zones.rb
 INFO LOG: May__2_00:53: Loading editor/editor.npc.rb
 INFO LOG: May__2_00:53: Loading editor/editor.items.rb
 INFO LOG: May__2_00:53: Loading mxp.rb
 INFO LOG: May__2_00:53: Loading mccp.rb
 INFO LOG: May__2_00:53: Loading flags.rb
 INFO LOG: May__2_00:53: Loading damage.rb
 INFO LOG: May__2_00:53: Loading areas.rb
 INFO LOG: May__2_00:53: Loading event.rb
 INFO LOG: May__2_00:53: Loading automap/automap.rb
 INFO LOG: May__2_00:53: Loading cities.olc.rb
 INFO LOG: May__2_00:53: Loading cities.rb
 INFO LOG: May__2_00:53: Loading sector definitions.
 INFO LOG: May__2_00:53: Loading help.rb
 INFO LOG: May__2_00:53: Loading imcruby.rb
 INFO LOG: May__2_00:53: Loading player.rb
 INFO LOG: May__2_00:53: Loading commands.rb
 INFO LOG: May__2_00:53: Loading random.rb
 INFO LOG: May__2_00:53: Loading npc.rb
 INFO LOG: May__2_00:53: Loading items.rb
 INFO LOG: May__2_00:53: Loading spells.rb
 INFO LOG: May__2_00:53: Loading all zones.
 INFO LOG: May__2_00:53: Starting server.
 INFO LOG: May__2_00:53: CoralMUD is now up on port 4000.
 INFO LOG: May__2_00:53: -- 127.0.0.1:42768 connected to CoralMUD!
 INFO LOG: May__2_00:53: -- 127.0.0.1:42768: Retnur is trying to connect.
 INFO LOG: May__2_00:53: -- 127.0.0.1:42768: Retnur player file found.
 INFO LOG: May__2_00:53: -- Retnur has entered the game.
 INFO LOG: May__2_00:53: -- 76.202.141.206:54029 connected to CoralMUD!
 INFO LOG: May__2_00:53: -- 76.202.141.206:54029: Retnur is trying to connect.
 INFO LOG: May__2_00:53: -- 76.202.141.206:54029: Retnur player file found.
 INFO LOG: May__2_00:53: -- 76.202.141.206:54029: #<Player:0x00000002156740> has reconnected.
 INFO LOG: May__2_00:53: -- Retnur has entered the game.
 INFO LOG: May__2_00:53: -- #<Player:0x00000002156740>:127.0.0.1:42768 disconnected from CoralMUD!
 INFO LOG: May__2_00:53: -- 127.0.0.1:43385 connected to CoralMUD!
 INFO LOG: May__2_00:53: -- 127.0.0.1:43385: Rtest is trying to connect.
 INFO LOG: May__2_00:53: -- 127.0.0.1:43385: Rtest player file found.
 INFO LOG: May__2_00:53: -- Rtest has entered the game.
 INFO LOG: May__2_00:54: -- #<Player:0x00000002156740>:76.202.141.206:54029 disconnected from CoralMUD!
 INFO LOG: May__2_00:54: -- #<Player:0x00000002630478>:127.0.0.1:43385 disconnected from CoralMUD!
 INFO LOG: May__2_00:54: Program closed.
 INFO LOG: May__2_00:59: Logging enabled.   Loading logs.rb.
 INFO LOG: May__2_00:59: Loading facade.rb
 INFO LOG: May__2_00:59: Loading query_list.rb
 INFO LOG: May__2_00:59: Loading utils.rb
 INFO LOG: May__2_00:59: Loading constants.rb
 INFO LOG: May__2_00:59: Loading class_property.rb
 INFO LOG: May__2_00:59: Loading scripts.rb
 INFO LOG: May__2_00:59: Loading tags.rb
 INFO LOG: May__2_00:59: Loading editor/editors.rb
 INFO LOG: May__2_00:59: Loading editor/editor.strings.rb
 INFO LOG: May__2_00:59: Loading editor/editor.rooms.rb
 INFO LOG: May__2_00:59: Loading editor/editor.exits.rb
 INFO LOG: May__2_00:59: Loading editor/editor.zones.rb
 INFO LOG: May__2_00:59: Loading editor/editor.npc.rb
 INFO LOG: May__2_00:59: Loading editor/editor.items.rb
 INFO LOG: May__2_00:59: Loading mxp.rb
 INFO LOG: May__2_00:59: Loading mccp.rb
 INFO LOG: May__2_00:59: Loading flags.rb
 INFO LOG: May__2_00:59: Loading damage.rb
 INFO LOG: May__2_00:59: Loading areas.rb
 INFO LOG: May__2_00:59: Loading event.rb
 INFO LOG: May__2_00:59: Loading automap/automap.rb
 INFO LOG: May__2_00:59: Loading cities.olc.rb
 INFO LOG: May__2_00:59: Loading cities.rb
 INFO LOG: May__2_00:59: Loading sector definitions.
 INFO LOG: May__2_00:59: Loading help.rb
 INFO LOG: May__2_00:59: Loading imcruby.rb
 INFO LOG: May__2_00:59: Loading player.rb
 INFO LOG: May__2_00:59: Loading commands.rb
 INFO LOG: May__2_00:59: Loading random.rb
 INFO LOG: May__2_00:59: Loading npc.rb
 INFO LOG: May__2_00:59: Loading items.rb
 INFO LOG: May__2_00:59: Loading spells.rb
 INFO LOG: May__2_00:59: Loading all zones.
 INFO LOG: May__2_00:59: Starting server.
 INFO LOG: May__2_00:59: CoralMUD is now up on port 4000.
 INFO LOG: May__2_00:59: -- 127.0.0.1:53021 connected to CoralMUD!
 INFO LOG: May__2_00:59: -- 127.0.0.1:53021: Retnur is trying to connect.
 INFO LOG: May__2_00:59: -- 127.0.0.1:53021: Retnur player file found.
 INFO LOG: May__2_00:59: -- Retnur has entered the game.
 INFO LOG: May__2_01:01: tick!!!
 INFO LOG: May__2_01:03: tick!!!
 INFO LOG: May__2_01:04: -- #<Player:0x00000001905e88>:127.0.0.1:53021 disconnected from CoralMUD!
 INFO LOG: May__2_01:04: Logging enabled.   Loading logs.rb.
 INFO LOG: May__2_01:04: Loading facade.rb
 INFO LOG: May__2_01:04: Loading query_list.rb
 INFO LOG: May__2_01:04: Loading utils.rb
 INFO LOG: May__2_01:04: Loading constants.rb
 INFO LOG: May__2_01:04: Loading class_property.rb
 INFO LOG: May__2_01:04: Loading scripts.rb
 INFO LOG: May__2_01:04: Loading tags.rb
 INFO LOG: May__2_01:04: Loading editor/editors.rb
 INFO LOG: May__2_01:04: Loading editor/editor.strings.rb
 INFO LOG: May__2_01:04: Loading editor/editor.rooms.rb
 INFO LOG: May__2_01:04: Loading editor/editor.exits.rb
 INFO LOG: May__2_01:04: Loading editor/editor.zones.rb
 INFO LOG: May__2_01:04: Loading editor/editor.npc.rb
 INFO LOG: May__2_01:04: Loading editor/editor.items.rb
 INFO LOG: May__2_01:04: Loading mxp.rb
 INFO LOG: May__2_01:04: Loading mccp.rb
 INFO LOG: May__2_01:04: Loading flags.rb
 INFO LOG: May__2_01:04: Loading damage.rb
 INFO LOG: May__2_01:04: Loading areas.rb
 INFO LOG: May__2_01:04: Loading event.rb
 INFO LOG: May__2_01:04: Loading automap/automap.rb
 INFO LOG: May__2_01:04: Loading cities.olc.rb
 INFO LOG: May__2_01:04: Loading cities.rb
 INFO LOG: May__2_01:04: Loading sector definitions.
 INFO LOG: May__2_01:04: Loading help.rb
 INFO LOG: May__2_01:04: Loading imcruby.rb
 INFO LOG: May__2_01:04: Loading player.rb
 INFO LOG: May__2_01:04: Loading commands.rb
 INFO LOG: May__2_01:04: Loading random.rb
 INFO LOG: May__2_01:04: Loading npc.rb
 INFO LOG: May__2_01:04: Loading items.rb
 INFO LOG: May__2_01:04: Loading spells.rb
 INFO LOG: May__2_01:04: Loading all zones.
 INFO LOG: May__2_01:04: Starting server.
 INFO LOG: May__2_01:04: CoralMUD is now up on port 4000.
 INFO LOG: May__2_01:04: -- 76.202.141.206:59921 connected to CoralMUD!
 INFO LOG: May__2_01:04: -- 76.202.141.206:59921: Retnur is trying to connect.
 INFO LOG: May__2_01:04: -- 76.202.141.206:59921: Retnur player file found.
 INFO LOG: May__2_01:04: -- Retnur has entered the game.
 INFO LOG: May__2_01:04: -- 127.0.0.1:57718 connected to CoralMUD!
 INFO LOG: May__2_01:04: -- 127.0.0.1:57718: Rtest is trying to connect.
 INFO LOG: May__2_01:04: -- 127.0.0.1:57718: Rtest player file found.
 INFO LOG: May__2_01:04: -- Rtest has entered the game.
 INFO LOG: May__2_01:05: -- #<Player:0x00000001823d08>:76.202.141.206:59921 disconnected from CoralMUD!
 INFO LOG: May__2_01:05: -- #<Player:0x00000001c2ddb8>:127.0.0.1:57718 disconnected from CoralMUD!
 INFO LOG: May__2_01:05: Program closed.
 INFO LOG: May__2_01:08: Logging enabled.   Loading logs.rb.
 INFO LOG: May__2_01:08: Loading facade.rb
 INFO LOG: May__2_01:08: Loading query_list.rb
 INFO LOG: May__2_01:08: Loading utils.rb
 INFO LOG: May__2_01:08: Loading constants.rb
 INFO LOG: May__2_01:08: Loading class_property.rb
 INFO LOG: May__2_01:08: Loading scripts.rb
 INFO LOG: May__2_01:08: Loading tags.rb
 INFO LOG: May__2_01:08: Loading editor/editors.rb
 INFO LOG: May__2_01:08: Loading editor/editor.strings.rb
 INFO LOG: May__2_01:08: Loading editor/editor.rooms.rb
 INFO LOG: May__2_01:08: Loading editor/editor.exits.rb
 INFO LOG: May__2_01:08: Loading editor/editor.zones.rb
 INFO LOG: May__2_01:08: Loading editor/editor.npc.rb
 INFO LOG: May__2_01:08: Loading editor/editor.items.rb
 INFO LOG: May__2_01:08: Loading mxp.rb
 INFO LOG: May__2_01:08: Loading mccp.rb
 INFO LOG: May__2_01:08: Loading flags.rb
 INFO LOG: May__2_01:08: Loading damage.rb
 INFO LOG: May__2_01:08: Loading areas.rb
 INFO LOG: May__2_01:08: Loading event.rb
 INFO LOG: May__2_01:08: Loading automap/automap.rb
 INFO LOG: May__2_01:08: Loading cities.olc.rb
 INFO LOG: May__2_01:08: Loading cities.rb
 INFO LOG: May__2_01:08: Loading sector definitions.
 INFO LOG: May__2_01:08: Loading help.rb
 INFO LOG: May__2_01:08: Loading imcruby.rb
 INFO LOG: May__2_01:08: Loading player.rb
 INFO LOG: May__2_01:08: Loading commands.rb
 INFO LOG: May__2_01:08: Loading random.rb
 INFO LOG: May__2_01:08: Loading npc.rb
 INFO LOG: May__2_01:08: Loading items.rb
 INFO LOG: May__2_01:08: Loading spells.rb
 INFO LOG: May__2_01:08: Loading all zones.
 INFO LOG: May__2_01:08: Starting server.
 INFO LOG: May__2_01:08: CoralMUD is now up on port 4000.
 INFO LOG: May__2_01:08: -- 76.202.141.206:37647 connected to CoralMUD!
 INFO LOG: May__2_01:08: -- 76.202.141.206:37647: Retnur is trying to connect.
 INFO LOG: May__2_01:08: -- 76.202.141.206:37647: Retnur player file found.
 INFO LOG: May__2_01:08: -- Retnur has entered the game.
 INFO LOG: May__2_01:10: tick!!!
 INFO LOG: May__2_01:12: Loading cities.rb
 INFO LOG: May__2_01:12: Loading sector definitions.
 INFO LOG: May__2_01:12: -- #<Player:0x00000002213160>:76.202.141.206:37647 disconnected from CoralMUD!
 INFO LOG: May__2_01:12: Program closed.
 INFO LOG: May__2_01:12: Logging enabled.   Loading logs.rb.
 INFO LOG: May__2_01:12: Loading facade.rb
 INFO LOG: May__2_01:12: Loading query_list.rb
 INFO LOG: May__2_01:12: Loading utils.rb
 INFO LOG: May__2_01:12: Loading constants.rb
 INFO LOG: May__2_01:12: Loading class_property.rb
 INFO LOG: May__2_01:12: Loading scripts.rb
 INFO LOG: May__2_01:12: Loading tags.rb
 INFO LOG: May__2_01:12: Loading editor/editors.rb
 INFO LOG: May__2_01:12: Loading editor/editor.strings.rb
 INFO LOG: May__2_01:12: Loading editor/editor.rooms.rb
 INFO LOG: May__2_01:12: Loading editor/editor.exits.rb
 INFO LOG: May__2_01:12: Loading editor/editor.zones.rb
 INFO LOG: May__2_01:12: Loading editor/editor.npc.rb
 INFO LOG: May__2_01:12: Loading editor/editor.items.rb
 INFO LOG: May__2_01:12: Loading mxp.rb
 INFO LOG: May__2_01:12: Loading mccp.rb
 INFO LOG: May__2_01:12: Loading flags.rb
 INFO LOG: May__2_01:12: Loading damage.rb
 INFO LOG: May__2_01:12: Loading areas.rb
 INFO LOG: May__2_01:12: Loading event.rb
 INFO LOG: May__2_01:12: Loading automap/automap.rb
 INFO LOG: May__2_01:12: Loading cities.olc.rb
 INFO LOG: May__2_01:12: Loading cities.rb
 INFO LOG: May__2_01:12: Loading sector definitions.
 INFO LOG: May__2_01:12: Loading help.rb
 INFO LOG: May__2_01:12: Loading imcruby.rb
 INFO LOG: May__2_01:12: Loading player.rb
 INFO LOG: May__2_01:12: Loading commands.rb
 INFO LOG: May__2_01:12: Loading random.rb
 INFO LOG: May__2_01:12: Loading npc.rb
 INFO LOG: May__2_01:12: Loading items.rb
 INFO LOG: May__2_01:12: Loading spells.rb
 INFO LOG: May__2_01:12: Loading all zones.
 INFO LOG: May__2_01:12: Starting server.
 INFO LOG: May__2_01:12: CoralMUD is now up on port 4000.
 INFO LOG: May__2_01:12: -- 76.202.141.206:37758 connected to CoralMUD!
 INFO LOG: May__2_01:12: -- 76.202.141.206:37758: Retnur is trying to connect.
 INFO LOG: May__2_01:12: -- 76.202.141.206:37758: Retnur player file found.
 INFO LOG: May__2_01:12: -- Retnur has entered the game.
 INFO LOG: May__2_01:12: false
 INFO LOG: May__2_01:12: false
 INFO LOG: May__2_01:12: -- 127.0.0.1:39547 connected to CoralMUD!
 INFO LOG: May__2_01:12: -- 127.0.0.1:39547: Rtest is trying to connect.
 INFO LOG: May__2_01:12: -- 127.0.0.1:39547: Rtest player file found.
 INFO LOG: May__2_01:12: -- Rtest has entered the game.
 INFO LOG: May__2_01:12: false
 INFO LOG: May__2_01:12: false
 INFO LOG: May__2_01:13: Loading cities.rb
 INFO LOG: May__2_01:13: Loading sector definitions.
 INFO LOG: May__2_01:13: -- #<Player:0x000000010c4148>:76.202.141.206:37758 disconnected from CoralMUD!
 INFO LOG: May__2_01:13: -- #<Player:0x0000000189a660>:127.0.0.1:39547 disconnected from CoralMUD!
 INFO LOG: May__2_01:13: Program closed.
 INFO LOG: May__2_01:15: Logging enabled.   Loading logs.rb.
 INFO LOG: May__2_01:15: Loading facade.rb
 INFO LOG: May__2_01:15: Loading query_list.rb
 INFO LOG: May__2_01:15: Loading utils.rb
 INFO LOG: May__2_01:15: Loading constants.rb
 INFO LOG: May__2_01:15: Loading class_property.rb
 INFO LOG: May__2_01:15: Loading scripts.rb
 INFO LOG: May__2_01:15: Loading tags.rb
 INFO LOG: May__2_01:15: Loading editor/editors.rb
 INFO LOG: May__2_01:15: Loading editor/editor.strings.rb
 INFO LOG: May__2_01:15: Loading editor/editor.rooms.rb
 INFO LOG: May__2_01:15: Loading editor/editor.exits.rb
 INFO LOG: May__2_01:15: Loading editor/editor.zones.rb
 INFO LOG: May__2_01:15: Loading editor/editor.npc.rb
 INFO LOG: May__2_01:15: Loading editor/editor.items.rb
 INFO LOG: May__2_01:15: Loading mxp.rb
 INFO LOG: May__2_01:15: Loading mccp.rb
 INFO LOG: May__2_01:15: Loading flags.rb
 INFO LOG: May__2_01:15: Loading damage.rb
 INFO LOG: May__2_01:15: Loading areas.rb
 INFO LOG: May__2_01:15: Loading event.rb
 INFO LOG: May__2_01:15: Loading automap/automap.rb
 INFO LOG: May__2_01:15: Loading cities.olc.rb
 INFO LOG: May__2_01:15: Loading cities.rb
 INFO LOG: May__2_01:15: Loading sector definitions.
 INFO LOG: May__2_01:15: Loading help.rb
 INFO LOG: May__2_01:15: Loading imcruby.rb
 INFO LOG: May__2_01:15: Loading player.rb
 INFO LOG: May__2_01:15: Loading commands.rb
 INFO LOG: May__2_01:15: Loading random.rb
 INFO LOG: May__2_01:15: Loading npc.rb
 INFO LOG: May__2_01:15: Loading items.rb
 INFO LOG: May__2_01:15: Loading spells.rb
 INFO LOG: May__2_01:15: Loading all zones.
 INFO LOG: May__2_01:15: Starting server.
 INFO LOG: May__2_01:15: CoralMUD is now up on port 4000.
 INFO LOG: May__2_01:15: -- 76.202.141.206:60981 connected to CoralMUD!
 INFO LOG: May__2_01:15: -- 76.202.141.206:60981: Retnur is trying to connect.
 INFO LOG: May__2_01:15: -- 76.202.141.206:60981: Retnur player file found.
 INFO LOG: May__2_01:16: -- Retnur has entered the game.
ERROR LOG: undefined method `can_see' for #<Player:0x000000020b1cb8>
ERROR LOG: /home/heath/coral/lib/cities.rb:438:in `eval'
ERROR LOG: /home/heath/coral/lib/cities.rb:438:in `eval'
ERROR LOG: /home/heath/coral/lib/cities.rb:438:in `block (2 levels) in display'
ERROR LOG: /home/heath/coral/lib/cities.rb:436:in `each'
ERROR LOG: /home/heath/coral/lib/cities.rb:436:in `block in display'
ERROR LOG: /home/heath/coral/lib/cities.rb:434:in `each'
ERROR LOG: /home/heath/coral/lib/cities.rb:434:in `display'
ERROR LOG: /home/heath/coral/lib/commands/drop.rb:5:in `cmd_drop'
ERROR LOG: /home/heath/coral/lib/commands.rb:230:in `execute_command'
ERROR LOG: /home/heath/coral/core/socketengine.rb:161:in `handle_cmd_input'
ERROR LOG: /home/heath/coral/core/socketengine.rb:135:in `receive_data'
ERROR LOG: /usr/local/lib/ruby/gems/1.9.1/gems/eventmachine-0.12.8/lib/eventmachine.rb:242:in `run_machine'
ERROR LOG: /usr/local/lib/ruby/gems/1.9.1/gems/eventmachine-0.12.8/lib/eventmachine.rb:242:in `run'
ERROR LOG: coral.rb:169:in `<main>'
 INFO LOG: May__2_01:16: Loading cities.rb
 INFO LOG: May__2_01:16: Loading sector definitions.
 INFO LOG: May__2_01:17: Loading commands.rb
 INFO LOG: May__2_01:17: tick!!!
 INFO LOG: May__2_01:17: -- #<Player:0x000000020b1cb8>:76.202.141.206:60981 disconnected from CoralMUD!
 INFO LOG: May__2_01:17: Logging enabled.   Loading logs.rb.
 INFO LOG: May__2_01:17: Loading facade.rb
 INFO LOG: May__2_01:17: Loading query_list.rb
 INFO LOG: May__2_01:17: Loading utils.rb
 INFO LOG: May__2_01:17: Loading constants.rb
 INFO LOG: May__2_01:17: Loading class_property.rb
 INFO LOG: May__2_01:17: Loading scripts.rb
 INFO LOG: May__2_01:17: Loading tags.rb
 INFO LOG: May__2_01:17: Loading editor/editors.rb
 INFO LOG: May__2_01:17: Loading editor/editor.strings.rb
 INFO LOG: May__2_01:17: Loading editor/editor.rooms.rb
 INFO LOG: May__2_01:17: Loading editor/editor.exits.rb
 INFO LOG: May__2_01:17: Loading editor/editor.zones.rb
 INFO LOG: May__2_01:17: Loading editor/editor.npc.rb
 INFO LOG: May__2_01:17: Loading editor/editor.items.rb
 INFO LOG: May__2_01:17: Loading mxp.rb
 INFO LOG: May__2_01:17: Loading mccp.rb
 INFO LOG: May__2_01:17: Loading flags.rb
 INFO LOG: May__2_01:17: Loading damage.rb
 INFO LOG: May__2_01:17: Loading areas.rb
 INFO LOG: May__2_01:17: Loading event.rb
 INFO LOG: May__2_01:17: Loading automap/automap.rb
 INFO LOG: May__2_01:17: Loading cities.olc.rb
 INFO LOG: May__2_01:17: Loading cities.rb
 INFO LOG: May__2_01:17: Loading sector definitions.
 INFO LOG: May__2_01:17: Loading help.rb
 INFO LOG: May__2_01:17: Loading imcruby.rb
 INFO LOG: May__2_01:17: Loading player.rb
 INFO LOG: May__2_01:17: Loading commands.rb
 INFO LOG: May__2_01:17: Loading random.rb
 INFO LOG: May__2_01:17: Loading npc.rb
 INFO LOG: May__2_01:17: Loading items.rb
 INFO LOG: May__2_01:17: Loading spells.rb
 INFO LOG: May__2_01:17: Loading all zones.
 INFO LOG: May__2_01:17: Starting server.
 INFO LOG: May__2_01:18: CoralMUD is now up on port 4000.
 INFO LOG: May__2_01:18: -- 76.202.141.206:54690 connected to CoralMUD!
 INFO LOG: May__2_01:18: -- 76.202.141.206:54690: Retnur is trying to connect.
 INFO LOG: May__2_01:18: -- 76.202.141.206:54690: Retnur player file found.
 INFO LOG: May__2_01:18: -- Retnur has entered the game.
 INFO LOG: May__2_01:18: true
 INFO LOG: May__2_01:18: -- 127.0.0.1:50873 connected to CoralMUD!
 INFO LOG: May__2_01:18: -- 127.0.0.1:50873: Retnur is trying to connect.
 INFO LOG: May__2_01:18: -- 127.0.0.1:50873: Retnur player file found.
 INFO LOG: May__2_01:18: -- #<Player:0x00000002c8c3f8>:127.0.0.1:50873 disconnected from CoralMUD!
 INFO LOG: May__2_01:18: -- 127.0.0.1:51955 connected to CoralMUD!
 INFO LOG: May__2_01:18: -- 127.0.0.1:51955: Rtest is trying to connect.
 INFO LOG: May__2_01:18: -- 127.0.0.1:51955: Rtest player file found.
 INFO LOG: May__2_01:18: -- Rtest has entered the game.
 INFO LOG: May__2_01:18: true
 INFO LOG: May__2_01:18: true
 INFO LOG: May__2_01:18: true
 INFO LOG: May__2_01:18: true
 INFO LOG: May__2_01:19: tick!!!
 INFO LOG: May__2_01:21: tick!!!
 INFO LOG: May__2_01:23: tick!!!
 INFO LOG: May__2_01:25: tick!!!
 INFO LOG: May__2_01:27: tick!!!
 INFO LOG: May__2_01:29: tick!!!
 INFO LOG: May__2_01:31: Loading cities.rb
 INFO LOG: May__2_01:31: Loading sector definitions.
 INFO LOG: May__2_01:31: -- #<Player:0x000000023b29f8>:76.202.141.206:54690 disconnected from CoralMUD!
 INFO LOG: May__2_01:31: -- #<Player:0x00000002b9e8d8>:127.0.0.1:51955 disconnected from CoralMUD!
 INFO LOG: May__2_01:31: Program closed.
 INFO LOG: May__2_01:31: Logging enabled.   Loading logs.rb.
 INFO LOG: May__2_01:31: Loading facade.rb
 INFO LOG: May__2_01:31: Loading query_list.rb
 INFO LOG: May__2_01:31: Loading utils.rb
 INFO LOG: May__2_01:31: Loading constants.rb
 INFO LOG: May__2_01:31: Loading class_property.rb
 INFO LOG: May__2_01:31: Loading scripts.rb
 INFO LOG: May__2_01:31: Loading tags.rb
 INFO LOG: May__2_01:31: Loading editor/editors.rb
 INFO LOG: May__2_01:31: Loading editor/editor.strings.rb
 INFO LOG: May__2_01:31: Loading editor/editor.rooms.rb
 INFO LOG: May__2_01:31: Loading editor/editor.exits.rb
 INFO LOG: May__2_01:31: Loading editor/editor.zones.rb
 INFO LOG: May__2_01:31: Loading editor/editor.npc.rb
 INFO LOG: May__2_01:31: Loading editor/editor.items.rb
 INFO LOG: May__2_01:31: Loading mxp.rb
 INFO LOG: May__2_01:31: Loading mccp.rb
 INFO LOG: May__2_01:31: Loading flags.rb
 INFO LOG: May__2_01:31: Loading damage.rb
 INFO LOG: May__2_01:31: Loading areas.rb
 INFO LOG: May__2_01:31: Loading event.rb
 INFO LOG: May__2_01:31: Loading automap/automap.rb
 INFO LOG: May__2_01:31: Loading cities.olc.rb
 INFO LOG: May__2_01:31: Loading cities.rb
 INFO LOG: May__2_01:31: Loading sector definitions.
 INFO LOG: May__2_01:31: Loading help.rb
 INFO LOG: May__2_01:31: Loading imcruby.rb
 INFO LOG: May__2_01:31: Loading player.rb
 INFO LOG: May__2_01:31: Loading commands.rb
 INFO LOG: May__2_01:31: Loading random.rb
 INFO LOG: May__2_01:31: Loading npc.rb
 INFO LOG: May__2_01:31: Loading items.rb
 INFO LOG: May__2_01:31: Loading spells.rb
 INFO LOG: May__2_01:31: Loading all zones.
 INFO LOG: May__2_01:31: Starting server.
 INFO LOG: May__2_01:31: CoralMUD is now up on port 4000.
 INFO LOG: May__2_01:33: tick!!!
 INFO LOG: May__2_01:35: tick!!!
 INFO LOG: May__2_01:37: tick!!!
 INFO LOG: May__2_01:39: tick!!!
 INFO LOG: May__2_01:41: tick!!!
 INFO LOG: May__2_01:43: tick!!!
 INFO LOG: May__2_01:45: tick!!!
 INFO LOG: May__2_01:47: tick!!!
 INFO LOG: May__2_01:49: tick!!!
 INFO LOG: May__2_01:51: tick!!!
 INFO LOG: May__2_01:53: tick!!!
 INFO LOG: May__2_01:55: tick!!!
 INFO LOG: May__2_01:57: tick!!!
 INFO LOG: May__2_01:59: tick!!!
 INFO LOG: May__2_02:01: tick!!!
 INFO LOG: May__2_02:03: tick!!!
 INFO LOG: May__2_02:05: tick!!!
 INFO LOG: May__2_02:07: tick!!!
 INFO LOG: May__2_02:09: tick!!!
 INFO LOG: May__2_02:11: Loading cities.rb
 INFO LOG: May__2_02:11: Loading sector definitions.
 INFO LOG: May__2_02:11: Logging enabled.   Loading logs.rb.
 INFO LOG: May__2_02:11: Loading facade.rb
 INFO LOG: May__2_02:11: Loading query_list.rb
 INFO LOG: May__2_02:11: Loading utils.rb
 INFO LOG: May__2_02:11: Loading constants.rb
 INFO LOG: May__2_02:11: Loading class_property.rb
 INFO LOG: May__2_02:11: Loading scripts.rb
 INFO LOG: May__2_02:11: Loading tags.rb
 INFO LOG: May__2_02:11: Loading editor/editors.rb
 INFO LOG: May__2_02:11: Loading editor/editor.strings.rb
 INFO LOG: May__2_02:11: Loading editor/editor.rooms.rb
 INFO LOG: May__2_02:11: Loading editor/editor.exits.rb
 INFO LOG: May__2_02:11: Loading editor/editor.zones.rb
 INFO LOG: May__2_02:11: Loading editor/editor.npc.rb
 INFO LOG: May__2_02:11: Loading editor/editor.items.rb
 INFO LOG: May__2_02:11: Loading mxp.rb
 INFO LOG: May__2_02:11: Loading mccp.rb
 INFO LOG: May__2_02:11: Loading flags.rb
 INFO LOG: May__2_02:11: Loading damage.rb
 INFO LOG: May__2_02:11: Loading areas.rb
 INFO LOG: May__2_02:11: Loading event.rb
 INFO LOG: May__2_02:11: Loading automap/automap.rb
 INFO LOG: May__2_02:11: Loading cities.olc.rb
 INFO LOG: May__2_02:11: Loading cities.rb
 INFO LOG: May__2_02:11: Loading sector definitions.
 INFO LOG: May__2_02:11: Loading help.rb
 INFO LOG: May__2_02:11: Loading imcruby.rb
 INFO LOG: May__2_02:11: Loading player.rb
 INFO LOG: May__2_02:11: Loading commands.rb
 INFO LOG: May__2_02:11: Loading random.rb
 INFO LOG: May__2_02:11: Loading npc.rb
 INFO LOG: May__2_02:11: Loading items.rb
 INFO LOG: May__2_02:11: Loading spells.rb
 INFO LOG: May__2_02:11: Loading all zones.
 INFO LOG: May__2_02:11: Starting server.
 INFO LOG: May__2_02:11: CoralMUD is now up on port 4000.
 INFO LOG: May__2_02:11: -- 76.202.141.206:41750 connected to CoralMUD!
 INFO LOG: May__2_02:11: -- 76.202.141.206:41750: Retnur is trying to connect.
 INFO LOG: May__2_02:11: -- 76.202.141.206:41750: Retnur player file found.
 INFO LOG: May__2_02:11: -- Retnur has entered the game.
 INFO LOG: May__2_02:11: -- 127.0.0.1:58158 connected to CoralMUD!
 INFO LOG: May__2_02:11: -- 127.0.0.1:58158: Rtest is trying to connect.
 INFO LOG: May__2_02:11: -- 127.0.0.1:58158: Rtest player file found.
 INFO LOG: May__2_02:11: -- Rtest has entered the game.
ERROR LOG: undefined local variable or method `all_true' for #<Room:0x0000000194d508>
ERROR LOG: /home/heath/coral/lib/cities.rb:452:in `display'
ERROR LOG: /home/heath/coral/lib/commands/drop.rb:5:in `cmd_drop'
ERROR LOG: /home/heath/coral/lib/commands.rb:230:in `execute_command'
ERROR LOG: /home/heath/coral/core/socketengine.rb:161:in `handle_cmd_input'
ERROR LOG: /home/heath/coral/core/socketengine.rb:135:in `receive_data'
ERROR LOG: /usr/local/lib/ruby/gems/1.9.1/gems/eventmachine-0.12.8/lib/eventmachine.rb:242:in `run_machine'
ERROR LOG: /usr/local/lib/ruby/gems/1.9.1/gems/eventmachine-0.12.8/lib/eventmachine.rb:242:in `run'
ERROR LOG: coral.rb:169:in `<main>'
 INFO LOG: May__2_02:13: Loading cities.rb
 INFO LOG: May__2_02:13: Loading sector definitions.
 INFO LOG: May__2_02:13: -- #<Player:0x00000001326da0>:76.202.141.206:41750 disconnected from CoralMUD!
 INFO LOG: May__2_02:13: -- #<Player:0x000000012cd8b8>:127.0.0.1:58158 disconnected from CoralMUD!
 INFO LOG: May__2_02:13: Program closed.
 INFO LOG: May__2_02:13: Logging enabled.   Loading logs.rb.
 INFO LOG: May__2_02:13: Loading facade.rb
 INFO LOG: May__2_02:13: Loading query_list.rb
 INFO LOG: May__2_02:13: Loading utils.rb
 INFO LOG: May__2_02:13: Loading constants.rb
 INFO LOG: May__2_02:13: Loading class_property.rb
 INFO LOG: May__2_02:13: Loading scripts.rb
 INFO LOG: May__2_02:13: Loading tags.rb
 INFO LOG: May__2_02:13: Loading editor/editors.rb
 INFO LOG: May__2_02:13: Loading editor/editor.strings.rb
 INFO LOG: May__2_02:13: Loading editor/editor.rooms.rb
 INFO LOG: May__2_02:13: Loading editor/editor.exits.rb
 INFO LOG: May__2_02:13: Loading editor/editor.zones.rb
 INFO LOG: May__2_02:13: Loading editor/editor.npc.rb
 INFO LOG: May__2_02:13: Loading editor/editor.items.rb
 INFO LOG: May__2_02:13: Loading mxp.rb
 INFO LOG: May__2_02:13: Loading mccp.rb
 INFO LOG: May__2_02:13: Loading flags.rb
 INFO LOG: May__2_02:13: Loading damage.rb
 INFO LOG: May__2_02:13: Loading areas.rb
 INFO LOG: May__2_02:13: Loading event.rb
 INFO LOG: May__2_02:13: Loading automap/automap.rb
 INFO LOG: May__2_02:13: Loading cities.olc.rb
 INFO LOG: May__2_02:13: Loading cities.rb
 INFO LOG: May__2_02:13: Loading sector definitions.
 INFO LOG: May__2_02:13: Loading help.rb
 INFO LOG: May__2_02:13: Loading imcruby.rb
 INFO LOG: May__2_02:13: Loading player.rb
 INFO LOG: May__2_02:13: Loading commands.rb
 INFO LOG: May__2_02:13: Loading random.rb
 INFO LOG: May__2_02:13: Loading npc.rb
 INFO LOG: May__2_02:13: Loading items.rb
 INFO LOG: May__2_02:13: Loading spells.rb
 INFO LOG: May__2_02:13: Loading all zones.
 INFO LOG: May__2_02:13: Starting server.
 INFO LOG: May__2_02:13: CoralMUD is now up on port 4000.
 INFO LOG: May__2_02:13: -- 127.0.0.1:51562 connected to CoralMUD!
 INFO LOG: May__2_02:13: -- 127.0.0.1:51562: Retnur is trying to connect.
 INFO LOG: May__2_02:13: -- 127.0.0.1:51562: Retnur player file found.
 INFO LOG: May__2_02:13: -- Retnur has entered the game.
 INFO LOG: May__2_02:13: -- 76.202.141.206:44602 connected to CoralMUD!
 INFO LOG: May__2_02:13: -- 76.202.141.206:44602: Rtest is trying to connect.
 INFO LOG: May__2_02:13: -- 76.202.141.206:44602: Rtest player file found.
 INFO LOG: May__2_02:13: -- Rtest has entered the game.
 INFO LOG: May__2_02:15: tick!!!
 INFO LOG: May__2_02:15: Loading cities.rb
 INFO LOG: May__2_02:15: Loading sector definitions.
 INFO LOG: May__2_02:16: Loading cities.rb
 INFO LOG: May__2_02:16: Loading sector definitions.
 INFO LOG: May__2_02:16: -- #<Player:0x0000000244ee98>:127.0.0.1:51562 disconnected from CoralMUD!
 INFO LOG: May__2_02:16: -- #<Player:0x0000000291cbc8>:76.202.141.206:44602 disconnected from CoralMUD!
 INFO LOG: May__2_02:16: Logging enabled.   Loading logs.rb.
 INFO LOG: May__2_02:16: Loading facade.rb
 INFO LOG: May__2_02:16: Loading query_list.rb
 INFO LOG: May__2_02:16: Loading utils.rb
 INFO LOG: May__2_02:16: Loading constants.rb
 INFO LOG: May__2_02:16: Loading class_property.rb
 INFO LOG: May__2_02:16: Loading scripts.rb
 INFO LOG: May__2_02:16: Loading tags.rb
 INFO LOG: May__2_02:16: Loading editor/editors.rb
 INFO LOG: May__2_02:16: Loading editor/editor.strings.rb
 INFO LOG: May__2_02:16: Loading editor/editor.rooms.rb
 INFO LOG: May__2_02:16: Loading editor/editor.exits.rb
 INFO LOG: May__2_02:16: Loading editor/editor.zones.rb
 INFO LOG: May__2_02:16: Loading editor/editor.npc.rb
 INFO LOG: May__2_02:16: Loading editor/editor.items.rb
 INFO LOG: May__2_02:16: Loading mxp.rb
 INFO LOG: May__2_02:16: Loading mccp.rb
 INFO LOG: May__2_02:16: Loading flags.rb
 INFO LOG: May__2_02:16: Loading damage.rb
 INFO LOG: May__2_02:16: Loading areas.rb
 INFO LOG: May__2_02:16: Loading event.rb
 INFO LOG: May__2_02:16: Loading automap/automap.rb
 INFO LOG: May__2_02:16: Loading cities.olc.rb
 INFO LOG: May__2_02:16: Loading cities.rb
 INFO LOG: May__2_02:16: Loading sector definitions.
 INFO LOG: May__2_02:16: Loading help.rb
 INFO LOG: May__2_02:16: Loading imcruby.rb
 INFO LOG: May__2_02:16: Loading player.rb
 INFO LOG: May__2_02:16: Loading commands.rb
 INFO LOG: May__2_02:16: Loading random.rb
 INFO LOG: May__2_02:16: Loading npc.rb
 INFO LOG: May__2_02:16: Loading items.rb
 INFO LOG: May__2_02:16: Loading spells.rb
 INFO LOG: May__2_02:16: Loading all zones.
 INFO LOG: May__2_02:16: Starting server.
 INFO LOG: May__2_02:16: CoralMUD is now up on port 4000.
 INFO LOG: May__2_02:16: -- 76.202.141.206:60266 connected to CoralMUD!
 INFO LOG: May__2_02:16: -- 76.202.141.206:60266: Retnur is trying to connect.
 INFO LOG: May__2_02:16: -- 76.202.141.206:60266: Retnur player file found.
 INFO LOG: May__2_02:16: -- Retnur has entered the game.
 INFO LOG: May__2_02:16: false: for visual
 INFO LOG: May__2_02:18: tick!!!
 INFO LOG: May__2_02:18: Loading cities.rb
 INFO LOG: May__2_02:18: Loading sector definitions.
 INFO LOG: May__2_02:18: -- #<Player:0x000000011e1d78>:76.202.141.206:60266 disconnected from CoralMUD!
 INFO LOG: May__2_02:18: Logging enabled.   Loading logs.rb.
 INFO LOG: May__2_02:18: Loading facade.rb
 INFO LOG: May__2_02:18: Loading query_list.rb
 INFO LOG: May__2_02:18: Loading utils.rb
 INFO LOG: May__2_02:18: Loading constants.rb
 INFO LOG: May__2_02:18: Loading class_property.rb
 INFO LOG: May__2_02:18: Loading scripts.rb
 INFO LOG: May__2_02:18: Loading tags.rb
 INFO LOG: May__2_02:18: Loading editor/editors.rb
 INFO LOG: May__2_02:18: Loading editor/editor.strings.rb
 INFO LOG: May__2_02:18: Loading editor/editor.rooms.rb
 INFO LOG: May__2_02:18: Loading editor/editor.exits.rb
 INFO LOG: May__2_02:18: Loading editor/editor.zones.rb
 INFO LOG: May__2_02:18: Loading editor/editor.npc.rb
 INFO LOG: May__2_02:18: Loading editor/editor.items.rb
 INFO LOG: May__2_02:18: Loading mxp.rb
 INFO LOG: May__2_02:18: Loading mccp.rb
 INFO LOG: May__2_02:18: Loading flags.rb
 INFO LOG: May__2_02:18: Loading damage.rb
 INFO LOG: May__2_02:18: Loading areas.rb
 INFO LOG: May__2_02:18: Loading event.rb
 INFO LOG: May__2_02:18: Loading automap/automap.rb
 INFO LOG: May__2_02:18: Loading cities.olc.rb
 INFO LOG: May__2_02:18: Loading cities.rb
 INFO LOG: May__2_02:18: Loading sector definitions.
 INFO LOG: May__2_02:18: Loading help.rb
 INFO LOG: May__2_02:18: Loading imcruby.rb
 INFO LOG: May__2_02:18: Loading player.rb
 INFO LOG: May__2_02:18: Loading commands.rb
 INFO LOG: May__2_02:18: Loading random.rb
 INFO LOG: May__2_02:18: Loading npc.rb
 INFO LOG: May__2_02:18: Loading items.rb
 INFO LOG: May__2_02:18: Loading spells.rb
 INFO LOG: May__2_02:18: Loading all zones.
 INFO LOG: May__2_02:18: Starting server.
 INFO LOG: May__2_02:18: CoralMUD is now up on port 4000.
 INFO LOG: May__2_02:19: -- 76.202.141.206:33805 connected to CoralMUD!
 INFO LOG: May__2_02:19: -- 76.202.141.206:33805: Retnur is trying to connect.
 INFO LOG: May__2_02:19: -- 76.202.141.206:33805: Retnur player file found.
 INFO LOG: May__2_02:19: -- Retnur has entered the game.
 INFO LOG: May__2_02:19: false: for visual
 INFO LOG: May__2_02:20: tick!!!
 INFO LOG: May__2_02:22: Loading cities.rb
 INFO LOG: May__2_02:22: Loading sector definitions.
 INFO LOG: May__2_02:22: tick!!!
 INFO LOG: May__2_02:23: -- #<Player:0x000000025c83a0>:76.202.141.206:33805 disconnected from CoralMUD!
 INFO LOG: May__2_02:23: Logging enabled.   Loading logs.rb.
 INFO LOG: May__2_02:23: Loading facade.rb
 INFO LOG: May__2_02:23: Loading query_list.rb
 INFO LOG: May__2_02:23: Loading utils.rb
 INFO LOG: May__2_02:23: Loading constants.rb
 INFO LOG: May__2_02:23: Loading class_property.rb
 INFO LOG: May__2_02:23: Loading scripts.rb
 INFO LOG: May__2_02:23: Loading tags.rb
 INFO LOG: May__2_02:23: Loading editor/editors.rb
 INFO LOG: May__2_02:23: Loading editor/editor.strings.rb
 INFO LOG: May__2_02:23: Loading editor/editor.rooms.rb
 INFO LOG: May__2_02:23: Loading editor/editor.exits.rb
 INFO LOG: May__2_02:23: Loading editor/editor.zones.rb
 INFO LOG: May__2_02:23: Loading editor/editor.npc.rb
 INFO LOG: May__2_02:23: Loading editor/editor.items.rb
 INFO LOG: May__2_02:23: Loading mxp.rb
 INFO LOG: May__2_02:23: Loading mccp.rb
 INFO LOG: May__2_02:23: Loading flags.rb
 INFO LOG: May__2_02:23: Loading damage.rb
 INFO LOG: May__2_02:23: Loading areas.rb
 INFO LOG: May__2_02:23: Loading event.rb
 INFO LOG: May__2_02:23: Loading automap/automap.rb
 INFO LOG: May__2_02:23: Loading cities.olc.rb
 INFO LOG: May__2_02:23: Loading cities.rb
 INFO LOG: May__2_02:23: Loading sector definitions.
 INFO LOG: May__2_02:23: Loading help.rb
 INFO LOG: May__2_02:23: Loading imcruby.rb
 INFO LOG: May__2_02:23: Loading player.rb
 INFO LOG: May__2_02:23: Loading commands.rb
 INFO LOG: May__2_02:23: Loading random.rb
 INFO LOG: May__2_02:23: Loading npc.rb
 INFO LOG: May__2_02:23: Loading items.rb
 INFO LOG: May__2_02:23: Loading spells.rb
 INFO LOG: May__2_02:23: Loading all zones.
 INFO LOG: May__2_02:23: Starting server.
 INFO LOG: May__2_02:23: CoralMUD is now up on port 4000.
 INFO LOG: May__2_02:23: -- 76.202.141.206:36098 connected to CoralMUD!
 INFO LOG: May__2_02:23: -- 76.202.141.206:36098: Retnur is trying to connect.
 INFO LOG: May__2_02:23: -- 76.202.141.206:36098: Retnur player file found.
 INFO LOG: May__2_02:23: -- Retnur has entered the game.
 INFO LOG: May__2_02:23: true: for visual
 INFO LOG: May__2_02:23: true: for other.can_see?(actor) || other.can_see?(arg[0])
 INFO LOG: May__2_02:23: -- 127.0.0.1:54445 connected to CoralMUD!
 INFO LOG: May__2_02:23: -- 127.0.0.1:54445: Rtest is trying to connect.
 INFO LOG: May__2_02:23: -- 127.0.0.1:54445: Rtest player file found.
 INFO LOG: May__2_02:23: -- Rtest has entered the game.
 INFO LOG: May__2_02:23: true: for visual
 INFO LOG: May__2_02:23: true: for other.can_see?(actor) || other.can_see?(arg[0])
 INFO LOG: May__2_02:23: true: for visual
 INFO LOG: May__2_02:23: true: for other.can_see?(actor) || other.can_see?(arg[0])
 INFO LOG: May__2_02:24: Loading cities.rb
 INFO LOG: May__2_02:24: Loading sector definitions.
 INFO LOG: May__2_02:25: -- #<Player:0x00000001131658>:76.202.141.206:36098 disconnected from CoralMUD!
 INFO LOG: May__2_02:25: -- #<Player:0x000000018c2a98>:127.0.0.1:54445 disconnected from CoralMUD!
 INFO LOG: May__2_02:25: Logging enabled.   Loading logs.rb.
 INFO LOG: May__2_02:25: Loading facade.rb
 INFO LOG: May__2_02:25: Loading query_list.rb
 INFO LOG: May__2_02:25: Loading utils.rb
 INFO LOG: May__2_02:25: Loading constants.rb
 INFO LOG: May__2_02:25: Loading class_property.rb
 INFO LOG: May__2_02:25: Loading scripts.rb
 INFO LOG: May__2_02:25: Loading tags.rb
 INFO LOG: May__2_02:25: Loading editor/editors.rb
 INFO LOG: May__2_02:25: Loading editor/editor.strings.rb
 INFO LOG: May__2_02:25: Loading editor/editor.rooms.rb
 INFO LOG: May__2_02:25: Loading editor/editor.exits.rb
 INFO LOG: May__2_02:25: Loading editor/editor.zones.rb
 INFO LOG: May__2_02:25: Loading editor/editor.npc.rb
 INFO LOG: May__2_02:25: Loading editor/editor.items.rb
 INFO LOG: May__2_02:25: Loading mxp.rb
 INFO LOG: May__2_02:25: Loading mccp.rb
 INFO LOG: May__2_02:25: Loading flags.rb
 INFO LOG: May__2_02:25: Loading damage.rb
 INFO LOG: May__2_02:25: Loading areas.rb
 INFO LOG: May__2_02:25: Loading event.rb
 INFO LOG: May__2_02:25: Loading automap/automap.rb
 INFO LOG: May__2_02:25: Loading cities.olc.rb
 INFO LOG: May__2_02:25: Loading cities.rb
 INFO LOG: May__2_02:25: Loading sector definitions.
 INFO LOG: May__2_02:25: Loading help.rb
 INFO LOG: May__2_02:25: Loading imcruby.rb
 INFO LOG: May__2_02:25: Loading player.rb
 INFO LOG: May__2_02:25: Loading commands.rb
 INFO LOG: May__2_02:25: Loading random.rb
 INFO LOG: May__2_02:25: Loading npc.rb
 INFO LOG: May__2_02:25: Loading items.rb
 INFO LOG: May__2_02:25: Loading spells.rb
 INFO LOG: May__2_02:25: Loading all zones.
 INFO LOG: May__2_02:25: Starting server.
 INFO LOG: May__2_02:25: CoralMUD is now up on port 4000.
 INFO LOG: May__2_02:25: -- 76.202.141.206:44945 connected to CoralMUD!
 INFO LOG: May__2_02:25: -- 76.202.141.206:44945: Retnur is trying to connect.
 INFO LOG: May__2_02:25: -- 76.202.141.206:44945: Retnur player file found.
 INFO LOG: May__2_02:25: -- Retnur has entered the game.
 INFO LOG: May__2_02:25: true: for visual
 INFO LOG: May__2_02:25: true: for other.can_see?(actor) || other.can_see?(arg[0])
 INFO LOG: May__2_02:25: -- 127.0.0.1:37296 connected to CoralMUD!
 INFO LOG: May__2_02:27: tick!!!
 INFO LOG: May__2_02:27: -- #<Player:0x00000002815d38>:76.202.141.206:44945 disconnected from CoralMUD!
 INFO LOG: May__2_02:27: -- :127.0.0.1:37296 disconnected from CoralMUD!
 INFO LOG: May__2_02:27: Logging enabled.   Loading logs.rb.
 INFO LOG: May__2_02:27: Loading facade.rb
 INFO LOG: May__2_02:27: Loading query_list.rb
 INFO LOG: May__2_02:27: Loading utils.rb
 INFO LOG: May__2_02:27: Loading constants.rb
 INFO LOG: May__2_02:27: Loading class_property.rb
 INFO LOG: May__2_02:27: Loading scripts.rb
 INFO LOG: May__2_02:27: Loading tags.rb
 INFO LOG: May__2_02:27: Loading editor/editors.rb
 INFO LOG: May__2_02:27: Loading editor/editor.strings.rb
 INFO LOG: May__2_02:27: Loading editor/editor.rooms.rb
 INFO LOG: May__2_02:27: Loading editor/editor.exits.rb
 INFO LOG: May__2_02:27: Loading editor/editor.zones.rb
 INFO LOG: May__2_02:27: Loading editor/editor.npc.rb
 INFO LOG: May__2_02:27: Loading editor/editor.items.rb
 INFO LOG: May__2_02:27: Loading mxp.rb
 INFO LOG: May__2_02:27: Loading mccp.rb
 INFO LOG: May__2_02:27: Loading flags.rb
 INFO LOG: May__2_02:27: Loading damage.rb
 INFO LOG: May__2_02:27: Loading areas.rb
 INFO LOG: May__2_02:27: Loading event.rb
 INFO LOG: May__2_02:27: Loading automap/automap.rb
 INFO LOG: May__2_02:27: Loading cities.olc.rb
 INFO LOG: May__2_02:27: Loading cities.rb
 INFO LOG: May__2_02:27: Loading sector definitions.
 INFO LOG: May__2_02:27: Loading help.rb
 INFO LOG: May__2_02:27: Loading imcruby.rb
 INFO LOG: May__2_02:27: Loading player.rb
 INFO LOG: May__2_02:27: Loading commands.rb
 INFO LOG: May__2_02:27: Loading random.rb
 INFO LOG: May__2_02:27: Loading npc.rb
 INFO LOG: May__2_02:27: Loading items.rb
 INFO LOG: May__2_02:27: Loading spells.rb
 INFO LOG: May__2_02:27: Loading all zones.
 INFO LOG: May__2_02:27: Starting server.
 INFO LOG: May__2_02:27: CoralMUD is now up on port 4000.
 INFO LOG: May__2_02:27: -- 76.202.141.206:44540 connected to CoralMUD!
 INFO LOG: May__2_02:27: -- 76.202.141.206:44540: Retnur is trying to connect.
 INFO LOG: May__2_02:27: -- 76.202.141.206:44540: Retnur player file found.
 INFO LOG: May__2_02:27: -- Retnur has entered the game.
 INFO LOG: May__2_02:28: true: for visual
 INFO LOG: May__2_02:28: true: for other.can_see?(actor) || other.can_see?(arg[0])
 INFO LOG: May__2_02:28: true: for visual
 INFO LOG: May__2_02:28: true: for other.can_see?(actor) || other.can_see?(arg[0])
 INFO LOG: May__2_02:29: tick!!!
 INFO LOG: May__2_02:31: tick!!!
 INFO LOG: May__2_02:33: tick!!!
 INFO LOG: May__2_02:35: tick!!!
 INFO LOG: May__2_02:36: -- #<Player:0x00000002388158>:76.202.141.206:44540 disconnected from CoralMUD!
 INFO LOG: May__2_02:36: Logging enabled.   Loading logs.rb.
 INFO LOG: May__2_02:36: Loading facade.rb
 INFO LOG: May__2_02:36: Loading query_list.rb
 INFO LOG: May__2_02:36: Loading utils.rb
 INFO LOG: May__2_02:36: Loading constants.rb
 INFO LOG: May__2_02:36: Loading class_property.rb
 INFO LOG: May__2_02:36: Loading scripts.rb
 INFO LOG: May__2_02:36: Loading tags.rb
 INFO LOG: May__2_02:36: Loading editor/editors.rb
 INFO LOG: May__2_02:36: Loading editor/editor.strings.rb
 INFO LOG: May__2_02:36: Loading editor/editor.rooms.rb
 INFO LOG: May__2_02:36: Loading editor/editor.exits.rb
 INFO LOG: May__2_02:36: Loading editor/editor.zones.rb
 INFO LOG: May__2_02:36: Loading editor/editor.npc.rb
 INFO LOG: May__2_02:36: Loading editor/editor.items.rb
 INFO LOG: May__2_02:36: Loading mxp.rb
 INFO LOG: May__2_02:36: Loading mccp.rb
 INFO LOG: May__2_02:36: Loading flags.rb
 INFO LOG: May__2_02:36: Loading damage.rb
 INFO LOG: May__2_02:36: Loading areas.rb
 INFO LOG: May__2_02:36: Loading event.rb
 INFO LOG: May__2_02:36: Loading automap/automap.rb
 INFO LOG: May__2_02:36: Loading cities.olc.rb
 INFO LOG: May__2_02:36: Loading cities.rb
 INFO LOG: May__2_02:36: Loading sector definitions.
 INFO LOG: May__2_02:36: Loading help.rb
 INFO LOG: May__2_02:36: Loading imcruby.rb
 INFO LOG: May__2_02:36: Loading player.rb
 INFO LOG: May__2_02:36: Loading commands.rb
 INFO LOG: May__2_02:36: Loading random.rb
 INFO LOG: May__2_02:36: Loading npc.rb
 INFO LOG: May__2_02:36: Loading items.rb
 INFO LOG: May__2_02:36: Loading spells.rb
 INFO LOG: May__2_02:36: Loading all zones.
 INFO LOG: May__2_02:36: Starting server.
 INFO LOG: May__2_02:36: CoralMUD is now up on port 4000.
 INFO LOG: May__2_02:36: -- 127.0.0.1:51272 connected to CoralMUD!
 INFO LOG: May__2_02:37: -- 76.202.141.206:53295 connected to CoralMUD!
 INFO LOG: May__2_02:37: -- 76.202.141.206:53295: Retnur is trying to connect.
 INFO LOG: May__2_02:37: -- 76.202.141.206:53295: Retnur player file found.
 INFO LOG: May__2_02:37: -- Retnur has entered the game.
 INFO LOG: May__2_02:37: true: for visual
 INFO LOG: May__2_02:37: true: for other.can_see?(actor) || other.can_see?(arg[0])
 INFO LOG: May__2_02:37: -- 127.0.0.1:51272: Rtest is trying to connect.
 INFO LOG: May__2_02:37: -- 127.0.0.1:51272: Rtest player file found.
 INFO LOG: May__2_02:37: -- Rtest has entered the game.
 INFO LOG: May__2_02:37: true: for visual
 INFO LOG: May__2_02:37: true: for other.can_see?(actor) || other.can_see?(arg[0])
ERROR LOG: undefined method `result' for "<%=other.peek(actor)%> picks up <%=other.peek(arg[0])%>.":String
ERROR LOG: /home/heath/coral/lib/cities.rb:454:in `block in display'
ERROR LOG: /home/heath/coral/lib/cities.rb:434:in `each'
ERROR LOG: /home/heath/coral/lib/cities.rb:434:in `display'
ERROR LOG: /home/heath/coral/lib/commands/get.rb:5:in `cmd_get'
ERROR LOG: /home/heath/coral/lib/commands.rb:230:in `execute_command'
ERROR LOG: /home/heath/coral/core/socketengine.rb:161:in `handle_cmd_input'
ERROR LOG: /home/heath/coral/core/socketengine.rb:135:in `receive_data'
ERROR LOG: /usr/local/lib/ruby/gems/1.9.1/gems/eventmachine-0.12.8/lib/eventmachine.rb:242:in `run_machine'
ERROR LOG: /usr/local/lib/ruby/gems/1.9.1/gems/eventmachine-0.12.8/lib/eventmachine.rb:242:in `run'
ERROR LOG: coral.rb:169:in `<main>'
 INFO LOG: May__2_02:37: true: for visual
 INFO LOG: May__2_02:37: true: for other.can_see?(actor) || other.can_see?(arg[0])
ERROR LOG: undefined method `result' for "<%=other.peek(actor)%> drops <%=other.peek(arg[0])%>.":String
ERROR LOG: /home/heath/coral/lib/cities.rb:454:in `block in display'
ERROR LOG: /home/heath/coral/lib/cities.rb:434:in `each'
ERROR LOG: /home/heath/coral/lib/cities.rb:434:in `display'
ERROR LOG: /home/heath/coral/lib/commands/drop.rb:5:in `cmd_drop'
ERROR LOG: /home/heath/coral/lib/commands.rb:230:in `execute_command'
ERROR LOG: /home/heath/coral/core/socketengine.rb:161:in `handle_cmd_input'
ERROR LOG: /home/heath/coral/core/socketengine.rb:135:in `receive_data'
ERROR LOG: /usr/local/lib/ruby/gems/1.9.1/gems/eventmachine-0.12.8/lib/eventmachine.rb:242:in `run_machine'
ERROR LOG: /usr/local/lib/ruby/gems/1.9.1/gems/eventmachine-0.12.8/lib/eventmachine.rb:242:in `run'
ERROR LOG: coral.rb:169:in `<main>'
 INFO LOG: May__2_02:38: tick!!!
 INFO LOG: May__2_02:40: tick!!!
 INFO LOG: May__2_02:41: Loading cities.rb
 INFO LOG: May__2_02:41: -- #<Player:0x00000001eba838>:127.0.0.1:51272 disconnected from CoralMUD!
 INFO LOG: May__2_02:41: -- #<Player:0x0000000161bdd0>:76.202.141.206:53295 disconnected from CoralMUD!
 INFO LOG: May__2_02:46: Logging enabled.   Loading logs.rb.
 INFO LOG: May__2_02:46: Loading facade.rb
 INFO LOG: May__2_02:46: Loading query_list.rb
 INFO LOG: May__2_02:46: Loading utils.rb
 INFO LOG: May__2_02:46: Loading constants.rb
 INFO LOG: May__2_02:46: Loading class_property.rb
 INFO LOG: May__2_02:46: Loading scripts.rb
 INFO LOG: May__2_02:46: Loading tags.rb
 INFO LOG: May__2_02:46: Loading editor/editors.rb
 INFO LOG: May__2_02:46: Loading editor/editor.strings.rb
 INFO LOG: May__2_02:46: Loading editor/editor.rooms.rb
 INFO LOG: May__2_02:46: Loading editor/editor.exits.rb
 INFO LOG: May__2_02:46: Loading editor/editor.zones.rb
 INFO LOG: May__2_02:46: Loading editor/editor.npc.rb
 INFO LOG: May__2_02:46: Loading editor/editor.items.rb
 INFO LOG: May__2_02:46: Loading mxp.rb
 INFO LOG: May__2_02:46: Loading mccp.rb
 INFO LOG: May__2_02:46: Loading flags.rb
 INFO LOG: May__2_02:46: Loading damage.rb
 INFO LOG: May__2_02:46: Loading areas.rb
 INFO LOG: May__2_02:46: Loading event.rb
 INFO LOG: May__2_02:46: Loading automap/automap.rb
 INFO LOG: May__2_02:46: Loading cities.olc.rb
 INFO LOG: May__2_02:46: Loading cities.rb
 INFO LOG: May__2_02:46: Loading sector definitions.
 INFO LOG: May__2_02:46: Loading help.rb
 INFO LOG: May__2_02:46: Loading imcruby.rb
 INFO LOG: May__2_02:46: Loading player.rb
 INFO LOG: May__2_02:46: Loading commands.rb
 INFO LOG: May__2_02:46: Loading random.rb
 INFO LOG: May__2_02:46: Loading npc.rb
 INFO LOG: May__2_02:46: Loading items.rb
 INFO LOG: May__2_02:46: Loading spells.rb
 INFO LOG: May__2_02:46: Loading all zones.
 INFO LOG: May__2_02:46: Starting server.
 INFO LOG: May__2_02:46: CoralMUD is now up on port 4000.
 INFO LOG: May__2_02:46: -- 127.0.0.1:60374 connected to CoralMUD!
 INFO LOG: May__2_02:46: -- 127.0.0.1:60374: Retnur is trying to connect.
 INFO LOG: May__2_02:46: -- 127.0.0.1:60374: Retnur player file found.
 INFO LOG: May__2_02:46: -- Retnur has entered the game.
 INFO LOG: May__2_02:46: true: for visual
 INFO LOG: May__2_02:46: true: for other.can_see?(actor) || other.can_see?(arg[0])
 INFO LOG: May__2_02:46: Loading cities.rb
 INFO LOG: May__2_02:46: Loading sector definitions.
 INFO LOG: May__2_02:48: -- #<Player:0x000000019aed08>:127.0.0.1:60374 disconnected from CoralMUD!
 INFO LOG: May__2_02:48: Program closed.
 INFO LOG: May__2_02:48: Logging enabled.   Loading logs.rb.
 INFO LOG: May__2_02:48: Loading facade.rb
 INFO LOG: May__2_02:48: Loading query_list.rb
 INFO LOG: May__2_02:48: Loading utils.rb
 INFO LOG: May__2_02:48: Loading constants.rb
 INFO LOG: May__2_02:48: Loading class_property.rb
 INFO LOG: May__2_02:48: Loading scripts.rb
 INFO LOG: May__2_02:48: Loading tags.rb
 INFO LOG: May__2_02:48: Loading editor/editors.rb
 INFO LOG: May__2_02:48: Loading editor/editor.strings.rb
 INFO LOG: May__2_02:48: Loading editor/editor.rooms.rb
 INFO LOG: May__2_02:48: Loading editor/editor.exits.rb
 INFO LOG: May__2_02:48: Loading editor/editor.zones.rb
 INFO LOG: May__2_02:48: Loading editor/editor.npc.rb
 INFO LOG: May__2_02:48: Loading editor/editor.items.rb
 INFO LOG: May__2_02:48: Loading mxp.rb
 INFO LOG: May__2_02:48: Loading mccp.rb
 INFO LOG: May__2_02:48: Loading flags.rb
 INFO LOG: May__2_02:48: Loading damage.rb
 INFO LOG: May__2_02:48: Loading areas.rb
 INFO LOG: May__2_02:48: Loading event.rb
 INFO LOG: May__2_02:48: Loading automap/automap.rb
 INFO LOG: May__2_02:48: Loading cities.olc.rb
 INFO LOG: May__2_02:48: Loading cities.rb
 INFO LOG: May__2_02:48: Loading sector definitions.
 INFO LOG: May__2_02:48: Loading help.rb
 INFO LOG: May__2_02:48: Loading imcruby.rb
 INFO LOG: May__2_02:48: Loading player.rb
 INFO LOG: May__2_02:48: Loading commands.rb
 INFO LOG: May__2_02:48: Loading random.rb
 INFO LOG: May__2_02:48: Loading npc.rb
 INFO LOG: May__2_02:48: Loading items.rb
 INFO LOG: May__2_02:48: Loading spells.rb
 INFO LOG: May__2_02:48: Loading all zones.
 INFO LOG: May__2_02:48: Starting server.
 INFO LOG: May__2_02:48: CoralMUD is now up on port 4000.
 INFO LOG: May__2_02:48: -- 76.202.141.206:46046 connected to CoralMUD!
 INFO LOG: May__2_02:48: -- 76.202.141.206:46046: Retnur is trying to connect.
 INFO LOG: May__2_02:48: -- 76.202.141.206:46046: Retnur player file found.
 INFO LOG: May__2_02:48: -- Retnur has entered the game.
 INFO LOG: May__2_02:50: tick!!!
 INFO LOG: May__2_02:52: tick!!!
 INFO LOG: May__2_02:54: tick!!!
 INFO LOG: May__2_02:56: tick!!!
 INFO LOG: May__2_02:57: -- #<Player:0x00000002cbfe60>:76.202.141.206:46046 disconnected from CoralMUD!
 INFO LOG: May__2_02:57: Program closed.
