 INFO LOG: May_28_18:04: Logging enabled.   Loading logs.rb.
 INFO LOG: May_28_18:04: Loading spellcheck.rb
 INFO LOG: May_28_18:04: Loading facade.rb
 INFO LOG: May_28_18:04: Loading query_list.rb
 INFO LOG: May_28_18:04: Loading utils.rb
 INFO LOG: May_28_18:04: Loading constants.rb
 INFO LOG: May_28_18:04: Loading damage.rb
 INFO LOG: May_28_18:04: Loading class_property.rb
 INFO LOG: May_28_18:04: Loading scripts.rb
 INFO LOG: May_28_18:04: Loading tags.rb
 INFO LOG: May_28_18:04: Loading editor/editors.rb
 INFO LOG: May_28_18:04: Loading editor/editor.strings.rb
 INFO LOG: May_28_18:04: Loading editor/editor.rooms.rb
 INFO LOG: May_28_18:04: Loading editor/editor.exits.rb
 INFO LOG: May_28_18:04: Loading editor/editor.zones.rb
 INFO LOG: May_28_18:04: Loading editor/editor.npc.rb
 INFO LOG: May_28_18:04: Loading editor/editor.items.rb
 INFO LOG: May_28_18:04: Loading editor/editor.socials.rb
 INFO LOG: May_28_18:04: Loading socials.rb
 INFO LOG: May_28_18:04: Loading mxp.rb
 INFO LOG: May_28_18:04: Loading mccp.rb
 INFO LOG: May_28_18:04: Loading flags.rb
 INFO LOG: May_28_18:04: Loading areas.rb
 INFO LOG: May_28_18:04: Loading security.rb
 INFO LOG: May_28_18:04: Loading resets.rb
 INFO LOG: May_28_18:04: Loading event.rb
 INFO LOG: May_28_18:04: Loading automap/automap.rb
 INFO LOG: May_28_18:04: Loading cities.rb
 INFO LOG: May_28_18:04: Loading sector definitions.
 INFO LOG: May_28_18:04: Loading help.rb
 INFO LOG: May_28_18:04: Loading imcruby.rb
 INFO LOG: May_28_18:04: Loading player.rb
 INFO LOG: May_28_18:04: Loading commands.rb
 INFO LOG: May_28_18:04: Loading editor/editor.player.rb
 INFO LOG: May_28_18:04: Loading random.rb
 INFO LOG: May_28_18:04: Loading npc.rb
 INFO LOG: May_28_18:04: Loading items/types.rb
 INFO LOG: May_28_18:04: Loading items/items.rb
 INFO LOG: May_28_18:04: Loading spells.rb
 INFO LOG: May_28_18:04: Loading all zones.
 INFO LOG: May_28_18:04: Loading all socials.
 INFO LOG: May_28_18:04: Starting server.
 INFO LOG: May_28_18:04: CoralMUD is now up on port 4000.
 INFO LOG: May_28_18:04: -- 76.202.141.206:37552 connected to CoralMUD!
 INFO LOG: May_28_18:04: -- 76.202.141.206:37552: Retnur is trying to connect.
 INFO LOG: May_28_18:04: -- 76.202.141.206:37552: Retnur player file found.
ERROR LOG: undefined method `[]' for false:FalseClass
ERROR LOG: /home/heath/coral/lib/class_property.rb:401:in `configure'
ERROR LOG: /home/heath/coral/lib/class_property.rb:390:in `load_from_file'
ERROR LOG: /home/heath/coral/lib/player.rb:86:in `load_pfile'
ERROR LOG: /home/heath/coral/core/creation.rb:79:in `block in assign_nanny'
ERROR LOG: May_28_18:04: Unable to configure: data/players/Retnur.yml
 INFO LOG: May_28_18:04: -- 76.202.141.206:37552:  password incorrect.
 INFO LOG: May_28_18:04: -- #<Player:0x0000000252bde8>:76.202.141.206:37552 disconnected from CoralMUD!
 INFO LOG: May_28_18:05: -- 76.202.141.206:42257 connected to CoralMUD!
 INFO LOG: May_28_18:05: -- 76.202.141.206:42257: Retnur is trying to connect.
 INFO LOG: May_28_18:05: -- 76.202.141.206:42257: Retnur player file found.
 INFO LOG: May_28_18:05: -- Retnur has entered the game.
 INFO LOG: May_28_18:06: tick!!!
 INFO LOG: May_28_18:08: tick!!!
 INFO LOG: May_28_18:10: tick!!!
 INFO LOG: May_28_18:12: tick!!!
 INFO LOG: May_28_18:14: tick!!!
 INFO LOG: May_28_18:16: tick!!!
 INFO LOG: May_28_18:18: tick!!!
 INFO LOG: May_28_18:20: tick!!!
 INFO LOG: May_28_18:22: tick!!!
 INFO LOG: May_28_18:24: tick!!!
 INFO LOG: May_28_18:26: tick!!!
 INFO LOG: May_28_18:28: tick!!!
 INFO LOG: May_28_18:30: tick!!!
 INFO LOG: May_28_18:32: tick!!!
 INFO LOG: May_28_18:34: tick!!!
 INFO LOG: May_28_18:36: tick!!!
 INFO LOG: May_28_18:38: tick!!!
 INFO LOG: May_28_18:40: tick!!!
 INFO LOG: May_28_18:42: tick!!!
 INFO LOG: May_28_18:44: tick!!!
 INFO LOG: May_28_18:46: tick!!!
 INFO LOG: May_28_18:48: tick!!!
 INFO LOG: May_28_18:50: tick!!!
 INFO LOG: May_28_18:52: tick!!!
 INFO LOG: May_28_18:54: tick!!!
 INFO LOG: May_28_18:56: tick!!!
 INFO LOG: May_28_18:58: tick!!!
 INFO LOG: May_28_19:00: tick!!!
 INFO LOG: May_28_19:02: tick!!!
 INFO LOG: May_28_19:04: tick!!!
 INFO LOG: May_28_19:06: tick!!!
 INFO LOG: May_28_19:08: tick!!!
 INFO LOG: May_28_19:10: tick!!!
 INFO LOG: May_28_19:12: tick!!!
 INFO LOG: May_28_19:14: tick!!!
 INFO LOG: May_28_19:16: tick!!!
 INFO LOG: May_28_19:18: tick!!!
 INFO LOG: May_28_19:20: tick!!!
 INFO LOG: May_28_19:22: tick!!!
 INFO LOG: May_28_19:24: tick!!!
 INFO LOG: May_28_19:25: -- #<Player:0x000000021b6a00>:76.202.141.206:42257 disconnected from CoralMUD!
 INFO LOG: May_28_19:25: Logging enabled.   Loading logs.rb.
 INFO LOG: May_28_19:25: Loading spellcheck.rb
 INFO LOG: May_28_19:25: Loading facade.rb
 INFO LOG: May_28_19:25: Loading query_list.rb
 INFO LOG: May_28_19:25: Loading utils.rb
 INFO LOG: May_28_19:25: Loading constants.rb
 INFO LOG: May_28_19:25: Loading damage.rb
 INFO LOG: May_28_19:25: Loading class_property.rb
 INFO LOG: May_28_19:25: Loading scripts.rb
 INFO LOG: May_28_19:25: Loading tags.rb
 INFO LOG: May_28_19:25: Loading editor/editors.rb
 INFO LOG: May_28_19:25: Loading editor/editor.strings.rb
 INFO LOG: May_28_19:25: Loading editor/editor.rooms.rb
 INFO LOG: May_28_19:25: Loading editor/editor.exits.rb
 INFO LOG: May_28_19:25: Loading editor/editor.zones.rb
 INFO LOG: May_28_19:25: Loading editor/editor.npc.rb
 INFO LOG: May_28_19:25: Loading editor/editor.items.rb
 INFO LOG: May_28_19:25: Loading editor/editor.socials.rb
 INFO LOG: May_28_19:25: Loading socials.rb
 INFO LOG: May_28_19:25: Loading mxp.rb
 INFO LOG: May_28_19:25: Loading mccp.rb
 INFO LOG: May_28_19:25: Loading flags.rb
 INFO LOG: May_28_19:25: Loading areas.rb
 INFO LOG: May_28_19:25: Loading security.rb
 INFO LOG: May_28_19:25: Loading resets.rb
 INFO LOG: May_28_19:25: Loading event.rb
 INFO LOG: May_28_19:25: Loading automap/automap.rb
 INFO LOG: May_28_19:25: Loading cities.rb
 INFO LOG: May_28_19:25: Loading sector definitions.
 INFO LOG: May_28_19:25: Loading help.rb
 INFO LOG: May_28_19:25: Loading imcruby.rb
 INFO LOG: May_28_19:25: Loading player.rb
 INFO LOG: May_28_19:25: Loading commands.rb
 INFO LOG: May_28_19:25: Loading editor/editor.player.rb
 INFO LOG: May_28_19:25: Loading random.rb
 INFO LOG: May_28_19:25: Loading npc.rb
 INFO LOG: May_28_19:25: Loading items/types.rb
 INFO LOG: May_28_19:25: Loading items/items.rb
 INFO LOG: May_28_19:25: Loading spells.rb
 INFO LOG: May_28_19:25: Loading all zones.
 INFO LOG: May_28_19:25: Loading all socials.
 INFO LOG: May_28_19:25: Starting server.
 INFO LOG: May_28_19:25: CoralMUD is now up on port 4000.
 INFO LOG: May_28_19:25: -- 76.202.141.206:40389 connected to CoralMUD!
 INFO LOG: May_28_19:25: -- 76.202.141.206:40389: () Invalid name in character creation.
 INFO LOG: May_28_19:25: -- 76.202.141.206:40389: Retnur is trying to connect.
 INFO LOG: May_28_19:25: -- 76.202.141.206:40389: Retnur player file found.
 INFO LOG: May_28_19:25: -- Retnur has entered the game.
 INFO LOG: May_28_19:27: tick!!!
 INFO LOG: May_28_19:29: tick!!!
 INFO LOG: May_28_19:31: tick!!!
 INFO LOG: May_28_19:33: tick!!!
 INFO LOG: May_28_19:35: tick!!!
 INFO LOG: May_28_19:37: tick!!!
 INFO LOG: May_28_19:39: tick!!!
 INFO LOG: May_28_19:41: tick!!!
 INFO LOG: May_28_19:43: tick!!!
 INFO LOG: May_28_19:45: tick!!!
 INFO LOG: May_28_19:47: tick!!!
 INFO LOG: May_28_19:49: tick!!!
 INFO LOG: May_28_19:51: tick!!!
 INFO LOG: May_28_19:53: tick!!!
 INFO LOG: May_28_19:55: tick!!!
 INFO LOG: May_28_19:57: tick!!!
 INFO LOG: May_28_19:59: tick!!!
 INFO LOG: May_28_20:01: tick!!!
 INFO LOG: May_28_20:03: tick!!!
 INFO LOG: May_28_20:05: tick!!!
 INFO LOG: May_28_20:07: tick!!!
 INFO LOG: May_28_20:09: tick!!!
 INFO LOG: May_28_20:11: tick!!!
 INFO LOG: May_28_20:13: tick!!!
 INFO LOG: May_28_20:15: tick!!!
 INFO LOG: May_28_20:17: tick!!!
 INFO LOG: May_28_20:19: tick!!!
 INFO LOG: May_28_20:21: tick!!!
 INFO LOG: May_28_20:23: tick!!!
 INFO LOG: May_28_20:25: tick!!!
 INFO LOG: May_28_20:27: tick!!!
 INFO LOG: May_28_20:29: tick!!!
 INFO LOG: May_28_20:31: tick!!!
 INFO LOG: May_28_20:33: tick!!!
 INFO LOG: May_28_20:35: tick!!!
 INFO LOG: May_28_20:37: tick!!!
 INFO LOG: May_28_20:39: tick!!!
 INFO LOG: May_28_20:41: tick!!!
 INFO LOG: May_28_20:43: tick!!!
 INFO LOG: May_28_20:45: tick!!!
 INFO LOG: May_28_20:47: tick!!!
 INFO LOG: May_28_20:49: tick!!!
 INFO LOG: May_28_20:51: tick!!!
 INFO LOG: May_28_20:53: tick!!!
 INFO LOG: May_28_20:55: tick!!!
 INFO LOG: May_28_20:57: tick!!!
 INFO LOG: May_28_20:59: tick!!!
 INFO LOG: May_28_21:01: tick!!!
 INFO LOG: May_28_21:03: tick!!!
 INFO LOG: May_28_21:05: tick!!!
 INFO LOG: May_28_21:07: tick!!!
 INFO LOG: May_28_21:09: tick!!!
 INFO LOG: May_28_21:11: tick!!!
 INFO LOG: May_28_21:13: tick!!!
 INFO LOG: May_28_21:15: tick!!!
 INFO LOG: May_28_21:17: tick!!!
 INFO LOG: May_28_21:19: tick!!!
 INFO LOG: May_28_21:21: tick!!!
 INFO LOG: May_28_21:23: tick!!!
 INFO LOG: May_28_21:25: tick!!!
 INFO LOG: May_28_21:27: tick!!!
 INFO LOG: May_28_21:29: tick!!!
 INFO LOG: May_28_21:31: tick!!!
 INFO LOG: May_28_21:33: tick!!!
 INFO LOG: May_28_21:35: tick!!!
 INFO LOG: May_28_21:37: tick!!!
 INFO LOG: May_28_21:39: tick!!!
 INFO LOG: May_28_21:41: tick!!!
 INFO LOG: May_28_21:43: tick!!!
 INFO LOG: May_28_21:45: tick!!!
 INFO LOG: May_28_21:47: tick!!!
 INFO LOG: May_28_21:49: tick!!!
 INFO LOG: May_28_21:51: tick!!!
 INFO LOG: May_28_21:53: tick!!!
 INFO LOG: May_28_21:55: tick!!!
 INFO LOG: May_28_21:57: tick!!!
 INFO LOG: May_28_21:59: tick!!!
 INFO LOG: May_28_22:01: tick!!!
 INFO LOG: May_28_22:03: tick!!!
 INFO LOG: May_28_22:05: tick!!!
 INFO LOG: May_28_22:07: tick!!!
 INFO LOG: May_28_22:09: tick!!!
 INFO LOG: May_28_22:11: tick!!!
 INFO LOG: May_28_22:13: tick!!!
 INFO LOG: May_28_22:15: tick!!!
 INFO LOG: May_28_22:17: tick!!!
 INFO LOG: May_28_22:19: tick!!!
 INFO LOG: May_28_22:21: tick!!!
 INFO LOG: May_28_22:23: tick!!!
 INFO LOG: May_28_22:25: tick!!!
 INFO LOG: May_28_22:27: tick!!!
 INFO LOG: May_28_22:29: tick!!!
 INFO LOG: May_28_22:31: tick!!!
 INFO LOG: May_28_22:33: tick!!!
 INFO LOG: May_28_22:35: tick!!!
 INFO LOG: May_28_22:37: tick!!!
 INFO LOG: May_28_22:39: tick!!!
 INFO LOG: May_28_22:41: tick!!!
 INFO LOG: May_28_22:43: tick!!!
 INFO LOG: May_28_22:45: tick!!!
 INFO LOG: May_28_22:47: tick!!!
 INFO LOG: May_28_22:49: tick!!!
 INFO LOG: May_28_22:51: tick!!!
 INFO LOG: May_28_22:53: tick!!!
 INFO LOG: May_28_22:55: tick!!!
 INFO LOG: May_28_22:57: tick!!!
 INFO LOG: May_28_22:59: tick!!!
 INFO LOG: May_28_23:01: tick!!!
 INFO LOG: May_28_23:03: tick!!!
 INFO LOG: May_28_23:05: tick!!!
 INFO LOG: May_28_23:07: tick!!!
 INFO LOG: May_28_23:09: tick!!!
 INFO LOG: May_28_23:11: tick!!!
 INFO LOG: May_28_23:13: tick!!!
 INFO LOG: May_28_23:15: tick!!!
 INFO LOG: May_28_23:17: tick!!!
 INFO LOG: May_28_23:19: tick!!!
 INFO LOG: May_28_23:21: tick!!!
 INFO LOG: May_28_23:23: tick!!!
 INFO LOG: May_28_23:25: tick!!!
 INFO LOG: May_28_23:27: tick!!!
 INFO LOG: May_28_23:29: tick!!!
 INFO LOG: May_28_23:31: tick!!!
 INFO LOG: May_28_23:33: tick!!!
 INFO LOG: May_28_23:35: tick!!!
 INFO LOG: May_28_23:37: tick!!!
 INFO LOG: May_28_23:39: tick!!!
 INFO LOG: May_28_23:41: tick!!!
 INFO LOG: May_28_23:43: tick!!!
 INFO LOG: May_28_23:45: tick!!!
 INFO LOG: May_28_23:47: tick!!!
 INFO LOG: May_28_23:49: tick!!!
 INFO LOG: May_28_23:51: tick!!!
 INFO LOG: May_28_23:53: tick!!!
 INFO LOG: May_28_23:55: tick!!!
 INFO LOG: May_28_23:57: tick!!!
 INFO LOG: May_28_23:59: tick!!!
 INFO LOG: May_29_00:01: tick!!!
 INFO LOG: May_29_00:03: tick!!!
 INFO LOG: May_29_00:05: tick!!!
 INFO LOG: May_29_00:07: tick!!!
 INFO LOG: May_29_00:09: tick!!!
 INFO LOG: May_29_00:11: tick!!!
 INFO LOG: May_29_00:13: tick!!!
 INFO LOG: May_29_00:15: tick!!!
 INFO LOG: May_29_00:17: tick!!!
 INFO LOG: May_29_00:19: tick!!!
 INFO LOG: May_29_00:21: tick!!!
 INFO LOG: May_29_00:23: tick!!!
 INFO LOG: May_29_00:25: tick!!!
 INFO LOG: May_29_00:27: tick!!!
 INFO LOG: May_29_00:29: tick!!!
 INFO LOG: May_29_00:31: tick!!!
 INFO LOG: May_29_00:33: tick!!!
 INFO LOG: May_29_00:35: tick!!!
 INFO LOG: May_29_00:37: tick!!!
 INFO LOG: May_29_00:39: tick!!!
 INFO LOG: May_29_00:41: tick!!!
 INFO LOG: May_29_00:43: tick!!!
 INFO LOG: May_29_00:45: tick!!!
 INFO LOG: May_29_00:47: tick!!!
 INFO LOG: May_29_00:49: tick!!!
 INFO LOG: May_29_00:51: tick!!!
 INFO LOG: May_29_00:53: tick!!!
 INFO LOG: May_29_00:55: tick!!!
 INFO LOG: May_29_00:57: tick!!!
 INFO LOG: May_29_00:59: tick!!!
 INFO LOG: May_29_01:01: tick!!!
 INFO LOG: May_29_01:03: tick!!!
 INFO LOG: May_29_01:05: tick!!!
 INFO LOG: May_29_01:07: tick!!!
 INFO LOG: May_29_01:09: tick!!!
 INFO LOG: May_29_01:11: tick!!!
 INFO LOG: May_29_01:13: tick!!!
 INFO LOG: May_29_01:15: tick!!!
 INFO LOG: May_29_01:17: tick!!!
 INFO LOG: May_29_01:19: tick!!!
 INFO LOG: May_29_01:21: tick!!!
 INFO LOG: May_29_01:23: tick!!!
 INFO LOG: May_29_01:25: tick!!!
 INFO LOG: May_29_01:27: tick!!!
 INFO LOG: May_29_01:29: tick!!!
 INFO LOG: May_29_01:31: tick!!!
 INFO LOG: May_29_01:33: tick!!!
 INFO LOG: May_29_01:35: tick!!!
 INFO LOG: May_29_01:37: tick!!!
 INFO LOG: May_29_01:39: tick!!!
 INFO LOG: May_29_01:41: tick!!!
 INFO LOG: May_29_01:43: tick!!!
 INFO LOG: May_29_01:45: tick!!!
 INFO LOG: May_29_01:47: tick!!!
 INFO LOG: May_29_01:49: tick!!!
 INFO LOG: May_29_01:51: tick!!!
 INFO LOG: May_29_01:53: tick!!!
 INFO LOG: May_29_01:55: tick!!!
 INFO LOG: May_29_01:57: tick!!!
 INFO LOG: May_29_01:59: tick!!!
 INFO LOG: May_29_02:01: tick!!!
 INFO LOG: May_29_02:03: tick!!!
 INFO LOG: May_29_02:05: tick!!!
 INFO LOG: May_29_02:07: tick!!!
 INFO LOG: May_29_02:09: tick!!!
 INFO LOG: May_29_02:11: tick!!!
 INFO LOG: May_29_02:13: tick!!!
 INFO LOG: May_29_02:15: tick!!!
 INFO LOG: May_29_02:17: tick!!!
 INFO LOG: May_29_02:19: tick!!!
 INFO LOG: May_29_02:21: tick!!!
 INFO LOG: May_29_02:23: tick!!!
 INFO LOG: May_29_02:25: tick!!!
 INFO LOG: May_29_02:27: tick!!!
 INFO LOG: May_29_02:29: tick!!!
 INFO LOG: May_29_02:31: tick!!!
 INFO LOG: May_29_02:33: tick!!!
 INFO LOG: May_29_02:35: tick!!!
 INFO LOG: May_29_02:37: tick!!!
 INFO LOG: May_29_02:39: tick!!!
 INFO LOG: May_29_02:41: tick!!!
 INFO LOG: May_29_02:43: tick!!!
 INFO LOG: May_29_02:45: tick!!!
 INFO LOG: May_29_02:47: tick!!!
 INFO LOG: May_29_02:49: tick!!!
 INFO LOG: May_29_02:51: tick!!!
 INFO LOG: May_29_02:53: tick!!!
 INFO LOG: May_29_02:55: tick!!!
 INFO LOG: May_29_02:57: tick!!!
 INFO LOG: May_29_02:59: tick!!!
 INFO LOG: May_29_03:01: tick!!!
 INFO LOG: May_29_03:03: tick!!!
 INFO LOG: May_29_03:05: tick!!!
 INFO LOG: May_29_03:07: tick!!!
 INFO LOG: May_29_03:09: tick!!!
 INFO LOG: May_29_03:11: tick!!!
 INFO LOG: May_29_03:13: tick!!!
 INFO LOG: May_29_03:15: tick!!!
 INFO LOG: May_29_03:17: tick!!!
 INFO LOG: May_29_03:19: tick!!!
 INFO LOG: May_29_03:21: tick!!!
 INFO LOG: May_29_03:23: tick!!!
 INFO LOG: May_29_03:25: tick!!!
 INFO LOG: May_29_03:27: tick!!!
 INFO LOG: May_29_03:29: tick!!!
 INFO LOG: May_29_03:31: tick!!!
 INFO LOG: May_29_03:33: tick!!!
 INFO LOG: May_29_03:35: tick!!!
 INFO LOG: May_29_03:37: tick!!!
 INFO LOG: May_29_03:39: tick!!!
 INFO LOG: May_29_03:41: tick!!!
 INFO LOG: May_29_03:43: tick!!!
 INFO LOG: May_29_03:45: tick!!!
 INFO LOG: May_29_03:47: tick!!!
 INFO LOG: May_29_03:49: tick!!!
 INFO LOG: May_29_03:51: tick!!!
 INFO LOG: May_29_03:53: tick!!!
 INFO LOG: May_29_03:55: tick!!!
 INFO LOG: May_29_03:57: tick!!!
 INFO LOG: May_29_03:59: tick!!!
 INFO LOG: May_29_04:01: tick!!!
 INFO LOG: May_29_04:03: tick!!!
 INFO LOG: May_29_04:05: tick!!!
 INFO LOG: May_29_04:07: tick!!!
 INFO LOG: May_29_04:09: tick!!!
 INFO LOG: May_29_04:11: tick!!!
 INFO LOG: May_29_04:13: tick!!!
 INFO LOG: May_29_04:15: tick!!!
 INFO LOG: May_29_04:17: tick!!!
 INFO LOG: May_29_04:19: tick!!!
 INFO LOG: May_29_04:21: tick!!!
 INFO LOG: May_29_04:23: tick!!!
 INFO LOG: May_29_04:25: tick!!!
 INFO LOG: May_29_04:27: tick!!!
 INFO LOG: May_29_04:29: tick!!!
 INFO LOG: May_29_04:31: tick!!!
 INFO LOG: May_29_04:33: tick!!!
 INFO LOG: May_29_04:35: tick!!!
 INFO LOG: May_29_04:37: tick!!!
 INFO LOG: May_29_04:39: tick!!!
 INFO LOG: May_29_04:41: tick!!!
 INFO LOG: May_29_04:43: tick!!!
 INFO LOG: May_29_04:45: tick!!!
 INFO LOG: May_29_04:47: tick!!!
 INFO LOG: May_29_04:49: tick!!!
 INFO LOG: May_29_04:51: tick!!!
 INFO LOG: May_29_04:53: tick!!!
 INFO LOG: May_29_04:55: tick!!!
 INFO LOG: May_29_04:57: tick!!!
 INFO LOG: May_29_04:59: tick!!!
 INFO LOG: May_29_05:01: tick!!!
 INFO LOG: May_29_05:03: tick!!!
 INFO LOG: May_29_05:05: tick!!!
 INFO LOG: May_29_05:07: tick!!!
 INFO LOG: May_29_05:09: tick!!!
 INFO LOG: May_29_05:11: tick!!!
 INFO LOG: May_29_05:13: tick!!!
 INFO LOG: May_29_05:15: tick!!!
 INFO LOG: May_29_05:17: tick!!!
 INFO LOG: May_29_05:19: tick!!!
 INFO LOG: May_29_05:21: tick!!!
 INFO LOG: May_29_05:23: tick!!!
 INFO LOG: May_29_05:25: tick!!!
 INFO LOG: May_29_05:27: tick!!!
 INFO LOG: May_29_05:29: tick!!!
 INFO LOG: May_29_05:31: tick!!!
 INFO LOG: May_29_05:33: tick!!!
 INFO LOG: May_29_05:35: tick!!!
 INFO LOG: May_29_05:37: tick!!!
 INFO LOG: May_29_05:39: tick!!!
 INFO LOG: May_29_05:41: tick!!!
 INFO LOG: May_29_05:43: tick!!!
 INFO LOG: May_29_05:45: tick!!!
 INFO LOG: May_29_05:47: tick!!!
 INFO LOG: May_29_05:49: tick!!!
 INFO LOG: May_29_05:51: tick!!!
 INFO LOG: May_29_05:53: tick!!!
 INFO LOG: May_29_05:55: tick!!!
 INFO LOG: May_29_05:57: tick!!!
 INFO LOG: May_29_05:59: tick!!!
 INFO LOG: May_29_06:01: tick!!!
 INFO LOG: May_29_06:03: tick!!!
 INFO LOG: May_29_06:05: tick!!!
 INFO LOG: May_29_06:07: tick!!!
 INFO LOG: May_29_06:09: tick!!!
 INFO LOG: May_29_06:11: tick!!!
 INFO LOG: May_29_06:13: tick!!!
 INFO LOG: May_29_06:15: tick!!!
 INFO LOG: May_29_06:17: tick!!!
 INFO LOG: May_29_06:19: tick!!!
 INFO LOG: May_29_06:21: tick!!!
 INFO LOG: May_29_06:23: tick!!!
 INFO LOG: May_29_06:25: tick!!!
 INFO LOG: May_29_06:27: tick!!!
 INFO LOG: May_29_06:29: tick!!!
 INFO LOG: May_29_06:31: tick!!!
 INFO LOG: May_29_06:33: tick!!!
 INFO LOG: May_29_06:35: tick!!!
 INFO LOG: May_29_06:37: tick!!!
 INFO LOG: May_29_06:39: tick!!!
 INFO LOG: May_29_06:41: tick!!!
 INFO LOG: May_29_06:43: tick!!!
 INFO LOG: May_29_06:45: tick!!!
 INFO LOG: May_29_06:47: tick!!!
 INFO LOG: May_29_06:49: tick!!!
 INFO LOG: May_29_06:51: tick!!!
 INFO LOG: May_29_06:53: tick!!!
 INFO LOG: May_29_06:55: tick!!!
 INFO LOG: May_29_06:57: tick!!!
 INFO LOG: May_29_06:59: tick!!!
 INFO LOG: May_29_07:01: tick!!!
 INFO LOG: May_29_07:03: tick!!!
 INFO LOG: May_29_07:05: tick!!!
 INFO LOG: May_29_07:07: tick!!!
 INFO LOG: May_29_07:09: tick!!!
 INFO LOG: May_29_07:11: tick!!!
 INFO LOG: May_29_07:13: tick!!!
 INFO LOG: May_29_07:15: tick!!!
 INFO LOG: May_29_07:17: tick!!!
 INFO LOG: May_29_07:19: tick!!!
 INFO LOG: May_29_07:21: tick!!!
 INFO LOG: May_29_07:23: tick!!!
 INFO LOG: May_29_07:25: tick!!!
 INFO LOG: May_29_07:27: tick!!!
 INFO LOG: May_29_07:29: tick!!!
 INFO LOG: May_29_07:31: tick!!!
 INFO LOG: May_29_07:33: tick!!!
 INFO LOG: May_29_07:35: tick!!!
 INFO LOG: May_29_07:37: tick!!!
 INFO LOG: May_29_07:39: tick!!!
 INFO LOG: May_29_07:41: tick!!!
 INFO LOG: May_29_07:43: tick!!!
 INFO LOG: May_29_07:45: tick!!!
 INFO LOG: May_29_07:47: tick!!!
 INFO LOG: May_29_07:49: tick!!!
 INFO LOG: May_29_07:51: tick!!!
 INFO LOG: May_29_07:53: tick!!!
 INFO LOG: May_29_07:55: tick!!!
 INFO LOG: May_29_07:57: tick!!!
 INFO LOG: May_29_07:59: tick!!!
 INFO LOG: May_29_08:01: tick!!!
 INFO LOG: May_29_08:03: tick!!!
 INFO LOG: May_29_08:05: tick!!!
 INFO LOG: May_29_08:07: tick!!!
 INFO LOG: May_29_08:09: tick!!!
 INFO LOG: May_29_08:11: tick!!!
 INFO LOG: May_29_08:13: tick!!!
 INFO LOG: May_29_08:15: tick!!!
 INFO LOG: May_29_08:17: tick!!!
 INFO LOG: May_29_08:19: tick!!!
 INFO LOG: May_29_08:21: tick!!!
 INFO LOG: May_29_08:23: tick!!!
 INFO LOG: May_29_08:25: tick!!!
 INFO LOG: May_29_08:27: tick!!!
 INFO LOG: May_29_08:29: tick!!!
 INFO LOG: May_29_08:31: tick!!!
 INFO LOG: May_29_08:33: tick!!!
 INFO LOG: May_29_08:35: tick!!!
 INFO LOG: May_29_08:37: tick!!!
 INFO LOG: May_29_08:39: tick!!!
 INFO LOG: May_29_08:41: tick!!!
 INFO LOG: May_29_08:43: tick!!!
 INFO LOG: May_29_08:45: tick!!!
 INFO LOG: May_29_08:47: tick!!!
 INFO LOG: May_29_08:49: tick!!!
 INFO LOG: May_29_08:51: tick!!!
 INFO LOG: May_29_08:53: tick!!!
 INFO LOG: May_29_08:55: tick!!!
 INFO LOG: May_29_08:57: tick!!!
 INFO LOG: May_29_08:59: tick!!!
 INFO LOG: May_29_09:01: tick!!!
 INFO LOG: May_29_09:03: tick!!!
 INFO LOG: May_29_09:05: tick!!!
 INFO LOG: May_29_09:07: tick!!!
 INFO LOG: May_29_09:09: tick!!!
 INFO LOG: May_29_09:11: tick!!!
 INFO LOG: May_29_09:13: tick!!!
 INFO LOG: May_29_09:15: tick!!!
 INFO LOG: May_29_09:17: tick!!!
 INFO LOG: May_29_09:19: tick!!!
 INFO LOG: May_29_09:21: tick!!!
 INFO LOG: May_29_09:23: tick!!!
 INFO LOG: May_29_09:25: tick!!!
 INFO LOG: May_29_09:27: tick!!!
 INFO LOG: May_29_09:29: tick!!!
 INFO LOG: May_29_09:31: tick!!!
 INFO LOG: May_29_09:33: tick!!!
 INFO LOG: May_29_09:35: tick!!!
 INFO LOG: May_29_09:37: tick!!!
 INFO LOG: May_29_09:39: tick!!!
 INFO LOG: May_29_09:41: tick!!!
 INFO LOG: May_29_09:43: tick!!!
 INFO LOG: May_29_09:45: tick!!!
 INFO LOG: May_29_09:47: tick!!!
 INFO LOG: May_29_09:49: tick!!!
 INFO LOG: May_29_09:51: tick!!!
 INFO LOG: May_29_09:53: tick!!!
 INFO LOG: May_29_09:55: tick!!!
 INFO LOG: May_29_09:57: tick!!!
 INFO LOG: May_29_09:59: tick!!!
 INFO LOG: May_29_10:01: tick!!!
 INFO LOG: May_29_10:03: tick!!!
 INFO LOG: May_29_10:05: tick!!!
 INFO LOG: May_29_10:07: tick!!!
 INFO LOG: May_29_10:09: tick!!!
 INFO LOG: May_29_10:11: tick!!!
 INFO LOG: May_29_10:13: tick!!!
 INFO LOG: May_29_10:15: tick!!!
 INFO LOG: May_29_10:17: tick!!!
 INFO LOG: May_29_10:19: tick!!!
 INFO LOG: May_29_10:21: tick!!!
 INFO LOG: May_29_10:23: tick!!!
 INFO LOG: May_29_10:25: tick!!!
 INFO LOG: May_29_10:27: tick!!!
 INFO LOG: May_29_10:29: tick!!!
 INFO LOG: May_29_10:31: tick!!!
 INFO LOG: May_29_10:33: tick!!!
 INFO LOG: May_29_10:35: tick!!!
 INFO LOG: May_29_10:37: tick!!!
 INFO LOG: May_29_10:39: tick!!!
 INFO LOG: May_29_10:41: tick!!!
 INFO LOG: May_29_10:43: tick!!!
 INFO LOG: May_29_10:45: tick!!!
 INFO LOG: May_29_10:47: tick!!!
 INFO LOG: May_29_10:49: tick!!!
 INFO LOG: May_29_10:51: tick!!!
 INFO LOG: May_29_10:53: tick!!!
 INFO LOG: May_29_10:55: tick!!!
 INFO LOG: May_29_10:57: tick!!!
 INFO LOG: May_29_10:59: tick!!!
 INFO LOG: May_29_11:01: tick!!!
 INFO LOG: May_29_11:03: tick!!!
 INFO LOG: May_29_11:05: tick!!!
 INFO LOG: May_29_11:07: tick!!!
 INFO LOG: May_29_11:09: tick!!!
 INFO LOG: May_29_11:11: tick!!!
 INFO LOG: May_29_11:13: tick!!!
 INFO LOG: May_29_11:15: tick!!!
 INFO LOG: May_29_11:17: tick!!!
 INFO LOG: May_29_11:19: tick!!!
 INFO LOG: May_29_11:21: tick!!!
 INFO LOG: May_29_11:23: tick!!!
 INFO LOG: May_29_11:25: tick!!!
 INFO LOG: May_29_11:27: tick!!!
 INFO LOG: May_29_11:29: tick!!!
 INFO LOG: May_29_11:31: tick!!!
 INFO LOG: May_29_11:33: tick!!!
 INFO LOG: May_29_11:35: tick!!!
 INFO LOG: May_29_11:37: tick!!!
 INFO LOG: May_29_11:39: tick!!!
 INFO LOG: May_29_11:41: tick!!!
 INFO LOG: May_29_11:43: tick!!!
 INFO LOG: May_29_11:45: tick!!!
 INFO LOG: May_29_11:47: tick!!!
 INFO LOG: May_29_11:49: tick!!!
 INFO LOG: May_29_11:51: tick!!!
 INFO LOG: May_29_11:53: tick!!!
 INFO LOG: May_29_11:55: tick!!!
 INFO LOG: May_29_11:57: tick!!!
 INFO LOG: May_29_11:59: tick!!!
 INFO LOG: May_29_12:01: tick!!!
 INFO LOG: May_29_12:03: tick!!!
 INFO LOG: May_29_12:05: tick!!!
 INFO LOG: May_29_12:07: tick!!!
 INFO LOG: May_29_12:09: tick!!!
 INFO LOG: May_29_12:11: tick!!!
 INFO LOG: May_29_12:13: tick!!!
 INFO LOG: May_29_12:15: tick!!!
 INFO LOG: May_29_12:17: tick!!!
 INFO LOG: May_29_12:19: tick!!!
 INFO LOG: May_29_12:21: tick!!!
 INFO LOG: May_29_12:23: tick!!!
 INFO LOG: May_29_12:25: tick!!!
 INFO LOG: May_29_12:27: tick!!!
 INFO LOG: May_29_12:29: tick!!!
 INFO LOG: May_29_12:31: tick!!!
 INFO LOG: May_29_12:33: tick!!!
 INFO LOG: May_29_12:35: tick!!!
 INFO LOG: May_29_12:37: tick!!!
 INFO LOG: May_29_12:39: tick!!!
 INFO LOG: May_29_12:41: tick!!!
 INFO LOG: May_29_12:43: tick!!!
 INFO LOG: May_29_12:45: tick!!!
 INFO LOG: May_29_12:47: tick!!!
 INFO LOG: May_29_12:49: tick!!!
 INFO LOG: May_29_12:51: tick!!!
 INFO LOG: May_29_12:53: tick!!!
 INFO LOG: May_29_12:55: tick!!!
 INFO LOG: May_29_12:57: tick!!!
 INFO LOG: May_29_12:59: tick!!!
 INFO LOG: May_29_13:01: tick!!!
 INFO LOG: May_29_13:03: tick!!!
 INFO LOG: May_29_13:05: tick!!!
 INFO LOG: May_29_13:07: tick!!!
 INFO LOG: May_29_13:09: tick!!!
 INFO LOG: May_29_13:11: tick!!!
 INFO LOG: May_29_13:13: tick!!!
 INFO LOG: May_29_13:15: tick!!!
 INFO LOG: May_29_13:17: tick!!!
 INFO LOG: May_29_13:19: tick!!!
 INFO LOG: May_29_13:21: tick!!!
 INFO LOG: May_29_13:23: tick!!!
 INFO LOG: May_29_13:25: tick!!!
 INFO LOG: May_29_13:27: tick!!!
 INFO LOG: May_29_13:29: tick!!!
 INFO LOG: May_29_13:31: tick!!!
 INFO LOG: May_29_13:33: tick!!!
 INFO LOG: May_29_13:35: tick!!!
 INFO LOG: May_29_13:37: tick!!!
 INFO LOG: May_29_13:39: tick!!!
 INFO LOG: May_29_13:41: tick!!!
 INFO LOG: May_29_13:43: tick!!!
 INFO LOG: May_29_13:45: tick!!!
 INFO LOG: May_29_13:47: tick!!!
 INFO LOG: May_29_13:49: tick!!!
 INFO LOG: May_29_13:51: tick!!!
 INFO LOG: May_29_13:53: tick!!!
 INFO LOG: May_29_13:55: tick!!!
 INFO LOG: May_29_13:57: tick!!!
 INFO LOG: May_29_13:59: tick!!!
 INFO LOG: May_29_14:01: tick!!!
 INFO LOG: May_29_14:03: tick!!!
 INFO LOG: May_29_14:05: tick!!!
 INFO LOG: May_29_14:07: tick!!!
 INFO LOG: May_29_14:09: tick!!!
 INFO LOG: May_29_14:11: tick!!!
 INFO LOG: May_29_14:13: tick!!!
 INFO LOG: May_29_14:15: tick!!!
 INFO LOG: May_29_14:17: tick!!!
 INFO LOG: May_29_14:19: tick!!!
 INFO LOG: May_29_14:21: tick!!!
 INFO LOG: May_29_14:23: tick!!!
 INFO LOG: May_29_14:25: tick!!!
 INFO LOG: May_29_14:27: tick!!!
 INFO LOG: May_29_14:29: tick!!!
 INFO LOG: May_29_14:31: tick!!!
 INFO LOG: May_29_14:33: tick!!!
 INFO LOG: May_29_14:35: tick!!!
 INFO LOG: May_29_14:37: tick!!!
 INFO LOG: May_29_14:39: tick!!!
 INFO LOG: May_29_14:41: tick!!!
 INFO LOG: May_29_14:43: tick!!!
 INFO LOG: May_29_14:45: tick!!!
 INFO LOG: May_29_14:47: tick!!!
 INFO LOG: May_29_14:49: tick!!!
 INFO LOG: May_29_14:51: tick!!!
 INFO LOG: May_29_14:53: tick!!!
 INFO LOG: May_29_14:55: tick!!!
 INFO LOG: May_29_14:57: tick!!!
 INFO LOG: May_29_14:59: tick!!!
 INFO LOG: May_29_15:01: tick!!!
 INFO LOG: May_29_15:03: tick!!!
 INFO LOG: May_29_15:05: tick!!!
 INFO LOG: May_29_15:07: tick!!!
 INFO LOG: May_29_15:09: tick!!!
 INFO LOG: May_29_15:11: tick!!!
 INFO LOG: May_29_15:13: tick!!!
 INFO LOG: May_29_15:15: tick!!!
 INFO LOG: May_29_15:17: tick!!!
 INFO LOG: May_29_15:19: tick!!!
 INFO LOG: May_29_15:21: tick!!!
 INFO LOG: May_29_15:23: tick!!!
 INFO LOG: May_29_15:25: tick!!!
 INFO LOG: May_29_15:27: tick!!!
 INFO LOG: May_29_15:29: tick!!!
 INFO LOG: May_29_15:31: tick!!!
 INFO LOG: May_29_15:33: tick!!!
 INFO LOG: May_29_15:35: tick!!!
 INFO LOG: May_29_15:37: tick!!!
 INFO LOG: May_29_15:39: tick!!!
 INFO LOG: May_29_15:41: tick!!!
 INFO LOG: May_29_15:43: tick!!!
 INFO LOG: May_29_15:45: tick!!!
 INFO LOG: May_29_15:47: tick!!!
 INFO LOG: May_29_15:49: tick!!!
 INFO LOG: May_29_15:51: tick!!!
 INFO LOG: May_29_15:53: tick!!!
 INFO LOG: May_29_15:55: tick!!!
 INFO LOG: May_29_15:57: tick!!!
 INFO LOG: May_29_15:59: tick!!!
 INFO LOG: May_29_16:01: tick!!!
 INFO LOG: May_29_16:03: tick!!!
 INFO LOG: May_29_16:05: tick!!!
 INFO LOG: May_29_16:07: tick!!!
 INFO LOG: May_29_16:09: tick!!!
 INFO LOG: May_29_16:11: tick!!!
 INFO LOG: May_29_16:13: tick!!!
 INFO LOG: May_29_16:15: tick!!!
 INFO LOG: May_29_16:17: tick!!!
 INFO LOG: May_29_16:19: tick!!!
 INFO LOG: May_29_16:21: tick!!!
 INFO LOG: May_29_16:23: tick!!!
 INFO LOG: May_29_16:25: tick!!!
 INFO LOG: May_29_16:27: tick!!!
 INFO LOG: May_29_16:29: tick!!!
 INFO LOG: May_29_16:31: tick!!!
 INFO LOG: May_29_16:33: tick!!!
 INFO LOG: May_29_16:35: tick!!!
 INFO LOG: May_29_16:37: tick!!!
 INFO LOG: May_29_16:39: tick!!!
 INFO LOG: May_29_16:41: tick!!!
 INFO LOG: May_29_16:43: tick!!!
 INFO LOG: May_29_16:45: tick!!!
 INFO LOG: May_29_16:47: tick!!!
 INFO LOG: May_29_16:49: tick!!!
 INFO LOG: May_29_16:51: tick!!!
 INFO LOG: May_29_16:53: tick!!!
 INFO LOG: May_29_16:55: tick!!!
 INFO LOG: May_29_16:57: tick!!!
 INFO LOG: May_29_16:59: tick!!!
 INFO LOG: May_29_17:01: tick!!!
 INFO LOG: May_29_17:03: tick!!!
 INFO LOG: May_29_17:05: tick!!!
 INFO LOG: May_29_17:07: tick!!!
 INFO LOG: May_29_17:09: tick!!!
 INFO LOG: May_29_17:11: tick!!!
 INFO LOG: May_29_17:13: tick!!!
 INFO LOG: May_29_17:15: tick!!!
 INFO LOG: May_29_17:17: tick!!!
 INFO LOG: May_29_17:19: tick!!!
 INFO LOG: May_29_17:21: tick!!!
 INFO LOG: May_29_17:23: tick!!!
 INFO LOG: May_29_17:25: tick!!!
 INFO LOG: May_29_17:27: tick!!!
 INFO LOG: May_29_17:29: tick!!!
 INFO LOG: May_29_17:31: tick!!!
 INFO LOG: May_29_17:33: tick!!!
 INFO LOG: May_29_17:35: tick!!!
 INFO LOG: May_29_17:37: tick!!!
 INFO LOG: May_29_17:39: tick!!!
 INFO LOG: May_29_17:41: tick!!!
 INFO LOG: May_29_17:43: tick!!!
 INFO LOG: May_29_17:45: tick!!!
 INFO LOG: May_29_17:47: tick!!!
 INFO LOG: May_29_17:49: tick!!!
 INFO LOG: May_29_17:51: tick!!!
 INFO LOG: May_29_17:53: tick!!!
 INFO LOG: May_29_17:55: tick!!!
 INFO LOG: May_29_17:57: tick!!!
 INFO LOG: May_29_17:59: tick!!!
 INFO LOG: May_29_18:01: tick!!!
 INFO LOG: May_29_18:03: tick!!!
 INFO LOG: May_29_18:05: tick!!!
 INFO LOG: May_29_18:07: tick!!!
 INFO LOG: May_29_18:09: tick!!!
 INFO LOG: May_29_18:11: tick!!!
 INFO LOG: May_29_18:13: tick!!!
 INFO LOG: May_29_18:15: tick!!!
 INFO LOG: May_29_18:17: tick!!!
 INFO LOG: May_29_18:19: tick!!!
 INFO LOG: May_29_18:21: tick!!!
 INFO LOG: May_29_18:23: tick!!!
 INFO LOG: May_29_18:25: tick!!!
 INFO LOG: May_29_18:27: tick!!!
 INFO LOG: May_29_18:29: tick!!!
 INFO LOG: May_29_18:31: tick!!!
 INFO LOG: May_29_18:33: tick!!!
 INFO LOG: May_29_18:35: tick!!!
 INFO LOG: May_29_18:37: tick!!!
 INFO LOG: May_29_18:39: tick!!!
 INFO LOG: May_29_18:41: tick!!!
 INFO LOG: May_29_18:43: tick!!!
 INFO LOG: May_29_18:45: tick!!!
 INFO LOG: May_29_18:47: tick!!!
 INFO LOG: May_29_18:49: tick!!!
 INFO LOG: May_29_18:51: tick!!!
 INFO LOG: May_29_18:53: tick!!!
 INFO LOG: May_29_18:55: tick!!!
 INFO LOG: May_29_18:57: tick!!!
 INFO LOG: May_29_18:59: tick!!!
 INFO LOG: May_29_19:01: tick!!!
 INFO LOG: May_29_19:03: tick!!!
 INFO LOG: May_29_19:05: tick!!!
 INFO LOG: May_29_19:07: tick!!!
 INFO LOG: May_29_19:09: tick!!!
 INFO LOG: May_29_19:11: tick!!!
 INFO LOG: May_29_19:13: tick!!!
 INFO LOG: May_29_19:15: tick!!!
 INFO LOG: May_29_19:17: tick!!!
 INFO LOG: May_29_19:19: tick!!!
 INFO LOG: May_29_19:21: tick!!!
 INFO LOG: May_29_19:23: tick!!!
 INFO LOG: May_29_19:25: tick!!!
 INFO LOG: May_29_19:27: tick!!!
 INFO LOG: May_29_19:29: tick!!!
 INFO LOG: May_29_19:31: tick!!!
 INFO LOG: May_29_19:33: tick!!!
 INFO LOG: May_29_19:35: tick!!!
 INFO LOG: May_29_19:37: tick!!!
 INFO LOG: May_29_19:39: tick!!!
 INFO LOG: May_29_19:41: tick!!!
 INFO LOG: May_29_19:43: tick!!!
 INFO LOG: May_29_19:45: tick!!!
 INFO LOG: May_29_19:47: tick!!!
 INFO LOG: May_29_19:49: tick!!!
 INFO LOG: May_29_19:51: tick!!!
 INFO LOG: May_29_19:53: tick!!!
 INFO LOG: May_29_19:55: tick!!!
 INFO LOG: May_29_19:57: tick!!!
 INFO LOG: May_29_19:59: tick!!!
 INFO LOG: May_29_20:01: tick!!!
 INFO LOG: May_29_20:03: tick!!!
 INFO LOG: May_29_20:05: tick!!!
 INFO LOG: May_29_20:07: tick!!!
 INFO LOG: May_29_20:09: tick!!!
 INFO LOG: May_29_20:11: tick!!!
 INFO LOG: May_29_20:13: tick!!!
 INFO LOG: May_29_20:15: tick!!!
 INFO LOG: May_29_20:17: tick!!!
 INFO LOG: May_29_20:19: tick!!!
 INFO LOG: May_29_20:21: tick!!!
 INFO LOG: May_29_20:23: tick!!!
 INFO LOG: May_29_20:25: tick!!!
 INFO LOG: May_29_20:27: tick!!!
 INFO LOG: May_29_20:29: tick!!!
 INFO LOG: May_29_20:31: tick!!!
 INFO LOG: May_29_20:33: tick!!!
 INFO LOG: May_29_20:35: tick!!!
 INFO LOG: May_29_20:37: tick!!!
 INFO LOG: May_29_20:39: tick!!!
 INFO LOG: May_29_20:41: tick!!!
 INFO LOG: May_29_20:43: tick!!!
 INFO LOG: May_29_20:45: tick!!!
 INFO LOG: May_29_20:47: tick!!!
 INFO LOG: May_29_20:49: tick!!!
 INFO LOG: May_29_20:51: tick!!!
 INFO LOG: May_29_20:53: tick!!!
 INFO LOG: May_29_20:55: tick!!!
 INFO LOG: May_29_20:57: tick!!!
 INFO LOG: May_29_20:59: tick!!!
 INFO LOG: May_29_21:01: tick!!!
 INFO LOG: May_29_21:03: tick!!!
 INFO LOG: May_29_21:05: tick!!!
 INFO LOG: May_29_21:07: tick!!!
 INFO LOG: May_29_21:09: tick!!!
 INFO LOG: May_29_21:11: tick!!!
 INFO LOG: May_29_21:13: tick!!!
 INFO LOG: May_29_21:15: tick!!!
 INFO LOG: May_29_21:17: tick!!!
 INFO LOG: May_29_21:19: tick!!!
 INFO LOG: May_29_21:21: tick!!!
 INFO LOG: May_29_21:23: tick!!!
 INFO LOG: May_29_21:25: tick!!!
 INFO LOG: May_29_21:27: tick!!!
 INFO LOG: May_29_21:29: tick!!!
 INFO LOG: May_29_21:31: tick!!!
 INFO LOG: May_29_21:33: tick!!!
 INFO LOG: May_29_21:35: tick!!!
 INFO LOG: May_29_21:37: tick!!!
 INFO LOG: May_29_21:39: tick!!!
 INFO LOG: May_29_21:41: tick!!!
 INFO LOG: May_29_21:43: tick!!!
 INFO LOG: May_29_21:45: tick!!!
 INFO LOG: May_29_21:47: tick!!!
 INFO LOG: May_29_21:49: tick!!!
 INFO LOG: May_29_21:51: tick!!!
 INFO LOG: May_29_21:53: tick!!!
 INFO LOG: May_29_21:55: tick!!!
 INFO LOG: May_29_21:57: tick!!!
 INFO LOG: May_29_21:59: tick!!!
 INFO LOG: May_29_22:01: tick!!!
 INFO LOG: May_29_22:03: tick!!!
 INFO LOG: May_29_22:05: tick!!!
 INFO LOG: May_29_22:07: tick!!!
 INFO LOG: May_29_22:09: tick!!!
 INFO LOG: May_29_22:11: tick!!!
 INFO LOG: May_29_22:13: tick!!!
 INFO LOG: May_29_22:15: tick!!!
 INFO LOG: May_29_22:17: tick!!!
 INFO LOG: May_29_22:19: tick!!!
 INFO LOG: May_29_22:21: tick!!!
 INFO LOG: May_29_22:23: tick!!!
 INFO LOG: May_29_22:25: tick!!!
 INFO LOG: May_29_22:27: tick!!!
 INFO LOG: May_29_22:30: tick!!!
 INFO LOG: May_29_22:32: tick!!!
 INFO LOG: May_29_22:34: tick!!!
 INFO LOG: May_29_22:36: tick!!!
 INFO LOG: May_29_22:38: tick!!!
 INFO LOG: May_29_22:40: tick!!!
 INFO LOG: May_29_22:42: tick!!!
 INFO LOG: May_29_22:44: tick!!!
 INFO LOG: May_29_22:46: tick!!!
 INFO LOG: May_29_22:48: tick!!!
 INFO LOG: May_29_22:50: tick!!!
 INFO LOG: May_29_22:52: tick!!!
 INFO LOG: May_29_22:54: tick!!!
 INFO LOG: May_29_22:56: tick!!!
 INFO LOG: May_29_22:58: tick!!!
 INFO LOG: May_29_22:58: -- #<Player:0x0000000320afa0>:76.202.141.206:40389 disconnected from CoralMUD!
 INFO LOG: May_29_22:58: Program closed.
