 INFO LOG: May__7_21:11: Logging enabled.   Loading logs.rb.
 INFO LOG: May__7_21:11: Logging enabled.   Loading logs.rb.
 INFO LOG: May__7_21:12: Logging enabled.   Loading logs.rb.
 INFO LOG: May__7_21:12: Loading facade.rb
 INFO LOG: May__7_21:12: Loading query_list.rb
 INFO LOG: May__7_21:12: Loading utils.rb
 INFO LOG: May__7_21:12: Loading constants.rb
 INFO LOG: May__7_21:12: Loading class_property.rb
 INFO LOG: May__7_21:12: Loading scripts.rb
 INFO LOG: May__7_21:12: Loading tags.rb
 INFO LOG: May__7_21:12: Loading editor/editors.rb
 INFO LOG: May__7_21:12: Loading editor/editor.strings.rb
 INFO LOG: May__7_21:12: Loading editor/editor.rooms.rb
 INFO LOG: May__7_21:12: Loading editor/editor.exits.rb
 INFO LOG: May__7_21:12: Loading editor/editor.zones.rb
 INFO LOG: May__7_21:12: Loading editor/editor.npc.rb
 INFO LOG: May__7_21:12: Loading editor/editor.items.rb
 INFO LOG: May__7_21:12: Loading mxp.rb
 INFO LOG: May__7_21:12: Loading mccp.rb
 INFO LOG: May__7_21:12: Loading flags.rb
 INFO LOG: May__7_21:12: Loading damage.rb
 INFO LOG: May__7_21:12: Loading areas.rb
 INFO LOG: May__7_21:12: Loading event.rb
 INFO LOG: May__7_21:12: Loading automap/automap.rb
 INFO LOG: May__7_21:12: Loading cities.olc.rb
 INFO LOG: May__7_21:12: Loading cities.rb
 INFO LOG: May__7_21:12: Loading sector definitions.
 INFO LOG: May__7_21:12: Loading help.rb
 INFO LOG: May__7_21:12: Loading imcruby.rb
 INFO LOG: May__7_21:12: Loading player.rb
 INFO LOG: May__7_21:12: Loading commands.rb
 INFO LOG: May__7_21:12: Loading random.rb
 INFO LOG: May__7_21:12: Loading npc.rb
 INFO LOG: May__7_21:12: Loading items.rb
 INFO LOG: May__7_21:12: Loading spells.rb
 INFO LOG: May__7_21:12: Loading all zones.
 INFO LOG: May__7_21:12: Starting server.
 INFO LOG: May__7_21:12: CoralMUD is now up on port 4000.
 INFO LOG: May__7_21:12: Program closed.
 INFO LOG: May__7_21:13: Logging enabled.   Loading logs.rb.
 INFO LOG: May__7_21:13: Loading facade.rb
 INFO LOG: May__7_21:13: Loading query_list.rb
 INFO LOG: May__7_21:13: Loading utils.rb
 INFO LOG: May__7_21:13: Loading constants.rb
 INFO LOG: May__7_21:13: Loading class_property.rb
 INFO LOG: May__7_21:13: Loading scripts.rb
 INFO LOG: May__7_21:13: Loading tags.rb
 INFO LOG: May__7_21:13: Loading editor/editors.rb
 INFO LOG: May__7_21:13: Loading editor/editor.strings.rb
 INFO LOG: May__7_21:13: Loading editor/editor.rooms.rb
 INFO LOG: May__7_21:13: Loading editor/editor.exits.rb
 INFO LOG: May__7_21:13: Loading editor/editor.zones.rb
 INFO LOG: May__7_21:13: Loading editor/editor.npc.rb
 INFO LOG: May__7_21:13: Loading editor/editor.items.rb
 INFO LOG: May__7_21:13: Loading mxp.rb
 INFO LOG: May__7_21:13: Loading mccp.rb
 INFO LOG: May__7_21:13: Loading flags.rb
 INFO LOG: May__7_21:13: Loading damage.rb
 INFO LOG: May__7_21:13: Loading areas.rb
 INFO LOG: May__7_21:13: Loading event.rb
 INFO LOG: May__7_21:13: Loading automap/automap.rb
 INFO LOG: May__7_21:13: Loading cities.olc.rb
 INFO LOG: May__7_21:13: Loading cities.rb
 INFO LOG: May__7_21:13: Loading sector definitions.
 INFO LOG: May__7_21:13: Loading help.rb
 INFO LOG: May__7_21:13: Loading imcruby.rb
 INFO LOG: May__7_21:13: Loading player.rb
 INFO LOG: May__7_21:13: Loading commands.rb
 INFO LOG: May__7_21:13: Loading random.rb
 INFO LOG: May__7_21:13: Loading npc.rb
 INFO LOG: May__7_21:13: Loading items.rb
 INFO LOG: May__7_21:13: Loading spells.rb
 INFO LOG: May__7_21:13: Loading all zones.
 INFO LOG: May__7_21:13: Starting server.
 INFO LOG: May__7_21:13: CoralMUD is now up on port 4000.
 INFO LOG: May__7_21:13: -- 76.202.141.206:37063 connected to CoralMUD!
 INFO LOG: May__7_21:13: -- 76.202.141.206:37063: Retnur is trying to connect.
 INFO LOG: May__7_21:13: -- 76.202.141.206:37063: Retnur player file found.
 INFO LOG: May__7_21:13: -- Retnur has entered the game.
ERROR LOG: undefined method `accept' for "into":String
ERROR LOG: /home/heath/coral/lib/commands/put.rb:23:in `block in cmd_put'
ERROR LOG: /home/heath/coral/lib/commands/put.rb:21:in `each'
ERROR LOG: /home/heath/coral/lib/commands/put.rb:21:in `cmd_put'
ERROR LOG: /home/heath/coral/lib/commands.rb:276:in `execute_command'
ERROR LOG: /home/heath/coral/core/socketengine.rb:170:in `block in handle_cmd_input'
ERROR LOG: /home/heath/coral/core/socketengine.rb:169:in `times'
ERROR LOG: /home/heath/coral/core/socketengine.rb:169:in `handle_cmd_input'
ERROR LOG: /home/heath/coral/core/socketengine.rb:135:in `receive_data'
ERROR LOG: /usr/local/lib/ruby/gems/1.9.1/gems/eventmachine-0.12.8/lib/eventmachine.rb:242:in `run_machine'
ERROR LOG: /usr/local/lib/ruby/gems/1.9.1/gems/eventmachine-0.12.8/lib/eventmachine.rb:242:in `run'
ERROR LOG: coral.rb:170:in `<main>'
 INFO LOG: May__7_21:15: -- #<Player:0x00000001541720>:76.202.141.206:37063 disconnected from CoralMUD!
 INFO LOG: May__7_21:15: Logging enabled.   Loading logs.rb.
 INFO LOG: May__7_21:15: Loading facade.rb
 INFO LOG: May__7_21:15: Loading query_list.rb
 INFO LOG: May__7_21:15: Loading utils.rb
 INFO LOG: May__7_21:15: Loading constants.rb
 INFO LOG: May__7_21:15: Loading class_property.rb
 INFO LOG: May__7_21:15: Loading scripts.rb
 INFO LOG: May__7_21:15: Loading tags.rb
 INFO LOG: May__7_21:15: Loading editor/editors.rb
 INFO LOG: May__7_21:15: Loading editor/editor.strings.rb
 INFO LOG: May__7_21:15: Loading editor/editor.rooms.rb
 INFO LOG: May__7_21:15: Loading editor/editor.exits.rb
 INFO LOG: May__7_21:15: Loading editor/editor.zones.rb
 INFO LOG: May__7_21:15: Loading editor/editor.npc.rb
 INFO LOG: May__7_21:15: Loading editor/editor.items.rb
 INFO LOG: May__7_21:15: Loading mxp.rb
 INFO LOG: May__7_21:15: Loading mccp.rb
 INFO LOG: May__7_21:15: Loading flags.rb
 INFO LOG: May__7_21:15: Loading damage.rb
 INFO LOG: May__7_21:15: Loading areas.rb
 INFO LOG: May__7_21:15: Loading event.rb
 INFO LOG: May__7_21:15: Loading automap/automap.rb
 INFO LOG: May__7_21:15: Loading cities.olc.rb
 INFO LOG: May__7_21:15: Loading cities.rb
 INFO LOG: May__7_21:15: Loading sector definitions.
 INFO LOG: May__7_21:15: Loading help.rb
 INFO LOG: May__7_21:15: Loading imcruby.rb
 INFO LOG: May__7_21:15: Loading player.rb
 INFO LOG: May__7_21:15: Loading commands.rb
 INFO LOG: May__7_21:15: Loading random.rb
 INFO LOG: May__7_21:15: Loading npc.rb
 INFO LOG: May__7_21:15: Loading items.rb
 INFO LOG: May__7_21:15: Loading spells.rb
 INFO LOG: May__7_21:15: Loading all zones.
 INFO LOG: May__7_21:15: Starting server.
 INFO LOG: May__7_21:15: CoralMUD is now up on port 4000.
 INFO LOG: May__7_21:15: -- 76.202.141.206:45374 connected to CoralMUD!
 INFO LOG: May__7_21:15: -- 76.202.141.206:45374: Retnur is trying to connect.
 INFO LOG: May__7_21:15: -- 76.202.141.206:45374: Retnur player file found.
 INFO LOG: May__7_21:15: -- Retnur has entered the game.
 INFO LOG: May__7_21:17: tick!!!
 INFO LOG: May__7_21:17: -- #<Player:0x0000000250ebf8>:76.202.141.206:45374 disconnected from CoralMUD!
 INFO LOG: May__7_21:17: Logging enabled.   Loading logs.rb.
 INFO LOG: May__7_21:17: Loading facade.rb
 INFO LOG: May__7_21:17: Loading query_list.rb
 INFO LOG: May__7_21:17: Loading utils.rb
 INFO LOG: May__7_21:17: Loading constants.rb
 INFO LOG: May__7_21:17: Loading class_property.rb
 INFO LOG: May__7_21:17: Loading scripts.rb
 INFO LOG: May__7_21:17: Loading tags.rb
 INFO LOG: May__7_21:17: Loading editor/editors.rb
 INFO LOG: May__7_21:17: Loading editor/editor.strings.rb
 INFO LOG: May__7_21:17: Loading editor/editor.rooms.rb
 INFO LOG: May__7_21:17: Loading editor/editor.exits.rb
 INFO LOG: May__7_21:17: Loading editor/editor.zones.rb
 INFO LOG: May__7_21:17: Loading editor/editor.npc.rb
 INFO LOG: May__7_21:17: Loading editor/editor.items.rb
 INFO LOG: May__7_21:17: Loading mxp.rb
 INFO LOG: May__7_21:17: Loading mccp.rb
 INFO LOG: May__7_21:17: Loading flags.rb
 INFO LOG: May__7_21:17: Loading damage.rb
 INFO LOG: May__7_21:17: Loading areas.rb
 INFO LOG: May__7_21:17: Loading event.rb
 INFO LOG: May__7_21:17: Loading automap/automap.rb
 INFO LOG: May__7_21:17: Loading cities.olc.rb
 INFO LOG: May__7_21:17: Loading cities.rb
 INFO LOG: May__7_21:17: Loading sector definitions.
 INFO LOG: May__7_21:17: Loading help.rb
 INFO LOG: May__7_21:17: Loading imcruby.rb
 INFO LOG: May__7_21:17: Loading player.rb
 INFO LOG: May__7_21:17: Loading commands.rb
 INFO LOG: May__7_21:17: Loading random.rb
 INFO LOG: May__7_21:17: Loading npc.rb
 INFO LOG: May__7_21:17: Loading items.rb
 INFO LOG: May__7_21:17: Loading spells.rb
 INFO LOG: May__7_21:17: Loading all zones.
 INFO LOG: May__7_21:17: Starting server.
 INFO LOG: May__7_21:17: CoralMUD is now up on port 4000.
 INFO LOG: May__7_21:17: -- 76.202.141.206:57788 connected to CoralMUD!
 INFO LOG: May__7_21:17: -- :76.202.141.206:57788 disconnected from CoralMUD!
 INFO LOG: May__7_21:17: -- 76.202.141.206:34548 connected to CoralMUD!
 INFO LOG: May__7_21:17: -- 76.202.141.206:34548: Retnur is trying to connect.
 INFO LOG: May__7_21:17: -- 76.202.141.206:34548: Retnur player file found.
 INFO LOG: May__7_21:17: -- Retnur has entered the game.
 INFO LOG: May__7_21:18: -- #<Player:0x00000002030078>:76.202.141.206:34548 disconnected from CoralMUD!
 INFO LOG: May__7_21:18: Program closed.
 INFO LOG: May__7_21:18: Logging enabled.   Loading logs.rb.
 INFO LOG: May__7_21:18: Loading facade.rb
 INFO LOG: May__7_21:18: Loading query_list.rb
 INFO LOG: May__7_21:18: Loading utils.rb
 INFO LOG: May__7_21:18: Loading constants.rb
 INFO LOG: May__7_21:18: Loading class_property.rb
 INFO LOG: May__7_21:18: Loading scripts.rb
 INFO LOG: May__7_21:18: Loading tags.rb
 INFO LOG: May__7_21:18: Loading editor/editors.rb
 INFO LOG: May__7_21:18: Loading editor/editor.strings.rb
 INFO LOG: May__7_21:18: Loading editor/editor.rooms.rb
 INFO LOG: May__7_21:18: Loading editor/editor.exits.rb
 INFO LOG: May__7_21:18: Loading editor/editor.zones.rb
 INFO LOG: May__7_21:18: Loading editor/editor.npc.rb
 INFO LOG: May__7_21:18: Loading editor/editor.items.rb
 INFO LOG: May__7_21:18: Loading mxp.rb
 INFO LOG: May__7_21:18: Loading mccp.rb
 INFO LOG: May__7_21:18: Loading flags.rb
 INFO LOG: May__7_21:18: Loading damage.rb
 INFO LOG: May__7_21:18: Loading areas.rb
 INFO LOG: May__7_21:18: Loading event.rb
 INFO LOG: May__7_21:18: Loading automap/automap.rb
 INFO LOG: May__7_21:18: Loading cities.olc.rb
 INFO LOG: May__7_21:18: Loading cities.rb
 INFO LOG: May__7_21:18: Loading sector definitions.
 INFO LOG: May__7_21:18: Loading help.rb
 INFO LOG: May__7_21:18: Loading imcruby.rb
 INFO LOG: May__7_21:18: Loading player.rb
 INFO LOG: May__7_21:18: Loading commands.rb
 INFO LOG: May__7_21:18: Loading random.rb
 INFO LOG: May__7_21:18: Loading npc.rb
 INFO LOG: May__7_21:18: Loading items.rb
 INFO LOG: May__7_21:18: Loading spells.rb
 INFO LOG: May__7_21:18: Loading all zones.
 INFO LOG: May__7_21:18: Starting server.
 INFO LOG: May__7_21:18: CoralMUD is now up on port 4000.
 INFO LOG: May__7_21:18: -- 76.202.141.206:45758 connected to CoralMUD!
 INFO LOG: May__7_21:18: -- 76.202.141.206:45758: Retnur is trying to connect.
 INFO LOG: May__7_21:18: -- 76.202.141.206:45758: Retnur player file found.
 INFO LOG: May__7_21:18: -- Retnur has entered the game.
 INFO LOG: May__7_21:18: -- #<Player:0x00000002a6c640>:76.202.141.206:45758 disconnected from CoralMUD!
 INFO LOG: May__7_21:18: Program closed.
 INFO LOG: May__7_21:19: Logging enabled.   Loading logs.rb.
 INFO LOG: May__7_21:19: Loading facade.rb
 INFO LOG: May__7_21:19: Loading query_list.rb
 INFO LOG: May__7_21:19: Loading utils.rb
 INFO LOG: May__7_21:19: Loading constants.rb
 INFO LOG: May__7_21:19: Loading class_property.rb
 INFO LOG: May__7_21:19: Loading scripts.rb
 INFO LOG: May__7_21:19: Loading tags.rb
 INFO LOG: May__7_21:19: Loading editor/editors.rb
 INFO LOG: May__7_21:19: Loading editor/editor.strings.rb
 INFO LOG: May__7_21:19: Loading editor/editor.rooms.rb
 INFO LOG: May__7_21:19: Loading editor/editor.exits.rb
 INFO LOG: May__7_21:19: Loading editor/editor.zones.rb
 INFO LOG: May__7_21:19: Loading editor/editor.npc.rb
 INFO LOG: May__7_21:19: Loading editor/editor.items.rb
 INFO LOG: May__7_21:19: Loading mxp.rb
 INFO LOG: May__7_21:19: Loading mccp.rb
 INFO LOG: May__7_21:19: Loading flags.rb
 INFO LOG: May__7_21:19: Loading damage.rb
 INFO LOG: May__7_21:19: Loading areas.rb
 INFO LOG: May__7_21:19: Loading event.rb
 INFO LOG: May__7_21:19: Loading automap/automap.rb
 INFO LOG: May__7_21:19: Loading cities.olc.rb
 INFO LOG: May__7_21:19: Loading cities.rb
 INFO LOG: May__7_21:19: Loading sector definitions.
 INFO LOG: May__7_21:19: Loading help.rb
 INFO LOG: May__7_21:19: Loading imcruby.rb
 INFO LOG: May__7_21:19: Loading player.rb
 INFO LOG: May__7_21:19: Loading commands.rb
 INFO LOG: May__7_21:19: Loading random.rb
 INFO LOG: May__7_21:19: Loading npc.rb
 INFO LOG: May__7_21:19: Loading items.rb
 INFO LOG: May__7_21:19: Loading spells.rb
 INFO LOG: May__7_21:19: Loading all zones.
 INFO LOG: May__7_21:19: Starting server.
 INFO LOG: May__7_21:20: CoralMUD is now up on port 4000.
 INFO LOG: May__7_21:20: -- 76.202.141.206:49566 connected to CoralMUD!
 INFO LOG: May__7_21:20: -- 76.202.141.206:49566: Retnur is trying to connect.
 INFO LOG: May__7_21:20: -- 76.202.141.206:49566: Retnur player file found.
 INFO LOG: May__7_21:20: -- Retnur has entered the game.
 INFO LOG: May__7_21:20: -- #<Player:0x00000002a96350>:76.202.141.206:49566 disconnected from CoralMUD!
 INFO LOG: May__7_21:20: Program closed.
 INFO LOG: May__7_21:20: Logging enabled.   Loading logs.rb.
 INFO LOG: May__7_21:20: Loading facade.rb
 INFO LOG: May__7_21:20: Loading query_list.rb
 INFO LOG: May__7_21:20: Loading utils.rb
 INFO LOG: May__7_21:20: Loading constants.rb
 INFO LOG: May__7_21:20: Loading class_property.rb
 INFO LOG: May__7_21:20: Loading scripts.rb
 INFO LOG: May__7_21:20: Loading tags.rb
 INFO LOG: May__7_21:20: Loading editor/editors.rb
 INFO LOG: May__7_21:20: Loading editor/editor.strings.rb
 INFO LOG: May__7_21:20: Loading editor/editor.rooms.rb
 INFO LOG: May__7_21:20: Loading editor/editor.exits.rb
 INFO LOG: May__7_21:20: Loading editor/editor.zones.rb
 INFO LOG: May__7_21:20: Loading editor/editor.npc.rb
 INFO LOG: May__7_21:20: Loading editor/editor.items.rb
 INFO LOG: May__7_21:20: Loading mxp.rb
 INFO LOG: May__7_21:20: Loading mccp.rb
 INFO LOG: May__7_21:20: Loading flags.rb
 INFO LOG: May__7_21:20: Loading damage.rb
 INFO LOG: May__7_21:20: Loading areas.rb
 INFO LOG: May__7_21:20: Loading event.rb
 INFO LOG: May__7_21:20: Loading automap/automap.rb
 INFO LOG: May__7_21:20: Loading cities.olc.rb
 INFO LOG: May__7_21:20: Loading cities.rb
 INFO LOG: May__7_21:20: Loading sector definitions.
 INFO LOG: May__7_21:20: Loading help.rb
 INFO LOG: May__7_21:20: Loading imcruby.rb
 INFO LOG: May__7_21:20: Loading player.rb
 INFO LOG: May__7_21:20: Loading commands.rb
 INFO LOG: May__7_21:20: Loading random.rb
 INFO LOG: May__7_21:20: Loading npc.rb
 INFO LOG: May__7_21:20: Loading items.rb
 INFO LOG: May__7_21:20: Loading spells.rb
 INFO LOG: May__7_21:20: Loading all zones.
 INFO LOG: May__7_21:20: Starting server.
 INFO LOG: May__7_21:20: CoralMUD is now up on port 4000.
 INFO LOG: May__7_21:22: -- 76.202.141.206:49810 connected to CoralMUD!
 INFO LOG: May__7_21:22: -- 76.202.141.206:49810: Retnur is trying to connect.
 INFO LOG: May__7_21:22: -- 76.202.141.206:49810: Retnur player file found.
 INFO LOG: May__7_21:22: -- Retnur has entered the game.
 INFO LOG: May__7_21:22: tick!!!
 INFO LOG: May__7_21:24: tick!!!
 INFO LOG: May__7_21:26: tick!!!
 INFO LOG: May__7_21:28: tick!!!
 INFO LOG: May__7_21:30: tick!!!
 INFO LOG: May__7_21:32: tick!!!
 INFO LOG: May__7_21:34: tick!!!
 INFO LOG: May__7_21:36: tick!!!
 INFO LOG: May__7_21:38: tick!!!
 INFO LOG: May__7_21:40: tick!!!
 INFO LOG: May__7_21:42: tick!!!
 INFO LOG: May__7_21:44: tick!!!
 INFO LOG: May__7_21:46: tick!!!
 INFO LOG: May__7_21:48: tick!!!
 INFO LOG: May__7_21:50: tick!!!
 INFO LOG: May__7_21:52: tick!!!
 INFO LOG: May__7_21:54: tick!!!
 INFO LOG: May__7_21:56: tick!!!
 INFO LOG: May__7_21:58: tick!!!
 INFO LOG: May__7_22:00: tick!!!
 INFO LOG: May__7_22:02: tick!!!
 INFO LOG: May__7_22:04: tick!!!
 INFO LOG: May__7_22:06: tick!!!
 INFO LOG: May__7_22:08: tick!!!
 INFO LOG: May__7_22:10: tick!!!
 INFO LOG: May__7_22:12: tick!!!
 INFO LOG: May__7_22:14: tick!!!
 INFO LOG: May__7_22:16: tick!!!
 INFO LOG: May__7_22:18: tick!!!
 INFO LOG: May__7_22:20: tick!!!
 INFO LOG: May__7_22:22: tick!!!
 INFO LOG: May__7_22:24: tick!!!
 INFO LOG: May__7_22:26: tick!!!
 INFO LOG: May__7_22:28: tick!!!
 INFO LOG: May__7_22:30: tick!!!
 INFO LOG: May__7_22:32: tick!!!
 INFO LOG: May__7_22:34: tick!!!
 INFO LOG: May__7_22:36: tick!!!
 INFO LOG: May__7_22:38: tick!!!
 INFO LOG: May__7_22:40: tick!!!
 INFO LOG: May__7_22:42: tick!!!
 INFO LOG: May__7_22:44: tick!!!
 INFO LOG: May__7_22:46: tick!!!
 INFO LOG: May__7_22:48: tick!!!
 INFO LOG: May__7_22:50: tick!!!
 INFO LOG: May__7_22:52: tick!!!
 INFO LOG: May__7_22:54: tick!!!
 INFO LOG: May__7_22:56: tick!!!
 INFO LOG: May__7_22:58: tick!!!
 INFO LOG: May__7_23:00: tick!!!
 INFO LOG: May__7_23:02: tick!!!
 INFO LOG: May__7_23:04: tick!!!
 INFO LOG: May__7_23:06: tick!!!
 INFO LOG: May__7_23:08: tick!!!
 INFO LOG: May__7_23:10: tick!!!
 INFO LOG: May__7_23:12: tick!!!
 INFO LOG: May__7_23:14: tick!!!
 INFO LOG: May__7_23:16: tick!!!
 INFO LOG: May__7_23:18: tick!!!
 INFO LOG: May__7_23:20: tick!!!
 INFO LOG: May__7_23:22: tick!!!
 INFO LOG: May__7_23:24: tick!!!
 INFO LOG: May__7_23:26: tick!!!
 INFO LOG: May__7_23:28: tick!!!
 INFO LOG: May__7_23:31: tick!!!
 INFO LOG: May__7_23:33: tick!!!
 INFO LOG: May__7_23:35: tick!!!
 INFO LOG: May__7_23:37: tick!!!
 INFO LOG: May__7_23:39: tick!!!
 INFO LOG: May__7_23:41: tick!!!
 INFO LOG: May__7_23:43: tick!!!
 INFO LOG: May__7_23:45: tick!!!
 INFO LOG: May__7_23:47: tick!!!
 INFO LOG: May__7_23:49: tick!!!
 INFO LOG: May__7_23:51: tick!!!
 INFO LOG: May__7_23:53: tick!!!
 INFO LOG: May__7_23:55: tick!!!
 INFO LOG: May__7_23:57: tick!!!
 INFO LOG: May__7_23:59: tick!!!
 INFO LOG: May__8_00:01: tick!!!
 INFO LOG: May__8_00:03: tick!!!
 INFO LOG: May__8_00:05: tick!!!
 INFO LOG: May__8_00:07: tick!!!
 INFO LOG: May__8_00:09: tick!!!
 INFO LOG: May__8_00:11: tick!!!
 INFO LOG: May__8_00:13: tick!!!
 INFO LOG: May__8_00:15: tick!!!
 INFO LOG: May__8_00:17: tick!!!
 INFO LOG: May__8_00:19: tick!!!
 INFO LOG: May__8_00:21: tick!!!
 INFO LOG: May__8_00:23: tick!!!
 INFO LOG: May__8_00:25: tick!!!
 INFO LOG: May__8_00:27: tick!!!
 INFO LOG: May__8_00:29: tick!!!
 INFO LOG: May__8_00:31: tick!!!
 INFO LOG: May__8_00:33: tick!!!
 INFO LOG: May__8_00:35: tick!!!
 INFO LOG: May__8_00:37: tick!!!
 INFO LOG: May__8_00:39: tick!!!
 INFO LOG: May__8_00:41: tick!!!
 INFO LOG: May__8_00:43: tick!!!
 INFO LOG: May__8_00:45: tick!!!
 INFO LOG: May__8_00:47: tick!!!
 INFO LOG: May__8_00:49: tick!!!
 INFO LOG: May__8_00:51: tick!!!
 INFO LOG: May__8_00:53: tick!!!
 INFO LOG: May__8_00:55: tick!!!
 INFO LOG: May__8_00:57: tick!!!
 INFO LOG: May__8_00:59: tick!!!
 INFO LOG: May__8_01:01: tick!!!
 INFO LOG: May__8_01:03: tick!!!
 INFO LOG: May__8_01:05: tick!!!
 INFO LOG: May__8_01:07: tick!!!
 INFO LOG: May__8_01:08: Loading damage.rb
 INFO LOG: May__8_01:09: tick!!!
 INFO LOG: May__8_01:11: tick!!!
 INFO LOG: May__8_01:13: tick!!!
 INFO LOG: May__8_01:15: tick!!!
 INFO LOG: May__8_01:17: tick!!!
 INFO LOG: May__8_01:19: tick!!!
 INFO LOG: May__8_01:21: tick!!!
 INFO LOG: May__8_01:23: tick!!!
 INFO LOG: May__8_01:25: tick!!!
 INFO LOG: May__8_01:27: tick!!!
 INFO LOG: May__8_01:29: tick!!!
 INFO LOG: May__8_01:31: tick!!!
 INFO LOG: May__8_01:32: Loading damage.rb
 INFO LOG: May__8_01:33: Loading damage.rb
 INFO LOG: May__8_01:33: tick!!!
 INFO LOG: May__8_01:34: -- #<Player:0x000000022e5ac0>:76.202.141.206:49810 disconnected from CoralMUD!
