 INFO LOG: May_29_23:42: Logging enabled.   Loading logs.rb.
 INFO LOG: May_29_23:42: Loading spellcheck.rb
 INFO LOG: May_29_23:42: Loading facade.rb
 INFO LOG: May_29_23:42: Loading query_list.rb
 INFO LOG: May_29_23:42: Loading utils.rb
 INFO LOG: May_29_23:42: Loading constants.rb
 INFO LOG: May_29_23:42: Loading damage.rb
 INFO LOG: May_29_23:42: Loading class_property.rb
 INFO LOG: May_29_23:42: Loading scripts.rb
 INFO LOG: May_29_23:42: Loading tags.rb
 INFO LOG: May_29_23:42: Loading editor/editors.rb
 INFO LOG: May_29_23:42: Loading editor/editor.strings.rb
 INFO LOG: May_29_23:42: Loading editor/editor.rooms.rb
 INFO LOG: May_29_23:42: Loading editor/editor.exits.rb
 INFO LOG: May_29_23:42: Loading editor/editor.zones.rb
 INFO LOG: May_29_23:42: Loading editor/editor.npc.rb
 INFO LOG: May_29_23:42: Loading editor/editor.items.rb
 INFO LOG: May_29_23:42: Loading editor/editor.socials.rb
 INFO LOG: May_29_23:42: Loading socials.rb
 INFO LOG: May_29_23:42: Loading mxp.rb
 INFO LOG: May_29_23:42: Loading mccp.rb
 INFO LOG: May_29_23:42: Loading flags.rb
 INFO LOG: May_29_23:42: Loading areas.rb
 INFO LOG: May_29_23:42: Loading security.rb
 INFO LOG: May_29_23:42: Loading resets.rb
 INFO LOG: May_29_23:42: Loading event.rb
 INFO LOG: May_29_23:42: Loading automap/automap.rb
 INFO LOG: May_29_23:42: Loading cities.rb
 INFO LOG: May_29_23:42: Loading sector definitions.
 INFO LOG: May_29_23:42: Loading help.rb
 INFO LOG: May_29_23:42: Loading imcruby.rb
 INFO LOG: May_29_23:42: Loading player.rb
 INFO LOG: May_29_23:42: Loading commands.rb
 INFO LOG: May_29_23:44: Logging enabled.   Loading logs.rb.
 INFO LOG: May_29_23:44: Loading spellcheck.rb
 INFO LOG: May_29_23:44: Loading facade.rb
 INFO LOG: May_29_23:44: Loading query_list.rb
 INFO LOG: May_29_23:44: Loading utils.rb
 INFO LOG: May_29_23:44: Loading constants.rb
 INFO LOG: May_29_23:44: Loading damage.rb
 INFO LOG: May_29_23:44: Loading class_property.rb
 INFO LOG: May_29_23:44: Loading scripts.rb
 INFO LOG: May_29_23:44: Loading tags.rb
 INFO LOG: May_29_23:44: Loading editor/editors.rb
 INFO LOG: May_29_23:44: Loading editor/editor.strings.rb
 INFO LOG: May_29_23:44: Loading editor/editor.rooms.rb
 INFO LOG: May_29_23:44: Loading editor/editor.exits.rb
 INFO LOG: May_29_23:44: Loading editor/editor.zones.rb
 INFO LOG: May_29_23:44: Loading editor/editor.npc.rb
 INFO LOG: May_29_23:44: Loading editor/editor.items.rb
 INFO LOG: May_29_23:44: Loading editor/editor.socials.rb
 INFO LOG: May_29_23:44: Loading socials.rb
 INFO LOG: May_29_23:44: Loading mxp.rb
 INFO LOG: May_29_23:44: Loading mccp.rb
 INFO LOG: May_29_23:44: Loading flags.rb
 INFO LOG: May_29_23:44: Loading areas.rb
 INFO LOG: May_29_23:44: Loading security.rb
 INFO LOG: May_29_23:44: Loading resets.rb
 INFO LOG: May_29_23:44: Loading event.rb
 INFO LOG: May_29_23:44: Loading automap/automap.rb
 INFO LOG: May_29_23:44: Loading cities.rb
 INFO LOG: May_29_23:44: Loading sector definitions.
 INFO LOG: May_29_23:44: Loading help.rb
 INFO LOG: May_29_23:44: Loading imcruby.rb
 INFO LOG: May_29_23:44: Loading player.rb
 INFO LOG: May_29_23:44: Loading commands.rb
 INFO LOG: May_29_23:44: Loading editor/editor.player.rb
 INFO LOG: May_29_23:44: Loading random.rb
 INFO LOG: May_29_23:44: Loading npc.rb
 INFO LOG: May_29_23:44: Loading items/types.rb
 INFO LOG: May_29_23:44: Loading items/items.rb
 INFO LOG: May_29_23:44: Loading spells.rb
 INFO LOG: May_29_23:44: Loading all zones.
 INFO LOG: May_29_23:44: Loading all socials.
 INFO LOG: May_29_23:44: Starting server.
 INFO LOG: May_29_23:44: CoralMUD is now up on port 4000.
 INFO LOG: May_29_23:46: tick!!!
 INFO LOG: May_29_23:48: tick!!!
 INFO LOG: May_29_23:50: tick!!!
 INFO LOG: May_29_23:52: tick!!!
 INFO LOG: May_29_23:54: tick!!!
 INFO LOG: May_29_23:55: -- 76.202.141.206:40479 connected to CoralMUD!
 INFO LOG: May_29_23:55: -- 76.202.141.206:40479: Retnur is trying to connect.
 INFO LOG: May_29_23:55: -- 76.202.141.206:40479: Retnur player file found.
 INFO LOG: May_29_23:55: -- Retnur has entered the game.
 INFO LOG: May_29_23:56: tick!!!
 INFO LOG: May_29_23:58: tick!!!
 INFO LOG: May_30_00:00: tick!!!
 INFO LOG: May_30_00:02: tick!!!
 INFO LOG: May_30_00:04: tick!!!
 INFO LOG: May_30_00:06: tick!!!
 INFO LOG: May_30_00:08: tick!!!
 INFO LOG: May_30_00:10: tick!!!
 INFO LOG: May_30_00:12: tick!!!
 INFO LOG: May_30_00:14: tick!!!
 INFO LOG: May_30_00:16: tick!!!
 INFO LOG: May_30_00:18: tick!!!
 INFO LOG: May_30_00:20: tick!!!
 INFO LOG: May_30_00:22: tick!!!
 INFO LOG: May_30_00:24: tick!!!
 INFO LOG: May_30_00:26: tick!!!
 INFO LOG: May_30_00:28: tick!!!
 INFO LOG: May_30_00:30: tick!!!
 INFO LOG: May_30_00:32: tick!!!
 INFO LOG: May_30_00:34: tick!!!
 INFO LOG: May_30_00:36: tick!!!
 INFO LOG: May_30_00:38: tick!!!
 INFO LOG: May_30_00:40: tick!!!
 INFO LOG: May_30_00:42: tick!!!
 INFO LOG: May_30_00:44: tick!!!
 INFO LOG: May_30_00:46: tick!!!
 INFO LOG: May_30_00:48: tick!!!
 INFO LOG: May_30_00:50: tick!!!
 INFO LOG: May_30_00:52: tick!!!
 INFO LOG: May_30_00:54: tick!!!
 INFO LOG: May_30_00:56: tick!!!
 INFO LOG: May_30_00:58: tick!!!
 INFO LOG: May_30_01:00: tick!!!
 INFO LOG: May_30_01:02: tick!!!
 INFO LOG: May_30_01:04: tick!!!
 INFO LOG: May_30_01:06: tick!!!
 INFO LOG: May_30_01:08: tick!!!
 INFO LOG: May_30_01:10: tick!!!
 INFO LOG: May_30_01:12: tick!!!
 INFO LOG: May_30_01:14: tick!!!
 INFO LOG: May_30_01:16: tick!!!
 INFO LOG: May_30_01:18: tick!!!
 INFO LOG: May_30_01:20: tick!!!
 INFO LOG: May_30_01:22: tick!!!
 INFO LOG: May_30_01:24: tick!!!
 INFO LOG: May_30_01:26: tick!!!
 INFO LOG: May_30_01:28: tick!!!
 INFO LOG: May_30_01:30: tick!!!
 INFO LOG: May_30_01:32: tick!!!
 INFO LOG: May_30_01:34: tick!!!
 INFO LOG: May_30_01:36: tick!!!
 INFO LOG: May_30_01:38: tick!!!
 INFO LOG: May_30_01:40: tick!!!
 INFO LOG: May_30_01:42: tick!!!
 INFO LOG: May_30_01:44: tick!!!
 INFO LOG: May_30_01:46: tick!!!
 INFO LOG: May_30_01:48: tick!!!
 INFO LOG: May_30_01:50: tick!!!
 INFO LOG: May_30_01:52: tick!!!
 INFO LOG: May_30_01:54: tick!!!
 INFO LOG: May_30_01:56: tick!!!
 INFO LOG: May_30_01:58: tick!!!
 INFO LOG: May_30_02:00: tick!!!
 INFO LOG: May_30_02:02: tick!!!
 INFO LOG: May_30_02:04: tick!!!
 INFO LOG: May_30_02:06: tick!!!
 INFO LOG: May_30_02:08: tick!!!
 INFO LOG: May_30_02:10: tick!!!
 INFO LOG: May_30_02:12: tick!!!
 INFO LOG: May_30_02:14: tick!!!
 INFO LOG: May_30_02:16: tick!!!
 INFO LOG: May_30_02:18: tick!!!
 INFO LOG: May_30_02:20: tick!!!
 INFO LOG: May_30_02:22: tick!!!
 INFO LOG: May_30_02:24: tick!!!
 INFO LOG: May_30_02:26: tick!!!
 INFO LOG: May_30_02:28: tick!!!
 INFO LOG: May_30_02:30: tick!!!
 INFO LOG: May_30_02:32: tick!!!
 INFO LOG: May_30_02:34: tick!!!
 INFO LOG: May_30_02:36: tick!!!
 INFO LOG: May_30_02:38: tick!!!
 INFO LOG: May_30_02:40: tick!!!
 INFO LOG: May_30_02:42: tick!!!
 INFO LOG: May_30_02:44: tick!!!
 INFO LOG: May_30_02:46: tick!!!
 INFO LOG: May_30_02:48: tick!!!
 INFO LOG: May_30_02:50: tick!!!
 INFO LOG: May_30_02:52: tick!!!
 INFO LOG: May_30_02:54: tick!!!
 INFO LOG: May_30_02:56: tick!!!
 INFO LOG: May_30_02:58: tick!!!
 INFO LOG: May_30_03:00: tick!!!
 INFO LOG: May_30_03:02: tick!!!
 INFO LOG: May_30_03:04: tick!!!
 INFO LOG: May_30_03:06: tick!!!
 INFO LOG: May_30_03:08: tick!!!
 INFO LOG: May_30_03:10: tick!!!
 INFO LOG: May_30_03:12: tick!!!
 INFO LOG: May_30_03:14: tick!!!
 INFO LOG: May_30_03:16: tick!!!
 INFO LOG: May_30_03:18: tick!!!
 INFO LOG: May_30_03:20: tick!!!
 INFO LOG: May_30_03:22: tick!!!
 INFO LOG: May_30_03:24: tick!!!
 INFO LOG: May_30_03:26: tick!!!
 INFO LOG: May_30_03:28: tick!!!
 INFO LOG: May_30_03:30: tick!!!
 INFO LOG: May_30_03:32: tick!!!
 INFO LOG: May_30_03:34: tick!!!
 INFO LOG: May_30_03:36: tick!!!
 INFO LOG: May_30_03:38: tick!!!
 INFO LOG: May_30_03:40: tick!!!
 INFO LOG: May_30_03:42: tick!!!
 INFO LOG: May_30_03:44: tick!!!
 INFO LOG: May_30_03:46: tick!!!
 INFO LOG: May_30_03:48: tick!!!
 INFO LOG: May_30_03:50: tick!!!
 INFO LOG: May_30_03:52: tick!!!
 INFO LOG: May_30_03:54: tick!!!
 INFO LOG: May_30_03:56: tick!!!
 INFO LOG: May_30_03:58: tick!!!
 INFO LOG: May_30_04:00: tick!!!
 INFO LOG: May_30_04:02: tick!!!
 INFO LOG: May_30_04:04: tick!!!
 INFO LOG: May_30_04:06: tick!!!
 INFO LOG: May_30_04:08: tick!!!
 INFO LOG: May_30_04:10: tick!!!
 INFO LOG: May_30_04:12: tick!!!
 INFO LOG: May_30_04:14: tick!!!
 INFO LOG: May_30_04:16: tick!!!
 INFO LOG: May_30_04:18: tick!!!
 INFO LOG: May_30_04:20: tick!!!
 INFO LOG: May_30_04:22: tick!!!
 INFO LOG: May_30_04:24: tick!!!
 INFO LOG: May_30_04:26: tick!!!
 INFO LOG: May_30_04:28: -- #<Player:0x0000000278e220>:76.202.141.206:40479 disconnected from CoralMUD!
