 INFO LOG: May_17_13:11: Logging enabled.   Loading logs.rb.
 INFO LOG: May_17_13:11: Loading facade.rb
 INFO LOG: May_17_13:11: Loading query_list.rb
 INFO LOG: May_17_13:11: Loading utils.rb
 INFO LOG: May_17_13:11: Loading constants.rb
 INFO LOG: May_17_13:11: Loading damage.rb
 INFO LOG: May_17_13:11: Loading class_property.rb
 INFO LOG: May_17_13:11: Loading scripts.rb
 INFO LOG: May_17_13:11: Loading tags.rb
 INFO LOG: May_17_13:11: Loading editor/editors.rb
 INFO LOG: May_17_13:11: Loading editor/editor.strings.rb
 INFO LOG: May_17_13:11: Loading editor/editor.rooms.rb
 INFO LOG: May_17_13:11: Loading editor/editor.exits.rb
 INFO LOG: May_17_13:11: Loading editor/editor.zones.rb
 INFO LOG: May_17_13:11: Loading editor/editor.npc.rb
 INFO LOG: May_17_13:11: Loading editor/editor.items.rb
 INFO LOG: May_17_13:11: Loading mxp.rb
 INFO LOG: May_17_13:11: Loading mccp.rb
 INFO LOG: May_17_13:11: Loading flags.rb
 INFO LOG: May_17_13:11: Loading areas.rb
 INFO LOG: May_17_13:11: Loading security.rb
 INFO LOG: May_17_13:11: Loading event.rb
 INFO LOG: May_17_13:11: Loading automap/automap.rb
 INFO LOG: May_17_13:11: Loading cities.olc.rb
 INFO LOG: May_17_13:11: Loading cities.rb
 INFO LOG: May_17_13:11: Loading sector definitions.
 INFO LOG: May_17_13:11: Loading help.rb
 INFO LOG: May_17_13:11: Loading imcruby.rb
 INFO LOG: May_17_13:11: Loading player.rb
 INFO LOG: May_17_13:11: Loading commands.rb
 INFO LOG: May_17_13:11: Loading editor/editor.player.rb
 INFO LOG: May_17_13:11: Loading random.rb
 INFO LOG: May_17_13:11: Loading npc.rb
 INFO LOG: May_17_13:11: Loading items/types.rb
 INFO LOG: May_17_13:11: Loading items/items.rb
 INFO LOG: May_17_13:11: Loading spells.rb
 INFO LOG: May_17_13:11: Loading all zones.
 INFO LOG: May_17_13:11: Starting server.
 INFO LOG: May_17_13:11: CoralMUD is now up on port 4000.
 INFO LOG: May_17_13:11: -- 76.202.141.206:45265 connected to CoralMUD!
 INFO LOG: May_17_13:11: -- 76.202.141.206:45265: Retnur is trying to connect.
 INFO LOG: May_17_13:11: -- 76.202.141.206:45265: Retnur player file found.
 INFO LOG: May_17_13:11: -- Retnur has entered the game.
 INFO LOG: May_17_13:13: tick!!!
 INFO LOG: May_17_13:15: tick!!!
 INFO LOG: May_17_13:17: tick!!!
 INFO LOG: May_17_13:19: tick!!!
 INFO LOG: May_17_13:21: -- #<Player:0x00000001856870>:76.202.141.206:45265 disconnected from CoralMUD!
 INFO LOG: May_17_13:21: Logging enabled.   Loading logs.rb.
 INFO LOG: May_17_13:21: Loading facade.rb
 INFO LOG: May_17_13:21: Loading query_list.rb
 INFO LOG: May_17_13:21: Loading utils.rb
 INFO LOG: May_17_13:21: Loading constants.rb
 INFO LOG: May_17_13:21: Loading damage.rb
 INFO LOG: May_17_13:21: Loading class_property.rb
 INFO LOG: May_17_13:21: Loading scripts.rb
 INFO LOG: May_17_13:21: Loading tags.rb
 INFO LOG: May_17_13:21: Loading editor/editors.rb
 INFO LOG: May_17_13:21: Loading editor/editor.strings.rb
 INFO LOG: May_17_13:21: Loading editor/editor.rooms.rb
 INFO LOG: May_17_13:21: Loading editor/editor.exits.rb
 INFO LOG: May_17_13:21: Loading editor/editor.zones.rb
 INFO LOG: May_17_13:21: Loading editor/editor.npc.rb
 INFO LOG: May_17_13:21: Loading editor/editor.items.rb
 INFO LOG: May_17_13:21: Loading mxp.rb
 INFO LOG: May_17_13:21: Loading mccp.rb
 INFO LOG: May_17_13:21: Loading flags.rb
 INFO LOG: May_17_13:21: Loading areas.rb
 INFO LOG: May_17_13:21: Loading security.rb
 INFO LOG: May_17_13:21: Loading event.rb
 INFO LOG: May_17_13:21: Loading automap/automap.rb
 INFO LOG: May_17_13:21: Loading cities.olc.rb
 INFO LOG: May_17_13:21: Loading cities.rb
 INFO LOG: May_17_13:21: Loading sector definitions.
 INFO LOG: May_17_13:21: Loading help.rb
 INFO LOG: May_17_13:21: Loading imcruby.rb
 INFO LOG: May_17_13:21: Loading player.rb
 INFO LOG: May_17_13:21: Loading commands.rb
 INFO LOG: May_17_13:21: Loading editor/editor.player.rb
 INFO LOG: May_17_13:21: Loading random.rb
 INFO LOG: May_17_13:21: Loading npc.rb
 INFO LOG: May_17_13:21: Loading items/types.rb
 INFO LOG: May_17_13:21: Loading items/items.rb
 INFO LOG: May_17_13:21: Loading spells.rb
 INFO LOG: May_17_13:21: Loading all zones.
 INFO LOG: May_17_13:21: Starting server.
 INFO LOG: May_17_13:21: CoralMUD is now up on port 4000.
 INFO LOG: May_17_13:23: tick!!!
 INFO LOG: May_17_13:25: tick!!!
 INFO LOG: May_17_13:27: tick!!!
 INFO LOG: May_17_13:29: tick!!!
 INFO LOG: May_17_13:31: tick!!!
 INFO LOG: May_17_13:33: tick!!!
 INFO LOG: May_17_13:35: tick!!!
 INFO LOG: May_17_13:37: tick!!!
 INFO LOG: May_17_13:39: tick!!!
 INFO LOG: May_17_13:41: tick!!!
 INFO LOG: May_17_13:43: tick!!!
 INFO LOG: May_17_13:45: tick!!!
 INFO LOG: May_17_13:47: tick!!!
 INFO LOG: May_17_13:49: tick!!!
 INFO LOG: May_17_13:51: tick!!!
 INFO LOG: May_17_13:53: tick!!!
 INFO LOG: May_17_13:55: tick!!!
 INFO LOG: May_17_13:57: tick!!!
 INFO LOG: May_17_13:58: -- 76.202.141.206:52016 connected to CoralMUD!
 INFO LOG: May_17_13:58: -- 76.202.141.206:52016: Retnur is trying to connect.
 INFO LOG: May_17_13:58: -- 76.202.141.206:52016: Retnur player file found.
 INFO LOG: May_17_13:58: -- Retnur has entered the game.
 INFO LOG: May_17_13:59: tick!!!
 INFO LOG: May_17_14:01: tick!!!
 INFO LOG: May_17_14:03: tick!!!
 INFO LOG: May_17_14:05: -- 187.77.36.24:54548 connected to CoralMUD!
 INFO LOG: May_17_14:05: -- 187.77.36.24:54548: Nkr is trying to connect.
 INFO LOG: May_17_14:05: -- 187.77.36.24:54548: Nkr:  New Character.
 INFO LOG: May_17_14:05: tick!!!
 INFO LOG: May_17_14:06: -- 187.77.36.24:54548: Nkr successfully created.
 INFO LOG: May_17_14:06: -- Nkr has entered the game.
 INFO LOG: May_17_14:07: -- #<Player:0x000000014eec50>:187.77.36.24:54548 disconnected from CoralMUD!
 INFO LOG: May_17_14:07: tick!!!
 INFO LOG: May_17_14:09: tick!!!
 INFO LOG: May_17_14:11: tick!!!
 INFO LOG: May_17_14:13: tick!!!
 INFO LOG: May_17_14:15: tick!!!
 INFO LOG: May_17_14:17: tick!!!
 INFO LOG: May_17_14:19: tick!!!
 INFO LOG: May_17_14:21: tick!!!
 INFO LOG: May_17_14:23: tick!!!
 INFO LOG: May_17_14:25: tick!!!
 INFO LOG: May_17_14:27: tick!!!
 INFO LOG: May_17_14:29: tick!!!
 INFO LOG: May_17_14:31: tick!!!
 INFO LOG: May_17_14:33: tick!!!
 INFO LOG: May_17_14:35: tick!!!
 INFO LOG: May_17_14:37: tick!!!
 INFO LOG: May_17_14:39: tick!!!
 INFO LOG: May_17_14:41: tick!!!
 INFO LOG: May_17_14:43: tick!!!
 INFO LOG: May_17_14:45: tick!!!
 INFO LOG: May_17_14:47: tick!!!
 INFO LOG: May_17_14:49: tick!!!
 INFO LOG: May_17_14:51: tick!!!
 INFO LOG: May_17_14:53: tick!!!
 INFO LOG: May_17_14:55: tick!!!
 INFO LOG: May_17_14:57: tick!!!
 INFO LOG: May_17_14:59: tick!!!
 INFO LOG: May_17_15:01: tick!!!
 INFO LOG: May_17_15:03: tick!!!
 INFO LOG: May_17_15:05: tick!!!
 INFO LOG: May_17_15:07: tick!!!
 INFO LOG: May_17_15:09: tick!!!
 INFO LOG: May_17_15:11: tick!!!
 INFO LOG: May_17_15:13: tick!!!
 INFO LOG: May_17_15:15: tick!!!
 INFO LOG: May_17_15:17: tick!!!
 INFO LOG: May_17_15:19: tick!!!
 INFO LOG: May_17_15:21: tick!!!
 INFO LOG: May_17_15:23: tick!!!
 INFO LOG: May_17_15:25: tick!!!
 INFO LOG: May_17_15:27: tick!!!
 INFO LOG: May_17_15:29: tick!!!
 INFO LOG: May_17_15:31: tick!!!
 INFO LOG: May_17_15:33: tick!!!
 INFO LOG: May_17_15:35: tick!!!
 INFO LOG: May_17_15:37: tick!!!
 INFO LOG: May_17_15:39: tick!!!
 INFO LOG: May_17_15:41: tick!!!
 INFO LOG: May_17_15:43: tick!!!
 INFO LOG: May_17_15:45: tick!!!
 INFO LOG: May_17_15:47: tick!!!
 INFO LOG: May_17_15:49: tick!!!
 INFO LOG: May_17_15:51: tick!!!
 INFO LOG: May_17_15:53: tick!!!
 INFO LOG: May_17_15:55: tick!!!
 INFO LOG: May_17_15:57: tick!!!
 INFO LOG: May_17_15:59: tick!!!
 INFO LOG: May_17_16:01: tick!!!
 INFO LOG: May_17_16:03: tick!!!
 INFO LOG: May_17_16:05: tick!!!
 INFO LOG: May_17_16:07: tick!!!
 INFO LOG: May_17_16:09: tick!!!
 INFO LOG: May_17_16:11: tick!!!
 INFO LOG: May_17_16:13: tick!!!
 INFO LOG: May_17_16:15: tick!!!
 INFO LOG: May_17_16:17: tick!!!
 INFO LOG: May_17_16:19: tick!!!
 INFO LOG: May_17_16:21: tick!!!
 INFO LOG: May_17_16:23: tick!!!
 INFO LOG: May_17_16:25: tick!!!
 INFO LOG: May_17_16:27: tick!!!
 INFO LOG: May_17_16:29: tick!!!
 INFO LOG: May_17_16:31: tick!!!
 INFO LOG: May_17_16:33: tick!!!
 INFO LOG: May_17_16:35: tick!!!
 INFO LOG: May_17_16:37: tick!!!
 INFO LOG: May_17_16:39: Loading event.rb
 INFO LOG: May_17_16:39: tick!!!
 INFO LOG: May_17_16:41: tick!!!
 INFO LOG: May_17_16:43: tick!!!
 INFO LOG: May_17_16:45: tick!!!
 INFO LOG: May_17_16:47: tick!!!
 INFO LOG: May_17_16:49: tick!!!
 INFO LOG: May_17_16:50: Loading areas.rb
 INFO LOG: May_17_16:50: Loading areas.rb
 INFO LOG: May_17_16:51: tick!!!
 INFO LOG: May_17_16:53: tick!!!
 INFO LOG: May_17_16:55: tick!!!
 INFO LOG: May_17_16:57: tick!!!
 INFO LOG: May_17_16:59: tick!!!
 INFO LOG: May_17_17:01: tick!!!
 INFO LOG: May_17_17:03: tick!!!
 INFO LOG: May_17_17:05: tick!!!
 INFO LOG: May_17_17:07: tick!!!
 INFO LOG: May_17_17:09: tick!!!
 INFO LOG: May_17_17:11: tick!!!
 INFO LOG: May_17_17:13: tick!!!
 INFO LOG: May_17_17:15: tick!!!
 INFO LOG: May_17_17:17: tick!!!
 INFO LOG: May_17_17:19: tick!!!
 INFO LOG: May_17_17:21: tick!!!
 INFO LOG: May_17_17:23: tick!!!
 INFO LOG: May_17_17:25: tick!!!
 INFO LOG: May_17_17:26: Loading areas.rb
 INFO LOG: May_17_17:27: tick!!!
 INFO LOG: May_17_17:29: tick!!!
 INFO LOG: May_17_17:31: tick!!!
 INFO LOG: May_17_17:33: tick!!!
 INFO LOG: May_17_17:35: tick!!!
 INFO LOG: May_17_17:37: tick!!!
 INFO LOG: May_17_17:39: tick!!!
 INFO LOG: May_17_17:41: tick!!!
 INFO LOG: May_17_17:43: tick!!!
 INFO LOG: May_17_17:45: tick!!!
 INFO LOG: May_17_17:47: tick!!!
 INFO LOG: May_17_17:49: tick!!!
 INFO LOG: May_17_17:51: tick!!!
 INFO LOG: May_17_17:53: tick!!!
 INFO LOG: May_17_17:55: tick!!!
 INFO LOG: May_17_17:57: tick!!!
 INFO LOG: May_17_17:59: tick!!!
 INFO LOG: May_17_18:01: tick!!!
 INFO LOG: May_17_18:03: tick!!!
 INFO LOG: May_17_18:05: tick!!!
 INFO LOG: May_17_18:07: tick!!!
 INFO LOG: May_17_18:08: Loading areas.rb
 INFO LOG: May_17_18:09: tick!!!
 INFO LOG: May_17_18:11: tick!!!
 INFO LOG: May_17_18:13: tick!!!
 INFO LOG: May_17_18:14: -- #<Player:0x00000001070458>:76.202.141.206:52016 disconnected from CoralMUD!
 INFO LOG: May_17_18:14: Logging enabled.   Loading logs.rb.
 INFO LOG: May_17_18:14: Loading facade.rb
 INFO LOG: May_17_18:14: Loading query_list.rb
 INFO LOG: May_17_18:14: Loading utils.rb
 INFO LOG: May_17_18:14: Loading constants.rb
 INFO LOG: May_17_18:14: Loading damage.rb
 INFO LOG: May_17_18:14: Loading class_property.rb
 INFO LOG: May_17_18:14: Loading scripts.rb
 INFO LOG: May_17_18:14: Loading tags.rb
 INFO LOG: May_17_18:14: Loading editor/editors.rb
 INFO LOG: May_17_18:14: Loading editor/editor.strings.rb
 INFO LOG: May_17_18:14: Loading editor/editor.rooms.rb
 INFO LOG: May_17_18:14: Loading editor/editor.exits.rb
 INFO LOG: May_17_18:14: Loading editor/editor.zones.rb
 INFO LOG: May_17_18:14: Loading editor/editor.npc.rb
 INFO LOG: May_17_18:14: Loading editor/editor.items.rb
 INFO LOG: May_17_18:14: Loading mxp.rb
 INFO LOG: May_17_18:14: Loading mccp.rb
 INFO LOG: May_17_18:14: Loading flags.rb
 INFO LOG: May_17_18:14: Loading areas.rb
 INFO LOG: May_17_18:14: Loading security.rb
 INFO LOG: May_17_18:14: Loading event.rb
 INFO LOG: May_17_18:14: Loading automap/automap.rb
 INFO LOG: May_17_18:14: Loading cities.olc.rb
 INFO LOG: May_17_18:14: Loading cities.rb
 INFO LOG: May_17_18:14: Loading sector definitions.
 INFO LOG: May_17_18:14: Loading help.rb
 INFO LOG: May_17_18:14: Loading imcruby.rb
 INFO LOG: May_17_18:14: Loading player.rb
 INFO LOG: May_17_18:14: Loading commands.rb
 INFO LOG: May_17_18:14: Loading editor/editor.player.rb
 INFO LOG: May_17_18:14: Loading random.rb
 INFO LOG: May_17_18:14: Loading npc.rb
 INFO LOG: May_17_18:14: Loading items/types.rb
 INFO LOG: May_17_18:14: Loading items/items.rb
 INFO LOG: May_17_18:14: Loading spells.rb
 INFO LOG: May_17_18:14: Loading all zones.
 INFO LOG: May_17_18:14: Starting server.
 INFO LOG: May_17_18:14: CoralMUD is now up on port 4000.
 INFO LOG: May_17_18:14: -- 76.202.141.206:43794 connected to CoralMUD!
 INFO LOG: May_17_18:14: -- 76.202.141.206:43794: Retnur is trying to connect.
 INFO LOG: May_17_18:14: -- 76.202.141.206:43794: Retnur player file found.
 INFO LOG: May_17_18:14: -- Retnur has entered the game.
ERROR LOG: undefined method `filt_to_none' for #<Filter:0x000000027dc858>
ERROR LOG: /home/heath/coral/lib/editor/editors.rb:170:in `filter'
ERROR LOG: /home/heath/coral/lib/commands.rb:248:in `execute_command'
ERROR LOG: /home/heath/coral/core/socketengine.rb:174:in `block in handle_cmd_input'
ERROR LOG: /home/heath/coral/core/socketengine.rb:173:in `times'
ERROR LOG: /home/heath/coral/core/socketengine.rb:173:in `handle_cmd_input'
ERROR LOG: /home/heath/coral/core/socketengine.rb:135:in `receive_data'
ERROR LOG: /usr/local/lib/ruby/gems/1.9.1/gems/eventmachine-0.12.8/lib/eventmachine.rb:242:in `run_machine'
ERROR LOG: /usr/local/lib/ruby/gems/1.9.1/gems/eventmachine-0.12.8/lib/eventmachine.rb:242:in `run'
ERROR LOG: coral.rb:173:in `<main>'
 INFO LOG: May_17_18:15: -- #<Player:0x0000000295b468>:76.202.141.206:43794 disconnected from CoralMUD!
 INFO LOG: May_17_18:15: Logging enabled.   Loading logs.rb.
 INFO LOG: May_17_18:15: Loading facade.rb
 INFO LOG: May_17_18:15: Loading query_list.rb
 INFO LOG: May_17_18:15: Loading utils.rb
 INFO LOG: May_17_18:15: Loading constants.rb
 INFO LOG: May_17_18:15: Loading damage.rb
 INFO LOG: May_17_18:15: Loading class_property.rb
 INFO LOG: May_17_18:15: Loading scripts.rb
 INFO LOG: May_17_18:15: Loading tags.rb
 INFO LOG: May_17_18:15: Loading editor/editors.rb
 INFO LOG: May_17_18:15: Loading editor/editor.strings.rb
 INFO LOG: May_17_18:15: Loading editor/editor.rooms.rb
 INFO LOG: May_17_18:15: Loading editor/editor.exits.rb
 INFO LOG: May_17_18:15: Loading editor/editor.zones.rb
 INFO LOG: May_17_18:15: Loading editor/editor.npc.rb
 INFO LOG: May_17_18:15: Loading editor/editor.items.rb
 INFO LOG: May_17_18:15: Loading mxp.rb
 INFO LOG: May_17_18:15: Loading mccp.rb
 INFO LOG: May_17_18:15: Loading flags.rb
 INFO LOG: May_17_18:15: Loading areas.rb
 INFO LOG: May_17_18:15: Loading security.rb
 INFO LOG: May_17_18:15: Loading event.rb
 INFO LOG: May_17_18:15: Loading automap/automap.rb
 INFO LOG: May_17_18:15: Loading cities.olc.rb
 INFO LOG: May_17_18:15: Loading cities.rb
 INFO LOG: May_17_18:15: Loading sector definitions.
 INFO LOG: May_17_18:15: Loading help.rb
 INFO LOG: May_17_18:15: Loading imcruby.rb
 INFO LOG: May_17_18:15: Loading player.rb
 INFO LOG: May_17_18:15: Loading commands.rb
 INFO LOG: May_17_18:15: Loading editor/editor.player.rb
 INFO LOG: May_17_18:15: Loading random.rb
 INFO LOG: May_17_18:15: Loading npc.rb
 INFO LOG: May_17_18:15: Loading items/types.rb
 INFO LOG: May_17_18:15: Loading items/items.rb
 INFO LOG: May_17_18:15: Loading spells.rb
 INFO LOG: May_17_18:15: Loading all zones.
 INFO LOG: May_17_18:15: Starting server.
 INFO LOG: May_17_18:15: CoralMUD is now up on port 4000.
 INFO LOG: May_17_18:15: -- 76.202.141.206:52755 connected to CoralMUD!
 INFO LOG: May_17_18:15: -- 76.202.141.206:52755: Retnur is trying to connect.
 INFO LOG: May_17_18:15: -- 76.202.141.206:52755: Retnur player file found.
 INFO LOG: May_17_18:15: -- Retnur has entered the game.
ERROR LOG: undefined method `name' for "Retnur":String
ERROR LOG: /home/heath/coral/lib/areas.rb:38:in `can_access?'
ERROR LOG: /home/heath/coral/lib/editor/editor.zones.rb:8:in `block in <class:Zone>'
ERROR LOG: /home/heath/coral/lib/editor/editors.rb:182:in `call'
ERROR LOG: /home/heath/coral/lib/editor/editors.rb:182:in `call_fun'
ERROR LOG: /home/heath/coral/lib/commands.rb:253:in `execute_command'
ERROR LOG: /home/heath/coral/core/socketengine.rb:174:in `block in handle_cmd_input'
ERROR LOG: /home/heath/coral/core/socketengine.rb:173:in `times'
ERROR LOG: /home/heath/coral/core/socketengine.rb:173:in `handle_cmd_input'
ERROR LOG: /home/heath/coral/core/socketengine.rb:135:in `receive_data'
ERROR LOG: /usr/local/lib/ruby/gems/1.9.1/gems/eventmachine-0.12.8/lib/eventmachine.rb:242:in `run_machine'
ERROR LOG: /usr/local/lib/ruby/gems/1.9.1/gems/eventmachine-0.12.8/lib/eventmachine.rb:242:in `run'
ERROR LOG: coral.rb:173:in `<main>'
 INFO LOG: May_17_18:16: Loading areas.rb
 INFO LOG: May_17_18:16: Security access list changed for The First Area
 INFO LOG: May_17_18:16: Security access list changed for The First Area
 INFO LOG: May_17_18:16: Security access list changed for The First Area
 INFO LOG: May_17_18:16: Security access list changed for The First Area
 INFO LOG: May_17_18:16: Security access list changed for The First Area
 INFO LOG: May_17_18:16: Security access list changed for The First Area
 INFO LOG: May_17_18:16: Security access list changed for The First Area
 INFO LOG: May_17_18:16: Security access list changed for The First Area
 INFO LOG: May_17_18:16: Security access list changed for The First Area
 INFO LOG: May_17_18:16: Security access list changed for The First Area
 INFO LOG: May_17_18:16: Security access list changed for The First Area
 INFO LOG: May_17_18:17: tick!!!
 INFO LOG: May_17_18:17: -- #<Player:0x00000002efba58>:76.202.141.206:52755 disconnected from CoralMUD!
 INFO LOG: May_17_18:17: Logging enabled.   Loading logs.rb.
 INFO LOG: May_17_18:17: Loading facade.rb
 INFO LOG: May_17_18:17: Loading query_list.rb
 INFO LOG: May_17_18:17: Loading utils.rb
 INFO LOG: May_17_18:17: Loading constants.rb
 INFO LOG: May_17_18:17: Loading damage.rb
 INFO LOG: May_17_18:17: Loading class_property.rb
 INFO LOG: May_17_18:17: Loading scripts.rb
 INFO LOG: May_17_18:17: Loading tags.rb
 INFO LOG: May_17_18:17: Loading editor/editors.rb
 INFO LOG: May_17_18:17: Loading editor/editor.strings.rb
 INFO LOG: May_17_18:17: Loading editor/editor.rooms.rb
 INFO LOG: May_17_18:17: Loading editor/editor.exits.rb
 INFO LOG: May_17_18:17: Loading editor/editor.zones.rb
 INFO LOG: May_17_18:17: Loading editor/editor.npc.rb
 INFO LOG: May_17_18:17: Loading editor/editor.items.rb
 INFO LOG: May_17_18:17: Loading mxp.rb
 INFO LOG: May_17_18:17: Loading mccp.rb
 INFO LOG: May_17_18:17: Loading flags.rb
 INFO LOG: May_17_18:17: Loading areas.rb
 INFO LOG: May_17_18:17: Loading security.rb
 INFO LOG: May_17_18:17: Loading event.rb
 INFO LOG: May_17_18:17: Loading automap/automap.rb
 INFO LOG: May_17_18:17: Loading cities.olc.rb
 INFO LOG: May_17_18:17: Loading cities.rb
 INFO LOG: May_17_18:17: Loading sector definitions.
 INFO LOG: May_17_18:17: Loading help.rb
 INFO LOG: May_17_18:17: Loading imcruby.rb
 INFO LOG: May_17_18:17: Loading player.rb
 INFO LOG: May_17_18:17: Loading commands.rb
 INFO LOG: May_17_18:17: Loading editor/editor.player.rb
 INFO LOG: May_17_18:17: Loading random.rb
 INFO LOG: May_17_18:17: Loading npc.rb
 INFO LOG: May_17_18:17: Loading items/types.rb
 INFO LOG: May_17_18:17: Loading items/items.rb
 INFO LOG: May_17_18:17: Loading spells.rb
 INFO LOG: May_17_18:17: Loading all zones.
 INFO LOG: May_17_18:17: Starting server.
 INFO LOG: May_17_18:17: CoralMUD is now up on port 4000.
 INFO LOG: May_17_18:17: -- 76.202.141.206:43524 connected to CoralMUD!
 INFO LOG: May_17_18:17: -- 76.202.141.206:43524: () Invalid name in character creation.
 INFO LOG: May_17_18:17: -- 76.202.141.206:43524: Retnur is trying to connect.
 INFO LOG: May_17_18:17: -- 76.202.141.206:43524: Retnur player file found.
 INFO LOG: May_17_18:17: -- Retnur has entered the game.
 INFO LOG: May_17_18:17: Security access list changed for The First Area
 INFO LOG: May_17_18:18: Security access list changed for The First Area
 INFO LOG: May_17_18:18: Security access list changed for The First Area
 INFO LOG: May_17_18:18: Security access list changed for The First Area
 INFO LOG: May_17_18:18: Security access list changed for The First Area
 INFO LOG: May_17_18:18: Security access list changed for The First Area
 INFO LOG: May_17_18:18: Security access list changed for The First Area
 INFO LOG: May_17_18:18: Loading areas.rb
 INFO LOG: May_17_18:18: -- #<Player:0x00000002f775b8>:76.202.141.206:43524 disconnected from CoralMUD!
 INFO LOG: May_17_18:18: Logging enabled.   Loading logs.rb.
 INFO LOG: May_17_18:18: Loading facade.rb
 INFO LOG: May_17_18:18: Loading query_list.rb
 INFO LOG: May_17_18:18: Loading utils.rb
 INFO LOG: May_17_18:18: Loading constants.rb
 INFO LOG: May_17_18:18: Loading damage.rb
 INFO LOG: May_17_18:18: Loading class_property.rb
 INFO LOG: May_17_18:18: Loading scripts.rb
 INFO LOG: May_17_18:18: Loading tags.rb
 INFO LOG: May_17_18:18: Loading editor/editors.rb
 INFO LOG: May_17_18:18: Loading editor/editor.strings.rb
 INFO LOG: May_17_18:18: Loading editor/editor.rooms.rb
 INFO LOG: May_17_18:18: Loading editor/editor.exits.rb
 INFO LOG: May_17_18:18: Loading editor/editor.zones.rb
 INFO LOG: May_17_18:18: Loading editor/editor.npc.rb
 INFO LOG: May_17_18:18: Loading editor/editor.items.rb
 INFO LOG: May_17_18:18: Loading mxp.rb
 INFO LOG: May_17_18:18: Loading mccp.rb
 INFO LOG: May_17_18:18: Loading flags.rb
 INFO LOG: May_17_18:18: Loading areas.rb
 INFO LOG: May_17_18:18: Loading security.rb
 INFO LOG: May_17_18:18: Loading event.rb
 INFO LOG: May_17_18:18: Loading automap/automap.rb
 INFO LOG: May_17_18:18: Loading cities.olc.rb
 INFO LOG: May_17_18:18: Loading cities.rb
 INFO LOG: May_17_18:18: Loading sector definitions.
 INFO LOG: May_17_18:18: Loading help.rb
 INFO LOG: May_17_18:18: Loading imcruby.rb
 INFO LOG: May_17_18:18: Loading player.rb
 INFO LOG: May_17_18:18: Loading commands.rb
 INFO LOG: May_17_18:18: Loading editor/editor.player.rb
 INFO LOG: May_17_18:18: Loading random.rb
 INFO LOG: May_17_18:18: Loading npc.rb
 INFO LOG: May_17_18:18: Loading items/types.rb
 INFO LOG: May_17_18:18: Loading items/items.rb
 INFO LOG: May_17_18:18: Loading spells.rb
 INFO LOG: May_17_18:18: Loading all zones.
 INFO LOG: May_17_18:18: Starting server.
 INFO LOG: May_17_18:18: CoralMUD is now up on port 4000.
 INFO LOG: May_17_18:18: -- 76.202.141.206:53777 connected to CoralMUD!
 INFO LOG: May_17_18:18: -- 76.202.141.206:53777: Retnur is trying to connect.
 INFO LOG: May_17_18:18: -- 76.202.141.206:53777: Retnur player file found.
 INFO LOG: May_17_18:18: -- Retnur has entered the game.
 INFO LOG: May_17_18:20: tick!!!
 INFO LOG: May_17_18:22: tick!!!
 INFO LOG: May_17_18:24: tick!!!
 INFO LOG: May_17_18:26: tick!!!
 INFO LOG: May_17_18:28: tick!!!
 INFO LOG: May_17_18:29: -- #<Player:0x000000018eec60>:76.202.141.206:53777 disconnected from CoralMUD!
 INFO LOG: May_17_18:29: Logging enabled.   Loading logs.rb.
 INFO LOG: May_17_18:29: Loading facade.rb
 INFO LOG: May_17_18:29: Loading query_list.rb
 INFO LOG: May_17_18:29: Loading utils.rb
 INFO LOG: May_17_18:29: Loading constants.rb
 INFO LOG: May_17_18:29: Loading damage.rb
 INFO LOG: May_17_18:29: Loading class_property.rb
 INFO LOG: May_17_18:29: Loading scripts.rb
 INFO LOG: May_17_18:29: Loading tags.rb
 INFO LOG: May_17_18:29: Loading editor/editors.rb
 INFO LOG: May_17_18:29: Loading editor/editor.strings.rb
 INFO LOG: May_17_18:29: Loading editor/editor.rooms.rb
 INFO LOG: May_17_18:29: Loading editor/editor.exits.rb
 INFO LOG: May_17_18:29: Loading editor/editor.zones.rb
 INFO LOG: May_17_18:29: Loading editor/editor.npc.rb
 INFO LOG: May_17_18:29: Loading editor/editor.items.rb
 INFO LOG: May_17_18:29: Loading mxp.rb
 INFO LOG: May_17_18:29: Loading mccp.rb
 INFO LOG: May_17_18:29: Loading flags.rb
 INFO LOG: May_17_18:29: Loading areas.rb
 INFO LOG: May_17_18:29: Loading security.rb
 INFO LOG: May_17_18:29: Loading event.rb
 INFO LOG: May_17_18:29: Loading automap/automap.rb
 INFO LOG: May_17_18:29: Loading cities.olc.rb
 INFO LOG: May_17_18:29: Loading cities.rb
 INFO LOG: May_17_18:29: Loading sector definitions.
 INFO LOG: May_17_18:29: Loading help.rb
 INFO LOG: May_17_18:29: Loading imcruby.rb
 INFO LOG: May_17_18:29: Loading player.rb
 INFO LOG: May_17_18:29: Loading commands.rb
 INFO LOG: May_17_18:29: Loading editor/editor.player.rb
 INFO LOG: May_17_18:29: Loading random.rb
 INFO LOG: May_17_18:29: Loading npc.rb
 INFO LOG: May_17_18:29: Loading items/types.rb
 INFO LOG: May_17_18:29: Loading items/items.rb
 INFO LOG: May_17_18:29: Loading spells.rb
 INFO LOG: May_17_18:29: Loading all zones.
 INFO LOG: May_17_18:29: Starting server.
 INFO LOG: May_17_18:29: CoralMUD is now up on port 4000.
 INFO LOG: May_17_18:29: -- 76.202.141.206:45860 connected to CoralMUD!
 INFO LOG: May_17_18:29: -- 76.202.141.206:45860: Retnur is trying to connect.
 INFO LOG: May_17_18:29: -- 76.202.141.206:45860: Retnur player file found.
 INFO LOG: May_17_18:29: -- Retnur has entered the game.
 INFO LOG: May_17_18:31: tick!!!
 INFO LOG: May_17_18:33: -- #<Player:0x000000021550c0>:76.202.141.206:45860 disconnected from CoralMUD!
 INFO LOG: May_17_18:33: Logging enabled.   Loading logs.rb.
 INFO LOG: May_17_18:33: Loading facade.rb
 INFO LOG: May_17_18:33: Loading query_list.rb
 INFO LOG: May_17_18:33: Loading utils.rb
 INFO LOG: May_17_18:33: Loading constants.rb
 INFO LOG: May_17_18:33: Loading damage.rb
 INFO LOG: May_17_18:33: Loading class_property.rb
 INFO LOG: May_17_18:33: Loading scripts.rb
 INFO LOG: May_17_18:33: Loading tags.rb
 INFO LOG: May_17_18:33: Loading editor/editors.rb
 INFO LOG: May_17_18:33: Loading editor/editor.strings.rb
 INFO LOG: May_17_18:33: Loading editor/editor.rooms.rb
 INFO LOG: May_17_18:33: Loading editor/editor.exits.rb
 INFO LOG: May_17_18:33: Loading editor/editor.zones.rb
 INFO LOG: May_17_18:33: Loading editor/editor.npc.rb
 INFO LOG: May_17_18:33: Loading editor/editor.items.rb
 INFO LOG: May_17_18:33: Loading mxp.rb
 INFO LOG: May_17_18:33: Loading mccp.rb
 INFO LOG: May_17_18:33: Loading flags.rb
 INFO LOG: May_17_18:33: Loading areas.rb
 INFO LOG: May_17_18:33: Loading security.rb
 INFO LOG: May_17_18:33: Loading event.rb
 INFO LOG: May_17_18:33: Loading automap/automap.rb
 INFO LOG: May_17_18:33: Loading cities.olc.rb
 INFO LOG: May_17_18:33: Loading cities.rb
 INFO LOG: May_17_18:33: Loading sector definitions.
 INFO LOG: May_17_18:33: Loading help.rb
 INFO LOG: May_17_18:33: Loading imcruby.rb
 INFO LOG: May_17_18:33: Loading player.rb
 INFO LOG: May_17_18:33: Loading commands.rb
 INFO LOG: May_17_18:33: Loading editor/editor.player.rb
 INFO LOG: May_17_18:33: Loading random.rb
 INFO LOG: May_17_18:33: Loading npc.rb
 INFO LOG: May_17_18:33: Loading items/types.rb
 INFO LOG: May_17_18:33: Loading items/items.rb
 INFO LOG: May_17_18:33: Loading spells.rb
 INFO LOG: May_17_18:33: Loading all zones.
 INFO LOG: May_17_18:33: Starting server.
 INFO LOG: May_17_18:33: CoralMUD is now up on port 4000.
 INFO LOG: May_17_18:33: -- 76.202.141.206:57746 connected to CoralMUD!
 INFO LOG: May_17_18:33: -- 76.202.141.206:57746: Retnur is trying to connect.
 INFO LOG: May_17_18:33: -- 76.202.141.206:57746: Retnur player file found.
 INFO LOG: May_17_18:33: -- Retnur has entered the game.
ERROR LOG: undefined method `namespace' for #<Player:0x00000002bd2a48>
ERROR LOG: /home/heath/coral/lib/commands/edit.rb:27:in `block in cmd_edit'
ERROR LOG: /home/heath/coral/lib/commands/edit.rb:19:in `loop'
ERROR LOG: /home/heath/coral/lib/commands/edit.rb:19:in `cmd_edit'
ERROR LOG: /home/heath/coral/lib/commands.rb:299:in `execute_command'
ERROR LOG: /home/heath/coral/core/socketengine.rb:174:in `block in handle_cmd_input'
ERROR LOG: /home/heath/coral/core/socketengine.rb:173:in `times'
ERROR LOG: /home/heath/coral/core/socketengine.rb:173:in `handle_cmd_input'
ERROR LOG: /home/heath/coral/core/socketengine.rb:135:in `receive_data'
ERROR LOG: /usr/local/lib/ruby/gems/1.9.1/gems/eventmachine-0.12.8/lib/eventmachine.rb:242:in `run_machine'
ERROR LOG: /usr/local/lib/ruby/gems/1.9.1/gems/eventmachine-0.12.8/lib/eventmachine.rb:242:in `run'
ERROR LOG: coral.rb:173:in `<main>'
 INFO LOG: May_17_18:34: -- #<Player:0x00000002bd2a48>:76.202.141.206:57746 disconnected from CoralMUD!
 INFO LOG: May_17_18:34: Logging enabled.   Loading logs.rb.
 INFO LOG: May_17_18:34: Loading facade.rb
 INFO LOG: May_17_18:34: Loading query_list.rb
 INFO LOG: May_17_18:34: Loading utils.rb
 INFO LOG: May_17_18:34: Loading constants.rb
 INFO LOG: May_17_18:34: Loading damage.rb
 INFO LOG: May_17_18:34: Loading class_property.rb
 INFO LOG: May_17_18:34: Loading scripts.rb
 INFO LOG: May_17_18:34: Loading tags.rb
 INFO LOG: May_17_18:34: Loading editor/editors.rb
 INFO LOG: May_17_18:34: Loading editor/editor.strings.rb
 INFO LOG: May_17_18:34: Loading editor/editor.rooms.rb
 INFO LOG: May_17_18:34: Loading editor/editor.exits.rb
 INFO LOG: May_17_18:34: Loading editor/editor.zones.rb
 INFO LOG: May_17_18:34: Loading editor/editor.npc.rb
 INFO LOG: May_17_18:34: Loading editor/editor.items.rb
 INFO LOG: May_17_18:34: Loading mxp.rb
 INFO LOG: May_17_18:34: Loading mccp.rb
 INFO LOG: May_17_18:34: Loading flags.rb
 INFO LOG: May_17_18:34: Loading areas.rb
 INFO LOG: May_17_18:34: Loading security.rb
 INFO LOG: May_17_18:34: Loading event.rb
 INFO LOG: May_17_18:34: Loading automap/automap.rb
 INFO LOG: May_17_18:34: Loading cities.olc.rb
 INFO LOG: May_17_18:34: Loading cities.rb
 INFO LOG: May_17_18:34: Loading sector definitions.
 INFO LOG: May_17_18:34: Loading help.rb
 INFO LOG: May_17_18:34: Loading imcruby.rb
 INFO LOG: May_17_18:34: Loading player.rb
 INFO LOG: May_17_18:34: Loading commands.rb
 INFO LOG: May_17_18:34: Loading editor/editor.player.rb
 INFO LOG: May_17_18:34: Loading random.rb
 INFO LOG: May_17_18:34: Loading npc.rb
 INFO LOG: May_17_18:34: Loading items/types.rb
 INFO LOG: May_17_18:34: Loading items/items.rb
 INFO LOG: May_17_18:34: Loading spells.rb
 INFO LOG: May_17_18:34: Loading all zones.
 INFO LOG: May_17_18:34: Starting server.
 INFO LOG: May_17_18:34: CoralMUD is now up on port 4000.
 INFO LOG: May_17_18:34: -- 76.202.141.206:52265 connected to CoralMUD!
 INFO LOG: May_17_18:34: -- 76.202.141.206:52265: Retnur is trying to connect.
 INFO LOG: May_17_18:34: -- 76.202.141.206:52265: Retnur player file found.
 INFO LOG: May_17_18:34: -- Retnur has entered the game.
 INFO LOG: May_17_18:36: tick!!!
 INFO LOG: May_17_18:36: Loading player.rb
 INFO LOG: May_17_18:38: tick!!!
 INFO LOG: May_17_18:40: -- #<Player:0x0000000230f758>:76.202.141.206:52265 disconnected from CoralMUD!
 INFO LOG: May_17_18:40: Logging enabled.   Loading logs.rb.
 INFO LOG: May_17_18:40: Loading facade.rb
 INFO LOG: May_17_18:40: Loading query_list.rb
 INFO LOG: May_17_18:40: Loading utils.rb
 INFO LOG: May_17_18:40: Loading constants.rb
 INFO LOG: May_17_18:40: Loading damage.rb
 INFO LOG: May_17_18:40: Loading class_property.rb
 INFO LOG: May_17_18:40: Loading scripts.rb
 INFO LOG: May_17_18:40: Loading tags.rb
 INFO LOG: May_17_18:40: Loading editor/editors.rb
 INFO LOG: May_17_18:40: Loading editor/editor.strings.rb
 INFO LOG: May_17_18:40: Loading editor/editor.rooms.rb
 INFO LOG: May_17_18:40: Loading editor/editor.exits.rb
 INFO LOG: May_17_18:40: Loading editor/editor.zones.rb
 INFO LOG: May_17_18:40: Loading editor/editor.npc.rb
 INFO LOG: May_17_18:40: Loading editor/editor.items.rb
 INFO LOG: May_17_18:40: Loading mxp.rb
 INFO LOG: May_17_18:40: Loading mccp.rb
 INFO LOG: May_17_18:40: Loading flags.rb
 INFO LOG: May_17_18:40: Loading areas.rb
 INFO LOG: May_17_18:40: Loading security.rb
 INFO LOG: May_17_18:40: Loading event.rb
 INFO LOG: May_17_18:40: Loading automap/automap.rb
 INFO LOG: May_17_18:40: Loading cities.olc.rb
 INFO LOG: May_17_18:40: Loading cities.rb
 INFO LOG: May_17_18:40: Loading sector definitions.
 INFO LOG: May_17_18:40: Loading help.rb
 INFO LOG: May_17_18:40: Loading imcruby.rb
 INFO LOG: May_17_18:40: Loading player.rb
 INFO LOG: May_17_18:40: Loading commands.rb
 INFO LOG: May_17_18:40: Loading editor/editor.player.rb
 INFO LOG: May_17_18:40: Loading random.rb
 INFO LOG: May_17_18:40: Loading npc.rb
 INFO LOG: May_17_18:40: Loading items/types.rb
 INFO LOG: May_17_18:40: Loading items/items.rb
 INFO LOG: May_17_18:40: Loading spells.rb
 INFO LOG: May_17_18:40: Loading all zones.
 INFO LOG: May_17_18:40: Starting server.
 INFO LOG: May_17_18:40: CoralMUD is now up on port 4000.
 INFO LOG: May_17_18:40: -- 76.202.141.206:37732 connected to CoralMUD!
 INFO LOG: May_17_18:40: -- 76.202.141.206:37732: Retnur is trying to connect.
 INFO LOG: May_17_18:40: -- 76.202.141.206:37732: Retnur player file found.
 INFO LOG: May_17_18:40: -- Retnur has entered the game.
 INFO LOG: May_17_18:40: Retnur tried to access #<Player:0x000000017838a8> but didn't have security clearance.

 INFO LOG: May_17_18:40: -- #<Player:0x000000017838a8>:76.202.141.206:37732 disconnected from CoralMUD!
 INFO LOG: May_17_18:40: Logging enabled.   Loading logs.rb.
 INFO LOG: May_17_18:40: Loading facade.rb
 INFO LOG: May_17_18:40: Loading query_list.rb
 INFO LOG: May_17_18:40: Loading utils.rb
 INFO LOG: May_17_18:40: Loading constants.rb
 INFO LOG: May_17_18:40: Loading damage.rb
 INFO LOG: May_17_18:40: Loading class_property.rb
 INFO LOG: May_17_18:40: Loading scripts.rb
 INFO LOG: May_17_18:40: Loading tags.rb
 INFO LOG: May_17_18:40: Loading editor/editors.rb
 INFO LOG: May_17_18:40: Loading editor/editor.strings.rb
 INFO LOG: May_17_18:40: Loading editor/editor.rooms.rb
 INFO LOG: May_17_18:40: Loading editor/editor.exits.rb
 INFO LOG: May_17_18:40: Loading editor/editor.zones.rb
 INFO LOG: May_17_18:40: Loading editor/editor.npc.rb
 INFO LOG: May_17_18:40: Loading editor/editor.items.rb
 INFO LOG: May_17_18:40: Loading mxp.rb
 INFO LOG: May_17_18:40: Loading mccp.rb
 INFO LOG: May_17_18:40: Loading flags.rb
 INFO LOG: May_17_18:40: Loading areas.rb
 INFO LOG: May_17_18:40: Loading security.rb
 INFO LOG: May_17_18:40: Loading event.rb
 INFO LOG: May_17_18:40: Loading automap/automap.rb
 INFO LOG: May_17_18:40: Loading cities.olc.rb
 INFO LOG: May_17_18:40: Loading cities.rb
 INFO LOG: May_17_18:40: Loading sector definitions.
 INFO LOG: May_17_18:40: Loading help.rb
 INFO LOG: May_17_18:40: Loading imcruby.rb
 INFO LOG: May_17_18:40: Loading player.rb
 INFO LOG: May_17_18:40: Loading commands.rb
 INFO LOG: May_17_18:40: Loading editor/editor.player.rb
 INFO LOG: May_17_18:40: Loading random.rb
 INFO LOG: May_17_18:40: Loading npc.rb
 INFO LOG: May_17_18:40: Loading items/types.rb
 INFO LOG: May_17_18:40: Loading items/items.rb
 INFO LOG: May_17_18:40: Loading spells.rb
 INFO LOG: May_17_18:40: Loading all zones.
 INFO LOG: May_17_18:40: Starting server.
 INFO LOG: May_17_18:40: CoralMUD is now up on port 4000.
 INFO LOG: May_17_18:40: -- 76.202.141.206:36964 connected to CoralMUD!
 INFO LOG: May_17_18:40: -- 76.202.141.206:36964: Retnur is trying to connect.
 INFO LOG: May_17_18:40: -- 76.202.141.206:36964: Retnur player file found.
 INFO LOG: May_17_18:40: -- Retnur has entered the game.
 INFO LOG: May_17_18:41: -- #<Player:0x000000017265b8>:76.202.141.206:36964 disconnected from CoralMUD!
 INFO LOG: May_17_18:41: Logging enabled.   Loading logs.rb.
 INFO LOG: May_17_18:41: Loading facade.rb
 INFO LOG: May_17_18:41: Loading query_list.rb
 INFO LOG: May_17_18:41: Loading utils.rb
 INFO LOG: May_17_18:41: Loading constants.rb
 INFO LOG: May_17_18:41: Loading damage.rb
 INFO LOG: May_17_18:41: Loading class_property.rb
 INFO LOG: May_17_18:41: Loading scripts.rb
 INFO LOG: May_17_18:41: Loading tags.rb
 INFO LOG: May_17_18:41: Loading editor/editors.rb
 INFO LOG: May_17_18:41: Loading editor/editor.strings.rb
 INFO LOG: May_17_18:41: Loading editor/editor.rooms.rb
 INFO LOG: May_17_18:41: Loading editor/editor.exits.rb
 INFO LOG: May_17_18:41: Loading editor/editor.zones.rb
 INFO LOG: May_17_18:41: Loading editor/editor.npc.rb
 INFO LOG: May_17_18:41: Loading editor/editor.items.rb
 INFO LOG: May_17_18:41: Loading mxp.rb
 INFO LOG: May_17_18:41: Loading mccp.rb
 INFO LOG: May_17_18:41: Loading flags.rb
 INFO LOG: May_17_18:41: Loading areas.rb
 INFO LOG: May_17_18:41: Loading security.rb
 INFO LOG: May_17_18:41: Loading event.rb
 INFO LOG: May_17_18:41: Loading automap/automap.rb
 INFO LOG: May_17_18:41: Loading cities.olc.rb
 INFO LOG: May_17_18:41: Loading cities.rb
 INFO LOG: May_17_18:41: Loading sector definitions.
 INFO LOG: May_17_18:41: Loading help.rb
 INFO LOG: May_17_18:41: Loading imcruby.rb
 INFO LOG: May_17_18:41: Loading player.rb
 INFO LOG: May_17_18:41: Loading commands.rb
 INFO LOG: May_17_18:41: Loading editor/editor.player.rb
 INFO LOG: May_17_18:41: Loading random.rb
 INFO LOG: May_17_18:41: Loading npc.rb
 INFO LOG: May_17_18:41: Loading items/types.rb
 INFO LOG: May_17_18:41: Loading items/items.rb
 INFO LOG: May_17_18:41: Loading spells.rb
 INFO LOG: May_17_18:41: Loading all zones.
 INFO LOG: May_17_18:41: Starting server.
 INFO LOG: May_17_18:41: CoralMUD is now up on port 4000.
 INFO LOG: May_17_18:41: -- 76.202.141.206:40701 connected to CoralMUD!
 INFO LOG: May_17_18:41: -- 76.202.141.206:40701: Retnur is trying to connect.
 INFO LOG: May_17_18:41: -- 76.202.141.206:40701: Retnur player file found.
 INFO LOG: May_17_18:41: -- Retnur has entered the game.
 INFO LOG: May_17_18:43: tick!!!
 INFO LOG: May_17_18:45: tick!!!
 INFO LOG: May_17_18:47: tick!!!
 INFO LOG: May_17_18:49: tick!!!
 INFO LOG: May_17_18:51: tick!!!
 INFO LOG: May_17_18:53: tick!!!
 INFO LOG: May_17_18:55: tick!!!
 INFO LOG: May_17_18:57: tick!!!
 INFO LOG: May_17_18:59: tick!!!
 INFO LOG: May_17_19:01: tick!!!
 INFO LOG: May_17_19:03: tick!!!
 INFO LOG: May_17_19:05: tick!!!
 INFO LOG: May_17_19:07: tick!!!
 INFO LOG: May_17_19:09: tick!!!
 INFO LOG: May_17_19:11: tick!!!
 INFO LOG: May_17_19:13: tick!!!
 INFO LOG: May_17_19:15: tick!!!
 INFO LOG: May_17_19:17: tick!!!
 INFO LOG: May_17_19:18: -- #<Player:0x00000003354348>:76.202.141.206:40701 disconnected from CoralMUD!
 INFO LOG: May_17_19:18: Program closed.
