 INFO LOG: May_31_20:00: Logging enabled.   Loading logs.rb.
 INFO LOG: May_31_20:00: Loading spellcheck.rb
 INFO LOG: May_31_20:00: Loading facade.rb
 INFO LOG: May_31_20:00: Loading query_list.rb
 INFO LOG: May_31_20:00: Loading utils.rb
 INFO LOG: May_31_20:00: Loading constants.rb
 INFO LOG: May_31_20:00: Loading damage.rb
 INFO LOG: May_31_20:00: Loading class_property.rb
 INFO LOG: May_31_20:00: Loading scripts.rb
 INFO LOG: May_31_20:00: Loading tags.rb
 INFO LOG: May_31_20:00: Loading editor/editors.rb
 INFO LOG: May_31_20:00: Loading editor/editor.strings.rb
 INFO LOG: May_31_20:00: Loading editor/editor.rooms.rb
 INFO LOG: May_31_20:00: Loading editor/editor.exits.rb
 INFO LOG: May_31_20:00: Loading editor/editor.zones.rb
 INFO LOG: May_31_20:00: Loading editor/editor.npc.rb
 INFO LOG: May_31_20:00: Loading editor/editor.items.rb
 INFO LOG: May_31_20:00: Loading editor/editor.socials.rb
 INFO LOG: May_31_20:00: Loading socials.rb
 INFO LOG: May_31_20:00: Loading mxp.rb
 INFO LOG: May_31_20:00: Loading mccp.rb
 INFO LOG: May_31_20:00: Loading flags.rb
 INFO LOG: May_31_20:00: Loading areas.rb
 INFO LOG: May_31_20:00: Loading security.rb
 INFO LOG: May_31_20:00: Loading resets.rb
 INFO LOG: May_31_20:00: Loading event.rb
 INFO LOG: May_31_20:00: Loading automap/automap.rb
 INFO LOG: May_31_20:00: Loading cities.rb
 INFO LOG: May_31_20:00: Loading sector definitions.
 INFO LOG: May_31_20:00: Loading help.rb
 INFO LOG: May_31_20:00: Loading imcruby.rb
 INFO LOG: May_31_20:00: Loading player.rb
 INFO LOG: May_31_20:00: Loading commands.rb
 INFO LOG: May_31_20:00: Loading editor/editor.player.rb
 INFO LOG: May_31_20:00: Loading random.rb
 INFO LOG: May_31_20:00: Loading npc.rb
 INFO LOG: May_31_20:00: Loading items/types.rb
 INFO LOG: May_31_20:00: Loading items/items.rb
 INFO LOG: May_31_20:00: Loading spells.rb
 INFO LOG: May_31_20:00: Loading all zones.
 INFO LOG: May_31_20:00: Loading all socials.
 INFO LOG: May_31_20:00: Upgrading database
 INFO LOG: May_31_20:00: Starting server.
 INFO LOG: May_31_20:00: CoralMUD is now up on port 4000.
 INFO LOG: May_31_20:00: -- 76.202.141.206:34683 connected to CoralMUD!
 INFO LOG: May_31_20:00: -- 76.202.141.206:34683: () Invalid name in character creation.
 INFO LOG: May_31_20:00: -- 76.202.141.206:34683: () Invalid name in character creation.
 INFO LOG: May_31_20:00: -- 76.202.141.206:34683: Retnur is trying to connect.
 INFO LOG: May_31_20:00: -- 76.202.141.206:34683: Retnur player file found.
 INFO LOG: May_31_20:00: -- Retnur has entered the game.
 INFO LOG: May_31_20:00: -- #<Player:0x000000026b26d0>:76.202.141.206:34683 disconnected from CoralMUD!
 INFO LOG: May_31_20:01: Logging enabled.   Loading logs.rb.
 INFO LOG: May_31_20:01: Loading spellcheck.rb
 INFO LOG: May_31_20:01: Loading facade.rb
 INFO LOG: May_31_20:01: Loading query_list.rb
 INFO LOG: May_31_20:01: Loading utils.rb
 INFO LOG: May_31_20:01: Loading constants.rb
 INFO LOG: May_31_20:01: Loading damage.rb
 INFO LOG: May_31_20:01: Loading class_property.rb
 INFO LOG: May_31_20:01: Loading scripts.rb
 INFO LOG: May_31_20:01: Loading tags.rb
 INFO LOG: May_31_20:01: Loading editor/editors.rb
 INFO LOG: May_31_20:01: Loading editor/editor.strings.rb
 INFO LOG: May_31_20:01: Loading editor/editor.rooms.rb
 INFO LOG: May_31_20:01: Loading editor/editor.exits.rb
 INFO LOG: May_31_20:01: Loading editor/editor.zones.rb
 INFO LOG: May_31_20:01: Loading editor/editor.npc.rb
 INFO LOG: May_31_20:01: Loading editor/editor.items.rb
 INFO LOG: May_31_20:01: Loading editor/editor.socials.rb
 INFO LOG: May_31_20:01: Loading socials.rb
 INFO LOG: May_31_20:01: Loading mxp.rb
 INFO LOG: May_31_20:01: Loading mccp.rb
 INFO LOG: May_31_20:01: Loading flags.rb
 INFO LOG: May_31_20:01: Loading areas.rb
 INFO LOG: May_31_20:01: Loading security.rb
 INFO LOG: May_31_20:01: Loading resets.rb
 INFO LOG: May_31_20:01: Loading event.rb
 INFO LOG: May_31_20:01: Loading automap/automap.rb
 INFO LOG: May_31_20:01: Loading cities.rb
 INFO LOG: May_31_20:01: Loading sector definitions.
 INFO LOG: May_31_20:01: Loading help.rb
 INFO LOG: May_31_20:01: Loading imcruby.rb
 INFO LOG: May_31_20:01: Loading player.rb
 INFO LOG: May_31_20:01: Loading commands.rb
 INFO LOG: May_31_20:01: Loading editor/editor.player.rb
 INFO LOG: May_31_20:01: Loading random.rb
 INFO LOG: May_31_20:01: Loading npc.rb
 INFO LOG: May_31_20:01: Loading items/types.rb
 INFO LOG: May_31_20:01: Loading items/items.rb
 INFO LOG: May_31_20:01: Loading spells.rb
 INFO LOG: May_31_20:01: Loading all zones.
 INFO LOG: May_31_20:01: Loading all socials.
 INFO LOG: May_31_20:01: Upgrading database
 INFO LOG: May_31_20:01: Starting server.
 INFO LOG: May_31_20:01: CoralMUD is now up on port 4000.
 INFO LOG: May_31_20:01: -- 76.202.141.206:42759 connected to CoralMUD!
 INFO LOG: May_31_20:01: -- 76.202.141.206:42759: Retnur is trying to connect.
 INFO LOG: May_31_20:01: -- 76.202.141.206:42759: Retnur player file found.
 INFO LOG: May_31_20:01: -- Retnur has entered the game.
 INFO LOG: May_31_20:01: saving #<Player:0x000000027c99b0> to database.
 INFO LOG: May_31_20:01: saving #<Player:0x00000002700650> to database.
 INFO LOG: May_31_20:01: saving #<Player:0x00000002700650> to database.
 INFO LOG: May_31_20:01: saving #<Player:0x000000026e8f00> to database.
 INFO LOG: May_31_20:01: saving #<Player:0x000000026e8f00> to database.
 INFO LOG: May_31_20:01: saving #<Player:0x000000027c99b0> to database.
 INFO LOG: May_31_20:01: Retnur has left the game.
 INFO LOG: May_31_20:01: saving #<Player:0x000000027c99b0> to database.
 INFO LOG: May_31_20:01: -- :76.202.141.206:42759 disconnected from CoralMUD!
 INFO LOG: May_31_20:01: -- 76.202.141.206:54986 connected to CoralMUD!
 INFO LOG: May_31_20:01: -- 76.202.141.206:54986: Retnur is trying to connect.
 INFO LOG: May_31_20:01: -- 76.202.141.206:54986: Retnur player file found.
 INFO LOG: May_31_20:01: -- Retnur has entered the game.
 INFO LOG: May_31_20:01: saving #<Player:0x0000000268ac20> to database.
 INFO LOG: May_31_20:01: Retnur has left the game.
 INFO LOG: May_31_20:01: saving #<Player:0x0000000268ac20> to database.
 INFO LOG: May_31_20:01: -- :76.202.141.206:54986 disconnected from CoralMUD!
 INFO LOG: May_31_20:01: -- 76.202.141.206:53592 connected to CoralMUD!
 INFO LOG: May_31_20:01: -- 76.202.141.206:53592: Retnur is trying to connect.
 INFO LOG: May_31_20:01: -- 76.202.141.206:53592: Retnur player file found.
 INFO LOG: May_31_20:01: -- Retnur has entered the game.
 INFO LOG: May_31_20:01: saving #<Player:0x0000000240e050> to database.
 INFO LOG: May_31_20:01: saving #<Player:0x0000000238dfe0> to database.
 INFO LOG: May_31_20:01: saving #<Player:0x0000000238dfe0> to database.
 INFO LOG: May_31_20:02: Loading player.rb
 INFO LOG: May_31_20:03: tick!!!
 INFO LOG: May_31_20:03: saving #<Player:0x0000000240e050> to database.
 INFO LOG: May_31_20:03: saving #<Player:0x0000000240e050> to database.
 INFO LOG: May_31_20:04: -- #<Player:0x0000000240e050>:76.202.141.206:53592 disconnected from CoralMUD!
 INFO LOG: May_31_20:04: Logging enabled.   Loading logs.rb.
 INFO LOG: May_31_20:04: Loading spellcheck.rb
 INFO LOG: May_31_20:04: Loading facade.rb
 INFO LOG: May_31_20:04: Loading query_list.rb
 INFO LOG: May_31_20:04: Loading utils.rb
 INFO LOG: May_31_20:04: Loading constants.rb
 INFO LOG: May_31_20:04: Loading damage.rb
 INFO LOG: May_31_20:04: Loading class_property.rb
 INFO LOG: May_31_20:04: Loading scripts.rb
 INFO LOG: May_31_20:04: Loading tags.rb
 INFO LOG: May_31_20:04: Loading editor/editors.rb
 INFO LOG: May_31_20:04: Loading editor/editor.strings.rb
 INFO LOG: May_31_20:04: Loading editor/editor.rooms.rb
 INFO LOG: May_31_20:04: Loading editor/editor.exits.rb
 INFO LOG: May_31_20:04: Loading editor/editor.zones.rb
 INFO LOG: May_31_20:04: Loading editor/editor.npc.rb
 INFO LOG: May_31_20:04: Loading editor/editor.items.rb
 INFO LOG: May_31_20:04: Loading editor/editor.socials.rb
 INFO LOG: May_31_20:04: Loading socials.rb
 INFO LOG: May_31_20:04: Loading mxp.rb
 INFO LOG: May_31_20:04: Loading mccp.rb
 INFO LOG: May_31_20:04: Loading flags.rb
 INFO LOG: May_31_20:04: Loading areas.rb
 INFO LOG: May_31_20:04: Loading security.rb
 INFO LOG: May_31_20:04: Loading resets.rb
 INFO LOG: May_31_20:04: Loading event.rb
 INFO LOG: May_31_20:04: Loading automap/automap.rb
 INFO LOG: May_31_20:04: Loading cities.rb
 INFO LOG: May_31_20:04: Loading sector definitions.
 INFO LOG: May_31_20:04: Loading help.rb
 INFO LOG: May_31_20:04: Loading imcruby.rb
 INFO LOG: May_31_20:04: Loading player.rb
 INFO LOG: May_31_20:04: Loading commands.rb
 INFO LOG: May_31_20:04: Loading editor/editor.player.rb
 INFO LOG: May_31_20:04: Loading random.rb
 INFO LOG: May_31_20:04: Loading npc.rb
 INFO LOG: May_31_20:04: Loading items/types.rb
 INFO LOG: May_31_20:04: Loading items/items.rb
 INFO LOG: May_31_20:04: Loading spells.rb
 INFO LOG: May_31_20:04: Loading all zones.
 INFO LOG: May_31_20:04: Loading all socials.
 INFO LOG: May_31_20:04: Upgrading database
 INFO LOG: May_31_20:04: Starting server.
 INFO LOG: May_31_20:04: CoralMUD is now up on port 4000.
 INFO LOG: May_31_20:04: -- 76.202.141.206:58282 connected to CoralMUD!
 INFO LOG: May_31_20:04: -- 76.202.141.206:58282: () Invalid name in character creation.
 INFO LOG: May_31_20:04: -- 76.202.141.206:58282: Retnur is trying to connect.
 INFO LOG: May_31_20:04: -- 76.202.141.206:58282: Retnur player file found.
 INFO LOG: May_31_20:04: -- Retnur has entered the game.
 INFO LOG: May_31_20:04: saving #<Player:0x000000017590f8> to database.
 INFO LOG: May_31_20:04: saving #<Player:0x000000016f1340> to database.
 INFO LOG: May_31_20:04: saving #<Player:0x000000016f1340> to database.
 INFO LOG: May_31_20:04: Retnur has left the game.
 INFO LOG: May_31_20:04: saving #<Player:0x000000017590f8> to database.
 INFO LOG: May_31_20:04: -- :76.202.141.206:58282 disconnected from CoralMUD!
 INFO LOG: May_31_20:04: -- 76.202.141.206:50212 connected to CoralMUD!
 INFO LOG: May_31_20:04: -- 76.202.141.206:50212: Retnur is trying to connect.
 INFO LOG: May_31_20:04: -- 76.202.141.206:50212: Retnur player file found.
 INFO LOG: May_31_20:04: -- Retnur has entered the game.
 INFO LOG: May_31_20:04: saving #<Player:0x0000000168bce8> to database.
 INFO LOG: May_31_20:06: tick!!!
 INFO LOG: May_31_20:06: saving #<Player:0x0000000168bce8> to database.
 INFO LOG: May_31_20:08: tick!!!
 INFO LOG: May_31_20:08: saving #<Player:0x0000000168bce8> to database.
 INFO LOG: May_31_20:10: tick!!!
 INFO LOG: May_31_20:10: saving #<Player:0x0000000168bce8> to database.
 INFO LOG: May_31_20:12: tick!!!
 INFO LOG: May_31_20:12: saving #<Player:0x0000000168bce8> to database.
 INFO LOG: May_31_20:14: tick!!!
 INFO LOG: May_31_20:14: saving #<Player:0x0000000168bce8> to database.
 INFO LOG: May_31_20:16: tick!!!
 INFO LOG: May_31_20:16: saving #<Player:0x0000000168bce8> to database.
 INFO LOG: May_31_20:18: tick!!!
 INFO LOG: May_31_20:18: saving #<Player:0x0000000168bce8> to database.
 INFO LOG: May_31_20:20: tick!!!
 INFO LOG: May_31_20:20: saving #<Player:0x0000000168bce8> to database.
 INFO LOG: May_31_20:22: tick!!!
 INFO LOG: May_31_20:22: saving #<Player:0x0000000168bce8> to database.
 INFO LOG: May_31_20:24: tick!!!
 INFO LOG: May_31_20:24: saving #<Player:0x0000000168bce8> to database.
 INFO LOG: May_31_20:26: tick!!!
 INFO LOG: May_31_20:26: saving #<Player:0x0000000168bce8> to database.
 INFO LOG: May_31_20:28: tick!!!
 INFO LOG: May_31_20:28: saving #<Player:0x0000000168bce8> to database.
 INFO LOG: May_31_20:30: tick!!!
 INFO LOG: May_31_20:30: saving #<Player:0x0000000168bce8> to database.
 INFO LOG: May_31_20:32: tick!!!
 INFO LOG: May_31_20:32: saving #<Player:0x0000000168bce8> to database.
 INFO LOG: May_31_20:34: tick!!!
 INFO LOG: May_31_20:34: saving #<Player:0x0000000168bce8> to database.
 INFO LOG: May_31_20:36: tick!!!
 INFO LOG: May_31_20:36: saving #<Player:0x0000000168bce8> to database.
 INFO LOG: May_31_20:38: tick!!!
 INFO LOG: May_31_20:38: saving #<Player:0x0000000168bce8> to database.
 INFO LOG: May_31_20:40: tick!!!
 INFO LOG: May_31_20:40: saving #<Player:0x0000000168bce8> to database.
 INFO LOG: May_31_20:42: tick!!!
 INFO LOG: May_31_20:42: saving #<Player:0x0000000168bce8> to database.
 INFO LOG: May_31_20:44: tick!!!
 INFO LOG: May_31_20:44: saving #<Player:0x0000000168bce8> to database.
 INFO LOG: May_31_20:46: tick!!!
 INFO LOG: May_31_20:46: saving #<Player:0x0000000168bce8> to database.
 INFO LOG: May_31_20:48: tick!!!
 INFO LOG: May_31_20:48: saving #<Player:0x0000000168bce8> to database.
 INFO LOG: May_31_20:50: tick!!!
 INFO LOG: May_31_20:50: saving #<Player:0x0000000168bce8> to database.
 INFO LOG: May_31_20:52: tick!!!
 INFO LOG: May_31_20:52: saving #<Player:0x0000000168bce8> to database.
 INFO LOG: May_31_20:54: tick!!!
 INFO LOG: May_31_20:54: saving #<Player:0x0000000168bce8> to database.
 INFO LOG: May_31_20:56: tick!!!
 INFO LOG: May_31_20:56: saving #<Player:0x0000000168bce8> to database.
 INFO LOG: May_31_20:58: tick!!!
 INFO LOG: May_31_20:58: saving #<Player:0x0000000168bce8> to database.
 INFO LOG: May_31_21:00: tick!!!
 INFO LOG: May_31_21:00: saving #<Player:0x0000000168bce8> to database.
 INFO LOG: May_31_21:02: tick!!!
 INFO LOG: May_31_21:02: saving #<Player:0x0000000168bce8> to database.
 INFO LOG: May_31_21:04: tick!!!
 INFO LOG: May_31_21:04: saving #<Player:0x0000000168bce8> to database.
 INFO LOG: May_31_21:06: tick!!!
 INFO LOG: May_31_21:06: saving #<Player:0x0000000168bce8> to database.
 INFO LOG: May_31_21:08: tick!!!
 INFO LOG: May_31_21:08: saving #<Player:0x0000000168bce8> to database.
 INFO LOG: May_31_21:10: tick!!!
 INFO LOG: May_31_21:10: saving #<Player:0x0000000168bce8> to database.
 INFO LOG: May_31_21:12: tick!!!
 INFO LOG: May_31_21:12: saving #<Player:0x0000000168bce8> to database.
 INFO LOG: May_31_21:14: tick!!!
 INFO LOG: May_31_21:14: saving #<Player:0x0000000168bce8> to database.
 INFO LOG: May_31_21:16: tick!!!
 INFO LOG: May_31_21:16: saving #<Player:0x0000000168bce8> to database.
 INFO LOG: May_31_21:18: tick!!!
 INFO LOG: May_31_21:18: saving #<Player:0x0000000168bce8> to database.
 INFO LOG: May_31_21:20: tick!!!
 INFO LOG: May_31_21:20: saving #<Player:0x0000000168bce8> to database.
 INFO LOG: May_31_21:22: tick!!!
 INFO LOG: May_31_21:22: saving #<Player:0x0000000168bce8> to database.
 INFO LOG: May_31_21:24: tick!!!
 INFO LOG: May_31_21:24: saving #<Player:0x0000000168bce8> to database.
 INFO LOG: May_31_21:26: tick!!!
 INFO LOG: May_31_21:26: saving #<Player:0x0000000168bce8> to database.
 INFO LOG: May_31_21:28: tick!!!
 INFO LOG: May_31_21:28: saving #<Player:0x0000000168bce8> to database.
 INFO LOG: May_31_21:30: tick!!!
 INFO LOG: May_31_21:30: saving #<Player:0x0000000168bce8> to database.
 INFO LOG: May_31_21:32: tick!!!
 INFO LOG: May_31_21:32: saving #<Player:0x0000000168bce8> to database.
 INFO LOG: May_31_21:34: tick!!!
 INFO LOG: May_31_21:34: saving #<Player:0x0000000168bce8> to database.
 INFO LOG: May_31_21:36: tick!!!
 INFO LOG: May_31_21:36: saving #<Player:0x0000000168bce8> to database.
 INFO LOG: May_31_21:38: tick!!!
 INFO LOG: May_31_21:38: saving #<Player:0x0000000168bce8> to database.
 INFO LOG: May_31_21:39: Loading player.rb
 INFO LOG: May_31_21:39: -- #<Player:0x0000000168bce8>:76.202.141.206:50212 disconnected from CoralMUD!
 INFO LOG: May_31_21:39: Program closed.
 INFO LOG: May_31_21:40: Logging enabled.   Loading logs.rb.
 INFO LOG: May_31_21:40: Loading spellcheck.rb
 INFO LOG: May_31_21:40: Loading facade.rb
 INFO LOG: May_31_21:40: Loading query_list.rb
 INFO LOG: May_31_21:40: Loading utils.rb
 INFO LOG: May_31_21:40: Loading constants.rb
 INFO LOG: May_31_21:40: Loading damage.rb
 INFO LOG: May_31_21:40: Loading class_property.rb
 INFO LOG: May_31_21:40: Loading scripts.rb
 INFO LOG: May_31_21:40: Loading tags.rb
 INFO LOG: May_31_21:40: Loading editor/editors.rb
 INFO LOG: May_31_21:40: Loading editor/editor.strings.rb
 INFO LOG: May_31_21:40: Loading editor/editor.rooms.rb
 INFO LOG: May_31_21:40: Loading editor/editor.exits.rb
 INFO LOG: May_31_21:40: Loading editor/editor.zones.rb
 INFO LOG: May_31_21:40: Loading editor/editor.npc.rb
 INFO LOG: May_31_21:40: Loading editor/editor.items.rb
 INFO LOG: May_31_21:40: Loading editor/editor.socials.rb
 INFO LOG: May_31_21:40: Loading socials.rb
 INFO LOG: May_31_21:40: Loading mxp.rb
 INFO LOG: May_31_21:40: Loading mccp.rb
 INFO LOG: May_31_21:40: Loading mail.rb
 INFO LOG: May_31_21:40: Loading flags.rb
 INFO LOG: May_31_21:40: Loading areas.rb
 INFO LOG: May_31_21:40: Loading security.rb
 INFO LOG: May_31_21:40: Loading resets.rb
 INFO LOG: May_31_21:40: Loading event.rb
 INFO LOG: May_31_21:40: Loading automap/automap.rb
 INFO LOG: May_31_21:40: Loading cities.rb
 INFO LOG: May_31_21:40: Loading sector definitions.
 INFO LOG: May_31_21:40: Loading help.rb
 INFO LOG: May_31_21:40: Loading imcruby.rb
 INFO LOG: May_31_21:40: Loading player.rb
 INFO LOG: May_31_21:40: Loading commands.rb
 INFO LOG: May_31_21:40: Loading editor/editor.player.rb
 INFO LOG: May_31_21:40: Loading random.rb
 INFO LOG: May_31_21:40: Loading npc.rb
 INFO LOG: May_31_21:40: Loading items/types.rb
 INFO LOG: May_31_21:40: Loading items/items.rb
 INFO LOG: May_31_21:40: Loading spells.rb
 INFO LOG: May_31_21:40: Loading all zones.
 INFO LOG: May_31_21:40: Loading all socials.
 INFO LOG: May_31_21:40: Upgrading database
 INFO LOG: May_31_21:40: Starting server.
 INFO LOG: May_31_21:40: CoralMUD is now up on port 4000.
 INFO LOG: May_31_21:41: -- 76.202.141.206:37574 connected to CoralMUD!
 INFO LOG: May_31_21:41: -- 76.202.141.206:37574: Retnur is trying to connect.
 INFO LOG: May_31_21:41: -- 76.202.141.206:37574: Retnur player file found.
 INFO LOG: May_31_21:41: -- Retnur has entered the game.
 INFO LOG: May_31_21:41: saving #<Player:0x00000001ae4c90> to database.
 INFO LOG: May_31_21:42: tick!!!
 INFO LOG: May_31_21:42: saving #<Player:0x00000001ae4c90> to database.
 INFO LOG: May_31_21:44: tick!!!
 INFO LOG: May_31_21:44: saving #<Player:0x00000001ae4c90> to database.
 INFO LOG: May_31_21:46: tick!!!
 INFO LOG: May_31_21:46: saving #<Player:0x00000001ae4c90> to database.
 INFO LOG: May_31_21:48: tick!!!
 INFO LOG: May_31_21:48: saving #<Player:0x00000001ae4c90> to database.
 INFO LOG: May_31_21:50: tick!!!
 INFO LOG: May_31_21:50: saving #<Player:0x00000001ae4c90> to database.
 INFO LOG: May_31_21:52: tick!!!
 INFO LOG: May_31_21:52: saving #<Player:0x00000001ae4c90> to database.
 INFO LOG: May_31_21:54: tick!!!
 INFO LOG: May_31_21:54: saving #<Player:0x00000001ae4c90> to database.
 INFO LOG: May_31_21:56: tick!!!
 INFO LOG: May_31_21:56: saving #<Player:0x00000001ae4c90> to database.
 INFO LOG: May_31_21:58: tick!!!
 INFO LOG: May_31_21:58: saving #<Player:0x00000001ae4c90> to database.
 INFO LOG: May_31_22:00: tick!!!
 INFO LOG: May_31_22:00: saving #<Player:0x00000001ae4c90> to database.
 INFO LOG: May_31_22:02: tick!!!
 INFO LOG: May_31_22:02: saving #<Player:0x00000001ae4c90> to database.
 INFO LOG: May_31_22:04: tick!!!
 INFO LOG: May_31_22:04: saving #<Player:0x00000001ae4c90> to database.
 INFO LOG: May_31_22:06: tick!!!
 INFO LOG: May_31_22:06: saving #<Player:0x00000001ae4c90> to database.
 INFO LOG: May_31_22:08: tick!!!
 INFO LOG: May_31_22:08: saving #<Player:0x00000001ae4c90> to database.
 INFO LOG: May_31_22:10: tick!!!
 INFO LOG: May_31_22:10: saving #<Player:0x00000001ae4c90> to database.
 INFO LOG: May_31_22:12: tick!!!
 INFO LOG: May_31_22:12: saving #<Player:0x00000001ae4c90> to database.
 INFO LOG: May_31_22:14: tick!!!
 INFO LOG: May_31_22:14: saving #<Player:0x00000001ae4c90> to database.
 INFO LOG: May_31_22:16: tick!!!
 INFO LOG: May_31_22:16: saving #<Player:0x00000001ae4c90> to database.
 INFO LOG: May_31_22:18: tick!!!
 INFO LOG: May_31_22:18: saving #<Player:0x00000001ae4c90> to database.
 INFO LOG: May_31_22:20: tick!!!
 INFO LOG: May_31_22:20: saving #<Player:0x00000001ae4c90> to database.
 INFO LOG: May_31_22:22: tick!!!
 INFO LOG: May_31_22:22: saving #<Player:0x00000001ae4c90> to database.
 INFO LOG: May_31_22:24: tick!!!
 INFO LOG: May_31_22:24: saving #<Player:0x00000001ae4c90> to database.
 INFO LOG: May_31_22:26: tick!!!
 INFO LOG: May_31_22:26: saving #<Player:0x00000001ae4c90> to database.
 INFO LOG: May_31_22:28: tick!!!
 INFO LOG: May_31_22:28: saving #<Player:0x00000001ae4c90> to database.
 INFO LOG: May_31_22:30: tick!!!
 INFO LOG: May_31_22:30: saving #<Player:0x00000001ae4c90> to database.
 INFO LOG: May_31_22:32: tick!!!
 INFO LOG: May_31_22:32: saving #<Player:0x00000001ae4c90> to database.
 INFO LOG: May_31_22:34: tick!!!
 INFO LOG: May_31_22:34: saving #<Player:0x00000001ae4c90> to database.
 INFO LOG: May_31_22:36: tick!!!
 INFO LOG: May_31_22:36: saving #<Player:0x00000001ae4c90> to database.
 INFO LOG: May_31_22:38: tick!!!
 INFO LOG: May_31_22:38: saving #<Player:0x00000001ae4c90> to database.
 INFO LOG: May_31_22:40: tick!!!
 INFO LOG: May_31_22:40: saving #<Player:0x00000001ae4c90> to database.
 INFO LOG: May_31_22:42: tick!!!
 INFO LOG: May_31_22:42: saving #<Player:0x00000001ae4c90> to database.
 INFO LOG: May_31_22:44: tick!!!
 INFO LOG: May_31_22:44: saving #<Player:0x00000001ae4c90> to database.
 INFO LOG: May_31_22:47: tick!!!
 INFO LOG: May_31_22:47: saving #<Player:0x00000001ae4c90> to database.
 INFO LOG: May_31_22:49: tick!!!
 INFO LOG: May_31_22:49: saving #<Player:0x00000001ae4c90> to database.
 INFO LOG: May_31_22:51: tick!!!
 INFO LOG: May_31_22:51: saving #<Player:0x00000001ae4c90> to database.
 INFO LOG: May_31_22:53: tick!!!
 INFO LOG: May_31_22:53: saving #<Player:0x00000001ae4c90> to database.
 INFO LOG: May_31_22:55: tick!!!
 INFO LOG: May_31_22:55: saving #<Player:0x00000001ae4c90> to database.
 INFO LOG: May_31_22:57: tick!!!
 INFO LOG: May_31_22:57: saving #<Player:0x00000001ae4c90> to database.
 INFO LOG: May_31_22:59: tick!!!
 INFO LOG: May_31_22:59: saving #<Player:0x00000001ae4c90> to database.
 INFO LOG: May_31_23:01: tick!!!
 INFO LOG: May_31_23:01: saving #<Player:0x00000001ae4c90> to database.
 INFO LOG: May_31_23:03: tick!!!
 INFO LOG: May_31_23:03: saving #<Player:0x00000001ae4c90> to database.
 INFO LOG: May_31_23:05: tick!!!
 INFO LOG: May_31_23:05: saving #<Player:0x00000001ae4c90> to database.
 INFO LOG: May_31_23:07: tick!!!
 INFO LOG: May_31_23:07: saving #<Player:0x00000001ae4c90> to database.
 INFO LOG: May_31_23:09: tick!!!
 INFO LOG: May_31_23:09: saving #<Player:0x00000001ae4c90> to database.
 INFO LOG: May_31_23:11: tick!!!
 INFO LOG: May_31_23:11: saving #<Player:0x00000001ae4c90> to database.
 INFO LOG: May_31_23:13: tick!!!
 INFO LOG: May_31_23:13: saving #<Player:0x00000001ae4c90> to database.
 INFO LOG: May_31_23:15: tick!!!
 INFO LOG: May_31_23:15: saving #<Player:0x00000001ae4c90> to database.
 INFO LOG: May_31_23:17: tick!!!
 INFO LOG: May_31_23:17: saving #<Player:0x00000001ae4c90> to database.
 INFO LOG: May_31_23:19: tick!!!
 INFO LOG: May_31_23:19: saving #<Player:0x00000001ae4c90> to database.
 INFO LOG: May_31_23:21: tick!!!
 INFO LOG: May_31_23:21: saving #<Player:0x00000001ae4c90> to database.
 INFO LOG: May_31_23:23: tick!!!
 INFO LOG: May_31_23:23: saving #<Player:0x00000001ae4c90> to database.
 INFO LOG: May_31_23:25: tick!!!
 INFO LOG: May_31_23:25: saving #<Player:0x00000001ae4c90> to database.
 INFO LOG: May_31_23:27: tick!!!
 INFO LOG: May_31_23:27: saving #<Player:0x00000001ae4c90> to database.
 INFO LOG: May_31_23:29: tick!!!
 INFO LOG: May_31_23:29: saving #<Player:0x00000001ae4c90> to database.
 INFO LOG: May_31_23:31: tick!!!
 INFO LOG: May_31_23:31: saving #<Player:0x00000001ae4c90> to database.
 INFO LOG: May_31_23:33: tick!!!
 INFO LOG: May_31_23:33: saving #<Player:0x00000001ae4c90> to database.
 INFO LOG: May_31_23:35: tick!!!
 INFO LOG: May_31_23:35: saving #<Player:0x00000001ae4c90> to database.
 INFO LOG: May_31_23:37: tick!!!
 INFO LOG: May_31_23:37: saving #<Player:0x00000001ae4c90> to database.
 INFO LOG: May_31_23:39: tick!!!
 INFO LOG: May_31_23:39: saving #<Player:0x00000001ae4c90> to database.
 INFO LOG: May_31_23:41: tick!!!
 INFO LOG: May_31_23:41: saving #<Player:0x00000001ae4c90> to database.
 INFO LOG: May_31_23:43: tick!!!
 INFO LOG: May_31_23:43: saving #<Player:0x00000001ae4c90> to database.
 INFO LOG: May_31_23:45: tick!!!
 INFO LOG: May_31_23:45: saving #<Player:0x00000001ae4c90> to database.
 INFO LOG: May_31_23:47: tick!!!
 INFO LOG: May_31_23:47: saving #<Player:0x00000001ae4c90> to database.
 INFO LOG: May_31_23:49: tick!!!
 INFO LOG: May_31_23:49: saving #<Player:0x00000001ae4c90> to database.
 INFO LOG: May_31_23:51: tick!!!
 INFO LOG: May_31_23:51: saving #<Player:0x00000001ae4c90> to database.
 INFO LOG: May_31_23:53: tick!!!
 INFO LOG: May_31_23:53: saving #<Player:0x00000001ae4c90> to database.
 INFO LOG: May_31_23:55: tick!!!
 INFO LOG: May_31_23:55: saving #<Player:0x00000001ae4c90> to database.
 INFO LOG: May_31_23:57: tick!!!
 INFO LOG: May_31_23:57: saving #<Player:0x00000001ae4c90> to database.
 INFO LOG: May_31_23:59: tick!!!
 INFO LOG: May_31_23:59: saving #<Player:0x00000001ae4c90> to database.
 INFO LOG: Jun__1_00:01: tick!!!
 INFO LOG: Jun__1_00:01: saving #<Player:0x00000001ae4c90> to database.
 INFO LOG: Jun__1_00:03: tick!!!
 INFO LOG: Jun__1_00:03: saving #<Player:0x00000001ae4c90> to database.
 INFO LOG: Jun__1_00:05: tick!!!
 INFO LOG: Jun__1_00:05: saving #<Player:0x00000001ae4c90> to database.
 INFO LOG: Jun__1_00:07: tick!!!
 INFO LOG: Jun__1_00:07: saving #<Player:0x00000001ae4c90> to database.
 INFO LOG: Jun__1_00:09: tick!!!
 INFO LOG: Jun__1_00:09: saving #<Player:0x00000001ae4c90> to database.
 INFO LOG: Jun__1_00:11: tick!!!
 INFO LOG: Jun__1_00:11: saving #<Player:0x00000001ae4c90> to database.
 INFO LOG: Jun__1_00:13: tick!!!
 INFO LOG: Jun__1_00:13: saving #<Player:0x00000001ae4c90> to database.
 INFO LOG: Jun__1_00:15: tick!!!
 INFO LOG: Jun__1_00:15: saving #<Player:0x00000001ae4c90> to database.
 INFO LOG: Jun__1_00:17: tick!!!
 INFO LOG: Jun__1_00:17: saving #<Player:0x00000001ae4c90> to database.
 INFO LOG: Jun__1_00:19: tick!!!
 INFO LOG: Jun__1_00:19: saving #<Player:0x00000001ae4c90> to database.
 INFO LOG: Jun__1_00:21: tick!!!
 INFO LOG: Jun__1_00:21: saving #<Player:0x00000001ae4c90> to database.
 INFO LOG: Jun__1_00:23: tick!!!
 INFO LOG: Jun__1_00:23: saving #<Player:0x00000001ae4c90> to database.
 INFO LOG: Jun__1_00:25: tick!!!
 INFO LOG: Jun__1_00:25: saving #<Player:0x00000001ae4c90> to database.
 INFO LOG: Jun__1_00:27: tick!!!
 INFO LOG: Jun__1_00:27: saving #<Player:0x00000001ae4c90> to database.
 INFO LOG: Jun__1_00:29: tick!!!
 INFO LOG: Jun__1_00:29: saving #<Player:0x00000001ae4c90> to database.
 INFO LOG: Jun__1_00:31: tick!!!
 INFO LOG: Jun__1_00:31: saving #<Player:0x00000001ae4c90> to database.
 INFO LOG: Jun__1_00:33: tick!!!
 INFO LOG: Jun__1_00:33: saving #<Player:0x00000001ae4c90> to database.
 INFO LOG: Jun__1_00:35: tick!!!
 INFO LOG: Jun__1_00:35: saving #<Player:0x00000001ae4c90> to database.
 INFO LOG: Jun__1_00:37: tick!!!
 INFO LOG: Jun__1_00:37: saving #<Player:0x00000001ae4c90> to database.
 INFO LOG: Jun__1_00:39: tick!!!
 INFO LOG: Jun__1_00:39: saving #<Player:0x00000001ae4c90> to database.
 INFO LOG: Jun__1_00:41: tick!!!
 INFO LOG: Jun__1_00:41: saving #<Player:0x00000001ae4c90> to database.
 INFO LOG: Jun__1_00:43: tick!!!
 INFO LOG: Jun__1_00:43: saving #<Player:0x00000001ae4c90> to database.
 INFO LOG: Jun__1_00:45: tick!!!
 INFO LOG: Jun__1_00:45: saving #<Player:0x00000001ae4c90> to database.
 INFO LOG: Jun__1_00:47: tick!!!
 INFO LOG: Jun__1_00:47: saving #<Player:0x00000001ae4c90> to database.
 INFO LOG: Jun__1_00:49: tick!!!
 INFO LOG: Jun__1_00:49: saving #<Player:0x00000001ae4c90> to database.
 INFO LOG: Jun__1_00:51: tick!!!
 INFO LOG: Jun__1_00:51: saving #<Player:0x00000001ae4c90> to database.
 INFO LOG: Jun__1_00:53: tick!!!
 INFO LOG: Jun__1_00:53: saving #<Player:0x00000001ae4c90> to database.
 INFO LOG: Jun__1_00:55: tick!!!
 INFO LOG: Jun__1_00:55: saving #<Player:0x00000001ae4c90> to database.
 INFO LOG: Jun__1_00:57: tick!!!
 INFO LOG: Jun__1_00:57: saving #<Player:0x00000001ae4c90> to database.
 INFO LOG: Jun__1_00:59: tick!!!
 INFO LOG: Jun__1_00:59: saving #<Player:0x00000001ae4c90> to database.
 INFO LOG: Jun__1_01:01: tick!!!
 INFO LOG: Jun__1_01:01: saving #<Player:0x00000001ae4c90> to database.
 INFO LOG: Jun__1_01:03: tick!!!
 INFO LOG: Jun__1_01:03: saving #<Player:0x00000001ae4c90> to database.
 INFO LOG: Jun__1_01:05: tick!!!
 INFO LOG: Jun__1_01:05: saving #<Player:0x00000001ae4c90> to database.
 INFO LOG: Jun__1_01:07: tick!!!
 INFO LOG: Jun__1_01:07: saving #<Player:0x00000001ae4c90> to database.
 INFO LOG: Jun__1_01:09: tick!!!
 INFO LOG: Jun__1_01:09: saving #<Player:0x00000001ae4c90> to database.
 INFO LOG: Jun__1_01:11: tick!!!
 INFO LOG: Jun__1_01:11: saving #<Player:0x00000001ae4c90> to database.
 INFO LOG: Jun__1_01:13: tick!!!
 INFO LOG: Jun__1_01:13: saving #<Player:0x00000001ae4c90> to database.
 INFO LOG: Jun__1_01:15: tick!!!
 INFO LOG: Jun__1_01:15: saving #<Player:0x00000001ae4c90> to database.
 INFO LOG: Jun__1_01:17: tick!!!
 INFO LOG: Jun__1_01:17: saving #<Player:0x00000001ae4c90> to database.
 INFO LOG: Jun__1_01:19: tick!!!
 INFO LOG: Jun__1_01:19: saving #<Player:0x00000001ae4c90> to database.
 INFO LOG: Jun__1_01:21: tick!!!
 INFO LOG: Jun__1_01:21: saving #<Player:0x00000001ae4c90> to database.
 INFO LOG: Jun__1_01:23: tick!!!
 INFO LOG: Jun__1_01:23: saving #<Player:0x00000001ae4c90> to database.
 INFO LOG: Jun__1_01:25: tick!!!
 INFO LOG: Jun__1_01:25: saving #<Player:0x00000001ae4c90> to database.
 INFO LOG: Jun__1_01:27: tick!!!
 INFO LOG: Jun__1_01:27: saving #<Player:0x00000001ae4c90> to database.
 INFO LOG: Jun__1_01:29: tick!!!
 INFO LOG: Jun__1_01:29: saving #<Player:0x00000001ae4c90> to database.
 INFO LOG: Jun__1_01:31: tick!!!
 INFO LOG: Jun__1_01:31: saving #<Player:0x00000001ae4c90> to database.
 INFO LOG: Jun__1_01:33: tick!!!
 INFO LOG: Jun__1_01:33: saving #<Player:0x00000001ae4c90> to database.
 INFO LOG: Jun__1_01:35: tick!!!
 INFO LOG: Jun__1_01:35: saving #<Player:0x00000001ae4c90> to database.
 INFO LOG: Jun__1_01:37: tick!!!
 INFO LOG: Jun__1_01:37: saving #<Player:0x00000001ae4c90> to database.
 INFO LOG: Jun__1_01:39: tick!!!
 INFO LOG: Jun__1_01:39: saving #<Player:0x00000001ae4c90> to database.
 INFO LOG: Jun__1_01:41: tick!!!
 INFO LOG: Jun__1_01:41: saving #<Player:0x00000001ae4c90> to database.
 INFO LOG: Jun__1_01:43: tick!!!
 INFO LOG: Jun__1_01:43: saving #<Player:0x00000001ae4c90> to database.
 INFO LOG: Jun__1_01:45: tick!!!
 INFO LOG: Jun__1_01:45: saving #<Player:0x00000001ae4c90> to database.
 INFO LOG: Jun__1_01:47: tick!!!
 INFO LOG: Jun__1_01:47: saving #<Player:0x00000001ae4c90> to database.
 INFO LOG: Jun__1_01:49: tick!!!
 INFO LOG: Jun__1_01:49: saving #<Player:0x00000001ae4c90> to database.
 INFO LOG: Jun__1_01:51: tick!!!
 INFO LOG: Jun__1_01:51: saving #<Player:0x00000001ae4c90> to database.
 INFO LOG: Jun__1_01:53: tick!!!
 INFO LOG: Jun__1_01:53: saving #<Player:0x00000001ae4c90> to database.
 INFO LOG: Jun__1_01:55: tick!!!
 INFO LOG: Jun__1_01:55: saving #<Player:0x00000001ae4c90> to database.
 INFO LOG: Jun__1_01:57: tick!!!
 INFO LOG: Jun__1_01:57: saving #<Player:0x00000001ae4c90> to database.
 INFO LOG: Jun__1_01:59: tick!!!
 INFO LOG: Jun__1_01:59: saving #<Player:0x00000001ae4c90> to database.
 INFO LOG: Jun__1_02:01: tick!!!
 INFO LOG: Jun__1_02:01: saving #<Player:0x00000001ae4c90> to database.
 INFO LOG: Jun__1_02:03: tick!!!
 INFO LOG: Jun__1_02:03: saving #<Player:0x00000001ae4c90> to database.
 INFO LOG: Jun__1_02:05: tick!!!
 INFO LOG: Jun__1_02:05: saving #<Player:0x00000001ae4c90> to database.
 INFO LOG: Jun__1_02:07: tick!!!
 INFO LOG: Jun__1_02:07: saving #<Player:0x00000001ae4c90> to database.
 INFO LOG: Jun__1_02:09: tick!!!
 INFO LOG: Jun__1_02:09: saving #<Player:0x00000001ae4c90> to database.
 INFO LOG: Jun__1_02:11: tick!!!
 INFO LOG: Jun__1_02:11: saving #<Player:0x00000001ae4c90> to database.
 INFO LOG: Jun__1_02:13: tick!!!
 INFO LOG: Jun__1_02:13: saving #<Player:0x00000001ae4c90> to database.
 INFO LOG: Jun__1_02:15: tick!!!
 INFO LOG: Jun__1_02:15: saving #<Player:0x00000001ae4c90> to database.
 INFO LOG: Jun__1_02:17: tick!!!
 INFO LOG: Jun__1_02:17: saving #<Player:0x00000001ae4c90> to database.
 INFO LOG: Jun__1_02:19: tick!!!
 INFO LOG: Jun__1_02:19: saving #<Player:0x00000001ae4c90> to database.
 INFO LOG: Jun__1_02:21: tick!!!
 INFO LOG: Jun__1_02:21: saving #<Player:0x00000001ae4c90> to database.
 INFO LOG: Jun__1_02:23: tick!!!
 INFO LOG: Jun__1_02:23: saving #<Player:0x00000001ae4c90> to database.
 INFO LOG: Jun__1_02:25: tick!!!
 INFO LOG: Jun__1_02:25: saving #<Player:0x00000001ae4c90> to database.
 INFO LOG: Jun__1_02:27: tick!!!
 INFO LOG: Jun__1_02:27: saving #<Player:0x00000001ae4c90> to database.
 INFO LOG: Jun__1_02:29: tick!!!
 INFO LOG: Jun__1_02:29: saving #<Player:0x00000001ae4c90> to database.
 INFO LOG: Jun__1_02:31: tick!!!
 INFO LOG: Jun__1_02:31: saving #<Player:0x00000001ae4c90> to database.
 INFO LOG: Jun__1_02:33: tick!!!
 INFO LOG: Jun__1_02:33: saving #<Player:0x00000001ae4c90> to database.
 INFO LOG: Jun__1_02:35: tick!!!
 INFO LOG: Jun__1_02:35: saving #<Player:0x00000001ae4c90> to database.
 INFO LOG: Jun__1_02:37: tick!!!
 INFO LOG: Jun__1_02:37: saving #<Player:0x00000001ae4c90> to database.
 INFO LOG: Jun__1_02:39: tick!!!
 INFO LOG: Jun__1_02:39: saving #<Player:0x00000001ae4c90> to database.
 INFO LOG: Jun__1_02:41: tick!!!
 INFO LOG: Jun__1_02:41: saving #<Player:0x00000001ae4c90> to database.
 INFO LOG: Jun__1_02:43: tick!!!
 INFO LOG: Jun__1_02:43: saving #<Player:0x00000001ae4c90> to database.
 INFO LOG: Jun__1_02:45: tick!!!
 INFO LOG: Jun__1_02:45: saving #<Player:0x00000001ae4c90> to database.
 INFO LOG: Jun__1_02:47: tick!!!
 INFO LOG: Jun__1_02:47: saving #<Player:0x00000001ae4c90> to database.
 INFO LOG: Jun__1_02:49: tick!!!
 INFO LOG: Jun__1_02:49: saving #<Player:0x00000001ae4c90> to database.
 INFO LOG: Jun__1_02:51: tick!!!
 INFO LOG: Jun__1_02:51: saving #<Player:0x00000001ae4c90> to database.
 INFO LOG: Jun__1_02:53: tick!!!
 INFO LOG: Jun__1_02:53: saving #<Player:0x00000001ae4c90> to database.
 INFO LOG: Jun__1_02:55: tick!!!
 INFO LOG: Jun__1_02:55: saving #<Player:0x00000001ae4c90> to database.
 INFO LOG: Jun__1_02:57: tick!!!
 INFO LOG: Jun__1_02:57: saving #<Player:0x00000001ae4c90> to database.
 INFO LOG: Jun__1_02:59: tick!!!
 INFO LOG: Jun__1_02:59: saving #<Player:0x00000001ae4c90> to database.
 INFO LOG: Jun__1_03:01: tick!!!
 INFO LOG: Jun__1_03:01: saving #<Player:0x00000001ae4c90> to database.
 INFO LOG: Jun__1_03:03: tick!!!
 INFO LOG: Jun__1_03:03: saving #<Player:0x00000001ae4c90> to database.
 INFO LOG: Jun__1_03:05: tick!!!
 INFO LOG: Jun__1_03:05: saving #<Player:0x00000001ae4c90> to database.
 INFO LOG: Jun__1_03:07: tick!!!
 INFO LOG: Jun__1_03:07: saving #<Player:0x00000001ae4c90> to database.
 INFO LOG: Jun__1_03:09: tick!!!
 INFO LOG: Jun__1_03:09: saving #<Player:0x00000001ae4c90> to database.
 INFO LOG: Jun__1_03:11: tick!!!
 INFO LOG: Jun__1_03:11: saving #<Player:0x00000001ae4c90> to database.
 INFO LOG: Jun__1_03:13: tick!!!
 INFO LOG: Jun__1_03:13: saving #<Player:0x00000001ae4c90> to database.
 INFO LOG: Jun__1_03:15: tick!!!
 INFO LOG: Jun__1_03:15: saving #<Player:0x00000001ae4c90> to database.
 INFO LOG: Jun__1_03:17: tick!!!
 INFO LOG: Jun__1_03:17: saving #<Player:0x00000001ae4c90> to database.
 INFO LOG: Jun__1_03:19: tick!!!
 INFO LOG: Jun__1_03:19: saving #<Player:0x00000001ae4c90> to database.
 INFO LOG: Jun__1_03:21: tick!!!
 INFO LOG: Jun__1_03:21: saving #<Player:0x00000001ae4c90> to database.
 INFO LOG: Jun__1_03:23: tick!!!
 INFO LOG: Jun__1_03:23: saving #<Player:0x00000001ae4c90> to database.
 INFO LOG: Jun__1_03:25: tick!!!
 INFO LOG: Jun__1_03:25: saving #<Player:0x00000001ae4c90> to database.
 INFO LOG: Jun__1_03:27: tick!!!
 INFO LOG: Jun__1_03:27: saving #<Player:0x00000001ae4c90> to database.
 INFO LOG: Jun__1_03:29: tick!!!
 INFO LOG: Jun__1_03:29: saving #<Player:0x00000001ae4c90> to database.
 INFO LOG: Jun__1_03:31: tick!!!
 INFO LOG: Jun__1_03:31: saving #<Player:0x00000001ae4c90> to database.
 INFO LOG: Jun__1_03:33: tick!!!
 INFO LOG: Jun__1_03:33: saving #<Player:0x00000001ae4c90> to database.
 INFO LOG: Jun__1_03:35: tick!!!
 INFO LOG: Jun__1_03:35: saving #<Player:0x00000001ae4c90> to database.
 INFO LOG: Jun__1_03:37: tick!!!
 INFO LOG: Jun__1_03:37: saving #<Player:0x00000001ae4c90> to database.
 INFO LOG: Jun__1_03:39: tick!!!
 INFO LOG: Jun__1_03:39: saving #<Player:0x00000001ae4c90> to database.
 INFO LOG: Jun__1_03:41: tick!!!
 INFO LOG: Jun__1_03:41: saving #<Player:0x00000001ae4c90> to database.
 INFO LOG: Jun__1_03:43: tick!!!
 INFO LOG: Jun__1_03:43: saving #<Player:0x00000001ae4c90> to database.
 INFO LOG: Jun__1_03:45: tick!!!
 INFO LOG: Jun__1_03:45: saving #<Player:0x00000001ae4c90> to database.
 INFO LOG: Jun__1_03:47: tick!!!
 INFO LOG: Jun__1_03:47: saving #<Player:0x00000001ae4c90> to database.
 INFO LOG: Jun__1_03:49: tick!!!
 INFO LOG: Jun__1_03:49: saving #<Player:0x00000001ae4c90> to database.
 INFO LOG: Jun__1_03:51: tick!!!
 INFO LOG: Jun__1_03:51: saving #<Player:0x00000001ae4c90> to database.
 INFO LOG: Jun__1_03:53: tick!!!
 INFO LOG: Jun__1_03:53: saving #<Player:0x00000001ae4c90> to database.
 INFO LOG: Jun__1_03:55: tick!!!
 INFO LOG: Jun__1_03:55: saving #<Player:0x00000001ae4c90> to database.
 INFO LOG: Jun__1_03:57: tick!!!
 INFO LOG: Jun__1_03:57: saving #<Player:0x00000001ae4c90> to database.
 INFO LOG: Jun__1_03:59: tick!!!
 INFO LOG: Jun__1_03:59: saving #<Player:0x00000001ae4c90> to database.
 INFO LOG: Jun__1_04:01: tick!!!
 INFO LOG: Jun__1_04:01: saving #<Player:0x00000001ae4c90> to database.
 INFO LOG: Jun__1_04:03: tick!!!
 INFO LOG: Jun__1_04:03: saving #<Player:0x00000001ae4c90> to database.
 INFO LOG: Jun__1_04:05: tick!!!
 INFO LOG: Jun__1_04:05: saving #<Player:0x00000001ae4c90> to database.
 INFO LOG: Jun__1_04:07: tick!!!
 INFO LOG: Jun__1_04:07: saving #<Player:0x00000001ae4c90> to database.
 INFO LOG: Jun__1_04:09: tick!!!
 INFO LOG: Jun__1_04:09: saving #<Player:0x00000001ae4c90> to database.
 INFO LOG: Jun__1_04:11: tick!!!
 INFO LOG: Jun__1_04:11: saving #<Player:0x00000001ae4c90> to database.
 INFO LOG: Jun__1_04:13: tick!!!
 INFO LOG: Jun__1_04:13: saving #<Player:0x00000001ae4c90> to database.
 INFO LOG: Jun__1_04:15: tick!!!
 INFO LOG: Jun__1_04:15: saving #<Player:0x00000001ae4c90> to database.
 INFO LOG: Jun__1_04:17: tick!!!
 INFO LOG: Jun__1_04:17: saving #<Player:0x00000001ae4c90> to database.
 INFO LOG: Jun__1_04:19: tick!!!
 INFO LOG: Jun__1_04:19: saving #<Player:0x00000001ae4c90> to database.
 INFO LOG: Jun__1_04:21: tick!!!
 INFO LOG: Jun__1_04:21: saving #<Player:0x00000001ae4c90> to database.
 INFO LOG: Jun__1_04:23: tick!!!
 INFO LOG: Jun__1_04:23: saving #<Player:0x00000001ae4c90> to database.
 INFO LOG: Jun__1_04:25: tick!!!
 INFO LOG: Jun__1_04:25: saving #<Player:0x00000001ae4c90> to database.
 INFO LOG: Jun__1_04:27: tick!!!
 INFO LOG: Jun__1_04:27: saving #<Player:0x00000001ae4c90> to database.
 INFO LOG: Jun__1_04:29: tick!!!
 INFO LOG: Jun__1_04:29: saving #<Player:0x00000001ae4c90> to database.
 INFO LOG: Jun__1_04:31: tick!!!
 INFO LOG: Jun__1_04:31: saving #<Player:0x00000001ae4c90> to database.
 INFO LOG: Jun__1_04:33: tick!!!
 INFO LOG: Jun__1_04:33: saving #<Player:0x00000001ae4c90> to database.
 INFO LOG: Jun__1_04:35: tick!!!
 INFO LOG: Jun__1_04:35: saving #<Player:0x00000001ae4c90> to database.
 INFO LOG: Jun__1_04:37: tick!!!
 INFO LOG: Jun__1_04:37: saving #<Player:0x00000001ae4c90> to database.
 INFO LOG: Jun__1_04:39: tick!!!
 INFO LOG: Jun__1_04:39: saving #<Player:0x00000001ae4c90> to database.
 INFO LOG: Jun__1_04:41: tick!!!
 INFO LOG: Jun__1_04:41: saving #<Player:0x00000001ae4c90> to database.
 INFO LOG: Jun__1_04:43: tick!!!
 INFO LOG: Jun__1_04:43: saving #<Player:0x00000001ae4c90> to database.
 INFO LOG: Jun__1_04:45: tick!!!
 INFO LOG: Jun__1_04:45: saving #<Player:0x00000001ae4c90> to database.
 INFO LOG: Jun__1_04:47: tick!!!
 INFO LOG: Jun__1_04:47: saving #<Player:0x00000001ae4c90> to database.
 INFO LOG: Jun__1_04:49: tick!!!
 INFO LOG: Jun__1_04:49: saving #<Player:0x00000001ae4c90> to database.
 INFO LOG: Jun__1_04:51: tick!!!
 INFO LOG: Jun__1_04:51: saving #<Player:0x00000001ae4c90> to database.
 INFO LOG: Jun__1_04:53: tick!!!
 INFO LOG: Jun__1_04:53: saving #<Player:0x00000001ae4c90> to database.
 INFO LOG: Jun__1_04:55: tick!!!
 INFO LOG: Jun__1_04:55: saving #<Player:0x00000001ae4c90> to database.
 INFO LOG: Jun__1_04:57: tick!!!
 INFO LOG: Jun__1_04:57: saving #<Player:0x00000001ae4c90> to database.
 INFO LOG: Jun__1_04:59: tick!!!
 INFO LOG: Jun__1_04:59: saving #<Player:0x00000001ae4c90> to database.
 INFO LOG: Jun__1_05:01: tick!!!
 INFO LOG: Jun__1_05:01: saving #<Player:0x00000001ae4c90> to database.
 INFO LOG: Jun__1_05:03: tick!!!
 INFO LOG: Jun__1_05:03: saving #<Player:0x00000001ae4c90> to database.
 INFO LOG: Jun__1_05:05: tick!!!
 INFO LOG: Jun__1_05:05: saving #<Player:0x00000001ae4c90> to database.
 INFO LOG: Jun__1_05:07: tick!!!
 INFO LOG: Jun__1_05:07: saving #<Player:0x00000001ae4c90> to database.
 INFO LOG: Jun__1_05:09: tick!!!
 INFO LOG: Jun__1_05:09: saving #<Player:0x00000001ae4c90> to database.
 INFO LOG: Jun__1_05:11: tick!!!
 INFO LOG: Jun__1_05:11: saving #<Player:0x00000001ae4c90> to database.
 INFO LOG: Jun__1_05:13: tick!!!
 INFO LOG: Jun__1_05:13: saving #<Player:0x00000001ae4c90> to database.
 INFO LOG: Jun__1_05:15: tick!!!
 INFO LOG: Jun__1_05:15: saving #<Player:0x00000001ae4c90> to database.
 INFO LOG: Jun__1_05:17: tick!!!
 INFO LOG: Jun__1_05:17: saving #<Player:0x00000001ae4c90> to database.
 INFO LOG: Jun__1_05:19: tick!!!
 INFO LOG: Jun__1_05:19: saving #<Player:0x00000001ae4c90> to database.
 INFO LOG: Jun__1_05:21: tick!!!
 INFO LOG: Jun__1_05:21: saving #<Player:0x00000001ae4c90> to database.
 INFO LOG: Jun__1_05:23: tick!!!
 INFO LOG: Jun__1_05:23: saving #<Player:0x00000001ae4c90> to database.
 INFO LOG: Jun__1_05:25: tick!!!
 INFO LOG: Jun__1_05:25: saving #<Player:0x00000001ae4c90> to database.
 INFO LOG: Jun__1_05:27: tick!!!
 INFO LOG: Jun__1_05:27: saving #<Player:0x00000001ae4c90> to database.
 INFO LOG: Jun__1_05:29: tick!!!
 INFO LOG: Jun__1_05:29: saving #<Player:0x00000001ae4c90> to database.
 INFO LOG: Jun__1_05:31: tick!!!
 INFO LOG: Jun__1_05:31: saving #<Player:0x00000001ae4c90> to database.
 INFO LOG: Jun__1_05:33: tick!!!
 INFO LOG: Jun__1_05:33: saving #<Player:0x00000001ae4c90> to database.
 INFO LOG: Jun__1_05:35: tick!!!
 INFO LOG: Jun__1_05:35: saving #<Player:0x00000001ae4c90> to database.
 INFO LOG: Jun__1_05:37: tick!!!
 INFO LOG: Jun__1_05:37: saving #<Player:0x00000001ae4c90> to database.
 INFO LOG: Jun__1_05:39: tick!!!
 INFO LOG: Jun__1_05:39: saving #<Player:0x00000001ae4c90> to database.
 INFO LOG: Jun__1_05:41: tick!!!
 INFO LOG: Jun__1_05:41: saving #<Player:0x00000001ae4c90> to database.
 INFO LOG: Jun__1_05:43: tick!!!
 INFO LOG: Jun__1_05:43: saving #<Player:0x00000001ae4c90> to database.
 INFO LOG: Jun__1_05:45: tick!!!
 INFO LOG: Jun__1_05:45: saving #<Player:0x00000001ae4c90> to database.
 INFO LOG: Jun__1_05:47: tick!!!
 INFO LOG: Jun__1_05:47: saving #<Player:0x00000001ae4c90> to database.
 INFO LOG: Jun__1_05:49: tick!!!
 INFO LOG: Jun__1_05:49: saving #<Player:0x00000001ae4c90> to database.
 INFO LOG: Jun__1_05:51: tick!!!
 INFO LOG: Jun__1_05:51: saving #<Player:0x00000001ae4c90> to database.
 INFO LOG: Jun__1_05:53: tick!!!
 INFO LOG: Jun__1_05:53: saving #<Player:0x00000001ae4c90> to database.
 INFO LOG: Jun__1_05:55: tick!!!
 INFO LOG: Jun__1_05:55: saving #<Player:0x00000001ae4c90> to database.
 INFO LOG: Jun__1_05:57: tick!!!
 INFO LOG: Jun__1_05:57: saving #<Player:0x00000001ae4c90> to database.
 INFO LOG: Jun__1_05:59: tick!!!
 INFO LOG: Jun__1_05:59: saving #<Player:0x00000001ae4c90> to database.
 INFO LOG: Jun__1_06:01: tick!!!
 INFO LOG: Jun__1_06:01: saving #<Player:0x00000001ae4c90> to database.
 INFO LOG: Jun__1_06:03: tick!!!
 INFO LOG: Jun__1_06:03: saving #<Player:0x00000001ae4c90> to database.
 INFO LOG: Jun__1_06:05: tick!!!
 INFO LOG: Jun__1_06:05: saving #<Player:0x00000001ae4c90> to database.
 INFO LOG: Jun__1_06:07: tick!!!
 INFO LOG: Jun__1_06:07: saving #<Player:0x00000001ae4c90> to database.
 INFO LOG: Jun__1_06:09: tick!!!
 INFO LOG: Jun__1_06:09: saving #<Player:0x00000001ae4c90> to database.
 INFO LOG: Jun__1_06:11: tick!!!
 INFO LOG: Jun__1_06:11: saving #<Player:0x00000001ae4c90> to database.
 INFO LOG: Jun__1_06:13: tick!!!
 INFO LOG: Jun__1_06:13: saving #<Player:0x00000001ae4c90> to database.
 INFO LOG: Jun__1_06:15: tick!!!
 INFO LOG: Jun__1_06:15: saving #<Player:0x00000001ae4c90> to database.
 INFO LOG: Jun__1_06:17: tick!!!
 INFO LOG: Jun__1_06:17: saving #<Player:0x00000001ae4c90> to database.
 INFO LOG: Jun__1_06:19: tick!!!
 INFO LOG: Jun__1_06:19: saving #<Player:0x00000001ae4c90> to database.
 INFO LOG: Jun__1_06:21: tick!!!
 INFO LOG: Jun__1_06:21: saving #<Player:0x00000001ae4c90> to database.
 INFO LOG: Jun__1_06:23: tick!!!
 INFO LOG: Jun__1_06:23: saving #<Player:0x00000001ae4c90> to database.
 INFO LOG: Jun__1_06:25: tick!!!
 INFO LOG: Jun__1_06:25: saving #<Player:0x00000001ae4c90> to database.
 INFO LOG: Jun__1_06:27: tick!!!
 INFO LOG: Jun__1_06:27: saving #<Player:0x00000001ae4c90> to database.
 INFO LOG: Jun__1_06:29: tick!!!
 INFO LOG: Jun__1_06:29: saving #<Player:0x00000001ae4c90> to database.
 INFO LOG: Jun__1_06:31: tick!!!
 INFO LOG: Jun__1_06:31: saving #<Player:0x00000001ae4c90> to database.
 INFO LOG: Jun__1_06:33: tick!!!
 INFO LOG: Jun__1_06:33: saving #<Player:0x00000001ae4c90> to database.
 INFO LOG: Jun__1_06:35: tick!!!
 INFO LOG: Jun__1_06:35: saving #<Player:0x00000001ae4c90> to database.
 INFO LOG: Jun__1_06:37: tick!!!
 INFO LOG: Jun__1_06:37: saving #<Player:0x00000001ae4c90> to database.
 INFO LOG: Jun__1_06:39: tick!!!
 INFO LOG: Jun__1_06:39: saving #<Player:0x00000001ae4c90> to database.
 INFO LOG: Jun__1_06:41: tick!!!
 INFO LOG: Jun__1_06:41: saving #<Player:0x00000001ae4c90> to database.
 INFO LOG: Jun__1_06:43: tick!!!
 INFO LOG: Jun__1_06:43: saving #<Player:0x00000001ae4c90> to database.
 INFO LOG: Jun__1_06:45: tick!!!
 INFO LOG: Jun__1_06:45: saving #<Player:0x00000001ae4c90> to database.
 INFO LOG: Jun__1_06:47: tick!!!
 INFO LOG: Jun__1_06:47: saving #<Player:0x00000001ae4c90> to database.
 INFO LOG: Jun__1_06:49: tick!!!
 INFO LOG: Jun__1_06:49: saving #<Player:0x00000001ae4c90> to database.
 INFO LOG: Jun__1_06:51: tick!!!
 INFO LOG: Jun__1_06:51: saving #<Player:0x00000001ae4c90> to database.
 INFO LOG: Jun__1_06:53: tick!!!
 INFO LOG: Jun__1_06:53: saving #<Player:0x00000001ae4c90> to database.
 INFO LOG: Jun__1_06:55: tick!!!
 INFO LOG: Jun__1_06:55: saving #<Player:0x00000001ae4c90> to database.
 INFO LOG: Jun__1_06:57: tick!!!
 INFO LOG: Jun__1_06:57: saving #<Player:0x00000001ae4c90> to database.
 INFO LOG: Jun__1_06:59: tick!!!
 INFO LOG: Jun__1_06:59: saving #<Player:0x00000001ae4c90> to database.
 INFO LOG: Jun__1_07:01: tick!!!
 INFO LOG: Jun__1_07:01: saving #<Player:0x00000001ae4c90> to database.
 INFO LOG: Jun__1_07:03: tick!!!
 INFO LOG: Jun__1_07:03: saving #<Player:0x00000001ae4c90> to database.
 INFO LOG: Jun__1_07:05: tick!!!
 INFO LOG: Jun__1_07:05: saving #<Player:0x00000001ae4c90> to database.
 INFO LOG: Jun__1_07:07: tick!!!
 INFO LOG: Jun__1_07:07: saving #<Player:0x00000001ae4c90> to database.
 INFO LOG: Jun__1_07:09: tick!!!
 INFO LOG: Jun__1_07:09: saving #<Player:0x00000001ae4c90> to database.
 INFO LOG: Jun__1_07:11: tick!!!
 INFO LOG: Jun__1_07:11: saving #<Player:0x00000001ae4c90> to database.
 INFO LOG: Jun__1_07:13: tick!!!
 INFO LOG: Jun__1_07:13: saving #<Player:0x00000001ae4c90> to database.
 INFO LOG: Jun__1_07:15: tick!!!
 INFO LOG: Jun__1_07:15: saving #<Player:0x00000001ae4c90> to database.
 INFO LOG: Jun__1_07:17: tick!!!
 INFO LOG: Jun__1_07:17: saving #<Player:0x00000001ae4c90> to database.
 INFO LOG: Jun__1_07:19: tick!!!
 INFO LOG: Jun__1_07:19: saving #<Player:0x00000001ae4c90> to database.
 INFO LOG: Jun__1_07:21: tick!!!
 INFO LOG: Jun__1_07:21: saving #<Player:0x00000001ae4c90> to database.
 INFO LOG: Jun__1_07:23: tick!!!
 INFO LOG: Jun__1_07:23: saving #<Player:0x00000001ae4c90> to database.
 INFO LOG: Jun__1_07:25: tick!!!
 INFO LOG: Jun__1_07:25: saving #<Player:0x00000001ae4c90> to database.
 INFO LOG: Jun__1_07:27: tick!!!
 INFO LOG: Jun__1_07:27: saving #<Player:0x00000001ae4c90> to database.
 INFO LOG: Jun__1_07:29: tick!!!
 INFO LOG: Jun__1_07:29: saving #<Player:0x00000001ae4c90> to database.
 INFO LOG: Jun__1_07:31: tick!!!
 INFO LOG: Jun__1_07:31: saving #<Player:0x00000001ae4c90> to database.
 INFO LOG: Jun__1_07:33: tick!!!
 INFO LOG: Jun__1_07:33: saving #<Player:0x00000001ae4c90> to database.
 INFO LOG: Jun__1_07:35: tick!!!
 INFO LOG: Jun__1_07:35: saving #<Player:0x00000001ae4c90> to database.
 INFO LOG: Jun__1_07:37: tick!!!
 INFO LOG: Jun__1_07:37: saving #<Player:0x00000001ae4c90> to database.
 INFO LOG: Jun__1_07:39: tick!!!
 INFO LOG: Jun__1_07:39: saving #<Player:0x00000001ae4c90> to database.
 INFO LOG: Jun__1_07:41: tick!!!
 INFO LOG: Jun__1_07:41: saving #<Player:0x00000001ae4c90> to database.
 INFO LOG: Jun__1_07:43: tick!!!
 INFO LOG: Jun__1_07:43: saving #<Player:0x00000001ae4c90> to database.
 INFO LOG: Jun__1_07:45: tick!!!
 INFO LOG: Jun__1_07:45: saving #<Player:0x00000001ae4c90> to database.
 INFO LOG: Jun__1_07:47: tick!!!
 INFO LOG: Jun__1_07:47: saving #<Player:0x00000001ae4c90> to database.
 INFO LOG: Jun__1_07:49: tick!!!
 INFO LOG: Jun__1_07:49: saving #<Player:0x00000001ae4c90> to database.
 INFO LOG: Jun__1_07:51: tick!!!
 INFO LOG: Jun__1_07:51: saving #<Player:0x00000001ae4c90> to database.
 INFO LOG: Jun__1_07:53: tick!!!
 INFO LOG: Jun__1_07:53: saving #<Player:0x00000001ae4c90> to database.
 INFO LOG: Jun__1_07:55: tick!!!
 INFO LOG: Jun__1_07:55: saving #<Player:0x00000001ae4c90> to database.
 INFO LOG: Jun__1_07:57: tick!!!
 INFO LOG: Jun__1_07:57: saving #<Player:0x00000001ae4c90> to database.
 INFO LOG: Jun__1_07:59: tick!!!
 INFO LOG: Jun__1_07:59: saving #<Player:0x00000001ae4c90> to database.
 INFO LOG: Jun__1_08:01: tick!!!
 INFO LOG: Jun__1_08:01: saving #<Player:0x00000001ae4c90> to database.
 INFO LOG: Jun__1_08:03: tick!!!
 INFO LOG: Jun__1_08:03: saving #<Player:0x00000001ae4c90> to database.
 INFO LOG: Jun__1_08:05: tick!!!
 INFO LOG: Jun__1_08:05: saving #<Player:0x00000001ae4c90> to database.
 INFO LOG: Jun__1_08:07: tick!!!
 INFO LOG: Jun__1_08:07: saving #<Player:0x00000001ae4c90> to database.
 INFO LOG: Jun__1_08:09: tick!!!
 INFO LOG: Jun__1_08:09: saving #<Player:0x00000001ae4c90> to database.
 INFO LOG: Jun__1_08:11: tick!!!
 INFO LOG: Jun__1_08:11: saving #<Player:0x00000001ae4c90> to database.
 INFO LOG: Jun__1_08:13: tick!!!
 INFO LOG: Jun__1_08:13: saving #<Player:0x00000001ae4c90> to database.
 INFO LOG: Jun__1_08:15: tick!!!
 INFO LOG: Jun__1_08:15: saving #<Player:0x00000001ae4c90> to database.
 INFO LOG: Jun__1_08:17: tick!!!
 INFO LOG: Jun__1_08:17: saving #<Player:0x00000001ae4c90> to database.
 INFO LOG: Jun__1_08:19: tick!!!
 INFO LOG: Jun__1_08:19: saving #<Player:0x00000001ae4c90> to database.
 INFO LOG: Jun__1_08:21: tick!!!
 INFO LOG: Jun__1_08:21: saving #<Player:0x00000001ae4c90> to database.
 INFO LOG: Jun__1_08:23: tick!!!
 INFO LOG: Jun__1_08:23: saving #<Player:0x00000001ae4c90> to database.
 INFO LOG: Jun__1_08:25: tick!!!
 INFO LOG: Jun__1_08:25: saving #<Player:0x00000001ae4c90> to database.
 INFO LOG: Jun__1_08:27: tick!!!
 INFO LOG: Jun__1_08:27: saving #<Player:0x00000001ae4c90> to database.
 INFO LOG: Jun__1_08:29: tick!!!
 INFO LOG: Jun__1_08:29: saving #<Player:0x00000001ae4c90> to database.
 INFO LOG: Jun__1_08:31: tick!!!
 INFO LOG: Jun__1_08:31: saving #<Player:0x00000001ae4c90> to database.
 INFO LOG: Jun__1_08:33: tick!!!
 INFO LOG: Jun__1_08:33: saving #<Player:0x00000001ae4c90> to database.
 INFO LOG: Jun__1_08:35: tick!!!
 INFO LOG: Jun__1_08:35: saving #<Player:0x00000001ae4c90> to database.
 INFO LOG: Jun__1_08:37: tick!!!
 INFO LOG: Jun__1_08:37: saving #<Player:0x00000001ae4c90> to database.
 INFO LOG: Jun__1_08:39: tick!!!
 INFO LOG: Jun__1_08:39: saving #<Player:0x00000001ae4c90> to database.
 INFO LOG: Jun__1_08:41: tick!!!
 INFO LOG: Jun__1_08:41: saving #<Player:0x00000001ae4c90> to database.
 INFO LOG: Jun__1_08:43: tick!!!
 INFO LOG: Jun__1_08:43: saving #<Player:0x00000001ae4c90> to database.
 INFO LOG: Jun__1_08:45: tick!!!
 INFO LOG: Jun__1_08:45: saving #<Player:0x00000001ae4c90> to database.
 INFO LOG: Jun__1_08:47: tick!!!
 INFO LOG: Jun__1_08:47: saving #<Player:0x00000001ae4c90> to database.
 INFO LOG: Jun__1_08:49: tick!!!
 INFO LOG: Jun__1_08:49: saving #<Player:0x00000001ae4c90> to database.
 INFO LOG: Jun__1_08:51: tick!!!
 INFO LOG: Jun__1_08:51: saving #<Player:0x00000001ae4c90> to database.
 INFO LOG: Jun__1_08:53: tick!!!
 INFO LOG: Jun__1_08:53: saving #<Player:0x00000001ae4c90> to database.
 INFO LOG: Jun__1_08:55: tick!!!
 INFO LOG: Jun__1_08:55: saving #<Player:0x00000001ae4c90> to database.
 INFO LOG: Jun__1_08:57: tick!!!
 INFO LOG: Jun__1_08:57: saving #<Player:0x00000001ae4c90> to database.
 INFO LOG: Jun__1_08:59: tick!!!
 INFO LOG: Jun__1_08:59: saving #<Player:0x00000001ae4c90> to database.
 INFO LOG: Jun__1_09:01: tick!!!
 INFO LOG: Jun__1_09:01: saving #<Player:0x00000001ae4c90> to database.
 INFO LOG: Jun__1_09:03: tick!!!
 INFO LOG: Jun__1_09:03: saving #<Player:0x00000001ae4c90> to database.
 INFO LOG: Jun__1_09:05: tick!!!
 INFO LOG: Jun__1_09:05: saving #<Player:0x00000001ae4c90> to database.
 INFO LOG: Jun__1_09:07: tick!!!
 INFO LOG: Jun__1_09:07: saving #<Player:0x00000001ae4c90> to database.
 INFO LOG: Jun__1_09:09: tick!!!
 INFO LOG: Jun__1_09:09: saving #<Player:0x00000001ae4c90> to database.
 INFO LOG: Jun__1_09:11: tick!!!
 INFO LOG: Jun__1_09:11: saving #<Player:0x00000001ae4c90> to database.
 INFO LOG: Jun__1_09:13: -- #<Player:0x00000001ae4c90>:76.202.141.206:37574 disconnected from CoralMUD!
