 INFO LOG: May_18_10:03: Logging enabled.   Loading logs.rb.
 INFO LOG: May_18_10:03: Loading facade.rb
 INFO LOG: May_18_10:03: Loading query_list.rb
 INFO LOG: May_18_10:03: Loading utils.rb
 INFO LOG: May_18_10:03: Loading constants.rb
 INFO LOG: May_18_10:03: Loading damage.rb
 INFO LOG: May_18_10:03: Loading class_property.rb
 INFO LOG: May_18_10:03: Loading scripts.rb
 INFO LOG: May_18_10:03: Loading tags.rb
 INFO LOG: May_18_10:03: Loading editor/editors.rb
 INFO LOG: May_18_10:03: Loading editor/editor.strings.rb
 INFO LOG: May_18_10:03: Loading editor/editor.rooms.rb
 INFO LOG: May_18_10:03: Loading editor/editor.exits.rb
 INFO LOG: May_18_10:03: Loading editor/editor.zones.rb
 INFO LOG: May_18_10:03: Loading editor/editor.npc.rb
 INFO LOG: May_18_10:03: Loading editor/editor.items.rb
 INFO LOG: May_18_10:03: Loading mxp.rb
 INFO LOG: May_18_10:03: Loading mccp.rb
 INFO LOG: May_18_10:03: Loading flags.rb
 INFO LOG: May_18_10:03: Loading areas.rb
 INFO LOG: May_18_10:03: Loading security.rb
 INFO LOG: May_18_10:03: Loading event.rb
 INFO LOG: May_18_10:03: Loading automap/automap.rb
 INFO LOG: May_18_10:03: Loading cities.olc.rb
 INFO LOG: May_18_10:03: Loading cities.rb
 INFO LOG: May_18_10:03: Loading sector definitions.
 INFO LOG: May_18_10:03: Loading help.rb
 INFO LOG: May_18_10:03: Loading imcruby.rb
 INFO LOG: May_18_10:03: Loading player.rb
 INFO LOG: May_18_10:03: Loading commands.rb
 INFO LOG: May_18_10:03: Loading editor/editor.player.rb
 INFO LOG: May_18_10:03: Loading random.rb
 INFO LOG: May_18_10:03: Loading npc.rb
 INFO LOG: May_18_10:03: Loading items/types.rb
 INFO LOG: May_18_10:03: Loading items/items.rb
 INFO LOG: May_18_10:03: Loading spells.rb
 INFO LOG: May_18_10:03: Loading all zones.
 INFO LOG: May_18_10:03: Starting server.
 INFO LOG: May_18_10:03: CoralMUD is now up on port 4000.
 INFO LOG: May_18_10:03: -- 76.202.141.206:45678 connected to CoralMUD!
 INFO LOG: May_18_10:03: -- 76.202.141.206:45678: Retnur is trying to connect.
 INFO LOG: May_18_10:03: -- 76.202.141.206:45678: Retnur player file found.
 INFO LOG: May_18_10:03: -- Retnur has entered the game.
ERROR LOG: undefined method `rooms' for nil:NilClass
ERROR LOG: /home/heath/coral/lib/cities.rb:245:in `do_delete'
ERROR LOG: /home/heath/coral/lib/editor/editor.rooms.rb:50:in `block in <class:Room>'
ERROR LOG: /home/heath/coral/lib/editor/editors.rb:182:in `call'
ERROR LOG: /home/heath/coral/lib/editor/editors.rb:182:in `call_fun'
ERROR LOG: /home/heath/coral/lib/commands.rb:254:in `execute_command'
ERROR LOG: /home/heath/coral/core/socketengine.rb:174:in `block in handle_cmd_input'
ERROR LOG: /home/heath/coral/core/socketengine.rb:173:in `times'
ERROR LOG: /home/heath/coral/core/socketengine.rb:173:in `handle_cmd_input'
ERROR LOG: /home/heath/coral/core/socketengine.rb:135:in `receive_data'
ERROR LOG: /usr/local/lib/ruby/gems/1.9.1/gems/eventmachine-0.12.8/lib/eventmachine.rb:242:in `run_machine'
ERROR LOG: /usr/local/lib/ruby/gems/1.9.1/gems/eventmachine-0.12.8/lib/eventmachine.rb:242:in `run'
ERROR LOG: coral.rb:173:in `<main>'
 INFO LOG: May_18_10:05: Loading cities.rb
 INFO LOG: May_18_10:05: Loading sector definitions.
 INFO LOG: May_18_10:05: tick!!!
 INFO LOG: May_18_10:05: -- #<Player:0x00000002865d38>:76.202.141.206:45678 disconnected from CoralMUD!
 INFO LOG: May_18_10:05: Program closed.
 INFO LOG: May_18_10:05: Logging enabled.   Loading logs.rb.
 INFO LOG: May_18_10:05: Loading facade.rb
 INFO LOG: May_18_10:05: Loading query_list.rb
 INFO LOG: May_18_10:05: Loading utils.rb
 INFO LOG: May_18_10:05: Loading constants.rb
 INFO LOG: May_18_10:05: Loading damage.rb
 INFO LOG: May_18_10:05: Loading class_property.rb
 INFO LOG: May_18_10:05: Loading scripts.rb
 INFO LOG: May_18_10:05: Loading tags.rb
 INFO LOG: May_18_10:05: Loading editor/editors.rb
 INFO LOG: May_18_10:05: Loading editor/editor.strings.rb
 INFO LOG: May_18_10:05: Loading editor/editor.rooms.rb
 INFO LOG: May_18_10:05: Loading editor/editor.exits.rb
 INFO LOG: May_18_10:05: Loading editor/editor.zones.rb
 INFO LOG: May_18_10:05: Loading editor/editor.npc.rb
 INFO LOG: May_18_10:05: Loading editor/editor.items.rb
 INFO LOG: May_18_10:05: Loading mxp.rb
 INFO LOG: May_18_10:05: Loading mccp.rb
 INFO LOG: May_18_10:05: Loading flags.rb
 INFO LOG: May_18_10:05: Loading areas.rb
 INFO LOG: May_18_10:05: Loading security.rb
 INFO LOG: May_18_10:05: Loading event.rb
 INFO LOG: May_18_10:05: Loading automap/automap.rb
 INFO LOG: May_18_10:05: Loading cities.olc.rb
 INFO LOG: May_18_10:05: Loading cities.rb
 INFO LOG: May_18_10:05: Loading sector definitions.
 INFO LOG: May_18_10:05: Loading help.rb
 INFO LOG: May_18_10:05: Loading imcruby.rb
 INFO LOG: May_18_10:05: Loading player.rb
 INFO LOG: May_18_10:05: Loading commands.rb
 INFO LOG: May_18_10:05: Loading editor/editor.player.rb
 INFO LOG: May_18_10:05: Loading random.rb
 INFO LOG: May_18_10:05: Loading npc.rb
 INFO LOG: May_18_10:05: Loading items/types.rb
 INFO LOG: May_18_10:05: Loading items/items.rb
 INFO LOG: May_18_10:05: Loading spells.rb
 INFO LOG: May_18_10:05: Loading all zones.
 INFO LOG: May_18_10:05: Starting server.
 INFO LOG: May_18_10:05: CoralMUD is now up on port 4000.
 INFO LOG: May_18_10:05: -- 76.202.141.206:53686 connected to CoralMUD!
 INFO LOG: May_18_10:05: -- 76.202.141.206:53686: Retnur is trying to connect.
 INFO LOG: May_18_10:05: -- 76.202.141.206:53686: Retnur player file found.
 INFO LOG: May_18_10:05: -- Retnur has entered the game.
 INFO LOG: May_18_10:07: tick!!!
 INFO LOG: May_18_10:09: tick!!!
 INFO LOG: May_18_10:11: tick!!!
 INFO LOG: May_18_10:13: tick!!!
 INFO LOG: May_18_10:15: tick!!!
 INFO LOG: May_18_10:17: tick!!!
 INFO LOG: May_18_10:17: Loading cities.rb
 INFO LOG: May_18_10:17: Loading sector definitions.
 INFO LOG: May_18_10:18: Loading cities.rb
 INFO LOG: May_18_10:18: Loading sector definitions.
 INFO LOG: May_18_10:18: -- #<Player:0x00000002dbfba8>:76.202.141.206:53686 disconnected from CoralMUD!
 INFO LOG: May_18_10:18: Program closed.
 INFO LOG: May_18_10:18: Logging enabled.   Loading logs.rb.
 INFO LOG: May_18_10:18: Loading facade.rb
 INFO LOG: May_18_10:18: Loading query_list.rb
 INFO LOG: May_18_10:18: Loading utils.rb
 INFO LOG: May_18_10:18: Loading constants.rb
 INFO LOG: May_18_10:18: Loading damage.rb
 INFO LOG: May_18_10:18: Loading class_property.rb
 INFO LOG: May_18_10:18: Loading scripts.rb
 INFO LOG: May_18_10:18: Loading tags.rb
 INFO LOG: May_18_10:18: Loading editor/editors.rb
 INFO LOG: May_18_10:18: Loading editor/editor.strings.rb
 INFO LOG: May_18_10:18: Loading editor/editor.rooms.rb
 INFO LOG: May_18_10:18: Loading editor/editor.exits.rb
 INFO LOG: May_18_10:18: Loading editor/editor.zones.rb
 INFO LOG: May_18_10:18: Loading editor/editor.npc.rb
 INFO LOG: May_18_10:18: Loading editor/editor.items.rb
 INFO LOG: May_18_10:18: Loading mxp.rb
 INFO LOG: May_18_10:18: Loading mccp.rb
 INFO LOG: May_18_10:18: Loading flags.rb
 INFO LOG: May_18_10:18: Loading areas.rb
 INFO LOG: May_18_10:18: Loading security.rb
 INFO LOG: May_18_10:18: Loading event.rb
 INFO LOG: May_18_10:18: Loading automap/automap.rb
 INFO LOG: May_18_10:18: Loading cities.olc.rb
 INFO LOG: May_18_10:18: Loading cities.rb
 INFO LOG: May_18_10:18: Loading sector definitions.
 INFO LOG: May_18_10:18: Loading help.rb
 INFO LOG: May_18_10:18: Loading imcruby.rb
 INFO LOG: May_18_10:18: Loading player.rb
 INFO LOG: May_18_10:18: Loading commands.rb
 INFO LOG: May_18_10:18: Loading editor/editor.player.rb
 INFO LOG: May_18_10:18: Loading random.rb
 INFO LOG: May_18_10:18: Loading npc.rb
 INFO LOG: May_18_10:18: Loading items/types.rb
 INFO LOG: May_18_10:18: Loading items/items.rb
 INFO LOG: May_18_10:18: Loading spells.rb
 INFO LOG: May_18_10:18: Loading all zones.
 INFO LOG: May_18_10:18: Starting server.
 INFO LOG: May_18_10:18: CoralMUD is now up on port 4000.
 INFO LOG: May_18_10:20: tick!!!
 INFO LOG: May_18_10:21: -- 76.202.141.206:38053 connected to CoralMUD!
 INFO LOG: May_18_10:21: -- 76.202.141.206:38053: Retnur is trying to connect.
 INFO LOG: May_18_10:21: -- 76.202.141.206:38053: Retnur player file found.
 INFO LOG: May_18_10:21: -- Retnur has entered the game.
 INFO LOG: May_18_10:21: -- 127.0.0.1:56627 connected to CoralMUD!
 INFO LOG: May_18_10:21: -- 127.0.0.1:56627: Rtest is trying to connect.
 INFO LOG: May_18_10:21: -- 127.0.0.1:56627: Rtest:  New Character.
 INFO LOG: May_18_10:21: -- 127.0.0.1:56627: Rtest successfully created.
 INFO LOG: May_18_10:21: -- Rtest has entered the game.
 INFO LOG: May_18_10:22: Moving someone.
 INFO LOG: May_18_10:22: Moving someone.
 INFO LOG: May_18_10:22: tick!!!
 INFO LOG: May_18_10:24: tick!!!
 INFO LOG: May_18_10:26: tick!!!
 INFO LOG: May_18_10:28: tick!!!
 INFO LOG: May_18_10:30: tick!!!
 INFO LOG: May_18_10:32: tick!!!
 INFO LOG: May_18_10:34: tick!!!
 INFO LOG: May_18_10:36: tick!!!
 INFO LOG: May_18_10:38: tick!!!
 INFO LOG: May_18_10:40: tick!!!
 INFO LOG: May_18_10:42: tick!!!
 INFO LOG: May_18_10:44: tick!!!
 INFO LOG: May_18_10:46: tick!!!
 INFO LOG: May_18_10:48: tick!!!
 INFO LOG: May_18_10:50: tick!!!
 INFO LOG: May_18_10:52: tick!!!
 INFO LOG: May_18_10:54: tick!!!
 INFO LOG: May_18_10:56: tick!!!
 INFO LOG: May_18_10:58: tick!!!
 INFO LOG: May_18_11:00: tick!!!
 INFO LOG: May_18_11:02: tick!!!
 INFO LOG: May_18_11:04: tick!!!
 INFO LOG: May_18_11:06: tick!!!
 INFO LOG: May_18_11:08: tick!!!
 INFO LOG: May_18_11:10: tick!!!
 INFO LOG: May_18_11:12: tick!!!
 INFO LOG: May_18_11:14: tick!!!
 INFO LOG: May_18_11:16: tick!!!
 INFO LOG: May_18_11:18: tick!!!
 INFO LOG: May_18_11:20: tick!!!
 INFO LOG: May_18_11:22: tick!!!
 INFO LOG: May_18_11:24: tick!!!
 INFO LOG: May_18_11:26: tick!!!
 INFO LOG: May_18_11:28: tick!!!
 INFO LOG: May_18_11:30: tick!!!
 INFO LOG: May_18_11:32: tick!!!
 INFO LOG: May_18_11:34: tick!!!
 INFO LOG: May_18_11:36: tick!!!
 INFO LOG: May_18_11:38: tick!!!
 INFO LOG: May_18_11:40: tick!!!
 INFO LOG: May_18_11:42: tick!!!
 INFO LOG: May_18_11:44: tick!!!
 INFO LOG: May_18_11:46: tick!!!
 INFO LOG: May_18_11:48: tick!!!
 INFO LOG: May_18_11:50: tick!!!
 INFO LOG: May_18_11:52: tick!!!
 INFO LOG: May_18_11:54: tick!!!
 INFO LOG: May_18_11:56: tick!!!
 INFO LOG: May_18_11:58: tick!!!
 INFO LOG: May_18_12:00: tick!!!
 INFO LOG: May_18_12:02: tick!!!
 INFO LOG: May_18_12:04: tick!!!
 INFO LOG: May_18_12:06: tick!!!
 INFO LOG: May_18_12:08: tick!!!
 INFO LOG: May_18_12:10: tick!!!
 INFO LOG: May_18_12:12: tick!!!
 INFO LOG: May_18_12:14: tick!!!
 INFO LOG: May_18_12:16: tick!!!
 INFO LOG: May_18_12:18: tick!!!
 INFO LOG: May_18_12:20: tick!!!
 INFO LOG: May_18_12:22: tick!!!
 INFO LOG: May_18_12:24: tick!!!
 INFO LOG: May_18_12:26: tick!!!
 INFO LOG: May_18_12:28: tick!!!
 INFO LOG: May_18_12:30: tick!!!
 INFO LOG: May_18_12:32: tick!!!
 INFO LOG: May_18_12:34: tick!!!
 INFO LOG: May_18_12:36: tick!!!
 INFO LOG: May_18_12:38: tick!!!
 INFO LOG: May_18_12:40: tick!!!
 INFO LOG: May_18_12:42: tick!!!
 INFO LOG: May_18_12:44: tick!!!
 INFO LOG: May_18_12:46: tick!!!
 INFO LOG: May_18_12:48: tick!!!
 INFO LOG: May_18_12:50: tick!!!
 INFO LOG: May_18_12:52: tick!!!
 INFO LOG: May_18_12:54: tick!!!
 INFO LOG: May_18_12:56: tick!!!
 INFO LOG: May_18_12:58: tick!!!
 INFO LOG: May_18_13:00: tick!!!
 INFO LOG: May_18_13:02: tick!!!
 INFO LOG: May_18_13:04: tick!!!
 INFO LOG: May_18_13:06: tick!!!
 INFO LOG: May_18_13:08: tick!!!
 INFO LOG: May_18_13:10: tick!!!
 INFO LOG: May_18_13:12: tick!!!
 INFO LOG: May_18_13:14: tick!!!
 INFO LOG: May_18_13:16: tick!!!
 INFO LOG: May_18_13:18: tick!!!
 INFO LOG: May_18_13:20: tick!!!
 INFO LOG: May_18_13:22: tick!!!
 INFO LOG: May_18_13:24: tick!!!
 INFO LOG: May_18_13:26: tick!!!
 INFO LOG: May_18_13:28: tick!!!
 INFO LOG: May_18_13:30: tick!!!
 INFO LOG: May_18_13:32: tick!!!
 INFO LOG: May_18_13:34: tick!!!
 INFO LOG: May_18_13:36: tick!!!
 INFO LOG: May_18_13:38: tick!!!
 INFO LOG: May_18_13:40: tick!!!
 INFO LOG: May_18_13:42: tick!!!
 INFO LOG: May_18_13:44: tick!!!
 INFO LOG: May_18_13:46: tick!!!
 INFO LOG: May_18_13:48: tick!!!
 INFO LOG: May_18_13:50: tick!!!
 INFO LOG: May_18_13:52: tick!!!
 INFO LOG: May_18_13:54: tick!!!
 INFO LOG: May_18_13:56: tick!!!
 INFO LOG: May_18_13:58: tick!!!
 INFO LOG: May_18_14:00: tick!!!
 INFO LOG: May_18_14:02: tick!!!
 INFO LOG: May_18_14:04: tick!!!
 INFO LOG: May_18_14:06: tick!!!
 INFO LOG: May_18_14:08: tick!!!
 INFO LOG: May_18_14:10: tick!!!
 INFO LOG: May_18_14:12: tick!!!
 INFO LOG: May_18_14:14: tick!!!
 INFO LOG: May_18_14:16: tick!!!
 INFO LOG: May_18_14:18: tick!!!
 INFO LOG: May_18_14:20: tick!!!
 INFO LOG: May_18_14:22: tick!!!
 INFO LOG: May_18_14:24: tick!!!
 INFO LOG: May_18_14:26: tick!!!
 INFO LOG: May_18_14:28: tick!!!
 INFO LOG: May_18_14:30: tick!!!
 INFO LOG: May_18_14:32: tick!!!
 INFO LOG: May_18_14:34: tick!!!
 INFO LOG: May_18_14:36: tick!!!
 INFO LOG: May_18_14:38: tick!!!
 INFO LOG: May_18_14:40: tick!!!
 INFO LOG: May_18_14:42: tick!!!
 INFO LOG: May_18_14:44: tick!!!
 INFO LOG: May_18_14:46: tick!!!
 INFO LOG: May_18_14:48: tick!!!
 INFO LOG: May_18_14:50: tick!!!
 INFO LOG: May_18_14:52: tick!!!
 INFO LOG: May_18_14:54: tick!!!
 INFO LOG: May_18_14:56: tick!!!
 INFO LOG: May_18_14:58: tick!!!
 INFO LOG: May_18_15:00: tick!!!
 INFO LOG: May_18_15:02: tick!!!
 INFO LOG: May_18_15:04: tick!!!
 INFO LOG: May_18_15:06: tick!!!
 INFO LOG: May_18_15:08: tick!!!
 INFO LOG: May_18_15:10: tick!!!
 INFO LOG: May_18_15:12: tick!!!
 INFO LOG: May_18_15:14: tick!!!
 INFO LOG: May_18_15:16: tick!!!
 INFO LOG: May_18_15:18: tick!!!
 INFO LOG: May_18_15:20: tick!!!
 INFO LOG: May_18_15:22: tick!!!
 INFO LOG: May_18_15:24: tick!!!
 INFO LOG: May_18_15:26: tick!!!
 INFO LOG: May_18_15:28: tick!!!
 INFO LOG: May_18_15:30: tick!!!
 INFO LOG: May_18_15:32: tick!!!
 INFO LOG: May_18_15:34: tick!!!
 INFO LOG: May_18_15:36: tick!!!
 INFO LOG: May_18_15:38: tick!!!
 INFO LOG: May_18_15:40: tick!!!
 INFO LOG: May_18_15:42: tick!!!
 INFO LOG: May_18_15:44: tick!!!
 INFO LOG: May_18_15:46: tick!!!
 INFO LOG: May_18_15:48: -- #<Player:0x00000001cb3800>:76.202.141.206:38053 disconnected from CoralMUD!
 INFO LOG: May_18_15:48: -- #<Player:0x000000023c8938>:127.0.0.1:56627 disconnected from CoralMUD!
 INFO LOG: May_18_15:48: Logging enabled.   Loading logs.rb.
 INFO LOG: May_18_15:48: Loading facade.rb
 INFO LOG: May_18_15:48: Loading query_list.rb
 INFO LOG: May_18_15:48: Loading utils.rb
 INFO LOG: May_18_15:48: Loading constants.rb
 INFO LOG: May_18_15:48: Loading damage.rb
 INFO LOG: May_18_15:48: Loading class_property.rb
 INFO LOG: May_18_15:48: Loading scripts.rb
 INFO LOG: May_18_15:48: Loading tags.rb
 INFO LOG: May_18_15:48: Loading editor/editors.rb
 INFO LOG: May_18_15:48: Loading editor/editor.strings.rb
 INFO LOG: May_18_15:48: Loading editor/editor.rooms.rb
 INFO LOG: May_18_15:48: Loading editor/editor.exits.rb
 INFO LOG: May_18_15:48: Loading editor/editor.zones.rb
 INFO LOG: May_18_15:48: Loading editor/editor.npc.rb
 INFO LOG: May_18_15:48: Loading editor/editor.items.rb
 INFO LOG: May_18_15:48: Loading mxp.rb
 INFO LOG: May_18_15:48: Loading mccp.rb
 INFO LOG: May_18_15:48: Loading flags.rb
 INFO LOG: May_18_15:48: Loading areas.rb
 INFO LOG: May_18_15:48: Loading security.rb
 INFO LOG: May_18_15:48: Loading event.rb
 INFO LOG: May_18_15:48: Loading automap/automap.rb
 INFO LOG: May_18_15:48: Loading cities.olc.rb
 INFO LOG: May_18_15:48: Loading cities.rb
 INFO LOG: May_18_15:48: Loading sector definitions.
 INFO LOG: May_18_15:48: Loading help.rb
 INFO LOG: May_18_15:48: Loading imcruby.rb
 INFO LOG: May_18_15:48: Loading player.rb
 INFO LOG: May_18_15:48: Loading commands.rb
 INFO LOG: May_18_15:48: Loading editor/editor.player.rb
 INFO LOG: May_18_15:48: Loading random.rb
 INFO LOG: May_18_15:48: Loading npc.rb
 INFO LOG: May_18_15:48: Loading items/types.rb
 INFO LOG: May_18_15:48: Loading items/items.rb
 INFO LOG: May_18_15:48: Loading spells.rb
 INFO LOG: May_18_15:48: Loading all zones.
 INFO LOG: May_18_15:48: Starting server.
 INFO LOG: May_18_15:48: CoralMUD is now up on port 4000.
 INFO LOG: May_18_15:48: -- 76.202.141.206:47594 connected to CoralMUD!
 INFO LOG: May_18_15:48: -- 76.202.141.206:47594: () Invalid name in character creation.
 INFO LOG: May_18_15:48: -- 76.202.141.206:47594: Retnur is trying to connect.
 INFO LOG: May_18_15:48: -- 76.202.141.206:47594: Retnur player file found.
 INFO LOG: May_18_15:48: -- Retnur has entered the game.
 INFO LOG: May_18_15:50: tick!!!
 INFO LOG: May_18_15:52: tick!!!
 INFO LOG: May_18_15:54: tick!!!
 INFO LOG: May_18_15:56: tick!!!
 INFO LOG: May_18_15:58: tick!!!
 INFO LOG: May_18_16:00: tick!!!
 INFO LOG: May_18_16:02: tick!!!
 INFO LOG: May_18_16:04: tick!!!
 INFO LOG: May_18_16:06: tick!!!
 INFO LOG: May_18_16:08: tick!!!
 INFO LOG: May_18_16:10: tick!!!
 INFO LOG: May_18_16:12: tick!!!
 INFO LOG: May_18_16:14: tick!!!
 INFO LOG: May_18_16:16: tick!!!
 INFO LOG: May_18_16:18: tick!!!
 INFO LOG: May_18_16:20: tick!!!
 INFO LOG: May_18_16:22: tick!!!
 INFO LOG: May_18_16:24: tick!!!
 INFO LOG: May_18_16:26: tick!!!
 INFO LOG: May_18_16:28: tick!!!
 INFO LOG: May_18_16:30: tick!!!
 INFO LOG: May_18_16:32: tick!!!
 INFO LOG: May_18_16:34: tick!!!
 INFO LOG: May_18_16:36: tick!!!
 INFO LOG: May_18_16:38: Loading commands.rb
 INFO LOG: May_18_16:38: tick!!!
 INFO LOG: May_18_16:39: Loading flags.rb
 INFO LOG: May_18_16:39: -- #<Player:0x0000000201fb38>:76.202.141.206:47594 disconnected from CoralMUD!
 INFO LOG: May_18_16:39: Logging enabled.   Loading logs.rb.
 INFO LOG: May_18_16:39: Loading facade.rb
 INFO LOG: May_18_16:39: Loading query_list.rb
 INFO LOG: May_18_16:39: Loading utils.rb
 INFO LOG: May_18_16:39: Loading constants.rb
 INFO LOG: May_18_16:39: Loading damage.rb
 INFO LOG: May_18_16:39: Loading class_property.rb
 INFO LOG: May_18_16:39: Loading scripts.rb
 INFO LOG: May_18_16:39: Loading tags.rb
 INFO LOG: May_18_16:39: Loading editor/editors.rb
 INFO LOG: May_18_16:39: Loading editor/editor.strings.rb
 INFO LOG: May_18_16:39: Loading editor/editor.rooms.rb
 INFO LOG: May_18_16:39: Loading editor/editor.exits.rb
 INFO LOG: May_18_16:39: Loading editor/editor.zones.rb
 INFO LOG: May_18_16:39: Loading editor/editor.npc.rb
 INFO LOG: May_18_16:39: Loading editor/editor.items.rb
 INFO LOG: May_18_16:39: Loading mxp.rb
 INFO LOG: May_18_16:39: Loading mccp.rb
 INFO LOG: May_18_16:39: Loading flags.rb
 INFO LOG: May_18_16:39: Loading areas.rb
 INFO LOG: May_18_16:39: Loading security.rb
 INFO LOG: May_18_16:39: Loading event.rb
 INFO LOG: May_18_16:39: Loading automap/automap.rb
 INFO LOG: May_18_16:39: Loading cities.olc.rb
 INFO LOG: May_18_16:39: Loading cities.rb
 INFO LOG: May_18_16:39: Loading sector definitions.
 INFO LOG: May_18_16:39: Loading help.rb
 INFO LOG: May_18_16:39: Loading imcruby.rb
 INFO LOG: May_18_16:39: Loading player.rb
 INFO LOG: May_18_16:39: Loading commands.rb
 INFO LOG: May_18_16:39: Loading editor/editor.player.rb
 INFO LOG: May_18_16:39: Loading random.rb
 INFO LOG: May_18_16:39: Loading npc.rb
 INFO LOG: May_18_16:39: Loading items/types.rb
 INFO LOG: May_18_16:39: Loading items/items.rb
 INFO LOG: May_18_16:39: Loading spells.rb
 INFO LOG: May_18_16:39: Loading all zones.
 INFO LOG: May_18_16:39: Starting server.
 INFO LOG: May_18_16:39: CoralMUD is now up on port 4000.
 INFO LOG: May_18_16:39: -- 76.202.141.206:37657 connected to CoralMUD!
 INFO LOG: May_18_16:39: -- 76.202.141.206:37657: () Invalid name in character creation.
 INFO LOG: May_18_16:39: -- 76.202.141.206:37657: Retnur is trying to connect.
 INFO LOG: May_18_16:39: -- 76.202.141.206:37657: Retnur player file found.
 INFO LOG: May_18_16:39: -- Retnur has entered the game.
 INFO LOG: May_18_16:40: Loading flags.rb
 INFO LOG: May_18_16:41: tick!!!
 INFO LOG: May_18_16:43: tick!!!
 INFO LOG: May_18_16:45: -- #<Player:0x000000020f1b60>:76.202.141.206:37657 disconnected from CoralMUD!
 INFO LOG: May_18_16:45: Logging enabled.   Loading logs.rb.
 INFO LOG: May_18_16:45: Loading facade.rb
 INFO LOG: May_18_16:45: Loading query_list.rb
 INFO LOG: May_18_16:45: Loading utils.rb
 INFO LOG: May_18_16:45: Loading constants.rb
 INFO LOG: May_18_16:45: Loading damage.rb
 INFO LOG: May_18_16:45: Loading class_property.rb
 INFO LOG: May_18_16:45: Loading scripts.rb
 INFO LOG: May_18_16:45: Loading tags.rb
 INFO LOG: May_18_16:45: Loading editor/editors.rb
 INFO LOG: May_18_16:45: Loading editor/editor.strings.rb
 INFO LOG: May_18_16:45: Loading editor/editor.rooms.rb
 INFO LOG: May_18_16:45: Loading editor/editor.exits.rb
 INFO LOG: May_18_16:45: Loading editor/editor.zones.rb
 INFO LOG: May_18_16:45: Loading editor/editor.npc.rb
 INFO LOG: May_18_16:45: Loading editor/editor.items.rb
 INFO LOG: May_18_16:45: Loading mxp.rb
 INFO LOG: May_18_16:45: Loading mccp.rb
 INFO LOG: May_18_16:45: Loading flags.rb
 INFO LOG: May_18_16:45: Loading areas.rb
 INFO LOG: May_18_16:45: Loading security.rb
 INFO LOG: May_18_16:45: Loading event.rb
 INFO LOG: May_18_16:45: Loading automap/automap.rb
 INFO LOG: May_18_16:45: Loading cities.olc.rb
 INFO LOG: May_18_16:45: Loading cities.rb
 INFO LOG: May_18_16:45: Loading sector definitions.
 INFO LOG: May_18_16:45: Loading help.rb
 INFO LOG: May_18_16:45: Loading imcruby.rb
 INFO LOG: May_18_16:45: Loading player.rb
 INFO LOG: May_18_16:45: Loading commands.rb
 INFO LOG: May_18_16:45: Loading editor/editor.player.rb
 INFO LOG: May_18_16:45: Loading random.rb
 INFO LOG: May_18_16:45: Loading npc.rb
 INFO LOG: May_18_16:45: Loading items/types.rb
 INFO LOG: May_18_16:45: Loading items/items.rb
 INFO LOG: May_18_16:45: Loading spells.rb
 INFO LOG: May_18_16:45: Loading all zones.
 INFO LOG: May_18_16:45: Starting server.
 INFO LOG: May_18_16:45: CoralMUD is now up on port 4000.
 INFO LOG: May_18_16:45: -- 76.202.141.206:36812 connected to CoralMUD!
 INFO LOG: May_18_16:45: -- 76.202.141.206:36812: Retnur is trying to connect.
 INFO LOG: May_18_16:45: -- 76.202.141.206:36812: Retnur player file found.
 INFO LOG: May_18_16:45: -- Retnur has entered the game.
 INFO LOG: May_18_16:47: tick!!!
 INFO LOG: May_18_16:49: tick!!!
 INFO LOG: May_18_16:51: tick!!!
 INFO LOG: May_18_16:53: tick!!!
 INFO LOG: May_18_16:55: tick!!!
 INFO LOG: May_18_16:57: tick!!!
 INFO LOG: May_18_16:58: Logging enabled.   Loading logs.rb.
 INFO LOG: May_18_16:58: Loading facade.rb
 INFO LOG: May_18_16:58: Loading query_list.rb
 INFO LOG: May_18_16:58: Loading utils.rb
 INFO LOG: May_18_16:58: Loading constants.rb
 INFO LOG: May_18_16:58: Loading damage.rb
 INFO LOG: May_18_16:58: Loading class_property.rb
 INFO LOG: May_18_16:58: Loading scripts.rb
 INFO LOG: May_18_16:58: Loading tags.rb
 INFO LOG: May_18_16:58: Loading editor/editors.rb
 INFO LOG: May_18_16:58: Loading editor/editor.strings.rb
 INFO LOG: May_18_16:58: Loading editor/editor.rooms.rb
 INFO LOG: May_18_16:58: Loading editor/editor.exits.rb
 INFO LOG: May_18_16:58: Loading editor/editor.zones.rb
 INFO LOG: May_18_16:58: Loading editor/editor.npc.rb
 INFO LOG: May_18_16:58: Loading editor/editor.items.rb
 INFO LOG: May_18_16:58: Loading mxp.rb
 INFO LOG: May_18_16:58: Loading mccp.rb
 INFO LOG: May_18_16:58: Loading flags.rb
 INFO LOG: May_18_16:58: Loading areas.rb
 INFO LOG: May_18_16:58: Loading security.rb
 INFO LOG: May_18_16:58: Loading event.rb
 INFO LOG: May_18_16:58: Loading automap/automap.rb
 INFO LOG: May_18_16:58: Loading cities.olc.rb
 INFO LOG: May_18_16:58: Loading cities.rb
 INFO LOG: May_18_16:58: Loading sector definitions.
 INFO LOG: May_18_16:58: Loading help.rb
 INFO LOG: May_18_16:58: Loading imcruby.rb
 INFO LOG: May_18_16:58: Loading player.rb
 INFO LOG: May_18_16:58: Loading commands.rb
 INFO LOG: May_18_16:58: Loading editor/editor.player.rb
 INFO LOG: May_18_16:58: Loading random.rb
 INFO LOG: May_18_16:58: Loading npc.rb
 INFO LOG: May_18_16:58: Loading items/types.rb
 INFO LOG: May_18_16:58: Loading items/items.rb
 INFO LOG: May_18_16:58: Loading spells.rb
 INFO LOG: May_18_16:58: Loading all zones.
 INFO LOG: May_18_16:58: Starting server.
ERROR LOG: May_18_16:58: CoralMUD boot failure.
 INFO LOG: May_18_16:59: tick!!!
 INFO LOG: May_18_17:00: tick!!!
 INFO LOG: May_18_17:01: Loading commands.rb
 INFO LOG: May_18_17:01: Loading commands.rb
 INFO LOG: May_18_17:01: tick!!!
 INFO LOG: May_18_17:02: -- #<Player:0x00000001e68038>:76.202.141.206:36812 disconnected from CoralMUD!
 INFO LOG: May_18_17:02: Logging enabled.   Loading logs.rb.
 INFO LOG: May_18_17:02: Loading facade.rb
 INFO LOG: May_18_17:02: Loading query_list.rb
 INFO LOG: May_18_17:02: Loading utils.rb
 INFO LOG: May_18_17:02: Loading constants.rb
 INFO LOG: May_18_17:02: Loading damage.rb
 INFO LOG: May_18_17:02: Loading class_property.rb
 INFO LOG: May_18_17:02: Loading scripts.rb
 INFO LOG: May_18_17:02: Loading tags.rb
 INFO LOG: May_18_17:02: Loading editor/editors.rb
 INFO LOG: May_18_17:02: Loading editor/editor.strings.rb
 INFO LOG: May_18_17:02: Loading editor/editor.rooms.rb
 INFO LOG: May_18_17:02: Loading editor/editor.exits.rb
 INFO LOG: May_18_17:02: Loading editor/editor.zones.rb
 INFO LOG: May_18_17:02: Loading editor/editor.npc.rb
 INFO LOG: May_18_17:02: Loading editor/editor.items.rb
 INFO LOG: May_18_17:02: Loading mxp.rb
 INFO LOG: May_18_17:02: Loading mccp.rb
 INFO LOG: May_18_17:02: Loading flags.rb
 INFO LOG: May_18_17:02: Loading areas.rb
 INFO LOG: May_18_17:02: Loading security.rb
 INFO LOG: May_18_17:02: Loading event.rb
 INFO LOG: May_18_17:02: Loading automap/automap.rb
 INFO LOG: May_18_17:02: Loading cities.olc.rb
 INFO LOG: May_18_17:02: Loading cities.rb
 INFO LOG: May_18_17:02: Loading sector definitions.
 INFO LOG: May_18_17:02: Loading help.rb
 INFO LOG: May_18_17:02: Loading imcruby.rb
 INFO LOG: May_18_17:02: Loading player.rb
 INFO LOG: May_18_17:02: Loading commands.rb
 INFO LOG: May_18_17:02: Loading editor/editor.player.rb
 INFO LOG: May_18_17:02: Loading random.rb
 INFO LOG: May_18_17:02: Loading npc.rb
 INFO LOG: May_18_17:02: Loading items/types.rb
 INFO LOG: May_18_17:02: Loading items/items.rb
 INFO LOG: May_18_17:02: Loading spells.rb
 INFO LOG: May_18_17:02: Loading all zones.
 INFO LOG: May_18_17:02: Starting server.
 INFO LOG: May_18_17:02: CoralMUD is now up on port 4000.
 INFO LOG: May_18_17:02: tick!!!
 INFO LOG: May_18_17:02: -- 76.202.141.206:50495 connected to CoralMUD!
 INFO LOG: May_18_17:02: -- 76.202.141.206:50495: Retnur is trying to connect.
 INFO LOG: May_18_17:02: -- 76.202.141.206:50495: Retnur player file found.
 INFO LOG: May_18_17:02: -- Retnur has entered the game.
 INFO LOG: May_18_17:03: -- #<Player:0x000000018bb388>:76.202.141.206:50495 disconnected from CoralMUD!
 INFO LOG: May_18_17:03: Logging enabled.   Loading logs.rb.
 INFO LOG: May_18_17:03: Loading facade.rb
 INFO LOG: May_18_17:03: Loading query_list.rb
 INFO LOG: May_18_17:03: Loading utils.rb
 INFO LOG: May_18_17:03: Loading constants.rb
 INFO LOG: May_18_17:03: Loading damage.rb
 INFO LOG: May_18_17:03: Loading class_property.rb
 INFO LOG: May_18_17:03: Loading scripts.rb
 INFO LOG: May_18_17:03: Loading tags.rb
 INFO LOG: May_18_17:03: Loading editor/editors.rb
 INFO LOG: May_18_17:03: Loading editor/editor.strings.rb
 INFO LOG: May_18_17:03: Loading editor/editor.rooms.rb
 INFO LOG: May_18_17:03: Loading editor/editor.exits.rb
 INFO LOG: May_18_17:03: Loading editor/editor.zones.rb
 INFO LOG: May_18_17:03: Loading editor/editor.npc.rb
 INFO LOG: May_18_17:03: Loading editor/editor.items.rb
 INFO LOG: May_18_17:03: Loading mxp.rb
 INFO LOG: May_18_17:03: Loading mccp.rb
 INFO LOG: May_18_17:03: Loading flags.rb
 INFO LOG: May_18_17:03: Loading areas.rb
 INFO LOG: May_18_17:03: Loading security.rb
 INFO LOG: May_18_17:03: Loading event.rb
 INFO LOG: May_18_17:03: Loading automap/automap.rb
 INFO LOG: May_18_17:03: Loading cities.olc.rb
 INFO LOG: May_18_17:03: Loading cities.rb
 INFO LOG: May_18_17:03: Loading sector definitions.
 INFO LOG: May_18_17:03: Loading help.rb
 INFO LOG: May_18_17:03: Loading imcruby.rb
 INFO LOG: May_18_17:03: Loading player.rb
 INFO LOG: May_18_17:03: Loading commands.rb
 INFO LOG: May_18_17:03: Loading editor/editor.player.rb
 INFO LOG: May_18_17:03: Loading random.rb
 INFO LOG: May_18_17:03: Loading npc.rb
 INFO LOG: May_18_17:03: Loading items/types.rb
 INFO LOG: May_18_17:03: Loading items/items.rb
 INFO LOG: May_18_17:03: Loading spells.rb
 INFO LOG: May_18_17:03: Loading all zones.
 INFO LOG: May_18_17:03: Starting server.
 INFO LOG: May_18_17:03: CoralMUD is now up on port 4000.
 INFO LOG: May_18_17:04: tick!!!
 INFO LOG: May_18_17:05: tick!!!
 INFO LOG: May_18_17:05: -- 76.202.141.206:33791 connected to CoralMUD!
 INFO LOG: May_18_17:05: -- 76.202.141.206:33791: Retnur is trying to connect.
 INFO LOG: May_18_17:05: -- 76.202.141.206:33791: Retnur player file found.
 INFO LOG: May_18_17:05: -- Retnur has entered the game.
 INFO LOG: May_18_17:06: tick!!!
 INFO LOG: May_18_17:07: tick!!!
 INFO LOG: May_18_17:08: tick!!!
 INFO LOG: May_18_17:09: tick!!!
 INFO LOG: May_18_17:10: tick!!!
 INFO LOG: May_18_17:11: tick!!!
 INFO LOG: May_18_17:12: tick!!!
 INFO LOG: May_18_17:13: tick!!!
 INFO LOG: May_18_17:14: tick!!!
 INFO LOG: May_18_17:15: tick!!!
 INFO LOG: May_18_17:16: tick!!!
 INFO LOG: May_18_17:17: tick!!!
 INFO LOG: May_18_17:18: tick!!!
 INFO LOG: May_18_17:19: tick!!!
 INFO LOG: May_18_17:20: tick!!!
 INFO LOG: May_18_17:21: tick!!!
 INFO LOG: May_18_17:22: tick!!!
 INFO LOG: May_18_17:23: tick!!!
 INFO LOG: May_18_17:24: tick!!!
 INFO LOG: May_18_17:25: tick!!!
 INFO LOG: May_18_17:26: tick!!!
 INFO LOG: May_18_17:27: tick!!!
 INFO LOG: May_18_17:28: tick!!!
 INFO LOG: May_18_17:29: tick!!!
 INFO LOG: May_18_17:30: tick!!!
 INFO LOG: May_18_17:31: tick!!!
 INFO LOG: May_18_17:32: tick!!!
 INFO LOG: May_18_17:33: tick!!!
 INFO LOG: May_18_17:34: tick!!!
 INFO LOG: May_18_17:35: tick!!!
 INFO LOG: May_18_17:36: tick!!!
 INFO LOG: May_18_17:37: tick!!!
 INFO LOG: May_18_17:38: tick!!!
 INFO LOG: May_18_17:38: Loading commands.rb
 INFO LOG: May_18_17:38: -- #<Player:0x0000000250c880>:76.202.141.206:33791 disconnected from CoralMUD!
 INFO LOG: May_18_17:38: Loading commands.rb
 INFO LOG: May_18_17:39: Logging enabled.   Loading logs.rb.
 INFO LOG: May_18_17:39: Loading facade.rb
 INFO LOG: May_18_17:39: Loading query_list.rb
 INFO LOG: May_18_17:39: Loading utils.rb
 INFO LOG: May_18_17:39: Loading constants.rb
 INFO LOG: May_18_17:39: Loading damage.rb
 INFO LOG: May_18_17:39: Loading class_property.rb
 INFO LOG: May_18_17:39: Loading scripts.rb
 INFO LOG: May_18_17:39: Loading tags.rb
 INFO LOG: May_18_17:39: Loading editor/editors.rb
 INFO LOG: May_18_17:39: Loading editor/editor.strings.rb
 INFO LOG: May_18_17:39: Loading editor/editor.rooms.rb
 INFO LOG: May_18_17:39: Loading editor/editor.exits.rb
 INFO LOG: May_18_17:39: Loading editor/editor.zones.rb
 INFO LOG: May_18_17:39: Loading editor/editor.npc.rb
 INFO LOG: May_18_17:39: Loading editor/editor.items.rb
 INFO LOG: May_18_17:39: Loading mxp.rb
 INFO LOG: May_18_17:39: Loading mccp.rb
 INFO LOG: May_18_17:39: Loading flags.rb
 INFO LOG: May_18_17:39: Loading areas.rb
 INFO LOG: May_18_17:39: Loading security.rb
 INFO LOG: May_18_17:39: Loading event.rb
 INFO LOG: May_18_17:39: Loading automap/automap.rb
 INFO LOG: May_18_17:39: Loading cities.olc.rb
 INFO LOG: May_18_17:39: Loading cities.rb
 INFO LOG: May_18_17:39: Loading sector definitions.
 INFO LOG: May_18_17:39: Loading help.rb
 INFO LOG: May_18_17:39: Loading imcruby.rb
 INFO LOG: May_18_17:39: Loading player.rb
 INFO LOG: May_18_17:39: Loading commands.rb
 INFO LOG: May_18_17:39: Loading editor/editor.player.rb
 INFO LOG: May_18_17:39: Loading random.rb
 INFO LOG: May_18_17:39: Loading npc.rb
 INFO LOG: May_18_17:39: Loading items/types.rb
 INFO LOG: May_18_17:39: Loading items/items.rb
 INFO LOG: May_18_17:39: Loading spells.rb
 INFO LOG: May_18_17:39: Loading all zones.
 INFO LOG: May_18_17:39: Starting server.
 INFO LOG: May_18_17:39: CoralMUD is now up on port 4000.
 INFO LOG: May_18_17:41: tick!!!
 INFO LOG: May_18_17:43: tick!!!
 INFO LOG: May_18_17:44: -- 76.202.141.206:38630 connected to CoralMUD!
 INFO LOG: May_18_17:44: -- 76.202.141.206:38630: Retnur is trying to connect.
 INFO LOG: May_18_17:44: -- 76.202.141.206:38630: Retnur player file found.
 INFO LOG: May_18_17:44: -- Retnur has entered the game.
 INFO LOG: May_18_17:44: -- #<Player:0x00000002e18000>:76.202.141.206:38630 disconnected from CoralMUD!
 INFO LOG: May_18_17:44: Logging enabled.   Loading logs.rb.
 INFO LOG: May_18_17:44: Loading facade.rb
 INFO LOG: May_18_17:44: Loading query_list.rb
 INFO LOG: May_18_17:44: Loading utils.rb
 INFO LOG: May_18_17:44: Loading constants.rb
 INFO LOG: May_18_17:44: Loading damage.rb
 INFO LOG: May_18_17:44: Loading class_property.rb
 INFO LOG: May_18_17:44: Loading scripts.rb
 INFO LOG: May_18_17:44: Loading tags.rb
 INFO LOG: May_18_17:44: Loading editor/editors.rb
 INFO LOG: May_18_17:44: Loading editor/editor.strings.rb
 INFO LOG: May_18_17:44: Loading editor/editor.rooms.rb
 INFO LOG: May_18_17:44: Loading editor/editor.exits.rb
 INFO LOG: May_18_17:44: Loading editor/editor.zones.rb
 INFO LOG: May_18_17:44: Loading editor/editor.npc.rb
 INFO LOG: May_18_17:44: Loading editor/editor.items.rb
 INFO LOG: May_18_17:44: Loading mxp.rb
 INFO LOG: May_18_17:44: Loading mccp.rb
 INFO LOG: May_18_17:44: Loading flags.rb
 INFO LOG: May_18_17:44: Loading areas.rb
 INFO LOG: May_18_17:44: Loading security.rb
 INFO LOG: May_18_17:44: Loading event.rb
 INFO LOG: May_18_17:44: Loading automap/automap.rb
 INFO LOG: May_18_17:44: Loading cities.olc.rb
 INFO LOG: May_18_17:44: Loading cities.rb
 INFO LOG: May_18_17:44: Loading sector definitions.
 INFO LOG: May_18_17:44: Loading help.rb
 INFO LOG: May_18_17:44: Loading imcruby.rb
 INFO LOG: May_18_17:44: Loading player.rb
 INFO LOG: May_18_17:44: Loading commands.rb
 INFO LOG: May_18_17:44: Loading editor/editor.player.rb
 INFO LOG: May_18_17:44: Loading random.rb
 INFO LOG: May_18_17:44: Loading npc.rb
 INFO LOG: May_18_17:44: Loading items/types.rb
 INFO LOG: May_18_17:44: Loading items/items.rb
 INFO LOG: May_18_17:44: Loading spells.rb
 INFO LOG: May_18_17:44: Loading all zones.
 INFO LOG: May_18_17:44: Starting server.
 INFO LOG: May_18_17:44: CoralMUD is now up on port 4000.
 INFO LOG: May_18_17:44: -- 76.202.141.206:42462 connected to CoralMUD!
 INFO LOG: May_18_17:44: -- 76.202.141.206:42462: Retnur is trying to connect.
 INFO LOG: May_18_17:44: -- 76.202.141.206:42462: Retnur player file found.
 INFO LOG: May_18_17:44: -- Retnur has entered the game.
 INFO LOG: May_18_17:46: tick!!!
 INFO LOG: May_18_17:47: -- 127.0.0.1:37492 connected to CoralMUD!
 INFO LOG: May_18_17:47: -- 127.0.0.1:37492: Rtest is trying to connect.
 INFO LOG: May_18_17:47: -- 127.0.0.1:37492: Rtest player file found.
 INFO LOG: May_18_17:47: -- Rtest has entered the game.
 INFO LOG: May_18_17:48: tick!!!
ERROR LOG: undefined local variable or method `e' for #<Player:0x00000003055d90>
ERROR LOG: /home/heath/coral/lib/commands/wizhelp.rb:14:in `cmd_wizhelp'
ERROR LOG: /home/heath/coral/lib/commands.rb:302:in `execute_command'
ERROR LOG: /home/heath/coral/core/socketengine.rb:174:in `block in handle_cmd_input'
ERROR LOG: /home/heath/coral/core/socketengine.rb:173:in `times'
ERROR LOG: /home/heath/coral/core/socketengine.rb:173:in `handle_cmd_input'
ERROR LOG: /home/heath/coral/core/socketengine.rb:135:in `receive_data'
ERROR LOG: /usr/local/lib/ruby/gems/1.9.1/gems/eventmachine-0.12.8/lib/eventmachine.rb:242:in `run_machine'
ERROR LOG: /usr/local/lib/ruby/gems/1.9.1/gems/eventmachine-0.12.8/lib/eventmachine.rb:242:in `run'
ERROR LOG: coral.rb:174:in `<main>'
 INFO LOG: May_18_17:50: tick!!!
 INFO LOG: May_18_17:52: tick!!!
 INFO LOG: May_18_17:54: tick!!!
 INFO LOG: May_18_17:56: tick!!!
 INFO LOG: May_18_17:58: Loading commands.rb
 INFO LOG: May_18_17:58: tick!!!
 INFO LOG: May_18_17:59: Loading commands.rb
 INFO LOG: May_18_17:59: -- #<Player:0x00000003055d90>:76.202.141.206:42462 disconnected from CoralMUD!
 INFO LOG: May_18_17:59: -- #<Player:0x00000003073cf0>:127.0.0.1:37492 disconnected from CoralMUD!
 INFO LOG: May_18_17:59: Logging enabled.   Loading logs.rb.
 INFO LOG: May_18_17:59: Loading facade.rb
 INFO LOG: May_18_17:59: Loading query_list.rb
 INFO LOG: May_18_17:59: Loading utils.rb
 INFO LOG: May_18_17:59: Loading constants.rb
 INFO LOG: May_18_17:59: Loading damage.rb
 INFO LOG: May_18_17:59: Loading class_property.rb
 INFO LOG: May_18_17:59: Loading scripts.rb
 INFO LOG: May_18_17:59: Loading tags.rb
 INFO LOG: May_18_17:59: Loading editor/editors.rb
 INFO LOG: May_18_17:59: Loading editor/editor.strings.rb
 INFO LOG: May_18_17:59: Loading editor/editor.rooms.rb
 INFO LOG: May_18_17:59: Loading editor/editor.exits.rb
 INFO LOG: May_18_17:59: Loading editor/editor.zones.rb
 INFO LOG: May_18_17:59: Loading editor/editor.npc.rb
 INFO LOG: May_18_17:59: Loading editor/editor.items.rb
 INFO LOG: May_18_17:59: Loading mxp.rb
 INFO LOG: May_18_17:59: Loading mccp.rb
 INFO LOG: May_18_17:59: Loading flags.rb
 INFO LOG: May_18_17:59: Loading areas.rb
 INFO LOG: May_18_17:59: Loading security.rb
 INFO LOG: May_18_17:59: Loading event.rb
 INFO LOG: May_18_17:59: Loading automap/automap.rb
 INFO LOG: May_18_17:59: Loading cities.olc.rb
 INFO LOG: May_18_17:59: Loading cities.rb
 INFO LOG: May_18_17:59: Loading sector definitions.
 INFO LOG: May_18_17:59: Loading help.rb
 INFO LOG: May_18_17:59: Loading imcruby.rb
 INFO LOG: May_18_17:59: Loading player.rb
 INFO LOG: May_18_17:59: Loading commands.rb
 INFO LOG: May_18_17:59: Loading editor/editor.player.rb
 INFO LOG: May_18_17:59: Loading random.rb
 INFO LOG: May_18_17:59: Loading npc.rb
 INFO LOG: May_18_17:59: Loading items/types.rb
 INFO LOG: May_18_17:59: Loading items/items.rb
 INFO LOG: May_18_17:59: Loading spells.rb
 INFO LOG: May_18_17:59: Loading all zones.
 INFO LOG: May_18_17:59: Starting server.
 INFO LOG: May_18_17:59: CoralMUD is now up on port 4000.
 INFO LOG: May_18_17:59: -- 76.202.141.206:46088 connected to CoralMUD!
 INFO LOG: May_18_17:59: -- 76.202.141.206:46088: () Invalid name in character creation.
 INFO LOG: May_18_17:59: -- 76.202.141.206:46088: Retnur is trying to connect.
 INFO LOG: May_18_17:59: -- 76.202.141.206:46088: Retnur player file found.
 INFO LOG: May_18_17:59: -- Retnur has entered the game.
 INFO LOG: May_18_17:59: -- 127.0.0.1:52335 connected to CoralMUD!
 INFO LOG: May_18_18:01: tick!!!
 INFO LOG: May_18_18:01: Loading commands.rb
 INFO LOG: May_18_18:02: Loading commands.rb
 INFO LOG: May_18_18:03: tick!!!
 INFO LOG: May_18_18:05: tick!!!
 INFO LOG: May_18_18:07: tick!!!
 INFO LOG: May_18_18:09: tick!!!
 INFO LOG: May_18_18:11: tick!!!
 INFO LOG: May_18_18:13: tick!!!
 INFO LOG: May_18_18:15: tick!!!
 INFO LOG: May_18_18:17: tick!!!
 INFO LOG: May_18_18:19: tick!!!
 INFO LOG: May_18_18:21: tick!!!
 INFO LOG: May_18_18:22: -- 74.195.197.175:2188 connected to CoralMUD!
 INFO LOG: May_18_18:22: -- 74.195.197.175:2188: () Invalid name in character creation.
 INFO LOG: May_18_18:22: -- 74.195.197.175:2188: () Invalid name in character creation.
 INFO LOG: May_18_18:22: -- 74.195.197.175:2188: () Invalid name in character creation.
 INFO LOG: May_18_18:22: -- 74.195.197.175:2188: () Invalid name in character creation.
 INFO LOG: May_18_18:22: -- 74.195.197.175:2188: () Invalid name in character creation.
 INFO LOG: May_18_18:22: -- 74.195.197.175:2188: () Invalid name in character creation.
 INFO LOG: May_18_18:22: -- 74.195.197.175:2188: () Invalid name in character creation.
 INFO LOG: May_18_18:22: -- 74.195.197.175:2188: () Invalid name in character creation.
 INFO LOG: May_18_18:22: -- 74.195.197.175:2188: Justarjs is trying to connect.
 INFO LOG: May_18_18:22: -- 74.195.197.175:2188: Justarjs:  New Character.
 INFO LOG: May_18_18:22: -- #<Player:0x00000001e7f288>:74.195.197.175:2188 disconnected from CoralMUD!
 INFO LOG: May_18_18:22: -- 74.195.197.175:2189 connected to CoralMUD!
 INFO LOG: May_18_18:22: -- 74.195.197.175:2189: () Invalid name in character creation.
 INFO LOG: May_18_18:22: -- 74.195.197.175:2189: () Invalid name in character creation.
 INFO LOG: May_18_18:22: -- 74.195.197.175:2189: () Invalid name in character creation.
 INFO LOG: May_18_18:22: -- 74.195.197.175:2189: () Invalid name in character creation.
 INFO LOG: May_18_18:22: -- 74.195.197.175:2189: () Invalid name in character creation.
 INFO LOG: May_18_18:22: -- 74.195.197.175:2189: () Invalid name in character creation.
 INFO LOG: May_18_18:22: -- 74.195.197.175:2189: () Invalid name in character creation.
 INFO LOG: May_18_18:22: -- 74.195.197.175:2189: () Invalid name in character creation.
 INFO LOG: May_18_18:22: -- 74.195.197.175:2189: () Invalid name in character creation.
 INFO LOG: May_18_18:22: -- 74.195.197.175:2189: () Invalid name in character creation.
 INFO LOG: May_18_18:22: -- 74.195.197.175:2189: () Invalid name in character creation.
 INFO LOG: May_18_18:22: -- 74.195.197.175:2189: () Invalid name in character creation.
 INFO LOG: May_18_18:22: -- 74.195.197.175:2189: () Invalid name in character creation.
 INFO LOG: May_18_18:22: -- 74.195.197.175:2189: () Invalid name in character creation.
 INFO LOG: May_18_18:22: -- 74.195.197.175:2189: () Invalid name in character creation.
 INFO LOG: May_18_18:22: -- 74.195.197.175:2189: () Invalid name in character creation.
 INFO LOG: May_18_18:22: -- 74.195.197.175:2189: () Invalid name in character creation.
 INFO LOG: May_18_18:22: -- 74.195.197.175:2189: () Invalid name in character creation.
 INFO LOG: May_18_18:22: -- 74.195.197.175:2189: () Invalid name in character creation.
 INFO LOG: May_18_18:22: -- 74.195.197.175:2189: () Invalid name in character creation.
 INFO LOG: May_18_18:22: -- 74.195.197.175:2189: () Invalid name in character creation.
 INFO LOG: May_18_18:22: -- 74.195.197.175:2189: () Invalid name in character creation.
 INFO LOG: May_18_18:22: -- 74.195.197.175:2189: () Invalid name in character creation.
 INFO LOG: May_18_18:22: -- 74.195.197.175:2189: () Invalid name in character creation.
 INFO LOG: May_18_18:22: -- 74.195.197.175:2189: () Invalid name in character creation.
 INFO LOG: May_18_18:22: -- 74.195.197.175:2189: () Invalid name in character creation.
 INFO LOG: May_18_18:22: -- 74.195.197.175:2189: () Invalid name in character creation.
 INFO LOG: May_18_18:22: -- 74.195.197.175:2189: () Invalid name in character creation.
 INFO LOG: May_18_18:22: -- 74.195.197.175:2189: () Invalid name in character creation.
 INFO LOG: May_18_18:22: -- 74.195.197.175:2189: () Invalid name in character creation.
 INFO LOG: May_18_18:22: -- 74.195.197.175:2189: () Invalid name in character creation.
 INFO LOG: May_18_18:22: -- 74.195.197.175:2189: () Invalid name in character creation.
 INFO LOG: May_18_18:22: -- 74.195.197.175:2189: () Invalid name in character creation.
 INFO LOG: May_18_18:22: -- 74.195.197.175:2189: () Invalid name in character creation.
 INFO LOG: May_18_18:22: -- 74.195.197.175:2189: () Invalid name in character creation.
 INFO LOG: May_18_18:22: -- 74.195.197.175:2189: () Invalid name in character creation.
 INFO LOG: May_18_18:22: -- 74.195.197.175:2189: () Invalid name in character creation.
 INFO LOG: May_18_18:22: -- 74.195.197.175:2189: () Invalid name in character creation.
 INFO LOG: May_18_18:22: -- 74.195.197.175:2189: () Invalid name in character creation.
 INFO LOG: May_18_18:22: -- 74.195.197.175:2189: () Invalid name in character creation.
 INFO LOG: May_18_18:22: -- 74.195.197.175:2189: () Invalid name in character creation.
 INFO LOG: May_18_18:22: -- 74.195.197.175:2189: () Invalid name in character creation.
 INFO LOG: May_18_18:22: -- 74.195.197.175:2189: () Invalid name in character creation.
 INFO LOG: May_18_18:22: -- 74.195.197.175:2189: () Invalid name in character creation.
 INFO LOG: May_18_18:22: -- 74.195.197.175:2189: () Invalid name in character creation.
 INFO LOG: May_18_18:22: -- 74.195.197.175:2189: () Invalid name in character creation.
 INFO LOG: May_18_18:22: -- 74.195.197.175:2189: () Invalid name in character creation.
 INFO LOG: May_18_18:22: -- 74.195.197.175:2189: () Invalid name in character creation.
 INFO LOG: May_18_18:22: -- 74.195.197.175:2189: () Invalid name in character creation.
 INFO LOG: May_18_18:22: -- 74.195.197.175:2189: () Invalid name in character creation.
 INFO LOG: May_18_18:22: -- 74.195.197.175:2189: () Invalid name in character creation.
 INFO LOG: May_18_18:22: -- 74.195.197.175:2189: () Invalid name in character creation.
 INFO LOG: May_18_18:22: -- 74.195.197.175:2189: () Invalid name in character creation.
 INFO LOG: May_18_18:22: -- 74.195.197.175:2189: () Invalid name in character creation.
 INFO LOG: May_18_18:22: -- 74.195.197.175:2189: () Invalid name in character creation.
 INFO LOG: May_18_18:22: -- 74.195.197.175:2189: () Invalid name in character creation.
 INFO LOG: May_18_18:22: -- :74.195.197.175:2189 disconnected from CoralMUD!
 INFO LOG: May_18_18:23: tick!!!
 INFO LOG: May_18_18:25: tick!!!
 INFO LOG: May_18_18:27: tick!!!
 INFO LOG: May_18_18:27: Loading imcruby.rb
 INFO LOG: May_18_18:28: -- #<Player:0x000000021ca4b0>:76.202.141.206:46088 disconnected from CoralMUD!
 INFO LOG: May_18_18:28: -- :127.0.0.1:52335 disconnected from CoralMUD!
 INFO LOG: May_18_18:28: Program closed.
 INFO LOG: May_18_18:33: Logging enabled.   Loading logs.rb.
 INFO LOG: May_18_18:33: Loading facade.rb
 INFO LOG: May_18_18:33: Loading query_list.rb
 INFO LOG: May_18_18:33: Loading utils.rb
 INFO LOG: May_18_18:33: Loading constants.rb
 INFO LOG: May_18_18:33: Loading damage.rb
 INFO LOG: May_18_18:33: Loading class_property.rb
 INFO LOG: May_18_18:33: Loading scripts.rb
 INFO LOG: May_18_18:33: Loading tags.rb
 INFO LOG: May_18_18:33: Loading editor/editors.rb
 INFO LOG: May_18_18:33: Loading editor/editor.strings.rb
 INFO LOG: May_18_18:33: Loading editor/editor.rooms.rb
 INFO LOG: May_18_18:33: Loading editor/editor.exits.rb
 INFO LOG: May_18_18:33: Loading editor/editor.zones.rb
 INFO LOG: May_18_18:33: Loading editor/editor.npc.rb
 INFO LOG: May_18_18:33: Loading editor/editor.items.rb
 INFO LOG: May_18_18:33: Loading mxp.rb
 INFO LOG: May_18_18:33: Loading mccp.rb
 INFO LOG: May_18_18:33: Loading flags.rb
 INFO LOG: May_18_18:33: Loading areas.rb
 INFO LOG: May_18_18:33: Loading security.rb
 INFO LOG: May_18_18:33: Loading event.rb
 INFO LOG: May_18_18:33: Loading automap/automap.rb
 INFO LOG: May_18_18:33: Loading cities.olc.rb
 INFO LOG: May_18_18:33: Loading cities.rb
 INFO LOG: May_18_18:33: Loading sector definitions.
 INFO LOG: May_18_18:33: Loading help.rb
 INFO LOG: May_18_18:33: Loading imcruby.rb
 INFO LOG: May_18_18:33: Loading player.rb
 INFO LOG: May_18_18:33: Loading commands.rb
 INFO LOG: May_18_18:33: Loading editor/editor.player.rb
 INFO LOG: May_18_18:33: Loading random.rb
 INFO LOG: May_18_18:33: Loading npc.rb
 INFO LOG: May_18_18:33: Loading items/types.rb
 INFO LOG: May_18_18:33: Loading items/items.rb
 INFO LOG: May_18_18:33: Loading spells.rb
 INFO LOG: May_18_18:33: Loading all zones.
 INFO LOG: May_18_18:33: Starting server.
 INFO LOG: May_18_18:33: CoralMUD is now up on port 4000.
 INFO LOG: May_18_18:33: -- 76.202.141.206:51261 connected to CoralMUD!
 INFO LOG: May_18_18:33: -- 76.202.141.206:51261: Retnur is trying to connect.
 INFO LOG: May_18_18:33: -- 76.202.141.206:51261: Retnur:  New Character.
 INFO LOG: May_18_18:33: -- #<Player:0x000000035a12b8>:76.202.141.206:51261 disconnected from CoralMUD!
 INFO LOG: May_18_18:33: -- 76.202.141.206:55958 connected to CoralMUD!
 INFO LOG: May_18_18:33: -- 76.202.141.206:55958: Retnur is trying to connect.
 INFO LOG: May_18_18:33: -- 76.202.141.206:55958: Retnur player file found.
 INFO LOG: May_18_18:33: -- Retnur has entered the game.
 INFO LOG: May_18_18:35: tick!!!
 INFO LOG: May_18_18:37: tick!!!
 INFO LOG: May_18_18:39: tick!!!
 INFO LOG: May_18_18:41: tick!!!
 INFO LOG: May_18_18:43: tick!!!
 INFO LOG: May_18_18:45: tick!!!
 INFO LOG: May_18_18:47: tick!!!
 INFO LOG: May_18_18:49: tick!!!
 INFO LOG: May_18_18:51: tick!!!
 INFO LOG: May_18_18:53: tick!!!
 INFO LOG: May_18_18:55: tick!!!
 INFO LOG: May_18_18:57: tick!!!
 INFO LOG: May_18_18:59: tick!!!
 INFO LOG: May_18_19:01: tick!!!
 INFO LOG: May_18_19:03: tick!!!
 INFO LOG: May_18_19:05: tick!!!
 INFO LOG: May_18_19:07: tick!!!
 INFO LOG: May_18_19:09: tick!!!
 INFO LOG: May_18_19:11: tick!!!
 INFO LOG: May_18_19:13: tick!!!
 INFO LOG: May_18_19:15: tick!!!
 INFO LOG: May_18_19:17: tick!!!
 INFO LOG: May_18_19:19: tick!!!
 INFO LOG: May_18_19:21: tick!!!
 INFO LOG: May_18_19:23: tick!!!
 INFO LOG: May_18_19:25: tick!!!
 INFO LOG: May_18_19:25: -- #<Player:0x00000003682b78>:76.202.141.206:55958 disconnected from CoralMUD!
 INFO LOG: May_18_19:25: Logging enabled.   Loading logs.rb.
 INFO LOG: May_18_19:25: Loading facade.rb
 INFO LOG: May_18_19:25: Loading query_list.rb
 INFO LOG: May_18_19:25: Loading utils.rb
 INFO LOG: May_18_19:25: Loading constants.rb
 INFO LOG: May_18_19:25: Loading damage.rb
 INFO LOG: May_18_19:25: Loading class_property.rb
 INFO LOG: May_18_19:25: Loading scripts.rb
 INFO LOG: May_18_19:25: Loading tags.rb
 INFO LOG: May_18_19:25: Loading editor/editors.rb
 INFO LOG: May_18_19:25: Loading editor/editor.strings.rb
 INFO LOG: May_18_19:25: Loading editor/editor.rooms.rb
 INFO LOG: May_18_19:25: Loading editor/editor.exits.rb
 INFO LOG: May_18_19:25: Loading editor/editor.zones.rb
 INFO LOG: May_18_19:25: Loading editor/editor.npc.rb
 INFO LOG: May_18_19:25: Loading editor/editor.items.rb
 INFO LOG: May_18_19:25: Loading mxp.rb
 INFO LOG: May_18_19:25: Loading mccp.rb
 INFO LOG: May_18_19:25: Loading flags.rb
 INFO LOG: May_18_19:25: Loading areas.rb
 INFO LOG: May_18_19:25: Loading security.rb
 INFO LOG: May_18_19:25: Loading event.rb
 INFO LOG: May_18_19:25: Loading automap/automap.rb
 INFO LOG: May_18_19:25: Loading cities.olc.rb
 INFO LOG: May_18_19:25: Loading cities.rb
 INFO LOG: May_18_19:25: Loading sector definitions.
 INFO LOG: May_18_19:25: Loading help.rb
 INFO LOG: May_18_19:25: Loading imcruby.rb
 INFO LOG: May_18_19:25: Loading player.rb
 INFO LOG: May_18_19:25: Loading commands.rb
 INFO LOG: May_18_19:25: Loading editor/editor.player.rb
 INFO LOG: May_18_19:25: Loading random.rb
 INFO LOG: May_18_19:25: Loading npc.rb
 INFO LOG: May_18_19:25: Loading items/types.rb
 INFO LOG: May_18_19:25: Loading items/items.rb
 INFO LOG: May_18_19:25: Loading spells.rb
 INFO LOG: May_18_19:25: Loading all zones.
 INFO LOG: May_18_19:25: Starting server.
 INFO LOG: May_18_19:25: CoralMUD is now up on port 4000.
 INFO LOG: May_18_19:25: -- 76.202.141.206:52425 connected to CoralMUD!
 INFO LOG: May_18_19:25: -- 76.202.141.206:52425: Retnur is trying to connect.
 INFO LOG: May_18_19:25: -- 76.202.141.206:52425: Retnur player file found.
 INFO LOG: May_18_19:25: -- Retnur has entered the game.
 INFO LOG: May_18_19:27: tick!!!
 INFO LOG: May_18_19:27: Loading imcruby.rb
 INFO LOG: May_18_19:29: tick!!!
 INFO LOG: May_18_19:31: tick!!!
 INFO LOG: May_18_19:33: tick!!!
 INFO LOG: May_18_19:35: tick!!!
 INFO LOG: May_18_19:37: tick!!!
 INFO LOG: May_18_19:39: tick!!!
 INFO LOG: May_18_19:41: tick!!!
 INFO LOG: May_18_19:43: tick!!!
 INFO LOG: May_18_19:45: tick!!!
 INFO LOG: May_18_19:47: tick!!!
 INFO LOG: May_18_19:49: tick!!!
 INFO LOG: May_18_19:51: tick!!!
 INFO LOG: May_18_19:51: -- 98.157.144.34:54369 connected to CoralMUD!
 INFO LOG: May_18_19:51: -- 98.157.144.34:54369: Tphegley is trying to connect.
 INFO LOG: May_18_19:51: -- 98.157.144.34:54369: Tphegley:  New Character.
 INFO LOG: May_18_19:52: -- 98.157.144.34:54369: Tphegley successfully created.
 INFO LOG: May_18_19:52: -- Tphegley has entered the game.
 INFO LOG: May_18_19:53: tick!!!
 INFO LOG: May_18_19:55: tick!!!
 INFO LOG: May_18_19:57: tick!!!
 INFO LOG: May_18_19:59: tick!!!
 INFO LOG: May_18_20:01: tick!!!
 INFO LOG: May_18_20:03: tick!!!
 INFO LOG: May_18_20:05: tick!!!
 INFO LOG: May_18_20:07: tick!!!
 INFO LOG: May_18_20:09: tick!!!
 INFO LOG: May_18_20:11: tick!!!
 INFO LOG: May_18_20:13: tick!!!
 INFO LOG: May_18_20:15: tick!!!
 INFO LOG: May_18_20:17: tick!!!
 INFO LOG: May_18_20:19: tick!!!
 INFO LOG: May_18_20:21: tick!!!
 INFO LOG: May_18_20:23: tick!!!
 INFO LOG: May_18_20:25: tick!!!
 INFO LOG: May_18_20:27: tick!!!
 INFO LOG: May_18_20:28: Tphegley has left the game.
 INFO LOG: May_18_20:28: -- :98.157.144.34:54369 disconnected from CoralMUD!
 INFO LOG: May_18_20:29: tick!!!
 INFO LOG: May_18_20:31: tick!!!
 INFO LOG: May_18_20:33: tick!!!
 INFO LOG: May_18_20:35: tick!!!
 INFO LOG: May_18_20:37: tick!!!
 INFO LOG: May_18_20:39: tick!!!
 INFO LOG: May_18_20:41: tick!!!
 INFO LOG: May_18_20:43: tick!!!
 INFO LOG: May_18_20:45: tick!!!
 INFO LOG: May_18_20:47: tick!!!
 INFO LOG: May_18_20:47: -- #<Player:0x0000000290f568>:76.202.141.206:52425 disconnected from CoralMUD!
