 INFO LOG: May_31_01:32: Logging enabled.   Loading logs.rb.
 INFO LOG: May_31_01:32: Loading spellcheck.rb
 INFO LOG: May_31_01:32: Loading facade.rb
 INFO LOG: May_31_01:32: Loading query_list.rb
 INFO LOG: May_31_01:32: Loading utils.rb
 INFO LOG: May_31_01:32: Loading constants.rb
 INFO LOG: May_31_01:32: Loading damage.rb
 INFO LOG: May_31_01:32: Loading class_property.rb
 INFO LOG: May_31_01:32: Loading scripts.rb
 INFO LOG: May_31_01:32: Loading tags.rb
 INFO LOG: May_31_01:32: Loading editor/editors.rb
 INFO LOG: May_31_01:32: Loading editor/editor.strings.rb
 INFO LOG: May_31_01:32: Loading editor/editor.rooms.rb
 INFO LOG: May_31_01:32: Loading editor/editor.exits.rb
 INFO LOG: May_31_01:32: Loading editor/editor.zones.rb
 INFO LOG: May_31_01:32: Loading editor/editor.npc.rb
 INFO LOG: May_31_01:32: Loading editor/editor.items.rb
 INFO LOG: May_31_01:32: Loading editor/editor.socials.rb
 INFO LOG: May_31_01:32: Loading socials.rb
 INFO LOG: May_31_01:32: Loading mxp.rb
 INFO LOG: May_31_01:32: Loading mccp.rb
 INFO LOG: May_31_01:32: Loading flags.rb
 INFO LOG: May_31_01:32: Loading areas.rb
 INFO LOG: May_31_01:32: Loading security.rb
 INFO LOG: May_31_01:32: Loading resets.rb
 INFO LOG: May_31_01:32: Loading event.rb
 INFO LOG: May_31_01:32: Loading automap/automap.rb
 INFO LOG: May_31_01:32: Loading cities.rb
 INFO LOG: May_31_01:32: Loading sector definitions.
 INFO LOG: May_31_01:32: Loading help.rb
 INFO LOG: May_31_01:32: Loading imcruby.rb
 INFO LOG: May_31_01:32: Loading player.rb
 INFO LOG: May_31_01:32: Loading commands.rb
 INFO LOG: May_31_01:32: Loading editor/editor.player.rb
 INFO LOG: May_31_01:32: Loading random.rb
 INFO LOG: May_31_01:32: Loading npc.rb
 INFO LOG: May_31_01:32: Loading items/types.rb
 INFO LOG: May_31_01:32: Loading items/items.rb
 INFO LOG: May_31_01:32: Loading spells.rb
 INFO LOG: May_31_01:32: Loading all zones.
 INFO LOG: May_31_01:32: Loading all socials.
 INFO LOG: May_31_01:32: Upgrading database
 INFO LOG: May_31_01:32: Starting server.
 INFO LOG: May_31_01:32: CoralMUD is now up on port 4000.
 INFO LOG: May_31_01:34: tick!!!
 INFO LOG: May_31_01:36: tick!!!
 INFO LOG: May_31_01:38: tick!!!
 INFO LOG: May_31_01:40: tick!!!
 INFO LOG: May_31_01:42: tick!!!
 INFO LOG: May_31_01:44: tick!!!
 INFO LOG: May_31_01:46: tick!!!
 INFO LOG: May_31_01:48: tick!!!
 INFO LOG: May_31_01:50: tick!!!
 INFO LOG: May_31_01:52: tick!!!
 INFO LOG: May_31_01:54: tick!!!
 INFO LOG: May_31_01:56: tick!!!
 INFO LOG: May_31_01:58: tick!!!
 INFO LOG: May_31_02:00: tick!!!
 INFO LOG: May_31_02:02: tick!!!
 INFO LOG: May_31_02:02: -- 76.202.141.206:53810 connected to CoralMUD!
 INFO LOG: May_31_02:02: -- 76.202.141.206:53810: Retnur is trying to connect.
 INFO LOG: May_31_02:02: -- 76.202.141.206:53810: Retnur player file found.
 INFO LOG: May_31_02:02: -- Retnur has entered the game.
 INFO LOG: May_31_02:02: saving #<Player:0x000000034860b8> to database.
 INFO LOG: May_31_02:04: tick!!!
 INFO LOG: May_31_02:04: saving #<Player:0x000000034860b8> to database.
 INFO LOG: May_31_02:06: tick!!!
 INFO LOG: May_31_02:06: saving #<Player:0x000000034860b8> to database.
 INFO LOG: May_31_02:08: tick!!!
 INFO LOG: May_31_02:08: saving #<Player:0x000000034860b8> to database.
 INFO LOG: May_31_02:10: tick!!!
 INFO LOG: May_31_02:10: saving #<Player:0x000000034860b8> to database.
 INFO LOG: May_31_02:12: tick!!!
 INFO LOG: May_31_02:12: saving #<Player:0x000000034860b8> to database.
 INFO LOG: May_31_02:14: tick!!!
 INFO LOG: May_31_02:14: saving #<Player:0x000000034860b8> to database.
 INFO LOG: May_31_02:16: tick!!!
 INFO LOG: May_31_02:16: saving #<Player:0x000000034860b8> to database.
 INFO LOG: May_31_02:18: tick!!!
 INFO LOG: May_31_02:18: saving #<Player:0x000000034860b8> to database.
 INFO LOG: May_31_02:20: tick!!!
 INFO LOG: May_31_02:20: saving #<Player:0x000000034860b8> to database.
 INFO LOG: May_31_02:22: tick!!!
 INFO LOG: May_31_02:22: saving #<Player:0x000000034860b8> to database.
 INFO LOG: May_31_02:24: tick!!!
 INFO LOG: May_31_02:24: saving #<Player:0x000000034860b8> to database.
 INFO LOG: May_31_02:26: tick!!!
 INFO LOG: May_31_02:26: saving #<Player:0x000000034860b8> to database.
 INFO LOG: May_31_02:28: tick!!!
 INFO LOG: May_31_02:28: saving #<Player:0x000000034860b8> to database.
 INFO LOG: May_31_02:30: tick!!!
 INFO LOG: May_31_02:30: saving #<Player:0x000000034860b8> to database.
 INFO LOG: May_31_02:32: tick!!!
 INFO LOG: May_31_02:32: saving #<Player:0x000000034860b8> to database.
 INFO LOG: May_31_02:34: tick!!!
 INFO LOG: May_31_02:34: saving #<Player:0x000000034860b8> to database.
 INFO LOG: May_31_02:36: tick!!!
 INFO LOG: May_31_02:36: saving #<Player:0x000000034860b8> to database.
 INFO LOG: May_31_02:38: tick!!!
 INFO LOG: May_31_02:38: saving #<Player:0x000000034860b8> to database.
 INFO LOG: May_31_02:40: tick!!!
 INFO LOG: May_31_02:40: saving #<Player:0x000000034860b8> to database.
 INFO LOG: May_31_02:42: tick!!!
 INFO LOG: May_31_02:42: saving #<Player:0x000000034860b8> to database.
 INFO LOG: May_31_02:44: tick!!!
 INFO LOG: May_31_02:44: saving #<Player:0x000000034860b8> to database.
 INFO LOG: May_31_02:46: tick!!!
 INFO LOG: May_31_02:46: saving #<Player:0x000000034860b8> to database.
 INFO LOG: May_31_02:48: tick!!!
 INFO LOG: May_31_02:48: saving #<Player:0x000000034860b8> to database.
 INFO LOG: May_31_02:50: tick!!!
 INFO LOG: May_31_02:50: saving #<Player:0x000000034860b8> to database.
 INFO LOG: May_31_02:52: tick!!!
 INFO LOG: May_31_02:52: saving #<Player:0x000000034860b8> to database.
 INFO LOG: May_31_02:54: tick!!!
 INFO LOG: May_31_02:54: saving #<Player:0x000000034860b8> to database.
 INFO LOG: May_31_02:56: tick!!!
 INFO LOG: May_31_02:56: saving #<Player:0x000000034860b8> to database.
 INFO LOG: May_31_02:58: tick!!!
 INFO LOG: May_31_02:58: saving #<Player:0x000000034860b8> to database.
 INFO LOG: May_31_03:00: tick!!!
 INFO LOG: May_31_03:00: saving #<Player:0x000000034860b8> to database.
 INFO LOG: May_31_03:02: tick!!!
 INFO LOG: May_31_03:02: saving #<Player:0x000000034860b8> to database.
 INFO LOG: May_31_03:04: tick!!!
 INFO LOG: May_31_03:04: saving #<Player:0x000000034860b8> to database.
 INFO LOG: May_31_03:06: tick!!!
 INFO LOG: May_31_03:06: saving #<Player:0x000000034860b8> to database.
 INFO LOG: May_31_03:08: tick!!!
 INFO LOG: May_31_03:08: saving #<Player:0x000000034860b8> to database.
 INFO LOG: May_31_03:10: tick!!!
 INFO LOG: May_31_03:10: saving #<Player:0x000000034860b8> to database.
 INFO LOG: May_31_03:12: tick!!!
 INFO LOG: May_31_03:12: saving #<Player:0x000000034860b8> to database.
 INFO LOG: May_31_03:14: tick!!!
 INFO LOG: May_31_03:14: saving #<Player:0x000000034860b8> to database.
 INFO LOG: May_31_03:16: tick!!!
 INFO LOG: May_31_03:16: saving #<Player:0x000000034860b8> to database.
 INFO LOG: May_31_03:18: tick!!!
 INFO LOG: May_31_03:18: saving #<Player:0x000000034860b8> to database.
 INFO LOG: May_31_03:20: tick!!!
 INFO LOG: May_31_03:20: saving #<Player:0x000000034860b8> to database.
 INFO LOG: May_31_03:22: tick!!!
 INFO LOG: May_31_03:22: saving #<Player:0x000000034860b8> to database.
 INFO LOG: May_31_03:24: tick!!!
 INFO LOG: May_31_03:24: saving #<Player:0x000000034860b8> to database.
 INFO LOG: May_31_03:26: tick!!!
 INFO LOG: May_31_03:26: saving #<Player:0x000000034860b8> to database.
 INFO LOG: May_31_03:28: tick!!!
 INFO LOG: May_31_03:28: saving #<Player:0x000000034860b8> to database.
 INFO LOG: May_31_03:30: tick!!!
 INFO LOG: May_31_03:30: saving #<Player:0x000000034860b8> to database.
 INFO LOG: May_31_03:32: tick!!!
 INFO LOG: May_31_03:32: saving #<Player:0x000000034860b8> to database.
 INFO LOG: May_31_03:34: tick!!!
 INFO LOG: May_31_03:34: saving #<Player:0x000000034860b8> to database.
 INFO LOG: May_31_03:36: tick!!!
 INFO LOG: May_31_03:36: saving #<Player:0x000000034860b8> to database.
 INFO LOG: May_31_03:38: tick!!!
 INFO LOG: May_31_03:38: saving #<Player:0x000000034860b8> to database.
 INFO LOG: May_31_03:40: tick!!!
 INFO LOG: May_31_03:40: saving #<Player:0x000000034860b8> to database.
 INFO LOG: May_31_03:42: tick!!!
 INFO LOG: May_31_03:42: saving #<Player:0x000000034860b8> to database.
 INFO LOG: May_31_03:44: tick!!!
 INFO LOG: May_31_03:44: saving #<Player:0x000000034860b8> to database.
 INFO LOG: May_31_03:46: tick!!!
 INFO LOG: May_31_03:46: saving #<Player:0x000000034860b8> to database.
 INFO LOG: May_31_03:48: tick!!!
 INFO LOG: May_31_03:48: saving #<Player:0x000000034860b8> to database.
 INFO LOG: May_31_03:50: tick!!!
 INFO LOG: May_31_03:50: saving #<Player:0x000000034860b8> to database.
 INFO LOG: May_31_03:52: tick!!!
 INFO LOG: May_31_03:52: saving #<Player:0x000000034860b8> to database.
 INFO LOG: May_31_03:54: tick!!!
 INFO LOG: May_31_03:54: saving #<Player:0x000000034860b8> to database.
 INFO LOG: May_31_03:56: tick!!!
 INFO LOG: May_31_03:56: saving #<Player:0x000000034860b8> to database.
 INFO LOG: May_31_03:58: tick!!!
 INFO LOG: May_31_03:58: saving #<Player:0x000000034860b8> to database.
 INFO LOG: May_31_04:00: -- #<Player:0x000000034860b8>:76.202.141.206:53810 disconnected from CoralMUD!
 INFO LOG: May_31_04:00: Program closed.
 INFO LOG: May_31_04:00: Logging enabled.   Loading logs.rb.
 INFO LOG: May_31_04:00: Loading spellcheck.rb
 INFO LOG: May_31_04:00: Loading facade.rb
 INFO LOG: May_31_04:00: Loading query_list.rb
 INFO LOG: May_31_04:00: Loading utils.rb
 INFO LOG: May_31_04:00: Loading constants.rb
 INFO LOG: May_31_04:00: Loading damage.rb
 INFO LOG: May_31_04:00: Loading class_property.rb
 INFO LOG: May_31_04:00: Loading scripts.rb
 INFO LOG: May_31_04:00: Loading tags.rb
 INFO LOG: May_31_04:00: Loading editor/editors.rb
 INFO LOG: May_31_04:00: Loading editor/editor.strings.rb
 INFO LOG: May_31_04:00: Loading editor/editor.rooms.rb
 INFO LOG: May_31_04:00: Loading editor/editor.exits.rb
 INFO LOG: May_31_04:00: Loading editor/editor.zones.rb
 INFO LOG: May_31_04:00: Loading editor/editor.npc.rb
 INFO LOG: May_31_04:00: Loading editor/editor.items.rb
 INFO LOG: May_31_04:00: Loading editor/editor.socials.rb
 INFO LOG: May_31_04:00: Loading socials.rb
 INFO LOG: May_31_04:00: Loading mxp.rb
 INFO LOG: May_31_04:00: Loading mccp.rb
 INFO LOG: May_31_04:00: Loading flags.rb
 INFO LOG: May_31_04:00: Loading areas.rb
 INFO LOG: May_31_04:00: Loading security.rb
 INFO LOG: May_31_04:00: Loading resets.rb
 INFO LOG: May_31_04:00: Loading event.rb
 INFO LOG: May_31_04:00: Loading automap/automap.rb
 INFO LOG: May_31_04:00: Loading cities.rb
 INFO LOG: May_31_04:00: Loading sector definitions.
 INFO LOG: May_31_04:00: Loading help.rb
 INFO LOG: May_31_04:00: Loading imcruby.rb
 INFO LOG: May_31_04:00: Loading player.rb
 INFO LOG: May_31_04:00: Loading commands.rb
 INFO LOG: May_31_04:00: Loading editor/editor.player.rb
 INFO LOG: May_31_04:00: Loading random.rb
 INFO LOG: May_31_04:00: Loading npc.rb
 INFO LOG: May_31_04:00: Loading items/types.rb
 INFO LOG: May_31_04:00: Loading items/items.rb
 INFO LOG: May_31_04:00: Loading spells.rb
 INFO LOG: May_31_04:00: Loading all zones.
 INFO LOG: May_31_04:00: Loading all socials.
 INFO LOG: May_31_04:00: Upgrading database
 INFO LOG: May_31_04:01: Logging enabled.   Loading logs.rb.
 INFO LOG: May_31_04:01: Loading spellcheck.rb
 INFO LOG: May_31_04:01: Loading facade.rb
 INFO LOG: May_31_04:01: Loading query_list.rb
 INFO LOG: May_31_04:01: Loading utils.rb
 INFO LOG: May_31_04:01: Loading constants.rb
 INFO LOG: May_31_04:01: Loading damage.rb
 INFO LOG: May_31_04:01: Loading class_property.rb
 INFO LOG: May_31_04:01: Loading scripts.rb
 INFO LOG: May_31_04:01: Loading tags.rb
 INFO LOG: May_31_04:01: Loading editor/editors.rb
 INFO LOG: May_31_04:01: Loading editor/editor.strings.rb
 INFO LOG: May_31_04:01: Loading editor/editor.rooms.rb
 INFO LOG: May_31_04:01: Loading editor/editor.exits.rb
 INFO LOG: May_31_04:01: Loading editor/editor.zones.rb
 INFO LOG: May_31_04:01: Loading editor/editor.npc.rb
 INFO LOG: May_31_04:01: Loading editor/editor.items.rb
 INFO LOG: May_31_04:01: Loading editor/editor.socials.rb
 INFO LOG: May_31_04:01: Loading socials.rb
 INFO LOG: May_31_04:01: Loading mxp.rb
 INFO LOG: May_31_04:01: Loading mccp.rb
 INFO LOG: May_31_04:01: Loading flags.rb
 INFO LOG: May_31_04:01: Loading areas.rb
 INFO LOG: May_31_04:01: Loading security.rb
 INFO LOG: May_31_04:01: Loading resets.rb
 INFO LOG: May_31_04:01: Loading event.rb
 INFO LOG: May_31_04:01: Loading automap/automap.rb
 INFO LOG: May_31_04:01: Loading cities.rb
 INFO LOG: May_31_04:01: Loading sector definitions.
 INFO LOG: May_31_04:01: Loading help.rb
 INFO LOG: May_31_04:01: Loading imcruby.rb
 INFO LOG: May_31_04:01: Loading player.rb
 INFO LOG: May_31_04:01: Loading commands.rb
 INFO LOG: May_31_04:01: Loading editor/editor.player.rb
 INFO LOG: May_31_04:01: Loading random.rb
 INFO LOG: May_31_04:01: Loading npc.rb
 INFO LOG: May_31_04:01: Loading items/types.rb
 INFO LOG: May_31_04:01: Loading items/items.rb
 INFO LOG: May_31_04:01: Loading spells.rb
 INFO LOG: May_31_04:01: Loading all zones.
 INFO LOG: May_31_04:01: Loading all socials.
 INFO LOG: May_31_04:01: Upgrading database
 INFO LOG: May_31_04:01: Starting server.
 INFO LOG: May_31_04:01: CoralMUD is now up on port 4000.
 INFO LOG: May_31_04:01: -- 76.202.141.206:38390 connected to CoralMUD!
 INFO LOG: May_31_04:01: -- 76.202.141.206:38390: Retnur is trying to connect.
 INFO LOG: May_31_04:01: -- 76.202.141.206:38390: Retnur player file found.
 INFO LOG: May_31_04:01: -- Retnur has entered the game.
 INFO LOG: May_31_04:01: saving #<Player:0x0000000277d7b8> to database.
 INFO LOG: May_31_04:03: tick!!!
 INFO LOG: May_31_04:03: saving #<Player:0x0000000277d7b8> to database.
 INFO LOG: May_31_04:05: tick!!!
 INFO LOG: May_31_04:05: saving #<Player:0x0000000277d7b8> to database.
 INFO LOG: May_31_04:07: tick!!!
 INFO LOG: May_31_04:07: saving #<Player:0x0000000277d7b8> to database.
 INFO LOG: May_31_04:09: tick!!!
 INFO LOG: May_31_04:09: saving #<Player:0x0000000277d7b8> to database.
 INFO LOG: May_31_04:11: tick!!!
 INFO LOG: May_31_04:11: saving #<Player:0x0000000277d7b8> to database.
 INFO LOG: May_31_04:13: tick!!!
 INFO LOG: May_31_04:13: saving #<Player:0x0000000277d7b8> to database.
 INFO LOG: May_31_04:15: tick!!!
 INFO LOG: May_31_04:15: saving #<Player:0x0000000277d7b8> to database.
 INFO LOG: May_31_04:17: tick!!!
 INFO LOG: May_31_04:17: saving #<Player:0x0000000277d7b8> to database.
 INFO LOG: May_31_04:19: tick!!!
 INFO LOG: May_31_04:19: saving #<Player:0x0000000277d7b8> to database.
 INFO LOG: May_31_04:21: tick!!!
 INFO LOG: May_31_04:21: saving #<Player:0x0000000277d7b8> to database.
 INFO LOG: May_31_04:23: tick!!!
 INFO LOG: May_31_04:23: saving #<Player:0x0000000277d7b8> to database.
 INFO LOG: May_31_04:25: tick!!!
 INFO LOG: May_31_04:25: saving #<Player:0x0000000277d7b8> to database.
 INFO LOG: May_31_04:27: tick!!!
 INFO LOG: May_31_04:27: saving #<Player:0x0000000277d7b8> to database.
 INFO LOG: May_31_04:29: tick!!!
 INFO LOG: May_31_04:29: saving #<Player:0x0000000277d7b8> to database.
 INFO LOG: May_31_04:31: tick!!!
 INFO LOG: May_31_04:31: saving #<Player:0x0000000277d7b8> to database.
 INFO LOG: May_31_04:33: tick!!!
 INFO LOG: May_31_04:33: saving #<Player:0x0000000277d7b8> to database.
 INFO LOG: May_31_04:35: tick!!!
 INFO LOG: May_31_04:35: saving #<Player:0x0000000277d7b8> to database.
 INFO LOG: May_31_04:37: tick!!!
 INFO LOG: May_31_04:37: saving #<Player:0x0000000277d7b8> to database.
 INFO LOG: May_31_04:39: tick!!!
 INFO LOG: May_31_04:39: saving #<Player:0x0000000277d7b8> to database.
 INFO LOG: May_31_04:41: tick!!!
 INFO LOG: May_31_04:41: saving #<Player:0x0000000277d7b8> to database.
 INFO LOG: May_31_04:43: tick!!!
 INFO LOG: May_31_04:43: saving #<Player:0x0000000277d7b8> to database.
 INFO LOG: May_31_04:45: tick!!!
 INFO LOG: May_31_04:45: saving #<Player:0x0000000277d7b8> to database.
 INFO LOG: May_31_04:47: tick!!!
 INFO LOG: May_31_04:47: saving #<Player:0x0000000277d7b8> to database.
 INFO LOG: May_31_04:49: tick!!!
 INFO LOG: May_31_04:49: saving #<Player:0x0000000277d7b8> to database.
 INFO LOG: May_31_04:51: tick!!!
 INFO LOG: May_31_04:51: saving #<Player:0x0000000277d7b8> to database.
 INFO LOG: May_31_04:53: tick!!!
 INFO LOG: May_31_04:53: saving #<Player:0x0000000277d7b8> to database.
 INFO LOG: May_31_04:55: tick!!!
 INFO LOG: May_31_04:55: saving #<Player:0x0000000277d7b8> to database.
 INFO LOG: May_31_04:57: tick!!!
 INFO LOG: May_31_04:57: saving #<Player:0x0000000277d7b8> to database.
 INFO LOG: May_31_04:59: tick!!!
 INFO LOG: May_31_04:59: saving #<Player:0x0000000277d7b8> to database.
 INFO LOG: May_31_05:01: tick!!!
 INFO LOG: May_31_05:01: saving #<Player:0x0000000277d7b8> to database.
 INFO LOG: May_31_05:03: tick!!!
 INFO LOG: May_31_05:03: saving #<Player:0x0000000277d7b8> to database.
 INFO LOG: May_31_05:05: tick!!!
 INFO LOG: May_31_05:05: saving #<Player:0x0000000277d7b8> to database.
 INFO LOG: May_31_05:07: tick!!!
 INFO LOG: May_31_05:07: saving #<Player:0x0000000277d7b8> to database.
 INFO LOG: May_31_05:09: tick!!!
 INFO LOG: May_31_05:09: saving #<Player:0x0000000277d7b8> to database.
 INFO LOG: May_31_05:11: tick!!!
 INFO LOG: May_31_05:11: saving #<Player:0x0000000277d7b8> to database.
 INFO LOG: May_31_05:13: tick!!!
 INFO LOG: May_31_05:13: saving #<Player:0x0000000277d7b8> to database.
 INFO LOG: May_31_05:15: tick!!!
 INFO LOG: May_31_05:15: saving #<Player:0x0000000277d7b8> to database.
 INFO LOG: May_31_05:17: tick!!!
 INFO LOG: May_31_05:17: saving #<Player:0x0000000277d7b8> to database.
 INFO LOG: May_31_05:19: tick!!!
 INFO LOG: May_31_05:19: saving #<Player:0x0000000277d7b8> to database.
 INFO LOG: May_31_05:21: tick!!!
 INFO LOG: May_31_05:21: saving #<Player:0x0000000277d7b8> to database.
 INFO LOG: May_31_05:23: tick!!!
 INFO LOG: May_31_05:23: saving #<Player:0x0000000277d7b8> to database.
 INFO LOG: May_31_05:25: tick!!!
 INFO LOG: May_31_05:25: saving #<Player:0x0000000277d7b8> to database.
 INFO LOG: May_31_05:27: tick!!!
 INFO LOG: May_31_05:27: saving #<Player:0x0000000277d7b8> to database.
 INFO LOG: May_31_05:29: tick!!!
 INFO LOG: May_31_05:29: saving #<Player:0x0000000277d7b8> to database.
 INFO LOG: May_31_05:31: tick!!!
 INFO LOG: May_31_05:31: saving #<Player:0x0000000277d7b8> to database.
 INFO LOG: May_31_05:33: tick!!!
 INFO LOG: May_31_05:33: saving #<Player:0x0000000277d7b8> to database.
 INFO LOG: May_31_05:35: tick!!!
 INFO LOG: May_31_05:35: saving #<Player:0x0000000277d7b8> to database.
 INFO LOG: May_31_05:37: tick!!!
 INFO LOG: May_31_05:37: saving #<Player:0x0000000277d7b8> to database.
 INFO LOG: May_31_05:39: tick!!!
 INFO LOG: May_31_05:39: saving #<Player:0x0000000277d7b8> to database.
 INFO LOG: May_31_05:41: tick!!!
 INFO LOG: May_31_05:41: saving #<Player:0x0000000277d7b8> to database.
 INFO LOG: May_31_05:43: tick!!!
 INFO LOG: May_31_05:43: saving #<Player:0x0000000277d7b8> to database.
 INFO LOG: May_31_05:45: tick!!!
 INFO LOG: May_31_05:45: saving #<Player:0x0000000277d7b8> to database.
 INFO LOG: May_31_05:47: tick!!!
 INFO LOG: May_31_05:47: saving #<Player:0x0000000277d7b8> to database.
 INFO LOG: May_31_05:49: tick!!!
 INFO LOG: May_31_05:49: saving #<Player:0x0000000277d7b8> to database.
 INFO LOG: May_31_05:51: tick!!!
 INFO LOG: May_31_05:51: saving #<Player:0x0000000277d7b8> to database.
 INFO LOG: May_31_05:53: tick!!!
 INFO LOG: May_31_05:53: saving #<Player:0x0000000277d7b8> to database.
 INFO LOG: May_31_05:55: tick!!!
 INFO LOG: May_31_05:55: saving #<Player:0x0000000277d7b8> to database.
 INFO LOG: May_31_05:57: tick!!!
 INFO LOG: May_31_05:57: saving #<Player:0x0000000277d7b8> to database.
 INFO LOG: May_31_05:59: tick!!!
 INFO LOG: May_31_05:59: saving #<Player:0x0000000277d7b8> to database.
 INFO LOG: May_31_06:01: tick!!!
 INFO LOG: May_31_06:01: saving #<Player:0x0000000277d7b8> to database.
 INFO LOG: May_31_06:03: tick!!!
 INFO LOG: May_31_06:03: saving #<Player:0x0000000277d7b8> to database.
 INFO LOG: May_31_06:05: tick!!!
 INFO LOG: May_31_06:05: saving #<Player:0x0000000277d7b8> to database.
 INFO LOG: May_31_06:07: tick!!!
 INFO LOG: May_31_06:07: saving #<Player:0x0000000277d7b8> to database.
 INFO LOG: May_31_06:09: tick!!!
 INFO LOG: May_31_06:09: saving #<Player:0x0000000277d7b8> to database.
 INFO LOG: May_31_06:11: tick!!!
 INFO LOG: May_31_06:11: saving #<Player:0x0000000277d7b8> to database.
 INFO LOG: May_31_06:13: tick!!!
 INFO LOG: May_31_06:13: saving #<Player:0x0000000277d7b8> to database.
 INFO LOG: May_31_06:15: tick!!!
 INFO LOG: May_31_06:15: saving #<Player:0x0000000277d7b8> to database.
 INFO LOG: May_31_06:17: tick!!!
 INFO LOG: May_31_06:17: saving #<Player:0x0000000277d7b8> to database.
 INFO LOG: May_31_06:19: tick!!!
 INFO LOG: May_31_06:19: saving #<Player:0x0000000277d7b8> to database.
 INFO LOG: May_31_06:21: tick!!!
 INFO LOG: May_31_06:21: saving #<Player:0x0000000277d7b8> to database.
 INFO LOG: May_31_06:23: tick!!!
 INFO LOG: May_31_06:23: saving #<Player:0x0000000277d7b8> to database.
 INFO LOG: May_31_06:25: tick!!!
 INFO LOG: May_31_06:25: saving #<Player:0x0000000277d7b8> to database.
 INFO LOG: May_31_06:27: tick!!!
 INFO LOG: May_31_06:27: saving #<Player:0x0000000277d7b8> to database.
 INFO LOG: May_31_06:29: tick!!!
 INFO LOG: May_31_06:29: saving #<Player:0x0000000277d7b8> to database.
 INFO LOG: May_31_06:31: tick!!!
 INFO LOG: May_31_06:31: saving #<Player:0x0000000277d7b8> to database.
 INFO LOG: May_31_06:33: tick!!!
 INFO LOG: May_31_06:33: saving #<Player:0x0000000277d7b8> to database.
 INFO LOG: May_31_06:35: tick!!!
 INFO LOG: May_31_06:35: saving #<Player:0x0000000277d7b8> to database.
 INFO LOG: May_31_06:37: tick!!!
 INFO LOG: May_31_06:37: saving #<Player:0x0000000277d7b8> to database.
 INFO LOG: May_31_06:39: tick!!!
 INFO LOG: May_31_06:39: saving #<Player:0x0000000277d7b8> to database.
 INFO LOG: May_31_06:41: tick!!!
 INFO LOG: May_31_06:41: saving #<Player:0x0000000277d7b8> to database.
 INFO LOG: May_31_06:43: tick!!!
 INFO LOG: May_31_06:43: saving #<Player:0x0000000277d7b8> to database.
 INFO LOG: May_31_06:45: tick!!!
 INFO LOG: May_31_06:45: saving #<Player:0x0000000277d7b8> to database.
 INFO LOG: May_31_06:47: tick!!!
 INFO LOG: May_31_06:47: saving #<Player:0x0000000277d7b8> to database.
 INFO LOG: May_31_06:49: tick!!!
 INFO LOG: May_31_06:49: saving #<Player:0x0000000277d7b8> to database.
 INFO LOG: May_31_06:51: tick!!!
 INFO LOG: May_31_06:51: saving #<Player:0x0000000277d7b8> to database.
 INFO LOG: May_31_06:53: tick!!!
 INFO LOG: May_31_06:53: saving #<Player:0x0000000277d7b8> to database.
 INFO LOG: May_31_06:55: tick!!!
 INFO LOG: May_31_06:55: saving #<Player:0x0000000277d7b8> to database.
 INFO LOG: May_31_06:57: tick!!!
 INFO LOG: May_31_06:57: saving #<Player:0x0000000277d7b8> to database.
 INFO LOG: May_31_06:59: tick!!!
 INFO LOG: May_31_06:59: saving #<Player:0x0000000277d7b8> to database.
 INFO LOG: May_31_07:01: tick!!!
 INFO LOG: May_31_07:01: saving #<Player:0x0000000277d7b8> to database.
 INFO LOG: May_31_07:03: tick!!!
 INFO LOG: May_31_07:03: saving #<Player:0x0000000277d7b8> to database.
 INFO LOG: May_31_07:05: tick!!!
 INFO LOG: May_31_07:05: saving #<Player:0x0000000277d7b8> to database.
 INFO LOG: May_31_07:07: tick!!!
 INFO LOG: May_31_07:07: saving #<Player:0x0000000277d7b8> to database.
 INFO LOG: May_31_07:09: tick!!!
 INFO LOG: May_31_07:09: saving #<Player:0x0000000277d7b8> to database.
 INFO LOG: May_31_07:11: tick!!!
 INFO LOG: May_31_07:11: saving #<Player:0x0000000277d7b8> to database.
 INFO LOG: May_31_07:13: tick!!!
 INFO LOG: May_31_07:13: saving #<Player:0x0000000277d7b8> to database.
 INFO LOG: May_31_07:15: tick!!!
 INFO LOG: May_31_07:15: saving #<Player:0x0000000277d7b8> to database.
 INFO LOG: May_31_07:17: tick!!!
 INFO LOG: May_31_07:17: saving #<Player:0x0000000277d7b8> to database.
 INFO LOG: May_31_07:19: tick!!!
 INFO LOG: May_31_07:19: saving #<Player:0x0000000277d7b8> to database.
 INFO LOG: May_31_07:21: tick!!!
 INFO LOG: May_31_07:21: saving #<Player:0x0000000277d7b8> to database.
 INFO LOG: May_31_07:23: tick!!!
 INFO LOG: May_31_07:23: saving #<Player:0x0000000277d7b8> to database.
 INFO LOG: May_31_07:25: tick!!!
 INFO LOG: May_31_07:25: saving #<Player:0x0000000277d7b8> to database.
 INFO LOG: May_31_07:27: tick!!!
 INFO LOG: May_31_07:27: saving #<Player:0x0000000277d7b8> to database.
 INFO LOG: May_31_07:29: tick!!!
 INFO LOG: May_31_07:29: saving #<Player:0x0000000277d7b8> to database.
 INFO LOG: May_31_07:31: tick!!!
 INFO LOG: May_31_07:31: saving #<Player:0x0000000277d7b8> to database.
 INFO LOG: May_31_07:33: tick!!!
 INFO LOG: May_31_07:33: saving #<Player:0x0000000277d7b8> to database.
 INFO LOG: May_31_07:35: tick!!!
 INFO LOG: May_31_07:35: saving #<Player:0x0000000277d7b8> to database.
 INFO LOG: May_31_07:37: tick!!!
 INFO LOG: May_31_07:37: saving #<Player:0x0000000277d7b8> to database.
 INFO LOG: May_31_07:39: tick!!!
 INFO LOG: May_31_07:39: saving #<Player:0x0000000277d7b8> to database.
 INFO LOG: May_31_07:41: tick!!!
 INFO LOG: May_31_07:41: saving #<Player:0x0000000277d7b8> to database.
 INFO LOG: May_31_07:43: tick!!!
 INFO LOG: May_31_07:43: saving #<Player:0x0000000277d7b8> to database.
 INFO LOG: May_31_07:45: tick!!!
 INFO LOG: May_31_07:45: saving #<Player:0x0000000277d7b8> to database.
 INFO LOG: May_31_07:47: tick!!!
 INFO LOG: May_31_07:47: saving #<Player:0x0000000277d7b8> to database.
 INFO LOG: May_31_07:49: tick!!!
 INFO LOG: May_31_07:49: saving #<Player:0x0000000277d7b8> to database.
 INFO LOG: May_31_07:51: tick!!!
 INFO LOG: May_31_07:51: saving #<Player:0x0000000277d7b8> to database.
 INFO LOG: May_31_07:53: tick!!!
 INFO LOG: May_31_07:53: saving #<Player:0x0000000277d7b8> to database.
 INFO LOG: May_31_07:55: tick!!!
 INFO LOG: May_31_07:55: saving #<Player:0x0000000277d7b8> to database.
 INFO LOG: May_31_07:57: tick!!!
 INFO LOG: May_31_07:57: saving #<Player:0x0000000277d7b8> to database.
 INFO LOG: May_31_07:59: tick!!!
 INFO LOG: May_31_07:59: saving #<Player:0x0000000277d7b8> to database.
 INFO LOG: May_31_08:01: tick!!!
 INFO LOG: May_31_08:01: saving #<Player:0x0000000277d7b8> to database.
 INFO LOG: May_31_08:03: tick!!!
 INFO LOG: May_31_08:03: saving #<Player:0x0000000277d7b8> to database.
 INFO LOG: May_31_08:05: tick!!!
 INFO LOG: May_31_08:05: saving #<Player:0x0000000277d7b8> to database.
 INFO LOG: May_31_08:07: tick!!!
 INFO LOG: May_31_08:07: saving #<Player:0x0000000277d7b8> to database.
 INFO LOG: May_31_08:09: tick!!!
 INFO LOG: May_31_08:09: saving #<Player:0x0000000277d7b8> to database.
 INFO LOG: May_31_08:11: tick!!!
 INFO LOG: May_31_08:11: saving #<Player:0x0000000277d7b8> to database.
 INFO LOG: May_31_08:13: tick!!!
 INFO LOG: May_31_08:13: saving #<Player:0x0000000277d7b8> to database.
 INFO LOG: May_31_08:15: tick!!!
 INFO LOG: May_31_08:15: saving #<Player:0x0000000277d7b8> to database.
 INFO LOG: May_31_08:17: tick!!!
 INFO LOG: May_31_08:17: saving #<Player:0x0000000277d7b8> to database.
 INFO LOG: May_31_08:19: tick!!!
 INFO LOG: May_31_08:19: saving #<Player:0x0000000277d7b8> to database.
 INFO LOG: May_31_08:21: tick!!!
 INFO LOG: May_31_08:21: saving #<Player:0x0000000277d7b8> to database.
 INFO LOG: May_31_08:23: tick!!!
 INFO LOG: May_31_08:23: saving #<Player:0x0000000277d7b8> to database.
 INFO LOG: May_31_08:25: tick!!!
 INFO LOG: May_31_08:25: saving #<Player:0x0000000277d7b8> to database.
 INFO LOG: May_31_08:27: tick!!!
 INFO LOG: May_31_08:27: saving #<Player:0x0000000277d7b8> to database.
 INFO LOG: May_31_08:29: tick!!!
 INFO LOG: May_31_08:29: saving #<Player:0x0000000277d7b8> to database.
 INFO LOG: May_31_08:31: tick!!!
 INFO LOG: May_31_08:31: saving #<Player:0x0000000277d7b8> to database.
 INFO LOG: May_31_08:33: tick!!!
 INFO LOG: May_31_08:33: saving #<Player:0x0000000277d7b8> to database.
 INFO LOG: May_31_08:35: tick!!!
 INFO LOG: May_31_08:35: saving #<Player:0x0000000277d7b8> to database.
 INFO LOG: May_31_08:37: tick!!!
 INFO LOG: May_31_08:37: saving #<Player:0x0000000277d7b8> to database.
 INFO LOG: May_31_08:39: tick!!!
 INFO LOG: May_31_08:39: saving #<Player:0x0000000277d7b8> to database.
 INFO LOG: May_31_08:41: tick!!!
 INFO LOG: May_31_08:41: saving #<Player:0x0000000277d7b8> to database.
 INFO LOG: May_31_08:43: tick!!!
 INFO LOG: May_31_08:43: saving #<Player:0x0000000277d7b8> to database.
 INFO LOG: May_31_08:45: tick!!!
 INFO LOG: May_31_08:45: saving #<Player:0x0000000277d7b8> to database.
 INFO LOG: May_31_08:47: tick!!!
 INFO LOG: May_31_08:47: saving #<Player:0x0000000277d7b8> to database.
 INFO LOG: May_31_08:49: tick!!!
 INFO LOG: May_31_08:49: saving #<Player:0x0000000277d7b8> to database.
 INFO LOG: May_31_08:51: tick!!!
 INFO LOG: May_31_08:51: saving #<Player:0x0000000277d7b8> to database.
 INFO LOG: May_31_08:53: tick!!!
 INFO LOG: May_31_08:53: saving #<Player:0x0000000277d7b8> to database.
 INFO LOG: May_31_08:55: tick!!!
 INFO LOG: May_31_08:55: saving #<Player:0x0000000277d7b8> to database.
 INFO LOG: May_31_08:57: tick!!!
 INFO LOG: May_31_08:57: saving #<Player:0x0000000277d7b8> to database.
 INFO LOG: May_31_08:59: tick!!!
 INFO LOG: May_31_08:59: saving #<Player:0x0000000277d7b8> to database.
 INFO LOG: May_31_09:01: tick!!!
 INFO LOG: May_31_09:01: saving #<Player:0x0000000277d7b8> to database.
 INFO LOG: May_31_09:03: tick!!!
 INFO LOG: May_31_09:03: saving #<Player:0x0000000277d7b8> to database.
 INFO LOG: May_31_09:05: tick!!!
 INFO LOG: May_31_09:05: saving #<Player:0x0000000277d7b8> to database.
 INFO LOG: May_31_09:07: tick!!!
 INFO LOG: May_31_09:07: saving #<Player:0x0000000277d7b8> to database.
 INFO LOG: May_31_09:09: tick!!!
 INFO LOG: May_31_09:09: saving #<Player:0x0000000277d7b8> to database.
 INFO LOG: May_31_09:11: tick!!!
 INFO LOG: May_31_09:11: saving #<Player:0x0000000277d7b8> to database.
 INFO LOG: May_31_09:13: tick!!!
 INFO LOG: May_31_09:13: saving #<Player:0x0000000277d7b8> to database.
 INFO LOG: May_31_09:15: tick!!!
 INFO LOG: May_31_09:15: saving #<Player:0x0000000277d7b8> to database.
 INFO LOG: May_31_09:17: tick!!!
 INFO LOG: May_31_09:17: saving #<Player:0x0000000277d7b8> to database.
 INFO LOG: May_31_09:19: tick!!!
 INFO LOG: May_31_09:19: saving #<Player:0x0000000277d7b8> to database.
 INFO LOG: May_31_09:21: tick!!!
 INFO LOG: May_31_09:21: saving #<Player:0x0000000277d7b8> to database.
 INFO LOG: May_31_09:23: tick!!!
 INFO LOG: May_31_09:23: saving #<Player:0x0000000277d7b8> to database.
 INFO LOG: May_31_09:25: tick!!!
 INFO LOG: May_31_09:25: saving #<Player:0x0000000277d7b8> to database.
 INFO LOG: May_31_09:27: tick!!!
 INFO LOG: May_31_09:27: saving #<Player:0x0000000277d7b8> to database.
 INFO LOG: May_31_09:29: tick!!!
 INFO LOG: May_31_09:29: saving #<Player:0x0000000277d7b8> to database.
 INFO LOG: May_31_09:31: tick!!!
 INFO LOG: May_31_09:31: saving #<Player:0x0000000277d7b8> to database.
 INFO LOG: May_31_09:33: tick!!!
 INFO LOG: May_31_09:33: saving #<Player:0x0000000277d7b8> to database.
 INFO LOG: May_31_09:35: tick!!!
 INFO LOG: May_31_09:35: saving #<Player:0x0000000277d7b8> to database.
 INFO LOG: May_31_09:37: tick!!!
 INFO LOG: May_31_09:37: saving #<Player:0x0000000277d7b8> to database.
 INFO LOG: May_31_09:39: tick!!!
 INFO LOG: May_31_09:39: saving #<Player:0x0000000277d7b8> to database.
 INFO LOG: May_31_09:41: tick!!!
 INFO LOG: May_31_09:41: saving #<Player:0x0000000277d7b8> to database.
 INFO LOG: May_31_09:43: tick!!!
 INFO LOG: May_31_09:43: saving #<Player:0x0000000277d7b8> to database.
 INFO LOG: May_31_09:45: tick!!!
 INFO LOG: May_31_09:45: saving #<Player:0x0000000277d7b8> to database.
 INFO LOG: May_31_09:47: tick!!!
 INFO LOG: May_31_09:47: saving #<Player:0x0000000277d7b8> to database.
 INFO LOG: May_31_09:49: tick!!!
 INFO LOG: May_31_09:49: saving #<Player:0x0000000277d7b8> to database.
 INFO LOG: May_31_09:51: tick!!!
 INFO LOG: May_31_09:51: saving #<Player:0x0000000277d7b8> to database.
 INFO LOG: May_31_09:53: tick!!!
 INFO LOG: May_31_09:53: saving #<Player:0x0000000277d7b8> to database.
 INFO LOG: May_31_09:55: tick!!!
 INFO LOG: May_31_09:55: saving #<Player:0x0000000277d7b8> to database.
 INFO LOG: May_31_09:57: tick!!!
 INFO LOG: May_31_09:57: saving #<Player:0x0000000277d7b8> to database.
 INFO LOG: May_31_09:59: tick!!!
 INFO LOG: May_31_09:59: saving #<Player:0x0000000277d7b8> to database.
 INFO LOG: May_31_10:01: tick!!!
 INFO LOG: May_31_10:01: saving #<Player:0x0000000277d7b8> to database.
 INFO LOG: May_31_10:03: tick!!!
 INFO LOG: May_31_10:03: saving #<Player:0x0000000277d7b8> to database.
 INFO LOG: May_31_10:05: tick!!!
 INFO LOG: May_31_10:05: saving #<Player:0x0000000277d7b8> to database.
 INFO LOG: May_31_10:07: tick!!!
 INFO LOG: May_31_10:07: saving #<Player:0x0000000277d7b8> to database.
 INFO LOG: May_31_10:09: tick!!!
 INFO LOG: May_31_10:09: saving #<Player:0x0000000277d7b8> to database.
 INFO LOG: May_31_10:11: tick!!!
 INFO LOG: May_31_10:11: saving #<Player:0x0000000277d7b8> to database.
 INFO LOG: May_31_10:13: tick!!!
 INFO LOG: May_31_10:13: saving #<Player:0x0000000277d7b8> to database.
 INFO LOG: May_31_10:15: tick!!!
 INFO LOG: May_31_10:15: saving #<Player:0x0000000277d7b8> to database.
 INFO LOG: May_31_10:17: tick!!!
 INFO LOG: May_31_10:17: saving #<Player:0x0000000277d7b8> to database.
 INFO LOG: May_31_10:19: tick!!!
 INFO LOG: May_31_10:19: saving #<Player:0x0000000277d7b8> to database.
 INFO LOG: May_31_10:21: tick!!!
 INFO LOG: May_31_10:21: saving #<Player:0x0000000277d7b8> to database.
 INFO LOG: May_31_10:23: tick!!!
 INFO LOG: May_31_10:23: saving #<Player:0x0000000277d7b8> to database.
 INFO LOG: May_31_10:25: tick!!!
 INFO LOG: May_31_10:25: saving #<Player:0x0000000277d7b8> to database.
 INFO LOG: May_31_10:27: tick!!!
 INFO LOG: May_31_10:27: saving #<Player:0x0000000277d7b8> to database.
 INFO LOG: May_31_10:29: tick!!!
 INFO LOG: May_31_10:29: saving #<Player:0x0000000277d7b8> to database.
 INFO LOG: May_31_10:31: tick!!!
 INFO LOG: May_31_10:31: saving #<Player:0x0000000277d7b8> to database.
 INFO LOG: May_31_10:33: tick!!!
 INFO LOG: May_31_10:33: saving #<Player:0x0000000277d7b8> to database.
 INFO LOG: May_31_10:35: tick!!!
 INFO LOG: May_31_10:35: saving #<Player:0x0000000277d7b8> to database.
 INFO LOG: May_31_10:37: tick!!!
 INFO LOG: May_31_10:37: saving #<Player:0x0000000277d7b8> to database.
 INFO LOG: May_31_10:39: tick!!!
 INFO LOG: May_31_10:39: saving #<Player:0x0000000277d7b8> to database.
 INFO LOG: May_31_10:41: tick!!!
 INFO LOG: May_31_10:41: saving #<Player:0x0000000277d7b8> to database.
 INFO LOG: May_31_10:43: tick!!!
 INFO LOG: May_31_10:43: saving #<Player:0x0000000277d7b8> to database.
 INFO LOG: May_31_10:45: tick!!!
 INFO LOG: May_31_10:45: saving #<Player:0x0000000277d7b8> to database.
 INFO LOG: May_31_10:47: tick!!!
 INFO LOG: May_31_10:47: saving #<Player:0x0000000277d7b8> to database.
 INFO LOG: May_31_10:49: tick!!!
 INFO LOG: May_31_10:49: saving #<Player:0x0000000277d7b8> to database.
 INFO LOG: May_31_10:51: tick!!!
 INFO LOG: May_31_10:51: saving #<Player:0x0000000277d7b8> to database.
 INFO LOG: May_31_10:53: tick!!!
 INFO LOG: May_31_10:53: saving #<Player:0x0000000277d7b8> to database.
 INFO LOG: May_31_10:55: tick!!!
 INFO LOG: May_31_10:55: saving #<Player:0x0000000277d7b8> to database.
 INFO LOG: May_31_10:57: tick!!!
 INFO LOG: May_31_10:57: saving #<Player:0x0000000277d7b8> to database.
 INFO LOG: May_31_10:59: tick!!!
 INFO LOG: May_31_10:59: saving #<Player:0x0000000277d7b8> to database.
 INFO LOG: May_31_11:01: tick!!!
 INFO LOG: May_31_11:01: saving #<Player:0x0000000277d7b8> to database.
 INFO LOG: May_31_11:03: tick!!!
 INFO LOG: May_31_11:03: saving #<Player:0x0000000277d7b8> to database.
 INFO LOG: May_31_11:05: tick!!!
 INFO LOG: May_31_11:05: saving #<Player:0x0000000277d7b8> to database.
 INFO LOG: May_31_11:07: tick!!!
 INFO LOG: May_31_11:07: saving #<Player:0x0000000277d7b8> to database.
 INFO LOG: May_31_11:09: tick!!!
 INFO LOG: May_31_11:09: saving #<Player:0x0000000277d7b8> to database.
 INFO LOG: May_31_11:11: tick!!!
 INFO LOG: May_31_11:11: saving #<Player:0x0000000277d7b8> to database.
 INFO LOG: May_31_11:13: tick!!!
 INFO LOG: May_31_11:13: saving #<Player:0x0000000277d7b8> to database.
 INFO LOG: May_31_11:15: tick!!!
 INFO LOG: May_31_11:15: saving #<Player:0x0000000277d7b8> to database.
 INFO LOG: May_31_11:17: tick!!!
 INFO LOG: May_31_11:17: saving #<Player:0x0000000277d7b8> to database.
 INFO LOG: May_31_11:19: tick!!!
 INFO LOG: May_31_11:19: saving #<Player:0x0000000277d7b8> to database.
 INFO LOG: May_31_11:21: tick!!!
 INFO LOG: May_31_11:21: saving #<Player:0x0000000277d7b8> to database.
 INFO LOG: May_31_11:23: tick!!!
 INFO LOG: May_31_11:23: saving #<Player:0x0000000277d7b8> to database.
 INFO LOG: May_31_11:25: tick!!!
 INFO LOG: May_31_11:25: saving #<Player:0x0000000277d7b8> to database.
 INFO LOG: May_31_11:27: tick!!!
 INFO LOG: May_31_11:27: saving #<Player:0x0000000277d7b8> to database.
 INFO LOG: May_31_11:29: tick!!!
 INFO LOG: May_31_11:29: saving #<Player:0x0000000277d7b8> to database.
 INFO LOG: May_31_11:31: tick!!!
 INFO LOG: May_31_11:31: saving #<Player:0x0000000277d7b8> to database.
 INFO LOG: May_31_11:33: tick!!!
 INFO LOG: May_31_11:33: saving #<Player:0x0000000277d7b8> to database.
 INFO LOG: May_31_11:35: tick!!!
 INFO LOG: May_31_11:35: saving #<Player:0x0000000277d7b8> to database.
 INFO LOG: May_31_11:37: tick!!!
 INFO LOG: May_31_11:37: saving #<Player:0x0000000277d7b8> to database.
 INFO LOG: May_31_11:39: tick!!!
 INFO LOG: May_31_11:39: saving #<Player:0x0000000277d7b8> to database.
 INFO LOG: May_31_11:41: tick!!!
 INFO LOG: May_31_11:41: saving #<Player:0x0000000277d7b8> to database.
 INFO LOG: May_31_11:43: tick!!!
 INFO LOG: May_31_11:43: saving #<Player:0x0000000277d7b8> to database.
 INFO LOG: May_31_11:45: tick!!!
 INFO LOG: May_31_11:45: saving #<Player:0x0000000277d7b8> to database.
 INFO LOG: May_31_11:47: tick!!!
 INFO LOG: May_31_11:47: saving #<Player:0x0000000277d7b8> to database.
 INFO LOG: May_31_11:49: tick!!!
 INFO LOG: May_31_11:49: saving #<Player:0x0000000277d7b8> to database.
 INFO LOG: May_31_11:51: tick!!!
 INFO LOG: May_31_11:51: saving #<Player:0x0000000277d7b8> to database.
 INFO LOG: May_31_11:53: tick!!!
 INFO LOG: May_31_11:53: saving #<Player:0x0000000277d7b8> to database.
 INFO LOG: May_31_11:55: tick!!!
 INFO LOG: May_31_11:55: saving #<Player:0x0000000277d7b8> to database.
 INFO LOG: May_31_11:57: tick!!!
 INFO LOG: May_31_11:57: saving #<Player:0x0000000277d7b8> to database.
 INFO LOG: May_31_11:59: tick!!!
 INFO LOG: May_31_11:59: saving #<Player:0x0000000277d7b8> to database.
 INFO LOG: May_31_12:01: tick!!!
 INFO LOG: May_31_12:01: saving #<Player:0x0000000277d7b8> to database.
 INFO LOG: May_31_12:03: tick!!!
 INFO LOG: May_31_12:03: saving #<Player:0x0000000277d7b8> to database.
 INFO LOG: May_31_12:05: tick!!!
 INFO LOG: May_31_12:05: saving #<Player:0x0000000277d7b8> to database.
 INFO LOG: May_31_12:07: tick!!!
 INFO LOG: May_31_12:07: saving #<Player:0x0000000277d7b8> to database.
 INFO LOG: May_31_12:09: tick!!!
 INFO LOG: May_31_12:09: saving #<Player:0x0000000277d7b8> to database.
 INFO LOG: May_31_12:11: tick!!!
 INFO LOG: May_31_12:11: saving #<Player:0x0000000277d7b8> to database.
 INFO LOG: May_31_12:13: tick!!!
 INFO LOG: May_31_12:13: saving #<Player:0x0000000277d7b8> to database.
 INFO LOG: May_31_12:15: tick!!!
 INFO LOG: May_31_12:15: saving #<Player:0x0000000277d7b8> to database.
 INFO LOG: May_31_12:17: tick!!!
 INFO LOG: May_31_12:17: saving #<Player:0x0000000277d7b8> to database.
 INFO LOG: May_31_12:19: tick!!!
 INFO LOG: May_31_12:19: saving #<Player:0x0000000277d7b8> to database.
 INFO LOG: May_31_12:21: tick!!!
 INFO LOG: May_31_12:21: saving #<Player:0x0000000277d7b8> to database.
 INFO LOG: May_31_12:23: tick!!!
 INFO LOG: May_31_12:23: saving #<Player:0x0000000277d7b8> to database.
 INFO LOG: May_31_12:25: tick!!!
 INFO LOG: May_31_12:25: saving #<Player:0x0000000277d7b8> to database.
 INFO LOG: May_31_12:27: tick!!!
 INFO LOG: May_31_12:27: saving #<Player:0x0000000277d7b8> to database.
 INFO LOG: May_31_12:29: tick!!!
 INFO LOG: May_31_12:29: saving #<Player:0x0000000277d7b8> to database.
 INFO LOG: May_31_12:31: tick!!!
 INFO LOG: May_31_12:31: saving #<Player:0x0000000277d7b8> to database.
 INFO LOG: May_31_12:33: tick!!!
 INFO LOG: May_31_12:33: saving #<Player:0x0000000277d7b8> to database.
 INFO LOG: May_31_12:35: tick!!!
 INFO LOG: May_31_12:35: saving #<Player:0x0000000277d7b8> to database.
 INFO LOG: May_31_12:37: tick!!!
 INFO LOG: May_31_12:37: saving #<Player:0x0000000277d7b8> to database.
 INFO LOG: May_31_12:39: tick!!!
 INFO LOG: May_31_12:39: saving #<Player:0x0000000277d7b8> to database.
 INFO LOG: May_31_12:41: tick!!!
 INFO LOG: May_31_12:41: saving #<Player:0x0000000277d7b8> to database.
 INFO LOG: May_31_12:43: tick!!!
 INFO LOG: May_31_12:43: saving #<Player:0x0000000277d7b8> to database.
 INFO LOG: May_31_12:45: tick!!!
 INFO LOG: May_31_12:45: saving #<Player:0x0000000277d7b8> to database.
 INFO LOG: May_31_12:47: tick!!!
 INFO LOG: May_31_12:47: saving #<Player:0x0000000277d7b8> to database.
 INFO LOG: May_31_12:49: tick!!!
 INFO LOG: May_31_12:49: saving #<Player:0x0000000277d7b8> to database.
 INFO LOG: May_31_12:51: tick!!!
 INFO LOG: May_31_12:51: saving #<Player:0x0000000277d7b8> to database.
 INFO LOG: May_31_12:53: tick!!!
 INFO LOG: May_31_12:53: saving #<Player:0x0000000277d7b8> to database.
 INFO LOG: May_31_12:55: tick!!!
 INFO LOG: May_31_12:55: saving #<Player:0x0000000277d7b8> to database.
 INFO LOG: May_31_12:57: tick!!!
 INFO LOG: May_31_12:57: saving #<Player:0x0000000277d7b8> to database.
 INFO LOG: May_31_12:59: tick!!!
 INFO LOG: May_31_12:59: saving #<Player:0x0000000277d7b8> to database.
 INFO LOG: May_31_13:01: tick!!!
 INFO LOG: May_31_13:01: saving #<Player:0x0000000277d7b8> to database.
 INFO LOG: May_31_13:03: tick!!!
 INFO LOG: May_31_13:03: saving #<Player:0x0000000277d7b8> to database.
 INFO LOG: May_31_13:05: tick!!!
 INFO LOG: May_31_13:05: saving #<Player:0x0000000277d7b8> to database.
 INFO LOG: May_31_13:07: tick!!!
 INFO LOG: May_31_13:07: saving #<Player:0x0000000277d7b8> to database.
 INFO LOG: May_31_13:09: tick!!!
 INFO LOG: May_31_13:09: saving #<Player:0x0000000277d7b8> to database.
 INFO LOG: May_31_13:11: tick!!!
 INFO LOG: May_31_13:11: saving #<Player:0x0000000277d7b8> to database.
 INFO LOG: May_31_13:13: tick!!!
 INFO LOG: May_31_13:13: saving #<Player:0x0000000277d7b8> to database.
 INFO LOG: May_31_13:15: tick!!!
 INFO LOG: May_31_13:15: saving #<Player:0x0000000277d7b8> to database.
 INFO LOG: May_31_13:17: tick!!!
 INFO LOG: May_31_13:17: saving #<Player:0x0000000277d7b8> to database.
 INFO LOG: May_31_13:19: tick!!!
 INFO LOG: May_31_13:19: saving #<Player:0x0000000277d7b8> to database.
 INFO LOG: May_31_13:21: tick!!!
 INFO LOG: May_31_13:21: saving #<Player:0x0000000277d7b8> to database.
 INFO LOG: May_31_13:23: tick!!!
 INFO LOG: May_31_13:23: saving #<Player:0x0000000277d7b8> to database.
 INFO LOG: May_31_13:25: tick!!!
 INFO LOG: May_31_13:25: saving #<Player:0x0000000277d7b8> to database.
 INFO LOG: May_31_13:27: tick!!!
 INFO LOG: May_31_13:27: saving #<Player:0x0000000277d7b8> to database.
 INFO LOG: May_31_13:29: tick!!!
 INFO LOG: May_31_13:29: saving #<Player:0x0000000277d7b8> to database.
 INFO LOG: May_31_13:31: tick!!!
 INFO LOG: May_31_13:31: saving #<Player:0x0000000277d7b8> to database.
 INFO LOG: May_31_13:33: tick!!!
 INFO LOG: May_31_13:33: saving #<Player:0x0000000277d7b8> to database.
 INFO LOG: May_31_13:35: tick!!!
 INFO LOG: May_31_13:35: saving #<Player:0x0000000277d7b8> to database.
 INFO LOG: May_31_13:37: tick!!!
 INFO LOG: May_31_13:37: saving #<Player:0x0000000277d7b8> to database.
 INFO LOG: May_31_13:39: tick!!!
 INFO LOG: May_31_13:39: saving #<Player:0x0000000277d7b8> to database.
 INFO LOG: May_31_13:41: tick!!!
 INFO LOG: May_31_13:41: saving #<Player:0x0000000277d7b8> to database.
 INFO LOG: May_31_13:43: tick!!!
 INFO LOG: May_31_13:43: saving #<Player:0x0000000277d7b8> to database.
 INFO LOG: May_31_13:45: tick!!!
 INFO LOG: May_31_13:45: saving #<Player:0x0000000277d7b8> to database.
 INFO LOG: May_31_13:47: tick!!!
 INFO LOG: May_31_13:47: saving #<Player:0x0000000277d7b8> to database.
 INFO LOG: May_31_13:49: tick!!!
 INFO LOG: May_31_13:49: saving #<Player:0x0000000277d7b8> to database.
 INFO LOG: May_31_13:51: tick!!!
 INFO LOG: May_31_13:51: saving #<Player:0x0000000277d7b8> to database.
 INFO LOG: May_31_13:53: tick!!!
 INFO LOG: May_31_13:53: saving #<Player:0x0000000277d7b8> to database.
 INFO LOG: May_31_13:55: tick!!!
 INFO LOG: May_31_13:55: saving #<Player:0x0000000277d7b8> to database.
 INFO LOG: May_31_13:57: tick!!!
 INFO LOG: May_31_13:57: saving #<Player:0x0000000277d7b8> to database.
 INFO LOG: May_31_13:59: tick!!!
 INFO LOG: May_31_13:59: saving #<Player:0x0000000277d7b8> to database.
 INFO LOG: May_31_14:01: tick!!!
 INFO LOG: May_31_14:01: saving #<Player:0x0000000277d7b8> to database.
 INFO LOG: May_31_14:03: tick!!!
 INFO LOG: May_31_14:03: saving #<Player:0x0000000277d7b8> to database.
 INFO LOG: May_31_14:05: tick!!!
 INFO LOG: May_31_14:05: saving #<Player:0x0000000277d7b8> to database.
 INFO LOG: May_31_14:07: tick!!!
 INFO LOG: May_31_14:07: saving #<Player:0x0000000277d7b8> to database.
 INFO LOG: May_31_14:09: tick!!!
 INFO LOG: May_31_14:09: saving #<Player:0x0000000277d7b8> to database.
 INFO LOG: May_31_14:11: tick!!!
 INFO LOG: May_31_14:11: saving #<Player:0x0000000277d7b8> to database.
 INFO LOG: May_31_14:13: tick!!!
 INFO LOG: May_31_14:13: saving #<Player:0x0000000277d7b8> to database.
 INFO LOG: May_31_14:15: tick!!!
 INFO LOG: May_31_14:15: saving #<Player:0x0000000277d7b8> to database.
 INFO LOG: May_31_14:17: tick!!!
 INFO LOG: May_31_14:17: saving #<Player:0x0000000277d7b8> to database.
 INFO LOG: May_31_14:19: tick!!!
 INFO LOG: May_31_14:19: saving #<Player:0x0000000277d7b8> to database.
 INFO LOG: May_31_14:21: tick!!!
 INFO LOG: May_31_14:21: saving #<Player:0x0000000277d7b8> to database.
 INFO LOG: May_31_14:23: tick!!!
 INFO LOG: May_31_14:23: saving #<Player:0x0000000277d7b8> to database.
 INFO LOG: May_31_14:25: tick!!!
 INFO LOG: May_31_14:25: saving #<Player:0x0000000277d7b8> to database.
 INFO LOG: May_31_14:27: tick!!!
 INFO LOG: May_31_14:27: saving #<Player:0x0000000277d7b8> to database.
 INFO LOG: May_31_14:29: tick!!!
 INFO LOG: May_31_14:29: saving #<Player:0x0000000277d7b8> to database.
 INFO LOG: May_31_14:31: tick!!!
 INFO LOG: May_31_14:31: saving #<Player:0x0000000277d7b8> to database.
 INFO LOG: May_31_14:33: tick!!!
 INFO LOG: May_31_14:33: saving #<Player:0x0000000277d7b8> to database.
 INFO LOG: May_31_14:35: tick!!!
 INFO LOG: May_31_14:35: saving #<Player:0x0000000277d7b8> to database.
 INFO LOG: May_31_14:37: tick!!!
 INFO LOG: May_31_14:37: saving #<Player:0x0000000277d7b8> to database.
 INFO LOG: May_31_14:39: tick!!!
 INFO LOG: May_31_14:39: saving #<Player:0x0000000277d7b8> to database.
 INFO LOG: May_31_14:41: tick!!!
 INFO LOG: May_31_14:41: saving #<Player:0x0000000277d7b8> to database.
 INFO LOG: May_31_14:43: tick!!!
 INFO LOG: May_31_14:43: saving #<Player:0x0000000277d7b8> to database.
 INFO LOG: May_31_14:45: tick!!!
 INFO LOG: May_31_14:45: saving #<Player:0x0000000277d7b8> to database.
 INFO LOG: May_31_14:47: tick!!!
 INFO LOG: May_31_14:47: saving #<Player:0x0000000277d7b8> to database.
 INFO LOG: May_31_14:49: tick!!!
 INFO LOG: May_31_14:49: saving #<Player:0x0000000277d7b8> to database.
 INFO LOG: May_31_14:51: tick!!!
 INFO LOG: May_31_14:51: saving #<Player:0x0000000277d7b8> to database.
 INFO LOG: May_31_14:53: tick!!!
 INFO LOG: May_31_14:53: saving #<Player:0x0000000277d7b8> to database.
 INFO LOG: May_31_14:55: tick!!!
 INFO LOG: May_31_14:55: saving #<Player:0x0000000277d7b8> to database.
 INFO LOG: May_31_14:57: tick!!!
 INFO LOG: May_31_14:57: saving #<Player:0x0000000277d7b8> to database.
 INFO LOG: May_31_14:59: tick!!!
 INFO LOG: May_31_14:59: saving #<Player:0x0000000277d7b8> to database.
 INFO LOG: May_31_15:01: tick!!!
 INFO LOG: May_31_15:01: saving #<Player:0x0000000277d7b8> to database.
 INFO LOG: May_31_15:03: tick!!!
 INFO LOG: May_31_15:03: saving #<Player:0x0000000277d7b8> to database.
 INFO LOG: May_31_15:05: tick!!!
 INFO LOG: May_31_15:05: saving #<Player:0x0000000277d7b8> to database.
 INFO LOG: May_31_15:07: tick!!!
 INFO LOG: May_31_15:07: saving #<Player:0x0000000277d7b8> to database.
 INFO LOG: May_31_15:09: tick!!!
 INFO LOG: May_31_15:09: saving #<Player:0x0000000277d7b8> to database.
 INFO LOG: May_31_15:11: tick!!!
 INFO LOG: May_31_15:11: saving #<Player:0x0000000277d7b8> to database.
 INFO LOG: May_31_15:13: tick!!!
 INFO LOG: May_31_15:13: saving #<Player:0x0000000277d7b8> to database.
 INFO LOG: May_31_15:15: tick!!!
 INFO LOG: May_31_15:15: saving #<Player:0x0000000277d7b8> to database.
 INFO LOG: May_31_15:17: tick!!!
 INFO LOG: May_31_15:17: saving #<Player:0x0000000277d7b8> to database.
 INFO LOG: May_31_15:19: tick!!!
 INFO LOG: May_31_15:19: saving #<Player:0x0000000277d7b8> to database.
 INFO LOG: May_31_15:21: tick!!!
 INFO LOG: May_31_15:21: saving #<Player:0x0000000277d7b8> to database.
 INFO LOG: May_31_15:23: tick!!!
 INFO LOG: May_31_15:23: saving #<Player:0x0000000277d7b8> to database.
 INFO LOG: May_31_15:25: tick!!!
 INFO LOG: May_31_15:25: saving #<Player:0x0000000277d7b8> to database.
 INFO LOG: May_31_15:27: tick!!!
 INFO LOG: May_31_15:27: saving #<Player:0x0000000277d7b8> to database.
 INFO LOG: May_31_15:29: tick!!!
 INFO LOG: May_31_15:29: saving #<Player:0x0000000277d7b8> to database.
 INFO LOG: May_31_15:31: tick!!!
 INFO LOG: May_31_15:31: saving #<Player:0x0000000277d7b8> to database.
 INFO LOG: May_31_15:33: tick!!!
 INFO LOG: May_31_15:33: saving #<Player:0x0000000277d7b8> to database.
 INFO LOG: May_31_15:35: tick!!!
 INFO LOG: May_31_15:35: saving #<Player:0x0000000277d7b8> to database.
 INFO LOG: May_31_15:37: tick!!!
 INFO LOG: May_31_15:37: saving #<Player:0x0000000277d7b8> to database.
 INFO LOG: May_31_15:39: tick!!!
 INFO LOG: May_31_15:39: saving #<Player:0x0000000277d7b8> to database.
 INFO LOG: May_31_15:41: tick!!!
 INFO LOG: May_31_15:41: saving #<Player:0x0000000277d7b8> to database.
 INFO LOG: May_31_15:43: tick!!!
 INFO LOG: May_31_15:43: saving #<Player:0x0000000277d7b8> to database.
 INFO LOG: May_31_15:45: tick!!!
 INFO LOG: May_31_15:45: saving #<Player:0x0000000277d7b8> to database.
 INFO LOG: May_31_15:47: tick!!!
 INFO LOG: May_31_15:47: saving #<Player:0x0000000277d7b8> to database.
 INFO LOG: May_31_15:49: tick!!!
 INFO LOG: May_31_15:49: saving #<Player:0x0000000277d7b8> to database.
 INFO LOG: May_31_15:51: tick!!!
 INFO LOG: May_31_15:51: saving #<Player:0x0000000277d7b8> to database.
 INFO LOG: May_31_15:53: tick!!!
 INFO LOG: May_31_15:53: saving #<Player:0x0000000277d7b8> to database.
 INFO LOG: May_31_15:55: tick!!!
 INFO LOG: May_31_15:55: saving #<Player:0x0000000277d7b8> to database.
 INFO LOG: May_31_15:57: tick!!!
 INFO LOG: May_31_15:57: saving #<Player:0x0000000277d7b8> to database.
 INFO LOG: May_31_15:59: tick!!!
 INFO LOG: May_31_15:59: saving #<Player:0x0000000277d7b8> to database.
 INFO LOG: May_31_16:01: tick!!!
 INFO LOG: May_31_16:01: saving #<Player:0x0000000277d7b8> to database.
 INFO LOG: May_31_16:03: tick!!!
 INFO LOG: May_31_16:03: saving #<Player:0x0000000277d7b8> to database.
 INFO LOG: May_31_16:05: tick!!!
 INFO LOG: May_31_16:05: saving #<Player:0x0000000277d7b8> to database.
 INFO LOG: May_31_16:07: tick!!!
 INFO LOG: May_31_16:07: saving #<Player:0x0000000277d7b8> to database.
 INFO LOG: May_31_16:09: tick!!!
 INFO LOG: May_31_16:09: saving #<Player:0x0000000277d7b8> to database.
 INFO LOG: May_31_16:11: tick!!!
 INFO LOG: May_31_16:11: saving #<Player:0x0000000277d7b8> to database.
 INFO LOG: May_31_16:13: tick!!!
 INFO LOG: May_31_16:13: saving #<Player:0x0000000277d7b8> to database.
 INFO LOG: May_31_16:15: tick!!!
 INFO LOG: May_31_16:15: saving #<Player:0x0000000277d7b8> to database.
 INFO LOG: May_31_16:17: tick!!!
 INFO LOG: May_31_16:17: saving #<Player:0x0000000277d7b8> to database.
 INFO LOG: May_31_16:19: tick!!!
 INFO LOG: May_31_16:19: saving #<Player:0x0000000277d7b8> to database.
 INFO LOG: May_31_16:21: tick!!!
 INFO LOG: May_31_16:21: saving #<Player:0x0000000277d7b8> to database.
 INFO LOG: May_31_16:23: tick!!!
 INFO LOG: May_31_16:23: saving #<Player:0x0000000277d7b8> to database.
 INFO LOG: May_31_16:25: tick!!!
 INFO LOG: May_31_16:25: saving #<Player:0x0000000277d7b8> to database.
 INFO LOG: May_31_16:27: tick!!!
 INFO LOG: May_31_16:27: saving #<Player:0x0000000277d7b8> to database.
 INFO LOG: May_31_16:29: tick!!!
 INFO LOG: May_31_16:29: saving #<Player:0x0000000277d7b8> to database.
 INFO LOG: May_31_16:31: tick!!!
 INFO LOG: May_31_16:31: saving #<Player:0x0000000277d7b8> to database.
 INFO LOG: May_31_16:33: tick!!!
 INFO LOG: May_31_16:33: saving #<Player:0x0000000277d7b8> to database.
 INFO LOG: May_31_16:35: tick!!!
 INFO LOG: May_31_16:35: saving #<Player:0x0000000277d7b8> to database.
 INFO LOG: May_31_16:37: tick!!!
 INFO LOG: May_31_16:37: saving #<Player:0x0000000277d7b8> to database.
 INFO LOG: May_31_16:39: tick!!!
 INFO LOG: May_31_16:39: saving #<Player:0x0000000277d7b8> to database.
 INFO LOG: May_31_16:41: tick!!!
 INFO LOG: May_31_16:41: saving #<Player:0x0000000277d7b8> to database.
 INFO LOG: May_31_16:43: tick!!!
 INFO LOG: May_31_16:43: saving #<Player:0x0000000277d7b8> to database.
 INFO LOG: May_31_16:45: tick!!!
 INFO LOG: May_31_16:45: saving #<Player:0x0000000277d7b8> to database.
 INFO LOG: May_31_16:47: tick!!!
 INFO LOG: May_31_16:47: saving #<Player:0x0000000277d7b8> to database.
 INFO LOG: May_31_16:49: tick!!!
 INFO LOG: May_31_16:49: saving #<Player:0x0000000277d7b8> to database.
 INFO LOG: May_31_16:51: tick!!!
 INFO LOG: May_31_16:51: saving #<Player:0x0000000277d7b8> to database.
 INFO LOG: May_31_16:53: tick!!!
 INFO LOG: May_31_16:53: saving #<Player:0x0000000277d7b8> to database.
 INFO LOG: May_31_16:55: tick!!!
 INFO LOG: May_31_16:55: saving #<Player:0x0000000277d7b8> to database.
 INFO LOG: May_31_16:57: tick!!!
 INFO LOG: May_31_16:57: saving #<Player:0x0000000277d7b8> to database.
 INFO LOG: May_31_16:59: tick!!!
 INFO LOG: May_31_16:59: saving #<Player:0x0000000277d7b8> to database.
 INFO LOG: May_31_17:01: tick!!!
 INFO LOG: May_31_17:01: saving #<Player:0x0000000277d7b8> to database.
 INFO LOG: May_31_17:03: tick!!!
 INFO LOG: May_31_17:03: saving #<Player:0x0000000277d7b8> to database.
 INFO LOG: May_31_17:05: tick!!!
 INFO LOG: May_31_17:05: saving #<Player:0x0000000277d7b8> to database.
 INFO LOG: May_31_17:07: tick!!!
 INFO LOG: May_31_17:07: saving #<Player:0x0000000277d7b8> to database.
 INFO LOG: May_31_17:09: tick!!!
 INFO LOG: May_31_17:09: saving #<Player:0x0000000277d7b8> to database.
 INFO LOG: May_31_17:11: tick!!!
 INFO LOG: May_31_17:11: saving #<Player:0x0000000277d7b8> to database.
 INFO LOG: May_31_17:13: tick!!!
 INFO LOG: May_31_17:13: saving #<Player:0x0000000277d7b8> to database.
 INFO LOG: May_31_17:15: tick!!!
 INFO LOG: May_31_17:15: saving #<Player:0x0000000277d7b8> to database.
 INFO LOG: May_31_17:17: tick!!!
 INFO LOG: May_31_17:17: saving #<Player:0x0000000277d7b8> to database.
 INFO LOG: May_31_17:19: tick!!!
 INFO LOG: May_31_17:19: saving #<Player:0x0000000277d7b8> to database.
 INFO LOG: May_31_17:21: tick!!!
 INFO LOG: May_31_17:21: saving #<Player:0x0000000277d7b8> to database.
 INFO LOG: May_31_17:23: tick!!!
 INFO LOG: May_31_17:23: saving #<Player:0x0000000277d7b8> to database.
 INFO LOG: May_31_17:25: tick!!!
 INFO LOG: May_31_17:25: saving #<Player:0x0000000277d7b8> to database.
 INFO LOG: May_31_17:27: tick!!!
 INFO LOG: May_31_17:27: saving #<Player:0x0000000277d7b8> to database.
 INFO LOG: May_31_17:29: tick!!!
 INFO LOG: May_31_17:29: saving #<Player:0x0000000277d7b8> to database.
 INFO LOG: May_31_17:31: tick!!!
 INFO LOG: May_31_17:31: saving #<Player:0x0000000277d7b8> to database.
 INFO LOG: May_31_17:33: tick!!!
 INFO LOG: May_31_17:33: saving #<Player:0x0000000277d7b8> to database.
 INFO LOG: May_31_17:35: tick!!!
 INFO LOG: May_31_17:35: saving #<Player:0x0000000277d7b8> to database.
 INFO LOG: May_31_17:37: tick!!!
 INFO LOG: May_31_17:37: saving #<Player:0x0000000277d7b8> to database.
 INFO LOG: May_31_17:39: tick!!!
 INFO LOG: May_31_17:39: saving #<Player:0x0000000277d7b8> to database.
 INFO LOG: May_31_17:41: tick!!!
 INFO LOG: May_31_17:41: saving #<Player:0x0000000277d7b8> to database.
 INFO LOG: May_31_17:43: tick!!!
 INFO LOG: May_31_17:43: saving #<Player:0x0000000277d7b8> to database.
 INFO LOG: May_31_17:45: tick!!!
 INFO LOG: May_31_17:45: saving #<Player:0x0000000277d7b8> to database.
 INFO LOG: May_31_17:47: tick!!!
 INFO LOG: May_31_17:47: saving #<Player:0x0000000277d7b8> to database.
 INFO LOG: May_31_17:49: tick!!!
 INFO LOG: May_31_17:49: saving #<Player:0x0000000277d7b8> to database.
 INFO LOG: May_31_17:51: tick!!!
 INFO LOG: May_31_17:51: saving #<Player:0x0000000277d7b8> to database.
 INFO LOG: May_31_17:53: tick!!!
 INFO LOG: May_31_17:53: saving #<Player:0x0000000277d7b8> to database.
 INFO LOG: May_31_17:55: tick!!!
 INFO LOG: May_31_17:55: saving #<Player:0x0000000277d7b8> to database.
 INFO LOG: May_31_17:57: tick!!!
 INFO LOG: May_31_17:57: saving #<Player:0x0000000277d7b8> to database.
 INFO LOG: May_31_17:59: tick!!!
 INFO LOG: May_31_17:59: saving #<Player:0x0000000277d7b8> to database.
 INFO LOG: May_31_18:01: tick!!!
 INFO LOG: May_31_18:01: saving #<Player:0x0000000277d7b8> to database.
 INFO LOG: May_31_18:03: tick!!!
 INFO LOG: May_31_18:03: saving #<Player:0x0000000277d7b8> to database.
 INFO LOG: May_31_18:05: tick!!!
 INFO LOG: May_31_18:05: saving #<Player:0x0000000277d7b8> to database.
 INFO LOG: May_31_18:07: tick!!!
 INFO LOG: May_31_18:07: saving #<Player:0x0000000277d7b8> to database.
 INFO LOG: May_31_18:09: tick!!!
 INFO LOG: May_31_18:09: saving #<Player:0x0000000277d7b8> to database.
 INFO LOG: May_31_18:11: tick!!!
 INFO LOG: May_31_18:11: saving #<Player:0x0000000277d7b8> to database.
 INFO LOG: May_31_18:13: tick!!!
 INFO LOG: May_31_18:13: saving #<Player:0x0000000277d7b8> to database.
 INFO LOG: May_31_18:15: tick!!!
 INFO LOG: May_31_18:15: saving #<Player:0x0000000277d7b8> to database.
 INFO LOG: May_31_18:17: tick!!!
 INFO LOG: May_31_18:17: saving #<Player:0x0000000277d7b8> to database.
 INFO LOG: May_31_18:19: tick!!!
 INFO LOG: May_31_18:19: saving #<Player:0x0000000277d7b8> to database.
 INFO LOG: May_31_18:19: Loading player.rb
 INFO LOG: May_31_18:21: tick!!!
 INFO LOG: May_31_18:21: saving #<Player:0x0000000277d7b8> to database.
 INFO LOG: May_31_18:21: saving #<Player:0x0000000277d7b8> to database.
 INFO LOG: May_31_18:23: tick!!!
 INFO LOG: May_31_18:23: saving #<Player:0x0000000277d7b8> to database.
 INFO LOG: May_31_18:23: saving #<Player:0x0000000277d7b8> to database.
 INFO LOG: May_31_18:25: tick!!!
 INFO LOG: May_31_18:25: saving #<Player:0x0000000277d7b8> to database.
 INFO LOG: May_31_18:25: saving #<Player:0x0000000277d7b8> to database.
 INFO LOG: May_31_18:25: -- #<Player:0x0000000277d7b8>:76.202.141.206:38390 disconnected from CoralMUD!
 INFO LOG: May_31_18:25: Program closed.
