 INFO LOG: May_11_01:35: Logging enabled.   Loading logs.rb.
 INFO LOG: May_11_01:35: Loading facade.rb
 INFO LOG: May_11_01:35: Loading query_list.rb
 INFO LOG: May_11_01:35: Loading utils.rb
 INFO LOG: May_11_01:35: Loading constants.rb
 INFO LOG: May_11_01:35: Loading damage.rb
 INFO LOG: May_11_01:35: Loading class_property.rb
 INFO LOG: May_11_01:35: Loading scripts.rb
 INFO LOG: May_11_01:35: Loading tags.rb
 INFO LOG: May_11_01:35: Loading editor/editors.rb
 INFO LOG: May_11_01:35: Loading editor/editor.strings.rb
 INFO LOG: May_11_01:35: Loading editor/editor.rooms.rb
 INFO LOG: May_11_01:35: Loading editor/editor.exits.rb
 INFO LOG: May_11_01:35: Loading editor/editor.zones.rb
 INFO LOG: May_11_01:35: Loading editor/editor.npc.rb
 INFO LOG: May_11_01:35: Loading editor/editor.items.rb
 INFO LOG: May_11_01:35: Loading mxp.rb
 INFO LOG: May_11_01:35: Loading mccp.rb
 INFO LOG: May_11_01:35: Loading flags.rb
 INFO LOG: May_11_01:35: Loading areas.rb
 INFO LOG: May_11_01:35: Loading event.rb
 INFO LOG: May_11_01:35: Loading automap/automap.rb
 INFO LOG: May_11_01:35: Loading cities.olc.rb
 INFO LOG: May_11_01:35: Loading cities.rb
 INFO LOG: May_11_01:35: Loading sector definitions.
 INFO LOG: May_11_01:35: Loading help.rb
 INFO LOG: May_11_01:35: Loading imcruby.rb
 INFO LOG: May_11_01:35: Loading player.rb
 INFO LOG: May_11_01:35: Loading commands.rb
 INFO LOG: May_11_01:35: Loading random.rb
 INFO LOG: May_11_01:35: Loading npc.rb
 INFO LOG: May_11_01:35: Loading items/types.rb
 INFO LOG: May_11_01:36: Logging enabled.   Loading logs.rb.
 INFO LOG: May_11_01:36: Loading facade.rb
 INFO LOG: May_11_01:36: Loading query_list.rb
 INFO LOG: May_11_01:36: Loading utils.rb
 INFO LOG: May_11_01:36: Loading constants.rb
 INFO LOG: May_11_01:36: Loading damage.rb
 INFO LOG: May_11_01:36: Loading class_property.rb
 INFO LOG: May_11_01:36: Loading scripts.rb
 INFO LOG: May_11_01:36: Loading tags.rb
 INFO LOG: May_11_01:36: Loading editor/editors.rb
 INFO LOG: May_11_01:36: Loading editor/editor.strings.rb
 INFO LOG: May_11_01:36: Loading editor/editor.rooms.rb
 INFO LOG: May_11_01:36: Loading editor/editor.exits.rb
 INFO LOG: May_11_01:36: Loading editor/editor.zones.rb
 INFO LOG: May_11_01:36: Loading editor/editor.npc.rb
 INFO LOG: May_11_01:36: Loading editor/editor.items.rb
 INFO LOG: May_11_01:36: Loading mxp.rb
 INFO LOG: May_11_01:36: Loading mccp.rb
 INFO LOG: May_11_01:36: Loading flags.rb
 INFO LOG: May_11_01:36: Loading areas.rb
 INFO LOG: May_11_01:36: Loading event.rb
 INFO LOG: May_11_01:36: Loading automap/automap.rb
 INFO LOG: May_11_01:36: Loading cities.olc.rb
 INFO LOG: May_11_01:36: Loading cities.rb
 INFO LOG: May_11_01:36: Loading sector definitions.
 INFO LOG: May_11_01:36: Loading help.rb
 INFO LOG: May_11_01:36: Loading imcruby.rb
 INFO LOG: May_11_01:36: Loading player.rb
 INFO LOG: May_11_01:36: Loading commands.rb
 INFO LOG: May_11_01:36: Loading random.rb
 INFO LOG: May_11_01:36: Loading npc.rb
 INFO LOG: May_11_01:36: Loading items/types.rb
 INFO LOG: May_11_01:36: Loading items/items.rb
 INFO LOG: May_11_01:36: Loading spells.rb
 INFO LOG: May_11_01:36: Loading all zones.
 INFO LOG: May_11_01:36: Starting server.
 INFO LOG: May_11_01:36: CoralMUD is now up on port 4000.
 INFO LOG: May_11_01:36: -- 76.202.141.206:60924 connected to CoralMUD!
 INFO LOG: May_11_01:36: -- 76.202.141.206:60924: Retnur is trying to connect.
 INFO LOG: May_11_01:36: -- 76.202.141.206:60924: Retnur player file found.
 INFO LOG: May_11_01:36: -- Retnur has entered the game.
 INFO LOG: May_11_01:37: -- #<Player:0x00000001d8ec98>:76.202.141.206:60924 disconnected from CoralMUD!
 INFO LOG: May_11_01:37: Logging enabled.   Loading logs.rb.
 INFO LOG: May_11_01:37: Loading facade.rb
 INFO LOG: May_11_01:37: Loading query_list.rb
 INFO LOG: May_11_01:37: Loading utils.rb
 INFO LOG: May_11_01:37: Loading constants.rb
 INFO LOG: May_11_01:37: Loading damage.rb
 INFO LOG: May_11_01:37: Loading class_property.rb
 INFO LOG: May_11_01:37: Loading scripts.rb
 INFO LOG: May_11_01:37: Loading tags.rb
 INFO LOG: May_11_01:37: Loading editor/editors.rb
 INFO LOG: May_11_01:37: Loading editor/editor.strings.rb
 INFO LOG: May_11_01:37: Loading editor/editor.rooms.rb
 INFO LOG: May_11_01:37: Loading editor/editor.exits.rb
 INFO LOG: May_11_01:37: Loading editor/editor.zones.rb
 INFO LOG: May_11_01:37: Loading editor/editor.npc.rb
 INFO LOG: May_11_01:37: Loading editor/editor.items.rb
 INFO LOG: May_11_01:37: Loading mxp.rb
 INFO LOG: May_11_01:37: Loading mccp.rb
 INFO LOG: May_11_01:37: Loading flags.rb
 INFO LOG: May_11_01:37: Loading areas.rb
 INFO LOG: May_11_01:37: Loading event.rb
 INFO LOG: May_11_01:37: Loading automap/automap.rb
 INFO LOG: May_11_01:37: Loading cities.olc.rb
 INFO LOG: May_11_01:37: Loading cities.rb
 INFO LOG: May_11_01:37: Loading sector definitions.
 INFO LOG: May_11_01:37: Loading help.rb
 INFO LOG: May_11_01:37: Loading imcruby.rb
 INFO LOG: May_11_01:37: Loading player.rb
 INFO LOG: May_11_01:37: Loading commands.rb
 INFO LOG: May_11_01:37: Loading random.rb
 INFO LOG: May_11_01:37: Loading npc.rb
 INFO LOG: May_11_01:37: Loading items/types.rb
 INFO LOG: May_11_01:37: Loading items/items.rb
 INFO LOG: May_11_01:37: Loading spells.rb
 INFO LOG: May_11_01:37: Loading all zones.
 INFO LOG: May_11_01:37: Starting server.
 INFO LOG: May_11_01:37: CoralMUD is now up on port 4000.
 INFO LOG: May_11_01:37: -- 76.202.141.206:45184 connected to CoralMUD!
 INFO LOG: May_11_01:37: -- 76.202.141.206:45184: () Invalid name in character creation.
 INFO LOG: May_11_01:37: -- 76.202.141.206:45184: Retnur is trying to connect.
 INFO LOG: May_11_01:37: -- 76.202.141.206:45184: Retnur player file found.
 INFO LOG: May_11_01:37: -- Retnur has entered the game.
ERROR LOG: unexpected return
ERROR LOG: /home/heath/coral/lib/editor/editor.items.rb:28:in `block in <class:Item>'
ERROR LOG: /home/heath/coral/lib/editor/editors.rb:174:in `call'
ERROR LOG: /home/heath/coral/lib/editor/editors.rb:174:in `call_fun'
ERROR LOG: /home/heath/coral/lib/commands.rb:232:in `execute_command'
ERROR LOG: /home/heath/coral/core/socketengine.rb:174:in `block in handle_cmd_input'
ERROR LOG: /home/heath/coral/core/socketengine.rb:173:in `times'
ERROR LOG: /home/heath/coral/core/socketengine.rb:173:in `handle_cmd_input'
ERROR LOG: /home/heath/coral/core/socketengine.rb:135:in `receive_data'
ERROR LOG: /usr/local/lib/ruby/gems/1.9.1/gems/eventmachine-0.12.8/lib/eventmachine.rb:242:in `run_machine'
ERROR LOG: /usr/local/lib/ruby/gems/1.9.1/gems/eventmachine-0.12.8/lib/eventmachine.rb:242:in `run'
ERROR LOG: coral.rb:171:in `<main>'
 INFO LOG: May_11_01:38: -- #<Player:0x000000023ef1a0>:76.202.141.206:45184 disconnected from CoralMUD!
 INFO LOG: May_11_01:38: Logging enabled.   Loading logs.rb.
 INFO LOG: May_11_01:38: Loading facade.rb
 INFO LOG: May_11_01:38: Loading query_list.rb
 INFO LOG: May_11_01:38: Loading utils.rb
 INFO LOG: May_11_01:38: Loading constants.rb
 INFO LOG: May_11_01:38: Loading damage.rb
 INFO LOG: May_11_01:38: Loading class_property.rb
 INFO LOG: May_11_01:38: Loading scripts.rb
 INFO LOG: May_11_01:38: Loading tags.rb
 INFO LOG: May_11_01:38: Loading editor/editors.rb
 INFO LOG: May_11_01:38: Loading editor/editor.strings.rb
 INFO LOG: May_11_01:38: Loading editor/editor.rooms.rb
 INFO LOG: May_11_01:38: Loading editor/editor.exits.rb
 INFO LOG: May_11_01:38: Loading editor/editor.zones.rb
 INFO LOG: May_11_01:38: Loading editor/editor.npc.rb
 INFO LOG: May_11_01:38: Loading editor/editor.items.rb
 INFO LOG: May_11_01:38: Loading mxp.rb
 INFO LOG: May_11_01:38: Loading mccp.rb
 INFO LOG: May_11_01:38: Loading flags.rb
 INFO LOG: May_11_01:38: Loading areas.rb
 INFO LOG: May_11_01:38: Loading event.rb
 INFO LOG: May_11_01:38: Loading automap/automap.rb
 INFO LOG: May_11_01:38: Loading cities.olc.rb
 INFO LOG: May_11_01:38: Loading cities.rb
 INFO LOG: May_11_01:38: Loading sector definitions.
 INFO LOG: May_11_01:38: Loading help.rb
 INFO LOG: May_11_01:38: Loading imcruby.rb
 INFO LOG: May_11_01:38: Loading player.rb
 INFO LOG: May_11_01:38: Loading commands.rb
 INFO LOG: May_11_01:38: Loading random.rb
 INFO LOG: May_11_01:38: Loading npc.rb
 INFO LOG: May_11_01:38: Loading items/types.rb
 INFO LOG: May_11_01:38: Loading items/items.rb
 INFO LOG: May_11_01:38: Loading spells.rb
 INFO LOG: May_11_01:38: Loading all zones.
 INFO LOG: May_11_01:38: Starting server.
 INFO LOG: May_11_01:38: CoralMUD is now up on port 4000.
 INFO LOG: May_11_01:38: -- 76.202.141.206:59411 connected to CoralMUD!
 INFO LOG: May_11_01:38: -- 76.202.141.206:59411: () Invalid name in character creation.
 INFO LOG: May_11_01:38: -- 76.202.141.206:59411: Retnur is trying to connect.
 INFO LOG: May_11_01:38: -- 76.202.141.206:59411: Retnur player file found.
 INFO LOG: May_11_01:38: -- Retnur has entered the game.
 INFO LOG: May_11_01:40: -- #<Player:0x000000020fc768>:76.202.141.206:59411 disconnected from CoralMUD!
 INFO LOG: May_11_01:40: Logging enabled.   Loading logs.rb.
 INFO LOG: May_11_01:40: Loading facade.rb
 INFO LOG: May_11_01:40: Loading query_list.rb
 INFO LOG: May_11_01:40: Loading utils.rb
 INFO LOG: May_11_01:40: Loading constants.rb
 INFO LOG: May_11_01:40: Loading damage.rb
 INFO LOG: May_11_01:40: Loading class_property.rb
 INFO LOG: May_11_01:40: Loading scripts.rb
 INFO LOG: May_11_01:40: Loading tags.rb
 INFO LOG: May_11_01:40: Loading editor/editors.rb
 INFO LOG: May_11_01:40: Loading editor/editor.strings.rb
 INFO LOG: May_11_01:40: Loading editor/editor.rooms.rb
 INFO LOG: May_11_01:40: Loading editor/editor.exits.rb
 INFO LOG: May_11_01:40: Loading editor/editor.zones.rb
 INFO LOG: May_11_01:40: Loading editor/editor.npc.rb
 INFO LOG: May_11_01:40: Loading editor/editor.items.rb
 INFO LOG: May_11_01:40: Loading mxp.rb
 INFO LOG: May_11_01:40: Loading mccp.rb
 INFO LOG: May_11_01:40: Loading flags.rb
 INFO LOG: May_11_01:40: Loading areas.rb
 INFO LOG: May_11_01:40: Loading event.rb
 INFO LOG: May_11_01:40: Loading automap/automap.rb
 INFO LOG: May_11_01:40: Loading cities.olc.rb
 INFO LOG: May_11_01:40: Loading cities.rb
 INFO LOG: May_11_01:40: Loading sector definitions.
 INFO LOG: May_11_01:40: Loading help.rb
 INFO LOG: May_11_01:40: Loading imcruby.rb
 INFO LOG: May_11_01:40: Loading player.rb
 INFO LOG: May_11_01:40: Loading commands.rb
 INFO LOG: May_11_01:40: Loading random.rb
 INFO LOG: May_11_01:40: Loading npc.rb
 INFO LOG: May_11_01:40: Loading items/types.rb
 INFO LOG: May_11_01:40: Loading items/items.rb
 INFO LOG: May_11_01:40: Loading spells.rb
 INFO LOG: May_11_01:40: Loading all zones.
 INFO LOG: May_11_01:40: Starting server.
 INFO LOG: May_11_01:40: CoralMUD is now up on port 4000.
 INFO LOG: May_11_01:40: -- 76.202.141.206:43430 connected to CoralMUD!
 INFO LOG: May_11_01:40: -- 76.202.141.206:43430: () Invalid name in character creation.
 INFO LOG: May_11_01:40: -- 76.202.141.206:43430: Retnur is trying to connect.
 INFO LOG: May_11_01:40: -- 76.202.141.206:43430: Retnur player file found.
 INFO LOG: May_11_01:40: -- Retnur has entered the game.
 INFO LOG: May_11_01:41: -- #<Player:0x00000000e63f48>:76.202.141.206:43430 disconnected from CoralMUD!
 INFO LOG: May_11_01:41: Logging enabled.   Loading logs.rb.
 INFO LOG: May_11_01:41: Loading facade.rb
 INFO LOG: May_11_01:41: Loading query_list.rb
 INFO LOG: May_11_01:41: Loading utils.rb
 INFO LOG: May_11_01:41: Loading constants.rb
 INFO LOG: May_11_01:41: Loading damage.rb
 INFO LOG: May_11_01:41: Loading class_property.rb
 INFO LOG: May_11_01:41: Loading scripts.rb
 INFO LOG: May_11_01:41: Loading tags.rb
 INFO LOG: May_11_01:41: Loading editor/editors.rb
 INFO LOG: May_11_01:41: Loading editor/editor.strings.rb
 INFO LOG: May_11_01:41: Loading editor/editor.rooms.rb
 INFO LOG: May_11_01:41: Loading editor/editor.exits.rb
 INFO LOG: May_11_01:41: Loading editor/editor.zones.rb
 INFO LOG: May_11_01:41: Loading editor/editor.npc.rb
 INFO LOG: May_11_01:41: Loading editor/editor.items.rb
 INFO LOG: May_11_01:41: Loading mxp.rb
 INFO LOG: May_11_01:41: Loading mccp.rb
 INFO LOG: May_11_01:41: Loading flags.rb
 INFO LOG: May_11_01:41: Loading areas.rb
 INFO LOG: May_11_01:41: Loading event.rb
 INFO LOG: May_11_01:41: Loading automap/automap.rb
 INFO LOG: May_11_01:41: Loading cities.olc.rb
 INFO LOG: May_11_01:41: Loading cities.rb
 INFO LOG: May_11_01:41: Loading sector definitions.
 INFO LOG: May_11_01:41: Loading help.rb
 INFO LOG: May_11_01:41: Loading imcruby.rb
 INFO LOG: May_11_01:41: Loading player.rb
 INFO LOG: May_11_01:41: Loading commands.rb
 INFO LOG: May_11_01:41: Loading random.rb
 INFO LOG: May_11_01:41: Loading npc.rb
 INFO LOG: May_11_01:41: Loading items/types.rb
 INFO LOG: May_11_01:41: Loading items/items.rb
 INFO LOG: May_11_01:41: Loading spells.rb
 INFO LOG: May_11_01:41: Loading all zones.
 INFO LOG: May_11_01:41: Starting server.
 INFO LOG: May_11_01:41: CoralMUD is now up on port 4000.
 INFO LOG: May_11_01:41: -- 76.202.141.206:42643 connected to CoralMUD!
 INFO LOG: May_11_01:41: -- 76.202.141.206:42643: () Invalid name in character creation.
 INFO LOG: May_11_01:41: -- 76.202.141.206:42643: Retnur is trying to connect.
 INFO LOG: May_11_01:41: -- 76.202.141.206:42643: Retnur player file found.
 INFO LOG: May_11_01:41: -- Retnur has entered the game.
 INFO LOG: May_11_01:42: Loading items/types.rb
 INFO LOG: May_11_01:42: -- #<Player:0x00000002539808>:76.202.141.206:42643 disconnected from CoralMUD!
 INFO LOG: May_11_01:42: Logging enabled.   Loading logs.rb.
 INFO LOG: May_11_01:42: Loading facade.rb
 INFO LOG: May_11_01:42: Loading query_list.rb
 INFO LOG: May_11_01:42: Loading utils.rb
 INFO LOG: May_11_01:42: Loading constants.rb
 INFO LOG: May_11_01:42: Loading damage.rb
 INFO LOG: May_11_01:42: Loading class_property.rb
 INFO LOG: May_11_01:42: Loading scripts.rb
 INFO LOG: May_11_01:42: Loading tags.rb
 INFO LOG: May_11_01:42: Loading editor/editors.rb
 INFO LOG: May_11_01:42: Loading editor/editor.strings.rb
 INFO LOG: May_11_01:42: Loading editor/editor.rooms.rb
 INFO LOG: May_11_01:42: Loading editor/editor.exits.rb
 INFO LOG: May_11_01:42: Loading editor/editor.zones.rb
 INFO LOG: May_11_01:42: Loading editor/editor.npc.rb
 INFO LOG: May_11_01:42: Loading editor/editor.items.rb
 INFO LOG: May_11_01:42: Loading mxp.rb
 INFO LOG: May_11_01:42: Loading mccp.rb
 INFO LOG: May_11_01:42: Loading flags.rb
 INFO LOG: May_11_01:42: Loading areas.rb
 INFO LOG: May_11_01:42: Loading event.rb
 INFO LOG: May_11_01:42: Loading automap/automap.rb
 INFO LOG: May_11_01:42: Loading cities.olc.rb
 INFO LOG: May_11_01:42: Loading cities.rb
 INFO LOG: May_11_01:42: Loading sector definitions.
 INFO LOG: May_11_01:42: Loading help.rb
 INFO LOG: May_11_01:42: Loading imcruby.rb
 INFO LOG: May_11_01:42: Loading player.rb
 INFO LOG: May_11_01:42: Loading commands.rb
 INFO LOG: May_11_01:42: Loading random.rb
 INFO LOG: May_11_01:42: Loading npc.rb
 INFO LOG: May_11_01:42: Loading items/types.rb
 INFO LOG: May_11_01:42: Loading items/items.rb
 INFO LOG: May_11_01:42: Loading spells.rb
 INFO LOG: May_11_01:42: Loading all zones.
 INFO LOG: May_11_01:42: Starting server.
 INFO LOG: May_11_01:42: CoralMUD is now up on port 4000.
 INFO LOG: May_11_01:42: -- 76.202.141.206:57751 connected to CoralMUD!
 INFO LOG: May_11_01:42: -- 76.202.141.206:57751: () Invalid name in character creation.
 INFO LOG: May_11_01:42: -- 76.202.141.206:57751: Retnur is trying to connect.
 INFO LOG: May_11_01:42: -- 76.202.141.206:57751: Retnur player file found.
 INFO LOG: May_11_01:42: -- Retnur has entered the game.
 INFO LOG: May_11_01:44: tick!!!
 INFO LOG: May_11_01:45: Loading items/types.rb
 INFO LOG: May_11_01:46: tick!!!
 INFO LOG: May_11_01:48: tick!!!
 INFO LOG: May_11_01:49: Loading items/items.rb
 INFO LOG: May_11_01:50: tick!!!
 INFO LOG: May_11_01:52: tick!!!
 INFO LOG: May_11_01:54: tick!!!
 INFO LOG: May_11_01:56: tick!!!
 INFO LOG: May_11_01:58: tick!!!
 INFO LOG: May_11_01:58: Loading items/items.rb
 INFO LOG: May_11_01:58: -- #<Player:0x00000000f72510>:76.202.141.206:57751 disconnected from CoralMUD!
 INFO LOG: May_11_01:58: Logging enabled.   Loading logs.rb.
 INFO LOG: May_11_01:58: Loading facade.rb
 INFO LOG: May_11_01:58: Loading query_list.rb
 INFO LOG: May_11_01:58: Loading utils.rb
 INFO LOG: May_11_01:58: Loading constants.rb
 INFO LOG: May_11_01:58: Loading damage.rb
 INFO LOG: May_11_01:58: Loading class_property.rb
 INFO LOG: May_11_01:58: Loading scripts.rb
 INFO LOG: May_11_01:58: Loading tags.rb
 INFO LOG: May_11_01:58: Loading editor/editors.rb
 INFO LOG: May_11_01:58: Loading editor/editor.strings.rb
 INFO LOG: May_11_01:58: Loading editor/editor.rooms.rb
 INFO LOG: May_11_01:58: Loading editor/editor.exits.rb
 INFO LOG: May_11_01:58: Loading editor/editor.zones.rb
 INFO LOG: May_11_01:58: Loading editor/editor.npc.rb
 INFO LOG: May_11_01:58: Loading editor/editor.items.rb
 INFO LOG: May_11_01:58: Loading mxp.rb
 INFO LOG: May_11_01:58: Loading mccp.rb
 INFO LOG: May_11_01:58: Loading flags.rb
 INFO LOG: May_11_01:58: Loading areas.rb
 INFO LOG: May_11_01:58: Loading event.rb
 INFO LOG: May_11_01:58: Loading automap/automap.rb
 INFO LOG: May_11_01:58: Loading cities.olc.rb
 INFO LOG: May_11_01:58: Loading cities.rb
 INFO LOG: May_11_01:58: Loading sector definitions.
 INFO LOG: May_11_01:58: Loading help.rb
 INFO LOG: May_11_01:58: Loading imcruby.rb
 INFO LOG: May_11_01:58: Loading player.rb
 INFO LOG: May_11_01:58: Loading commands.rb
 INFO LOG: May_11_01:58: Loading random.rb
 INFO LOG: May_11_01:58: Loading npc.rb
 INFO LOG: May_11_01:58: Loading items/types.rb
 INFO LOG: May_11_01:58: Loading items/items.rb
 INFO LOG: May_11_01:58: Loading spells.rb
 INFO LOG: May_11_01:58: Loading all zones.
 INFO LOG: May_11_01:58: Starting server.
 INFO LOG: May_11_01:58: CoralMUD is now up on port 4000.
 INFO LOG: May_11_01:58: -- 76.202.141.206:33316 connected to CoralMUD!
 INFO LOG: May_11_01:58: -- 76.202.141.206:33316: () Invalid name in character creation.
 INFO LOG: May_11_01:58: -- 76.202.141.206:33316: Retnur is trying to connect.
 INFO LOG: May_11_01:58: -- 76.202.141.206:33316: Retnur player file found.
 INFO LOG: May_11_01:58: -- Retnur has entered the game.
ERROR LOG: undefined method `type' for #<Item:0x00000001887600>
ERROR LOG: /home/heath/coral/lib/editor/editor.items.rb:14:in `block in <class:Item>'
ERROR LOG: /home/heath/coral/lib/editor/editors.rb:168:in `call'
ERROR LOG: /home/heath/coral/lib/editor/editors.rb:168:in `call_display'
ERROR LOG: /home/heath/coral/lib/editor/editors.rb:103:in `block in display_values'
ERROR LOG: /home/heath/coral/lib/editor/editors.rb:103:in `collect'
ERROR LOG: /home/heath/coral/lib/editor/editors.rb:103:in `display_values'
ERROR LOG: /home/heath/coral/lib/editor/editors.rb:72:in `block in initialize'
ERROR LOG: /home/heath/coral/lib/editor/editors.rb:174:in `call'
ERROR LOG: /home/heath/coral/lib/editor/editors.rb:174:in `call_fun'
ERROR LOG: /home/heath/coral/lib/commands.rb:232:in `execute_command'
ERROR LOG: /home/heath/coral/lib/commands/edit.rb:23:in `cmd_edit'
ERROR LOG: /home/heath/coral/lib/commands.rb:278:in `execute_command'
ERROR LOG: /home/heath/coral/core/socketengine.rb:174:in `block in handle_cmd_input'
ERROR LOG: /home/heath/coral/core/socketengine.rb:173:in `times'
ERROR LOG: /home/heath/coral/core/socketengine.rb:173:in `handle_cmd_input'
ERROR LOG: /home/heath/coral/core/socketengine.rb:135:in `receive_data'
ERROR LOG: /usr/local/lib/ruby/gems/1.9.1/gems/eventmachine-0.12.8/lib/eventmachine.rb:242:in `run_machine'
ERROR LOG: /usr/local/lib/ruby/gems/1.9.1/gems/eventmachine-0.12.8/lib/eventmachine.rb:242:in `run'
ERROR LOG: coral.rb:171:in `<main>'
 INFO LOG: May_11_01:59: -- #<Player:0x000000014e4a98>:76.202.141.206:33316 disconnected from CoralMUD!
 INFO LOG: May_11_01:59: Logging enabled.   Loading logs.rb.
 INFO LOG: May_11_01:59: Loading facade.rb
 INFO LOG: May_11_01:59: Loading query_list.rb
 INFO LOG: May_11_01:59: Loading utils.rb
 INFO LOG: May_11_01:59: Loading constants.rb
 INFO LOG: May_11_01:59: Loading damage.rb
 INFO LOG: May_11_01:59: Loading class_property.rb
 INFO LOG: May_11_01:59: Loading scripts.rb
 INFO LOG: May_11_01:59: Loading tags.rb
 INFO LOG: May_11_01:59: Loading editor/editors.rb
 INFO LOG: May_11_01:59: Loading editor/editor.strings.rb
 INFO LOG: May_11_01:59: Loading editor/editor.rooms.rb
 INFO LOG: May_11_01:59: Loading editor/editor.exits.rb
 INFO LOG: May_11_01:59: Loading editor/editor.zones.rb
 INFO LOG: May_11_01:59: Loading editor/editor.npc.rb
 INFO LOG: May_11_01:59: Loading editor/editor.items.rb
 INFO LOG: May_11_01:59: Loading mxp.rb
 INFO LOG: May_11_01:59: Loading mccp.rb
 INFO LOG: May_11_01:59: Loading flags.rb
 INFO LOG: May_11_01:59: Loading areas.rb
 INFO LOG: May_11_01:59: Loading event.rb
 INFO LOG: May_11_01:59: Loading automap/automap.rb
 INFO LOG: May_11_01:59: Loading cities.olc.rb
 INFO LOG: May_11_01:59: Loading cities.rb
 INFO LOG: May_11_01:59: Loading sector definitions.
 INFO LOG: May_11_01:59: Loading help.rb
 INFO LOG: May_11_01:59: Loading imcruby.rb
 INFO LOG: May_11_01:59: Loading player.rb
 INFO LOG: May_11_01:59: Loading commands.rb
 INFO LOG: May_11_01:59: Loading random.rb
 INFO LOG: May_11_01:59: Loading npc.rb
 INFO LOG: May_11_01:59: Loading items/types.rb
 INFO LOG: May_11_01:59: Loading items/items.rb
 INFO LOG: May_11_01:59: Loading spells.rb
 INFO LOG: May_11_01:59: Loading all zones.
 INFO LOG: May_11_01:59: Starting server.
 INFO LOG: May_11_01:59: CoralMUD is now up on port 4000.
 INFO LOG: May_11_01:59: -- 76.202.141.206:41917 connected to CoralMUD!
 INFO LOG: May_11_01:59: -- 76.202.141.206:41917: () Invalid name in character creation.
 INFO LOG: May_11_01:59: -- 76.202.141.206:41917: Retnur is trying to connect.
 INFO LOG: May_11_01:59: -- 76.202.141.206:41917: Retnur player file found.
 INFO LOG: May_11_01:59: -- Retnur has entered the game.
 INFO LOG: May_11_02:01: Loading items/types.rb
 INFO LOG: May_11_02:01: tick!!!
 INFO LOG: May_11_02:01: -- #<Player:0x00000001ac6498>:76.202.141.206:41917 disconnected from CoralMUD!
 INFO LOG: May_11_02:01: Logging enabled.   Loading logs.rb.
 INFO LOG: May_11_02:01: Loading facade.rb
 INFO LOG: May_11_02:01: Loading query_list.rb
 INFO LOG: May_11_02:01: Loading utils.rb
 INFO LOG: May_11_02:01: Loading constants.rb
 INFO LOG: May_11_02:01: Loading damage.rb
 INFO LOG: May_11_02:01: Loading class_property.rb
 INFO LOG: May_11_02:01: Loading scripts.rb
 INFO LOG: May_11_02:01: Loading tags.rb
 INFO LOG: May_11_02:01: Loading editor/editors.rb
 INFO LOG: May_11_02:01: Loading editor/editor.strings.rb
 INFO LOG: May_11_02:01: Loading editor/editor.rooms.rb
 INFO LOG: May_11_02:01: Loading editor/editor.exits.rb
 INFO LOG: May_11_02:01: Loading editor/editor.zones.rb
 INFO LOG: May_11_02:01: Loading editor/editor.npc.rb
 INFO LOG: May_11_02:01: Loading editor/editor.items.rb
 INFO LOG: May_11_02:01: Loading mxp.rb
 INFO LOG: May_11_02:01: Loading mccp.rb
 INFO LOG: May_11_02:01: Loading flags.rb
 INFO LOG: May_11_02:01: Loading areas.rb
 INFO LOG: May_11_02:01: Loading event.rb
 INFO LOG: May_11_02:01: Loading automap/automap.rb
 INFO LOG: May_11_02:01: Loading cities.olc.rb
 INFO LOG: May_11_02:01: Loading cities.rb
 INFO LOG: May_11_02:01: Loading sector definitions.
 INFO LOG: May_11_02:01: Loading help.rb
 INFO LOG: May_11_02:01: Loading imcruby.rb
 INFO LOG: May_11_02:01: Loading player.rb
 INFO LOG: May_11_02:01: Loading commands.rb
 INFO LOG: May_11_02:01: Loading random.rb
 INFO LOG: May_11_02:01: Loading npc.rb
 INFO LOG: May_11_02:01: Loading items/types.rb
 INFO LOG: May_11_02:01: Loading items/items.rb
 INFO LOG: May_11_02:01: Loading spells.rb
 INFO LOG: May_11_02:01: Loading all zones.
 INFO LOG: May_11_02:01: Starting server.
 INFO LOG: May_11_02:01: CoralMUD is now up on port 4000.
 INFO LOG: May_11_02:01: -- 76.202.141.206:35624 connected to CoralMUD!
 INFO LOG: May_11_02:01: -- 76.202.141.206:35624: Retnur is trying to connect.
 INFO LOG: May_11_02:01: -- 76.202.141.206:35624: Retnur player file found.
 INFO LOG: May_11_02:01: -- Retnur has entered the game.
 INFO LOG: May_11_02:03: tick!!!
 INFO LOG: May_11_02:05: tick!!!
 INFO LOG: May_11_02:07: tick!!!
 INFO LOG: May_11_02:09: tick!!!
 INFO LOG: May_11_02:11: tick!!!
 INFO LOG: May_11_02:13: tick!!!
 INFO LOG: May_11_02:13: -- #<Player:0x00000001eb9ff0>:76.202.141.206:35624 disconnected from CoralMUD!
 INFO LOG: May_11_02:13: Logging enabled.   Loading logs.rb.
 INFO LOG: May_11_02:13: Loading facade.rb
 INFO LOG: May_11_02:13: Loading query_list.rb
 INFO LOG: May_11_02:13: Loading utils.rb
 INFO LOG: May_11_02:13: Loading constants.rb
 INFO LOG: May_11_02:13: Loading damage.rb
 INFO LOG: May_11_02:13: Loading class_property.rb
 INFO LOG: May_11_02:13: Loading scripts.rb
 INFO LOG: May_11_02:13: Loading tags.rb
 INFO LOG: May_11_02:13: Loading editor/editors.rb
 INFO LOG: May_11_02:13: Loading editor/editor.strings.rb
 INFO LOG: May_11_02:13: Loading editor/editor.rooms.rb
 INFO LOG: May_11_02:13: Loading editor/editor.exits.rb
 INFO LOG: May_11_02:13: Loading editor/editor.zones.rb
 INFO LOG: May_11_02:13: Loading editor/editor.npc.rb
 INFO LOG: May_11_02:13: Loading editor/editor.items.rb
 INFO LOG: May_11_02:13: Loading mxp.rb
 INFO LOG: May_11_02:13: Loading mccp.rb
 INFO LOG: May_11_02:13: Loading flags.rb
 INFO LOG: May_11_02:13: Loading areas.rb
 INFO LOG: May_11_02:13: Loading event.rb
 INFO LOG: May_11_02:13: Loading automap/automap.rb
 INFO LOG: May_11_02:13: Loading cities.olc.rb
 INFO LOG: May_11_02:13: Loading cities.rb
 INFO LOG: May_11_02:13: Loading sector definitions.
 INFO LOG: May_11_02:13: Loading help.rb
 INFO LOG: May_11_02:13: Loading imcruby.rb
 INFO LOG: May_11_02:13: Loading player.rb
 INFO LOG: May_11_02:13: Loading commands.rb
 INFO LOG: May_11_02:13: Loading random.rb
 INFO LOG: May_11_02:13: Loading npc.rb
 INFO LOG: May_11_02:13: Loading items/types.rb
 INFO LOG: May_11_02:13: Loading items/items.rb
 INFO LOG: May_11_02:13: Loading spells.rb
 INFO LOG: May_11_02:13: Loading all zones.
 INFO LOG: May_11_02:13: Starting server.
 INFO LOG: May_11_02:13: CoralMUD is now up on port 4000.
 INFO LOG: May_11_02:13: -- 76.202.141.206:49056 connected to CoralMUD!
 INFO LOG: May_11_02:13: -- 76.202.141.206:49056: Retnur is trying to connect.
 INFO LOG: May_11_02:13: -- 76.202.141.206:49056: Retnur player file found.
 INFO LOG: May_11_02:13: -- Retnur has entered the game.
 INFO LOG: May_11_02:15: tick!!!
 INFO LOG: May_11_02:17: tick!!!
 INFO LOG: May_11_02:17: -- #<Player:0x0000000185ebd8>:76.202.141.206:49056 disconnected from CoralMUD!
 INFO LOG: May_11_02:18: Logging enabled.   Loading logs.rb.
 INFO LOG: May_11_02:18: Loading facade.rb
 INFO LOG: May_11_02:18: Loading query_list.rb
 INFO LOG: May_11_02:18: Loading utils.rb
 INFO LOG: May_11_02:18: Loading constants.rb
 INFO LOG: May_11_02:18: Loading damage.rb
 INFO LOG: May_11_02:18: Loading class_property.rb
 INFO LOG: May_11_02:18: Loading scripts.rb
 INFO LOG: May_11_02:18: Loading tags.rb
 INFO LOG: May_11_02:18: Loading editor/editors.rb
 INFO LOG: May_11_02:18: Loading editor/editor.strings.rb
 INFO LOG: May_11_02:18: Loading editor/editor.rooms.rb
 INFO LOG: May_11_02:18: Loading editor/editor.exits.rb
 INFO LOG: May_11_02:18: Loading editor/editor.zones.rb
 INFO LOG: May_11_02:18: Loading editor/editor.npc.rb
 INFO LOG: May_11_02:18: Loading editor/editor.items.rb
 INFO LOG: May_11_02:18: Loading mxp.rb
 INFO LOG: May_11_02:18: Loading mccp.rb
 INFO LOG: May_11_02:18: Loading flags.rb
 INFO LOG: May_11_02:18: Loading areas.rb
 INFO LOG: May_11_02:18: Loading event.rb
 INFO LOG: May_11_02:18: Loading automap/automap.rb
 INFO LOG: May_11_02:18: Loading cities.olc.rb
 INFO LOG: May_11_02:18: Loading cities.rb
 INFO LOG: May_11_02:18: Loading sector definitions.
 INFO LOG: May_11_02:18: Loading help.rb
 INFO LOG: May_11_02:18: Loading imcruby.rb
 INFO LOG: May_11_02:18: Loading player.rb
 INFO LOG: May_11_02:18: Loading commands.rb
 INFO LOG: May_11_02:18: Loading random.rb
 INFO LOG: May_11_02:18: Loading npc.rb
 INFO LOG: May_11_02:18: Loading items/types.rb
 INFO LOG: May_11_02:18: Loading items/items.rb
 INFO LOG: May_11_02:18: Loading spells.rb
 INFO LOG: May_11_02:18: Loading all zones.
 INFO LOG: May_11_02:18: Starting server.
 INFO LOG: May_11_02:18: CoralMUD is now up on port 4000.
 INFO LOG: May_11_02:18: -- 76.202.141.206:47865 connected to CoralMUD!
 INFO LOG: May_11_02:18: -- 76.202.141.206:47865: Retnur is trying to connect.
 INFO LOG: May_11_02:18: -- 76.202.141.206:47865: Retnur player file found.
 INFO LOG: May_11_02:18: -- Retnur has entered the game.
 INFO LOG: May_11_02:19: -- #<Player:0x00000001aa5c20>:76.202.141.206:47865 disconnected from CoralMUD!
 INFO LOG: May_11_02:19: Logging enabled.   Loading logs.rb.
 INFO LOG: May_11_02:19: Loading facade.rb
 INFO LOG: May_11_02:19: Loading query_list.rb
 INFO LOG: May_11_02:19: Loading utils.rb
 INFO LOG: May_11_02:19: Loading constants.rb
 INFO LOG: May_11_02:19: Loading damage.rb
 INFO LOG: May_11_02:19: Loading class_property.rb
 INFO LOG: May_11_02:19: Loading scripts.rb
 INFO LOG: May_11_02:19: Loading tags.rb
 INFO LOG: May_11_02:19: Loading editor/editors.rb
 INFO LOG: May_11_02:19: Loading editor/editor.strings.rb
 INFO LOG: May_11_02:19: Loading editor/editor.rooms.rb
 INFO LOG: May_11_02:19: Loading editor/editor.exits.rb
 INFO LOG: May_11_02:19: Loading editor/editor.zones.rb
 INFO LOG: May_11_02:19: Loading editor/editor.npc.rb
 INFO LOG: May_11_02:19: Loading editor/editor.items.rb
 INFO LOG: May_11_02:19: Loading mxp.rb
 INFO LOG: May_11_02:19: Loading mccp.rb
 INFO LOG: May_11_02:19: Loading flags.rb
 INFO LOG: May_11_02:19: Loading areas.rb
 INFO LOG: May_11_02:19: Loading event.rb
 INFO LOG: May_11_02:19: Loading automap/automap.rb
 INFO LOG: May_11_02:19: Loading cities.olc.rb
 INFO LOG: May_11_02:19: Loading cities.rb
 INFO LOG: May_11_02:19: Loading sector definitions.
 INFO LOG: May_11_02:19: Loading help.rb
 INFO LOG: May_11_02:19: Loading imcruby.rb
 INFO LOG: May_11_02:19: Loading player.rb
 INFO LOG: May_11_02:19: Loading commands.rb
 INFO LOG: May_11_02:19: Loading random.rb
 INFO LOG: May_11_02:19: Loading npc.rb
 INFO LOG: May_11_02:19: Loading items/types.rb
 INFO LOG: May_11_02:19: Loading items/items.rb
 INFO LOG: May_11_02:19: Loading spells.rb
 INFO LOG: May_11_02:19: Loading all zones.
 INFO LOG: May_11_02:19: Starting server.
 INFO LOG: May_11_02:19: CoralMUD is now up on port 4000.
 INFO LOG: May_11_02:19: -- 76.202.141.206:56093 connected to CoralMUD!
 INFO LOG: May_11_02:19: -- 76.202.141.206:56093: () Invalid name in character creation.
 INFO LOG: May_11_02:19: -- 76.202.141.206:56093: Retnur is trying to connect.
 INFO LOG: May_11_02:19: -- 76.202.141.206:56093: Retnur player file found.
 INFO LOG: May_11_02:19: -- Retnur has entered the game.
 INFO LOG: May_11_02:21: tick!!!
 INFO LOG: May_11_02:22: Loading items/types.rb
 INFO LOG: May_11_02:23: tick!!!
 INFO LOG: May_11_02:25: tick!!!
 INFO LOG: May_11_02:27: tick!!!
 INFO LOG: May_11_02:29: tick!!!
 INFO LOG: May_11_02:31: tick!!!
 INFO LOG: May_11_02:33: tick!!!
 INFO LOG: May_11_02:35: tick!!!
 INFO LOG: May_11_02:37: tick!!!
 INFO LOG: May_11_02:39: tick!!!
 INFO LOG: May_11_02:41: tick!!!
 INFO LOG: May_11_02:43: tick!!!
 INFO LOG: May_11_02:45: tick!!!
 INFO LOG: May_11_02:47: tick!!!
 INFO LOG: May_11_02:47: Loading items/types.rb
 INFO LOG: May_11_02:48: -- #<Player:0x000000017a15b0>:76.202.141.206:56093 disconnected from CoralMUD!
 INFO LOG: May_11_02:48: Logging enabled.   Loading logs.rb.
 INFO LOG: May_11_02:48: Loading facade.rb
 INFO LOG: May_11_02:48: Loading query_list.rb
 INFO LOG: May_11_02:48: Loading utils.rb
 INFO LOG: May_11_02:48: Loading constants.rb
 INFO LOG: May_11_02:48: Loading damage.rb
 INFO LOG: May_11_02:48: Loading class_property.rb
 INFO LOG: May_11_02:48: Loading scripts.rb
 INFO LOG: May_11_02:48: Loading tags.rb
 INFO LOG: May_11_02:48: Loading editor/editors.rb
 INFO LOG: May_11_02:48: Loading editor/editor.strings.rb
 INFO LOG: May_11_02:48: Loading editor/editor.rooms.rb
 INFO LOG: May_11_02:48: Loading editor/editor.exits.rb
 INFO LOG: May_11_02:48: Loading editor/editor.zones.rb
 INFO LOG: May_11_02:48: Loading editor/editor.npc.rb
 INFO LOG: May_11_02:48: Loading editor/editor.items.rb
 INFO LOG: May_11_02:48: Loading mxp.rb
 INFO LOG: May_11_02:48: Loading mccp.rb
 INFO LOG: May_11_02:48: Loading flags.rb
 INFO LOG: May_11_02:48: Loading areas.rb
 INFO LOG: May_11_02:48: Loading event.rb
 INFO LOG: May_11_02:48: Loading automap/automap.rb
 INFO LOG: May_11_02:48: Loading cities.olc.rb
 INFO LOG: May_11_02:48: Loading cities.rb
 INFO LOG: May_11_02:48: Loading sector definitions.
 INFO LOG: May_11_02:48: Loading help.rb
 INFO LOG: May_11_02:48: Loading imcruby.rb
 INFO LOG: May_11_02:48: Loading player.rb
 INFO LOG: May_11_02:48: Loading commands.rb
 INFO LOG: May_11_02:48: Loading random.rb
 INFO LOG: May_11_02:48: Loading npc.rb
 INFO LOG: May_11_02:48: Loading items/types.rb
 INFO LOG: May_11_02:48: Loading items/items.rb
 INFO LOG: May_11_02:48: Loading spells.rb
 INFO LOG: May_11_02:48: Loading all zones.
 INFO LOG: May_11_02:48: Starting server.
 INFO LOG: May_11_02:48: CoralMUD is now up on port 4000.
 INFO LOG: May_11_02:48: -- 76.202.141.206:46141 connected to CoralMUD!
 INFO LOG: May_11_02:48: -- 76.202.141.206:46141: Retnuir is trying to connect.
 INFO LOG: May_11_02:48: -- 76.202.141.206:46141: Retnuir:  New Character.
 INFO LOG: May_11_02:48: -- #<Player:0x0000000138c0b0>:76.202.141.206:46141 disconnected from CoralMUD!
 INFO LOG: May_11_02:48: -- 76.202.141.206:38804 connected to CoralMUD!
 INFO LOG: May_11_02:48: -- 76.202.141.206:38804: Retnur is trying to connect.
 INFO LOG: May_11_02:48: -- 76.202.141.206:38804: Retnur player file found.
 INFO LOG: May_11_02:48: -- Retnur has entered the game.
ERROR LOG: undefined method `type=' for nil:NilClass
ERROR LOG: /home/heath/coral/lib/items/types.rb:16:in `item_attribute'
ERROR LOG: /home/heath/coral/lib/editor/editors.rb:11:in `block in filt_to_itype'
ERROR LOG: /home/heath/coral/lib/editor/editors.rb:11:in `collect'
ERROR LOG: /home/heath/coral/lib/editor/editors.rb:11:in `filt_to_itype'
ERROR LOG: /home/heath/coral/lib/editor/editors.rb:162:in `filter'
ERROR LOG: /home/heath/coral/lib/commands.rb:227:in `execute_command'
ERROR LOG: /home/heath/coral/core/socketengine.rb:174:in `block in handle_cmd_input'
ERROR LOG: /home/heath/coral/core/socketengine.rb:173:in `times'
ERROR LOG: /home/heath/coral/core/socketengine.rb:173:in `handle_cmd_input'
ERROR LOG: /home/heath/coral/core/socketengine.rb:135:in `receive_data'
ERROR LOG: /usr/local/lib/ruby/gems/1.9.1/gems/eventmachine-0.12.8/lib/eventmachine.rb:242:in `run_machine'
ERROR LOG: /usr/local/lib/ruby/gems/1.9.1/gems/eventmachine-0.12.8/lib/eventmachine.rb:242:in `run'
ERROR LOG: coral.rb:171:in `<main>'
 INFO LOG: May_11_02:48: Loading items/types.rb
 INFO LOG: May_11_02:48: -- #<Player:0x000000017a2280>:76.202.141.206:38804 disconnected from CoralMUD!
 INFO LOG: May_11_02:48: Logging enabled.   Loading logs.rb.
 INFO LOG: May_11_02:48: Loading facade.rb
 INFO LOG: May_11_02:48: Loading query_list.rb
 INFO LOG: May_11_02:48: Loading utils.rb
 INFO LOG: May_11_02:48: Loading constants.rb
 INFO LOG: May_11_02:48: Loading damage.rb
 INFO LOG: May_11_02:48: Loading class_property.rb
 INFO LOG: May_11_02:48: Loading scripts.rb
 INFO LOG: May_11_02:48: Loading tags.rb
 INFO LOG: May_11_02:48: Loading editor/editors.rb
 INFO LOG: May_11_02:48: Loading editor/editor.strings.rb
 INFO LOG: May_11_02:48: Loading editor/editor.rooms.rb
 INFO LOG: May_11_02:48: Loading editor/editor.exits.rb
 INFO LOG: May_11_02:48: Loading editor/editor.zones.rb
 INFO LOG: May_11_02:48: Loading editor/editor.npc.rb
 INFO LOG: May_11_02:48: Loading editor/editor.items.rb
 INFO LOG: May_11_02:48: Loading mxp.rb
 INFO LOG: May_11_02:48: Loading mccp.rb
 INFO LOG: May_11_02:48: Loading flags.rb
 INFO LOG: May_11_02:48: Loading areas.rb
 INFO LOG: May_11_02:48: Loading event.rb
 INFO LOG: May_11_02:48: Loading automap/automap.rb
 INFO LOG: May_11_02:48: Loading cities.olc.rb
 INFO LOG: May_11_02:48: Loading cities.rb
 INFO LOG: May_11_02:48: Loading sector definitions.
 INFO LOG: May_11_02:48: Loading help.rb
 INFO LOG: May_11_02:48: Loading imcruby.rb
 INFO LOG: May_11_02:48: Loading player.rb
 INFO LOG: May_11_02:48: Loading commands.rb
 INFO LOG: May_11_02:48: Loading random.rb
 INFO LOG: May_11_02:48: Loading npc.rb
 INFO LOG: May_11_02:48: Loading items/types.rb
 INFO LOG: May_11_02:48: Loading items/items.rb
 INFO LOG: May_11_02:48: Loading spells.rb
 INFO LOG: May_11_02:48: Loading all zones.
 INFO LOG: May_11_02:48: Starting server.
 INFO LOG: May_11_02:48: CoralMUD is now up on port 4000.
 INFO LOG: May_11_02:48: -- 76.202.141.206:34955 connected to CoralMUD!
 INFO LOG: May_11_02:49: -- 76.202.141.206:34955: Retnur is trying to connect.
 INFO LOG: May_11_02:49: -- 76.202.141.206:34955: Retnur player file found.
 INFO LOG: May_11_02:49: -- Retnur has entered the game.
 INFO LOG: May_11_02:49: -- #<Player:0x000000028c2010>:76.202.141.206:34955 disconnected from CoralMUD!
 INFO LOG: May_11_02:49: Program closed.
 INFO LOG: May_11_02:51: Logging enabled.   Loading logs.rb.
 INFO LOG: May_11_02:51: Loading facade.rb
 INFO LOG: May_11_02:51: Loading query_list.rb
 INFO LOG: May_11_02:51: Loading utils.rb
 INFO LOG: May_11_02:51: Loading constants.rb
 INFO LOG: May_11_02:51: Loading damage.rb
 INFO LOG: May_11_02:51: Loading class_property.rb
 INFO LOG: May_11_02:51: Loading scripts.rb
 INFO LOG: May_11_02:51: Loading tags.rb
 INFO LOG: May_11_02:51: Loading editor/editors.rb
 INFO LOG: May_11_02:51: Loading editor/editor.strings.rb
 INFO LOG: May_11_02:51: Loading editor/editor.rooms.rb
 INFO LOG: May_11_02:51: Loading editor/editor.exits.rb
 INFO LOG: May_11_02:51: Loading editor/editor.zones.rb
 INFO LOG: May_11_02:51: Loading editor/editor.npc.rb
 INFO LOG: May_11_02:51: Loading editor/editor.items.rb
 INFO LOG: May_11_02:51: Loading mxp.rb
 INFO LOG: May_11_02:51: Loading mccp.rb
 INFO LOG: May_11_02:51: Loading flags.rb
 INFO LOG: May_11_02:51: Loading areas.rb
 INFO LOG: May_11_02:51: Loading event.rb
 INFO LOG: May_11_02:51: Loading automap/automap.rb
 INFO LOG: May_11_02:51: Loading cities.olc.rb
 INFO LOG: May_11_02:51: Loading cities.rb
 INFO LOG: May_11_02:51: Loading sector definitions.
 INFO LOG: May_11_02:51: Loading help.rb
 INFO LOG: May_11_02:51: Loading imcruby.rb
 INFO LOG: May_11_02:51: Loading player.rb
 INFO LOG: May_11_02:51: Loading commands.rb
 INFO LOG: May_11_02:51: Loading random.rb
 INFO LOG: May_11_02:51: Loading npc.rb
 INFO LOG: May_11_02:51: Loading items/types.rb
 INFO LOG: May_11_02:51: Loading items/items.rb
 INFO LOG: May_11_02:51: Loading spells.rb
 INFO LOG: May_11_02:51: Loading all zones.
 INFO LOG: May_11_02:51: Starting server.
 INFO LOG: May_11_02:51: CoralMUD is now up on port 4000.
 INFO LOG: May_11_02:51: -- 76.202.141.206:58572 connected to CoralMUD!
 INFO LOG: May_11_02:51: -- 76.202.141.206:58572: Retnur is trying to connect.
 INFO LOG: May_11_02:51: -- 76.202.141.206:58572: Retnur player file found.
 INFO LOG: May_11_02:51: -- Retnur has entered the game.
 INFO LOG: May_11_02:52: -- #<Player:0x0000000212ceb8>:76.202.141.206:58572 disconnected from CoralMUD!
 INFO LOG: May_11_02:52: Logging enabled.   Loading logs.rb.
 INFO LOG: May_11_02:52: Loading facade.rb
 INFO LOG: May_11_02:52: Loading query_list.rb
 INFO LOG: May_11_02:52: Loading utils.rb
 INFO LOG: May_11_02:52: Loading constants.rb
 INFO LOG: May_11_02:52: Loading damage.rb
 INFO LOG: May_11_02:52: Loading class_property.rb
 INFO LOG: May_11_02:52: Loading scripts.rb
 INFO LOG: May_11_02:52: Loading tags.rb
 INFO LOG: May_11_02:52: Loading editor/editors.rb
 INFO LOG: May_11_02:52: Loading editor/editor.strings.rb
 INFO LOG: May_11_02:52: Loading editor/editor.rooms.rb
 INFO LOG: May_11_02:52: Loading editor/editor.exits.rb
 INFO LOG: May_11_02:52: Loading editor/editor.zones.rb
 INFO LOG: May_11_02:52: Loading editor/editor.npc.rb
 INFO LOG: May_11_02:52: Loading editor/editor.items.rb
 INFO LOG: May_11_02:52: Loading mxp.rb
 INFO LOG: May_11_02:52: Loading mccp.rb
 INFO LOG: May_11_02:52: Loading flags.rb
 INFO LOG: May_11_02:52: Loading areas.rb
 INFO LOG: May_11_02:52: Loading event.rb
 INFO LOG: May_11_02:52: Loading automap/automap.rb
 INFO LOG: May_11_02:52: Loading cities.olc.rb
 INFO LOG: May_11_02:52: Loading cities.rb
 INFO LOG: May_11_02:52: Loading sector definitions.
 INFO LOG: May_11_02:52: Loading help.rb
 INFO LOG: May_11_02:52: Loading imcruby.rb
 INFO LOG: May_11_02:52: Loading player.rb
 INFO LOG: May_11_02:52: Loading commands.rb
 INFO LOG: May_11_02:52: Loading random.rb
 INFO LOG: May_11_02:52: Loading npc.rb
 INFO LOG: May_11_02:52: Loading items/types.rb
 INFO LOG: May_11_02:52: Loading items/items.rb
 INFO LOG: May_11_02:52: Loading spells.rb
 INFO LOG: May_11_02:52: Loading all zones.
 INFO LOG: May_11_02:52: Starting server.
 INFO LOG: May_11_02:52: CoralMUD is now up on port 4000.
 INFO LOG: May_11_02:52: -- 76.202.141.206:35972 connected to CoralMUD!
 INFO LOG: May_11_02:52: -- 76.202.141.206:35972: Retnur is trying to connect.
 INFO LOG: May_11_02:52: -- 76.202.141.206:35972: Retnur player file found.
 INFO LOG: May_11_02:52: -- Retnur has entered the game.
 INFO LOG: May_11_02:54: tick!!!
 INFO LOG: May_11_02:56: tick!!!
 INFO LOG: May_11_02:58: tick!!!
 INFO LOG: May_11_03:00: tick!!!
 INFO LOG: May_11_03:02: tick!!!
 INFO LOG: May_11_03:04: tick!!!
 INFO LOG: May_11_03:06: tick!!!
 INFO LOG: May_11_03:08: tick!!!
 INFO LOG: May_11_03:10: tick!!!
 INFO LOG: May_11_03:12: tick!!!
 INFO LOG: May_11_03:14: tick!!!
 INFO LOG: May_11_03:16: tick!!!
 INFO LOG: May_11_03:18: tick!!!
 INFO LOG: May_11_03:20: tick!!!
 INFO LOG: May_11_03:22: tick!!!
 INFO LOG: May_11_03:24: tick!!!
 INFO LOG: May_11_03:26: tick!!!
 INFO LOG: May_11_03:28: tick!!!
 INFO LOG: May_11_03:30: tick!!!
 INFO LOG: May_11_03:32: tick!!!
 INFO LOG: May_11_03:34: tick!!!
 INFO LOG: May_11_03:36: tick!!!
 INFO LOG: May_11_03:38: tick!!!
 INFO LOG: May_11_03:40: tick!!!
 INFO LOG: May_11_03:42: tick!!!
 INFO LOG: May_11_03:44: tick!!!
 INFO LOG: May_11_03:46: tick!!!
 INFO LOG: May_11_03:48: tick!!!
 INFO LOG: May_11_03:50: tick!!!
 INFO LOG: May_11_03:52: tick!!!
 INFO LOG: May_11_03:54: tick!!!
 INFO LOG: May_11_03:56: tick!!!
 INFO LOG: May_11_03:58: tick!!!
 INFO LOG: May_11_04:00: tick!!!
 INFO LOG: May_11_04:02: tick!!!
 INFO LOG: May_11_04:04: tick!!!
 INFO LOG: May_11_04:06: tick!!!
 INFO LOG: May_11_04:08: tick!!!
 INFO LOG: May_11_04:10: tick!!!
 INFO LOG: May_11_04:12: tick!!!
 INFO LOG: May_11_04:14: tick!!!
 INFO LOG: May_11_04:16: tick!!!
 INFO LOG: May_11_04:18: tick!!!
 INFO LOG: May_11_04:20: tick!!!
 INFO LOG: May_11_04:22: tick!!!
 INFO LOG: May_11_04:24: tick!!!
 INFO LOG: May_11_04:26: tick!!!
 INFO LOG: May_11_04:28: tick!!!
 INFO LOG: May_11_04:30: tick!!!
 INFO LOG: May_11_04:32: tick!!!
 INFO LOG: May_11_04:34: tick!!!
 INFO LOG: May_11_04:36: tick!!!
 INFO LOG: May_11_04:38: tick!!!
 INFO LOG: May_11_04:40: tick!!!
 INFO LOG: May_11_04:42: tick!!!
 INFO LOG: May_11_04:44: tick!!!
 INFO LOG: May_11_04:46: tick!!!
 INFO LOG: May_11_04:48: tick!!!
 INFO LOG: May_11_04:50: tick!!!
 INFO LOG: May_11_04:52: tick!!!
 INFO LOG: May_11_04:54: tick!!!
 INFO LOG: May_11_04:56: tick!!!
 INFO LOG: May_11_04:58: tick!!!
 INFO LOG: May_11_05:00: tick!!!
 INFO LOG: May_11_05:02: tick!!!
 INFO LOG: May_11_05:04: -- #<Player:0x000000013a5218>:76.202.141.206:35972 disconnected from CoralMUD!
 INFO LOG: May_11_05:04: Program closed.
