 INFO LOG: May_10_22:16: Logging enabled.   Loading logs.rb.
 INFO LOG: May_10_22:16: Loading facade.rb
 INFO LOG: May_10_22:16: Loading query_list.rb
 INFO LOG: May_10_22:16: Loading utils.rb
 INFO LOG: May_10_22:16: Loading constants.rb
 INFO LOG: May_10_22:16: Loading damage.rb
 INFO LOG: May_10_22:16: Loading class_property.rb
 INFO LOG: May_10_22:16: Loading scripts.rb
 INFO LOG: May_10_22:16: Loading tags.rb
 INFO LOG: May_10_22:16: Loading editor/editors.rb
 INFO LOG: May_10_22:16: Loading editor/editor.strings.rb
 INFO LOG: May_10_22:16: Loading editor/editor.rooms.rb
 INFO LOG: May_10_22:16: Loading editor/editor.exits.rb
 INFO LOG: May_10_22:16: Loading editor/editor.zones.rb
 INFO LOG: May_10_22:16: Loading editor/editor.npc.rb
 INFO LOG: May_10_22:16: Loading editor/editor.items.rb
 INFO LOG: May_10_22:16: Loading mxp.rb
 INFO LOG: May_10_22:16: Loading mccp.rb
 INFO LOG: May_10_22:16: Loading flags.rb
 INFO LOG: May_10_22:16: Loading areas.rb
 INFO LOG: May_10_22:16: Loading event.rb
 INFO LOG: May_10_22:16: Loading automap/automap.rb
 INFO LOG: May_10_22:16: Loading cities.olc.rb
 INFO LOG: May_10_22:16: Loading cities.rb
 INFO LOG: May_10_22:16: Loading sector definitions.
 INFO LOG: May_10_22:16: Loading help.rb
 INFO LOG: May_10_22:16: Loading imcruby.rb
 INFO LOG: May_10_22:16: Loading player.rb
 INFO LOG: May_10_22:16: Loading commands.rb
 INFO LOG: May_10_22:16: Loading random.rb
 INFO LOG: May_10_22:16: Loading npc.rb
 INFO LOG: May_10_22:16: Loading items/types.rb
 INFO LOG: May_10_22:16: Loading items/items.rb
 INFO LOG: May_10_22:16: Loading spells.rb
 INFO LOG: May_10_22:16: Loading all zones.
 INFO LOG: May_10_22:16: Starting server.
 INFO LOG: May_10_22:16: CoralMUD is now up on port 4000.
 INFO LOG: May_10_22:18: tick!!!
 INFO LOG: May_10_22:18: -- 76.202.141.206:42220 connected to CoralMUD!
 INFO LOG: May_10_22:18: -- 76.202.141.206:42220: Retnur is trying to connect.
 INFO LOG: May_10_22:18: -- 76.202.141.206:42220: Retnur player file found.
 INFO LOG: May_10_22:18: -- Retnur has entered the game.
 INFO LOG: May_10_22:20: tick!!!
 INFO LOG: May_10_22:22: tick!!!
 INFO LOG: May_10_22:24: tick!!!
 INFO LOG: May_10_22:26: tick!!!
 INFO LOG: May_10_22:28: tick!!!
 INFO LOG: May_10_22:30: tick!!!
 INFO LOG: May_10_22:32: tick!!!
 INFO LOG: May_10_22:34: tick!!!
 INFO LOG: May_10_22:36: tick!!!
 INFO LOG: May_10_22:38: tick!!!
 INFO LOG: May_10_22:40: tick!!!
 INFO LOG: May_10_22:42: tick!!!
 INFO LOG: May_10_22:44: tick!!!
 INFO LOG: May_10_22:46: tick!!!
 INFO LOG: May_10_22:48: tick!!!
 INFO LOG: May_10_22:50: tick!!!
 INFO LOG: May_10_22:52: tick!!!
 INFO LOG: May_10_22:54: tick!!!
 INFO LOG: May_10_22:56: tick!!!
 INFO LOG: May_10_22:58: tick!!!
 INFO LOG: May_10_23:00: tick!!!
 INFO LOG: May_10_23:02: tick!!!
 INFO LOG: May_10_23:04: tick!!!
 INFO LOG: May_10_23:06: tick!!!
 INFO LOG: May_10_23:08: tick!!!
 INFO LOG: May_10_23:10: tick!!!
 INFO LOG: May_10_23:12: tick!!!
 INFO LOG: May_10_23:14: tick!!!
 INFO LOG: May_10_23:16: tick!!!
 INFO LOG: May_10_23:18: tick!!!
 INFO LOG: May_10_23:20: tick!!!
 INFO LOG: May_10_23:22: tick!!!
 INFO LOG: May_10_23:24: tick!!!
 INFO LOG: May_10_23:26: tick!!!
 INFO LOG: May_10_23:28: tick!!!
 INFO LOG: May_10_23:30: tick!!!
 INFO LOG: May_10_23:32: tick!!!
 INFO LOG: May_10_23:34: tick!!!
 INFO LOG: May_10_23:36: tick!!!
 INFO LOG: May_10_23:38: tick!!!
 INFO LOG: May_10_23:40: tick!!!
 INFO LOG: May_10_23:42: tick!!!
 INFO LOG: May_10_23:43: -- #<Player:0x000000027dd5a0>:76.202.141.206:42220 disconnected from CoralMUD!
 INFO LOG: May_10_23:44: tick!!!
 INFO LOG: May_10_23:46: tick!!!
 INFO LOG: May_10_23:48: tick!!!
 INFO LOG: May_10_23:50: tick!!!
 INFO LOG: May_10_23:52: tick!!!
 INFO LOG: May_10_23:54: tick!!!
 INFO LOG: May_10_23:56: tick!!!
 INFO LOG: May_10_23:58: tick!!!
 INFO LOG: May_11_00:00: tick!!!
 INFO LOG: May_11_00:02: tick!!!
 INFO LOG: May_11_00:04: tick!!!
 INFO LOG: May_11_00:06: tick!!!
 INFO LOG: May_11_00:08: tick!!!
 INFO LOG: May_11_00:10: tick!!!
 INFO LOG: May_11_00:12: tick!!!
 INFO LOG: May_11_00:14: tick!!!
 INFO LOG: May_11_00:16: tick!!!
 INFO LOG: May_11_00:18: tick!!!
 INFO LOG: May_11_00:20: tick!!!
 INFO LOG: May_11_00:22: tick!!!
 INFO LOG: May_11_00:24: tick!!!
 INFO LOG: May_11_00:26: tick!!!
 INFO LOG: May_11_00:28: tick!!!
 INFO LOG: May_11_00:30: tick!!!
 INFO LOG: May_11_00:32: tick!!!
 INFO LOG: May_11_00:34: tick!!!
 INFO LOG: May_11_00:36: tick!!!
 INFO LOG: May_11_00:38: tick!!!
 INFO LOG: May_11_00:40: tick!!!
 INFO LOG: May_11_00:42: tick!!!
 INFO LOG: May_11_00:44: tick!!!
 INFO LOG: May_11_00:46: tick!!!
 INFO LOG: May_11_00:48: tick!!!
 INFO LOG: May_11_00:50: tick!!!
 INFO LOG: May_11_00:52: tick!!!
 INFO LOG: May_11_00:54: tick!!!
 INFO LOG: May_11_00:56: tick!!!
 INFO LOG: May_11_00:58: tick!!!
 INFO LOG: May_11_01:00: tick!!!
 INFO LOG: May_11_01:02: tick!!!
 INFO LOG: May_11_01:04: tick!!!
 INFO LOG: May_11_01:06: tick!!!
 INFO LOG: May_11_01:08: tick!!!
 INFO LOG: May_11_01:10: tick!!!
 INFO LOG: May_11_01:12: tick!!!
 INFO LOG: May_11_01:14: tick!!!
 INFO LOG: May_11_01:16: tick!!!
 INFO LOG: May_11_01:18: tick!!!
 INFO LOG: May_11_01:20: tick!!!
 INFO LOG: May_11_01:22: tick!!!
 INFO LOG: May_11_01:24: tick!!!
 INFO LOG: May_11_01:25: -- 76.202.141.206:52217 connected to CoralMUD!
 INFO LOG: May_11_01:25: -- 76.202.141.206:52217: Retnur is trying to connect.
 INFO LOG: May_11_01:25: -- 76.202.141.206:52217: Retnur player file found.
 INFO LOG: May_11_01:25: -- 76.202.141.206:52217: #<Player:0x000000027dd5a0> has reconnected.
 INFO LOG: May_11_01:25: -- Retnur has entered the game.
 INFO LOG: May_11_01:26: tick!!!
 INFO LOG: May_11_01:28: tick!!!
 INFO LOG: May_11_01:30: tick!!!
 INFO LOG: May_11_01:32: tick!!!
 INFO LOG: May_11_01:34: tick!!!
 INFO LOG: May_11_01:35: Loading items/types.rb
 INFO LOG: May_11_01:35: -- #<Player:0x000000027dd5a0>:76.202.141.206:52217 disconnected from CoralMUD!
