 INFO LOG: May_19_11:51: Logging enabled.   Loading logs.rb.
 INFO LOG: May_19_11:51: Loading facade.rb
 INFO LOG: May_19_11:51: Loading query_list.rb
 INFO LOG: May_19_11:51: Loading utils.rb
 INFO LOG: May_19_11:51: Loading constants.rb
 INFO LOG: May_19_11:51: Loading damage.rb
 INFO LOG: May_19_11:51: Loading class_property.rb
 INFO LOG: May_19_11:51: Loading scripts.rb
 INFO LOG: May_19_11:51: Loading tags.rb
 INFO LOG: May_19_11:51: Loading editor/editors.rb
 INFO LOG: May_19_11:51: Loading editor/editor.strings.rb
 INFO LOG: May_19_11:51: Loading editor/editor.rooms.rb
 INFO LOG: May_19_11:51: Loading editor/editor.exits.rb
 INFO LOG: May_19_11:51: Loading editor/editor.zones.rb
 INFO LOG: May_19_11:51: Loading editor/editor.npc.rb
 INFO LOG: May_19_11:51: Loading editor/editor.items.rb
 INFO LOG: May_19_11:51: Loading mxp.rb
 INFO LOG: May_19_11:51: Loading mccp.rb
 INFO LOG: May_19_11:51: Loading flags.rb
 INFO LOG: May_19_11:51: Loading areas.rb
 INFO LOG: May_19_11:51: Loading security.rb
 INFO LOG: May_19_11:51: Loading event.rb
 INFO LOG: May_19_11:51: Loading automap/automap.rb
 INFO LOG: May_19_11:51: Loading cities.olc.rb
 INFO LOG: May_19_11:51: Loading cities.rb
 INFO LOG: May_19_11:51: Loading sector definitions.
 INFO LOG: May_19_11:51: Loading help.rb
 INFO LOG: May_19_11:51: Loading imcruby.rb
 INFO LOG: May_19_11:51: Loading player.rb
 INFO LOG: May_19_11:51: Loading commands.rb
 INFO LOG: May_19_11:51: Loading editor/editor.player.rb
 INFO LOG: May_19_11:51: Loading random.rb
 INFO LOG: May_19_11:51: Loading npc.rb
 INFO LOG: May_19_11:51: Loading items/types.rb
 INFO LOG: May_19_11:51: Loading items/items.rb
 INFO LOG: May_19_11:51: Loading spells.rb
 INFO LOG: May_19_11:51: Loading all zones.
 INFO LOG: May_19_11:51: Starting server.
 INFO LOG: May_19_11:51: CoralMUD is now up on port 4000.
 INFO LOG: May_19_11:51: -- 76.202.141.206:32882 connected to CoralMUD!
 INFO LOG: May_19_11:51: -- 76.202.141.206:32882: Retnur is trying to connect.
 INFO LOG: May_19_11:51: -- 76.202.141.206:32882: Retnur player file found.
 INFO LOG: May_19_11:51: -- Retnur has entered the game.
 INFO LOG: May_19_11:52: -- #<Player:0x000000023fadc0>:76.202.141.206:32882 disconnected from CoralMUD!
 INFO LOG: May_19_11:52: Logging enabled.   Loading logs.rb.
 INFO LOG: May_19_11:52: Loading facade.rb
 INFO LOG: May_19_11:52: Loading query_list.rb
 INFO LOG: May_19_11:52: Loading utils.rb
 INFO LOG: May_19_11:52: Loading constants.rb
 INFO LOG: May_19_11:52: Loading damage.rb
 INFO LOG: May_19_11:52: Loading class_property.rb
 INFO LOG: May_19_11:52: Loading scripts.rb
 INFO LOG: May_19_11:52: Loading tags.rb
 INFO LOG: May_19_11:52: Loading editor/editors.rb
 INFO LOG: May_19_11:52: Loading editor/editor.strings.rb
 INFO LOG: May_19_11:52: Loading editor/editor.rooms.rb
 INFO LOG: May_19_11:52: Loading editor/editor.exits.rb
 INFO LOG: May_19_11:52: Loading editor/editor.zones.rb
 INFO LOG: May_19_11:52: Loading editor/editor.npc.rb
 INFO LOG: May_19_11:52: Loading editor/editor.items.rb
 INFO LOG: May_19_11:52: Loading editor/editor.socials.rb
 INFO LOG: May_19_11:52: Loading socials.rb
 INFO LOG: May_19_11:52: Loading mxp.rb
 INFO LOG: May_19_11:52: Loading mccp.rb
 INFO LOG: May_19_11:52: Loading flags.rb
 INFO LOG: May_19_11:52: Loading areas.rb
 INFO LOG: May_19_11:52: Loading security.rb
 INFO LOG: May_19_11:52: Loading event.rb
 INFO LOG: May_19_11:52: Loading automap/automap.rb
 INFO LOG: May_19_11:52: Loading cities.olc.rb
 INFO LOG: May_19_11:52: Loading cities.rb
 INFO LOG: May_19_11:52: Loading sector definitions.
 INFO LOG: May_19_11:52: Loading help.rb
 INFO LOG: May_19_11:52: Loading imcruby.rb
 INFO LOG: May_19_11:52: Loading player.rb
 INFO LOG: May_19_11:52: Loading commands.rb
 INFO LOG: May_19_11:52: Loading editor/editor.player.rb
 INFO LOG: May_19_11:52: Loading random.rb
 INFO LOG: May_19_11:52: Loading npc.rb
 INFO LOG: May_19_11:52: Loading items/types.rb
 INFO LOG: May_19_11:52: Loading items/items.rb
 INFO LOG: May_19_11:52: Loading spells.rb
 INFO LOG: May_19_11:52: Loading all zones.
 INFO LOG: May_19_11:52: Starting server.
 INFO LOG: May_19_11:52: CoralMUD is now up on port 4000.
 INFO LOG: May_19_11:52: -- 76.202.141.206:43296 connected to CoralMUD!
 INFO LOG: May_19_11:52: -- 76.202.141.206:43296: Retnur is trying to connect.
 INFO LOG: May_19_11:52: -- 76.202.141.206:43296: Retnur player file found.
 INFO LOG: May_19_11:52: -- Retnur has entered the game.
 INFO LOG: May_19_11:54: tick!!!
 INFO LOG: May_19_11:55: -- #<Player:0x00000002404cd0>:76.202.141.206:43296 disconnected from CoralMUD!
 INFO LOG: May_19_11:55: Logging enabled.   Loading logs.rb.
 INFO LOG: May_19_11:55: Loading facade.rb
 INFO LOG: May_19_11:55: Loading query_list.rb
 INFO LOG: May_19_11:55: Loading utils.rb
 INFO LOG: May_19_11:55: Loading constants.rb
 INFO LOG: May_19_11:55: Loading damage.rb
 INFO LOG: May_19_11:55: Loading class_property.rb
 INFO LOG: May_19_11:55: Loading scripts.rb
 INFO LOG: May_19_11:55: Loading tags.rb
 INFO LOG: May_19_11:55: Loading editor/editors.rb
 INFO LOG: May_19_11:55: Loading editor/editor.strings.rb
 INFO LOG: May_19_11:55: Loading editor/editor.rooms.rb
 INFO LOG: May_19_11:55: Loading editor/editor.exits.rb
 INFO LOG: May_19_11:55: Loading editor/editor.zones.rb
 INFO LOG: May_19_11:55: Loading editor/editor.npc.rb
 INFO LOG: May_19_11:55: Loading editor/editor.items.rb
 INFO LOG: May_19_11:55: Loading editor/editor.socials.rb
 INFO LOG: May_19_11:55: Loading socials.rb
 INFO LOG: May_19_11:55: Loading mxp.rb
 INFO LOG: May_19_11:55: Loading mccp.rb
 INFO LOG: May_19_11:55: Loading flags.rb
 INFO LOG: May_19_11:55: Loading areas.rb
 INFO LOG: May_19_11:55: Loading security.rb
 INFO LOG: May_19_11:55: Loading event.rb
 INFO LOG: May_19_11:55: Loading automap/automap.rb
 INFO LOG: May_19_11:55: Loading cities.olc.rb
 INFO LOG: May_19_11:55: Loading cities.rb
 INFO LOG: May_19_11:55: Loading sector definitions.
 INFO LOG: May_19_11:55: Loading help.rb
 INFO LOG: May_19_11:55: Loading imcruby.rb
 INFO LOG: May_19_11:55: Loading player.rb
 INFO LOG: May_19_11:55: Loading commands.rb
 INFO LOG: May_19_11:55: Loading editor/editor.player.rb
 INFO LOG: May_19_11:55: Loading random.rb
 INFO LOG: May_19_11:55: Loading npc.rb
 INFO LOG: May_19_11:55: Loading items/types.rb
 INFO LOG: May_19_11:55: Loading items/items.rb
 INFO LOG: May_19_11:55: Loading spells.rb
 INFO LOG: May_19_11:55: Loading all zones.
 INFO LOG: May_19_11:55: Starting server.
 INFO LOG: May_19_11:55: CoralMUD is now up on port 4000.
 INFO LOG: May_19_11:55: -- 76.202.141.206:55946 connected to CoralMUD!
 INFO LOG: May_19_11:55: -- 76.202.141.206:55946: Retnur is trying to connect.
 INFO LOG: May_19_11:55: -- 76.202.141.206:55946: Retnur player file found.
 INFO LOG: May_19_11:55: -- Retnur has entered the game.
 INFO LOG: May_19_11:55: -- #<Player:0x0000000221db88>:76.202.141.206:55946 disconnected from CoralMUD!
 INFO LOG: May_19_11:55: Logging enabled.   Loading logs.rb.
 INFO LOG: May_19_11:55: Loading facade.rb
 INFO LOG: May_19_11:55: Loading query_list.rb
 INFO LOG: May_19_11:55: Loading utils.rb
 INFO LOG: May_19_11:55: Loading constants.rb
 INFO LOG: May_19_11:55: Loading damage.rb
 INFO LOG: May_19_11:55: Loading class_property.rb
 INFO LOG: May_19_11:55: Loading scripts.rb
 INFO LOG: May_19_11:55: Loading tags.rb
 INFO LOG: May_19_11:55: Loading editor/editors.rb
 INFO LOG: May_19_11:55: Loading editor/editor.strings.rb
 INFO LOG: May_19_11:55: Loading editor/editor.rooms.rb
 INFO LOG: May_19_11:55: Loading editor/editor.exits.rb
 INFO LOG: May_19_11:55: Loading editor/editor.zones.rb
 INFO LOG: May_19_11:55: Loading editor/editor.npc.rb
 INFO LOG: May_19_11:55: Loading editor/editor.items.rb
 INFO LOG: May_19_11:55: Loading editor/editor.socials.rb
 INFO LOG: May_19_11:55: Loading socials.rb
 INFO LOG: May_19_11:55: Loading mxp.rb
 INFO LOG: May_19_11:55: Loading mccp.rb
 INFO LOG: May_19_11:55: Loading flags.rb
 INFO LOG: May_19_11:55: Loading areas.rb
 INFO LOG: May_19_11:55: Loading security.rb
 INFO LOG: May_19_11:55: Loading event.rb
 INFO LOG: May_19_11:55: Loading automap/automap.rb
 INFO LOG: May_19_11:55: Loading cities.olc.rb
 INFO LOG: May_19_11:55: Loading cities.rb
 INFO LOG: May_19_11:55: Loading sector definitions.
 INFO LOG: May_19_11:55: Loading help.rb
 INFO LOG: May_19_11:55: Loading imcruby.rb
 INFO LOG: May_19_11:55: Loading player.rb
 INFO LOG: May_19_11:55: Loading commands.rb
 INFO LOG: May_19_11:55: Loading editor/editor.player.rb
 INFO LOG: May_19_11:55: Loading random.rb
 INFO LOG: May_19_11:55: Loading npc.rb
 INFO LOG: May_19_11:55: Loading items/types.rb
 INFO LOG: May_19_11:55: Loading items/items.rb
 INFO LOG: May_19_11:55: Loading spells.rb
 INFO LOG: May_19_11:55: Loading all zones.
 INFO LOG: May_19_11:55: Starting server.
 INFO LOG: May_19_11:55: CoralMUD is now up on port 4000.
 INFO LOG: May_19_11:55: -- 76.202.141.206:36278 connected to CoralMUD!
 INFO LOG: May_19_11:55: -- 76.202.141.206:36278: () Invalid name in character creation.
 INFO LOG: May_19_11:55: -- 76.202.141.206:36278: Retnur is trying to connect.
 INFO LOG: May_19_11:55: -- 76.202.141.206:36278: Retnur player file found.
 INFO LOG: May_19_11:55: -- Retnur has entered the game.
 INFO LOG: May_19_11:56: -- #<Player:0x000000029d2e78>:76.202.141.206:36278 disconnected from CoralMUD!
 INFO LOG: May_19_11:56: Logging enabled.   Loading logs.rb.
 INFO LOG: May_19_11:56: Loading facade.rb
 INFO LOG: May_19_11:56: Loading query_list.rb
 INFO LOG: May_19_11:56: Loading utils.rb
 INFO LOG: May_19_11:56: Loading constants.rb
 INFO LOG: May_19_11:56: Loading damage.rb
 INFO LOG: May_19_11:56: Loading class_property.rb
 INFO LOG: May_19_11:56: Loading scripts.rb
 INFO LOG: May_19_11:56: Loading tags.rb
 INFO LOG: May_19_11:56: Loading editor/editors.rb
 INFO LOG: May_19_11:56: Loading editor/editor.strings.rb
 INFO LOG: May_19_11:56: Loading editor/editor.rooms.rb
 INFO LOG: May_19_11:56: Loading editor/editor.exits.rb
 INFO LOG: May_19_11:56: Loading editor/editor.zones.rb
 INFO LOG: May_19_11:56: Loading editor/editor.npc.rb
 INFO LOG: May_19_11:56: Loading editor/editor.items.rb
 INFO LOG: May_19_11:56: Loading editor/editor.socials.rb
 INFO LOG: May_19_11:56: Loading socials.rb
 INFO LOG: May_19_11:56: Loading mxp.rb
 INFO LOG: May_19_11:56: Loading mccp.rb
 INFO LOG: May_19_11:56: Loading flags.rb
 INFO LOG: May_19_11:56: Loading areas.rb
 INFO LOG: May_19_11:56: Loading security.rb
 INFO LOG: May_19_11:56: Loading event.rb
 INFO LOG: May_19_11:56: Loading automap/automap.rb
 INFO LOG: May_19_11:56: Loading cities.olc.rb
 INFO LOG: May_19_11:56: Loading cities.rb
 INFO LOG: May_19_11:56: Loading sector definitions.
 INFO LOG: May_19_11:56: Loading help.rb
 INFO LOG: May_19_11:56: Loading imcruby.rb
 INFO LOG: May_19_11:56: Loading player.rb
 INFO LOG: May_19_11:56: Loading commands.rb
 INFO LOG: May_19_11:56: Loading editor/editor.player.rb
 INFO LOG: May_19_11:56: Loading random.rb
 INFO LOG: May_19_11:56: Loading npc.rb
 INFO LOG: May_19_11:56: Loading items/types.rb
 INFO LOG: May_19_11:56: Loading items/items.rb
 INFO LOG: May_19_11:56: Loading spells.rb
 INFO LOG: May_19_11:56: Loading all zones.
 INFO LOG: May_19_11:56: Starting server.
 INFO LOG: May_19_11:56: CoralMUD is now up on port 4000.
 INFO LOG: May_19_11:56: -- 76.202.141.206:47757 connected to CoralMUD!
 INFO LOG: May_19_11:56: -- 76.202.141.206:47757: () Invalid name in character creation.
 INFO LOG: May_19_11:56: -- 76.202.141.206:47757: Retnur is trying to connect.
 INFO LOG: May_19_11:56: -- 76.202.141.206:47757: Retnur player file found.
 INFO LOG: May_19_11:56: -- Retnur has entered the game.
 INFO LOG: May_19_11:57: -- #<Player:0x00000001ef5e10>:76.202.141.206:47757 disconnected from CoralMUD!
 INFO LOG: May_19_11:57: Logging enabled.   Loading logs.rb.
 INFO LOG: May_19_11:57: Loading facade.rb
 INFO LOG: May_19_11:57: Loading query_list.rb
 INFO LOG: May_19_11:57: Loading utils.rb
 INFO LOG: May_19_11:57: Loading constants.rb
 INFO LOG: May_19_11:57: Loading damage.rb
 INFO LOG: May_19_11:57: Loading class_property.rb
 INFO LOG: May_19_11:57: Loading scripts.rb
 INFO LOG: May_19_11:57: Loading tags.rb
 INFO LOG: May_19_11:57: Loading editor/editors.rb
 INFO LOG: May_19_11:57: Loading editor/editor.strings.rb
 INFO LOG: May_19_11:57: Loading editor/editor.rooms.rb
 INFO LOG: May_19_11:57: Loading editor/editor.exits.rb
 INFO LOG: May_19_11:57: Loading editor/editor.zones.rb
 INFO LOG: May_19_11:57: Loading editor/editor.npc.rb
 INFO LOG: May_19_11:57: Loading editor/editor.items.rb
 INFO LOG: May_19_11:57: Loading editor/editor.socials.rb
 INFO LOG: May_19_11:57: Loading socials.rb
 INFO LOG: May_19_11:57: Loading mxp.rb
 INFO LOG: May_19_11:57: Loading mccp.rb
 INFO LOG: May_19_11:57: Loading flags.rb
 INFO LOG: May_19_11:57: Loading areas.rb
 INFO LOG: May_19_11:57: Loading security.rb
 INFO LOG: May_19_11:57: Loading event.rb
 INFO LOG: May_19_11:57: Loading automap/automap.rb
 INFO LOG: May_19_11:57: Loading cities.olc.rb
 INFO LOG: May_19_11:57: Loading cities.rb
 INFO LOG: May_19_11:57: Loading sector definitions.
 INFO LOG: May_19_11:57: Loading help.rb
 INFO LOG: May_19_11:57: Loading imcruby.rb
 INFO LOG: May_19_11:57: Loading player.rb
 INFO LOG: May_19_11:57: Loading commands.rb
 INFO LOG: May_19_11:57: Loading editor/editor.player.rb
 INFO LOG: May_19_11:57: Loading random.rb
 INFO LOG: May_19_11:57: Loading npc.rb
 INFO LOG: May_19_11:57: Loading items/types.rb
 INFO LOG: May_19_11:57: Loading items/items.rb
 INFO LOG: May_19_11:57: Loading spells.rb
 INFO LOG: May_19_11:57: Loading all zones.
 INFO LOG: May_19_11:57: Starting server.
 INFO LOG: May_19_11:57: CoralMUD is now up on port 4000.
 INFO LOG: May_19_11:57: -- 76.202.141.206:48576 connected to CoralMUD!
 INFO LOG: May_19_11:57: -- 76.202.141.206:48576: () Invalid name in character creation.
 INFO LOG: May_19_11:57: -- 76.202.141.206:48576: Retnur is trying to connect.
 INFO LOG: May_19_11:57: -- 76.202.141.206:48576: Retnur player file found.
 INFO LOG: May_19_11:57: -- Retnur has entered the game.
 INFO LOG: May_19_11:59: tick!!!
 INFO LOG: May_19_11:59: -- #<Player:0x00000002d91fa0>:76.202.141.206:48576 disconnected from CoralMUD!
 INFO LOG: May_19_11:59: Logging enabled.   Loading logs.rb.
 INFO LOG: May_19_11:59: Loading facade.rb
 INFO LOG: May_19_11:59: Loading query_list.rb
 INFO LOG: May_19_11:59: Loading utils.rb
 INFO LOG: May_19_11:59: Loading constants.rb
 INFO LOG: May_19_11:59: Loading damage.rb
 INFO LOG: May_19_11:59: Loading class_property.rb
 INFO LOG: May_19_11:59: Loading scripts.rb
 INFO LOG: May_19_11:59: Loading tags.rb
 INFO LOG: May_19_11:59: Loading editor/editors.rb
 INFO LOG: May_19_11:59: Loading editor/editor.strings.rb
 INFO LOG: May_19_11:59: Loading editor/editor.rooms.rb
 INFO LOG: May_19_11:59: Loading editor/editor.exits.rb
 INFO LOG: May_19_11:59: Loading editor/editor.zones.rb
 INFO LOG: May_19_11:59: Loading editor/editor.npc.rb
 INFO LOG: May_19_11:59: Loading editor/editor.items.rb
 INFO LOG: May_19_11:59: Loading editor/editor.socials.rb
 INFO LOG: May_19_11:59: Loading socials.rb
 INFO LOG: May_19_11:59: Loading mxp.rb
 INFO LOG: May_19_11:59: Loading mccp.rb
 INFO LOG: May_19_11:59: Loading flags.rb
 INFO LOG: May_19_11:59: Loading areas.rb
 INFO LOG: May_19_11:59: Loading security.rb
 INFO LOG: May_19_11:59: Loading event.rb
 INFO LOG: May_19_11:59: Loading automap/automap.rb
 INFO LOG: May_19_11:59: Loading cities.olc.rb
 INFO LOG: May_19_11:59: Loading cities.rb
 INFO LOG: May_19_11:59: Loading sector definitions.
 INFO LOG: May_19_11:59: Loading help.rb
 INFO LOG: May_19_11:59: Loading imcruby.rb
 INFO LOG: May_19_11:59: Loading player.rb
 INFO LOG: May_19_11:59: Loading commands.rb
 INFO LOG: May_19_11:59: Loading editor/editor.player.rb
 INFO LOG: May_19_11:59: Loading random.rb
 INFO LOG: May_19_11:59: Loading npc.rb
 INFO LOG: May_19_11:59: Loading items/types.rb
 INFO LOG: May_19_11:59: Loading items/items.rb
 INFO LOG: May_19_11:59: Loading spells.rb
 INFO LOG: May_19_11:59: Loading all zones.
 INFO LOG: May_19_11:59: Starting server.
 INFO LOG: May_19_11:59: CoralMUD is now up on port 4000.
 INFO LOG: May_19_11:59: -- 76.202.141.206:44992 connected to CoralMUD!
 INFO LOG: May_19_11:59: -- 76.202.141.206:44992: () Invalid name in character creation.
 INFO LOG: May_19_11:59: -- 76.202.141.206:44992: Retnur is trying to connect.
 INFO LOG: May_19_11:59: -- 76.202.141.206:44992: Retnur player file found.
 INFO LOG: May_19_11:59: -- Retnur has entered the game.
 INFO LOG: May_19_12:01: tick!!!
 INFO LOG: May_19_12:03: tick!!!
 INFO LOG: May_19_12:05: tick!!!
 INFO LOG: May_19_12:07: tick!!!
 INFO LOG: May_19_12:08: -- #<Player:0x00000002bc6680>:76.202.141.206:44992 disconnected from CoralMUD!
 INFO LOG: May_19_12:08: Logging enabled.   Loading logs.rb.
 INFO LOG: May_19_12:08: Loading facade.rb
 INFO LOG: May_19_12:08: Loading query_list.rb
 INFO LOG: May_19_12:08: Loading utils.rb
 INFO LOG: May_19_12:08: Loading constants.rb
 INFO LOG: May_19_12:08: Loading damage.rb
 INFO LOG: May_19_12:08: Loading class_property.rb
 INFO LOG: May_19_12:08: Loading scripts.rb
 INFO LOG: May_19_12:08: Loading tags.rb
 INFO LOG: May_19_12:08: Loading editor/editors.rb
 INFO LOG: May_19_12:08: Loading editor/editor.strings.rb
 INFO LOG: May_19_12:08: Loading editor/editor.rooms.rb
 INFO LOG: May_19_12:08: Loading editor/editor.exits.rb
 INFO LOG: May_19_12:08: Loading editor/editor.zones.rb
 INFO LOG: May_19_12:08: Loading editor/editor.npc.rb
 INFO LOG: May_19_12:08: Loading editor/editor.items.rb
 INFO LOG: May_19_12:08: Loading editor/editor.socials.rb
 INFO LOG: May_19_12:08: Loading socials.rb
 INFO LOG: May_19_12:08: Loading mxp.rb
 INFO LOG: May_19_12:08: Loading mccp.rb
 INFO LOG: May_19_12:08: Loading flags.rb
 INFO LOG: May_19_12:08: Loading areas.rb
 INFO LOG: May_19_12:08: Loading security.rb
 INFO LOG: May_19_12:08: Loading event.rb
 INFO LOG: May_19_12:08: Loading automap/automap.rb
 INFO LOG: May_19_12:08: Loading cities.olc.rb
 INFO LOG: May_19_12:08: Loading cities.rb
 INFO LOG: May_19_12:08: Loading sector definitions.
 INFO LOG: May_19_12:08: Loading help.rb
 INFO LOG: May_19_12:08: Loading imcruby.rb
 INFO LOG: May_19_12:08: Loading player.rb
 INFO LOG: May_19_12:08: Loading commands.rb
 INFO LOG: May_19_12:08: Loading editor/editor.player.rb
 INFO LOG: May_19_12:08: Loading random.rb
 INFO LOG: May_19_12:08: Loading npc.rb
 INFO LOG: May_19_12:08: Loading items/types.rb
 INFO LOG: May_19_12:08: Loading items/items.rb
 INFO LOG: May_19_12:08: Loading spells.rb
 INFO LOG: May_19_12:08: Loading all zones.
 INFO LOG: May_19_12:08: Starting server.
 INFO LOG: May_19_12:08: CoralMUD is now up on port 4000.
 INFO LOG: May_19_12:08: -- 76.202.141.206:35940 connected to CoralMUD!
 INFO LOG: May_19_12:08: -- 76.202.141.206:35940: () Invalid name in character creation.
 INFO LOG: May_19_12:08: -- 76.202.141.206:35940: Retnur is trying to connect.
 INFO LOG: May_19_12:08: -- 76.202.141.206:35940: Retnur player file found.
 INFO LOG: May_19_12:08: -- Retnur has entered the game.
 INFO LOG: May_19_12:09: -- #<Player:0x00000003316c28>:76.202.141.206:35940 disconnected from CoralMUD!
 INFO LOG: May_19_12:09: Logging enabled.   Loading logs.rb.
 INFO LOG: May_19_12:09: Loading facade.rb
 INFO LOG: May_19_12:09: Loading query_list.rb
 INFO LOG: May_19_12:09: Loading utils.rb
 INFO LOG: May_19_12:09: Loading constants.rb
 INFO LOG: May_19_12:09: Loading damage.rb
 INFO LOG: May_19_12:09: Loading class_property.rb
 INFO LOG: May_19_12:09: Loading scripts.rb
 INFO LOG: May_19_12:09: Loading tags.rb
 INFO LOG: May_19_12:09: Loading editor/editors.rb
 INFO LOG: May_19_12:09: Loading editor/editor.strings.rb
 INFO LOG: May_19_12:09: Loading editor/editor.rooms.rb
 INFO LOG: May_19_12:09: Loading editor/editor.exits.rb
 INFO LOG: May_19_12:09: Loading editor/editor.zones.rb
 INFO LOG: May_19_12:09: Loading editor/editor.npc.rb
 INFO LOG: May_19_12:09: Loading editor/editor.items.rb
 INFO LOG: May_19_12:09: Loading editor/editor.socials.rb
 INFO LOG: May_19_12:09: Loading socials.rb
 INFO LOG: May_19_12:09: Loading mxp.rb
 INFO LOG: May_19_12:09: Loading mccp.rb
 INFO LOG: May_19_12:09: Loading flags.rb
 INFO LOG: May_19_12:09: Loading areas.rb
 INFO LOG: May_19_12:09: Loading security.rb
 INFO LOG: May_19_12:09: Loading event.rb
 INFO LOG: May_19_12:09: Loading automap/automap.rb
 INFO LOG: May_19_12:09: Loading cities.olc.rb
 INFO LOG: May_19_12:09: Loading cities.rb
 INFO LOG: May_19_12:09: Loading sector definitions.
 INFO LOG: May_19_12:09: Loading help.rb
 INFO LOG: May_19_12:09: Loading imcruby.rb
 INFO LOG: May_19_12:09: Loading player.rb
 INFO LOG: May_19_12:09: Loading commands.rb
 INFO LOG: May_19_12:09: Loading editor/editor.player.rb
 INFO LOG: May_19_12:09: Loading random.rb
 INFO LOG: May_19_12:09: Loading npc.rb
 INFO LOG: May_19_12:09: Loading items/types.rb
 INFO LOG: May_19_12:09: Loading items/items.rb
 INFO LOG: May_19_12:09: Loading spells.rb
 INFO LOG: May_19_12:09: Loading all zones.
 INFO LOG: May_19_12:09: Starting server.
 INFO LOG: May_19_12:09: CoralMUD is now up on port 4000.
 INFO LOG: May_19_12:09: -- 76.202.141.206:48193 connected to CoralMUD!
 INFO LOG: May_19_12:09: -- 76.202.141.206:48193: () Invalid name in character creation.
 INFO LOG: May_19_12:09: -- 76.202.141.206:48193: Retnur is trying to connect.
 INFO LOG: May_19_12:09: -- 76.202.141.206:48193: Retnur player file found.
 INFO LOG: May_19_12:09: -- Retnur has entered the game.
 INFO LOG: May_19_12:10: -- #<Player:0x00000001d16fe0>:76.202.141.206:48193 disconnected from CoralMUD!
 INFO LOG: May_19_12:10: Logging enabled.   Loading logs.rb.
 INFO LOG: May_19_12:10: Loading facade.rb
 INFO LOG: May_19_12:10: Loading query_list.rb
 INFO LOG: May_19_12:10: Loading utils.rb
 INFO LOG: May_19_12:10: Loading constants.rb
 INFO LOG: May_19_12:10: Loading damage.rb
 INFO LOG: May_19_12:10: Loading class_property.rb
 INFO LOG: May_19_12:10: Loading scripts.rb
 INFO LOG: May_19_12:10: Loading tags.rb
 INFO LOG: May_19_12:10: Loading editor/editors.rb
 INFO LOG: May_19_12:10: Loading editor/editor.strings.rb
 INFO LOG: May_19_12:10: Loading editor/editor.rooms.rb
 INFO LOG: May_19_12:10: Loading editor/editor.exits.rb
 INFO LOG: May_19_12:10: Loading editor/editor.zones.rb
 INFO LOG: May_19_12:10: Loading editor/editor.npc.rb
 INFO LOG: May_19_12:10: Loading editor/editor.items.rb
 INFO LOG: May_19_12:10: Loading editor/editor.socials.rb
 INFO LOG: May_19_12:10: Loading socials.rb
 INFO LOG: May_19_12:10: Loading mxp.rb
 INFO LOG: May_19_12:10: Loading mccp.rb
 INFO LOG: May_19_12:10: Loading flags.rb
 INFO LOG: May_19_12:10: Loading areas.rb
 INFO LOG: May_19_12:10: Loading security.rb
 INFO LOG: May_19_12:10: Loading event.rb
 INFO LOG: May_19_12:10: Loading automap/automap.rb
 INFO LOG: May_19_12:10: Loading cities.olc.rb
 INFO LOG: May_19_12:10: Loading cities.rb
 INFO LOG: May_19_12:10: Loading sector definitions.
 INFO LOG: May_19_12:10: Loading help.rb
 INFO LOG: May_19_12:10: Loading imcruby.rb
 INFO LOG: May_19_12:10: Loading player.rb
 INFO LOG: May_19_12:10: Loading commands.rb
 INFO LOG: May_19_12:10: Loading editor/editor.player.rb
 INFO LOG: May_19_12:10: Loading random.rb
 INFO LOG: May_19_12:10: Loading npc.rb
 INFO LOG: May_19_12:10: Loading items/types.rb
 INFO LOG: May_19_12:10: Loading items/items.rb
 INFO LOG: May_19_12:10: Loading spells.rb
 INFO LOG: May_19_12:10: Loading all zones.
 INFO LOG: May_19_12:10: Starting server.
 INFO LOG: May_19_12:10: CoralMUD is now up on port 4000.
 INFO LOG: May_19_12:10: -- 76.202.141.206:59396 connected to CoralMUD!
 INFO LOG: May_19_12:10: -- 76.202.141.206:59396: Retnur is trying to connect.
 INFO LOG: May_19_12:10: -- 76.202.141.206:59396: Retnur player file found.
 INFO LOG: May_19_12:10: -- Retnur has entered the game.
 INFO LOG: May_19_12:12: -- #<Player:0x00000003147ff0>:76.202.141.206:59396 disconnected from CoralMUD!
 INFO LOG: May_19_12:12: Logging enabled.   Loading logs.rb.
 INFO LOG: May_19_12:12: Loading facade.rb
 INFO LOG: May_19_12:12: Loading query_list.rb
 INFO LOG: May_19_12:12: Loading utils.rb
 INFO LOG: May_19_12:12: Loading constants.rb
 INFO LOG: May_19_12:12: Loading damage.rb
 INFO LOG: May_19_12:12: Loading class_property.rb
 INFO LOG: May_19_12:12: Loading scripts.rb
 INFO LOG: May_19_12:12: Loading tags.rb
 INFO LOG: May_19_12:12: Loading editor/editors.rb
 INFO LOG: May_19_12:12: Loading editor/editor.strings.rb
 INFO LOG: May_19_12:12: Loading editor/editor.rooms.rb
 INFO LOG: May_19_12:12: Loading editor/editor.exits.rb
 INFO LOG: May_19_12:12: Loading editor/editor.zones.rb
 INFO LOG: May_19_12:12: Loading editor/editor.npc.rb
 INFO LOG: May_19_12:12: Loading editor/editor.items.rb
 INFO LOG: May_19_12:12: Loading editor/editor.socials.rb
 INFO LOG: May_19_12:12: Loading socials.rb
 INFO LOG: May_19_12:12: Loading mxp.rb
 INFO LOG: May_19_12:12: Loading mccp.rb
 INFO LOG: May_19_12:12: Loading flags.rb
 INFO LOG: May_19_12:12: Loading areas.rb
 INFO LOG: May_19_12:12: Loading security.rb
 INFO LOG: May_19_12:12: Loading event.rb
 INFO LOG: May_19_12:12: Loading automap/automap.rb
 INFO LOG: May_19_12:12: Loading cities.olc.rb
 INFO LOG: May_19_12:12: Loading cities.rb
 INFO LOG: May_19_12:12: Loading sector definitions.
 INFO LOG: May_19_12:12: Loading help.rb
 INFO LOG: May_19_12:12: Loading imcruby.rb
 INFO LOG: May_19_12:12: Loading player.rb
 INFO LOG: May_19_12:12: Loading commands.rb
 INFO LOG: May_19_12:12: Loading editor/editor.player.rb
 INFO LOG: May_19_12:12: Loading random.rb
 INFO LOG: May_19_12:12: Loading npc.rb
 INFO LOG: May_19_12:12: Loading items/types.rb
 INFO LOG: May_19_12:12: Loading items/items.rb
 INFO LOG: May_19_12:12: Loading spells.rb
 INFO LOG: May_19_12:12: Loading all zones.
 INFO LOG: May_19_12:12: Loading all socials.
 INFO LOG: May_19_12:12: Starting server.
 INFO LOG: May_19_12:12: CoralMUD is now up on port 4000.
 INFO LOG: May_19_12:12: -- 76.202.141.206:36794 connected to CoralMUD!
 INFO LOG: May_19_12:12: -- 76.202.141.206:36794: Retnur is trying to connect.
 INFO LOG: May_19_12:12: -- 76.202.141.206:36794: Retnur player file found.
 INFO LOG: May_19_12:12: -- Retnur has entered the game.
 INFO LOG: May_19_12:14: tick!!!
 INFO LOG: May_19_12:16: tick!!!
 INFO LOG: May_19_12:18: tick!!!
 INFO LOG: May_19_12:20: tick!!!
 INFO LOG: May_19_12:22: tick!!!
 INFO LOG: May_19_12:24: tick!!!
 INFO LOG: May_19_12:26: tick!!!
 INFO LOG: May_19_12:28: tick!!!
 INFO LOG: May_19_12:30: tick!!!
 INFO LOG: May_19_12:32: tick!!!
 INFO LOG: May_19_12:34: tick!!!
 INFO LOG: May_19_12:36: tick!!!
 INFO LOG: May_19_12:38: tick!!!
 INFO LOG: May_19_12:40: tick!!!
 INFO LOG: May_19_12:42: tick!!!
 INFO LOG: May_19_12:44: tick!!!
 INFO LOG: May_19_12:46: tick!!!
 INFO LOG: May_19_12:48: tick!!!
 INFO LOG: May_19_12:50: tick!!!
 INFO LOG: May_19_12:52: tick!!!
 INFO LOG: May_19_12:54: tick!!!
 INFO LOG: May_19_12:56: tick!!!
 INFO LOG: May_19_12:58: tick!!!
 INFO LOG: May_19_13:00: tick!!!
 INFO LOG: May_19_13:02: tick!!!
 INFO LOG: May_19_13:04: tick!!!
 INFO LOG: May_19_13:06: tick!!!
 INFO LOG: May_19_13:08: tick!!!
 INFO LOG: May_19_13:10: tick!!!
 INFO LOG: May_19_13:12: tick!!!
 INFO LOG: May_19_13:14: tick!!!
 INFO LOG: May_19_13:16: tick!!!
 INFO LOG: May_19_13:18: tick!!!
 INFO LOG: May_19_13:20: tick!!!
 INFO LOG: May_19_13:22: tick!!!
 INFO LOG: May_19_13:24: tick!!!
 INFO LOG: May_19_13:26: tick!!!
 INFO LOG: May_19_13:28: tick!!!
 INFO LOG: May_19_13:30: tick!!!
 INFO LOG: May_19_13:32: tick!!!
 INFO LOG: May_19_13:34: tick!!!
 INFO LOG: May_19_13:36: tick!!!
 INFO LOG: May_19_13:38: tick!!!
 INFO LOG: May_19_13:40: tick!!!
 INFO LOG: May_19_13:42: tick!!!
 INFO LOG: May_19_13:44: tick!!!
 INFO LOG: May_19_13:46: tick!!!
 INFO LOG: May_19_13:48: tick!!!
 INFO LOG: May_19_13:50: tick!!!
 INFO LOG: May_19_13:52: tick!!!
 INFO LOG: May_19_13:54: tick!!!
 INFO LOG: May_19_13:56: tick!!!
 INFO LOG: May_19_13:58: tick!!!
 INFO LOG: May_19_14:00: tick!!!
 INFO LOG: May_19_14:02: tick!!!
 INFO LOG: May_19_14:04: tick!!!
 INFO LOG: May_19_14:06: tick!!!
 INFO LOG: May_19_14:08: tick!!!
 INFO LOG: May_19_14:10: tick!!!
 INFO LOG: May_19_14:12: tick!!!
 INFO LOG: May_19_14:14: tick!!!
 INFO LOG: May_19_14:16: tick!!!
 INFO LOG: May_19_14:18: tick!!!
 INFO LOG: May_19_14:20: tick!!!
 INFO LOG: May_19_14:22: tick!!!
 INFO LOG: May_19_14:24: tick!!!
 INFO LOG: May_19_14:26: tick!!!
 INFO LOG: May_19_14:28: tick!!!
 INFO LOG: May_19_14:30: tick!!!
 INFO LOG: May_19_14:32: tick!!!
 INFO LOG: May_19_14:34: tick!!!
 INFO LOG: May_19_14:36: tick!!!
 INFO LOG: May_19_14:38: tick!!!
 INFO LOG: May_19_14:40: tick!!!
 INFO LOG: May_19_14:42: tick!!!
 INFO LOG: May_19_14:44: tick!!!
 INFO LOG: May_19_14:46: tick!!!
 INFO LOG: May_19_14:48: tick!!!
 INFO LOG: May_19_14:50: tick!!!
 INFO LOG: May_19_14:52: tick!!!
 INFO LOG: May_19_14:54: tick!!!
 INFO LOG: May_19_14:56: tick!!!
 INFO LOG: May_19_14:58: tick!!!
 INFO LOG: May_19_15:00: tick!!!
 INFO LOG: May_19_15:02: tick!!!
 INFO LOG: May_19_15:04: tick!!!
 INFO LOG: May_19_15:06: tick!!!
 INFO LOG: May_19_15:08: tick!!!
 INFO LOG: May_19_15:10: tick!!!
 INFO LOG: May_19_15:12: tick!!!
 INFO LOG: May_19_15:14: tick!!!
 INFO LOG: May_19_15:16: tick!!!
 INFO LOG: May_19_15:18: tick!!!
 INFO LOG: May_19_15:20: tick!!!
 INFO LOG: May_19_15:22: tick!!!
 INFO LOG: May_19_15:24: tick!!!
 INFO LOG: May_19_15:26: tick!!!
 INFO LOG: May_19_15:28: tick!!!
 INFO LOG: May_19_15:30: tick!!!
 INFO LOG: May_19_15:32: tick!!!
 INFO LOG: May_19_15:34: tick!!!
 INFO LOG: May_19_15:36: tick!!!
 INFO LOG: May_19_15:38: tick!!!
 INFO LOG: May_19_15:40: tick!!!
 INFO LOG: May_19_15:42: tick!!!
 INFO LOG: May_19_15:44: tick!!!
 INFO LOG: May_19_15:46: tick!!!
 INFO LOG: May_19_15:48: tick!!!
 INFO LOG: May_19_15:50: tick!!!
 INFO LOG: May_19_15:52: tick!!!
 INFO LOG: May_19_15:54: tick!!!
 INFO LOG: May_19_15:56: tick!!!
 INFO LOG: May_19_15:58: tick!!!
 INFO LOG: May_19_16:00: tick!!!
 INFO LOG: May_19_16:02: tick!!!
 INFO LOG: May_19_16:04: tick!!!
 INFO LOG: May_19_16:06: tick!!!
 INFO LOG: May_19_16:08: tick!!!
 INFO LOG: May_19_16:10: tick!!!
 INFO LOG: May_19_16:12: tick!!!
 INFO LOG: May_19_16:14: tick!!!
 INFO LOG: May_19_16:16: tick!!!
 INFO LOG: May_19_16:18: tick!!!
 INFO LOG: May_19_16:20: tick!!!
 INFO LOG: May_19_16:22: tick!!!
 INFO LOG: May_19_16:24: tick!!!
 INFO LOG: May_19_16:26: tick!!!
 INFO LOG: May_19_16:28: tick!!!
 INFO LOG: May_19_16:30: tick!!!
 INFO LOG: May_19_16:32: tick!!!
 INFO LOG: May_19_16:34: tick!!!
 INFO LOG: May_19_16:36: tick!!!
 INFO LOG: May_19_16:38: tick!!!
 INFO LOG: May_19_16:40: tick!!!
 INFO LOG: May_19_16:42: tick!!!
 INFO LOG: May_19_16:44: tick!!!
 INFO LOG: May_19_16:46: tick!!!
 INFO LOG: May_19_16:48: tick!!!
 INFO LOG: May_19_16:50: tick!!!
 INFO LOG: May_19_16:52: tick!!!
 INFO LOG: May_19_16:54: tick!!!
 INFO LOG: May_19_16:56: tick!!!
 INFO LOG: May_19_16:58: tick!!!
 INFO LOG: May_19_17:00: tick!!!
 INFO LOG: May_19_17:02: tick!!!
 INFO LOG: May_19_17:04: tick!!!
 INFO LOG: May_19_17:06: tick!!!
 INFO LOG: May_19_17:08: tick!!!
 INFO LOG: May_19_17:10: tick!!!
 INFO LOG: May_19_17:12: tick!!!
 INFO LOG: May_19_17:14: tick!!!
 INFO LOG: May_19_17:16: tick!!!
 INFO LOG: May_19_17:18: tick!!!
 INFO LOG: May_19_17:20: tick!!!
 INFO LOG: May_19_17:22: tick!!!
 INFO LOG: May_19_17:24: tick!!!
 INFO LOG: May_19_17:25: -- #<Player:0x00000001ea0c30>:76.202.141.206:36794 disconnected from CoralMUD!
 INFO LOG: May_19_17:25: Logging enabled.   Loading logs.rb.
 INFO LOG: May_19_17:25: Loading facade.rb
 INFO LOG: May_19_17:25: Loading query_list.rb
 INFO LOG: May_19_17:25: Loading utils.rb
 INFO LOG: May_19_17:25: Loading constants.rb
 INFO LOG: May_19_17:25: Loading damage.rb
 INFO LOG: May_19_17:25: Loading class_property.rb
 INFO LOG: May_19_17:25: Loading scripts.rb
 INFO LOG: May_19_17:25: Loading tags.rb
 INFO LOG: May_19_17:25: Loading editor/editors.rb
 INFO LOG: May_19_17:25: Loading editor/editor.strings.rb
 INFO LOG: May_19_17:25: Loading editor/editor.rooms.rb
 INFO LOG: May_19_17:25: Loading editor/editor.exits.rb
 INFO LOG: May_19_17:25: Loading editor/editor.zones.rb
 INFO LOG: May_19_17:25: Loading editor/editor.npc.rb
 INFO LOG: May_19_17:25: Loading editor/editor.items.rb
 INFO LOG: May_19_17:25: Loading editor/editor.socials.rb
 INFO LOG: May_19_17:25: Loading socials.rb
 INFO LOG: May_19_17:25: Loading mxp.rb
 INFO LOG: May_19_17:25: Loading mccp.rb
 INFO LOG: May_19_17:25: Loading flags.rb
 INFO LOG: May_19_17:25: Loading areas.rb
 INFO LOG: May_19_17:25: Loading security.rb
 INFO LOG: May_19_17:25: Loading event.rb
 INFO LOG: May_19_17:25: Loading automap/automap.rb
 INFO LOG: May_19_17:25: Loading cities.olc.rb
 INFO LOG: May_19_17:25: Loading cities.rb
 INFO LOG: May_19_17:25: Loading sector definitions.
 INFO LOG: May_19_17:25: Loading help.rb
 INFO LOG: May_19_17:25: Loading imcruby.rb
 INFO LOG: May_19_17:25: Loading player.rb
 INFO LOG: May_19_17:25: Loading commands.rb
 INFO LOG: May_19_17:25: Loading editor/editor.player.rb
 INFO LOG: May_19_17:25: Loading random.rb
 INFO LOG: May_19_17:25: Loading npc.rb
 INFO LOG: May_19_17:25: Loading items/types.rb
 INFO LOG: May_19_17:25: Loading items/items.rb
 INFO LOG: May_19_17:25: Loading spells.rb
 INFO LOG: May_19_17:25: Loading all zones.
 INFO LOG: May_19_17:25: Loading all socials.
 INFO LOG: May_19_17:25: Starting server.
 INFO LOG: May_19_17:25: CoralMUD is now up on port 4000.
 INFO LOG: May_19_17:25: -- 76.202.141.206:45392 connected to CoralMUD!
 INFO LOG: May_19_17:25: -- 76.202.141.206:45392: () Invalid name in character creation.
 INFO LOG: May_19_17:25: -- 76.202.141.206:45392: Retnur is trying to connect.
 INFO LOG: May_19_17:25: -- 76.202.141.206:45392: Retnur player file found.
 INFO LOG: May_19_17:25: -- Retnur has entered the game.
 INFO LOG: May_19_17:27: tick!!!
 INFO LOG: May_19_17:29: -- #<Player:0x00000001d73358>:76.202.141.206:45392 disconnected from CoralMUD!
 INFO LOG: May_19_17:29: Logging enabled.   Loading logs.rb.
 INFO LOG: May_19_17:29: Loading facade.rb
 INFO LOG: May_19_17:29: Loading query_list.rb
 INFO LOG: May_19_17:29: Loading utils.rb
 INFO LOG: May_19_17:29: Loading constants.rb
 INFO LOG: May_19_17:29: Loading damage.rb
 INFO LOG: May_19_17:29: Loading class_property.rb
 INFO LOG: May_19_17:29: Loading scripts.rb
 INFO LOG: May_19_17:29: Loading tags.rb
 INFO LOG: May_19_17:29: Loading editor/editors.rb
 INFO LOG: May_19_17:29: Loading editor/editor.strings.rb
 INFO LOG: May_19_17:29: Loading editor/editor.rooms.rb
 INFO LOG: May_19_17:29: Loading editor/editor.exits.rb
 INFO LOG: May_19_17:29: Loading editor/editor.zones.rb
 INFO LOG: May_19_17:29: Loading editor/editor.npc.rb
 INFO LOG: May_19_17:29: Loading editor/editor.items.rb
 INFO LOG: May_19_17:29: Loading editor/editor.socials.rb
 INFO LOG: May_19_17:29: Loading socials.rb
 INFO LOG: May_19_17:29: Loading mxp.rb
 INFO LOG: May_19_17:29: Loading mccp.rb
 INFO LOG: May_19_17:29: Loading flags.rb
 INFO LOG: May_19_17:29: Loading areas.rb
 INFO LOG: May_19_17:29: Loading security.rb
 INFO LOG: May_19_17:29: Loading event.rb
 INFO LOG: May_19_17:29: Loading automap/automap.rb
 INFO LOG: May_19_17:29: Loading cities.olc.rb
 INFO LOG: May_19_17:29: Loading cities.rb
 INFO LOG: May_19_17:29: Loading sector definitions.
 INFO LOG: May_19_17:29: Loading help.rb
 INFO LOG: May_19_17:29: Loading imcruby.rb
 INFO LOG: May_19_17:29: Loading player.rb
 INFO LOG: May_19_17:29: Loading commands.rb
 INFO LOG: May_19_17:29: Loading editor/editor.player.rb
 INFO LOG: May_19_17:29: Loading random.rb
 INFO LOG: May_19_17:29: Loading npc.rb
 INFO LOG: May_19_17:29: Loading items/types.rb
 INFO LOG: May_19_17:29: Loading items/items.rb
 INFO LOG: May_19_17:29: Loading spells.rb
 INFO LOG: May_19_17:29: Loading all zones.
 INFO LOG: May_19_17:29: Loading all socials.
 INFO LOG: May_19_17:29: Starting server.
 INFO LOG: May_19_17:29: CoralMUD is now up on port 4000.
 INFO LOG: May_19_17:29: -- 76.202.141.206:41088 connected to CoralMUD!
 INFO LOG: May_19_17:29: -- 76.202.141.206:41088: () Invalid name in character creation.
 INFO LOG: May_19_17:29: -- 76.202.141.206:41088: Retnur is trying to connect.
 INFO LOG: May_19_17:29: -- 76.202.141.206:41088: Retnur player file found.
 INFO LOG: May_19_17:29: -- Retnur has entered the game.
 INFO LOG: May_19_17:31: tick!!!
 INFO LOG: May_19_17:33: tick!!!
 INFO LOG: May_19_17:35: tick!!!
 INFO LOG: May_19_17:37: tick!!!
 INFO LOG: May_19_17:39: tick!!!
 INFO LOG: May_19_17:41: tick!!!
 INFO LOG: May_19_17:43: tick!!!
 INFO LOG: May_19_17:45: tick!!!
 INFO LOG: May_19_17:47: tick!!!
 INFO LOG: May_19_17:49: tick!!!
 INFO LOG: May_19_17:51: tick!!!
 INFO LOG: May_19_17:53: tick!!!
 INFO LOG: May_19_17:55: tick!!!
 INFO LOG: May_19_17:57: tick!!!
 INFO LOG: May_19_17:59: tick!!!
 INFO LOG: May_19_18:01: tick!!!
 INFO LOG: May_19_18:03: tick!!!
 INFO LOG: May_19_18:05: tick!!!
 INFO LOG: May_19_18:07: tick!!!
 INFO LOG: May_19_18:09: tick!!!
 INFO LOG: May_19_18:11: tick!!!
 INFO LOG: May_19_18:13: tick!!!
 INFO LOG: May_19_18:15: tick!!!
 INFO LOG: May_19_18:17: tick!!!
 INFO LOG: May_19_18:19: tick!!!
 INFO LOG: May_19_18:21: tick!!!
 INFO LOG: May_19_18:23: tick!!!
 INFO LOG: May_19_18:25: tick!!!
 INFO LOG: May_19_18:27: tick!!!
 INFO LOG: May_19_18:29: tick!!!
 INFO LOG: May_19_18:31: tick!!!
 INFO LOG: May_19_18:33: tick!!!
 INFO LOG: May_19_18:35: tick!!!
 INFO LOG: May_19_18:37: tick!!!
 INFO LOG: May_19_18:39: tick!!!
 INFO LOG: May_19_18:41: tick!!!
 INFO LOG: May_19_18:43: tick!!!
 INFO LOG: May_19_18:45: tick!!!
 INFO LOG: May_19_18:47: tick!!!
 INFO LOG: May_19_18:49: tick!!!
 INFO LOG: May_19_18:51: tick!!!
 INFO LOG: May_19_18:53: -- 24.219.161.110:3556 connected to CoralMUD!
 INFO LOG: May_19_18:53: -- 24.219.161.110:3556: () Invalid name in character creation.
 INFO LOG: May_19_18:53: -- 24.219.161.110:3556: ( 'olanica) Invalid name in character creation.
 INFO LOG: May_19_18:53: tick!!!
 INFO LOG: May_19_18:53: -- 24.219.161.110:3556: () Invalid name in character creation.
 INFO LOG: May_19_18:53: -- 24.219.161.110:3556: Olanica is trying to connect.
 INFO LOG: May_19_18:53: -- 24.219.161.110:3556: Olanica:  New Character.
 INFO LOG: May_19_18:53: -- #<Player:0x00000003272330>:24.219.161.110:3556 disconnected from CoralMUD!
 INFO LOG: May_19_18:55: tick!!!
 INFO LOG: May_19_18:55: -- 24.219.161.110:3567 connected to CoralMUD!
 INFO LOG: May_19_18:55: -- 24.219.161.110:3567: Olanica is trying to connect.
 INFO LOG: May_19_18:55: -- 24.219.161.110:3567: Olanica:  New Character.
 INFO LOG: May_19_18:56: -- 24.219.161.110:3567: Olanica successfully created.
 INFO LOG: May_19_18:56: -- Olanica has entered the game.
 INFO LOG: May_19_18:57: tick!!!
ERROR LOG: undefined method `in_room' for #<Array:0x000000031b7b20>
ERROR LOG: /home/heath/coral/lib/commands/track.rb:3:in `cmd_track'
ERROR LOG: /home/heath/coral/lib/commands.rb:303:in `execute_command'
ERROR LOG: /home/heath/coral/core/socketengine.rb:174:in `block in handle_cmd_input'
ERROR LOG: /home/heath/coral/core/socketengine.rb:173:in `times'
ERROR LOG: /home/heath/coral/core/socketengine.rb:173:in `handle_cmd_input'
ERROR LOG: /home/heath/coral/core/socketengine.rb:135:in `receive_data'
ERROR LOG: /usr/local/lib/ruby/gems/1.9.1/gems/eventmachine-0.12.8/lib/eventmachine.rb:242:in `run_machine'
ERROR LOG: /usr/local/lib/ruby/gems/1.9.1/gems/eventmachine-0.12.8/lib/eventmachine.rb:242:in `run'
ERROR LOG: coral.rb:176:in `<main>'
 INFO LOG: May_19_18:57: Olanica has left the game.
 INFO LOG: May_19_18:57: -- :24.219.161.110:3567 disconnected from CoralMUD!
 INFO LOG: May_19_18:59: tick!!!
 INFO LOG: May_19_19:01: tick!!!
 INFO LOG: May_19_19:03: tick!!!
 INFO LOG: May_19_19:05: tick!!!
 INFO LOG: May_19_19:07: tick!!!
 INFO LOG: May_19_19:09: tick!!!
 INFO LOG: May_19_19:11: tick!!!
 INFO LOG: May_19_19:13: tick!!!
 INFO LOG: May_19_19:15: tick!!!
 INFO LOG: May_19_19:17: tick!!!
 INFO LOG: May_19_19:19: tick!!!
 INFO LOG: May_19_19:21: tick!!!
 INFO LOG: May_19_19:23: tick!!!
 INFO LOG: May_19_19:25: tick!!!
 INFO LOG: May_19_19:27: tick!!!
 INFO LOG: May_19_19:29: tick!!!
 INFO LOG: May_19_19:31: tick!!!
 INFO LOG: May_19_19:33: tick!!!
 INFO LOG: May_19_19:35: tick!!!
 INFO LOG: May_19_19:37: tick!!!
 INFO LOG: May_19_19:39: tick!!!
 INFO LOG: May_19_19:41: tick!!!
 INFO LOG: May_19_19:43: tick!!!
 INFO LOG: May_19_19:45: tick!!!
 INFO LOG: May_19_19:47: tick!!!
 INFO LOG: May_19_19:49: tick!!!
 INFO LOG: May_19_19:51: tick!!!
 INFO LOG: May_19_19:53: tick!!!
 INFO LOG: May_19_19:55: tick!!!
 INFO LOG: May_19_19:57: tick!!!
 INFO LOG: May_19_19:59: tick!!!
 INFO LOG: May_19_20:01: tick!!!
 INFO LOG: May_19_20:03: tick!!!
 INFO LOG: May_19_20:05: tick!!!
 INFO LOG: May_19_20:07: tick!!!
 INFO LOG: May_19_20:09: tick!!!
 INFO LOG: May_19_20:11: tick!!!
 INFO LOG: May_19_20:13: tick!!!
 INFO LOG: May_19_20:15: tick!!!
 INFO LOG: May_19_20:17: tick!!!
 INFO LOG: May_19_20:19: tick!!!
 INFO LOG: May_19_20:21: tick!!!
 INFO LOG: May_19_20:23: tick!!!
 INFO LOG: May_19_20:25: tick!!!
 INFO LOG: May_19_20:26: Loading commands.rb
 INFO LOG: May_19_20:26: -- #<Player:0x000000031a5510>:76.202.141.206:41088 disconnected from CoralMUD!
