 INFO LOG: May_28_00:03: Logging enabled.   Loading logs.rb.
 INFO LOG: May_28_00:03: Loading spellcheck.rb
 INFO LOG: May_28_00:03: Loading facade.rb
 INFO LOG: May_28_00:03: Loading query_list.rb
 INFO LOG: May_28_00:03: Loading utils.rb
 INFO LOG: May_28_00:03: Loading constants.rb
 INFO LOG: May_28_00:03: Loading damage.rb
 INFO LOG: May_28_00:03: Loading class_property.rb
 INFO LOG: May_28_00:03: Loading scripts.rb
 INFO LOG: May_28_00:03: Loading tags.rb
 INFO LOG: May_28_00:03: Loading editor/editors.rb
 INFO LOG: May_28_00:03: Loading editor/editor.strings.rb
 INFO LOG: May_28_00:03: Loading editor/editor.rooms.rb
 INFO LOG: May_28_00:03: Loading editor/editor.exits.rb
 INFO LOG: May_28_00:03: Loading editor/editor.zones.rb
 INFO LOG: May_28_00:03: Loading editor/editor.npc.rb
 INFO LOG: May_28_00:03: Loading editor/editor.items.rb
 INFO LOG: May_28_00:03: Loading editor/editor.socials.rb
 INFO LOG: May_28_00:03: Loading socials.rb
 INFO LOG: May_28_00:03: Loading mxp.rb
 INFO LOG: May_28_00:03: Loading mccp.rb
 INFO LOG: May_28_00:03: Loading flags.rb
 INFO LOG: May_28_00:03: Loading areas.rb
 INFO LOG: May_28_00:03: Loading security.rb
 INFO LOG: May_28_00:03: Loading resets.rb
 INFO LOG: May_28_00:03: Loading event.rb
 INFO LOG: May_28_00:03: Loading automap/automap.rb
 INFO LOG: May_28_00:03: Loading cities.rb
 INFO LOG: May_28_00:03: Loading sector definitions.
 INFO LOG: May_28_00:03: Loading help.rb
 INFO LOG: May_28_00:03: Loading imcruby.rb
 INFO LOG: May_28_00:03: Loading player.rb
 INFO LOG: May_28_00:03: Loading commands.rb
 INFO LOG: May_28_00:03: Loading editor/editor.player.rb
 INFO LOG: May_28_00:03: Loading random.rb
 INFO LOG: May_28_00:03: Loading npc.rb
 INFO LOG: May_28_00:03: Loading items/types.rb
 INFO LOG: May_28_00:03: Loading items/items.rb
 INFO LOG: May_28_00:03: Loading spells.rb
 INFO LOG: May_28_00:03: Loading all zones.
 INFO LOG: May_28_00:03: Loading all socials.
 INFO LOG: May_28_00:03: Starting server.
 INFO LOG: May_28_00:03: CoralMUD is now up on port 4000.
 INFO LOG: May_28_00:03: -- 76.202.141.206:41311 connected to CoralMUD!
 INFO LOG: May_28_00:03: -- 76.202.141.206:41311: () Invalid name in character creation.
 INFO LOG: May_28_00:03: -- 76.202.141.206:41311: () Invalid name in character creation.
 INFO LOG: May_28_00:03: -- 76.202.141.206:41311: Retnur is trying to connect.
 INFO LOG: May_28_00:03: -- 76.202.141.206:41311: Retnur player file found.
 INFO LOG: May_28_00:03: -- Retnur has entered the game.
ERROR LOG: uninitialized constant CoralMUD::LivingThing
ERROR LOG: /home/heath/coral/lib/class_property.rb:237:in `view'
ERROR LOG: /home/heath/coral/lib/commands/look.rb:17:in `cmd_look'
ERROR LOG: /home/heath/coral/lib/commands.rb:314:in `execute_command'
ERROR LOG: /home/heath/coral/core/socketengine.rb:170:in `block in handle_cmd_input'
ERROR LOG: /home/heath/coral/core/socketengine.rb:169:in `times'
ERROR LOG: /home/heath/coral/core/socketengine.rb:169:in `handle_cmd_input'
ERROR LOG: /home/heath/coral/core/socketengine.rb:133:in `receive_data'
ERROR LOG: /usr/local/lib/ruby/gems/1.9.1/gems/eventmachine-0.12.8/lib/eventmachine.rb:242:in `run_machine'
ERROR LOG: /usr/local/lib/ruby/gems/1.9.1/gems/eventmachine-0.12.8/lib/eventmachine.rb:242:in `run'
ERROR LOG: coral.rb:175:in `<main>'
 INFO LOG: May_28_00:04: -- #<Player:0x0000000369a278>:76.202.141.206:41311 disconnected from CoralMUD!
 INFO LOG: May_28_00:04: Logging enabled.   Loading logs.rb.
 INFO LOG: May_28_00:04: Loading spellcheck.rb
 INFO LOG: May_28_00:04: Loading facade.rb
 INFO LOG: May_28_00:04: Loading query_list.rb
 INFO LOG: May_28_00:04: Loading utils.rb
 INFO LOG: May_28_00:04: Loading constants.rb
 INFO LOG: May_28_00:04: Loading damage.rb
 INFO LOG: May_28_00:04: Loading class_property.rb
 INFO LOG: May_28_00:04: Loading scripts.rb
 INFO LOG: May_28_00:04: Loading tags.rb
 INFO LOG: May_28_00:04: Loading editor/editors.rb
 INFO LOG: May_28_00:04: Loading editor/editor.strings.rb
 INFO LOG: May_28_00:04: Loading editor/editor.rooms.rb
 INFO LOG: May_28_00:04: Loading editor/editor.exits.rb
 INFO LOG: May_28_00:04: Loading editor/editor.zones.rb
 INFO LOG: May_28_00:04: Loading editor/editor.npc.rb
 INFO LOG: May_28_00:04: Loading editor/editor.items.rb
 INFO LOG: May_28_00:04: Loading editor/editor.socials.rb
 INFO LOG: May_28_00:04: Loading socials.rb
 INFO LOG: May_28_00:04: Loading mxp.rb
 INFO LOG: May_28_00:04: Loading mccp.rb
 INFO LOG: May_28_00:04: Loading flags.rb
 INFO LOG: May_28_00:04: Loading areas.rb
 INFO LOG: May_28_00:04: Loading security.rb
 INFO LOG: May_28_00:04: Loading resets.rb
 INFO LOG: May_28_00:04: Loading event.rb
 INFO LOG: May_28_00:04: Loading automap/automap.rb
 INFO LOG: May_28_00:04: Loading cities.rb
 INFO LOG: May_28_00:04: Loading sector definitions.
 INFO LOG: May_28_00:04: Loading help.rb
 INFO LOG: May_28_00:04: Loading imcruby.rb
 INFO LOG: May_28_00:04: Loading player.rb
 INFO LOG: May_28_00:04: Loading commands.rb
 INFO LOG: May_28_00:04: Loading editor/editor.player.rb
 INFO LOG: May_28_00:04: Loading random.rb
 INFO LOG: May_28_00:04: Loading npc.rb
 INFO LOG: May_28_00:04: Loading items/types.rb
 INFO LOG: May_28_00:04: Loading items/items.rb
 INFO LOG: May_28_00:04: Loading spells.rb
 INFO LOG: May_28_00:04: Loading all zones.
 INFO LOG: May_28_00:04: Loading all socials.
 INFO LOG: May_28_00:04: Starting server.
 INFO LOG: May_28_00:04: CoralMUD is now up on port 4000.
 INFO LOG: May_28_00:04: -- 76.202.141.206:52220 connected to CoralMUD!
 INFO LOG: May_28_00:04: -- 76.202.141.206:52220: () Invalid name in character creation.
 INFO LOG: May_28_00:04: -- 76.202.141.206:52220: () Invalid name in character creation.
 INFO LOG: May_28_00:04: -- 76.202.141.206:52220: Retnur is trying to connect.
 INFO LOG: May_28_00:04: -- 76.202.141.206:52220: Retnur player file found.
 INFO LOG: May_28_00:04: -- Retnur has entered the game.
 INFO LOG: May_28_00:06: tick!!!
 INFO LOG: May_28_00:08: tick!!!
 INFO LOG: May_28_00:10: tick!!!
 INFO LOG: May_28_00:12: -- #<Player:0x00000001738498>:76.202.141.206:52220 disconnected from CoralMUD!
 INFO LOG: May_28_00:12: Logging enabled.   Loading logs.rb.
 INFO LOG: May_28_00:12: Loading spellcheck.rb
 INFO LOG: May_28_00:12: Loading facade.rb
 INFO LOG: May_28_00:12: Loading query_list.rb
 INFO LOG: May_28_00:12: Loading utils.rb
 INFO LOG: May_28_00:12: Loading constants.rb
 INFO LOG: May_28_00:12: Loading damage.rb
 INFO LOG: May_28_00:12: Loading class_property.rb
 INFO LOG: May_28_00:12: Loading scripts.rb
 INFO LOG: May_28_00:12: Loading tags.rb
 INFO LOG: May_28_00:12: Loading editor/editors.rb
 INFO LOG: May_28_00:12: Loading editor/editor.strings.rb
 INFO LOG: May_28_00:12: Loading editor/editor.rooms.rb
 INFO LOG: May_28_00:12: Loading editor/editor.exits.rb
 INFO LOG: May_28_00:12: Loading editor/editor.zones.rb
 INFO LOG: May_28_00:12: Loading editor/editor.npc.rb
 INFO LOG: May_28_00:12: Loading editor/editor.items.rb
 INFO LOG: May_28_00:12: Loading editor/editor.socials.rb
 INFO LOG: May_28_00:12: Loading socials.rb
 INFO LOG: May_28_00:12: Loading mxp.rb
 INFO LOG: May_28_00:12: Loading mccp.rb
 INFO LOG: May_28_00:12: Loading flags.rb
 INFO LOG: May_28_00:12: Loading areas.rb
 INFO LOG: May_28_00:12: Loading security.rb
 INFO LOG: May_28_00:12: Loading resets.rb
 INFO LOG: May_28_00:12: Loading event.rb
 INFO LOG: May_28_00:12: Loading automap/automap.rb
 INFO LOG: May_28_00:12: Loading cities.rb
 INFO LOG: May_28_00:12: Loading sector definitions.
 INFO LOG: May_28_00:12: Loading help.rb
 INFO LOG: May_28_00:12: Loading imcruby.rb
 INFO LOG: May_28_00:12: Loading player.rb
 INFO LOG: May_28_00:12: Loading commands.rb
 INFO LOG: May_28_00:12: Loading editor/editor.player.rb
 INFO LOG: May_28_00:12: Loading random.rb
 INFO LOG: May_28_00:12: Loading npc.rb
 INFO LOG: May_28_00:12: Loading items/types.rb
 INFO LOG: May_28_00:12: Loading items/items.rb
 INFO LOG: May_28_00:12: Loading spells.rb
 INFO LOG: May_28_00:12: Loading all zones.
 INFO LOG: May_28_00:12: Loading all socials.
 INFO LOG: May_28_00:12: Starting server.
 INFO LOG: May_28_00:12: CoralMUD is now up on port 4000.
 INFO LOG: May_28_00:12: -- 76.202.141.206:52429 connected to CoralMUD!
 INFO LOG: May_28_00:12: -- 76.202.141.206:52429: () Invalid name in character creation.
 INFO LOG: May_28_00:12: -- 76.202.141.206:52429: () Invalid name in character creation.
 INFO LOG: May_28_00:12: -- 76.202.141.206:52429: Retnur is trying to connect.
 INFO LOG: May_28_00:12: -- 76.202.141.206:52429: Retnur player file found.
 INFO LOG: May_28_00:12: -- Retnur has entered the game.
 INFO LOG: May_28_00:14: tick!!!
 INFO LOG: May_28_00:16: tick!!!
 INFO LOG: May_28_00:18: tick!!!
 INFO LOG: May_28_00:19: -- #<Player:0x000000025acce0>:76.202.141.206:52429 disconnected from CoralMUD!
 INFO LOG: May_28_00:19: Logging enabled.   Loading logs.rb.
 INFO LOG: May_28_00:19: Loading spellcheck.rb
 INFO LOG: May_28_00:19: Loading facade.rb
 INFO LOG: May_28_00:19: Loading query_list.rb
 INFO LOG: May_28_00:19: Loading utils.rb
 INFO LOG: May_28_00:19: Loading constants.rb
 INFO LOG: May_28_00:19: Loading damage.rb
 INFO LOG: May_28_00:19: Loading class_property.rb
 INFO LOG: May_28_00:19: Loading scripts.rb
 INFO LOG: May_28_00:19: Loading tags.rb
 INFO LOG: May_28_00:19: Loading editor/editors.rb
 INFO LOG: May_28_00:19: Loading editor/editor.strings.rb
 INFO LOG: May_28_00:19: Loading editor/editor.rooms.rb
 INFO LOG: May_28_00:19: Loading editor/editor.exits.rb
 INFO LOG: May_28_00:19: Loading editor/editor.zones.rb
 INFO LOG: May_28_00:19: Loading editor/editor.npc.rb
 INFO LOG: May_28_00:19: Loading editor/editor.items.rb
 INFO LOG: May_28_00:19: Loading editor/editor.socials.rb
 INFO LOG: May_28_00:19: Loading socials.rb
 INFO LOG: May_28_00:19: Loading mxp.rb
 INFO LOG: May_28_00:19: Loading mccp.rb
 INFO LOG: May_28_00:19: Loading flags.rb
 INFO LOG: May_28_00:19: Loading areas.rb
 INFO LOG: May_28_00:19: Loading security.rb
 INFO LOG: May_28_00:19: Loading resets.rb
 INFO LOG: May_28_00:19: Loading event.rb
 INFO LOG: May_28_00:19: Loading automap/automap.rb
 INFO LOG: May_28_00:19: Loading cities.rb
 INFO LOG: May_28_00:19: Loading sector definitions.
 INFO LOG: May_28_00:19: Loading help.rb
 INFO LOG: May_28_00:19: Loading imcruby.rb
 INFO LOG: May_28_00:19: Loading player.rb
 INFO LOG: May_28_00:19: Loading commands.rb
 INFO LOG: May_28_00:19: Loading editor/editor.player.rb
 INFO LOG: May_28_00:19: Loading random.rb
 INFO LOG: May_28_00:19: Loading npc.rb
 INFO LOG: May_28_00:19: Loading items/types.rb
 INFO LOG: May_28_00:19: Loading items/items.rb
 INFO LOG: May_28_00:19: Loading spells.rb
 INFO LOG: May_28_00:19: Loading all zones.
 INFO LOG: May_28_00:19: Loading all socials.
 INFO LOG: May_28_00:19: Starting server.
 INFO LOG: May_28_00:19: CoralMUD is now up on port 4000.
 INFO LOG: May_28_00:19: -- 76.202.141.206:35685 connected to CoralMUD!
 INFO LOG: May_28_00:19: -- 76.202.141.206:35685: () Invalid name in character creation.
 INFO LOG: May_28_00:19: -- 76.202.141.206:35685: () Invalid name in character creation.
 INFO LOG: May_28_00:19: -- 76.202.141.206:35685: Retnur is trying to connect.
 INFO LOG: May_28_00:19: -- 76.202.141.206:35685: Retnur player file found.
 INFO LOG: May_28_00:19: -- Retnur has entered the game.
ERROR LOG: undefined method `worn_stuff' for #<NPC:0x00000002823398>
ERROR LOG: /home/heath/coral/lib/facade.rb:64:in `method_missing'
ERROR LOG: /home/heath/coral/lib/class_property.rb:240:in `view'
ERROR LOG: /home/heath/coral/lib/commands/look.rb:17:in `cmd_look'
ERROR LOG: /home/heath/coral/lib/commands.rb:314:in `execute_command'
ERROR LOG: /home/heath/coral/core/socketengine.rb:170:in `block in handle_cmd_input'
ERROR LOG: /home/heath/coral/core/socketengine.rb:169:in `times'
ERROR LOG: /home/heath/coral/core/socketengine.rb:169:in `handle_cmd_input'
ERROR LOG: /home/heath/coral/core/socketengine.rb:133:in `receive_data'
ERROR LOG: /usr/local/lib/ruby/gems/1.9.1/gems/eventmachine-0.12.8/lib/eventmachine.rb:242:in `run_machine'
ERROR LOG: /usr/local/lib/ruby/gems/1.9.1/gems/eventmachine-0.12.8/lib/eventmachine.rb:242:in `run'
ERROR LOG: coral.rb:175:in `<main>'
 INFO LOG: May_28_00:20: -- #<Player:0x000000028a57f8>:76.202.141.206:35685 disconnected from CoralMUD!
 INFO LOG: May_28_00:20: Logging enabled.   Loading logs.rb.
 INFO LOG: May_28_00:20: Loading spellcheck.rb
 INFO LOG: May_28_00:20: Loading facade.rb
 INFO LOG: May_28_00:20: Loading query_list.rb
 INFO LOG: May_28_00:20: Loading utils.rb
 INFO LOG: May_28_00:20: Loading constants.rb
 INFO LOG: May_28_00:20: Loading damage.rb
 INFO LOG: May_28_00:20: Loading class_property.rb
 INFO LOG: May_28_00:20: Loading scripts.rb
 INFO LOG: May_28_00:20: Loading tags.rb
 INFO LOG: May_28_00:20: Loading editor/editors.rb
 INFO LOG: May_28_00:20: Loading editor/editor.strings.rb
 INFO LOG: May_28_00:20: Loading editor/editor.rooms.rb
 INFO LOG: May_28_00:20: Loading editor/editor.exits.rb
 INFO LOG: May_28_00:20: Loading editor/editor.zones.rb
 INFO LOG: May_28_00:20: Loading editor/editor.npc.rb
 INFO LOG: May_28_00:20: Loading editor/editor.items.rb
 INFO LOG: May_28_00:20: Loading editor/editor.socials.rb
 INFO LOG: May_28_00:20: Loading socials.rb
 INFO LOG: May_28_00:20: Loading mxp.rb
 INFO LOG: May_28_00:20: Loading mccp.rb
 INFO LOG: May_28_00:20: Loading flags.rb
 INFO LOG: May_28_00:20: Loading areas.rb
 INFO LOG: May_28_00:20: Loading security.rb
 INFO LOG: May_28_00:20: Loading resets.rb
 INFO LOG: May_28_00:20: Loading event.rb
 INFO LOG: May_28_00:20: Loading automap/automap.rb
 INFO LOG: May_28_00:20: Loading cities.rb
 INFO LOG: May_28_00:20: Loading sector definitions.
 INFO LOG: May_28_00:20: Loading help.rb
 INFO LOG: May_28_00:20: Loading imcruby.rb
 INFO LOG: May_28_00:20: Loading player.rb
 INFO LOG: May_28_00:20: Loading commands.rb
 INFO LOG: May_28_00:20: Loading editor/editor.player.rb
 INFO LOG: May_28_00:20: Loading random.rb
 INFO LOG: May_28_00:20: Loading npc.rb
 INFO LOG: May_28_00:20: Loading items/types.rb
 INFO LOG: May_28_00:20: Loading items/items.rb
 INFO LOG: May_28_00:20: Loading spells.rb
 INFO LOG: May_28_00:20: Loading all zones.
 INFO LOG: May_28_00:20: Loading all socials.
 INFO LOG: May_28_00:20: Starting server.
 INFO LOG: May_28_00:20: CoralMUD is now up on port 4000.
 INFO LOG: May_28_00:20: -- 76.202.141.206:39105 connected to CoralMUD!
 INFO LOG: May_28_00:20: -- 76.202.141.206:39105: () Invalid name in character creation.
 INFO LOG: May_28_00:20: -- 76.202.141.206:39105: () Invalid name in character creation.
 INFO LOG: May_28_00:20: -- 76.202.141.206:39105: Retnur is trying to connect.
 INFO LOG: May_28_00:20: -- 76.202.141.206:39105: Retnur player file found.
 INFO LOG: May_28_00:20: -- Retnur has entered the game.
 INFO LOG: May_28_00:22: tick!!!
 INFO LOG: May_28_00:24: tick!!!
 INFO LOG: May_28_00:26: tick!!!
 INFO LOG: May_28_00:28: tick!!!
 INFO LOG: May_28_00:30: tick!!!
 INFO LOG: May_28_00:32: tick!!!
 INFO LOG: May_28_00:34: tick!!!
 INFO LOG: May_28_00:36: tick!!!
 INFO LOG: May_28_00:38: tick!!!
 INFO LOG: May_28_00:40: tick!!!
 INFO LOG: May_28_00:42: tick!!!
 INFO LOG: May_28_00:44: tick!!!
 INFO LOG: May_28_00:46: tick!!!
 INFO LOG: May_28_00:48: tick!!!
 INFO LOG: May_28_00:50: tick!!!
 INFO LOG: May_28_00:52: tick!!!
 INFO LOG: May_28_00:54: tick!!!
 INFO LOG: May_28_00:56: tick!!!
 INFO LOG: May_28_00:58: tick!!!
 INFO LOG: May_28_01:00: tick!!!
 INFO LOG: May_28_01:02: tick!!!
 INFO LOG: May_28_01:04: tick!!!
 INFO LOG: May_28_01:06: tick!!!
 INFO LOG: May_28_01:08: tick!!!
 INFO LOG: May_28_01:10: tick!!!
 INFO LOG: May_28_01:12: tick!!!
 INFO LOG: May_28_01:14: tick!!!
 INFO LOG: May_28_01:16: tick!!!
 INFO LOG: May_28_01:18: tick!!!
 INFO LOG: May_28_01:20: tick!!!
 INFO LOG: May_28_01:22: tick!!!
 INFO LOG: May_28_01:24: tick!!!
 INFO LOG: May_28_01:26: tick!!!
 INFO LOG: May_28_01:28: tick!!!
 INFO LOG: May_28_01:30: tick!!!
 INFO LOG: May_28_01:32: tick!!!
 INFO LOG: May_28_01:34: tick!!!
 INFO LOG: May_28_01:35: -- #<Player:0x00000003579b50>:76.202.141.206:39105 disconnected from CoralMUD!
 INFO LOG: May_28_01:35: Logging enabled.   Loading logs.rb.
 INFO LOG: May_28_01:35: Loading spellcheck.rb
 INFO LOG: May_28_01:35: Loading facade.rb
 INFO LOG: May_28_01:35: Loading query_list.rb
 INFO LOG: May_28_01:35: Loading utils.rb
 INFO LOG: May_28_01:35: Loading constants.rb
 INFO LOG: May_28_01:35: Loading damage.rb
 INFO LOG: May_28_01:35: Loading class_property.rb
 INFO LOG: May_28_01:35: Loading scripts.rb
 INFO LOG: May_28_01:35: Loading tags.rb
 INFO LOG: May_28_01:35: Loading editor/editors.rb
 INFO LOG: May_28_01:35: Loading editor/editor.strings.rb
 INFO LOG: May_28_01:35: Loading editor/editor.rooms.rb
 INFO LOG: May_28_01:35: Loading editor/editor.exits.rb
 INFO LOG: May_28_01:35: Loading editor/editor.zones.rb
 INFO LOG: May_28_01:35: Loading editor/editor.npc.rb
 INFO LOG: May_28_01:35: Loading editor/editor.items.rb
 INFO LOG: May_28_01:35: Loading editor/editor.socials.rb
 INFO LOG: May_28_01:35: Loading socials.rb
 INFO LOG: May_28_01:35: Loading mxp.rb
 INFO LOG: May_28_01:35: Loading mccp.rb
 INFO LOG: May_28_01:35: Loading flags.rb
 INFO LOG: May_28_01:35: Loading areas.rb
 INFO LOG: May_28_01:35: Loading security.rb
 INFO LOG: May_28_01:35: Loading resets.rb
 INFO LOG: May_28_01:35: Loading event.rb
 INFO LOG: May_28_01:35: Loading automap/automap.rb
 INFO LOG: May_28_01:35: Loading cities.rb
 INFO LOG: May_28_01:35: Loading sector definitions.
 INFO LOG: May_28_01:35: Loading help.rb
 INFO LOG: May_28_01:35: Loading imcruby.rb
 INFO LOG: May_28_01:35: Loading player.rb
 INFO LOG: May_28_01:35: Loading commands.rb
 INFO LOG: May_28_01:35: Loading editor/editor.player.rb
 INFO LOG: May_28_01:35: Loading random.rb
 INFO LOG: May_28_01:35: Loading npc.rb
 INFO LOG: May_28_01:35: Loading items/types.rb
 INFO LOG: May_28_01:35: Loading items/items.rb
 INFO LOG: May_28_01:35: Loading spells.rb
 INFO LOG: May_28_01:35: Loading all zones.
 INFO LOG: May_28_01:35: Loading all socials.
 INFO LOG: May_28_01:35: Starting server.
 INFO LOG: May_28_01:35: CoralMUD is now up on port 4000.
 INFO LOG: May_28_01:35: -- 76.202.141.206:60522 connected to CoralMUD!
 INFO LOG: May_28_01:35: -- 76.202.141.206:60522: () Invalid name in character creation.
 INFO LOG: May_28_01:35: -- 76.202.141.206:60522: () Invalid name in character creation.
 INFO LOG: May_28_01:35: -- 76.202.141.206:60522: Retnur is trying to connect.
 INFO LOG: May_28_01:35: -- 76.202.141.206:60522: Retnur player file found.
 INFO LOG: May_28_01:35: -- Retnur has entered the game.
 INFO LOG: May_28_01:37: tick!!!
 INFO LOG: May_28_01:39: tick!!!
 INFO LOG: May_28_01:41: tick!!!
 INFO LOG: May_28_01:43: tick!!!
 INFO LOG: May_28_01:45: tick!!!
 INFO LOG: May_28_01:47: tick!!!
 INFO LOG: May_28_01:49: tick!!!
 INFO LOG: May_28_01:51: tick!!!
 INFO LOG: May_28_01:53: tick!!!
 INFO LOG: May_28_01:55: tick!!!
 INFO LOG: May_28_01:57: tick!!!
 INFO LOG: May_28_01:59: tick!!!
 INFO LOG: May_28_02:01: tick!!!
 INFO LOG: May_28_02:03: tick!!!
 INFO LOG: May_28_02:05: tick!!!
 INFO LOG: May_28_02:07: tick!!!
 INFO LOG: May_28_02:09: tick!!!
 INFO LOG: May_28_02:11: tick!!!
 INFO LOG: May_28_02:13: tick!!!
 INFO LOG: May_28_02:15: tick!!!
 INFO LOG: May_28_02:17: tick!!!
 INFO LOG: May_28_02:19: tick!!!
 INFO LOG: May_28_02:21: tick!!!
 INFO LOG: May_28_02:23: tick!!!
 INFO LOG: May_28_02:25: tick!!!
 INFO LOG: May_28_02:27: tick!!!
 INFO LOG: May_28_02:29: tick!!!
 INFO LOG: May_28_02:31: tick!!!
 INFO LOG: May_28_02:33: tick!!!
 INFO LOG: May_28_02:35: tick!!!
 INFO LOG: May_28_02:37: tick!!!
 INFO LOG: May_28_02:39: tick!!!
 INFO LOG: May_28_02:41: tick!!!
 INFO LOG: May_28_02:43: tick!!!
 INFO LOG: May_28_02:45: tick!!!
 INFO LOG: May_28_02:47: tick!!!
 INFO LOG: May_28_02:49: tick!!!
 INFO LOG: May_28_02:51: tick!!!
 INFO LOG: May_28_02:53: tick!!!
 INFO LOG: May_28_02:55: tick!!!
 INFO LOG: May_28_02:57: tick!!!
 INFO LOG: May_28_02:59: tick!!!
 INFO LOG: May_28_03:01: tick!!!
 INFO LOG: May_28_03:03: tick!!!
 INFO LOG: May_28_03:05: tick!!!
 INFO LOG: May_28_03:07: tick!!!
 INFO LOG: May_28_03:09: tick!!!
 INFO LOG: May_28_03:11: tick!!!
 INFO LOG: May_28_03:13: tick!!!
 INFO LOG: May_28_03:15: tick!!!
 INFO LOG: May_28_03:17: tick!!!
 INFO LOG: May_28_03:19: tick!!!
 INFO LOG: May_28_03:21: tick!!!
 INFO LOG: May_28_03:23: tick!!!
 INFO LOG: May_28_03:25: tick!!!
 INFO LOG: May_28_03:27: tick!!!
 INFO LOG: May_28_03:29: tick!!!
 INFO LOG: May_28_03:31: tick!!!
 INFO LOG: May_28_03:33: tick!!!
 INFO LOG: May_28_03:35: tick!!!
 INFO LOG: May_28_03:37: tick!!!
 INFO LOG: May_28_03:39: tick!!!
 INFO LOG: May_28_03:41: tick!!!
 INFO LOG: May_28_03:43: tick!!!
 INFO LOG: May_28_03:45: tick!!!
 INFO LOG: May_28_03:47: tick!!!
 INFO LOG: May_28_03:49: tick!!!
 INFO LOG: May_28_03:51: tick!!!
 INFO LOG: May_28_03:53: tick!!!
 INFO LOG: May_28_03:55: tick!!!
 INFO LOG: May_28_03:57: tick!!!
 INFO LOG: May_28_03:59: tick!!!
 INFO LOG: May_28_04:01: tick!!!
 INFO LOG: May_28_04:03: tick!!!
 INFO LOG: May_28_04:05: tick!!!
 INFO LOG: May_28_04:07: tick!!!
 INFO LOG: May_28_04:09: tick!!!
 INFO LOG: May_28_04:11: tick!!!
 INFO LOG: May_28_04:13: tick!!!
 INFO LOG: May_28_04:15: tick!!!
 INFO LOG: May_28_04:17: tick!!!
 INFO LOG: May_28_04:19: tick!!!
 INFO LOG: May_28_04:21: tick!!!
 INFO LOG: May_28_04:23: tick!!!
 INFO LOG: May_28_04:25: tick!!!
 INFO LOG: May_28_04:27: tick!!!
 INFO LOG: May_28_04:29: tick!!!
 INFO LOG: May_28_04:31: tick!!!
 INFO LOG: May_28_04:33: tick!!!
 INFO LOG: May_28_04:35: tick!!!
 INFO LOG: May_28_04:37: tick!!!
 INFO LOG: May_28_04:39: tick!!!
 INFO LOG: May_28_04:41: tick!!!
 INFO LOG: May_28_04:43: tick!!!
 INFO LOG: May_28_04:45: tick!!!
 INFO LOG: May_28_04:47: tick!!!
 INFO LOG: May_28_04:49: tick!!!
 INFO LOG: May_28_04:51: tick!!!
 INFO LOG: May_28_04:53: tick!!!
 INFO LOG: May_28_04:55: tick!!!
 INFO LOG: May_28_04:57: tick!!!
 INFO LOG: May_28_04:59: tick!!!
 INFO LOG: May_28_05:01: tick!!!
 INFO LOG: May_28_05:03: tick!!!
 INFO LOG: May_28_05:05: tick!!!
 INFO LOG: May_28_05:07: tick!!!
 INFO LOG: May_28_05:09: tick!!!
 INFO LOG: May_28_05:11: tick!!!
 INFO LOG: May_28_05:13: tick!!!
 INFO LOG: May_28_05:15: tick!!!
 INFO LOG: May_28_05:17: tick!!!
 INFO LOG: May_28_05:19: tick!!!
 INFO LOG: May_28_05:21: tick!!!
 INFO LOG: May_28_05:23: tick!!!
 INFO LOG: May_28_05:25: tick!!!
 INFO LOG: May_28_05:27: tick!!!
 INFO LOG: May_28_05:29: tick!!!
 INFO LOG: May_28_05:31: tick!!!
 INFO LOG: May_28_05:33: tick!!!
 INFO LOG: May_28_05:35: tick!!!
 INFO LOG: May_28_05:37: tick!!!
 INFO LOG: May_28_05:39: tick!!!
 INFO LOG: May_28_05:41: tick!!!
 INFO LOG: May_28_05:43: tick!!!
 INFO LOG: May_28_05:45: tick!!!
 INFO LOG: May_28_05:47: tick!!!
 INFO LOG: May_28_05:49: tick!!!
 INFO LOG: May_28_05:51: tick!!!
 INFO LOG: May_28_05:53: tick!!!
 INFO LOG: May_28_05:55: tick!!!
 INFO LOG: May_28_05:57: tick!!!
 INFO LOG: May_28_05:59: tick!!!
 INFO LOG: May_28_06:01: tick!!!
 INFO LOG: May_28_06:03: tick!!!
 INFO LOG: May_28_06:05: tick!!!
 INFO LOG: May_28_06:07: tick!!!
 INFO LOG: May_28_06:09: tick!!!
 INFO LOG: May_28_06:11: tick!!!
 INFO LOG: May_28_06:13: tick!!!
 INFO LOG: May_28_06:15: tick!!!
 INFO LOG: May_28_06:17: tick!!!
 INFO LOG: May_28_06:19: tick!!!
 INFO LOG: May_28_06:21: tick!!!
 INFO LOG: May_28_06:23: tick!!!
 INFO LOG: May_28_06:25: tick!!!
 INFO LOG: May_28_06:27: tick!!!
 INFO LOG: May_28_06:29: tick!!!
 INFO LOG: May_28_06:31: tick!!!
 INFO LOG: May_28_06:33: tick!!!
 INFO LOG: May_28_06:35: tick!!!
 INFO LOG: May_28_06:37: tick!!!
 INFO LOG: May_28_06:39: tick!!!
 INFO LOG: May_28_06:41: tick!!!
 INFO LOG: May_28_06:43: tick!!!
 INFO LOG: May_28_06:45: tick!!!
 INFO LOG: May_28_06:47: tick!!!
 INFO LOG: May_28_06:49: tick!!!
 INFO LOG: May_28_06:51: tick!!!
 INFO LOG: May_28_06:53: tick!!!
 INFO LOG: May_28_06:55: tick!!!
 INFO LOG: May_28_06:57: tick!!!
 INFO LOG: May_28_06:59: tick!!!
 INFO LOG: May_28_07:01: tick!!!
 INFO LOG: May_28_07:03: tick!!!
 INFO LOG: May_28_07:05: tick!!!
 INFO LOG: May_28_07:07: tick!!!
 INFO LOG: May_28_07:09: tick!!!
 INFO LOG: May_28_07:11: tick!!!
 INFO LOG: May_28_07:13: tick!!!
 INFO LOG: May_28_07:15: tick!!!
 INFO LOG: May_28_07:17: tick!!!
 INFO LOG: May_28_07:19: tick!!!
 INFO LOG: May_28_07:21: tick!!!
 INFO LOG: May_28_07:23: tick!!!
 INFO LOG: May_28_07:25: tick!!!
 INFO LOG: May_28_07:27: tick!!!
 INFO LOG: May_28_07:29: tick!!!
 INFO LOG: May_28_07:31: tick!!!
 INFO LOG: May_28_07:33: tick!!!
 INFO LOG: May_28_07:35: tick!!!
 INFO LOG: May_28_07:37: tick!!!
 INFO LOG: May_28_07:39: tick!!!
 INFO LOG: May_28_07:41: tick!!!
 INFO LOG: May_28_07:43: tick!!!
 INFO LOG: May_28_07:45: tick!!!
 INFO LOG: May_28_07:47: tick!!!
 INFO LOG: May_28_07:49: tick!!!
 INFO LOG: May_28_07:51: tick!!!
 INFO LOG: May_28_07:53: tick!!!
 INFO LOG: May_28_07:55: tick!!!
 INFO LOG: May_28_07:57: tick!!!
 INFO LOG: May_28_07:59: tick!!!
 INFO LOG: May_28_08:01: tick!!!
 INFO LOG: May_28_08:03: tick!!!
 INFO LOG: May_28_08:05: tick!!!
 INFO LOG: May_28_08:07: tick!!!
 INFO LOG: May_28_08:09: tick!!!
 INFO LOG: May_28_08:11: tick!!!
 INFO LOG: May_28_08:13: tick!!!
 INFO LOG: May_28_08:15: tick!!!
 INFO LOG: May_28_08:17: tick!!!
 INFO LOG: May_28_08:19: tick!!!
 INFO LOG: May_28_08:21: tick!!!
 INFO LOG: May_28_08:23: tick!!!
 INFO LOG: May_28_08:25: tick!!!
 INFO LOG: May_28_08:27: tick!!!
 INFO LOG: May_28_08:29: tick!!!
 INFO LOG: May_28_08:31: tick!!!
 INFO LOG: May_28_08:33: tick!!!
 INFO LOG: May_28_08:35: tick!!!
 INFO LOG: May_28_08:37: tick!!!
 INFO LOG: May_28_08:39: tick!!!
 INFO LOG: May_28_08:41: tick!!!
 INFO LOG: May_28_08:43: tick!!!
 INFO LOG: May_28_08:45: tick!!!
 INFO LOG: May_28_08:47: tick!!!
 INFO LOG: May_28_08:49: tick!!!
 INFO LOG: May_28_08:51: tick!!!
 INFO LOG: May_28_08:53: tick!!!
 INFO LOG: May_28_08:55: tick!!!
 INFO LOG: May_28_08:57: tick!!!
 INFO LOG: May_28_08:59: tick!!!
 INFO LOG: May_28_09:01: tick!!!
 INFO LOG: May_28_09:03: tick!!!
 INFO LOG: May_28_09:05: tick!!!
 INFO LOG: May_28_09:07: tick!!!
 INFO LOG: May_28_09:09: tick!!!
 INFO LOG: May_28_09:11: tick!!!
 INFO LOG: May_28_09:13: tick!!!
 INFO LOG: May_28_09:15: tick!!!
 INFO LOG: May_28_09:17: tick!!!
 INFO LOG: May_28_09:19: tick!!!
 INFO LOG: May_28_09:21: tick!!!
 INFO LOG: May_28_09:23: tick!!!
 INFO LOG: May_28_09:25: tick!!!
 INFO LOG: May_28_09:27: tick!!!
 INFO LOG: May_28_09:29: tick!!!
 INFO LOG: May_28_09:31: tick!!!
 INFO LOG: May_28_09:33: tick!!!
 INFO LOG: May_28_09:35: tick!!!
 INFO LOG: May_28_09:37: tick!!!
 INFO LOG: May_28_09:39: tick!!!
 INFO LOG: May_28_09:41: tick!!!
 INFO LOG: May_28_09:43: tick!!!
 INFO LOG: May_28_09:45: tick!!!
 INFO LOG: May_28_09:47: tick!!!
 INFO LOG: May_28_09:49: tick!!!
 INFO LOG: May_28_09:51: tick!!!
 INFO LOG: May_28_09:53: tick!!!
 INFO LOG: May_28_09:55: tick!!!
 INFO LOG: May_28_09:57: tick!!!
 INFO LOG: May_28_09:59: tick!!!
 INFO LOG: May_28_10:01: tick!!!
 INFO LOG: May_28_10:03: tick!!!
 INFO LOG: May_28_10:05: tick!!!
 INFO LOG: May_28_10:07: tick!!!
 INFO LOG: May_28_10:09: tick!!!
 INFO LOG: May_28_10:11: tick!!!
 INFO LOG: May_28_10:13: tick!!!
 INFO LOG: May_28_10:15: tick!!!
 INFO LOG: May_28_10:17: tick!!!
 INFO LOG: May_28_10:19: tick!!!
 INFO LOG: May_28_10:21: tick!!!
 INFO LOG: May_28_10:23: tick!!!
 INFO LOG: May_28_10:25: tick!!!
 INFO LOG: May_28_10:27: tick!!!
 INFO LOG: May_28_10:29: tick!!!
 INFO LOG: May_28_10:31: tick!!!
 INFO LOG: May_28_10:33: tick!!!
 INFO LOG: May_28_10:35: tick!!!
 INFO LOG: May_28_10:37: tick!!!
 INFO LOG: May_28_10:39: tick!!!
 INFO LOG: May_28_10:41: tick!!!
 INFO LOG: May_28_10:43: tick!!!
 INFO LOG: May_28_10:45: tick!!!
 INFO LOG: May_28_10:47: tick!!!
 INFO LOG: May_28_10:49: tick!!!
 INFO LOG: May_28_10:51: tick!!!
 INFO LOG: May_28_10:53: tick!!!
 INFO LOG: May_28_10:55: tick!!!
 INFO LOG: May_28_10:57: tick!!!
 INFO LOG: May_28_10:59: tick!!!
 INFO LOG: May_28_11:01: tick!!!
 INFO LOG: May_28_11:03: tick!!!
 INFO LOG: May_28_11:05: tick!!!
 INFO LOG: May_28_11:07: tick!!!
 INFO LOG: May_28_11:09: tick!!!
 INFO LOG: May_28_11:11: tick!!!
 INFO LOG: May_28_11:13: tick!!!
 INFO LOG: May_28_11:15: tick!!!
 INFO LOG: May_28_11:17: tick!!!
 INFO LOG: May_28_11:19: tick!!!
 INFO LOG: May_28_11:21: tick!!!
 INFO LOG: May_28_11:23: tick!!!
 INFO LOG: May_28_11:25: tick!!!
 INFO LOG: May_28_11:27: tick!!!
 INFO LOG: May_28_11:29: tick!!!
 INFO LOG: May_28_11:31: tick!!!
 INFO LOG: May_28_11:33: tick!!!
 INFO LOG: May_28_11:35: tick!!!
 INFO LOG: May_28_11:37: tick!!!
 INFO LOG: May_28_11:39: tick!!!
 INFO LOG: May_28_11:41: tick!!!
 INFO LOG: May_28_11:43: tick!!!
 INFO LOG: May_28_11:45: tick!!!
 INFO LOG: May_28_11:47: tick!!!
 INFO LOG: May_28_11:49: tick!!!
 INFO LOG: May_28_11:51: tick!!!
 INFO LOG: May_28_11:53: tick!!!
 INFO LOG: May_28_11:55: tick!!!
 INFO LOG: May_28_11:57: tick!!!
 INFO LOG: May_28_11:59: tick!!!
 INFO LOG: May_28_12:01: tick!!!
 INFO LOG: May_28_12:03: tick!!!
 INFO LOG: May_28_12:05: tick!!!
 INFO LOG: May_28_12:07: tick!!!
 INFO LOG: May_28_12:09: tick!!!
 INFO LOG: May_28_12:11: tick!!!
 INFO LOG: May_28_12:13: tick!!!
 INFO LOG: May_28_12:15: tick!!!
 INFO LOG: May_28_12:17: tick!!!
 INFO LOG: May_28_12:19: tick!!!
 INFO LOG: May_28_12:21: tick!!!
 INFO LOG: May_28_12:23: tick!!!
 INFO LOG: May_28_12:25: tick!!!
 INFO LOG: May_28_12:27: tick!!!
 INFO LOG: May_28_12:29: tick!!!
 INFO LOG: May_28_12:31: tick!!!
 INFO LOG: May_28_12:33: tick!!!
 INFO LOG: May_28_12:35: tick!!!
 INFO LOG: May_28_12:37: tick!!!
 INFO LOG: May_28_12:39: tick!!!
 INFO LOG: May_28_12:41: tick!!!
 INFO LOG: May_28_12:43: tick!!!
 INFO LOG: May_28_12:45: tick!!!
 INFO LOG: May_28_12:47: tick!!!
 INFO LOG: May_28_12:49: tick!!!
 INFO LOG: May_28_12:51: -- 76.22.95.113:9256 connected to CoralMUD!
 INFO LOG: May_28_12:51: tick!!!
 INFO LOG: May_28_12:51: -- 76.22.95.113:9256: Marquester is trying to connect.
 INFO LOG: May_28_12:51: -- 76.22.95.113:9256: Marquester:  New Character.
 INFO LOG: May_28_12:53: tick!!!
 INFO LOG: May_28_12:55: -- 76.22.95.113:9256: Marquester successfully created.
 INFO LOG: May_28_12:55: -- Marquester has entered the game.
 INFO LOG: May_28_12:55: tick!!!
 INFO LOG: May_28_12:57: Marquester has left the game.
 INFO LOG: May_28_12:57: -- :76.22.95.113:9256 disconnected from CoralMUD!
 INFO LOG: May_28_12:57: tick!!!
 INFO LOG: May_28_12:59: tick!!!
 INFO LOG: May_28_13:01: tick!!!
 INFO LOG: May_28_13:03: tick!!!
 INFO LOG: May_28_13:05: tick!!!
 INFO LOG: May_28_13:07: tick!!!
 INFO LOG: May_28_13:09: tick!!!
 INFO LOG: May_28_13:11: tick!!!
 INFO LOG: May_28_13:13: tick!!!
 INFO LOG: May_28_13:15: tick!!!
 INFO LOG: May_28_13:17: tick!!!
 INFO LOG: May_28_13:19: tick!!!
 INFO LOG: May_28_13:21: tick!!!
 INFO LOG: May_28_13:23: tick!!!
 INFO LOG: May_28_13:25: tick!!!
 INFO LOG: May_28_13:27: tick!!!
 INFO LOG: May_28_13:29: tick!!!
 INFO LOG: May_28_13:31: tick!!!
 INFO LOG: May_28_13:33: tick!!!
 INFO LOG: May_28_13:35: tick!!!
 INFO LOG: May_28_13:37: tick!!!
 INFO LOG: May_28_13:39: tick!!!
 INFO LOG: May_28_13:41: tick!!!
 INFO LOG: May_28_13:43: tick!!!
 INFO LOG: May_28_13:45: tick!!!
 INFO LOG: May_28_13:47: tick!!!
 INFO LOG: May_28_13:49: tick!!!
 INFO LOG: May_28_13:51: tick!!!
 INFO LOG: May_28_13:53: tick!!!
 INFO LOG: May_28_13:55: tick!!!
 INFO LOG: May_28_13:57: tick!!!
 INFO LOG: May_28_13:59: tick!!!
 INFO LOG: May_28_14:01: tick!!!
 INFO LOG: May_28_14:03: tick!!!
 INFO LOG: May_28_14:05: tick!!!
 INFO LOG: May_28_14:07: tick!!!
 INFO LOG: May_28_14:09: tick!!!
 INFO LOG: May_28_14:11: tick!!!
 INFO LOG: May_28_14:13: tick!!!
 INFO LOG: May_28_14:15: tick!!!
 INFO LOG: May_28_14:17: tick!!!
 INFO LOG: May_28_14:19: tick!!!
 INFO LOG: May_28_14:21: tick!!!
 INFO LOG: May_28_14:23: tick!!!
 INFO LOG: May_28_14:25: tick!!!
 INFO LOG: May_28_14:27: tick!!!
 INFO LOG: May_28_14:29: tick!!!
 INFO LOG: May_28_14:31: tick!!!
 INFO LOG: May_28_14:33: tick!!!
 INFO LOG: May_28_14:35: tick!!!
 INFO LOG: May_28_14:37: tick!!!
 INFO LOG: May_28_14:39: tick!!!
 INFO LOG: May_28_14:41: tick!!!
 INFO LOG: May_28_14:43: tick!!!
 INFO LOG: May_28_14:45: tick!!!
 INFO LOG: May_28_14:47: tick!!!
 INFO LOG: May_28_14:49: tick!!!
 INFO LOG: May_28_14:51: tick!!!
 INFO LOG: May_28_14:53: tick!!!
 INFO LOG: May_28_14:55: tick!!!
 INFO LOG: May_28_14:57: tick!!!
 INFO LOG: May_28_14:59: tick!!!
 INFO LOG: May_28_15:01: tick!!!
 INFO LOG: May_28_15:03: tick!!!
 INFO LOG: May_28_15:05: tick!!!
 INFO LOG: May_28_15:07: tick!!!
 INFO LOG: May_28_15:09: tick!!!
 INFO LOG: May_28_15:11: tick!!!
 INFO LOG: May_28_15:13: tick!!!
 INFO LOG: May_28_15:15: tick!!!
 INFO LOG: May_28_15:17: tick!!!
 INFO LOG: May_28_15:19: tick!!!
 INFO LOG: May_28_15:21: tick!!!
 INFO LOG: May_28_15:23: tick!!!
 INFO LOG: May_28_15:25: tick!!!
 INFO LOG: May_28_15:27: tick!!!
 INFO LOG: May_28_15:29: tick!!!
 INFO LOG: May_28_15:31: tick!!!
 INFO LOG: May_28_15:33: tick!!!
 INFO LOG: May_28_15:35: tick!!!
 INFO LOG: May_28_15:37: tick!!!
 INFO LOG: May_28_15:39: tick!!!
 INFO LOG: May_28_15:41: tick!!!
 INFO LOG: May_28_15:43: tick!!!
 INFO LOG: May_28_15:45: tick!!!
 INFO LOG: May_28_15:47: tick!!!
 INFO LOG: May_28_15:49: tick!!!
 INFO LOG: May_28_15:51: tick!!!
 INFO LOG: May_28_15:53: tick!!!
 INFO LOG: May_28_15:55: tick!!!
 INFO LOG: May_28_15:57: tick!!!
 INFO LOG: May_28_15:59: tick!!!
 INFO LOG: May_28_16:01: tick!!!
 INFO LOG: May_28_16:03: tick!!!
 INFO LOG: May_28_16:05: tick!!!
 INFO LOG: May_28_16:07: tick!!!
 INFO LOG: May_28_16:09: tick!!!
 INFO LOG: May_28_16:11: tick!!!
 INFO LOG: May_28_16:13: tick!!!
 INFO LOG: May_28_16:15: tick!!!
 INFO LOG: May_28_16:17: tick!!!
 INFO LOG: May_28_16:19: tick!!!
 INFO LOG: May_28_16:21: tick!!!
 INFO LOG: May_28_16:23: tick!!!
 INFO LOG: May_28_16:25: tick!!!
 INFO LOG: May_28_16:27: tick!!!
 INFO LOG: May_28_16:29: tick!!!
 INFO LOG: May_28_16:31: tick!!!
 INFO LOG: May_28_16:33: tick!!!
 INFO LOG: May_28_16:35: tick!!!
 INFO LOG: May_28_16:37: tick!!!
 INFO LOG: May_28_16:39: tick!!!
 INFO LOG: May_28_16:41: tick!!!
 INFO LOG: May_28_16:43: tick!!!
 INFO LOG: May_28_16:45: tick!!!
 INFO LOG: May_28_16:47: tick!!!
 INFO LOG: May_28_16:49: tick!!!
 INFO LOG: May_28_16:51: tick!!!
 INFO LOG: May_28_16:53: tick!!!
 INFO LOG: May_28_16:55: tick!!!
 INFO LOG: May_28_16:57: tick!!!
 INFO LOG: May_28_17:00: tick!!!
 INFO LOG: May_28_17:02: tick!!!
 INFO LOG: May_28_17:04: tick!!!
 INFO LOG: May_28_17:06: tick!!!
 INFO LOG: May_28_17:08: tick!!!
 INFO LOG: May_28_17:10: tick!!!
 INFO LOG: May_28_17:12: tick!!!
 INFO LOG: May_28_17:14: tick!!!
 INFO LOG: May_28_17:16: tick!!!
 INFO LOG: May_28_17:18: tick!!!
 INFO LOG: May_28_17:20: tick!!!
 INFO LOG: May_28_17:22: tick!!!
 INFO LOG: May_28_17:24: tick!!!
 INFO LOG: May_28_17:26: tick!!!
 INFO LOG: May_28_17:28: tick!!!
 INFO LOG: May_28_17:30: tick!!!
 INFO LOG: May_28_17:32: tick!!!
 INFO LOG: May_28_17:34: tick!!!
 INFO LOG: May_28_17:36: tick!!!
 INFO LOG: May_28_17:38: tick!!!
 INFO LOG: May_28_17:40: tick!!!
 INFO LOG: May_28_17:42: tick!!!
 INFO LOG: May_28_17:44: tick!!!
 INFO LOG: May_28_17:46: tick!!!
 INFO LOG: May_28_17:48: tick!!!
 INFO LOG: May_28_17:50: tick!!!
 INFO LOG: May_28_17:52: tick!!!
 INFO LOG: May_28_17:54: tick!!!
 INFO LOG: May_28_17:56: tick!!!
 INFO LOG: May_28_17:58: tick!!!
 INFO LOG: May_28_18:00: tick!!!
 INFO LOG: May_28_18:02: tick!!!
 INFO LOG: May_28_18:04: tick!!!
