 INFO LOG: May_24_14:58: Logging enabled.   Loading logs.rb.
 INFO LOG: May_24_14:58: Loading spellcheck.rb
 INFO LOG: May_24_14:58: Loading facade.rb
 INFO LOG: May_24_14:58: Loading query_list.rb
 INFO LOG: May_24_14:58: Loading utils.rb
 INFO LOG: May_24_14:58: Loading constants.rb
 INFO LOG: May_24_14:58: Loading damage.rb
 INFO LOG: May_24_14:58: Loading class_property.rb
 INFO LOG: May_24_14:58: Loading scripts.rb
 INFO LOG: May_24_14:58: Loading tags.rb
 INFO LOG: May_24_14:58: Loading editor/editors.rb
 INFO LOG: May_24_14:58: Loading editor/editor.strings.rb
 INFO LOG: May_24_14:58: Loading editor/editor.rooms.rb
 INFO LOG: May_24_14:58: Loading editor/editor.exits.rb
 INFO LOG: May_24_14:58: Loading editor/editor.zones.rb
 INFO LOG: May_24_14:58: Loading editor/editor.npc.rb
 INFO LOG: May_24_14:58: Loading editor/editor.items.rb
 INFO LOG: May_24_14:58: Loading editor/editor.socials.rb
 INFO LOG: May_24_14:58: Loading socials.rb
 INFO LOG: May_24_14:58: Loading mxp.rb
 INFO LOG: May_24_14:58: Loading mccp.rb
 INFO LOG: May_24_14:58: Loading flags.rb
 INFO LOG: May_24_14:58: Loading areas.rb
 INFO LOG: May_24_14:58: Loading security.rb
 INFO LOG: May_24_14:58: Loading resets.rb
 INFO LOG: May_24_14:58: Loading event.rb
 INFO LOG: May_24_14:58: Loading automap/automap.rb
 INFO LOG: May_24_14:58: Loading cities.rb
 INFO LOG: May_24_14:58: Loading sector definitions.
 INFO LOG: May_24_14:58: Loading help.rb
 INFO LOG: May_24_14:58: Loading imcruby.rb
 INFO LOG: May_24_14:58: Loading player.rb
 INFO LOG: May_24_14:58: Loading commands.rb
 INFO LOG: May_24_14:58: Loading editor/editor.player.rb
 INFO LOG: May_24_14:58: Loading random.rb
 INFO LOG: May_24_14:58: Loading npc.rb
 INFO LOG: May_24_14:58: Loading items/types.rb
 INFO LOG: May_24_14:58: Loading items/items.rb
 INFO LOG: May_24_14:58: Loading spells.rb
 INFO LOG: May_24_14:58: Loading all zones.
 INFO LOG: May_24_14:58: Loading all socials.
 INFO LOG: May_24_14:58: Starting server.
 INFO LOG: May_24_14:58: CoralMUD is now up on port 4000.
 INFO LOG: May_24_14:58: -- 76.202.141.206:57789 connected to CoralMUD!
 INFO LOG: May_24_14:58: -- 76.202.141.206:57789: () Invalid name in character creation.
 INFO LOG: May_24_14:58: -- 76.202.141.206:57789: () Invalid name in character creation.
 INFO LOG: May_24_14:58: -- 76.202.141.206:57789: Retnur is trying to connect.
 INFO LOG: May_24_14:58: -- 76.202.141.206:57789: Retnur player file found.
 INFO LOG: May_24_14:58: -- Retnur has entered the game.
ERROR LOG: undefined local variable or method `reset_list' for Room:Class
ERROR LOG: /home/heath/coral/lib/editor/editor.rooms.rb:87:in `block in <class:Room>'
ERROR LOG: /home/heath/coral/lib/editor/editors.rb:186:in `call'
ERROR LOG: /home/heath/coral/lib/editor/editors.rb:186:in `call_display'
ERROR LOG: /home/heath/coral/lib/editor/editors.rb:120:in `block in display_values'
ERROR LOG: /home/heath/coral/lib/editor/editors.rb:120:in `collect'
ERROR LOG: /home/heath/coral/lib/editor/editors.rb:120:in `display_values'
ERROR LOG: /home/heath/coral/lib/editor/editors.rb:86:in `block in initialize'
ERROR LOG: /home/heath/coral/lib/editor/editors.rb:192:in `call'
ERROR LOG: /home/heath/coral/lib/editor/editors.rb:192:in `call_fun'
ERROR LOG: /home/heath/coral/lib/commands.rb:260:in `execute_command'
ERROR LOG: /home/heath/coral/lib/commands/edit.rb:52:in `cmd_edit'
ERROR LOG: /home/heath/coral/lib/commands.rb:306:in `execute_command'
ERROR LOG: /home/heath/coral/core/socketengine.rb:170:in `block in handle_cmd_input'
ERROR LOG: /home/heath/coral/core/socketengine.rb:169:in `times'
ERROR LOG: /home/heath/coral/core/socketengine.rb:169:in `handle_cmd_input'
ERROR LOG: /home/heath/coral/core/socketengine.rb:133:in `receive_data'
ERROR LOG: /usr/local/lib/ruby/gems/1.9.1/gems/eventmachine-0.12.8/lib/eventmachine.rb:242:in `run_machine'
ERROR LOG: /usr/local/lib/ruby/gems/1.9.1/gems/eventmachine-0.12.8/lib/eventmachine.rb:242:in `run'
ERROR LOG: coral.rb:175:in `<main>'
 INFO LOG: May_24_15:00: tick!!!
 INFO LOG: May_24_15:00: -- #<Player:0x0000000206e710>:76.202.141.206:57789 disconnected from CoralMUD!
 INFO LOG: May_24_15:00: Logging enabled.   Loading logs.rb.
 INFO LOG: May_24_15:00: Loading spellcheck.rb
 INFO LOG: May_24_15:00: Loading facade.rb
 INFO LOG: May_24_15:00: Loading query_list.rb
 INFO LOG: May_24_15:00: Loading utils.rb
 INFO LOG: May_24_15:00: Loading constants.rb
 INFO LOG: May_24_15:00: Loading damage.rb
 INFO LOG: May_24_15:00: Loading class_property.rb
 INFO LOG: May_24_15:00: Loading scripts.rb
 INFO LOG: May_24_15:00: Loading tags.rb
 INFO LOG: May_24_15:00: Loading editor/editors.rb
 INFO LOG: May_24_15:00: Loading editor/editor.strings.rb
 INFO LOG: May_24_15:00: Loading editor/editor.rooms.rb
 INFO LOG: May_24_15:00: Loading editor/editor.exits.rb
 INFO LOG: May_24_15:00: Loading editor/editor.zones.rb
 INFO LOG: May_24_15:00: Loading editor/editor.npc.rb
 INFO LOG: May_24_15:00: Loading editor/editor.items.rb
 INFO LOG: May_24_15:00: Loading editor/editor.socials.rb
 INFO LOG: May_24_15:00: Loading socials.rb
 INFO LOG: May_24_15:00: Loading mxp.rb
 INFO LOG: May_24_15:00: Loading mccp.rb
 INFO LOG: May_24_15:00: Loading flags.rb
 INFO LOG: May_24_15:00: Loading areas.rb
 INFO LOG: May_24_15:00: Loading security.rb
 INFO LOG: May_24_15:00: Loading resets.rb
 INFO LOG: May_24_15:00: Loading event.rb
 INFO LOG: May_24_15:00: Loading automap/automap.rb
 INFO LOG: May_24_15:00: Loading cities.rb
 INFO LOG: May_24_15:00: Loading sector definitions.
 INFO LOG: May_24_15:00: Loading help.rb
 INFO LOG: May_24_15:00: Loading imcruby.rb
 INFO LOG: May_24_15:00: Loading player.rb
 INFO LOG: May_24_15:00: Loading commands.rb
 INFO LOG: May_24_15:00: Loading editor/editor.player.rb
 INFO LOG: May_24_15:00: Loading random.rb
 INFO LOG: May_24_15:00: Loading npc.rb
 INFO LOG: May_24_15:00: Loading items/types.rb
 INFO LOG: May_24_15:00: Loading items/items.rb
 INFO LOG: May_24_15:00: Loading spells.rb
 INFO LOG: May_24_15:00: Loading all zones.
 INFO LOG: May_24_15:00: Loading all socials.
 INFO LOG: May_24_15:00: Starting server.
 INFO LOG: May_24_15:00: CoralMUD is now up on port 4000.
 INFO LOG: May_24_15:00: -- 76.202.141.206:37619 connected to CoralMUD!
 INFO LOG: May_24_15:00: -- 76.202.141.206:37619: () Invalid name in character creation.
 INFO LOG: May_24_15:00: -- 76.202.141.206:37619: () Invalid name in character creation.
 INFO LOG: May_24_15:00: -- 76.202.141.206:37619: () Invalid name in character creation.
 INFO LOG: May_24_15:00: -- 76.202.141.206:37619: Retnur is trying to connect.
 INFO LOG: May_24_15:00: -- 76.202.141.206:37619: Retnur player file found.
 INFO LOG: May_24_15:00: -- Retnur has entered the game.
ERROR LOG: undefined local variable or method `reset_list' for Room:Class
ERROR LOG: /home/heath/coral/lib/editor/editor.rooms.rb:87:in `block in <class:Room>'
ERROR LOG: /home/heath/coral/lib/editor/editors.rb:186:in `call'
ERROR LOG: /home/heath/coral/lib/editor/editors.rb:186:in `call_display'
ERROR LOG: /home/heath/coral/lib/editor/editors.rb:120:in `block in display_values'
ERROR LOG: /home/heath/coral/lib/editor/editors.rb:120:in `collect'
ERROR LOG: /home/heath/coral/lib/editor/editors.rb:120:in `display_values'
ERROR LOG: /home/heath/coral/lib/editor/editors.rb:86:in `block in initialize'
ERROR LOG: /home/heath/coral/lib/editor/editors.rb:192:in `call'
ERROR LOG: /home/heath/coral/lib/editor/editors.rb:192:in `call_fun'
ERROR LOG: /home/heath/coral/lib/commands.rb:260:in `execute_command'
ERROR LOG: /home/heath/coral/lib/commands/edit.rb:52:in `cmd_edit'
ERROR LOG: /home/heath/coral/lib/commands.rb:306:in `execute_command'
ERROR LOG: /home/heath/coral/core/socketengine.rb:170:in `block in handle_cmd_input'
ERROR LOG: /home/heath/coral/core/socketengine.rb:169:in `times'
ERROR LOG: /home/heath/coral/core/socketengine.rb:169:in `handle_cmd_input'
ERROR LOG: /home/heath/coral/core/socketengine.rb:133:in `receive_data'
ERROR LOG: /usr/local/lib/ruby/gems/1.9.1/gems/eventmachine-0.12.8/lib/eventmachine.rb:242:in `run_machine'
ERROR LOG: /usr/local/lib/ruby/gems/1.9.1/gems/eventmachine-0.12.8/lib/eventmachine.rb:242:in `run'
ERROR LOG: coral.rb:175:in `<main>'
 INFO LOG: May_24_15:02: -- #<Player:0x00000003150e98>:76.202.141.206:37619 disconnected from CoralMUD!
 INFO LOG: May_24_15:02: Logging enabled.   Loading logs.rb.
 INFO LOG: May_24_15:02: Loading spellcheck.rb
 INFO LOG: May_24_15:02: Loading facade.rb
 INFO LOG: May_24_15:02: Loading query_list.rb
 INFO LOG: May_24_15:02: Loading utils.rb
 INFO LOG: May_24_15:02: Loading constants.rb
 INFO LOG: May_24_15:02: Loading damage.rb
 INFO LOG: May_24_15:02: Loading class_property.rb
 INFO LOG: May_24_15:02: Loading scripts.rb
 INFO LOG: May_24_15:02: Loading tags.rb
 INFO LOG: May_24_15:02: Loading editor/editors.rb
 INFO LOG: May_24_15:02: Loading editor/editor.strings.rb
 INFO LOG: May_24_15:02: Loading editor/editor.rooms.rb
 INFO LOG: May_24_15:02: Loading editor/editor.exits.rb
 INFO LOG: May_24_15:02: Loading editor/editor.zones.rb
 INFO LOG: May_24_15:02: Loading editor/editor.npc.rb
 INFO LOG: May_24_15:02: Loading editor/editor.items.rb
 INFO LOG: May_24_15:02: Loading editor/editor.socials.rb
 INFO LOG: May_24_15:02: Loading socials.rb
 INFO LOG: May_24_15:02: Loading mxp.rb
 INFO LOG: May_24_15:02: Loading mccp.rb
 INFO LOG: May_24_15:02: Loading flags.rb
 INFO LOG: May_24_15:02: Loading areas.rb
 INFO LOG: May_24_15:02: Loading security.rb
 INFO LOG: May_24_15:02: Loading resets.rb
 INFO LOG: May_24_15:02: Loading event.rb
 INFO LOG: May_24_15:02: Loading automap/automap.rb
 INFO LOG: May_24_15:02: Loading cities.rb
 INFO LOG: May_24_15:02: Loading sector definitions.
 INFO LOG: May_24_15:02: Loading help.rb
 INFO LOG: May_24_15:02: Loading imcruby.rb
 INFO LOG: May_24_15:02: Loading player.rb
 INFO LOG: May_24_15:02: Loading commands.rb
 INFO LOG: May_24_15:02: Loading editor/editor.player.rb
 INFO LOG: May_24_15:02: Loading random.rb
 INFO LOG: May_24_15:02: Loading npc.rb
 INFO LOG: May_24_15:02: Loading items/types.rb
 INFO LOG: May_24_15:02: Loading items/items.rb
 INFO LOG: May_24_15:02: Loading spells.rb
 INFO LOG: May_24_15:02: Loading all zones.
 INFO LOG: May_24_15:02: Loading all socials.
 INFO LOG: May_24_15:02: Starting server.
 INFO LOG: May_24_15:02: CoralMUD is now up on port 4000.
 INFO LOG: May_24_15:02: -- 76.202.141.206:37220 connected to CoralMUD!
 INFO LOG: May_24_15:02: -- 76.202.141.206:37220: () Invalid name in character creation.
 INFO LOG: May_24_15:02: -- 76.202.141.206:37220: () Invalid name in character creation.
 INFO LOG: May_24_15:02: -- 76.202.141.206:37220: Retnur is trying to connect.
 INFO LOG: May_24_15:02: -- 76.202.141.206:37220: Retnur player file found.
 INFO LOG: May_24_15:02: -- Retnur has entered the game.
 INFO LOG: May_24_15:02: -- #<Player:0x00000002bef3c8>:76.202.141.206:37220 disconnected from CoralMUD!
 INFO LOG: May_24_15:02: Logging enabled.   Loading logs.rb.
 INFO LOG: May_24_15:02: Loading spellcheck.rb
 INFO LOG: May_24_15:02: Loading facade.rb
 INFO LOG: May_24_15:02: Loading query_list.rb
 INFO LOG: May_24_15:02: Loading utils.rb
 INFO LOG: May_24_15:02: Loading constants.rb
 INFO LOG: May_24_15:02: Loading damage.rb
 INFO LOG: May_24_15:02: Loading class_property.rb
 INFO LOG: May_24_15:02: Loading scripts.rb
 INFO LOG: May_24_15:02: Loading tags.rb
 INFO LOG: May_24_15:02: Loading editor/editors.rb
 INFO LOG: May_24_15:02: Loading editor/editor.strings.rb
 INFO LOG: May_24_15:02: Loading editor/editor.rooms.rb
 INFO LOG: May_24_15:02: Loading editor/editor.exits.rb
 INFO LOG: May_24_15:02: Loading editor/editor.zones.rb
 INFO LOG: May_24_15:02: Loading editor/editor.npc.rb
 INFO LOG: May_24_15:02: Loading editor/editor.items.rb
 INFO LOG: May_24_15:02: Loading editor/editor.socials.rb
 INFO LOG: May_24_15:02: Loading socials.rb
 INFO LOG: May_24_15:02: Loading mxp.rb
 INFO LOG: May_24_15:02: Loading mccp.rb
 INFO LOG: May_24_15:02: Loading flags.rb
 INFO LOG: May_24_15:02: Loading areas.rb
 INFO LOG: May_24_15:02: Loading security.rb
 INFO LOG: May_24_15:02: Loading resets.rb
 INFO LOG: May_24_15:02: Loading event.rb
 INFO LOG: May_24_15:02: Loading automap/automap.rb
 INFO LOG: May_24_15:02: Loading cities.rb
 INFO LOG: May_24_15:02: Loading sector definitions.
 INFO LOG: May_24_15:02: Loading help.rb
 INFO LOG: May_24_15:02: Loading imcruby.rb
 INFO LOG: May_24_15:02: Loading player.rb
 INFO LOG: May_24_15:02: Loading commands.rb
 INFO LOG: May_24_15:02: Loading editor/editor.player.rb
 INFO LOG: May_24_15:02: Loading random.rb
 INFO LOG: May_24_15:02: Loading npc.rb
 INFO LOG: May_24_15:02: Loading items/types.rb
 INFO LOG: May_24_15:02: Loading items/items.rb
 INFO LOG: May_24_15:02: Loading spells.rb
 INFO LOG: May_24_15:02: Loading all zones.
 INFO LOG: May_24_15:02: Loading all socials.
 INFO LOG: May_24_15:02: Starting server.
 INFO LOG: May_24_15:02: CoralMUD is now up on port 4000.
 INFO LOG: May_24_15:02: -- 76.202.141.206:50022 connected to CoralMUD!
 INFO LOG: May_24_15:02: -- 76.202.141.206:50022: () Invalid name in character creation.
 INFO LOG: May_24_15:02: -- 76.202.141.206:50022: Retnur is trying to connect.
 INFO LOG: May_24_15:02: -- 76.202.141.206:50022: Retnur player file found.
 INFO LOG: May_24_15:03: -- Retnur has entered the game.
 INFO LOG: May_24_15:04: tick!!!
 INFO LOG: May_24_15:06: tick!!!
 INFO LOG: May_24_15:08: tick!!!
 INFO LOG: May_24_15:10: tick!!!
 INFO LOG: May_24_15:12: tick!!!
 INFO LOG: May_24_15:14: tick!!!
 INFO LOG: May_24_15:16: tick!!!
 INFO LOG: May_24_15:17: -- #<Player:0x000000029c5c50>:76.202.141.206:50022 disconnected from CoralMUD!
 INFO LOG: May_24_15:17: Logging enabled.   Loading logs.rb.
 INFO LOG: May_24_15:17: Loading spellcheck.rb
 INFO LOG: May_24_15:17: Loading facade.rb
 INFO LOG: May_24_15:17: Loading query_list.rb
 INFO LOG: May_24_15:17: Loading utils.rb
 INFO LOG: May_24_15:17: Loading constants.rb
 INFO LOG: May_24_15:17: Loading damage.rb
 INFO LOG: May_24_15:17: Loading class_property.rb
 INFO LOG: May_24_15:17: Loading scripts.rb
 INFO LOG: May_24_15:17: Loading tags.rb
 INFO LOG: May_24_15:17: Loading editor/editors.rb
 INFO LOG: May_24_15:17: Loading editor/editor.strings.rb
 INFO LOG: May_24_15:17: Loading editor/editor.rooms.rb
 INFO LOG: May_24_15:17: Loading editor/editor.exits.rb
 INFO LOG: May_24_15:17: Loading editor/editor.zones.rb
 INFO LOG: May_24_15:17: Loading editor/editor.npc.rb
 INFO LOG: May_24_15:17: Loading editor/editor.items.rb
 INFO LOG: May_24_15:17: Loading editor/editor.socials.rb
 INFO LOG: May_24_15:17: Loading socials.rb
 INFO LOG: May_24_15:17: Loading mxp.rb
 INFO LOG: May_24_15:17: Loading mccp.rb
 INFO LOG: May_24_15:17: Loading flags.rb
 INFO LOG: May_24_15:17: Loading areas.rb
 INFO LOG: May_24_15:17: Loading security.rb
 INFO LOG: May_24_15:17: Loading resets.rb
 INFO LOG: May_24_15:17: Loading event.rb
 INFO LOG: May_24_15:17: Loading automap/automap.rb
 INFO LOG: May_24_15:17: Loading cities.rb
 INFO LOG: May_24_15:17: Loading sector definitions.
 INFO LOG: May_24_15:17: Loading help.rb
 INFO LOG: May_24_15:17: Loading imcruby.rb
 INFO LOG: May_24_15:17: Loading player.rb
 INFO LOG: May_24_15:17: Loading commands.rb
 INFO LOG: May_24_15:17: Loading editor/editor.player.rb
 INFO LOG: May_24_15:17: Loading random.rb
 INFO LOG: May_24_15:17: Loading npc.rb
 INFO LOG: May_24_15:17: Loading items/types.rb
 INFO LOG: May_24_15:17: Loading items/items.rb
 INFO LOG: May_24_15:17: Loading spells.rb
 INFO LOG: May_24_15:17: Loading all zones.
 INFO LOG: May_24_15:17: Loading all socials.
 INFO LOG: May_24_15:17: Starting server.
 INFO LOG: May_24_15:18: CoralMUD is now up on port 4000.
 INFO LOG: May_24_15:18: -- 76.202.141.206:42196 connected to CoralMUD!
 INFO LOG: May_24_15:18: -- 76.202.141.206:42196: () Invalid name in character creation.
 INFO LOG: May_24_15:18: -- 76.202.141.206:42196: Retnur is trying to connect.
 INFO LOG: May_24_15:18: -- 76.202.141.206:42196: Retnur player file found.
 INFO LOG: May_24_15:18: -- Retnur has entered the game.
ERROR LOG: undefined method `filt_reset' for #<Filter:0x000000019182e0>
ERROR LOG: /home/heath/coral/lib/editor/editors.rb:180:in `filter'
ERROR LOG: /home/heath/coral/lib/commands.rb:255:in `execute_command'
ERROR LOG: /home/heath/coral/core/socketengine.rb:170:in `block in handle_cmd_input'
ERROR LOG: /home/heath/coral/core/socketengine.rb:169:in `times'
ERROR LOG: /home/heath/coral/core/socketengine.rb:169:in `handle_cmd_input'
ERROR LOG: /home/heath/coral/core/socketengine.rb:133:in `receive_data'
ERROR LOG: /usr/local/lib/ruby/gems/1.9.1/gems/eventmachine-0.12.8/lib/eventmachine.rb:242:in `run_machine'
ERROR LOG: /usr/local/lib/ruby/gems/1.9.1/gems/eventmachine-0.12.8/lib/eventmachine.rb:242:in `run'
ERROR LOG: coral.rb:175:in `<main>'
 INFO LOG: May_24_15:18: -- #<Player:0x00000001b415a8>:76.202.141.206:42196 disconnected from CoralMUD!
 INFO LOG: May_24_15:18: Logging enabled.   Loading logs.rb.
 INFO LOG: May_24_15:18: Loading spellcheck.rb
 INFO LOG: May_24_15:18: Loading facade.rb
 INFO LOG: May_24_15:18: Loading query_list.rb
 INFO LOG: May_24_15:18: Loading utils.rb
 INFO LOG: May_24_15:18: Loading constants.rb
 INFO LOG: May_24_15:18: Loading damage.rb
 INFO LOG: May_24_15:18: Loading class_property.rb
 INFO LOG: May_24_15:18: Loading scripts.rb
 INFO LOG: May_24_15:18: Loading tags.rb
 INFO LOG: May_24_15:18: Loading editor/editors.rb
 INFO LOG: May_24_15:18: Loading editor/editor.strings.rb
 INFO LOG: May_24_15:18: Loading editor/editor.rooms.rb
 INFO LOG: May_24_15:18: Loading editor/editor.exits.rb
 INFO LOG: May_24_15:18: Loading editor/editor.zones.rb
 INFO LOG: May_24_15:18: Loading editor/editor.npc.rb
 INFO LOG: May_24_15:18: Loading editor/editor.items.rb
 INFO LOG: May_24_15:18: Loading editor/editor.socials.rb
 INFO LOG: May_24_15:18: Loading socials.rb
 INFO LOG: May_24_15:18: Loading mxp.rb
 INFO LOG: May_24_15:18: Loading mccp.rb
 INFO LOG: May_24_15:18: Loading flags.rb
 INFO LOG: May_24_15:18: Loading areas.rb
 INFO LOG: May_24_15:18: Loading security.rb
 INFO LOG: May_24_15:18: Loading resets.rb
 INFO LOG: May_24_15:18: Loading event.rb
 INFO LOG: May_24_15:18: Loading automap/automap.rb
 INFO LOG: May_24_15:18: Loading cities.rb
 INFO LOG: May_24_15:18: Loading sector definitions.
 INFO LOG: May_24_15:18: Loading help.rb
 INFO LOG: May_24_15:18: Loading imcruby.rb
 INFO LOG: May_24_15:18: Loading player.rb
 INFO LOG: May_24_15:18: Loading commands.rb
 INFO LOG: May_24_15:18: Loading editor/editor.player.rb
 INFO LOG: May_24_15:18: Loading random.rb
 INFO LOG: May_24_15:18: Loading npc.rb
 INFO LOG: May_24_15:18: Loading items/types.rb
 INFO LOG: May_24_15:18: Loading items/items.rb
 INFO LOG: May_24_15:18: Loading spells.rb
 INFO LOG: May_24_15:18: Loading all zones.
 INFO LOG: May_24_15:18: Loading all socials.
 INFO LOG: May_24_15:18: Starting server.
 INFO LOG: May_24_15:18: CoralMUD is now up on port 4000.
 INFO LOG: May_24_15:18: -- 76.202.141.206:60051 connected to CoralMUD!
 INFO LOG: May_24_15:18: -- 76.202.141.206:60051: () Invalid name in character creation.
 INFO LOG: May_24_15:18: -- 76.202.141.206:60051: () Invalid name in character creation.
 INFO LOG: May_24_15:18: -- 76.202.141.206:60051: () Invalid name in character creation.
 INFO LOG: May_24_15:18: -- 76.202.141.206:60051: Retnur is trying to connect.
 INFO LOG: May_24_15:18: -- 76.202.141.206:60051: Retnur player file found.
 INFO LOG: May_24_15:18: -- Retnur has entered the game.
ERROR LOG: undefined method `[]' for nil:NilClass
ERROR LOG: /home/heath/coral/lib/tags.rb:129:in `block in find_any_obj'
ERROR LOG: /home/heath/coral/lib/tags.rb:128:in `each_pair'
ERROR LOG: /home/heath/coral/lib/tags.rb:128:in `find_any_obj'
ERROR LOG: /home/heath/coral/lib/editor/editor.rooms.rb:96:in `block in <class:Room>'
ERROR LOG: /home/heath/coral/lib/editor/editors.rb:192:in `call'
ERROR LOG: /home/heath/coral/lib/editor/editors.rb:192:in `call_fun'
ERROR LOG: /home/heath/coral/lib/commands.rb:260:in `execute_command'
ERROR LOG: /home/heath/coral/core/socketengine.rb:170:in `block in handle_cmd_input'
ERROR LOG: /home/heath/coral/core/socketengine.rb:169:in `times'
ERROR LOG: /home/heath/coral/core/socketengine.rb:169:in `handle_cmd_input'
ERROR LOG: /home/heath/coral/core/socketengine.rb:133:in `receive_data'
ERROR LOG: /usr/local/lib/ruby/gems/1.9.1/gems/eventmachine-0.12.8/lib/eventmachine.rb:242:in `run_machine'
ERROR LOG: /usr/local/lib/ruby/gems/1.9.1/gems/eventmachine-0.12.8/lib/eventmachine.rb:242:in `run'
ERROR LOG: coral.rb:175:in `<main>'
 INFO LOG: May_24_15:19: -- #<Player:0x000000032a8a48>:76.202.141.206:60051 disconnected from CoralMUD!
 INFO LOG: May_24_15:19: Logging enabled.   Loading logs.rb.
 INFO LOG: May_24_15:19: Loading spellcheck.rb
 INFO LOG: May_24_15:19: Loading facade.rb
 INFO LOG: May_24_15:19: Loading query_list.rb
 INFO LOG: May_24_15:19: Loading utils.rb
 INFO LOG: May_24_15:19: Loading constants.rb
 INFO LOG: May_24_15:19: Loading damage.rb
 INFO LOG: May_24_15:19: Loading class_property.rb
 INFO LOG: May_24_15:19: Loading scripts.rb
 INFO LOG: May_24_15:19: Loading tags.rb
 INFO LOG: May_24_15:19: Loading editor/editors.rb
 INFO LOG: May_24_15:19: Loading editor/editor.strings.rb
 INFO LOG: May_24_15:19: Loading editor/editor.rooms.rb
 INFO LOG: May_24_15:19: Loading editor/editor.exits.rb
 INFO LOG: May_24_15:19: Loading editor/editor.zones.rb
 INFO LOG: May_24_15:19: Loading editor/editor.npc.rb
 INFO LOG: May_24_15:19: Loading editor/editor.items.rb
 INFO LOG: May_24_15:19: Loading editor/editor.socials.rb
 INFO LOG: May_24_15:19: Loading socials.rb
 INFO LOG: May_24_15:19: Loading mxp.rb
 INFO LOG: May_24_15:19: Loading mccp.rb
 INFO LOG: May_24_15:19: Loading flags.rb
 INFO LOG: May_24_15:19: Loading areas.rb
 INFO LOG: May_24_15:19: Loading security.rb
 INFO LOG: May_24_15:19: Loading resets.rb
 INFO LOG: May_24_15:19: Loading event.rb
 INFO LOG: May_24_15:19: Loading automap/automap.rb
 INFO LOG: May_24_15:19: Loading cities.rb
 INFO LOG: May_24_15:19: Loading sector definitions.
 INFO LOG: May_24_15:19: Loading help.rb
 INFO LOG: May_24_15:19: Loading imcruby.rb
 INFO LOG: May_24_15:19: Loading player.rb
 INFO LOG: May_24_15:19: Loading commands.rb
 INFO LOG: May_24_15:19: Loading editor/editor.player.rb
 INFO LOG: May_24_15:19: Loading random.rb
 INFO LOG: May_24_15:19: Loading npc.rb
 INFO LOG: May_24_15:19: Loading items/types.rb
 INFO LOG: May_24_15:19: Loading items/items.rb
 INFO LOG: May_24_15:19: Loading spells.rb
 INFO LOG: May_24_15:19: Loading all zones.
 INFO LOG: May_24_15:19: Loading all socials.
 INFO LOG: May_24_15:19: Starting server.
 INFO LOG: May_24_15:19: CoralMUD is now up on port 4000.
 INFO LOG: May_24_15:19: -- 76.202.141.206:56231 connected to CoralMUD!
 INFO LOG: May_24_15:19: -- 76.202.141.206:56231: () Invalid name in character creation.
 INFO LOG: May_24_15:19: -- 76.202.141.206:56231: Retnur is trying to connect.
 INFO LOG: May_24_15:19: -- 76.202.141.206:56231: Retnur player file found.
 INFO LOG: May_24_15:19: -- Retnur has entered the game.
ERROR LOG: undefined method `view' for Room:Class
ERROR LOG: /home/heath/coral/lib/editor/editor.rooms.rb:97:in `block in <class:Room>'
ERROR LOG: /home/heath/coral/lib/editor/editors.rb:192:in `call'
ERROR LOG: /home/heath/coral/lib/editor/editors.rb:192:in `call_fun'
ERROR LOG: /home/heath/coral/lib/commands.rb:260:in `execute_command'
ERROR LOG: /home/heath/coral/core/socketengine.rb:170:in `block in handle_cmd_input'
ERROR LOG: /home/heath/coral/core/socketengine.rb:169:in `times'
ERROR LOG: /home/heath/coral/core/socketengine.rb:169:in `handle_cmd_input'
ERROR LOG: /home/heath/coral/core/socketengine.rb:133:in `receive_data'
ERROR LOG: /usr/local/lib/ruby/gems/1.9.1/gems/eventmachine-0.12.8/lib/eventmachine.rb:242:in `run_machine'
ERROR LOG: /usr/local/lib/ruby/gems/1.9.1/gems/eventmachine-0.12.8/lib/eventmachine.rb:242:in `run'
ERROR LOG: coral.rb:175:in `<main>'
 INFO LOG: May_24_15:20: -- #<Player:0x00000002085d48>:76.202.141.206:56231 disconnected from CoralMUD!
 INFO LOG: May_24_15:20: Logging enabled.   Loading logs.rb.
 INFO LOG: May_24_15:20: Loading spellcheck.rb
 INFO LOG: May_24_15:20: Loading facade.rb
 INFO LOG: May_24_15:20: Loading query_list.rb
 INFO LOG: May_24_15:20: Loading utils.rb
 INFO LOG: May_24_15:20: Loading constants.rb
 INFO LOG: May_24_15:20: Loading damage.rb
 INFO LOG: May_24_15:20: Loading class_property.rb
 INFO LOG: May_24_15:20: Loading scripts.rb
 INFO LOG: May_24_15:20: Loading tags.rb
 INFO LOG: May_24_15:20: Loading editor/editors.rb
 INFO LOG: May_24_15:20: Loading editor/editor.strings.rb
 INFO LOG: May_24_15:20: Loading editor/editor.rooms.rb
 INFO LOG: May_24_15:20: Loading editor/editor.exits.rb
 INFO LOG: May_24_15:20: Loading editor/editor.zones.rb
 INFO LOG: May_24_15:20: Loading editor/editor.npc.rb
 INFO LOG: May_24_15:20: Loading editor/editor.items.rb
 INFO LOG: May_24_15:20: Loading editor/editor.socials.rb
 INFO LOG: May_24_15:20: Loading socials.rb
 INFO LOG: May_24_15:20: Loading mxp.rb
 INFO LOG: May_24_15:20: Loading mccp.rb
 INFO LOG: May_24_15:20: Loading flags.rb
 INFO LOG: May_24_15:20: Loading areas.rb
 INFO LOG: May_24_15:20: Loading security.rb
 INFO LOG: May_24_15:20: Loading resets.rb
 INFO LOG: May_24_15:20: Loading event.rb
 INFO LOG: May_24_15:20: Loading automap/automap.rb
 INFO LOG: May_24_15:20: Loading cities.rb
 INFO LOG: May_24_15:20: Loading sector definitions.
 INFO LOG: May_24_15:20: Loading help.rb
 INFO LOG: May_24_15:20: Loading imcruby.rb
 INFO LOG: May_24_15:20: Loading player.rb
 INFO LOG: May_24_15:20: Loading commands.rb
 INFO LOG: May_24_15:20: Loading editor/editor.player.rb
 INFO LOG: May_24_15:20: Loading random.rb
 INFO LOG: May_24_15:20: Loading npc.rb
 INFO LOG: May_24_15:20: Loading items/types.rb
 INFO LOG: May_24_15:20: Loading items/items.rb
 INFO LOG: May_24_15:20: Loading spells.rb
 INFO LOG: May_24_15:20: Loading all zones.
 INFO LOG: May_24_15:20: Loading all socials.
 INFO LOG: May_24_15:20: Starting server.
 INFO LOG: May_24_15:20: CoralMUD is now up on port 4000.
 INFO LOG: May_24_15:20: -- 76.202.141.206:47891 connected to CoralMUD!
 INFO LOG: May_24_15:20: -- 76.202.141.206:47891: () Invalid name in character creation.
 INFO LOG: May_24_15:20: -- 76.202.141.206:47891: () Invalid name in character creation.
 INFO LOG: May_24_15:20: -- 76.202.141.206:47891: Retnuir is trying to connect.
 INFO LOG: May_24_15:20: -- 76.202.141.206:47891: Retnuir:  New Character.
 INFO LOG: May_24_15:20: -- #<Player:0x00000002c84e28>:76.202.141.206:47891 disconnected from CoralMUD!
 INFO LOG: May_24_15:20: Logging enabled.   Loading logs.rb.
 INFO LOG: May_24_15:20: Loading spellcheck.rb
 INFO LOG: May_24_15:20: Loading facade.rb
 INFO LOG: May_24_15:20: Loading query_list.rb
 INFO LOG: May_24_15:20: Loading utils.rb
 INFO LOG: May_24_15:20: Loading constants.rb
 INFO LOG: May_24_15:20: Loading damage.rb
 INFO LOG: May_24_15:20: Loading class_property.rb
 INFO LOG: May_24_15:20: Loading scripts.rb
 INFO LOG: May_24_15:20: Loading tags.rb
 INFO LOG: May_24_15:20: Loading editor/editors.rb
 INFO LOG: May_24_15:20: Loading editor/editor.strings.rb
 INFO LOG: May_24_15:20: Loading editor/editor.rooms.rb
 INFO LOG: May_24_15:20: Loading editor/editor.exits.rb
 INFO LOG: May_24_15:20: Loading editor/editor.zones.rb
 INFO LOG: May_24_15:20: Loading editor/editor.npc.rb
 INFO LOG: May_24_15:20: Loading editor/editor.items.rb
 INFO LOG: May_24_15:20: Loading editor/editor.socials.rb
 INFO LOG: May_24_15:20: Loading socials.rb
 INFO LOG: May_24_15:20: Loading mxp.rb
 INFO LOG: May_24_15:20: Loading mccp.rb
 INFO LOG: May_24_15:20: Loading flags.rb
 INFO LOG: May_24_15:20: Loading areas.rb
 INFO LOG: May_24_15:20: Loading security.rb
 INFO LOG: May_24_15:20: Loading resets.rb
 INFO LOG: May_24_15:20: Loading event.rb
 INFO LOG: May_24_15:20: Loading automap/automap.rb
 INFO LOG: May_24_15:20: Loading cities.rb
 INFO LOG: May_24_15:20: Loading sector definitions.
 INFO LOG: May_24_15:20: Loading help.rb
 INFO LOG: May_24_15:20: Loading imcruby.rb
 INFO LOG: May_24_15:20: Loading player.rb
 INFO LOG: May_24_15:20: Loading commands.rb
 INFO LOG: May_24_15:20: Loading editor/editor.player.rb
 INFO LOG: May_24_15:20: Loading random.rb
 INFO LOG: May_24_15:20: Loading npc.rb
 INFO LOG: May_24_15:20: Loading items/types.rb
 INFO LOG: May_24_15:20: Loading items/items.rb
 INFO LOG: May_24_15:20: Loading spells.rb
 INFO LOG: May_24_15:20: Loading all zones.
 INFO LOG: May_24_15:20: Loading all socials.
 INFO LOG: May_24_15:20: Starting server.
 INFO LOG: May_24_15:20: CoralMUD is now up on port 4000.
 INFO LOG: May_24_15:20: -- 76.202.141.206:39148 connected to CoralMUD!
 INFO LOG: May_24_15:20: -- 76.202.141.206:39148: Retnur is trying to connect.
 INFO LOG: May_24_15:20: -- 76.202.141.206:39148: Retnur player file found.
 INFO LOG: May_24_15:20: -- Retnur has entered the game.
ERROR LOG: undefined method `[]' for nil:NilClass
ERROR LOG: /home/heath/coral/lib/editor/editor.rooms.rb:101:in `block in <class:Room>'
ERROR LOG: /home/heath/coral/lib/editor/editors.rb:192:in `call'
ERROR LOG: /home/heath/coral/lib/editor/editors.rb:192:in `call_fun'
ERROR LOG: /home/heath/coral/lib/commands.rb:260:in `execute_command'
ERROR LOG: /home/heath/coral/core/socketengine.rb:170:in `block in handle_cmd_input'
ERROR LOG: /home/heath/coral/core/socketengine.rb:169:in `times'
ERROR LOG: /home/heath/coral/core/socketengine.rb:169:in `handle_cmd_input'
ERROR LOG: /home/heath/coral/core/socketengine.rb:133:in `receive_data'
ERROR LOG: /usr/local/lib/ruby/gems/1.9.1/gems/eventmachine-0.12.8/lib/eventmachine.rb:242:in `run_machine'
ERROR LOG: /usr/local/lib/ruby/gems/1.9.1/gems/eventmachine-0.12.8/lib/eventmachine.rb:242:in `run'
ERROR LOG: coral.rb:175:in `<main>'
 INFO LOG: May_24_15:21: -- #<Player:0x00000002e461f8>:76.202.141.206:39148 disconnected from CoralMUD!
 INFO LOG: May_24_15:21: Logging enabled.   Loading logs.rb.
 INFO LOG: May_24_15:21: Loading spellcheck.rb
 INFO LOG: May_24_15:21: Loading facade.rb
 INFO LOG: May_24_15:21: Loading query_list.rb
 INFO LOG: May_24_15:21: Loading utils.rb
 INFO LOG: May_24_15:21: Loading constants.rb
 INFO LOG: May_24_15:21: Loading damage.rb
 INFO LOG: May_24_15:21: Loading class_property.rb
 INFO LOG: May_24_15:21: Loading scripts.rb
 INFO LOG: May_24_15:21: Loading tags.rb
 INFO LOG: May_24_15:21: Loading editor/editors.rb
 INFO LOG: May_24_15:21: Loading editor/editor.strings.rb
 INFO LOG: May_24_15:21: Loading editor/editor.rooms.rb
 INFO LOG: May_24_15:21: Loading editor/editor.exits.rb
 INFO LOG: May_24_15:21: Loading editor/editor.zones.rb
 INFO LOG: May_24_15:21: Loading editor/editor.npc.rb
 INFO LOG: May_24_15:21: Loading editor/editor.items.rb
 INFO LOG: May_24_15:21: Loading editor/editor.socials.rb
 INFO LOG: May_24_15:21: Loading socials.rb
 INFO LOG: May_24_15:21: Loading mxp.rb
 INFO LOG: May_24_15:21: Loading mccp.rb
 INFO LOG: May_24_15:21: Loading flags.rb
 INFO LOG: May_24_15:21: Loading areas.rb
 INFO LOG: May_24_15:21: Loading security.rb
 INFO LOG: May_24_15:21: Loading resets.rb
 INFO LOG: May_24_15:21: Loading event.rb
 INFO LOG: May_24_15:21: Loading automap/automap.rb
 INFO LOG: May_24_15:21: Loading cities.rb
 INFO LOG: May_24_15:21: Loading sector definitions.
 INFO LOG: May_24_15:21: Loading help.rb
 INFO LOG: May_24_15:21: Loading imcruby.rb
 INFO LOG: May_24_15:21: Loading player.rb
 INFO LOG: May_24_15:21: Loading commands.rb
 INFO LOG: May_24_15:21: Loading editor/editor.player.rb
 INFO LOG: May_24_15:21: Loading random.rb
 INFO LOG: May_24_15:21: Loading npc.rb
 INFO LOG: May_24_15:21: Loading items/types.rb
 INFO LOG: May_24_15:21: Loading items/items.rb
 INFO LOG: May_24_15:21: Loading spells.rb
 INFO LOG: May_24_15:21: Loading all zones.
 INFO LOG: May_24_15:21: Loading all socials.
 INFO LOG: May_24_15:21: Starting server.
 INFO LOG: May_24_15:21: CoralMUD is now up on port 4000.
 INFO LOG: May_24_15:21: -- 76.202.141.206:60273 connected to CoralMUD!
 INFO LOG: May_24_15:21: -- 76.202.141.206:60273: () Invalid name in character creation.
 INFO LOG: May_24_15:21: -- 76.202.141.206:60273: () Invalid name in character creation.
 INFO LOG: May_24_15:21: -- 76.202.141.206:60273: Retnur is trying to connect.
 INFO LOG: May_24_15:21: -- 76.202.141.206:60273: Retnur player file found.
 INFO LOG: May_24_15:21: -- Retnur has entered the game.
 INFO LOG: May_24_15:23: tick!!!
ERROR LOG: uninitialized constant Room::Npc
ERROR LOG: /home/heath/coral/lib/editor/editor.rooms.rb:101:in `block in <class:Room>'
ERROR LOG: /home/heath/coral/lib/editor/editors.rb:192:in `call'
ERROR LOG: /home/heath/coral/lib/editor/editors.rb:192:in `call_fun'
ERROR LOG: /home/heath/coral/lib/commands.rb:260:in `execute_command'
ERROR LOG: /home/heath/coral/core/socketengine.rb:170:in `block in handle_cmd_input'
ERROR LOG: /home/heath/coral/core/socketengine.rb:169:in `times'
ERROR LOG: /home/heath/coral/core/socketengine.rb:169:in `handle_cmd_input'
ERROR LOG: /home/heath/coral/core/socketengine.rb:133:in `receive_data'
ERROR LOG: /usr/local/lib/ruby/gems/1.9.1/gems/eventmachine-0.12.8/lib/eventmachine.rb:242:in `run_machine'
ERROR LOG: /usr/local/lib/ruby/gems/1.9.1/gems/eventmachine-0.12.8/lib/eventmachine.rb:242:in `run'
ERROR LOG: coral.rb:175:in `<main>'
 INFO LOG: May_24_15:23: -- #<Player:0x00000002d12fc0>:76.202.141.206:60273 disconnected from CoralMUD!
 INFO LOG: May_24_15:23: Logging enabled.   Loading logs.rb.
 INFO LOG: May_24_15:23: Loading spellcheck.rb
 INFO LOG: May_24_15:23: Loading facade.rb
 INFO LOG: May_24_15:23: Loading query_list.rb
 INFO LOG: May_24_15:23: Loading utils.rb
 INFO LOG: May_24_15:23: Loading constants.rb
 INFO LOG: May_24_15:23: Loading damage.rb
 INFO LOG: May_24_15:23: Loading class_property.rb
 INFO LOG: May_24_15:23: Loading scripts.rb
 INFO LOG: May_24_15:23: Loading tags.rb
 INFO LOG: May_24_15:23: Loading editor/editors.rb
 INFO LOG: May_24_15:23: Loading editor/editor.strings.rb
 INFO LOG: May_24_15:23: Loading editor/editor.rooms.rb
 INFO LOG: May_24_15:23: Loading editor/editor.exits.rb
 INFO LOG: May_24_15:23: Loading editor/editor.zones.rb
 INFO LOG: May_24_15:23: Loading editor/editor.npc.rb
 INFO LOG: May_24_15:23: Loading editor/editor.items.rb
 INFO LOG: May_24_15:23: Loading editor/editor.socials.rb
 INFO LOG: May_24_15:23: Loading socials.rb
 INFO LOG: May_24_15:23: Loading mxp.rb
 INFO LOG: May_24_15:23: Loading mccp.rb
 INFO LOG: May_24_15:23: Loading flags.rb
 INFO LOG: May_24_15:23: Loading areas.rb
 INFO LOG: May_24_15:23: Loading security.rb
 INFO LOG: May_24_15:23: Loading resets.rb
 INFO LOG: May_24_15:23: Loading event.rb
 INFO LOG: May_24_15:23: Loading automap/automap.rb
 INFO LOG: May_24_15:23: Loading cities.rb
 INFO LOG: May_24_15:23: Loading sector definitions.
 INFO LOG: May_24_15:23: Loading help.rb
 INFO LOG: May_24_15:23: Loading imcruby.rb
 INFO LOG: May_24_15:23: Loading player.rb
 INFO LOG: May_24_15:23: Loading commands.rb
 INFO LOG: May_24_15:23: Loading editor/editor.player.rb
 INFO LOG: May_24_15:23: Loading random.rb
 INFO LOG: May_24_15:23: Loading npc.rb
 INFO LOG: May_24_15:23: Loading items/types.rb
 INFO LOG: May_24_15:23: Loading items/items.rb
 INFO LOG: May_24_15:23: Loading spells.rb
 INFO LOG: May_24_15:23: Loading all zones.
 INFO LOG: May_24_15:23: Loading all socials.
 INFO LOG: May_24_15:23: Starting server.
 INFO LOG: May_24_15:23: CoralMUD is now up on port 4000.
 INFO LOG: May_24_15:23: -- 76.202.141.206:43083 connected to CoralMUD!
 INFO LOG: May_24_15:23: -- 76.202.141.206:43083: () Invalid name in character creation.
 INFO LOG: May_24_15:23: -- 76.202.141.206:43083: () Invalid name in character creation.
 INFO LOG: May_24_15:23: -- 76.202.141.206:43083: Retnur is trying to connect.
 INFO LOG: May_24_15:23: -- 76.202.141.206:43083: Retnur player file found.
 INFO LOG: May_24_15:23: -- Retnur has entered the game.
ERROR LOG: undefined method `[]' for #<NPC:0x0000000345dc80>
ERROR LOG: /home/heath/coral/lib/editor/editor.rooms.rb:107:in `block in <class:Room>'
ERROR LOG: /home/heath/coral/lib/editor/editors.rb:192:in `call'
ERROR LOG: /home/heath/coral/lib/editor/editors.rb:192:in `call_fun'
ERROR LOG: /home/heath/coral/lib/commands.rb:260:in `execute_command'
ERROR LOG: /home/heath/coral/core/socketengine.rb:170:in `block in handle_cmd_input'
ERROR LOG: /home/heath/coral/core/socketengine.rb:169:in `times'
ERROR LOG: /home/heath/coral/core/socketengine.rb:169:in `handle_cmd_input'
ERROR LOG: /home/heath/coral/core/socketengine.rb:133:in `receive_data'
ERROR LOG: /usr/local/lib/ruby/gems/1.9.1/gems/eventmachine-0.12.8/lib/eventmachine.rb:242:in `run_machine'
ERROR LOG: /usr/local/lib/ruby/gems/1.9.1/gems/eventmachine-0.12.8/lib/eventmachine.rb:242:in `run'
ERROR LOG: coral.rb:175:in `<main>'
 INFO LOG: May_24_15:24: -- #<Player:0x000000034de6a0>:76.202.141.206:43083 disconnected from CoralMUD!
 INFO LOG: May_24_15:24: Logging enabled.   Loading logs.rb.
 INFO LOG: May_24_15:24: Loading spellcheck.rb
 INFO LOG: May_24_15:24: Loading facade.rb
 INFO LOG: May_24_15:24: Loading query_list.rb
 INFO LOG: May_24_15:24: Loading utils.rb
 INFO LOG: May_24_15:24: Loading constants.rb
 INFO LOG: May_24_15:24: Loading damage.rb
 INFO LOG: May_24_15:24: Loading class_property.rb
 INFO LOG: May_24_15:24: Loading scripts.rb
 INFO LOG: May_24_15:24: Loading tags.rb
 INFO LOG: May_24_15:24: Loading editor/editors.rb
 INFO LOG: May_24_15:24: Loading editor/editor.strings.rb
 INFO LOG: May_24_15:24: Loading editor/editor.rooms.rb
 INFO LOG: May_24_15:24: Loading editor/editor.exits.rb
 INFO LOG: May_24_15:24: Loading editor/editor.zones.rb
 INFO LOG: May_24_15:24: Loading editor/editor.npc.rb
 INFO LOG: May_24_15:24: Loading editor/editor.items.rb
 INFO LOG: May_24_15:24: Loading editor/editor.socials.rb
 INFO LOG: May_24_15:24: Loading socials.rb
 INFO LOG: May_24_15:24: Loading mxp.rb
 INFO LOG: May_24_15:24: Loading mccp.rb
 INFO LOG: May_24_15:24: Loading flags.rb
 INFO LOG: May_24_15:24: Loading areas.rb
 INFO LOG: May_24_15:24: Loading security.rb
 INFO LOG: May_24_15:24: Loading resets.rb
 INFO LOG: May_24_15:24: Loading event.rb
 INFO LOG: May_24_15:24: Loading automap/automap.rb
 INFO LOG: May_24_15:24: Loading cities.rb
 INFO LOG: May_24_15:24: Loading sector definitions.
 INFO LOG: May_24_15:24: Loading help.rb
 INFO LOG: May_24_15:24: Loading imcruby.rb
 INFO LOG: May_24_15:24: Loading player.rb
 INFO LOG: May_24_15:24: Loading commands.rb
 INFO LOG: May_24_15:24: Loading editor/editor.player.rb
 INFO LOG: May_24_15:24: Loading random.rb
 INFO LOG: May_24_15:24: Loading npc.rb
 INFO LOG: May_24_15:24: Loading items/types.rb
 INFO LOG: May_24_15:24: Loading items/items.rb
 INFO LOG: May_24_15:24: Loading spells.rb
 INFO LOG: May_24_15:24: Loading all zones.
 INFO LOG: May_24_15:24: Loading all socials.
 INFO LOG: May_24_15:24: Starting server.
 INFO LOG: May_24_15:24: CoralMUD is now up on port 4000.
 INFO LOG: May_24_15:24: -- 76.202.141.206:56310 connected to CoralMUD!
 INFO LOG: May_24_15:24: -- 76.202.141.206:56310: () Invalid name in character creation.
 INFO LOG: May_24_15:24: -- 76.202.141.206:56310: () Invalid name in character creation.
 INFO LOG: May_24_15:24: -- 76.202.141.206:56310: Retnur is trying to connect.
 INFO LOG: May_24_15:24: -- 76.202.141.206:56310: Retnur player file found.
 INFO LOG: May_24_15:24: -- Retnur has entered the game.
 INFO LOG: May_24_15:26: tick!!!
 INFO LOG: May_24_15:28: tick!!!
 INFO LOG: May_24_15:29: Loading resets.rb
 INFO LOG: May_24_15:29: -- #<Player:0x00000002180630>:76.202.141.206:56310 disconnected from CoralMUD!
 INFO LOG: May_24_15:29: Logging enabled.   Loading logs.rb.
 INFO LOG: May_24_15:29: Loading spellcheck.rb
 INFO LOG: May_24_15:29: Loading facade.rb
 INFO LOG: May_24_15:29: Loading query_list.rb
 INFO LOG: May_24_15:29: Loading utils.rb
 INFO LOG: May_24_15:29: Loading constants.rb
 INFO LOG: May_24_15:29: Loading damage.rb
 INFO LOG: May_24_15:29: Loading class_property.rb
 INFO LOG: May_24_15:29: Loading scripts.rb
 INFO LOG: May_24_15:29: Loading tags.rb
 INFO LOG: May_24_15:29: Loading editor/editors.rb
 INFO LOG: May_24_15:29: Loading editor/editor.strings.rb
 INFO LOG: May_24_15:29: Loading editor/editor.rooms.rb
 INFO LOG: May_24_15:29: Loading editor/editor.exits.rb
 INFO LOG: May_24_15:29: Loading editor/editor.zones.rb
 INFO LOG: May_24_15:29: Loading editor/editor.npc.rb
 INFO LOG: May_24_15:29: Loading editor/editor.items.rb
 INFO LOG: May_24_15:29: Loading editor/editor.socials.rb
 INFO LOG: May_24_15:29: Loading socials.rb
 INFO LOG: May_24_15:29: Loading mxp.rb
 INFO LOG: May_24_15:29: Loading mccp.rb
 INFO LOG: May_24_15:29: Loading flags.rb
 INFO LOG: May_24_15:29: Loading areas.rb
 INFO LOG: May_24_15:29: Loading security.rb
 INFO LOG: May_24_15:29: Loading resets.rb
 INFO LOG: May_24_15:29: Loading event.rb
 INFO LOG: May_24_15:29: Loading automap/automap.rb
 INFO LOG: May_24_15:29: Loading cities.rb
 INFO LOG: May_24_15:29: Loading sector definitions.
 INFO LOG: May_24_15:29: Loading help.rb
 INFO LOG: May_24_15:29: Loading imcruby.rb
 INFO LOG: May_24_15:29: Loading player.rb
 INFO LOG: May_24_15:29: Loading commands.rb
 INFO LOG: May_24_15:29: Loading editor/editor.player.rb
 INFO LOG: May_24_15:29: Loading random.rb
 INFO LOG: May_24_15:29: Loading npc.rb
 INFO LOG: May_24_15:29: Loading items/types.rb
 INFO LOG: May_24_15:29: Loading items/items.rb
 INFO LOG: May_24_15:29: Loading spells.rb
 INFO LOG: May_24_15:29: Loading all zones.
 INFO LOG: May_24_15:29: Loading all socials.
 INFO LOG: May_24_15:29: Starting server.
 INFO LOG: May_24_15:29: CoralMUD is now up on port 4000.
 INFO LOG: May_24_15:29: -- 76.202.141.206:54276 connected to CoralMUD!
 INFO LOG: May_24_15:29: -- 76.202.141.206:54276: () Invalid name in character creation.
 INFO LOG: May_24_15:29: -- 76.202.141.206:54276: () Invalid name in character creation.
 INFO LOG: May_24_15:29: -- 76.202.141.206:54276: Retnur is trying to connect.
 INFO LOG: May_24_15:29: -- 76.202.141.206:54276: Retnur player file found.
 INFO LOG: May_24_15:29: -- Retnur has entered the game.
 INFO LOG: May_24_15:30: -- #<Player:0x00000003432b70>:76.202.141.206:54276 disconnected from CoralMUD!
 INFO LOG: May_24_15:30: Logging enabled.   Loading logs.rb.
 INFO LOG: May_24_15:30: Loading spellcheck.rb
 INFO LOG: May_24_15:30: Loading facade.rb
 INFO LOG: May_24_15:30: Loading query_list.rb
 INFO LOG: May_24_15:30: Loading utils.rb
 INFO LOG: May_24_15:30: Loading constants.rb
 INFO LOG: May_24_15:30: Loading damage.rb
 INFO LOG: May_24_15:30: Loading class_property.rb
 INFO LOG: May_24_15:30: Loading scripts.rb
 INFO LOG: May_24_15:30: Loading tags.rb
 INFO LOG: May_24_15:30: Loading editor/editors.rb
 INFO LOG: May_24_15:30: Loading editor/editor.strings.rb
 INFO LOG: May_24_15:30: Loading editor/editor.rooms.rb
 INFO LOG: May_24_15:30: Loading editor/editor.exits.rb
 INFO LOG: May_24_15:30: Loading editor/editor.zones.rb
 INFO LOG: May_24_15:30: Loading editor/editor.npc.rb
 INFO LOG: May_24_15:30: Loading editor/editor.items.rb
 INFO LOG: May_24_15:30: Loading editor/editor.socials.rb
 INFO LOG: May_24_15:30: Loading socials.rb
 INFO LOG: May_24_15:30: Loading mxp.rb
 INFO LOG: May_24_15:30: Loading mccp.rb
 INFO LOG: May_24_15:30: Loading flags.rb
 INFO LOG: May_24_15:30: Loading areas.rb
 INFO LOG: May_24_15:30: Loading security.rb
 INFO LOG: May_24_15:30: Loading resets.rb
 INFO LOG: May_24_15:30: Loading event.rb
 INFO LOG: May_24_15:30: Loading automap/automap.rb
 INFO LOG: May_24_15:30: Loading cities.rb
 INFO LOG: May_24_15:30: Loading sector definitions.
 INFO LOG: May_24_15:30: Loading help.rb
 INFO LOG: May_24_15:30: Loading imcruby.rb
 INFO LOG: May_24_15:30: Loading player.rb
 INFO LOG: May_24_15:30: Loading commands.rb
 INFO LOG: May_24_15:30: Loading editor/editor.player.rb
 INFO LOG: May_24_15:30: Loading random.rb
 INFO LOG: May_24_15:30: Loading npc.rb
 INFO LOG: May_24_15:30: Loading items/types.rb
 INFO LOG: May_24_15:30: Loading items/items.rb
 INFO LOG: May_24_15:30: Loading spells.rb
 INFO LOG: May_24_15:30: Loading all zones.
 INFO LOG: May_24_15:30: Loading all socials.
 INFO LOG: May_24_15:30: Starting server.
 INFO LOG: May_24_15:30: CoralMUD is now up on port 4000.
 INFO LOG: May_24_15:30: -- 76.202.141.206:41266 connected to CoralMUD!
 INFO LOG: May_24_15:30: -- 76.202.141.206:41266: () Invalid name in character creation.
 INFO LOG: May_24_15:30: -- 76.202.141.206:41266: Retnur is trying to connect.
 INFO LOG: May_24_15:30: -- 76.202.141.206:41266: Retnur player file found.
 INFO LOG: May_24_15:30: -- Retnur has entered the game.
 INFO LOG: May_24_15:32: Loading cities.rb
 INFO LOG: May_24_15:32: Loading sector definitions.
 INFO LOG: May_24_15:32: -- #<Player:0x00000001f4a1e0>:76.202.141.206:41266 disconnected from CoralMUD!
 INFO LOG: May_24_15:32: Logging enabled.   Loading logs.rb.
 INFO LOG: May_24_15:32: Loading spellcheck.rb
 INFO LOG: May_24_15:32: Loading facade.rb
 INFO LOG: May_24_15:32: Loading query_list.rb
 INFO LOG: May_24_15:32: Loading utils.rb
 INFO LOG: May_24_15:32: Loading constants.rb
 INFO LOG: May_24_15:32: Loading damage.rb
 INFO LOG: May_24_15:32: Loading class_property.rb
 INFO LOG: May_24_15:32: Loading scripts.rb
 INFO LOG: May_24_15:32: Loading tags.rb
 INFO LOG: May_24_15:32: Loading editor/editors.rb
 INFO LOG: May_24_15:32: Loading editor/editor.strings.rb
 INFO LOG: May_24_15:32: Loading editor/editor.rooms.rb
 INFO LOG: May_24_15:32: Loading editor/editor.exits.rb
 INFO LOG: May_24_15:32: Loading editor/editor.zones.rb
 INFO LOG: May_24_15:32: Loading editor/editor.npc.rb
 INFO LOG: May_24_15:32: Loading editor/editor.items.rb
 INFO LOG: May_24_15:32: Loading editor/editor.socials.rb
 INFO LOG: May_24_15:32: Loading socials.rb
 INFO LOG: May_24_15:32: Loading mxp.rb
 INFO LOG: May_24_15:32: Loading mccp.rb
 INFO LOG: May_24_15:32: Loading flags.rb
 INFO LOG: May_24_15:32: Loading areas.rb
 INFO LOG: May_24_15:32: Loading security.rb
 INFO LOG: May_24_15:32: Loading resets.rb
 INFO LOG: May_24_15:32: Loading event.rb
 INFO LOG: May_24_15:32: Loading automap/automap.rb
 INFO LOG: May_24_15:32: Loading cities.rb
 INFO LOG: May_24_15:32: Loading sector definitions.
 INFO LOG: May_24_15:32: Loading help.rb
 INFO LOG: May_24_15:32: Loading imcruby.rb
 INFO LOG: May_24_15:32: Loading player.rb
 INFO LOG: May_24_15:32: Loading commands.rb
 INFO LOG: May_24_15:32: Loading editor/editor.player.rb
 INFO LOG: May_24_15:32: Loading random.rb
 INFO LOG: May_24_15:32: Loading npc.rb
 INFO LOG: May_24_15:32: Loading items/types.rb
 INFO LOG: May_24_15:32: Loading items/items.rb
 INFO LOG: May_24_15:32: Loading spells.rb
 INFO LOG: May_24_15:32: Loading all zones.
 INFO LOG: May_24_15:32: Loading all socials.
 INFO LOG: May_24_15:32: Starting server.
 INFO LOG: May_24_15:32: CoralMUD is now up on port 4000.
 INFO LOG: May_24_15:32: -- 76.202.141.206:43526 connected to CoralMUD!
 INFO LOG: May_24_15:32: -- 76.202.141.206:43526: () Invalid name in character creation.
 INFO LOG: May_24_15:32: -- 76.202.141.206:43526: () Invalid name in character creation.
 INFO LOG: May_24_15:32: -- 76.202.141.206:43526: Retnur is trying to connect.
 INFO LOG: May_24_15:32: -- 76.202.141.206:43526: Retnur player file found.
 INFO LOG: May_24_15:32: -- Retnur has entered the game.
 INFO LOG: May_24_15:32: -- #<Player:0x00000003023868>:76.202.141.206:43526 disconnected from CoralMUD!
 INFO LOG: May_24_15:32: Logging enabled.   Loading logs.rb.
 INFO LOG: May_24_15:32: Loading spellcheck.rb
 INFO LOG: May_24_15:32: Loading facade.rb
 INFO LOG: May_24_15:32: Loading query_list.rb
 INFO LOG: May_24_15:32: Loading utils.rb
 INFO LOG: May_24_15:32: Loading constants.rb
 INFO LOG: May_24_15:32: Loading damage.rb
 INFO LOG: May_24_15:32: Loading class_property.rb
 INFO LOG: May_24_15:32: Loading scripts.rb
 INFO LOG: May_24_15:32: Loading tags.rb
 INFO LOG: May_24_15:32: Loading editor/editors.rb
 INFO LOG: May_24_15:32: Loading editor/editor.strings.rb
 INFO LOG: May_24_15:32: Loading editor/editor.rooms.rb
 INFO LOG: May_24_15:32: Loading editor/editor.exits.rb
 INFO LOG: May_24_15:32: Loading editor/editor.zones.rb
 INFO LOG: May_24_15:32: Loading editor/editor.npc.rb
 INFO LOG: May_24_15:32: Loading editor/editor.items.rb
 INFO LOG: May_24_15:32: Loading editor/editor.socials.rb
 INFO LOG: May_24_15:32: Loading socials.rb
 INFO LOG: May_24_15:32: Loading mxp.rb
 INFO LOG: May_24_15:32: Loading mccp.rb
 INFO LOG: May_24_15:32: Loading flags.rb
 INFO LOG: May_24_15:32: Loading areas.rb
 INFO LOG: May_24_15:32: Loading security.rb
 INFO LOG: May_24_15:32: Loading resets.rb
 INFO LOG: May_24_15:32: Loading event.rb
 INFO LOG: May_24_15:32: Loading automap/automap.rb
 INFO LOG: May_24_15:32: Loading cities.rb
 INFO LOG: May_24_15:32: Loading sector definitions.
 INFO LOG: May_24_15:32: Loading help.rb
 INFO LOG: May_24_15:32: Loading imcruby.rb
 INFO LOG: May_24_15:32: Loading player.rb
 INFO LOG: May_24_15:32: Loading commands.rb
 INFO LOG: May_24_15:32: Loading editor/editor.player.rb
 INFO LOG: May_24_15:32: Loading random.rb
 INFO LOG: May_24_15:32: Loading npc.rb
 INFO LOG: May_24_15:32: Loading items/types.rb
 INFO LOG: May_24_15:32: Loading items/items.rb
 INFO LOG: May_24_15:32: Loading spells.rb
 INFO LOG: May_24_15:32: Loading all zones.
 INFO LOG: May_24_15:32: Loading all socials.
 INFO LOG: May_24_15:32: Starting server.
 INFO LOG: May_24_15:32: CoralMUD is now up on port 4000.
 INFO LOG: May_24_15:32: -- 76.202.141.206:59498 connected to CoralMUD!
 INFO LOG: May_24_15:32: -- 76.202.141.206:59498: () Invalid name in character creation.
 INFO LOG: May_24_15:32: -- 76.202.141.206:59498: () Invalid name in character creation.
 INFO LOG: May_24_15:32: -- 76.202.141.206:59498: Retnur is trying to connect.
 INFO LOG: May_24_15:32: -- 76.202.141.206:59498: Retnur player file found.
 INFO LOG: May_24_15:32: -- Retnur has entered the game.
 INFO LOG: May_24_15:34: tick!!!
 INFO LOG: May_24_15:36: tick!!!
 INFO LOG: May_24_15:38: tick!!!
 INFO LOG: May_24_15:40: tick!!!
 INFO LOG: May_24_15:42: tick!!!
 INFO LOG: May_24_15:44: tick!!!
 INFO LOG: May_24_15:46: tick!!!
 INFO LOG: May_24_15:48: tick!!!
 INFO LOG: May_24_15:50: tick!!!
 INFO LOG: May_24_15:52: tick!!!
 INFO LOG: May_24_15:54: tick!!!
 INFO LOG: May_24_15:56: tick!!!
 INFO LOG: May_24_15:58: tick!!!
 INFO LOG: May_24_16:00: tick!!!
 INFO LOG: May_24_16:02: Loading commands.rb
 INFO LOG: May_24_16:02: -- #<Player:0x00000002eef640>:76.202.141.206:59498 disconnected from CoralMUD!
 INFO LOG: May_24_16:02: Logging enabled.   Loading logs.rb.
 INFO LOG: May_24_16:02: Loading spellcheck.rb
 INFO LOG: May_24_16:02: Loading facade.rb
 INFO LOG: May_24_16:02: Loading query_list.rb
 INFO LOG: May_24_16:02: Loading utils.rb
 INFO LOG: May_24_16:02: Loading constants.rb
 INFO LOG: May_24_16:02: Loading damage.rb
 INFO LOG: May_24_16:02: Loading class_property.rb
 INFO LOG: May_24_16:02: Loading scripts.rb
 INFO LOG: May_24_16:02: Loading tags.rb
 INFO LOG: May_24_16:02: Loading editor/editors.rb
 INFO LOG: May_24_16:02: Loading editor/editor.strings.rb
 INFO LOG: May_24_16:02: Loading editor/editor.rooms.rb
 INFO LOG: May_24_16:02: Loading editor/editor.exits.rb
 INFO LOG: May_24_16:02: Loading editor/editor.zones.rb
 INFO LOG: May_24_16:02: Loading editor/editor.npc.rb
 INFO LOG: May_24_16:02: Loading editor/editor.items.rb
 INFO LOG: May_24_16:02: Loading editor/editor.socials.rb
 INFO LOG: May_24_16:02: Loading socials.rb
 INFO LOG: May_24_16:02: Loading mxp.rb
 INFO LOG: May_24_16:02: Loading mccp.rb
 INFO LOG: May_24_16:02: Loading flags.rb
 INFO LOG: May_24_16:02: Loading areas.rb
 INFO LOG: May_24_16:02: Loading security.rb
 INFO LOG: May_24_16:02: Loading resets.rb
 INFO LOG: May_24_16:02: Loading event.rb
 INFO LOG: May_24_16:02: Loading automap/automap.rb
 INFO LOG: May_24_16:02: Loading cities.rb
 INFO LOG: May_24_16:02: Loading sector definitions.
 INFO LOG: May_24_16:02: Loading help.rb
 INFO LOG: May_24_16:02: Loading imcruby.rb
 INFO LOG: May_24_16:02: Loading player.rb
 INFO LOG: May_24_16:02: Loading commands.rb
 INFO LOG: May_24_16:02: Loading editor/editor.player.rb
 INFO LOG: May_24_16:02: Loading random.rb
 INFO LOG: May_24_16:02: Loading npc.rb
 INFO LOG: May_24_16:02: Loading items/types.rb
 INFO LOG: May_24_16:02: Loading items/items.rb
 INFO LOG: May_24_16:02: Loading spells.rb
 INFO LOG: May_24_16:02: Loading all zones.
 INFO LOG: May_24_16:02: Loading all socials.
 INFO LOG: May_24_16:02: Starting server.
 INFO LOG: May_24_16:02: CoralMUD is now up on port 4000.
 INFO LOG: May_24_16:02: -- 76.202.141.206:38237 connected to CoralMUD!
 INFO LOG: May_24_16:02: -- 76.202.141.206:38237: () Invalid name in character creation.
 INFO LOG: May_24_16:02: -- 76.202.141.206:38237: () Invalid name in character creation.
 INFO LOG: May_24_16:02: -- 76.202.141.206:38237: Retnur is trying to connect.
 INFO LOG: May_24_16:02: -- 76.202.141.206:38237: Retnur player file found.
 INFO LOG: May_24_16:02: -- Retnur has entered the game.
 INFO LOG: May_24_16:04: tick!!!
 INFO LOG: May_24_16:06: tick!!!
 INFO LOG: May_24_16:08: tick!!!
 INFO LOG: May_24_16:10: tick!!!
 INFO LOG: May_24_16:12: tick!!!
 INFO LOG: May_24_16:14: tick!!!
 INFO LOG: May_24_16:16: tick!!!
 INFO LOG: May_24_16:18: tick!!!
 INFO LOG: May_24_16:20: tick!!!
 INFO LOG: May_24_16:22: tick!!!
 INFO LOG: May_24_16:24: tick!!!
 INFO LOG: May_24_16:26: tick!!!
 INFO LOG: May_24_16:28: tick!!!
 INFO LOG: May_24_16:30: tick!!!
 INFO LOG: May_24_16:32: tick!!!
 INFO LOG: May_24_16:34: tick!!!
 INFO LOG: May_24_16:36: tick!!!
 INFO LOG: May_24_16:38: tick!!!
 INFO LOG: May_24_16:40: tick!!!
 INFO LOG: May_24_16:42: tick!!!
 INFO LOG: May_24_16:44: tick!!!
 INFO LOG: May_24_16:46: tick!!!
 INFO LOG: May_24_16:48: tick!!!
 INFO LOG: May_24_16:50: tick!!!
 INFO LOG: May_24_16:52: tick!!!
 INFO LOG: May_24_16:54: tick!!!
 INFO LOG: May_24_16:56: tick!!!
 INFO LOG: May_24_16:58: tick!!!
 INFO LOG: May_24_17:00: tick!!!
 INFO LOG: May_24_17:02: tick!!!
 INFO LOG: May_24_17:04: tick!!!
 INFO LOG: May_24_17:06: tick!!!
 INFO LOG: May_24_17:08: tick!!!
 INFO LOG: May_24_17:10: tick!!!
 INFO LOG: May_24_17:12: tick!!!
 INFO LOG: May_24_17:14: tick!!!
 INFO LOG: May_24_17:16: tick!!!
 INFO LOG: May_24_17:18: tick!!!
 INFO LOG: May_24_17:20: tick!!!
 INFO LOG: May_24_17:22: tick!!!
 INFO LOG: May_24_17:24: tick!!!
 INFO LOG: May_24_17:26: tick!!!
 INFO LOG: May_24_17:28: tick!!!
 INFO LOG: May_24_17:30: tick!!!
 INFO LOG: May_24_17:32: tick!!!
 INFO LOG: May_24_17:34: tick!!!
 INFO LOG: May_24_17:36: tick!!!
 INFO LOG: May_24_17:38: tick!!!
 INFO LOG: May_24_17:40: tick!!!
 INFO LOG: May_24_17:42: tick!!!
 INFO LOG: May_24_17:44: tick!!!
 INFO LOG: May_24_17:46: tick!!!
 INFO LOG: May_24_17:48: tick!!!
 INFO LOG: May_24_17:50: tick!!!
 INFO LOG: May_24_17:52: tick!!!
 INFO LOG: May_24_17:54: tick!!!
 INFO LOG: May_24_17:56: tick!!!
 INFO LOG: May_24_17:58: tick!!!
 INFO LOG: May_24_18:00: tick!!!
 INFO LOG: May_24_18:02: tick!!!
 INFO LOG: May_24_18:04: tick!!!
 INFO LOG: May_24_18:06: tick!!!
 INFO LOG: May_24_18:08: tick!!!
 INFO LOG: May_24_18:10: tick!!!
 INFO LOG: May_24_18:12: tick!!!
 INFO LOG: May_24_18:14: tick!!!
 INFO LOG: May_24_18:16: tick!!!
 INFO LOG: May_24_18:18: tick!!!
 INFO LOG: May_24_18:20: tick!!!
 INFO LOG: May_24_18:22: tick!!!
 INFO LOG: May_24_18:24: tick!!!
 INFO LOG: May_24_18:26: tick!!!
 INFO LOG: May_24_18:28: tick!!!
 INFO LOG: May_24_18:30: tick!!!
 INFO LOG: May_24_18:31: Loading resets.rb
 INFO LOG: May_24_18:31: -- #<Player:0x000000024fa298>:76.202.141.206:38237 disconnected from CoralMUD!
 INFO LOG: May_24_18:31: Logging enabled.   Loading logs.rb.
 INFO LOG: May_24_18:31: Loading spellcheck.rb
 INFO LOG: May_24_18:31: Loading facade.rb
 INFO LOG: May_24_18:31: Loading query_list.rb
 INFO LOG: May_24_18:31: Loading utils.rb
 INFO LOG: May_24_18:31: Loading constants.rb
 INFO LOG: May_24_18:31: Loading damage.rb
 INFO LOG: May_24_18:31: Loading class_property.rb
 INFO LOG: May_24_18:31: Loading scripts.rb
 INFO LOG: May_24_18:31: Loading tags.rb
 INFO LOG: May_24_18:31: Loading editor/editors.rb
 INFO LOG: May_24_18:31: Loading editor/editor.strings.rb
 INFO LOG: May_24_18:31: Loading editor/editor.rooms.rb
 INFO LOG: May_24_18:31: Loading editor/editor.exits.rb
 INFO LOG: May_24_18:31: Loading editor/editor.zones.rb
 INFO LOG: May_24_18:31: Loading editor/editor.npc.rb
 INFO LOG: May_24_18:31: Loading editor/editor.items.rb
 INFO LOG: May_24_18:31: Loading editor/editor.socials.rb
 INFO LOG: May_24_18:31: Loading socials.rb
 INFO LOG: May_24_18:31: Loading mxp.rb
 INFO LOG: May_24_18:31: Loading mccp.rb
 INFO LOG: May_24_18:31: Loading flags.rb
 INFO LOG: May_24_18:31: Loading areas.rb
 INFO LOG: May_24_18:31: Loading security.rb
 INFO LOG: May_24_18:31: Loading resets.rb
 INFO LOG: May_24_18:31: Loading event.rb
 INFO LOG: May_24_18:31: Loading automap/automap.rb
 INFO LOG: May_24_18:31: Loading cities.rb
 INFO LOG: May_24_18:31: Loading sector definitions.
 INFO LOG: May_24_18:31: Loading help.rb
 INFO LOG: May_24_18:31: Loading imcruby.rb
 INFO LOG: May_24_18:31: Loading player.rb
 INFO LOG: May_24_18:31: Loading commands.rb
 INFO LOG: May_24_18:31: Loading editor/editor.player.rb
 INFO LOG: May_24_18:31: Loading random.rb
 INFO LOG: May_24_18:31: Loading npc.rb
 INFO LOG: May_24_18:31: Loading items/types.rb
 INFO LOG: May_24_18:31: Loading items/items.rb
 INFO LOG: May_24_18:31: Loading spells.rb
 INFO LOG: May_24_18:31: Loading all zones.
 INFO LOG: May_24_18:31: Loading all socials.
 INFO LOG: May_24_18:31: Starting server.
 INFO LOG: May_24_18:31: CoralMUD is now up on port 4000.
 INFO LOG: May_24_18:31: -- 76.202.141.206:42401 connected to CoralMUD!
 INFO LOG: May_24_18:31: -- 76.202.141.206:42401: () Invalid name in character creation.
 INFO LOG: May_24_18:31: -- 76.202.141.206:42401: () Invalid name in character creation.
 INFO LOG: May_24_18:31: -- 76.202.141.206:42401: Retnur is trying to connect.
 INFO LOG: May_24_18:31: -- 76.202.141.206:42401: Retnur player file found.
 INFO LOG: May_24_18:31: -- Retnur has entered the game.
 INFO LOG: May_24_18:33: tick!!!
 INFO LOG: May_24_18:34: Loading resets.rb
 INFO LOG: May_24_18:34: -- #<Player:0x00000002af9cc0>:76.202.141.206:42401 disconnected from CoralMUD!
 INFO LOG: May_24_18:34: Logging enabled.   Loading logs.rb.
 INFO LOG: May_24_18:34: Loading spellcheck.rb
 INFO LOG: May_24_18:34: Loading facade.rb
 INFO LOG: May_24_18:34: Loading query_list.rb
 INFO LOG: May_24_18:34: Loading utils.rb
 INFO LOG: May_24_18:34: Loading constants.rb
 INFO LOG: May_24_18:34: Loading damage.rb
 INFO LOG: May_24_18:34: Loading class_property.rb
 INFO LOG: May_24_18:34: Loading scripts.rb
 INFO LOG: May_24_18:34: Loading tags.rb
 INFO LOG: May_24_18:34: Loading editor/editors.rb
 INFO LOG: May_24_18:34: Loading editor/editor.strings.rb
 INFO LOG: May_24_18:34: Loading editor/editor.rooms.rb
 INFO LOG: May_24_18:34: Loading editor/editor.exits.rb
 INFO LOG: May_24_18:34: Loading editor/editor.zones.rb
 INFO LOG: May_24_18:34: Loading editor/editor.npc.rb
 INFO LOG: May_24_18:34: Loading editor/editor.items.rb
 INFO LOG: May_24_18:34: Loading editor/editor.socials.rb
 INFO LOG: May_24_18:34: Loading socials.rb
 INFO LOG: May_24_18:34: Loading mxp.rb
 INFO LOG: May_24_18:34: Loading mccp.rb
 INFO LOG: May_24_18:34: Loading flags.rb
 INFO LOG: May_24_18:34: Loading areas.rb
 INFO LOG: May_24_18:34: Loading security.rb
 INFO LOG: May_24_18:34: Loading resets.rb
 INFO LOG: May_24_18:34: Loading event.rb
 INFO LOG: May_24_18:34: Loading automap/automap.rb
 INFO LOG: May_24_18:34: Loading cities.rb
 INFO LOG: May_24_18:34: Loading sector definitions.
 INFO LOG: May_24_18:34: Loading help.rb
 INFO LOG: May_24_18:34: Loading imcruby.rb
 INFO LOG: May_24_18:34: Loading player.rb
 INFO LOG: May_24_18:34: Loading commands.rb
 INFO LOG: May_24_18:34: Loading editor/editor.player.rb
 INFO LOG: May_24_18:34: Loading random.rb
 INFO LOG: May_24_18:34: Loading npc.rb
 INFO LOG: May_24_18:34: Loading items/types.rb
 INFO LOG: May_24_18:34: Loading items/items.rb
 INFO LOG: May_24_18:34: Loading spells.rb
 INFO LOG: May_24_18:34: Loading all zones.
 INFO LOG: May_24_18:34: Loading all socials.
 INFO LOG: May_24_18:34: Starting server.
 INFO LOG: May_24_18:34: CoralMUD is now up on port 4000.
 INFO LOG: May_24_18:34: -- 76.202.141.206:51816 connected to CoralMUD!
 INFO LOG: May_24_18:34: -- 76.202.141.206:51816: () Invalid name in character creation.
 INFO LOG: May_24_18:34: -- 76.202.141.206:51816: () Invalid name in character creation.
 INFO LOG: May_24_18:34: -- 76.202.141.206:51816: Retnur is trying to connect.
 INFO LOG: May_24_18:34: -- 76.202.141.206:51816: Retnur player file found.
 INFO LOG: May_24_18:34: -- Retnur has entered the game.
 INFO LOG: May_24_18:36: tick!!!
 INFO LOG: May_24_18:36: Loading resets.rb
 INFO LOG: May_24_18:37: -- #<Player:0x00000001780a40>:76.202.141.206:51816 disconnected from CoralMUD!
 INFO LOG: May_24_18:37: Logging enabled.   Loading logs.rb.
 INFO LOG: May_24_18:37: Loading spellcheck.rb
 INFO LOG: May_24_18:37: Loading facade.rb
 INFO LOG: May_24_18:37: Loading query_list.rb
 INFO LOG: May_24_18:37: Loading utils.rb
 INFO LOG: May_24_18:37: Loading constants.rb
 INFO LOG: May_24_18:37: Loading damage.rb
 INFO LOG: May_24_18:37: Loading class_property.rb
 INFO LOG: May_24_18:37: Loading scripts.rb
 INFO LOG: May_24_18:37: Loading tags.rb
 INFO LOG: May_24_18:37: Loading editor/editors.rb
 INFO LOG: May_24_18:37: Loading editor/editor.strings.rb
 INFO LOG: May_24_18:37: Loading editor/editor.rooms.rb
 INFO LOG: May_24_18:37: Loading editor/editor.exits.rb
 INFO LOG: May_24_18:37: Loading editor/editor.zones.rb
 INFO LOG: May_24_18:37: Loading editor/editor.npc.rb
 INFO LOG: May_24_18:37: Loading editor/editor.items.rb
 INFO LOG: May_24_18:37: Loading editor/editor.socials.rb
 INFO LOG: May_24_18:37: Loading socials.rb
 INFO LOG: May_24_18:37: Loading mxp.rb
 INFO LOG: May_24_18:37: Loading mccp.rb
 INFO LOG: May_24_18:37: Loading flags.rb
 INFO LOG: May_24_18:37: Loading areas.rb
 INFO LOG: May_24_18:37: Loading security.rb
 INFO LOG: May_24_18:37: Loading resets.rb
 INFO LOG: May_24_18:37: Loading event.rb
 INFO LOG: May_24_18:37: Loading automap/automap.rb
 INFO LOG: May_24_18:37: Loading cities.rb
 INFO LOG: May_24_18:37: Loading sector definitions.
 INFO LOG: May_24_18:37: Loading help.rb
 INFO LOG: May_24_18:37: Loading imcruby.rb
 INFO LOG: May_24_18:37: Loading player.rb
 INFO LOG: May_24_18:37: Loading commands.rb
 INFO LOG: May_24_18:37: Loading editor/editor.player.rb
 INFO LOG: May_24_18:37: Loading random.rb
 INFO LOG: May_24_18:37: Loading npc.rb
 INFO LOG: May_24_18:37: Loading items/types.rb
 INFO LOG: May_24_18:37: Loading items/items.rb
 INFO LOG: May_24_18:37: Loading spells.rb
 INFO LOG: May_24_18:37: Loading all zones.
 INFO LOG: May_24_18:37: Loading all socials.
 INFO LOG: May_24_18:37: Starting server.
 INFO LOG: May_24_18:37: CoralMUD is now up on port 4000.
 INFO LOG: May_24_18:37: -- 76.202.141.206:37740 connected to CoralMUD!
 INFO LOG: May_24_18:37: -- 76.202.141.206:37740: () Invalid name in character creation.
 INFO LOG: May_24_18:37: -- 76.202.141.206:37740: () Invalid name in character creation.
 INFO LOG: May_24_18:37: -- 76.202.141.206:37740: Retnur is trying to connect.
 INFO LOG: May_24_18:37: -- 76.202.141.206:37740: Retnur player file found.
 INFO LOG: May_24_18:37: -- Retnur has entered the game.
 INFO LOG: May_24_18:38: Loading resets.rb
 INFO LOG: May_24_18:39: -- #<Player:0x00000002d957b8>:76.202.141.206:37740 disconnected from CoralMUD!
 INFO LOG: May_24_18:39: Logging enabled.   Loading logs.rb.
 INFO LOG: May_24_18:39: Loading spellcheck.rb
 INFO LOG: May_24_18:39: Loading facade.rb
 INFO LOG: May_24_18:39: Loading query_list.rb
 INFO LOG: May_24_18:39: Loading utils.rb
 INFO LOG: May_24_18:39: Loading constants.rb
 INFO LOG: May_24_18:39: Loading damage.rb
 INFO LOG: May_24_18:39: Loading class_property.rb
 INFO LOG: May_24_18:39: Loading scripts.rb
 INFO LOG: May_24_18:39: Loading tags.rb
 INFO LOG: May_24_18:39: Loading editor/editors.rb
 INFO LOG: May_24_18:39: Loading editor/editor.strings.rb
 INFO LOG: May_24_18:39: Loading editor/editor.rooms.rb
 INFO LOG: May_24_18:39: Loading editor/editor.exits.rb
 INFO LOG: May_24_18:39: Loading editor/editor.zones.rb
 INFO LOG: May_24_18:39: Loading editor/editor.npc.rb
 INFO LOG: May_24_18:39: Loading editor/editor.items.rb
 INFO LOG: May_24_18:39: Loading editor/editor.socials.rb
 INFO LOG: May_24_18:39: Loading socials.rb
 INFO LOG: May_24_18:39: Loading mxp.rb
 INFO LOG: May_24_18:39: Loading mccp.rb
 INFO LOG: May_24_18:39: Loading flags.rb
 INFO LOG: May_24_18:39: Loading areas.rb
 INFO LOG: May_24_18:39: Loading security.rb
 INFO LOG: May_24_18:39: Loading resets.rb
 INFO LOG: May_24_18:39: Loading event.rb
 INFO LOG: May_24_18:39: Loading automap/automap.rb
 INFO LOG: May_24_18:39: Loading cities.rb
 INFO LOG: May_24_18:39: Loading sector definitions.
 INFO LOG: May_24_18:39: Loading help.rb
 INFO LOG: May_24_18:39: Loading imcruby.rb
 INFO LOG: May_24_18:39: Loading player.rb
 INFO LOG: May_24_18:39: Loading commands.rb
 INFO LOG: May_24_18:39: Loading editor/editor.player.rb
 INFO LOG: May_24_18:39: Loading random.rb
 INFO LOG: May_24_18:39: Loading npc.rb
 INFO LOG: May_24_18:39: Loading items/types.rb
 INFO LOG: May_24_18:39: Loading items/items.rb
 INFO LOG: May_24_18:39: Loading spells.rb
 INFO LOG: May_24_18:39: Loading all zones.
 INFO LOG: May_24_18:39: Loading all socials.
 INFO LOG: May_24_18:39: Starting server.
 INFO LOG: May_24_18:39: CoralMUD is now up on port 4000.
 INFO LOG: May_24_18:39: -- 76.202.141.206:34248 connected to CoralMUD!
 INFO LOG: May_24_18:39: -- 76.202.141.206:34248: () Invalid name in character creation.
 INFO LOG: May_24_18:39: -- 76.202.141.206:34248: () Invalid name in character creation.
 INFO LOG: May_24_18:39: -- 76.202.141.206:34248: Retnur is trying to connect.
 INFO LOG: May_24_18:39: -- 76.202.141.206:34248: Retnur player file found.
 INFO LOG: May_24_18:39: -- Retnur has entered the game.
 INFO LOG: May_24_18:40: Loading resets.rb
 INFO LOG: May_24_18:40: -- #<Player:0x0000000234fa60>:76.202.141.206:34248 disconnected from CoralMUD!
 INFO LOG: May_24_18:40: Logging enabled.   Loading logs.rb.
 INFO LOG: May_24_18:40: Loading spellcheck.rb
 INFO LOG: May_24_18:40: Loading facade.rb
 INFO LOG: May_24_18:40: Loading query_list.rb
 INFO LOG: May_24_18:40: Loading utils.rb
 INFO LOG: May_24_18:40: Loading constants.rb
 INFO LOG: May_24_18:40: Loading damage.rb
 INFO LOG: May_24_18:40: Loading class_property.rb
 INFO LOG: May_24_18:40: Loading scripts.rb
 INFO LOG: May_24_18:40: Loading tags.rb
 INFO LOG: May_24_18:40: Loading editor/editors.rb
 INFO LOG: May_24_18:40: Loading editor/editor.strings.rb
 INFO LOG: May_24_18:40: Loading editor/editor.rooms.rb
 INFO LOG: May_24_18:40: Loading editor/editor.exits.rb
 INFO LOG: May_24_18:40: Loading editor/editor.zones.rb
 INFO LOG: May_24_18:40: Loading editor/editor.npc.rb
 INFO LOG: May_24_18:40: Loading editor/editor.items.rb
 INFO LOG: May_24_18:40: Loading editor/editor.socials.rb
 INFO LOG: May_24_18:40: Loading socials.rb
 INFO LOG: May_24_18:40: Loading mxp.rb
 INFO LOG: May_24_18:40: Loading mccp.rb
 INFO LOG: May_24_18:40: Loading flags.rb
 INFO LOG: May_24_18:40: Loading areas.rb
 INFO LOG: May_24_18:40: Loading security.rb
 INFO LOG: May_24_18:40: Loading resets.rb
 INFO LOG: May_24_18:40: Loading event.rb
 INFO LOG: May_24_18:40: Loading automap/automap.rb
 INFO LOG: May_24_18:40: Loading cities.rb
 INFO LOG: May_24_18:40: Loading sector definitions.
 INFO LOG: May_24_18:40: Loading help.rb
 INFO LOG: May_24_18:40: Loading imcruby.rb
 INFO LOG: May_24_18:40: Loading player.rb
 INFO LOG: May_24_18:40: Loading commands.rb
 INFO LOG: May_24_18:40: Loading editor/editor.player.rb
 INFO LOG: May_24_18:40: Loading random.rb
 INFO LOG: May_24_18:40: Loading npc.rb
 INFO LOG: May_24_18:40: Loading items/types.rb
 INFO LOG: May_24_18:40: Loading items/items.rb
 INFO LOG: May_24_18:40: Loading spells.rb
 INFO LOG: May_24_18:40: Loading all zones.
 INFO LOG: May_24_18:40: Loading all socials.
 INFO LOG: May_24_18:40: Starting server.
 INFO LOG: May_24_18:40: CoralMUD is now up on port 4000.
 INFO LOG: May_24_18:40: -- 76.202.141.206:59030 connected to CoralMUD!
 INFO LOG: May_24_18:40: -- 76.202.141.206:59030: () Invalid name in character creation.
 INFO LOG: May_24_18:40: -- 76.202.141.206:59030: Retnur is trying to connect.
 INFO LOG: May_24_18:40: -- 76.202.141.206:59030: Retnur player file found.
 INFO LOG: May_24_18:40: -- Retnur has entered the game.
 INFO LOG: May_24_18:40: Loading resets.rb
 INFO LOG: May_24_18:40: NPC
 INFO LOG: May_24_18:40: NPC
 INFO LOG: May_24_18:42: tick!!!
 INFO LOG: May_24_18:44: tick!!!
 INFO LOG: May_24_18:46: tick!!!
 INFO LOG: May_24_18:48: tick!!!
 INFO LOG: May_24_18:50: tick!!!
 INFO LOG: May_24_18:52: tick!!!
 INFO LOG: May_24_18:52: Loading resets.rb
 INFO LOG: May_24_18:52: -- #<Player:0x00000001cdcca0>:76.202.141.206:59030 disconnected from CoralMUD!
 INFO LOG: May_24_18:52: Logging enabled.   Loading logs.rb.
 INFO LOG: May_24_18:52: Loading spellcheck.rb
 INFO LOG: May_24_18:52: Loading facade.rb
 INFO LOG: May_24_18:52: Loading query_list.rb
 INFO LOG: May_24_18:52: Loading utils.rb
 INFO LOG: May_24_18:52: Loading constants.rb
 INFO LOG: May_24_18:52: Loading damage.rb
 INFO LOG: May_24_18:52: Loading class_property.rb
 INFO LOG: May_24_18:52: Loading scripts.rb
 INFO LOG: May_24_18:52: Loading tags.rb
 INFO LOG: May_24_18:52: Loading editor/editors.rb
 INFO LOG: May_24_18:52: Loading editor/editor.strings.rb
 INFO LOG: May_24_18:52: Loading editor/editor.rooms.rb
 INFO LOG: May_24_18:52: Loading editor/editor.exits.rb
 INFO LOG: May_24_18:52: Loading editor/editor.zones.rb
 INFO LOG: May_24_18:52: Loading editor/editor.npc.rb
 INFO LOG: May_24_18:52: Loading editor/editor.items.rb
 INFO LOG: May_24_18:52: Loading editor/editor.socials.rb
 INFO LOG: May_24_18:52: Loading socials.rb
 INFO LOG: May_24_18:52: Loading mxp.rb
 INFO LOG: May_24_18:52: Loading mccp.rb
 INFO LOG: May_24_18:52: Loading flags.rb
 INFO LOG: May_24_18:52: Loading areas.rb
 INFO LOG: May_24_18:52: Loading security.rb
 INFO LOG: May_24_18:52: Loading resets.rb
 INFO LOG: May_24_18:52: Loading event.rb
 INFO LOG: May_24_18:52: Loading automap/automap.rb
 INFO LOG: May_24_18:52: Loading cities.rb
 INFO LOG: May_24_18:52: Loading sector definitions.
 INFO LOG: May_24_18:52: Loading help.rb
 INFO LOG: May_24_18:52: Loading imcruby.rb
 INFO LOG: May_24_18:52: Loading player.rb
 INFO LOG: May_24_18:52: Loading commands.rb
 INFO LOG: May_24_18:52: Loading editor/editor.player.rb
 INFO LOG: May_24_18:52: Loading random.rb
 INFO LOG: May_24_18:52: Loading npc.rb
 INFO LOG: May_24_18:52: Loading items/types.rb
 INFO LOG: May_24_18:52: Loading items/items.rb
 INFO LOG: May_24_18:52: Loading spells.rb
 INFO LOG: May_24_18:52: Loading all zones.
 INFO LOG: May_24_18:52: Loading all socials.
 INFO LOG: May_24_18:52: Starting server.
 INFO LOG: May_24_18:53: CoralMUD is now up on port 4000.
 INFO LOG: May_24_18:53: -- 76.202.141.206:46219 connected to CoralMUD!
 INFO LOG: May_24_18:53: -- 76.202.141.206:46219: () Invalid name in character creation.
 INFO LOG: May_24_18:53: -- 76.202.141.206:46219: () Invalid name in character creation.
 INFO LOG: May_24_18:53: -- 76.202.141.206:46219: Retnur is trying to connect.
 INFO LOG: May_24_18:53: -- 76.202.141.206:46219: Retnur player file found.
 INFO LOG: May_24_18:53: -- Retnur has entered the game.
ERROR LOG: undefined local variable or method `r' for #<Reset:0x00000002e72618 @target=2540>
ERROR LOG: /home/heath/coral/lib/resets.rb:16:in `do_it'
ERROR LOG: /home/heath/coral/lib/resets.rb:40:in `block in reset'
ERROR LOG: /home/heath/coral/lib/resets.rb:38:in `each'
ERROR LOG: /home/heath/coral/lib/resets.rb:38:in `reset'
ERROR LOG: /home/heath/coral/lib/commands/reset.rb:4:in `cmd_reset'
ERROR LOG: /home/heath/coral/lib/commands.rb:307:in `execute_command'
ERROR LOG: /home/heath/coral/core/socketengine.rb:170:in `block in handle_cmd_input'
ERROR LOG: /home/heath/coral/core/socketengine.rb:169:in `times'
ERROR LOG: /home/heath/coral/core/socketengine.rb:169:in `handle_cmd_input'
ERROR LOG: /home/heath/coral/core/socketengine.rb:133:in `receive_data'
ERROR LOG: /usr/local/lib/ruby/gems/1.9.1/gems/eventmachine-0.12.8/lib/eventmachine.rb:242:in `run_machine'
ERROR LOG: /usr/local/lib/ruby/gems/1.9.1/gems/eventmachine-0.12.8/lib/eventmachine.rb:242:in `run'
ERROR LOG: coral.rb:175:in `<main>'
 INFO LOG: May_24_18:53: Loading resets.rb
 INFO LOG: May_24_18:54: tick!!!
 INFO LOG: May_24_18:56: tick!!!
 INFO LOG: May_24_18:58: tick!!!
 INFO LOG: May_24_19:00: tick!!!
 INFO LOG: May_24_19:02: tick!!!
 INFO LOG: May_24_19:04: tick!!!
 INFO LOG: May_24_19:06: tick!!!
 INFO LOG: May_24_19:08: tick!!!
 INFO LOG: May_24_19:10: tick!!!
 INFO LOG: May_24_19:12: tick!!!
 INFO LOG: May_24_19:14: tick!!!
 INFO LOG: May_24_19:16: tick!!!
 INFO LOG: May_24_19:18: tick!!!
 INFO LOG: May_24_19:20: tick!!!
 INFO LOG: May_24_19:22: tick!!!
 INFO LOG: May_24_19:24: tick!!!
 INFO LOG: May_24_19:26: tick!!!
 INFO LOG: May_24_19:28: tick!!!
 INFO LOG: May_24_19:30: tick!!!
 INFO LOG: May_24_19:32: tick!!!
 INFO LOG: May_24_19:34: tick!!!
 INFO LOG: May_24_19:37: tick!!!
 INFO LOG: May_24_19:39: tick!!!
 INFO LOG: May_24_19:41: tick!!!
 INFO LOG: May_24_19:43: tick!!!
 INFO LOG: May_24_19:45: tick!!!
 INFO LOG: May_24_19:47: tick!!!
 INFO LOG: May_24_19:49: tick!!!
 INFO LOG: May_24_19:51: tick!!!
 INFO LOG: May_24_19:53: tick!!!
 INFO LOG: May_24_19:55: tick!!!
 INFO LOG: May_24_19:57: tick!!!
 INFO LOG: May_24_19:59: tick!!!
 INFO LOG: May_24_20:01: tick!!!
 INFO LOG: May_24_20:03: tick!!!
 INFO LOG: May_24_20:05: tick!!!
 INFO LOG: May_24_20:07: tick!!!
 INFO LOG: May_24_20:09: tick!!!
 INFO LOG: May_24_20:11: tick!!!
 INFO LOG: May_24_20:12: Loading resets.rb
 INFO LOG: May_24_20:13: tick!!!
 INFO LOG: May_24_20:13: Loading resets.rb
 INFO LOG: May_24_20:13: -- #<Player:0x0000000351bca8>:76.202.141.206:46219 disconnected from CoralMUD!
