 INFO LOG: May__9_01:04: Logging enabled.   Loading logs.rb.
 INFO LOG: May__9_01:04: Loading facade.rb
 INFO LOG: May__9_01:04: Loading query_list.rb
 INFO LOG: May__9_01:04: Loading utils.rb
 INFO LOG: May__9_01:04: Loading constants.rb
 INFO LOG: May__9_01:04: Loading damage.rb
 INFO LOG: May__9_01:04: Loading class_property.rb
 INFO LOG: May__9_01:04: Loading scripts.rb
 INFO LOG: May__9_01:04: Loading tags.rb
 INFO LOG: May__9_01:04: Loading editor/editors.rb
 INFO LOG: May__9_01:04: Loading editor/editor.strings.rb
 INFO LOG: May__9_01:04: Loading editor/editor.rooms.rb
 INFO LOG: May__9_01:04: Loading editor/editor.exits.rb
 INFO LOG: May__9_01:04: Loading editor/editor.zones.rb
 INFO LOG: May__9_01:04: Loading editor/editor.npc.rb
 INFO LOG: May__9_01:04: Loading editor/editor.items.rb
 INFO LOG: May__9_01:04: Loading mxp.rb
 INFO LOG: May__9_01:04: Loading mccp.rb
 INFO LOG: May__9_01:04: Loading flags.rb
 INFO LOG: May__9_01:04: Loading areas.rb
 INFO LOG: May__9_01:04: Loading event.rb
 INFO LOG: May__9_01:04: Loading automap/automap.rb
 INFO LOG: May__9_01:04: Loading cities.olc.rb
 INFO LOG: May__9_01:04: Loading cities.rb
 INFO LOG: May__9_01:04: Loading sector definitions.
 INFO LOG: May__9_01:04: Loading help.rb
 INFO LOG: May__9_01:04: Loading imcruby.rb
 INFO LOG: May__9_01:04: Loading player.rb
 INFO LOG: May__9_01:04: Loading commands.rb
 INFO LOG: May__9_01:04: Loading random.rb
 INFO LOG: May__9_01:04: Loading npc.rb
 INFO LOG: May__9_01:04: Loading items.rb
 INFO LOG: May__9_01:04: Loading spells.rb
 INFO LOG: May__9_01:04: Loading all zones.
 INFO LOG: May__9_01:04: Starting server.
 INFO LOG: May__9_01:04: CoralMUD is now up on port 4000.
 INFO LOG: May__9_01:06: -- 76.202.141.206:43987 connected to CoralMUD!
 INFO LOG: May__9_01:06: -- 76.202.141.206:43987: Retnur is trying to connect.
 INFO LOG: May__9_01:06: -- 76.202.141.206:43987: Retnur player file found.
 INFO LOG: May__9_01:06: tick!!!
 INFO LOG: May__9_01:06: -- Retnur has entered the game.
 INFO LOG: May__9_01:08: tick!!!
 INFO LOG: May__9_01:10: tick!!!
 INFO LOG: May__9_01:12: tick!!!
 INFO LOG: May__9_01:14: tick!!!
 INFO LOG: May__9_01:16: tick!!!
 INFO LOG: May__9_01:18: tick!!!
 INFO LOG: May__9_01:20: tick!!!
 INFO LOG: May__9_01:22: tick!!!
 INFO LOG: May__9_01:24: tick!!!
 INFO LOG: May__9_01:26: tick!!!
 INFO LOG: May__9_01:28: tick!!!
 INFO LOG: May__9_01:30: tick!!!
 INFO LOG: May__9_01:32: tick!!!
 INFO LOG: May__9_01:34: tick!!!
 INFO LOG: May__9_01:36: tick!!!
 INFO LOG: May__9_01:38: tick!!!
 INFO LOG: May__9_01:40: tick!!!
 INFO LOG: May__9_01:42: tick!!!
 INFO LOG: May__9_01:44: tick!!!
 INFO LOG: May__9_01:46: tick!!!
 INFO LOG: May__9_01:48: tick!!!
 INFO LOG: May__9_01:50: tick!!!
 INFO LOG: May__9_01:52: tick!!!
 INFO LOG: May__9_01:54: tick!!!
 INFO LOG: May__9_01:56: tick!!!
 INFO LOG: May__9_01:58: tick!!!
 INFO LOG: May__9_02:00: tick!!!
 INFO LOG: May__9_02:02: tick!!!
 INFO LOG: May__9_02:04: tick!!!
 INFO LOG: May__9_02:06: tick!!!
 INFO LOG: May__9_02:08: tick!!!
 INFO LOG: May__9_02:10: tick!!!
 INFO LOG: May__9_02:12: tick!!!
 INFO LOG: May__9_02:14: tick!!!
 INFO LOG: May__9_02:16: tick!!!
 INFO LOG: May__9_02:18: tick!!!
 INFO LOG: May__9_02:20: tick!!!
 INFO LOG: May__9_02:22: tick!!!
 INFO LOG: May__9_02:24: tick!!!
 INFO LOG: May__9_02:26: tick!!!
 INFO LOG: May__9_02:28: tick!!!
 INFO LOG: May__9_02:30: tick!!!
 INFO LOG: May__9_02:32: tick!!!
 INFO LOG: May__9_02:34: tick!!!
 INFO LOG: May__9_02:36: tick!!!
 INFO LOG: May__9_02:38: tick!!!
 INFO LOG: May__9_02:40: tick!!!
 INFO LOG: May__9_02:42: tick!!!
 INFO LOG: May__9_02:44: tick!!!
 INFO LOG: May__9_02:46: tick!!!
 INFO LOG: May__9_02:48: tick!!!
 INFO LOG: May__9_02:50: tick!!!
 INFO LOG: May__9_02:52: tick!!!
 INFO LOG: May__9_02:54: tick!!!
 INFO LOG: May__9_02:56: tick!!!
 INFO LOG: May__9_02:58: tick!!!
 INFO LOG: May__9_03:00: tick!!!
 INFO LOG: May__9_03:02: tick!!!
 INFO LOG: May__9_03:04: tick!!!
 INFO LOG: May__9_03:06: tick!!!
 INFO LOG: May__9_03:08: tick!!!
 INFO LOG: May__9_03:10: tick!!!
 INFO LOG: May__9_03:12: tick!!!
 INFO LOG: May__9_03:14: tick!!!
 INFO LOG: May__9_03:16: tick!!!
 INFO LOG: May__9_03:18: tick!!!
 INFO LOG: May__9_03:20: tick!!!
 INFO LOG: May__9_03:22: tick!!!
 INFO LOG: May__9_03:24: tick!!!
 INFO LOG: May__9_03:26: tick!!!
 INFO LOG: May__9_03:28: tick!!!
 INFO LOG: May__9_03:30: tick!!!
 INFO LOG: May__9_03:32: tick!!!
 INFO LOG: May__9_03:34: tick!!!
 INFO LOG: May__9_03:36: tick!!!
 INFO LOG: May__9_03:38: tick!!!
 INFO LOG: May__9_03:40: tick!!!
 INFO LOG: May__9_03:42: tick!!!
 INFO LOG: May__9_03:44: tick!!!
 INFO LOG: May__9_03:46: tick!!!
 INFO LOG: May__9_03:48: tick!!!
 INFO LOG: May__9_03:50: tick!!!
 INFO LOG: May__9_03:52: tick!!!
 INFO LOG: May__9_03:54: tick!!!
 INFO LOG: May__9_03:56: tick!!!
 INFO LOG: May__9_03:58: tick!!!
 INFO LOG: May__9_04:00: tick!!!
 INFO LOG: May__9_04:02: tick!!!
 INFO LOG: May__9_04:04: tick!!!
 INFO LOG: May__9_04:06: tick!!!
 INFO LOG: May__9_04:08: tick!!!
 INFO LOG: May__9_04:10: tick!!!
 INFO LOG: May__9_04:12: tick!!!
 INFO LOG: May__9_04:14: tick!!!
 INFO LOG: May__9_04:16: tick!!!
 INFO LOG: May__9_04:18: tick!!!
 INFO LOG: May__9_04:20: tick!!!
 INFO LOG: May__9_04:22: tick!!!
 INFO LOG: May__9_04:24: tick!!!
 INFO LOG: May__9_04:26: tick!!!
 INFO LOG: May__9_04:28: tick!!!
 INFO LOG: May__9_04:30: tick!!!
 INFO LOG: May__9_04:32: tick!!!
 INFO LOG: May__9_04:34: tick!!!
 INFO LOG: May__9_04:36: tick!!!
 INFO LOG: May__9_04:38: tick!!!
 INFO LOG: May__9_04:40: tick!!!
 INFO LOG: May__9_04:42: tick!!!
 INFO LOG: May__9_04:44: tick!!!
 INFO LOG: May__9_04:46: tick!!!
 INFO LOG: May__9_04:48: tick!!!
 INFO LOG: May__9_04:50: tick!!!
 INFO LOG: May__9_04:52: tick!!!
 INFO LOG: May__9_04:54: tick!!!
 INFO LOG: May__9_04:56: tick!!!
 INFO LOG: May__9_04:58: tick!!!
 INFO LOG: May__9_05:00: tick!!!
 INFO LOG: May__9_05:02: tick!!!
 INFO LOG: May__9_05:04: tick!!!
 INFO LOG: May__9_05:06: tick!!!
 INFO LOG: May__9_05:08: tick!!!
 INFO LOG: May__9_05:10: tick!!!
 INFO LOG: May__9_05:12: -- #<Player:0x00000002b03fe0>:76.202.141.206:43987 disconnected from CoralMUD!
 INFO LOG: May__9_05:12: Logging enabled.   Loading logs.rb.
 INFO LOG: May__9_05:12: Loading facade.rb
 INFO LOG: May__9_05:12: Loading query_list.rb
 INFO LOG: May__9_05:12: Loading utils.rb
 INFO LOG: May__9_05:12: Loading constants.rb
 INFO LOG: May__9_05:12: Loading damage.rb
 INFO LOG: May__9_05:48: Logging enabled.   Loading logs.rb.
 INFO LOG: May__9_05:48: Loading facade.rb
 INFO LOG: May__9_05:48: Loading query_list.rb
 INFO LOG: May__9_05:48: Loading utils.rb
 INFO LOG: May__9_05:48: Loading constants.rb
 INFO LOG: May__9_05:48: Loading damage.rb
 INFO LOG: May__9_05:48: Loading class_property.rb
 INFO LOG: May__9_05:48: Loading scripts.rb
 INFO LOG: May__9_05:48: Loading tags.rb
 INFO LOG: May__9_05:48: Loading editor/editors.rb
 INFO LOG: May__9_05:48: Loading editor/editor.strings.rb
 INFO LOG: May__9_05:48: Loading editor/editor.rooms.rb
 INFO LOG: May__9_05:48: Loading editor/editor.exits.rb
 INFO LOG: May__9_05:48: Loading editor/editor.zones.rb
 INFO LOG: May__9_05:48: Loading editor/editor.npc.rb
 INFO LOG: May__9_05:48: Loading editor/editor.items.rb
 INFO LOG: May__9_05:48: Loading mxp.rb
 INFO LOG: May__9_05:48: Loading mccp.rb
 INFO LOG: May__9_05:48: Loading flags.rb
 INFO LOG: May__9_05:48: Loading areas.rb
 INFO LOG: May__9_05:48: Loading event.rb
 INFO LOG: May__9_05:48: Loading automap/automap.rb
 INFO LOG: May__9_05:48: Loading cities.olc.rb
 INFO LOG: May__9_05:48: Loading cities.rb
 INFO LOG: May__9_05:48: Loading sector definitions.
 INFO LOG: May__9_05:48: Loading help.rb
 INFO LOG: May__9_05:48: Loading imcruby.rb
 INFO LOG: May__9_05:48: Loading player.rb
 INFO LOG: May__9_05:48: Loading commands.rb
 INFO LOG: May__9_05:48: Loading random.rb
 INFO LOG: May__9_05:48: Loading npc.rb
 INFO LOG: May__9_05:48: Loading items.rb
 INFO LOG: May__9_05:48: Loading spells.rb
 INFO LOG: May__9_05:48: Loading all zones.
 INFO LOG: May__9_05:48: Starting server.
 INFO LOG: May__9_05:48: CoralMUD is now up on port 4000.
 INFO LOG: May__9_05:48: -- 76.202.141.206:57161 connected to CoralMUD!
 INFO LOG: May__9_05:48: -- 76.202.141.206:57161: Retnur is trying to connect.
 INFO LOG: May__9_05:48: -- 76.202.141.206:57161: Retnur player file found.
 INFO LOG: May__9_05:48: -- Retnur has entered the game.
ERROR LOG: undefined method `t' for #<NPC:0x000000029bbbd8>
ERROR LOG: /home/heath/coral/lib/facade.rb:44:in `method_missing'
ERROR LOG: /home/heath/coral/lib/damage.rb:27:in `take_damage'
ERROR LOG: /home/heath/coral/lib/commands/hit.rb:8:in `cmd_hit'
ERROR LOG: /home/heath/coral/lib/commands.rb:278:in `execute_command'
ERROR LOG: /home/heath/coral/core/socketengine.rb:170:in `block in handle_cmd_input'
ERROR LOG: /home/heath/coral/core/socketengine.rb:169:in `times'
ERROR LOG: /home/heath/coral/core/socketengine.rb:169:in `handle_cmd_input'
ERROR LOG: /home/heath/coral/core/socketengine.rb:135:in `receive_data'
ERROR LOG: /usr/local/lib/ruby/gems/1.9.1/gems/eventmachine-0.12.8/lib/eventmachine.rb:242:in `run_machine'
ERROR LOG: /usr/local/lib/ruby/gems/1.9.1/gems/eventmachine-0.12.8/lib/eventmachine.rb:242:in `run'
ERROR LOG: coral.rb:170:in `<main>'
 INFO LOG: May__9_05:49: -- #<Player:0x000000026df360>:76.202.141.206:57161 disconnected from CoralMUD!
 INFO LOG: May__9_05:49: Logging enabled.   Loading logs.rb.
 INFO LOG: May__9_05:49: Loading facade.rb
 INFO LOG: May__9_05:49: Loading query_list.rb
 INFO LOG: May__9_05:49: Loading utils.rb
 INFO LOG: May__9_05:49: Loading constants.rb
 INFO LOG: May__9_05:49: Loading damage.rb
 INFO LOG: May__9_05:49: Loading class_property.rb
 INFO LOG: May__9_05:49: Loading scripts.rb
 INFO LOG: May__9_05:49: Loading tags.rb
 INFO LOG: May__9_05:49: Loading editor/editors.rb
 INFO LOG: May__9_05:49: Loading editor/editor.strings.rb
 INFO LOG: May__9_05:49: Loading editor/editor.rooms.rb
 INFO LOG: May__9_05:49: Loading editor/editor.exits.rb
 INFO LOG: May__9_05:49: Loading editor/editor.zones.rb
 INFO LOG: May__9_05:49: Loading editor/editor.npc.rb
 INFO LOG: May__9_05:49: Loading editor/editor.items.rb
 INFO LOG: May__9_05:49: Loading mxp.rb
 INFO LOG: May__9_05:49: Loading mccp.rb
 INFO LOG: May__9_05:49: Loading flags.rb
 INFO LOG: May__9_05:49: Loading areas.rb
 INFO LOG: May__9_05:49: Loading event.rb
 INFO LOG: May__9_05:49: Loading automap/automap.rb
 INFO LOG: May__9_05:49: Loading cities.olc.rb
 INFO LOG: May__9_05:49: Loading cities.rb
 INFO LOG: May__9_05:49: Loading sector definitions.
 INFO LOG: May__9_05:49: Loading help.rb
 INFO LOG: May__9_05:49: Loading imcruby.rb
 INFO LOG: May__9_05:49: Loading player.rb
 INFO LOG: May__9_05:49: Loading commands.rb
 INFO LOG: May__9_05:49: Loading random.rb
 INFO LOG: May__9_05:49: Loading npc.rb
 INFO LOG: May__9_05:49: Loading items.rb
 INFO LOG: May__9_05:49: Loading spells.rb
 INFO LOG: May__9_05:49: Loading all zones.
 INFO LOG: May__9_05:49: Starting server.
 INFO LOG: May__9_05:49: CoralMUD is now up on port 4000.
 INFO LOG: May__9_05:49: -- 76.202.141.206:49940 connected to CoralMUD!
 INFO LOG: May__9_05:49: -- 76.202.141.206:49940: Retnur is trying to connect.
 INFO LOG: May__9_05:49: -- 76.202.141.206:49940: Retnur player file found.
 INFO LOG: May__9_05:49: -- Retnur has entered the game.
ERROR LOG: undefined method `t' for #<NPC:0x000000013677b0>
ERROR LOG: /home/heath/coral/lib/facade.rb:44:in `method_missing'
ERROR LOG: /home/heath/coral/lib/damage.rb:28:in `take_damage'
ERROR LOG: /home/heath/coral/lib/commands/hit.rb:8:in `cmd_hit'
ERROR LOG: /home/heath/coral/lib/commands.rb:278:in `execute_command'
ERROR LOG: /home/heath/coral/core/socketengine.rb:170:in `block in handle_cmd_input'
ERROR LOG: /home/heath/coral/core/socketengine.rb:169:in `times'
ERROR LOG: /home/heath/coral/core/socketengine.rb:169:in `handle_cmd_input'
ERROR LOG: /home/heath/coral/core/socketengine.rb:135:in `receive_data'
ERROR LOG: /usr/local/lib/ruby/gems/1.9.1/gems/eventmachine-0.12.8/lib/eventmachine.rb:242:in `run_machine'
ERROR LOG: /usr/local/lib/ruby/gems/1.9.1/gems/eventmachine-0.12.8/lib/eventmachine.rb:242:in `run'
ERROR LOG: coral.rb:170:in `<main>'
 INFO LOG: May__9_05:50: -- #<Player:0x00000001129458>:76.202.141.206:49940 disconnected from CoralMUD!
 INFO LOG: May__9_05:50: Logging enabled.   Loading logs.rb.
 INFO LOG: May__9_05:50: Loading facade.rb
 INFO LOG: May__9_05:50: Loading query_list.rb
 INFO LOG: May__9_05:50: Loading utils.rb
 INFO LOG: May__9_05:50: Loading constants.rb
 INFO LOG: May__9_05:50: Loading damage.rb
 INFO LOG: May__9_05:50: Loading class_property.rb
 INFO LOG: May__9_05:50: Loading scripts.rb
 INFO LOG: May__9_05:50: Loading tags.rb
 INFO LOG: May__9_05:50: Loading editor/editors.rb
 INFO LOG: May__9_05:50: Loading editor/editor.strings.rb
 INFO LOG: May__9_05:50: Loading editor/editor.rooms.rb
 INFO LOG: May__9_05:50: Loading editor/editor.exits.rb
 INFO LOG: May__9_05:50: Loading editor/editor.zones.rb
 INFO LOG: May__9_05:50: Loading editor/editor.npc.rb
 INFO LOG: May__9_05:50: Loading editor/editor.items.rb
 INFO LOG: May__9_05:50: Loading mxp.rb
 INFO LOG: May__9_05:50: Loading mccp.rb
 INFO LOG: May__9_05:50: Loading flags.rb
 INFO LOG: May__9_05:50: Loading areas.rb
 INFO LOG: May__9_05:50: Loading event.rb
 INFO LOG: May__9_05:50: Loading automap/automap.rb
 INFO LOG: May__9_05:50: Loading cities.olc.rb
 INFO LOG: May__9_05:50: Loading cities.rb
 INFO LOG: May__9_05:50: Loading sector definitions.
 INFO LOG: May__9_05:50: Loading help.rb
 INFO LOG: May__9_05:50: Loading imcruby.rb
 INFO LOG: May__9_05:50: Loading player.rb
 INFO LOG: May__9_05:50: Loading commands.rb
 INFO LOG: May__9_05:50: Loading random.rb
 INFO LOG: May__9_05:50: Loading npc.rb
 INFO LOG: May__9_05:50: Loading items.rb
 INFO LOG: May__9_05:50: Loading spells.rb
 INFO LOG: May__9_05:50: Loading all zones.
 INFO LOG: May__9_05:50: Starting server.
 INFO LOG: May__9_05:50: CoralMUD is now up on port 4000.
 INFO LOG: May__9_05:50: -- 76.202.141.206:58900 connected to CoralMUD!
 INFO LOG: May__9_05:50: -- 76.202.141.206:58900: Retnur is trying to connect.
 INFO LOG: May__9_05:50: -- 76.202.141.206:58900: Retnur player file found.
 INFO LOG: May__9_05:50: -- Retnur has entered the game.
 INFO LOG: May__9_05:51: Loading query_list.rb
 INFO LOG: May__9_05:52: tick!!!
 INFO LOG: May__9_05:54: tick!!!
 INFO LOG: May__9_05:56: tick!!!
 INFO LOG: May__9_05:58: tick!!!
 INFO LOG: May__9_05:59: -- #<Player:0x000000011503c8>:76.202.141.206:58900 disconnected from CoralMUD!
 INFO LOG: May__9_05:59: Logging enabled.   Loading logs.rb.
 INFO LOG: May__9_05:59: Loading facade.rb
 INFO LOG: May__9_05:59: Loading query_list.rb
 INFO LOG: May__9_05:59: Loading utils.rb
 INFO LOG: May__9_05:59: Logging enabled.   Loading logs.rb.
 INFO LOG: May__9_05:59: Loading facade.rb
 INFO LOG: May__9_05:59: Loading query_list.rb
 INFO LOG: May__9_05:59: Loading utils.rb
 INFO LOG: May__9_06:00: Logging enabled.   Loading logs.rb.
 INFO LOG: May__9_06:00: Loading facade.rb
 INFO LOG: May__9_06:00: Loading query_list.rb
 INFO LOG: May__9_06:00: Loading utils.rb
 INFO LOG: May__9_06:00: Loading constants.rb
 INFO LOG: May__9_06:00: Loading damage.rb
 INFO LOG: May__9_06:00: Loading class_property.rb
 INFO LOG: May__9_06:00: Loading scripts.rb
 INFO LOG: May__9_06:00: Loading tags.rb
 INFO LOG: May__9_06:00: Loading editor/editors.rb
 INFO LOG: May__9_06:00: Loading editor/editor.strings.rb
 INFO LOG: May__9_06:00: Loading editor/editor.rooms.rb
 INFO LOG: May__9_06:00: Loading editor/editor.exits.rb
 INFO LOG: May__9_06:00: Loading editor/editor.zones.rb
 INFO LOG: May__9_06:00: Loading editor/editor.npc.rb
 INFO LOG: May__9_06:00: Loading editor/editor.items.rb
 INFO LOG: May__9_06:00: Loading mxp.rb
 INFO LOG: May__9_06:00: Loading mccp.rb
 INFO LOG: May__9_06:00: Loading flags.rb
 INFO LOG: May__9_06:00: Loading areas.rb
 INFO LOG: May__9_06:00: Loading event.rb
 INFO LOG: May__9_06:00: Loading automap/automap.rb
 INFO LOG: May__9_06:00: Loading cities.olc.rb
 INFO LOG: May__9_06:00: Loading cities.rb
 INFO LOG: May__9_06:00: Loading sector definitions.
 INFO LOG: May__9_06:00: Loading help.rb
 INFO LOG: May__9_06:00: Loading imcruby.rb
 INFO LOG: May__9_06:00: Loading player.rb
 INFO LOG: May__9_06:00: Loading commands.rb
 INFO LOG: May__9_06:00: Loading random.rb
 INFO LOG: May__9_06:00: Loading npc.rb
 INFO LOG: May__9_06:00: Loading items.rb
 INFO LOG: May__9_06:00: Loading spells.rb
 INFO LOG: May__9_06:00: Loading all zones.
 INFO LOG: May__9_06:00: Starting server.
 INFO LOG: May__9_06:00: CoralMUD is now up on port 4000.
 INFO LOG: May__9_06:00: -- 76.202.141.206:45918 connected to CoralMUD!
 INFO LOG: May__9_06:00: -- 76.202.141.206:45918: Retnur is trying to connect.
 INFO LOG: May__9_06:00: -- 76.202.141.206:45918: Retnur player file found.
 INFO LOG: May__9_06:00: -- Retnur has entered the game.
 INFO LOG: May__9_06:02: tick!!!
 INFO LOG: May__9_06:04: tick!!!
 INFO LOG: May__9_06:06: -- #<Player:0x0000000182e938>:76.202.141.206:45918 disconnected from CoralMUD!
 INFO LOG: May__9_06:06: Logging enabled.   Loading logs.rb.
 INFO LOG: May__9_06:06: Loading facade.rb
 INFO LOG: May__9_06:06: Loading query_list.rb
 INFO LOG: May__9_06:06: Loading utils.rb
 INFO LOG: May__9_06:06: Loading constants.rb
 INFO LOG: May__9_06:06: Loading damage.rb
 INFO LOG: May__9_06:06: Loading class_property.rb
 INFO LOG: May__9_06:06: Loading scripts.rb
 INFO LOG: May__9_06:06: Loading tags.rb
 INFO LOG: May__9_06:06: Loading editor/editors.rb
 INFO LOG: May__9_06:06: Loading editor/editor.strings.rb
 INFO LOG: May__9_06:06: Loading editor/editor.rooms.rb
 INFO LOG: May__9_06:06: Loading editor/editor.exits.rb
 INFO LOG: May__9_06:06: Loading editor/editor.zones.rb
 INFO LOG: May__9_06:06: Loading editor/editor.npc.rb
 INFO LOG: May__9_06:06: Loading editor/editor.items.rb
 INFO LOG: May__9_06:06: Loading mxp.rb
 INFO LOG: May__9_06:06: Loading mccp.rb
 INFO LOG: May__9_06:06: Loading flags.rb
 INFO LOG: May__9_06:06: Loading areas.rb
 INFO LOG: May__9_06:06: Loading event.rb
 INFO LOG: May__9_06:06: Loading automap/automap.rb
 INFO LOG: May__9_06:06: Loading cities.olc.rb
 INFO LOG: May__9_06:06: Loading cities.rb
 INFO LOG: May__9_06:06: Loading sector definitions.
 INFO LOG: May__9_06:06: Loading help.rb
 INFO LOG: May__9_06:06: Loading imcruby.rb
 INFO LOG: May__9_06:06: Loading player.rb
 INFO LOG: May__9_06:06: Loading commands.rb
 INFO LOG: May__9_06:06: Loading random.rb
 INFO LOG: May__9_06:06: Loading npc.rb
 INFO LOG: May__9_06:06: Loading items.rb
 INFO LOG: May__9_06:06: Loading spells.rb
 INFO LOG: May__9_06:06: Loading all zones.
 INFO LOG: May__9_06:06: Starting server.
 INFO LOG: May__9_06:06: CoralMUD is now up on port 4000.
 INFO LOG: May__9_06:06: -- 76.202.141.206:40414 connected to CoralMUD!
 INFO LOG: May__9_06:06: -- 76.202.141.206:40414: Retnur is trying to connect.
 INFO LOG: May__9_06:06: -- 76.202.141.206:40414: Retnur player file found.
 INFO LOG: May__9_06:06: -- Retnur has entered the game.
 INFO LOG: May__9_06:08: tick!!!
 INFO LOG: May__9_06:09: -- #<Player:0x00000001a10670>:76.202.141.206:40414 disconnected from CoralMUD!
 INFO LOG: May__9_06:09: Logging enabled.   Loading logs.rb.
 INFO LOG: May__9_06:09: Loading facade.rb
 INFO LOG: May__9_06:09: Loading query_list.rb
 INFO LOG: May__9_06:09: Loading utils.rb
 INFO LOG: May__9_06:09: Loading constants.rb
 INFO LOG: May__9_06:09: Loading damage.rb
 INFO LOG: May__9_06:09: Loading class_property.rb
 INFO LOG: May__9_06:09: Loading scripts.rb
 INFO LOG: May__9_06:09: Loading tags.rb
 INFO LOG: May__9_06:09: Loading editor/editors.rb
 INFO LOG: May__9_06:09: Loading editor/editor.strings.rb
 INFO LOG: May__9_06:09: Loading editor/editor.rooms.rb
 INFO LOG: May__9_06:09: Loading editor/editor.exits.rb
 INFO LOG: May__9_06:09: Loading editor/editor.zones.rb
 INFO LOG: May__9_06:09: Loading editor/editor.npc.rb
 INFO LOG: May__9_06:09: Loading editor/editor.items.rb
 INFO LOG: May__9_06:09: Loading mxp.rb
 INFO LOG: May__9_06:09: Loading mccp.rb
 INFO LOG: May__9_06:09: Loading flags.rb
 INFO LOG: May__9_06:09: Loading areas.rb
 INFO LOG: May__9_06:09: Loading event.rb
 INFO LOG: May__9_06:09: Loading automap/automap.rb
 INFO LOG: May__9_06:09: Loading cities.olc.rb
 INFO LOG: May__9_06:09: Loading cities.rb
 INFO LOG: May__9_06:09: Loading sector definitions.
 INFO LOG: May__9_06:09: Loading help.rb
 INFO LOG: May__9_06:09: Loading imcruby.rb
 INFO LOG: May__9_06:09: Loading player.rb
 INFO LOG: May__9_06:09: Loading commands.rb
 INFO LOG: May__9_06:09: Loading random.rb
 INFO LOG: May__9_06:09: Loading npc.rb
 INFO LOG: May__9_06:09: Loading items.rb
 INFO LOG: May__9_06:09: Loading spells.rb
 INFO LOG: May__9_06:09: Loading all zones.
 INFO LOG: May__9_06:09: Starting server.
 INFO LOG: May__9_06:09: CoralMUD is now up on port 4000.
 INFO LOG: May__9_06:09: -- 76.202.141.206:41092 connected to CoralMUD!
 INFO LOG: May__9_06:09: -- 76.202.141.206:41092: Retnur is trying to connect.
 INFO LOG: May__9_06:09: -- 76.202.141.206:41092: Retnur player file found.
 INFO LOG: May__9_06:09: -- Retnur has entered the game.
 INFO LOG: May__9_06:11: tick!!!
 INFO LOG: May__9_06:13: tick!!!
 INFO LOG: May__9_06:15: tick!!!
 INFO LOG: May__9_06:17: tick!!!
 INFO LOG: May__9_06:19: tick!!!
 INFO LOG: May__9_06:21: tick!!!
 INFO LOG: May__9_06:23: tick!!!
 INFO LOG: May__9_06:25: tick!!!
 INFO LOG: May__9_06:27: tick!!!
 INFO LOG: May__9_06:29: tick!!!
 INFO LOG: May__9_06:31: tick!!!
 INFO LOG: May__9_06:32: -- #<Player:0x00000001935ae8>:76.202.141.206:41092 disconnected from CoralMUD!
 INFO LOG: May__9_06:32: Logging enabled.   Loading logs.rb.
 INFO LOG: May__9_06:32: Loading facade.rb
 INFO LOG: May__9_06:32: Loading query_list.rb
 INFO LOG: May__9_06:32: Loading utils.rb
 INFO LOG: May__9_06:32: Loading constants.rb
 INFO LOG: May__9_06:32: Loading damage.rb
 INFO LOG: May__9_06:32: Loading class_property.rb
 INFO LOG: May__9_06:32: Loading scripts.rb
 INFO LOG: May__9_06:32: Loading tags.rb
 INFO LOG: May__9_06:32: Loading editor/editors.rb
 INFO LOG: May__9_06:32: Loading editor/editor.strings.rb
 INFO LOG: May__9_06:32: Loading editor/editor.rooms.rb
 INFO LOG: May__9_06:32: Loading editor/editor.exits.rb
 INFO LOG: May__9_06:32: Loading editor/editor.zones.rb
 INFO LOG: May__9_06:32: Loading editor/editor.npc.rb
 INFO LOG: May__9_06:32: Loading editor/editor.items.rb
 INFO LOG: May__9_06:32: Loading mxp.rb
 INFO LOG: May__9_06:32: Loading mccp.rb
 INFO LOG: May__9_06:32: Loading flags.rb
 INFO LOG: May__9_06:32: Loading areas.rb
 INFO LOG: May__9_06:32: Loading event.rb
 INFO LOG: May__9_06:32: Loading automap/automap.rb
 INFO LOG: May__9_06:32: Loading cities.olc.rb
 INFO LOG: May__9_06:32: Loading cities.rb
 INFO LOG: May__9_06:32: Loading sector definitions.
 INFO LOG: May__9_06:32: Loading help.rb
 INFO LOG: May__9_06:32: Loading imcruby.rb
 INFO LOG: May__9_06:32: Loading player.rb
 INFO LOG: May__9_06:32: Loading commands.rb
 INFO LOG: May__9_06:32: Loading random.rb
 INFO LOG: May__9_06:32: Loading npc.rb
 INFO LOG: May__9_06:32: Loading items.rb
 INFO LOG: May__9_06:32: Loading spells.rb
 INFO LOG: May__9_06:32: Loading all zones.
 INFO LOG: May__9_06:32: Starting server.
 INFO LOG: May__9_06:32: CoralMUD is now up on port 4000.
 INFO LOG: May__9_06:32: -- 76.202.141.206:47102 connected to CoralMUD!
 INFO LOG: May__9_06:32: -- 76.202.141.206:47102: Retnur is trying to connect.
 INFO LOG: May__9_06:32: -- 76.202.141.206:47102: Retnur player file found.
 INFO LOG: May__9_06:32: -- Retnur has entered the game.
 INFO LOG: May__9_06:34: tick!!!
 INFO LOG: May__9_06:35: -- #<Player:0x00000002151600>:76.202.141.206:47102 disconnected from CoralMUD!
 INFO LOG: May__9_06:35: Logging enabled.   Loading logs.rb.
 INFO LOG: May__9_06:35: Loading facade.rb
 INFO LOG: May__9_06:35: Loading query_list.rb
 INFO LOG: May__9_06:35: Loading utils.rb
 INFO LOG: May__9_06:35: Loading constants.rb
 INFO LOG: May__9_06:35: Loading damage.rb
 INFO LOG: May__9_06:35: Loading class_property.rb
 INFO LOG: May__9_06:35: Loading scripts.rb
 INFO LOG: May__9_06:35: Loading tags.rb
 INFO LOG: May__9_06:35: Loading editor/editors.rb
 INFO LOG: May__9_06:35: Loading editor/editor.strings.rb
 INFO LOG: May__9_06:35: Loading editor/editor.rooms.rb
 INFO LOG: May__9_06:35: Loading editor/editor.exits.rb
 INFO LOG: May__9_06:35: Loading editor/editor.zones.rb
 INFO LOG: May__9_06:35: Loading editor/editor.npc.rb
 INFO LOG: May__9_06:35: Loading editor/editor.items.rb
 INFO LOG: May__9_06:35: Loading mxp.rb
 INFO LOG: May__9_06:35: Loading mccp.rb
 INFO LOG: May__9_06:35: Loading flags.rb
 INFO LOG: May__9_06:35: Loading areas.rb
 INFO LOG: May__9_06:35: Loading event.rb
 INFO LOG: May__9_06:35: Loading automap/automap.rb
 INFO LOG: May__9_06:35: Loading cities.olc.rb
 INFO LOG: May__9_06:35: Loading cities.rb
 INFO LOG: May__9_06:35: Loading sector definitions.
 INFO LOG: May__9_06:35: Loading help.rb
 INFO LOG: May__9_06:35: Loading imcruby.rb
 INFO LOG: May__9_06:35: Loading player.rb
 INFO LOG: May__9_06:35: Loading commands.rb
 INFO LOG: May__9_06:35: Loading random.rb
 INFO LOG: May__9_06:35: Loading npc.rb
 INFO LOG: May__9_06:35: Loading items.rb
 INFO LOG: May__9_06:35: Loading spells.rb
 INFO LOG: May__9_06:35: Loading all zones.
 INFO LOG: May__9_06:35: Starting server.
 INFO LOG: May__9_06:35: CoralMUD is now up on port 4000.
 INFO LOG: May__9_06:35: -- 76.202.141.206:41416 connected to CoralMUD!
 INFO LOG: May__9_06:36: -- 76.202.141.206:41416: Retnur is trying to connect.
 INFO LOG: May__9_06:36: -- 76.202.141.206:41416: Retnur player file found.
 INFO LOG: May__9_06:36: -- Retnur has entered the game.
 INFO LOG: May__9_06:37: tick!!!
 INFO LOG: May__9_06:39: tick!!!
 INFO LOG: May__9_06:40: -- #<Player:0x0000000193ade0>:76.202.141.206:41416 disconnected from CoralMUD!
 INFO LOG: May__9_06:40: Logging enabled.   Loading logs.rb.
 INFO LOG: May__9_06:40: Loading facade.rb
 INFO LOG: May__9_06:40: Loading query_list.rb
 INFO LOG: May__9_06:40: Loading utils.rb
 INFO LOG: May__9_06:40: Loading constants.rb
 INFO LOG: May__9_06:40: Loading damage.rb
 INFO LOG: May__9_06:40: Loading class_property.rb
 INFO LOG: May__9_06:40: Loading scripts.rb
 INFO LOG: May__9_06:40: Loading tags.rb
 INFO LOG: May__9_06:40: Loading editor/editors.rb
 INFO LOG: May__9_06:40: Loading editor/editor.strings.rb
 INFO LOG: May__9_06:40: Loading editor/editor.rooms.rb
 INFO LOG: May__9_06:40: Loading editor/editor.exits.rb
 INFO LOG: May__9_06:40: Loading editor/editor.zones.rb
 INFO LOG: May__9_06:40: Loading editor/editor.npc.rb
 INFO LOG: May__9_06:40: Loading editor/editor.items.rb
 INFO LOG: May__9_06:40: Loading mxp.rb
 INFO LOG: May__9_06:40: Loading mccp.rb
 INFO LOG: May__9_06:40: Loading flags.rb
 INFO LOG: May__9_06:40: Loading areas.rb
 INFO LOG: May__9_06:40: Loading event.rb
 INFO LOG: May__9_06:40: Loading automap/automap.rb
 INFO LOG: May__9_06:40: Loading cities.olc.rb
 INFO LOG: May__9_06:40: Loading cities.rb
 INFO LOG: May__9_06:40: Loading sector definitions.
 INFO LOG: May__9_06:40: Loading help.rb
 INFO LOG: May__9_06:40: Loading imcruby.rb
 INFO LOG: May__9_06:40: Loading player.rb
 INFO LOG: May__9_06:40: Loading commands.rb
 INFO LOG: May__9_06:40: Loading random.rb
 INFO LOG: May__9_06:40: Loading npc.rb
 INFO LOG: May__9_06:40: Loading items.rb
 INFO LOG: May__9_06:40: Loading spells.rb
 INFO LOG: May__9_06:40: Loading all zones.
 INFO LOG: May__9_06:40: Starting server.
 INFO LOG: May__9_06:40: CoralMUD is now up on port 4000.
 INFO LOG: May__9_06:40: -- 76.202.141.206:42466 connected to CoralMUD!
 INFO LOG: May__9_06:40: -- 76.202.141.206:42466: Retnur is trying to connect.
 INFO LOG: May__9_06:40: -- 76.202.141.206:42466: Retnur player file found.
 INFO LOG: May__9_06:40: -- Retnur has entered the game.
 INFO LOG: May__9_06:41: -- #<Player:0x00000001680e60>:76.202.141.206:42466 disconnected from CoralMUD!
 INFO LOG: May__9_06:41: Logging enabled.   Loading logs.rb.
 INFO LOG: May__9_06:41: Loading facade.rb
 INFO LOG: May__9_06:41: Loading query_list.rb
 INFO LOG: May__9_06:41: Loading utils.rb
 INFO LOG: May__9_06:41: Loading constants.rb
 INFO LOG: May__9_06:41: Loading damage.rb
 INFO LOG: May__9_06:41: Loading class_property.rb
 INFO LOG: May__9_06:41: Loading scripts.rb
 INFO LOG: May__9_06:41: Loading tags.rb
 INFO LOG: May__9_06:41: Loading editor/editors.rb
 INFO LOG: May__9_06:41: Loading editor/editor.strings.rb
 INFO LOG: May__9_06:41: Loading editor/editor.rooms.rb
 INFO LOG: May__9_06:41: Loading editor/editor.exits.rb
 INFO LOG: May__9_06:41: Loading editor/editor.zones.rb
 INFO LOG: May__9_06:41: Loading editor/editor.npc.rb
 INFO LOG: May__9_06:41: Loading editor/editor.items.rb
 INFO LOG: May__9_06:41: Loading mxp.rb
 INFO LOG: May__9_06:41: Loading mccp.rb
 INFO LOG: May__9_06:41: Loading flags.rb
 INFO LOG: May__9_06:41: Loading areas.rb
 INFO LOG: May__9_06:41: Loading event.rb
 INFO LOG: May__9_06:41: Loading automap/automap.rb
 INFO LOG: May__9_06:41: Loading cities.olc.rb
 INFO LOG: May__9_06:41: Loading cities.rb
 INFO LOG: May__9_06:41: Loading sector definitions.
 INFO LOG: May__9_06:41: Loading help.rb
 INFO LOG: May__9_06:41: Loading imcruby.rb
 INFO LOG: May__9_06:41: Loading player.rb
 INFO LOG: May__9_06:41: Loading commands.rb
 INFO LOG: May__9_06:41: Loading random.rb
 INFO LOG: May__9_06:41: Loading npc.rb
 INFO LOG: May__9_06:41: Loading items.rb
 INFO LOG: May__9_06:41: Loading spells.rb
 INFO LOG: May__9_06:41: Loading all zones.
 INFO LOG: May__9_06:41: Starting server.
 INFO LOG: May__9_06:41: CoralMUD is now up on port 4000.
 INFO LOG: May__9_06:41: -- 76.202.141.206:35248 connected to CoralMUD!
 INFO LOG: May__9_06:41: -- 76.202.141.206:35248: Retnur is trying to connect.
 INFO LOG: May__9_06:41: -- 76.202.141.206:35248: Retnur player file found.
 INFO LOG: May__9_06:41: -- Retnur has entered the game.
ERROR LOG: uninitialized constant CoralMUD::LivingEntity::Npc
ERROR LOG: /home/heath/coral/lib/class_property.rb:20:in `is_npc?'
ERROR LOG: /home/heath/coral/lib/damage.rb:46:in `take_damage'
ERROR LOG: /home/heath/coral/lib/commands/hit.rb:8:in `block in cmd_hit'
ERROR LOG: /home/heath/coral/lib/commands/hit.rb:7:in `each'
ERROR LOG: /home/heath/coral/lib/commands/hit.rb:7:in `cmd_hit'
ERROR LOG: /home/heath/coral/lib/commands.rb:278:in `execute_command'
ERROR LOG: /home/heath/coral/core/socketengine.rb:170:in `block in handle_cmd_input'
ERROR LOG: /home/heath/coral/core/socketengine.rb:169:in `times'
ERROR LOG: /home/heath/coral/core/socketengine.rb:169:in `handle_cmd_input'
ERROR LOG: /home/heath/coral/core/socketengine.rb:135:in `receive_data'
ERROR LOG: /usr/local/lib/ruby/gems/1.9.1/gems/eventmachine-0.12.8/lib/eventmachine.rb:242:in `run_machine'
ERROR LOG: /usr/local/lib/ruby/gems/1.9.1/gems/eventmachine-0.12.8/lib/eventmachine.rb:242:in `run'
ERROR LOG: coral.rb:170:in `<main>'
 INFO LOG: May__9_06:42: -- #<Player:0x00000001ac2280>:76.202.141.206:35248 disconnected from CoralMUD!
 INFO LOG: May__9_06:42: Logging enabled.   Loading logs.rb.
 INFO LOG: May__9_06:42: Loading facade.rb
 INFO LOG: May__9_06:42: Loading query_list.rb
 INFO LOG: May__9_06:42: Loading utils.rb
 INFO LOG: May__9_06:42: Loading constants.rb
 INFO LOG: May__9_06:42: Loading damage.rb
 INFO LOG: May__9_06:42: Loading class_property.rb
 INFO LOG: May__9_06:42: Loading scripts.rb
 INFO LOG: May__9_06:42: Loading tags.rb
 INFO LOG: May__9_06:42: Loading editor/editors.rb
 INFO LOG: May__9_06:42: Loading editor/editor.strings.rb
 INFO LOG: May__9_06:42: Loading editor/editor.rooms.rb
 INFO LOG: May__9_06:42: Loading editor/editor.exits.rb
 INFO LOG: May__9_06:42: Loading editor/editor.zones.rb
 INFO LOG: May__9_06:42: Loading editor/editor.npc.rb
 INFO LOG: May__9_06:42: Loading editor/editor.items.rb
 INFO LOG: May__9_06:42: Loading mxp.rb
 INFO LOG: May__9_06:42: Loading mccp.rb
 INFO LOG: May__9_06:42: Loading flags.rb
 INFO LOG: May__9_06:42: Loading areas.rb
 INFO LOG: May__9_06:42: Loading event.rb
 INFO LOG: May__9_06:42: Loading automap/automap.rb
 INFO LOG: May__9_06:42: Loading cities.olc.rb
 INFO LOG: May__9_06:42: Loading cities.rb
 INFO LOG: May__9_06:42: Loading sector definitions.
 INFO LOG: May__9_06:42: Loading help.rb
 INFO LOG: May__9_06:42: Loading imcruby.rb
 INFO LOG: May__9_06:42: Loading player.rb
 INFO LOG: May__9_06:42: Loading commands.rb
 INFO LOG: May__9_06:42: Loading random.rb
 INFO LOG: May__9_06:42: Loading npc.rb
 INFO LOG: May__9_06:42: Loading items.rb
 INFO LOG: May__9_06:42: Loading spells.rb
 INFO LOG: May__9_06:42: Loading all zones.
 INFO LOG: May__9_06:42: Starting server.
 INFO LOG: May__9_06:42: CoralMUD is now up on port 4000.
 INFO LOG: May__9_06:42: -- 76.202.141.206:49341 connected to CoralMUD!
 INFO LOG: May__9_06:42: -- 76.202.141.206:49341: Retnur is trying to connect.
 INFO LOG: May__9_06:42: -- 76.202.141.206:49341: Retnur player file found.
 INFO LOG: May__9_06:42: -- Retnur has entered the game.
 INFO LOG: May__9_06:44: -- #<Player:0x0000000237ee50>:76.202.141.206:49341 disconnected from CoralMUD!
 INFO LOG: May__9_06:44: Logging enabled.   Loading logs.rb.
 INFO LOG: May__9_06:44: Loading facade.rb
 INFO LOG: May__9_06:44: Loading query_list.rb
 INFO LOG: May__9_06:44: Loading utils.rb
 INFO LOG: May__9_06:44: Loading constants.rb
 INFO LOG: May__9_06:44: Loading damage.rb
 INFO LOG: May__9_06:44: Loading class_property.rb
 INFO LOG: May__9_06:44: Loading scripts.rb
 INFO LOG: May__9_06:44: Loading tags.rb
 INFO LOG: May__9_06:44: Loading editor/editors.rb
 INFO LOG: May__9_06:44: Loading editor/editor.strings.rb
 INFO LOG: May__9_06:44: Loading editor/editor.rooms.rb
 INFO LOG: May__9_06:44: Loading editor/editor.exits.rb
 INFO LOG: May__9_06:44: Loading editor/editor.zones.rb
 INFO LOG: May__9_06:44: Loading editor/editor.npc.rb
 INFO LOG: May__9_06:44: Loading editor/editor.items.rb
 INFO LOG: May__9_06:44: Loading mxp.rb
 INFO LOG: May__9_06:44: Loading mccp.rb
 INFO LOG: May__9_06:44: Loading flags.rb
 INFO LOG: May__9_06:44: Loading areas.rb
 INFO LOG: May__9_06:44: Loading event.rb
 INFO LOG: May__9_06:44: Loading automap/automap.rb
 INFO LOG: May__9_06:44: Loading cities.olc.rb
 INFO LOG: May__9_06:44: Loading cities.rb
 INFO LOG: May__9_06:44: Loading sector definitions.
 INFO LOG: May__9_06:44: Loading help.rb
 INFO LOG: May__9_06:44: Loading imcruby.rb
 INFO LOG: May__9_06:44: Loading player.rb
 INFO LOG: May__9_06:44: Loading commands.rb
 INFO LOG: May__9_06:44: Loading random.rb
 INFO LOG: May__9_06:44: Loading npc.rb
 INFO LOG: May__9_06:44: Loading items.rb
 INFO LOG: May__9_06:44: Loading spells.rb
 INFO LOG: May__9_06:44: Loading all zones.
 INFO LOG: May__9_06:44: Starting server.
 INFO LOG: May__9_06:44: CoralMUD is now up on port 4000.
 INFO LOG: May__9_06:44: -- 76.202.141.206:60994 connected to CoralMUD!
 INFO LOG: May__9_06:44: -- 76.202.141.206:60994: Retnur is trying to connect.
 INFO LOG: May__9_06:44: -- 76.202.141.206:60994: Retnur player file found.
 INFO LOG: May__9_06:44: -- Retnur has entered the game.
 INFO LOG: May__9_06:46: tick!!!
 INFO LOG: May__9_06:48: -- #<Player:0x00000002541468>:76.202.141.206:60994 disconnected from CoralMUD!
 INFO LOG: May__9_06:48: Logging enabled.   Loading logs.rb.
 INFO LOG: May__9_06:48: Loading facade.rb
 INFO LOG: May__9_06:48: Loading query_list.rb
 INFO LOG: May__9_06:48: Loading utils.rb
 INFO LOG: May__9_06:48: Loading constants.rb
 INFO LOG: May__9_06:48: Loading damage.rb
 INFO LOG: May__9_06:48: Loading class_property.rb
 INFO LOG: May__9_06:48: Loading scripts.rb
 INFO LOG: May__9_06:48: Loading tags.rb
 INFO LOG: May__9_06:48: Loading editor/editors.rb
 INFO LOG: May__9_06:48: Loading editor/editor.strings.rb
 INFO LOG: May__9_06:48: Loading editor/editor.rooms.rb
 INFO LOG: May__9_06:48: Loading editor/editor.exits.rb
 INFO LOG: May__9_06:48: Loading editor/editor.zones.rb
 INFO LOG: May__9_06:48: Loading editor/editor.npc.rb
 INFO LOG: May__9_06:48: Loading editor/editor.items.rb
 INFO LOG: May__9_06:48: Loading mxp.rb
 INFO LOG: May__9_06:48: Loading mccp.rb
 INFO LOG: May__9_06:48: Loading flags.rb
 INFO LOG: May__9_06:48: Loading areas.rb
 INFO LOG: May__9_06:48: Loading event.rb
 INFO LOG: May__9_06:48: Loading automap/automap.rb
 INFO LOG: May__9_06:48: Loading cities.olc.rb
 INFO LOG: May__9_06:48: Loading cities.rb
 INFO LOG: May__9_06:48: Loading sector definitions.
 INFO LOG: May__9_06:48: Loading help.rb
 INFO LOG: May__9_06:48: Loading imcruby.rb
 INFO LOG: May__9_06:48: Loading player.rb
 INFO LOG: May__9_06:48: Loading commands.rb
 INFO LOG: May__9_06:48: Loading random.rb
 INFO LOG: May__9_06:48: Loading npc.rb
 INFO LOG: May__9_06:48: Loading items.rb
 INFO LOG: May__9_06:48: Loading spells.rb
 INFO LOG: May__9_06:48: Loading all zones.
 INFO LOG: May__9_06:48: Starting server.
 INFO LOG: May__9_06:48: CoralMUD is now up on port 4000.
 INFO LOG: May__9_06:48: -- 76.202.141.206:54929 connected to CoralMUD!
 INFO LOG: May__9_06:48: -- 76.202.141.206:54929: Retnur is trying to connect.
 INFO LOG: May__9_06:48: -- 76.202.141.206:54929: Retnur player file found.
 INFO LOG: May__9_06:48: -- Retnur has entered the game.
 INFO LOG: May__9_06:49: -- #<Player:0x00000001fb4540>:76.202.141.206:54929 disconnected from CoralMUD!
 INFO LOG: May__9_06:49: Logging enabled.   Loading logs.rb.
 INFO LOG: May__9_06:49: Loading facade.rb
 INFO LOG: May__9_06:49: Loading query_list.rb
 INFO LOG: May__9_06:49: Loading utils.rb
 INFO LOG: May__9_06:49: Loading constants.rb
 INFO LOG: May__9_06:49: Loading damage.rb
 INFO LOG: May__9_06:49: Loading class_property.rb
 INFO LOG: May__9_06:49: Loading scripts.rb
 INFO LOG: May__9_06:49: Loading tags.rb
 INFO LOG: May__9_06:49: Loading editor/editors.rb
 INFO LOG: May__9_06:49: Loading editor/editor.strings.rb
 INFO LOG: May__9_06:49: Loading editor/editor.rooms.rb
 INFO LOG: May__9_06:49: Loading editor/editor.exits.rb
 INFO LOG: May__9_06:49: Loading editor/editor.zones.rb
 INFO LOG: May__9_06:49: Loading editor/editor.npc.rb
 INFO LOG: May__9_06:49: Loading editor/editor.items.rb
 INFO LOG: May__9_06:49: Loading mxp.rb
 INFO LOG: May__9_06:49: Loading mccp.rb
 INFO LOG: May__9_06:49: Loading flags.rb
 INFO LOG: May__9_06:49: Loading areas.rb
 INFO LOG: May__9_06:49: Loading event.rb
 INFO LOG: May__9_06:49: Loading automap/automap.rb
 INFO LOG: May__9_06:49: Loading cities.olc.rb
 INFO LOG: May__9_06:49: Loading cities.rb
 INFO LOG: May__9_06:49: Loading sector definitions.
 INFO LOG: May__9_06:49: Loading help.rb
 INFO LOG: May__9_06:49: Loading imcruby.rb
 INFO LOG: May__9_06:49: Loading player.rb
 INFO LOG: May__9_06:49: Loading commands.rb
 INFO LOG: May__9_06:49: Loading random.rb
 INFO LOG: May__9_06:49: Loading npc.rb
 INFO LOG: May__9_06:49: Loading items.rb
 INFO LOG: May__9_06:49: Loading spells.rb
 INFO LOG: May__9_06:49: Loading all zones.
 INFO LOG: May__9_06:49: Starting server.
 INFO LOG: May__9_06:49: CoralMUD is now up on port 4000.
 INFO LOG: May__9_06:49: -- 76.202.141.206:56722 connected to CoralMUD!
 INFO LOG: May__9_06:49: -- 76.202.141.206:56722: Retnur is trying to connect.
 INFO LOG: May__9_06:49: -- 76.202.141.206:56722: Retnur player file found.
 INFO LOG: May__9_06:49: -- Retnur has entered the game.
ERROR LOG: undefined method `make_corpse' for #<NPC:0x00000001478118>
ERROR LOG: /home/heath/coral/lib/facade.rb:44:in `method_missing'
ERROR LOG: /home/heath/coral/lib/damage.rb:48:in `take_damage'
ERROR LOG: /home/heath/coral/lib/commands/hit.rb:8:in `block in cmd_hit'
ERROR LOG: /home/heath/coral/lib/commands/hit.rb:7:in `each'
ERROR LOG: /home/heath/coral/lib/commands/hit.rb:7:in `cmd_hit'
ERROR LOG: /home/heath/coral/lib/commands.rb:278:in `execute_command'
ERROR LOG: /home/heath/coral/core/socketengine.rb:170:in `block in handle_cmd_input'
ERROR LOG: /home/heath/coral/core/socketengine.rb:169:in `times'
ERROR LOG: /home/heath/coral/core/socketengine.rb:169:in `handle_cmd_input'
ERROR LOG: /home/heath/coral/core/socketengine.rb:135:in `receive_data'
ERROR LOG: /usr/local/lib/ruby/gems/1.9.1/gems/eventmachine-0.12.8/lib/eventmachine.rb:242:in `run_machine'
ERROR LOG: /usr/local/lib/ruby/gems/1.9.1/gems/eventmachine-0.12.8/lib/eventmachine.rb:242:in `run'
ERROR LOG: coral.rb:170:in `<main>'
 INFO LOG: May__9_06:51: tick!!!
 INFO LOG: May__9_06:52: Loading npc.rb
 INFO LOG: May__9_06:53: tick!!!
 INFO LOG: May__9_06:55: tick!!!
 INFO LOG: May__9_06:57: tick!!!
 INFO LOG: May__9_06:59: tick!!!
 INFO LOG: May__9_07:00: Loading npc.rb
 INFO LOG: May__9_07:00: -- #<Player:0x000000011ee488>:76.202.141.206:56722 disconnected from CoralMUD!
 INFO LOG: May__9_07:00: Logging enabled.   Loading logs.rb.
 INFO LOG: May__9_07:00: Loading facade.rb
 INFO LOG: May__9_07:00: Loading query_list.rb
 INFO LOG: May__9_07:00: Loading utils.rb
 INFO LOG: May__9_07:00: Loading constants.rb
 INFO LOG: May__9_07:00: Loading damage.rb
 INFO LOG: May__9_07:00: Loading class_property.rb
 INFO LOG: May__9_07:00: Loading scripts.rb
 INFO LOG: May__9_07:00: Loading tags.rb
 INFO LOG: May__9_07:00: Loading editor/editors.rb
 INFO LOG: May__9_07:00: Loading editor/editor.strings.rb
 INFO LOG: May__9_07:00: Loading editor/editor.rooms.rb
 INFO LOG: May__9_07:00: Loading editor/editor.exits.rb
 INFO LOG: May__9_07:00: Loading editor/editor.zones.rb
 INFO LOG: May__9_07:00: Loading editor/editor.npc.rb
 INFO LOG: May__9_07:00: Loading editor/editor.items.rb
 INFO LOG: May__9_07:00: Loading mxp.rb
 INFO LOG: May__9_07:00: Loading mccp.rb
 INFO LOG: May__9_07:00: Loading flags.rb
 INFO LOG: May__9_07:00: Loading areas.rb
 INFO LOG: May__9_07:00: Loading event.rb
 INFO LOG: May__9_07:00: Loading automap/automap.rb
 INFO LOG: May__9_07:00: Loading cities.olc.rb
 INFO LOG: May__9_07:00: Loading cities.rb
 INFO LOG: May__9_07:00: Loading sector definitions.
 INFO LOG: May__9_07:00: Loading help.rb
 INFO LOG: May__9_07:00: Loading imcruby.rb
 INFO LOG: May__9_07:00: Loading player.rb
 INFO LOG: May__9_07:00: Loading commands.rb
 INFO LOG: May__9_07:00: Loading random.rb
 INFO LOG: May__9_07:00: Loading npc.rb
 INFO LOG: May__9_07:00: Loading items.rb
 INFO LOG: May__9_07:00: Loading spells.rb
 INFO LOG: May__9_07:00: Loading all zones.
 INFO LOG: May__9_07:00: Starting server.
 INFO LOG: May__9_07:00: CoralMUD is now up on port 4000.
 INFO LOG: May__9_07:00: -- 76.202.141.206:53009 connected to CoralMUD!
 INFO LOG: May__9_07:00: -- 76.202.141.206:53009: Retnur is trying to connect.
 INFO LOG: May__9_07:00: -- 76.202.141.206:53009: Retnur player file found.
 INFO LOG: May__9_07:00: -- Retnur has entered the game.
ERROR LOG: undefined method `instance' for nil:NilClass
ERROR LOG: /home/heath/coral/lib/npc.rb:95:in `make_corpse'
ERROR LOG: /home/heath/coral/lib/damage.rb:47:in `take_damage'
ERROR LOG: /home/heath/coral/lib/commands/hit.rb:8:in `block in cmd_hit'
ERROR LOG: /home/heath/coral/lib/commands/hit.rb:7:in `each'
ERROR LOG: /home/heath/coral/lib/commands/hit.rb:7:in `cmd_hit'
ERROR LOG: /home/heath/coral/lib/commands.rb:278:in `execute_command'
ERROR LOG: /home/heath/coral/core/socketengine.rb:170:in `block in handle_cmd_input'
ERROR LOG: /home/heath/coral/core/socketengine.rb:169:in `times'
ERROR LOG: /home/heath/coral/core/socketengine.rb:169:in `handle_cmd_input'
ERROR LOG: /home/heath/coral/core/socketengine.rb:135:in `receive_data'
ERROR LOG: /usr/local/lib/ruby/gems/1.9.1/gems/eventmachine-0.12.8/lib/eventmachine.rb:242:in `run_machine'
ERROR LOG: /usr/local/lib/ruby/gems/1.9.1/gems/eventmachine-0.12.8/lib/eventmachine.rb:242:in `run'
ERROR LOG: coral.rb:170:in `<main>'
 INFO LOG: May__9_07:02: Loading tags.rb
 INFO LOG: May__9_07:02: tick!!!
 INFO LOG: May__9_07:03: Loading tags.rb
 INFO LOG: May__9_07:03: Loading tags.rb
 INFO LOG: May__9_07:03: -- #<Player:0x00000001b9cbd8>:76.202.141.206:53009 disconnected from CoralMUD!
 INFO LOG: May__9_07:03: Logging enabled.   Loading logs.rb.
 INFO LOG: May__9_07:03: Loading facade.rb
 INFO LOG: May__9_07:03: Loading query_list.rb
 INFO LOG: May__9_07:03: Loading utils.rb
 INFO LOG: May__9_07:03: Loading constants.rb
 INFO LOG: May__9_07:03: Loading damage.rb
 INFO LOG: May__9_07:03: Loading class_property.rb
 INFO LOG: May__9_07:03: Loading scripts.rb
 INFO LOG: May__9_07:03: Loading tags.rb
 INFO LOG: May__9_07:03: Loading editor/editors.rb
 INFO LOG: May__9_07:03: Loading editor/editor.strings.rb
 INFO LOG: May__9_07:03: Loading editor/editor.rooms.rb
 INFO LOG: May__9_07:03: Loading editor/editor.exits.rb
 INFO LOG: May__9_07:03: Loading editor/editor.zones.rb
 INFO LOG: May__9_07:03: Loading editor/editor.npc.rb
 INFO LOG: May__9_07:03: Loading editor/editor.items.rb
 INFO LOG: May__9_07:03: Loading mxp.rb
 INFO LOG: May__9_07:03: Loading mccp.rb
 INFO LOG: May__9_07:03: Loading flags.rb
 INFO LOG: May__9_07:03: Loading areas.rb
 INFO LOG: May__9_07:03: Loading event.rb
 INFO LOG: May__9_07:03: Loading automap/automap.rb
 INFO LOG: May__9_07:03: Loading cities.olc.rb
 INFO LOG: May__9_07:03: Loading cities.rb
 INFO LOG: May__9_07:03: Loading sector definitions.
 INFO LOG: May__9_07:03: Loading help.rb
 INFO LOG: May__9_07:03: Loading imcruby.rb
 INFO LOG: May__9_07:03: Loading player.rb
 INFO LOG: May__9_07:03: Loading commands.rb
 INFO LOG: May__9_07:03: Loading random.rb
 INFO LOG: May__9_07:03: Loading npc.rb
 INFO LOG: May__9_07:03: Loading items.rb
 INFO LOG: May__9_07:03: Loading spells.rb
 INFO LOG: May__9_07:03: Loading all zones.
 INFO LOG: May__9_07:03: Starting server.
 INFO LOG: May__9_07:03: CoralMUD is now up on port 4000.
 INFO LOG: May__9_07:04: -- 76.202.141.206:53088 connected to CoralMUD!
 INFO LOG: May__9_07:04: -- 76.202.141.206:53088: Retnur is trying to connect.
 INFO LOG: May__9_07:04: -- 76.202.141.206:53088: Retnur player file found.
 INFO LOG: May__9_07:04: -- Retnur has entered the game.
ERROR LOG: undefined method `instance' for nil:NilClass
ERROR LOG: /home/heath/coral/lib/npc.rb:95:in `make_corpse'
ERROR LOG: /home/heath/coral/lib/damage.rb:47:in `take_damage'
ERROR LOG: /home/heath/coral/lib/commands/hit.rb:8:in `block in cmd_hit'
ERROR LOG: /home/heath/coral/lib/commands/hit.rb:7:in `each'
ERROR LOG: /home/heath/coral/lib/commands/hit.rb:7:in `cmd_hit'
ERROR LOG: /home/heath/coral/lib/commands.rb:278:in `execute_command'
ERROR LOG: /home/heath/coral/core/socketengine.rb:170:in `block in handle_cmd_input'
ERROR LOG: /home/heath/coral/core/socketengine.rb:169:in `times'
ERROR LOG: /home/heath/coral/core/socketengine.rb:169:in `handle_cmd_input'
ERROR LOG: /home/heath/coral/core/socketengine.rb:135:in `receive_data'
ERROR LOG: /usr/local/lib/ruby/gems/1.9.1/gems/eventmachine-0.12.8/lib/eventmachine.rb:242:in `run_machine'
ERROR LOG: /usr/local/lib/ruby/gems/1.9.1/gems/eventmachine-0.12.8/lib/eventmachine.rb:242:in `run'
ERROR LOG: coral.rb:170:in `<main>'
 INFO LOG: May__9_07:05: Loading npc.rb
 INFO LOG: May__9_07:05: -- #<Player:0x00000002550ff8>:76.202.141.206:53088 disconnected from CoralMUD!
 INFO LOG: May__9_07:05: Logging enabled.   Loading logs.rb.
 INFO LOG: May__9_07:05: Loading facade.rb
 INFO LOG: May__9_07:05: Loading query_list.rb
 INFO LOG: May__9_07:05: Loading utils.rb
 INFO LOG: May__9_07:05: Loading constants.rb
 INFO LOG: May__9_07:05: Loading damage.rb
 INFO LOG: May__9_07:05: Loading class_property.rb
 INFO LOG: May__9_07:05: Loading scripts.rb
 INFO LOG: May__9_07:05: Loading tags.rb
 INFO LOG: May__9_07:05: Loading editor/editors.rb
 INFO LOG: May__9_07:05: Loading editor/editor.strings.rb
 INFO LOG: May__9_07:05: Loading editor/editor.rooms.rb
 INFO LOG: May__9_07:05: Loading editor/editor.exits.rb
 INFO LOG: May__9_07:05: Loading editor/editor.zones.rb
 INFO LOG: May__9_07:05: Loading editor/editor.npc.rb
 INFO LOG: May__9_07:05: Loading editor/editor.items.rb
 INFO LOG: May__9_07:05: Loading mxp.rb
 INFO LOG: May__9_07:05: Loading mccp.rb
 INFO LOG: May__9_07:05: Loading flags.rb
 INFO LOG: May__9_07:05: Loading areas.rb
 INFO LOG: May__9_07:05: Loading event.rb
 INFO LOG: May__9_07:05: Loading automap/automap.rb
 INFO LOG: May__9_07:05: Loading cities.olc.rb
 INFO LOG: May__9_07:05: Loading cities.rb
 INFO LOG: May__9_07:05: Loading sector definitions.
 INFO LOG: May__9_07:05: Loading help.rb
 INFO LOG: May__9_07:05: Loading imcruby.rb
 INFO LOG: May__9_07:05: Loading player.rb
 INFO LOG: May__9_07:05: Loading commands.rb
 INFO LOG: May__9_07:05: Loading random.rb
 INFO LOG: May__9_07:05: Loading npc.rb
 INFO LOG: May__9_07:05: Loading items.rb
 INFO LOG: May__9_07:05: Loading spells.rb
 INFO LOG: May__9_07:05: Loading all zones.
 INFO LOG: May__9_07:05: Starting server.
 INFO LOG: May__9_07:05: CoralMUD is now up on port 4000.
 INFO LOG: May__9_07:05: -- 76.202.141.206:50034 connected to CoralMUD!
 INFO LOG: May__9_07:05: -- 76.202.141.206:50034: () Invalid name in character creation.
 INFO LOG: May__9_07:05: -- 76.202.141.206:50034: Retnur is trying to connect.
 INFO LOG: May__9_07:05: -- 76.202.141.206:50034: Retnur player file found.
 INFO LOG: May__9_07:05: -- Retnur has entered the game.
 INFO LOG: May__9_07:05: Loading tags.rb
 INFO LOG: May__9_07:05: Loading tags.rb
 INFO LOG: May__9_07:05: -- #<Player:0x000000029dd918>:76.202.141.206:50034 disconnected from CoralMUD!
 INFO LOG: May__9_07:05: Logging enabled.   Loading logs.rb.
 INFO LOG: May__9_07:05: Loading facade.rb
 INFO LOG: May__9_07:05: Loading query_list.rb
 INFO LOG: May__9_07:05: Loading utils.rb
 INFO LOG: May__9_07:05: Loading constants.rb
 INFO LOG: May__9_07:05: Loading damage.rb
 INFO LOG: May__9_07:05: Loading class_property.rb
 INFO LOG: May__9_07:05: Loading scripts.rb
 INFO LOG: May__9_07:05: Loading tags.rb
 INFO LOG: May__9_07:05: Loading editor/editors.rb
 INFO LOG: May__9_07:05: Loading editor/editor.strings.rb
 INFO LOG: May__9_07:05: Loading editor/editor.rooms.rb
 INFO LOG: May__9_07:05: Loading editor/editor.exits.rb
 INFO LOG: May__9_07:05: Loading editor/editor.zones.rb
 INFO LOG: May__9_07:05: Loading editor/editor.npc.rb
 INFO LOG: May__9_07:05: Loading editor/editor.items.rb
 INFO LOG: May__9_07:05: Loading mxp.rb
 INFO LOG: May__9_07:05: Loading mccp.rb
 INFO LOG: May__9_07:05: Loading flags.rb
 INFO LOG: May__9_07:05: Loading areas.rb
 INFO LOG: May__9_07:05: Loading event.rb
 INFO LOG: May__9_07:05: Loading automap/automap.rb
 INFO LOG: May__9_07:05: Loading cities.olc.rb
 INFO LOG: May__9_07:05: Loading cities.rb
 INFO LOG: May__9_07:05: Loading sector definitions.
 INFO LOG: May__9_07:05: Loading help.rb
 INFO LOG: May__9_07:05: Loading imcruby.rb
 INFO LOG: May__9_07:05: Loading player.rb
 INFO LOG: May__9_07:05: Loading commands.rb
 INFO LOG: May__9_07:05: Loading random.rb
 INFO LOG: May__9_07:05: Loading npc.rb
 INFO LOG: May__9_07:05: Loading items.rb
 INFO LOG: May__9_07:05: Loading spells.rb
 INFO LOG: May__9_07:05: Loading all zones.
 INFO LOG: May__9_07:05: Starting server.
 INFO LOG: May__9_07:05: CoralMUD is now up on port 4000.
 INFO LOG: May__9_07:07: Loading npc.rb
 INFO LOG: May__9_07:07: Logging enabled.   Loading logs.rb.
 INFO LOG: May__9_07:07: Loading facade.rb
 INFO LOG: May__9_07:07: Loading query_list.rb
 INFO LOG: May__9_07:07: Loading utils.rb
 INFO LOG: May__9_07:07: Loading constants.rb
 INFO LOG: May__9_07:07: Loading damage.rb
 INFO LOG: May__9_07:07: Loading class_property.rb
 INFO LOG: May__9_07:07: Loading scripts.rb
 INFO LOG: May__9_07:07: Loading tags.rb
 INFO LOG: May__9_07:07: Loading editor/editors.rb
 INFO LOG: May__9_07:07: Loading editor/editor.strings.rb
 INFO LOG: May__9_07:07: Loading editor/editor.rooms.rb
 INFO LOG: May__9_07:07: Loading editor/editor.exits.rb
 INFO LOG: May__9_07:07: Loading editor/editor.zones.rb
 INFO LOG: May__9_07:07: Loading editor/editor.npc.rb
 INFO LOG: May__9_07:07: Loading editor/editor.items.rb
 INFO LOG: May__9_07:07: Loading mxp.rb
 INFO LOG: May__9_07:07: Loading mccp.rb
 INFO LOG: May__9_07:07: Loading flags.rb
 INFO LOG: May__9_07:07: Loading areas.rb
 INFO LOG: May__9_07:07: Loading event.rb
 INFO LOG: May__9_07:07: Loading automap/automap.rb
 INFO LOG: May__9_07:07: Loading cities.olc.rb
 INFO LOG: May__9_07:07: Loading cities.rb
 INFO LOG: May__9_07:07: Loading sector definitions.
 INFO LOG: May__9_07:07: Loading help.rb
 INFO LOG: May__9_07:07: Loading imcruby.rb
 INFO LOG: May__9_07:07: Loading player.rb
 INFO LOG: May__9_07:07: Loading commands.rb
 INFO LOG: May__9_07:07: Loading random.rb
 INFO LOG: May__9_07:07: Loading npc.rb
 INFO LOG: May__9_07:07: Loading items.rb
 INFO LOG: May__9_07:07: Loading spells.rb
 INFO LOG: May__9_07:07: Loading all zones.
 INFO LOG: May__9_07:07: Starting server.
 INFO LOG: May__9_07:07: CoralMUD is now up on port 4000.
 INFO LOG: May__9_07:07: -- 76.202.141.206:44042 connected to CoralMUD!
 INFO LOG: May__9_07:07: -- 76.202.141.206:44042: Retnur is trying to connect.
 INFO LOG: May__9_07:07: -- 76.202.141.206:44042: Retnur player file found.
 INFO LOG: May__9_07:07: -- Retnur has entered the game.
 INFO LOG: May__9_07:09: tick!!!
 INFO LOG: May__9_07:11: tick!!!
 INFO LOG: May__9_07:11: -- #<Player:0x0000000226da70>:76.202.141.206:44042 disconnected from CoralMUD!
 INFO LOG: May__9_07:11: Logging enabled.   Loading logs.rb.
 INFO LOG: May__9_07:11: Loading facade.rb
 INFO LOG: May__9_07:12: Logging enabled.   Loading logs.rb.
 INFO LOG: May__9_07:12: Loading facade.rb
 INFO LOG: May__9_07:12: Logging enabled.   Loading logs.rb.
 INFO LOG: May__9_07:12: Loading facade.rb
 INFO LOG: May__9_07:13: Logging enabled.   Loading logs.rb.
 INFO LOG: May__9_07:13: Loading facade.rb
 INFO LOG: May__9_07:13: Loading query_list.rb
 INFO LOG: May__9_07:13: Loading utils.rb
 INFO LOG: May__9_07:13: Loading constants.rb
 INFO LOG: May__9_07:13: Loading damage.rb
 INFO LOG: May__9_07:13: Loading class_property.rb
 INFO LOG: May__9_07:13: Loading scripts.rb
 INFO LOG: May__9_07:13: Loading tags.rb
 INFO LOG: May__9_07:13: Loading editor/editors.rb
 INFO LOG: May__9_07:13: Loading editor/editor.strings.rb
 INFO LOG: May__9_07:13: Loading editor/editor.rooms.rb
 INFO LOG: May__9_07:13: Loading editor/editor.exits.rb
 INFO LOG: May__9_07:13: Loading editor/editor.zones.rb
 INFO LOG: May__9_07:13: Loading editor/editor.npc.rb
 INFO LOG: May__9_07:13: Loading editor/editor.items.rb
 INFO LOG: May__9_07:13: Loading mxp.rb
 INFO LOG: May__9_07:13: Loading mccp.rb
 INFO LOG: May__9_07:13: Loading flags.rb
 INFO LOG: May__9_07:13: Loading areas.rb
 INFO LOG: May__9_07:13: Loading event.rb
 INFO LOG: May__9_07:13: Loading automap/automap.rb
 INFO LOG: May__9_07:13: Loading cities.olc.rb
 INFO LOG: May__9_07:13: Loading cities.rb
 INFO LOG: May__9_07:13: Loading sector definitions.
 INFO LOG: May__9_07:13: Loading help.rb
 INFO LOG: May__9_07:13: Loading imcruby.rb
 INFO LOG: May__9_07:13: Loading player.rb
 INFO LOG: May__9_07:13: Loading commands.rb
 INFO LOG: May__9_07:13: Loading random.rb
 INFO LOG: May__9_07:13: Loading npc.rb
 INFO LOG: May__9_07:13: Loading items.rb
 INFO LOG: May__9_07:13: Loading spells.rb
 INFO LOG: May__9_07:13: Loading all zones.
 INFO LOG: May__9_07:13: Starting server.
 INFO LOG: May__9_07:13: CoralMUD is now up on port 4000.
 INFO LOG: May__9_07:15: tick!!!
 INFO LOG: May__9_07:17: Loading items.rb
 INFO LOG: May__9_07:17: Logging enabled.   Loading logs.rb.
 INFO LOG: May__9_07:17: Loading facade.rb
 INFO LOG: May__9_07:17: Loading query_list.rb
 INFO LOG: May__9_07:17: Loading utils.rb
 INFO LOG: May__9_07:17: Loading constants.rb
 INFO LOG: May__9_07:17: Loading damage.rb
 INFO LOG: May__9_07:17: Loading class_property.rb
 INFO LOG: May__9_07:17: Loading scripts.rb
 INFO LOG: May__9_07:17: Loading tags.rb
 INFO LOG: May__9_07:17: Loading editor/editors.rb
 INFO LOG: May__9_07:17: Loading editor/editor.strings.rb
 INFO LOG: May__9_07:17: Loading editor/editor.rooms.rb
 INFO LOG: May__9_07:17: Loading editor/editor.exits.rb
 INFO LOG: May__9_07:17: Loading editor/editor.zones.rb
 INFO LOG: May__9_07:17: Loading editor/editor.npc.rb
 INFO LOG: May__9_07:17: Loading editor/editor.items.rb
 INFO LOG: May__9_07:17: Loading mxp.rb
 INFO LOG: May__9_07:17: Loading mccp.rb
 INFO LOG: May__9_07:17: Loading flags.rb
 INFO LOG: May__9_07:17: Loading areas.rb
 INFO LOG: May__9_07:17: Loading event.rb
 INFO LOG: May__9_07:17: Loading automap/automap.rb
 INFO LOG: May__9_07:17: Loading cities.olc.rb
 INFO LOG: May__9_07:17: Loading cities.rb
 INFO LOG: May__9_07:17: Loading sector definitions.
 INFO LOG: May__9_07:17: Loading help.rb
 INFO LOG: May__9_07:17: Loading imcruby.rb
 INFO LOG: May__9_07:17: Loading player.rb
 INFO LOG: May__9_07:17: Loading commands.rb
 INFO LOG: May__9_07:17: Loading random.rb
 INFO LOG: May__9_07:17: Loading npc.rb
 INFO LOG: May__9_07:17: Loading items.rb
 INFO LOG: May__9_07:17: Loading spells.rb
 INFO LOG: May__9_07:17: Loading all zones.
 INFO LOG: May__9_07:17: Starting server.
 INFO LOG: May__9_07:17: CoralMUD is now up on port 4000.
 INFO LOG: May__9_07:17: -- 76.202.141.206:40138 connected to CoralMUD!
 INFO LOG: May__9_07:17: -- 76.202.141.206:40138: Retnur is trying to connect.
 INFO LOG: May__9_07:17: -- 76.202.141.206:40138: Retnur player file found.
 INFO LOG: May__9_07:17: -- Retnur has entered the game.
ERROR LOG: undefined method `%' for nil:NilClass
ERROR LOG: /home/heath/coral/lib/npc.rb:100:in `make_corpse'
ERROR LOG: /home/heath/coral/lib/damage.rb:47:in `take_damage'
ERROR LOG: /home/heath/coral/lib/commands/hit.rb:8:in `block in cmd_hit'
ERROR LOG: /home/heath/coral/lib/commands/hit.rb:7:in `each'
ERROR LOG: /home/heath/coral/lib/commands/hit.rb:7:in `cmd_hit'
ERROR LOG: /home/heath/coral/lib/commands.rb:278:in `execute_command'
ERROR LOG: /home/heath/coral/core/socketengine.rb:170:in `block in handle_cmd_input'
ERROR LOG: /home/heath/coral/core/socketengine.rb:169:in `times'
ERROR LOG: /home/heath/coral/core/socketengine.rb:169:in `handle_cmd_input'
ERROR LOG: /home/heath/coral/core/socketengine.rb:135:in `receive_data'
ERROR LOG: /usr/local/lib/ruby/gems/1.9.1/gems/eventmachine-0.12.8/lib/eventmachine.rb:242:in `run_machine'
ERROR LOG: /usr/local/lib/ruby/gems/1.9.1/gems/eventmachine-0.12.8/lib/eventmachine.rb:242:in `run'
ERROR LOG: coral.rb:170:in `<main>'
 INFO LOG: May__9_07:19: tick!!!
ERROR LOG: undefined method `%' for nil:NilClass
ERROR LOG: /home/heath/coral/lib/npc.rb:100:in `make_corpse'
ERROR LOG: /home/heath/coral/lib/damage.rb:47:in `take_damage'
ERROR LOG: /home/heath/coral/lib/commands/hit.rb:8:in `block in cmd_hit'
ERROR LOG: /home/heath/coral/lib/commands/hit.rb:7:in `each'
ERROR LOG: /home/heath/coral/lib/commands/hit.rb:7:in `cmd_hit'
ERROR LOG: /home/heath/coral/lib/commands.rb:278:in `execute_command'
ERROR LOG: /home/heath/coral/core/socketengine.rb:170:in `block in handle_cmd_input'
ERROR LOG: /home/heath/coral/core/socketengine.rb:169:in `times'
ERROR LOG: /home/heath/coral/core/socketengine.rb:169:in `handle_cmd_input'
ERROR LOG: /home/heath/coral/core/socketengine.rb:135:in `receive_data'
ERROR LOG: /usr/local/lib/ruby/gems/1.9.1/gems/eventmachine-0.12.8/lib/eventmachine.rb:242:in `run_machine'
ERROR LOG: /usr/local/lib/ruby/gems/1.9.1/gems/eventmachine-0.12.8/lib/eventmachine.rb:242:in `run'
ERROR LOG: coral.rb:170:in `<main>'
 INFO LOG: May__9_07:19: -- #<Player:0x000000014fc080>:76.202.141.206:40138 disconnected from CoralMUD!
 INFO LOG: May__9_07:19: Logging enabled.   Loading logs.rb.
 INFO LOG: May__9_07:19: Loading facade.rb
 INFO LOG: May__9_07:19: Loading query_list.rb
 INFO LOG: May__9_07:19: Loading utils.rb
 INFO LOG: May__9_07:19: Loading constants.rb
 INFO LOG: May__9_07:19: Loading damage.rb
 INFO LOG: May__9_07:19: Loading class_property.rb
 INFO LOG: May__9_07:19: Loading scripts.rb
 INFO LOG: May__9_07:19: Loading tags.rb
 INFO LOG: May__9_07:19: Loading editor/editors.rb
 INFO LOG: May__9_07:19: Loading editor/editor.strings.rb
 INFO LOG: May__9_07:19: Loading editor/editor.rooms.rb
 INFO LOG: May__9_07:19: Loading editor/editor.exits.rb
 INFO LOG: May__9_07:19: Loading editor/editor.zones.rb
 INFO LOG: May__9_07:19: Loading editor/editor.npc.rb
 INFO LOG: May__9_07:19: Loading editor/editor.items.rb
 INFO LOG: May__9_07:19: Loading mxp.rb
 INFO LOG: May__9_07:19: Loading mccp.rb
 INFO LOG: May__9_07:19: Loading flags.rb
 INFO LOG: May__9_07:19: Loading areas.rb
 INFO LOG: May__9_07:19: Loading event.rb
 INFO LOG: May__9_07:19: Loading automap/automap.rb
 INFO LOG: May__9_07:19: Loading cities.olc.rb
 INFO LOG: May__9_07:19: Loading cities.rb
 INFO LOG: May__9_07:19: Loading sector definitions.
 INFO LOG: May__9_07:19: Loading help.rb
 INFO LOG: May__9_07:19: Loading imcruby.rb
 INFO LOG: May__9_07:19: Loading player.rb
 INFO LOG: May__9_07:19: Loading commands.rb
 INFO LOG: May__9_07:19: Loading random.rb
 INFO LOG: May__9_07:19: Loading npc.rb
 INFO LOG: May__9_07:19: Loading items.rb
 INFO LOG: May__9_07:19: Loading spells.rb
 INFO LOG: May__9_07:19: Loading all zones.
 INFO LOG: May__9_07:19: Starting server.
 INFO LOG: May__9_07:19: CoralMUD is now up on port 4000.
 INFO LOG: May__9_07:19: -- 76.202.141.206:43995 connected to CoralMUD!
 INFO LOG: May__9_07:19: -- 76.202.141.206:43995: Retnur is trying to connect.
 INFO LOG: May__9_07:19: -- 76.202.141.206:43995: Retnur player file found.
 INFO LOG: May__9_07:19: -- Retnur has entered the game.
ERROR LOG: undefined method `%' for nil:NilClass
ERROR LOG: /home/heath/coral/lib/npc.rb:100:in `make_corpse'
ERROR LOG: /home/heath/coral/lib/damage.rb:47:in `take_damage'
ERROR LOG: /home/heath/coral/lib/commands/hit.rb:8:in `block in cmd_hit'
ERROR LOG: /home/heath/coral/lib/commands/hit.rb:7:in `each'
ERROR LOG: /home/heath/coral/lib/commands/hit.rb:7:in `cmd_hit'
ERROR LOG: /home/heath/coral/lib/commands.rb:278:in `execute_command'
ERROR LOG: /home/heath/coral/core/socketengine.rb:170:in `block in handle_cmd_input'
ERROR LOG: /home/heath/coral/core/socketengine.rb:169:in `times'
ERROR LOG: /home/heath/coral/core/socketengine.rb:169:in `handle_cmd_input'
ERROR LOG: /home/heath/coral/core/socketengine.rb:135:in `receive_data'
ERROR LOG: /usr/local/lib/ruby/gems/1.9.1/gems/eventmachine-0.12.8/lib/eventmachine.rb:242:in `run_machine'
ERROR LOG: /usr/local/lib/ruby/gems/1.9.1/gems/eventmachine-0.12.8/lib/eventmachine.rb:242:in `run'
ERROR LOG: coral.rb:170:in `<main>'
 INFO LOG: May__9_07:20: Loading npc.rb
 INFO LOG: May__9_07:21: Loading npc.rb
 INFO LOG: May__9_07:21: -- #<Player:0x00000002538368>:76.202.141.206:43995 disconnected from CoralMUD!
 INFO LOG: May__9_07:21: Logging enabled.   Loading logs.rb.
 INFO LOG: May__9_07:21: Loading facade.rb
 INFO LOG: May__9_07:21: Loading query_list.rb
 INFO LOG: May__9_07:21: Loading utils.rb
 INFO LOG: May__9_07:21: Loading constants.rb
 INFO LOG: May__9_07:21: Loading damage.rb
 INFO LOG: May__9_07:21: Loading class_property.rb
 INFO LOG: May__9_07:21: Loading scripts.rb
 INFO LOG: May__9_07:21: Loading tags.rb
 INFO LOG: May__9_07:21: Loading editor/editors.rb
 INFO LOG: May__9_07:21: Loading editor/editor.strings.rb
 INFO LOG: May__9_07:21: Loading editor/editor.rooms.rb
 INFO LOG: May__9_07:21: Loading editor/editor.exits.rb
 INFO LOG: May__9_07:21: Loading editor/editor.zones.rb
 INFO LOG: May__9_07:21: Loading editor/editor.npc.rb
 INFO LOG: May__9_07:21: Loading editor/editor.items.rb
 INFO LOG: May__9_07:21: Loading mxp.rb
 INFO LOG: May__9_07:21: Loading mccp.rb
 INFO LOG: May__9_07:21: Loading flags.rb
 INFO LOG: May__9_07:21: Loading areas.rb
 INFO LOG: May__9_07:21: Loading event.rb
 INFO LOG: May__9_07:21: Loading automap/automap.rb
 INFO LOG: May__9_07:21: Loading cities.olc.rb
 INFO LOG: May__9_07:21: Loading cities.rb
 INFO LOG: May__9_07:21: Loading sector definitions.
 INFO LOG: May__9_07:21: Loading help.rb
 INFO LOG: May__9_07:21: Loading imcruby.rb
 INFO LOG: May__9_07:21: Loading player.rb
 INFO LOG: May__9_07:21: Loading commands.rb
 INFO LOG: May__9_07:21: Loading random.rb
 INFO LOG: May__9_07:21: Loading npc.rb
 INFO LOG: May__9_07:21: Loading items.rb
 INFO LOG: May__9_07:21: Loading spells.rb
 INFO LOG: May__9_07:21: Loading all zones.
 INFO LOG: May__9_07:21: Starting server.
 INFO LOG: May__9_07:21: CoralMUD is now up on port 4000.
 INFO LOG: May__9_07:21: -- 76.202.141.206:52192 connected to CoralMUD!
 INFO LOG: May__9_07:21: -- 76.202.141.206:52192: Retnur is trying to connect.
 INFO LOG: May__9_07:21: -- 76.202.141.206:52192: Retnur player file found.
 INFO LOG: May__9_07:21: -- Retnur has entered the game.
ERROR LOG: undefined method `%' for nil:NilClass
ERROR LOG: /home/heath/coral/lib/npc.rb:100:in `make_corpse'
ERROR LOG: /home/heath/coral/lib/damage.rb:47:in `take_damage'
ERROR LOG: /home/heath/coral/lib/commands/hit.rb:8:in `block in cmd_hit'
ERROR LOG: /home/heath/coral/lib/commands/hit.rb:7:in `each'
ERROR LOG: /home/heath/coral/lib/commands/hit.rb:7:in `cmd_hit'
ERROR LOG: /home/heath/coral/lib/commands.rb:278:in `execute_command'
ERROR LOG: /home/heath/coral/core/socketengine.rb:170:in `block in handle_cmd_input'
ERROR LOG: /home/heath/coral/core/socketengine.rb:169:in `times'
ERROR LOG: /home/heath/coral/core/socketengine.rb:169:in `handle_cmd_input'
ERROR LOG: /home/heath/coral/core/socketengine.rb:135:in `receive_data'
ERROR LOG: /usr/local/lib/ruby/gems/1.9.1/gems/eventmachine-0.12.8/lib/eventmachine.rb:242:in `run_machine'
ERROR LOG: /usr/local/lib/ruby/gems/1.9.1/gems/eventmachine-0.12.8/lib/eventmachine.rb:242:in `run'
ERROR LOG: coral.rb:170:in `<main>'
ERROR LOG: undefined method `%' for nil:NilClass
ERROR LOG: /home/heath/coral/lib/npc.rb:100:in `make_corpse'
ERROR LOG: /home/heath/coral/lib/damage.rb:47:in `take_damage'
ERROR LOG: /home/heath/coral/lib/commands/hit.rb:8:in `block in cmd_hit'
ERROR LOG: /home/heath/coral/lib/commands/hit.rb:7:in `each'
ERROR LOG: /home/heath/coral/lib/commands/hit.rb:7:in `cmd_hit'
ERROR LOG: /home/heath/coral/lib/commands.rb:278:in `execute_command'
ERROR LOG: /home/heath/coral/core/socketengine.rb:170:in `block in handle_cmd_input'
ERROR LOG: /home/heath/coral/core/socketengine.rb:169:in `times'
ERROR LOG: /home/heath/coral/core/socketengine.rb:169:in `handle_cmd_input'
ERROR LOG: /home/heath/coral/core/socketengine.rb:135:in `receive_data'
ERROR LOG: /usr/local/lib/ruby/gems/1.9.1/gems/eventmachine-0.12.8/lib/eventmachine.rb:242:in `run_machine'
ERROR LOG: /usr/local/lib/ruby/gems/1.9.1/gems/eventmachine-0.12.8/lib/eventmachine.rb:242:in `run'
ERROR LOG: coral.rb:170:in `<main>'
 INFO LOG: May__9_07:23: Loading npc.rb
ERROR LOG: undefined method `%' for nil:NilClass
ERROR LOG: /home/heath/coral/lib/npc.rb:99:in `make_corpse'
ERROR LOG: /home/heath/coral/lib/damage.rb:47:in `take_damage'
ERROR LOG: /home/heath/coral/lib/commands/hit.rb:8:in `block in cmd_hit'
ERROR LOG: /home/heath/coral/lib/commands/hit.rb:7:in `each'
ERROR LOG: /home/heath/coral/lib/commands/hit.rb:7:in `cmd_hit'
ERROR LOG: /home/heath/coral/lib/commands.rb:278:in `execute_command'
ERROR LOG: /home/heath/coral/core/socketengine.rb:170:in `block in handle_cmd_input'
ERROR LOG: /home/heath/coral/core/socketengine.rb:169:in `times'
ERROR LOG: /home/heath/coral/core/socketengine.rb:169:in `handle_cmd_input'
ERROR LOG: /home/heath/coral/core/socketengine.rb:135:in `receive_data'
ERROR LOG: /usr/local/lib/ruby/gems/1.9.1/gems/eventmachine-0.12.8/lib/eventmachine.rb:242:in `run_machine'
ERROR LOG: /usr/local/lib/ruby/gems/1.9.1/gems/eventmachine-0.12.8/lib/eventmachine.rb:242:in `run'
ERROR LOG: coral.rb:170:in `<main>'
 INFO LOG: May__9_07:23: tick!!!
 INFO LOG: May__9_07:23: -- #<Player:0x00000001632620>:76.202.141.206:52192 disconnected from CoralMUD!
 INFO LOG: May__9_07:23: Program closed.
 INFO LOG: May__9_07:27: Logging enabled.   Loading logs.rb.
 INFO LOG: May__9_07:27: Loading facade.rb
 INFO LOG: May__9_07:27: Loading query_list.rb
 INFO LOG: May__9_07:27: Loading utils.rb
 INFO LOG: May__9_07:27: Loading constants.rb
 INFO LOG: May__9_07:27: Loading damage.rb
 INFO LOG: May__9_07:27: Loading class_property.rb
 INFO LOG: May__9_07:27: Loading scripts.rb
 INFO LOG: May__9_07:27: Loading tags.rb
 INFO LOG: May__9_07:27: Loading editor/editors.rb
 INFO LOG: May__9_07:27: Loading editor/editor.strings.rb
 INFO LOG: May__9_07:27: Loading editor/editor.rooms.rb
 INFO LOG: May__9_07:27: Loading editor/editor.exits.rb
 INFO LOG: May__9_07:27: Loading editor/editor.zones.rb
 INFO LOG: May__9_07:27: Loading editor/editor.npc.rb
 INFO LOG: May__9_07:27: Loading editor/editor.items.rb
 INFO LOG: May__9_07:27: Loading mxp.rb
 INFO LOG: May__9_07:27: Loading mccp.rb
 INFO LOG: May__9_07:27: Loading flags.rb
 INFO LOG: May__9_07:27: Loading areas.rb
 INFO LOG: May__9_07:27: Loading event.rb
 INFO LOG: May__9_07:27: Loading automap/automap.rb
 INFO LOG: May__9_07:27: Loading cities.olc.rb
 INFO LOG: May__9_07:27: Loading cities.rb
 INFO LOG: May__9_07:27: Loading sector definitions.
 INFO LOG: May__9_07:27: Loading help.rb
 INFO LOG: May__9_07:27: Loading imcruby.rb
 INFO LOG: May__9_07:27: Loading player.rb
 INFO LOG: May__9_07:27: Loading commands.rb
 INFO LOG: May__9_07:27: Loading random.rb
 INFO LOG: May__9_07:27: Loading npc.rb
 INFO LOG: May__9_07:27: Loading items.rb
 INFO LOG: May__9_07:27: Loading spells.rb
 INFO LOG: May__9_07:27: Loading all zones.
 INFO LOG: May__9_07:27: Starting server.
 INFO LOG: May__9_07:27: CoralMUD is now up on port 4000.
 INFO LOG: May__9_07:28: Logging enabled.   Loading logs.rb.
 INFO LOG: May__9_07:28: Loading facade.rb
 INFO LOG: May__9_07:28: Loading query_list.rb
 INFO LOG: May__9_07:28: Loading utils.rb
 INFO LOG: May__9_07:28: Loading constants.rb
 INFO LOG: May__9_07:28: Loading damage.rb
 INFO LOG: May__9_07:28: Loading class_property.rb
 INFO LOG: May__9_07:28: Loading scripts.rb
 INFO LOG: May__9_07:28: Loading tags.rb
 INFO LOG: May__9_07:28: Loading editor/editors.rb
 INFO LOG: May__9_07:28: Loading editor/editor.strings.rb
 INFO LOG: May__9_07:28: Loading editor/editor.rooms.rb
 INFO LOG: May__9_07:28: Loading editor/editor.exits.rb
 INFO LOG: May__9_07:28: Loading editor/editor.zones.rb
 INFO LOG: May__9_07:28: Loading editor/editor.npc.rb
 INFO LOG: May__9_07:28: Loading editor/editor.items.rb
 INFO LOG: May__9_07:28: Loading mxp.rb
 INFO LOG: May__9_07:28: Loading mccp.rb
 INFO LOG: May__9_07:28: Loading flags.rb
 INFO LOG: May__9_07:28: Loading areas.rb
 INFO LOG: May__9_07:28: Loading event.rb
 INFO LOG: May__9_07:28: Loading automap/automap.rb
 INFO LOG: May__9_07:28: Loading cities.olc.rb
 INFO LOG: May__9_07:28: Loading cities.rb
 INFO LOG: May__9_07:28: Loading sector definitions.
 INFO LOG: May__9_07:28: Loading help.rb
 INFO LOG: May__9_07:28: Loading imcruby.rb
 INFO LOG: May__9_07:28: Loading player.rb
 INFO LOG: May__9_07:28: Loading commands.rb
 INFO LOG: May__9_07:28: Loading random.rb
 INFO LOG: May__9_07:28: Loading npc.rb
 INFO LOG: May__9_07:28: Loading items.rb
 INFO LOG: May__9_07:28: Loading spells.rb
 INFO LOG: May__9_07:28: Loading all zones.
 INFO LOG: May__9_07:28: Starting server.
 INFO LOG: May__9_07:28: CoralMUD is now up on port 4000.
 INFO LOG: May__9_07:29: Logging enabled.   Loading logs.rb.
 INFO LOG: May__9_07:29: Loading facade.rb
 INFO LOG: May__9_07:36: Logging enabled.   Loading logs.rb.
 INFO LOG: May__9_07:36: Loading facade.rb
 INFO LOG: May__9_07:36: Loading query_list.rb
 INFO LOG: May__9_07:36: Loading utils.rb
 INFO LOG: May__9_07:36: Loading constants.rb
 INFO LOG: May__9_07:36: Loading damage.rb
 INFO LOG: May__9_07:36: Loading class_property.rb
 INFO LOG: May__9_07:36: Loading scripts.rb
 INFO LOG: May__9_07:36: Loading tags.rb
 INFO LOG: May__9_07:36: Loading editor/editors.rb
 INFO LOG: May__9_07:36: Loading editor/editor.strings.rb
 INFO LOG: May__9_07:36: Loading editor/editor.rooms.rb
 INFO LOG: May__9_07:36: Loading editor/editor.exits.rb
 INFO LOG: May__9_07:36: Loading editor/editor.zones.rb
 INFO LOG: May__9_07:36: Loading editor/editor.npc.rb
 INFO LOG: May__9_07:36: Loading editor/editor.items.rb
 INFO LOG: May__9_07:36: Loading mxp.rb
 INFO LOG: May__9_07:36: Loading mccp.rb
 INFO LOG: May__9_07:36: Loading flags.rb
 INFO LOG: May__9_07:36: Loading areas.rb
 INFO LOG: May__9_07:36: Loading event.rb
 INFO LOG: May__9_07:36: Loading automap/automap.rb
 INFO LOG: May__9_07:36: Loading cities.olc.rb
 INFO LOG: May__9_07:36: Loading cities.rb
 INFO LOG: May__9_07:36: Loading sector definitions.
 INFO LOG: May__9_07:36: Loading help.rb
 INFO LOG: May__9_07:36: Loading imcruby.rb
 INFO LOG: May__9_07:36: Loading player.rb
 INFO LOG: May__9_07:36: Loading commands.rb
 INFO LOG: May__9_07:36: Loading random.rb
 INFO LOG: May__9_07:36: Loading npc.rb
 INFO LOG: May__9_07:36: Loading items.rb
 INFO LOG: May__9_07:36: Loading spells.rb
 INFO LOG: May__9_07:36: Loading all zones.
 INFO LOG: May__9_07:36: Starting server.
 INFO LOG: May__9_07:36: CoralMUD is now up on port 4000.
 INFO LOG: May__9_07:37: -- 76.202.141.206:33938 connected to CoralMUD!
 INFO LOG: May__9_07:37: -- 76.202.141.206:33938: Retnur is trying to connect.
 INFO LOG: May__9_07:37: -- 76.202.141.206:33938: Retnur player file found.
 INFO LOG: May__9_07:37: -- Retnur has entered the game.
 INFO LOG: May__9_07:38: tick!!!
 INFO LOG: May__9_07:40: tick!!!
 INFO LOG: May__9_07:42: tick!!!
 INFO LOG: May__9_07:44: tick!!!
 INFO LOG: May__9_07:46: tick!!!
 INFO LOG: May__9_07:48: tick!!!
 INFO LOG: May__9_07:50: tick!!!
 INFO LOG: May__9_07:52: tick!!!
 INFO LOG: May__9_07:54: tick!!!
 INFO LOG: May__9_07:56: tick!!!
 INFO LOG: May__9_07:58: tick!!!
 INFO LOG: May__9_08:00: tick!!!
 INFO LOG: May__9_08:02: tick!!!
 INFO LOG: May__9_08:04: tick!!!
 INFO LOG: May__9_08:06: tick!!!
 INFO LOG: May__9_08:08: tick!!!
 INFO LOG: May__9_08:10: tick!!!
 INFO LOG: May__9_08:12: tick!!!
 INFO LOG: May__9_08:14: tick!!!
 INFO LOG: May__9_08:16: tick!!!
 INFO LOG: May__9_08:18: tick!!!
 INFO LOG: May__9_08:20: tick!!!
 INFO LOG: May__9_08:22: tick!!!
 INFO LOG: May__9_08:24: tick!!!
 INFO LOG: May__9_08:26: tick!!!
 INFO LOG: May__9_08:28: tick!!!
 INFO LOG: May__9_08:30: tick!!!
 INFO LOG: May__9_08:32: tick!!!
 INFO LOG: May__9_08:34: tick!!!
 INFO LOG: May__9_08:36: tick!!!
 INFO LOG: May__9_08:38: tick!!!
 INFO LOG: May__9_08:40: tick!!!
 INFO LOG: May__9_08:42: tick!!!
 INFO LOG: May__9_08:44: tick!!!
 INFO LOG: May__9_08:46: tick!!!
 INFO LOG: May__9_08:48: tick!!!
 INFO LOG: May__9_08:50: tick!!!
 INFO LOG: May__9_08:52: tick!!!
 INFO LOG: May__9_08:54: tick!!!
 INFO LOG: May__9_08:56: tick!!!
 INFO LOG: May__9_08:58: tick!!!
 INFO LOG: May__9_09:00: tick!!!
 INFO LOG: May__9_09:02: tick!!!
 INFO LOG: May__9_09:04: tick!!!
 INFO LOG: May__9_09:06: tick!!!
 INFO LOG: May__9_09:08: tick!!!
 INFO LOG: May__9_09:10: tick!!!
 INFO LOG: May__9_09:12: tick!!!
 INFO LOG: May__9_09:14: tick!!!
 INFO LOG: May__9_09:16: tick!!!
 INFO LOG: May__9_09:18: tick!!!
 INFO LOG: May__9_09:20: tick!!!
 INFO LOG: May__9_09:22: tick!!!
 INFO LOG: May__9_09:24: tick!!!
 INFO LOG: May__9_09:26: tick!!!
 INFO LOG: May__9_09:28: tick!!!
 INFO LOG: May__9_09:30: tick!!!
 INFO LOG: May__9_09:32: tick!!!
 INFO LOG: May__9_09:34: tick!!!
 INFO LOG: May__9_09:36: tick!!!
 INFO LOG: May__9_09:38: tick!!!
 INFO LOG: May__9_09:40: tick!!!
 INFO LOG: May__9_09:42: tick!!!
 INFO LOG: May__9_09:44: tick!!!
 INFO LOG: May__9_09:46: tick!!!
 INFO LOG: May__9_09:48: tick!!!
 INFO LOG: May__9_09:50: tick!!!
 INFO LOG: May__9_09:52: tick!!!
 INFO LOG: May__9_09:54: tick!!!
 INFO LOG: May__9_09:56: tick!!!
 INFO LOG: May__9_09:58: tick!!!
 INFO LOG: May__9_10:00: tick!!!
 INFO LOG: May__9_10:02: tick!!!
 INFO LOG: May__9_10:04: tick!!!
 INFO LOG: May__9_10:06: tick!!!
 INFO LOG: May__9_10:08: tick!!!
 INFO LOG: May__9_10:10: tick!!!
 INFO LOG: May__9_10:12: tick!!!
 INFO LOG: May__9_10:14: tick!!!
 INFO LOG: May__9_10:16: tick!!!
 INFO LOG: May__9_10:18: tick!!!
 INFO LOG: May__9_10:20: tick!!!
 INFO LOG: May__9_10:22: tick!!!
 INFO LOG: May__9_10:24: tick!!!
 INFO LOG: May__9_10:26: tick!!!
 INFO LOG: May__9_10:28: tick!!!
 INFO LOG: May__9_10:30: tick!!!
 INFO LOG: May__9_10:32: tick!!!
 INFO LOG: May__9_10:34: tick!!!
 INFO LOG: May__9_10:36: tick!!!
 INFO LOG: May__9_10:38: tick!!!
 INFO LOG: May__9_10:40: tick!!!
 INFO LOG: May__9_10:42: tick!!!
 INFO LOG: May__9_10:44: tick!!!
 INFO LOG: May__9_10:46: tick!!!
 INFO LOG: May__9_10:48: tick!!!
 INFO LOG: May__9_10:50: tick!!!
 INFO LOG: May__9_10:52: tick!!!
 INFO LOG: May__9_10:54: tick!!!
 INFO LOG: May__9_10:56: tick!!!
 INFO LOG: May__9_10:58: tick!!!
 INFO LOG: May__9_11:00: tick!!!
 INFO LOG: May__9_11:02: tick!!!
 INFO LOG: May__9_11:04: tick!!!
 INFO LOG: May__9_11:06: tick!!!
 INFO LOG: May__9_11:08: tick!!!
 INFO LOG: May__9_11:10: tick!!!
 INFO LOG: May__9_11:12: tick!!!
 INFO LOG: May__9_11:14: tick!!!
 INFO LOG: May__9_11:16: tick!!!
 INFO LOG: May__9_11:18: tick!!!
 INFO LOG: May__9_11:20: tick!!!
 INFO LOG: May__9_11:22: tick!!!
 INFO LOG: May__9_11:24: tick!!!
 INFO LOG: May__9_11:26: tick!!!
 INFO LOG: May__9_11:28: tick!!!
 INFO LOG: May__9_11:30: tick!!!
 INFO LOG: May__9_11:32: tick!!!
 INFO LOG: May__9_11:34: tick!!!
 INFO LOG: May__9_11:36: tick!!!
 INFO LOG: May__9_11:38: tick!!!
 INFO LOG: May__9_11:40: tick!!!
 INFO LOG: May__9_11:42: tick!!!
 INFO LOG: May__9_11:44: tick!!!
 INFO LOG: May__9_11:46: tick!!!
 INFO LOG: May__9_11:48: tick!!!
 INFO LOG: May__9_11:50: tick!!!
 INFO LOG: May__9_11:52: tick!!!
 INFO LOG: May__9_11:54: tick!!!
 INFO LOG: May__9_11:56: tick!!!
 INFO LOG: May__9_11:58: tick!!!
 INFO LOG: May__9_12:00: tick!!!
 INFO LOG: May__9_12:02: tick!!!
 INFO LOG: May__9_12:04: tick!!!
 INFO LOG: May__9_12:06: tick!!!
 INFO LOG: May__9_12:08: tick!!!
 INFO LOG: May__9_12:10: tick!!!
 INFO LOG: May__9_12:12: tick!!!
 INFO LOG: May__9_12:14: tick!!!
 INFO LOG: May__9_12:16: tick!!!
 INFO LOG: May__9_12:18: tick!!!
 INFO LOG: May__9_12:20: tick!!!
 INFO LOG: May__9_12:22: tick!!!
 INFO LOG: May__9_12:24: tick!!!
 INFO LOG: May__9_12:26: tick!!!
 INFO LOG: May__9_12:28: tick!!!
 INFO LOG: May__9_12:30: tick!!!
 INFO LOG: May__9_12:32: tick!!!
 INFO LOG: May__9_12:34: tick!!!
 INFO LOG: May__9_12:36: tick!!!
 INFO LOG: May__9_12:38: tick!!!
 INFO LOG: May__9_12:40: tick!!!
 INFO LOG: May__9_12:42: tick!!!
 INFO LOG: May__9_12:44: tick!!!
 INFO LOG: May__9_12:46: tick!!!
 INFO LOG: May__9_12:48: tick!!!
 INFO LOG: May__9_12:50: tick!!!
 INFO LOG: May__9_12:52: tick!!!
 INFO LOG: May__9_12:54: tick!!!
 INFO LOG: May__9_12:56: tick!!!
 INFO LOG: May__9_12:58: tick!!!
 INFO LOG: May__9_13:00: tick!!!
 INFO LOG: May__9_13:02: tick!!!
 INFO LOG: May__9_13:04: tick!!!
 INFO LOG: May__9_13:06: tick!!!
 INFO LOG: May__9_13:08: tick!!!
 INFO LOG: May__9_13:10: tick!!!
 INFO LOG: May__9_13:12: tick!!!
 INFO LOG: May__9_13:13: -- #<Player:0x00000001051800>:76.202.141.206:33938 disconnected from CoralMUD!
