 INFO LOG: May_12_10:29: Logging enabled.   Loading logs.rb.
 INFO LOG: May_12_10:29: Loading facade.rb
 INFO LOG: May_12_10:29: Loading query_list.rb
 INFO LOG: May_12_10:29: Loading utils.rb
 INFO LOG: May_12_10:29: Loading constants.rb
 INFO LOG: May_12_10:29: Loading damage.rb
 INFO LOG: May_12_10:29: Loading class_property.rb
 INFO LOG: May_12_10:29: Loading scripts.rb
 INFO LOG: May_12_10:29: Loading tags.rb
 INFO LOG: May_12_10:29: Loading editor/editors.rb
 INFO LOG: May_12_10:29: Loading editor/editor.strings.rb
 INFO LOG: May_12_10:29: Loading editor/editor.rooms.rb
 INFO LOG: May_12_10:29: Loading editor/editor.exits.rb
 INFO LOG: May_12_10:29: Loading editor/editor.zones.rb
 INFO LOG: May_12_10:29: Loading editor/editor.npc.rb
 INFO LOG: May_12_10:29: Loading editor/editor.items.rb
 INFO LOG: May_12_10:29: Loading mxp.rb
 INFO LOG: May_12_10:29: Loading mccp.rb
 INFO LOG: May_12_10:29: Loading flags.rb
 INFO LOG: May_12_10:29: Loading areas.rb
 INFO LOG: May_12_10:29: Loading event.rb
 INFO LOG: May_12_10:29: Loading automap/automap.rb
 INFO LOG: May_12_10:29: Loading cities.olc.rb
 INFO LOG: May_12_10:29: Loading cities.rb
 INFO LOG: May_12_10:29: Loading sector definitions.
 INFO LOG: May_12_10:29: Loading help.rb
 INFO LOG: May_12_10:29: Loading imcruby.rb
 INFO LOG: May_12_10:29: Loading player.rb
 INFO LOG: May_12_10:29: Loading commands.rb
 INFO LOG: May_12_10:29: Loading random.rb
 INFO LOG: May_12_10:29: Loading npc.rb
 INFO LOG: May_12_10:29: Loading items/types.rb
 INFO LOG: May_12_10:29: Loading items/items.rb
 INFO LOG: May_12_10:29: Loading spells.rb
 INFO LOG: May_12_10:29: Loading all zones.
 INFO LOG: May_12_10:29: Starting server.
 INFO LOG: May_12_10:29: CoralMUD is now up on port 4000.
 INFO LOG: May_12_10:29: -- 76.202.141.206:34516 connected to CoralMUD!
 INFO LOG: May_12_10:29: -- 76.202.141.206:34516: Retnur is trying to connect.
 INFO LOG: May_12_10:29: -- 76.202.141.206:34516: Retnur player file found.
 INFO LOG: May_12_10:29: -- Retnur has entered the game.
 INFO LOG: May_12_10:31: tick!!!
 INFO LOG: May_12_10:33: tick!!!
 INFO LOG: May_12_10:35: tick!!!
 INFO LOG: May_12_10:37: tick!!!
 INFO LOG: May_12_10:39: tick!!!
 INFO LOG: May_12_10:41: tick!!!
 INFO LOG: May_12_10:43: tick!!!
 INFO LOG: May_12_10:45: tick!!!
 INFO LOG: May_12_10:47: tick!!!
 INFO LOG: May_12_10:49: tick!!!
 INFO LOG: May_12_10:51: tick!!!
 INFO LOG: May_12_10:53: tick!!!
 INFO LOG: May_12_10:55: tick!!!
 INFO LOG: May_12_10:57: tick!!!
 INFO LOG: May_12_10:59: tick!!!
 INFO LOG: May_12_11:01: tick!!!
 INFO LOG: May_12_11:03: tick!!!
 INFO LOG: May_12_11:05: tick!!!
 INFO LOG: May_12_11:07: tick!!!
 INFO LOG: May_12_11:09: tick!!!
 INFO LOG: May_12_11:11: tick!!!
 INFO LOG: May_12_11:13: tick!!!
 INFO LOG: May_12_11:15: tick!!!
 INFO LOG: May_12_11:17: tick!!!
 INFO LOG: May_12_11:19: tick!!!
 INFO LOG: May_12_11:21: tick!!!
 INFO LOG: May_12_11:23: tick!!!
 INFO LOG: May_12_11:25: tick!!!
 INFO LOG: May_12_11:27: tick!!!
 INFO LOG: May_12_11:29: tick!!!
 INFO LOG: May_12_11:31: tick!!!
 INFO LOG: May_12_11:33: tick!!!
 INFO LOG: May_12_11:35: tick!!!
 INFO LOG: May_12_11:37: tick!!!
 INFO LOG: May_12_11:39: tick!!!
 INFO LOG: May_12_11:41: tick!!!
 INFO LOG: May_12_11:43: tick!!!
 INFO LOG: May_12_11:45: tick!!!
 INFO LOG: May_12_11:47: tick!!!
 INFO LOG: May_12_11:49: tick!!!
 INFO LOG: May_12_11:51: tick!!!
 INFO LOG: May_12_11:53: tick!!!
 INFO LOG: May_12_11:55: tick!!!
 INFO LOG: May_12_11:57: tick!!!
 INFO LOG: May_12_11:59: tick!!!
 INFO LOG: May_12_12:01: tick!!!
 INFO LOG: May_12_12:03: tick!!!
 INFO LOG: May_12_12:05: tick!!!
 INFO LOG: May_12_12:07: tick!!!
 INFO LOG: May_12_12:09: tick!!!
 INFO LOG: May_12_12:11: tick!!!
 INFO LOG: May_12_12:13: tick!!!
 INFO LOG: May_12_12:15: tick!!!
 INFO LOG: May_12_12:17: tick!!!
 INFO LOG: May_12_12:19: tick!!!
 INFO LOG: May_12_12:21: tick!!!
 INFO LOG: May_12_12:23: tick!!!
 INFO LOG: May_12_12:25: tick!!!
 INFO LOG: May_12_12:27: tick!!!
 INFO LOG: May_12_12:29: tick!!!
 INFO LOG: May_12_12:31: tick!!!
 INFO LOG: May_12_12:33: tick!!!
 INFO LOG: May_12_12:35: tick!!!
 INFO LOG: May_12_12:37: tick!!!
 INFO LOG: May_12_12:39: tick!!!
 INFO LOG: May_12_12:41: tick!!!
 INFO LOG: May_12_12:43: tick!!!
 INFO LOG: May_12_12:45: tick!!!
 INFO LOG: May_12_12:47: tick!!!
 INFO LOG: May_12_12:49: tick!!!
 INFO LOG: May_12_12:51: tick!!!
 INFO LOG: May_12_12:53: tick!!!
 INFO LOG: May_12_12:55: tick!!!
 INFO LOG: May_12_12:57: tick!!!
 INFO LOG: May_12_12:59: tick!!!
 INFO LOG: May_12_13:01: tick!!!
 INFO LOG: May_12_13:03: tick!!!
 INFO LOG: May_12_13:05: tick!!!
 INFO LOG: May_12_13:07: tick!!!
 INFO LOG: May_12_13:09: tick!!!
 INFO LOG: May_12_13:11: tick!!!
 INFO LOG: May_12_13:13: tick!!!
 INFO LOG: May_12_13:15: tick!!!
 INFO LOG: May_12_13:17: tick!!!
 INFO LOG: May_12_13:19: tick!!!
 INFO LOG: May_12_13:21: tick!!!
 INFO LOG: May_12_13:23: tick!!!
 INFO LOG: May_12_13:25: tick!!!
 INFO LOG: May_12_13:27: tick!!!
 INFO LOG: May_12_13:29: tick!!!
 INFO LOG: May_12_13:30: -- #<Player:0x00000002997cd8>:76.202.141.206:34516 disconnected from CoralMUD!
