 INFO LOG: May_18_20:47: Logging enabled.   Loading logs.rb.
 INFO LOG: May_18_20:47: Loading facade.rb
 INFO LOG: May_18_20:47: Loading query_list.rb
 INFO LOG: May_18_20:47: Loading utils.rb
 INFO LOG: May_18_20:47: Loading constants.rb
 INFO LOG: May_18_20:47: Loading damage.rb
 INFO LOG: May_18_20:47: Loading class_property.rb
 INFO LOG: May_18_20:47: Loading scripts.rb
 INFO LOG: May_18_20:47: Loading tags.rb
 INFO LOG: May_18_20:47: Loading editor/editors.rb
 INFO LOG: May_18_20:47: Loading editor/editor.strings.rb
 INFO LOG: May_18_20:47: Loading editor/editor.rooms.rb
 INFO LOG: May_18_20:47: Loading editor/editor.exits.rb
 INFO LOG: May_18_20:47: Loading editor/editor.zones.rb
 INFO LOG: May_18_20:47: Loading editor/editor.npc.rb
 INFO LOG: May_18_20:47: Loading editor/editor.items.rb
 INFO LOG: May_18_20:47: Loading mxp.rb
 INFO LOG: May_18_20:47: Loading mccp.rb
 INFO LOG: May_18_20:47: Loading flags.rb
 INFO LOG: May_18_20:47: Loading areas.rb
 INFO LOG: May_18_20:47: Loading security.rb
 INFO LOG: May_18_20:47: Loading event.rb
 INFO LOG: May_18_20:47: Loading automap/automap.rb
 INFO LOG: May_18_20:47: Loading cities.olc.rb
 INFO LOG: May_18_20:47: Loading cities.rb
 INFO LOG: May_18_20:47: Loading sector definitions.
 INFO LOG: May_18_20:47: Loading help.rb
 INFO LOG: May_18_20:47: Loading imcruby.rb
 INFO LOG: May_18_20:47: Loading player.rb
 INFO LOG: May_18_20:47: Loading commands.rb
 INFO LOG: May_18_20:47: Loading editor/editor.player.rb
 INFO LOG: May_18_20:47: Loading random.rb
 INFO LOG: May_18_20:47: Loading npc.rb
 INFO LOG: May_18_20:47: Loading items/types.rb
 INFO LOG: May_18_20:47: Loading items/items.rb
 INFO LOG: May_18_20:47: Loading spells.rb
 INFO LOG: May_18_20:47: Loading all zones.
 INFO LOG: May_18_20:47: Starting server.
 INFO LOG: May_18_20:47: CoralMUD is now up on port 4000.
 INFO LOG: May_18_20:47: -- 76.202.141.206:39914 connected to CoralMUD!
 INFO LOG: May_18_20:47: -- 76.202.141.206:39914: Retnur is trying to connect.
 INFO LOG: May_18_20:47: -- 76.202.141.206:39914: Retnur player file found.
 INFO LOG: May_18_20:47: -- Retnur has entered the game.
 INFO LOG: May_18_20:47: -- 127.0.0.1:55132 connected to CoralMUD!
 INFO LOG: May_18_20:47: -- 127.0.0.1:55132: Retnur is trying to connect.
 INFO LOG: May_18_20:47: -- 127.0.0.1:55132: Retnur player file found.
 INFO LOG: May_18_20:47: -- 127.0.0.1:55132: #<Player:0x00000003364388> has reconnected.
 INFO LOG: May_18_20:47: -- #<Player:0x00000003364388>:76.202.141.206:39914 disconnected from CoralMUD!
 INFO LOG: May_18_20:48: -- 76.202.141.206:38840 connected to CoralMUD!
 INFO LOG: May_18_20:48: -- 76.202.141.206:38840: Retnur is trying to connect.
 INFO LOG: May_18_20:48: -- 76.202.141.206:38840: Retnur player file found.
 INFO LOG: May_18_20:48: -- 76.202.141.206:38840: #<Player:0x00000003364388> has reconnected.
 INFO LOG: May_18_20:48: -- #<Player:0x00000003364388>:127.0.0.1:55132 disconnected from CoralMUD!
 INFO LOG: May_18_20:49: tick!!!
 INFO LOG: May_18_20:51: tick!!!
 INFO LOG: May_18_20:53: tick!!!
 INFO LOG: May_18_20:55: tick!!!
 INFO LOG: May_18_20:57: tick!!!
 INFO LOG: May_18_20:59: tick!!!
 INFO LOG: May_18_21:01: tick!!!
 INFO LOG: May_18_21:03: tick!!!
 INFO LOG: May_18_21:05: tick!!!
 INFO LOG: May_18_21:07: tick!!!
 INFO LOG: May_18_21:09: tick!!!
 INFO LOG: May_18_21:11: tick!!!
 INFO LOG: May_18_21:13: tick!!!
 INFO LOG: May_18_21:15: tick!!!
 INFO LOG: May_18_21:17: tick!!!
 INFO LOG: May_18_21:19: tick!!!
 INFO LOG: May_18_21:21: tick!!!
 INFO LOG: May_18_21:23: tick!!!
 INFO LOG: May_18_21:25: tick!!!
 INFO LOG: May_18_21:27: tick!!!
 INFO LOG: May_18_21:29: tick!!!
 INFO LOG: May_18_21:31: tick!!!
 INFO LOG: May_18_21:33: tick!!!
 INFO LOG: May_18_21:35: tick!!!
 INFO LOG: May_18_21:37: tick!!!
 INFO LOG: May_18_21:39: tick!!!
 INFO LOG: May_18_21:41: tick!!!
 INFO LOG: May_18_21:43: tick!!!
 INFO LOG: May_18_21:45: tick!!!
 INFO LOG: May_18_21:47: tick!!!
 INFO LOG: May_18_21:49: tick!!!
 INFO LOG: May_18_21:51: tick!!!
 INFO LOG: May_18_21:53: tick!!!
 INFO LOG: May_18_21:55: tick!!!
 INFO LOG: May_18_21:57: tick!!!
 INFO LOG: May_18_21:59: tick!!!
 INFO LOG: May_18_22:01: tick!!!
 INFO LOG: May_18_22:03: tick!!!
 INFO LOG: May_18_22:05: tick!!!
 INFO LOG: May_18_22:07: tick!!!
 INFO LOG: May_18_22:09: tick!!!
 INFO LOG: May_18_22:11: tick!!!
 INFO LOG: May_18_22:13: tick!!!
 INFO LOG: May_18_22:15: tick!!!
 INFO LOG: May_18_22:17: tick!!!
 INFO LOG: May_18_22:19: tick!!!
 INFO LOG: May_18_22:21: tick!!!
 INFO LOG: May_18_22:23: tick!!!
 INFO LOG: May_18_22:25: tick!!!
 INFO LOG: May_18_22:27: tick!!!
 INFO LOG: May_18_22:29: tick!!!
 INFO LOG: May_18_22:31: tick!!!
 INFO LOG: May_18_22:33: tick!!!
 INFO LOG: May_18_22:35: tick!!!
 INFO LOG: May_18_22:37: tick!!!
 INFO LOG: May_18_22:39: tick!!!
 INFO LOG: May_18_22:41: tick!!!
 INFO LOG: May_18_22:43: tick!!!
 INFO LOG: May_18_22:45: tick!!!
 INFO LOG: May_18_22:47: tick!!!
 INFO LOG: May_18_22:49: tick!!!
 INFO LOG: May_18_22:51: tick!!!
 INFO LOG: May_18_22:53: tick!!!
 INFO LOG: May_18_22:55: tick!!!
 INFO LOG: May_18_22:57: tick!!!
 INFO LOG: May_18_22:59: tick!!!
 INFO LOG: May_18_23:01: tick!!!
 INFO LOG: May_18_23:03: tick!!!
 INFO LOG: May_18_23:05: tick!!!
 INFO LOG: May_18_23:07: tick!!!
 INFO LOG: May_18_23:09: tick!!!
 INFO LOG: May_18_23:11: tick!!!
 INFO LOG: May_18_23:13: tick!!!
 INFO LOG: May_18_23:15: tick!!!
 INFO LOG: May_18_23:17: tick!!!
 INFO LOG: May_18_23:19: tick!!!
 INFO LOG: May_18_23:21: tick!!!
 INFO LOG: May_18_23:23: tick!!!
 INFO LOG: May_18_23:25: tick!!!
 INFO LOG: May_18_23:27: tick!!!
 INFO LOG: May_18_23:29: tick!!!
 INFO LOG: May_18_23:31: tick!!!
 INFO LOG: May_18_23:33: tick!!!
 INFO LOG: May_18_23:35: tick!!!
 INFO LOG: May_18_23:37: tick!!!
 INFO LOG: May_18_23:39: tick!!!
 INFO LOG: May_18_23:41: tick!!!
 INFO LOG: May_18_23:43: tick!!!
 INFO LOG: May_18_23:45: tick!!!
 INFO LOG: May_18_23:47: tick!!!
 INFO LOG: May_18_23:49: tick!!!
 INFO LOG: May_18_23:51: tick!!!
 INFO LOG: May_18_23:53: tick!!!
 INFO LOG: May_18_23:55: tick!!!
 INFO LOG: May_18_23:57: tick!!!
 INFO LOG: May_18_23:59: tick!!!
 INFO LOG: May_19_00:01: tick!!!
 INFO LOG: May_19_00:03: tick!!!
 INFO LOG: May_19_00:05: tick!!!
 INFO LOG: May_19_00:07: tick!!!
 INFO LOG: May_19_00:09: tick!!!
 INFO LOG: May_19_00:11: tick!!!
 INFO LOG: May_19_00:13: tick!!!
 INFO LOG: May_19_00:15: tick!!!
 INFO LOG: May_19_00:17: tick!!!
 INFO LOG: May_19_00:19: tick!!!
 INFO LOG: May_19_00:21: tick!!!
 INFO LOG: May_19_00:23: tick!!!
 INFO LOG: May_19_00:25: tick!!!
 INFO LOG: May_19_00:27: tick!!!
 INFO LOG: May_19_00:29: tick!!!
 INFO LOG: May_19_00:31: tick!!!
 INFO LOG: May_19_00:33: tick!!!
 INFO LOG: May_19_00:35: tick!!!
 INFO LOG: May_19_00:37: tick!!!
 INFO LOG: May_19_00:39: tick!!!
 INFO LOG: May_19_00:41: tick!!!
 INFO LOG: May_19_00:43: tick!!!
 INFO LOG: May_19_00:45: tick!!!
 INFO LOG: May_19_00:47: tick!!!
 INFO LOG: May_19_00:49: tick!!!
 INFO LOG: May_19_00:51: tick!!!
 INFO LOG: May_19_00:53: tick!!!
 INFO LOG: May_19_00:55: tick!!!
 INFO LOG: May_19_00:57: tick!!!
 INFO LOG: May_19_00:59: tick!!!
 INFO LOG: May_19_01:01: tick!!!
 INFO LOG: May_19_01:03: tick!!!
 INFO LOG: May_19_01:05: tick!!!
 INFO LOG: May_19_01:07: tick!!!
 INFO LOG: May_19_01:09: tick!!!
 INFO LOG: May_19_01:11: tick!!!
 INFO LOG: May_19_01:13: tick!!!
 INFO LOG: May_19_01:15: tick!!!
 INFO LOG: May_19_01:17: tick!!!
 INFO LOG: May_19_01:19: tick!!!
 INFO LOG: May_19_01:21: tick!!!
 INFO LOG: May_19_01:23: tick!!!
 INFO LOG: May_19_01:25: tick!!!
 INFO LOG: May_19_01:27: tick!!!
 INFO LOG: May_19_01:29: tick!!!
 INFO LOG: May_19_01:31: tick!!!
 INFO LOG: May_19_01:33: tick!!!
 INFO LOG: May_19_01:35: tick!!!
 INFO LOG: May_19_01:37: tick!!!
 INFO LOG: May_19_01:39: tick!!!
 INFO LOG: May_19_01:41: tick!!!
 INFO LOG: May_19_01:43: tick!!!
 INFO LOG: May_19_01:45: tick!!!
 INFO LOG: May_19_01:47: tick!!!
 INFO LOG: May_19_01:49: tick!!!
 INFO LOG: May_19_01:51: tick!!!
 INFO LOG: May_19_01:53: tick!!!
 INFO LOG: May_19_01:55: tick!!!
 INFO LOG: May_19_01:57: tick!!!
 INFO LOG: May_19_01:59: tick!!!
 INFO LOG: May_19_02:01: tick!!!
 INFO LOG: May_19_02:03: tick!!!
 INFO LOG: May_19_02:05: tick!!!
 INFO LOG: May_19_02:07: tick!!!
 INFO LOG: May_19_02:09: tick!!!
 INFO LOG: May_19_02:11: tick!!!
 INFO LOG: May_19_02:13: tick!!!
 INFO LOG: May_19_02:15: tick!!!
 INFO LOG: May_19_02:17: tick!!!
 INFO LOG: May_19_02:19: tick!!!
 INFO LOG: May_19_02:21: tick!!!
 INFO LOG: May_19_02:23: tick!!!
 INFO LOG: May_19_02:25: tick!!!
 INFO LOG: May_19_02:27: tick!!!
 INFO LOG: May_19_02:29: tick!!!
 INFO LOG: May_19_02:31: tick!!!
 INFO LOG: May_19_02:33: tick!!!
 INFO LOG: May_19_02:35: tick!!!
 INFO LOG: May_19_02:37: tick!!!
 INFO LOG: May_19_02:39: tick!!!
 INFO LOG: May_19_02:41: tick!!!
 INFO LOG: May_19_02:43: tick!!!
 INFO LOG: May_19_02:45: tick!!!
 INFO LOG: May_19_02:47: tick!!!
 INFO LOG: May_19_02:49: tick!!!
 INFO LOG: May_19_02:51: tick!!!
 INFO LOG: May_19_02:53: tick!!!
 INFO LOG: May_19_02:55: tick!!!
 INFO LOG: May_19_02:57: tick!!!
 INFO LOG: May_19_02:59: tick!!!
 INFO LOG: May_19_03:01: tick!!!
 INFO LOG: May_19_03:03: tick!!!
 INFO LOG: May_19_03:05: tick!!!
 INFO LOG: May_19_03:07: tick!!!
 INFO LOG: May_19_03:09: tick!!!
 INFO LOG: May_19_03:11: tick!!!
 INFO LOG: May_19_03:13: tick!!!
 INFO LOG: May_19_03:15: tick!!!
 INFO LOG: May_19_03:17: tick!!!
 INFO LOG: May_19_03:19: tick!!!
 INFO LOG: May_19_03:21: tick!!!
 INFO LOG: May_19_03:23: tick!!!
 INFO LOG: May_19_03:25: tick!!!
 INFO LOG: May_19_03:27: tick!!!
 INFO LOG: May_19_03:29: tick!!!
 INFO LOG: May_19_03:31: tick!!!
 INFO LOG: May_19_03:33: tick!!!
 INFO LOG: May_19_03:35: tick!!!
 INFO LOG: May_19_03:37: tick!!!
 INFO LOG: May_19_03:39: tick!!!
 INFO LOG: May_19_03:41: tick!!!
 INFO LOG: May_19_03:43: tick!!!
 INFO LOG: May_19_03:45: tick!!!
 INFO LOG: May_19_03:47: tick!!!
 INFO LOG: May_19_03:49: tick!!!
 INFO LOG: May_19_03:51: tick!!!
 INFO LOG: May_19_03:53: tick!!!
 INFO LOG: May_19_03:55: tick!!!
 INFO LOG: May_19_03:57: tick!!!
 INFO LOG: May_19_03:59: tick!!!
 INFO LOG: May_19_04:01: tick!!!
 INFO LOG: May_19_04:03: tick!!!
 INFO LOG: May_19_04:05: tick!!!
 INFO LOG: May_19_04:07: tick!!!
 INFO LOG: May_19_04:09: tick!!!
 INFO LOG: May_19_04:11: tick!!!
 INFO LOG: May_19_04:13: tick!!!
 INFO LOG: May_19_04:15: tick!!!
 INFO LOG: May_19_04:17: tick!!!
 INFO LOG: May_19_04:19: tick!!!
 INFO LOG: May_19_04:21: tick!!!
 INFO LOG: May_19_04:23: tick!!!
 INFO LOG: May_19_04:25: tick!!!
 INFO LOG: May_19_04:27: tick!!!
 INFO LOG: May_19_04:29: tick!!!
 INFO LOG: May_19_04:31: tick!!!
 INFO LOG: May_19_04:33: tick!!!
 INFO LOG: May_19_04:35: tick!!!
 INFO LOG: May_19_04:37: tick!!!
 INFO LOG: May_19_04:39: tick!!!
 INFO LOG: May_19_04:41: tick!!!
 INFO LOG: May_19_04:43: tick!!!
 INFO LOG: May_19_04:45: tick!!!
 INFO LOG: May_19_04:47: tick!!!
 INFO LOG: May_19_04:49: tick!!!
 INFO LOG: May_19_04:51: tick!!!
 INFO LOG: May_19_04:53: tick!!!
 INFO LOG: May_19_04:55: tick!!!
 INFO LOG: May_19_04:57: tick!!!
 INFO LOG: May_19_04:59: tick!!!
 INFO LOG: May_19_05:01: tick!!!
 INFO LOG: May_19_05:03: tick!!!
 INFO LOG: May_19_05:05: tick!!!
 INFO LOG: May_19_05:07: tick!!!
 INFO LOG: May_19_05:09: tick!!!
 INFO LOG: May_19_05:11: tick!!!
 INFO LOG: May_19_05:13: tick!!!
 INFO LOG: May_19_05:15: tick!!!
 INFO LOG: May_19_05:17: tick!!!
 INFO LOG: May_19_05:19: tick!!!
 INFO LOG: May_19_05:21: tick!!!
 INFO LOG: May_19_05:23: tick!!!
 INFO LOG: May_19_05:25: tick!!!
 INFO LOG: May_19_05:27: tick!!!
 INFO LOG: May_19_05:29: tick!!!
 INFO LOG: May_19_05:31: tick!!!
 INFO LOG: May_19_05:33: tick!!!
 INFO LOG: May_19_05:35: tick!!!
 INFO LOG: May_19_05:37: tick!!!
 INFO LOG: May_19_05:39: tick!!!
 INFO LOG: May_19_05:41: tick!!!
 INFO LOG: May_19_05:43: tick!!!
 INFO LOG: May_19_05:45: tick!!!
 INFO LOG: May_19_05:47: tick!!!
 INFO LOG: May_19_05:49: tick!!!
 INFO LOG: May_19_05:51: tick!!!
 INFO LOG: May_19_05:53: tick!!!
 INFO LOG: May_19_05:55: tick!!!
 INFO LOG: May_19_05:57: tick!!!
 INFO LOG: May_19_05:59: tick!!!
 INFO LOG: May_19_06:01: tick!!!
 INFO LOG: May_19_06:03: tick!!!
 INFO LOG: May_19_06:05: tick!!!
 INFO LOG: May_19_06:07: tick!!!
 INFO LOG: May_19_06:09: tick!!!
 INFO LOG: May_19_06:11: tick!!!
 INFO LOG: May_19_06:13: tick!!!
 INFO LOG: May_19_06:15: tick!!!
 INFO LOG: May_19_06:17: tick!!!
 INFO LOG: May_19_06:19: tick!!!
 INFO LOG: May_19_06:21: tick!!!
 INFO LOG: May_19_06:23: tick!!!
 INFO LOG: May_19_06:25: tick!!!
 INFO LOG: May_19_06:27: tick!!!
 INFO LOG: May_19_06:29: tick!!!
 INFO LOG: May_19_06:31: tick!!!
 INFO LOG: May_19_06:33: tick!!!
 INFO LOG: May_19_06:35: tick!!!
 INFO LOG: May_19_06:37: tick!!!
 INFO LOG: May_19_06:39: tick!!!
 INFO LOG: May_19_06:41: tick!!!
 INFO LOG: May_19_06:43: tick!!!
 INFO LOG: May_19_06:45: tick!!!
 INFO LOG: May_19_06:47: tick!!!
 INFO LOG: May_19_06:49: tick!!!
 INFO LOG: May_19_06:51: tick!!!
 INFO LOG: May_19_06:53: tick!!!
 INFO LOG: May_19_06:55: tick!!!
 INFO LOG: May_19_06:57: tick!!!
 INFO LOG: May_19_06:59: tick!!!
 INFO LOG: May_19_07:02: tick!!!
 INFO LOG: May_19_07:04: tick!!!
 INFO LOG: May_19_07:06: tick!!!
 INFO LOG: May_19_07:08: tick!!!
 INFO LOG: May_19_07:10: tick!!!
 INFO LOG: May_19_07:12: tick!!!
 INFO LOG: May_19_07:14: tick!!!
 INFO LOG: May_19_07:16: tick!!!
 INFO LOG: May_19_07:18: tick!!!
 INFO LOG: May_19_07:20: tick!!!
 INFO LOG: May_19_07:22: tick!!!
 INFO LOG: May_19_07:24: tick!!!
 INFO LOG: May_19_07:26: tick!!!
 INFO LOG: May_19_07:28: tick!!!
 INFO LOG: May_19_07:30: tick!!!
 INFO LOG: May_19_07:32: tick!!!
 INFO LOG: May_19_07:34: tick!!!
 INFO LOG: May_19_07:36: tick!!!
 INFO LOG: May_19_07:38: tick!!!
 INFO LOG: May_19_07:40: tick!!!
 INFO LOG: May_19_07:42: tick!!!
 INFO LOG: May_19_07:44: tick!!!
 INFO LOG: May_19_07:46: tick!!!
 INFO LOG: May_19_07:48: tick!!!
 INFO LOG: May_19_07:50: tick!!!
 INFO LOG: May_19_07:52: tick!!!
 INFO LOG: May_19_07:54: tick!!!
 INFO LOG: May_19_07:56: tick!!!
 INFO LOG: May_19_07:58: tick!!!
 INFO LOG: May_19_08:00: tick!!!
 INFO LOG: May_19_08:02: tick!!!
 INFO LOG: May_19_08:04: tick!!!
 INFO LOG: May_19_08:06: tick!!!
 INFO LOG: May_19_08:08: tick!!!
 INFO LOG: May_19_08:10: tick!!!
 INFO LOG: May_19_08:12: tick!!!
 INFO LOG: May_19_08:12: -- #<Player:0x00000003364388>:76.202.141.206:38840 disconnected from CoralMUD!
 INFO LOG: May_19_08:14: tick!!!
 INFO LOG: May_19_08:16: tick!!!
 INFO LOG: May_19_08:18: tick!!!
 INFO LOG: May_19_08:20: tick!!!
 INFO LOG: May_19_08:22: tick!!!
 INFO LOG: May_19_08:24: tick!!!
 INFO LOG: May_19_08:26: tick!!!
 INFO LOG: May_19_08:28: tick!!!
 INFO LOG: May_19_08:30: tick!!!
 INFO LOG: May_19_08:32: tick!!!
 INFO LOG: May_19_08:34: tick!!!
 INFO LOG: May_19_08:36: tick!!!
 INFO LOG: May_19_08:38: tick!!!
 INFO LOG: May_19_08:40: tick!!!
 INFO LOG: May_19_08:42: tick!!!
 INFO LOG: May_19_08:44: tick!!!
 INFO LOG: May_19_08:46: tick!!!
 INFO LOG: May_19_08:48: tick!!!
 INFO LOG: May_19_08:50: tick!!!
 INFO LOG: May_19_08:52: tick!!!
 INFO LOG: May_19_08:54: tick!!!
 INFO LOG: May_19_08:54: -- 76.202.141.206:43156 connected to CoralMUD!
 INFO LOG: May_19_08:54: -- 76.202.141.206:43156: Retnur is trying to connect.
 INFO LOG: May_19_08:54: -- 76.202.141.206:43156: Retnur player file found.
 INFO LOG: May_19_08:54: -- 76.202.141.206:43156: #<Player:0x00000003364388> has reconnected.
 INFO LOG: May_19_08:54: -- #<Player:0x00000003364388>:76.202.141.206:43156 disconnected from CoralMUD!
