 INFO LOG: May__3_20:42: Logging enabled.   Loading logs.rb.
 INFO LOG: May__3_20:42: Loading facade.rb
 INFO LOG: May__3_20:42: Loading query_list.rb
 INFO LOG: May__3_20:42: Loading utils.rb
 INFO LOG: May__3_20:42: Loading constants.rb
 INFO LOG: May__3_20:42: Loading class_property.rb
 INFO LOG: May__3_20:42: Loading scripts.rb
 INFO LOG: May__3_20:42: Loading tags.rb
 INFO LOG: May__3_20:42: Loading editor/editors.rb
 INFO LOG: May__3_20:42: Loading editor/editor.strings.rb
 INFO LOG: May__3_20:42: Loading editor/editor.rooms.rb
 INFO LOG: May__3_20:42: Loading editor/editor.exits.rb
 INFO LOG: May__3_20:42: Loading editor/editor.zones.rb
 INFO LOG: May__3_20:42: Loading editor/editor.npc.rb
 INFO LOG: May__3_20:42: Loading editor/editor.items.rb
 INFO LOG: May__3_20:42: Loading mxp.rb
 INFO LOG: May__3_20:42: Loading mccp.rb
 INFO LOG: May__3_20:42: Loading flags.rb
 INFO LOG: May__3_20:42: Loading damage.rb
 INFO LOG: May__3_20:42: Loading areas.rb
 INFO LOG: May__3_20:42: Loading event.rb
 INFO LOG: May__3_20:42: Loading automap/automap.rb
 INFO LOG: May__3_20:42: Loading cities.olc.rb
 INFO LOG: May__3_20:42: Loading cities.rb
 INFO LOG: May__3_20:42: Loading sector definitions.
 INFO LOG: May__3_20:42: Loading help.rb
 INFO LOG: May__3_20:42: Loading imcruby.rb
 INFO LOG: May__3_20:42: Loading player.rb
 INFO LOG: May__3_20:42: Loading commands.rb
 INFO LOG: May__3_20:42: Loading random.rb
 INFO LOG: May__3_20:42: Loading npc.rb
 INFO LOG: May__3_20:42: Loading items.rb
 INFO LOG: May__3_20:42: Loading spells.rb
 INFO LOG: May__3_20:42: Loading all zones.
 INFO LOG: May__3_20:42: Starting server.
 INFO LOG: May__3_20:42: CoralMUD is now up on port 4000.
 INFO LOG: May__3_20:42: -- 76.202.141.206:43373 connected to CoralMUD!
 INFO LOG: May__3_20:42: -- 76.202.141.206:43373: Retnur is trying to connect.
 INFO LOG: May__3_20:42: -- 76.202.141.206:43373: Retnur player file found.
 INFO LOG: May__3_20:42: -- Retnur has entered the game.
ERROR LOG: undefined method `accept' for #<Item:0x00000001038a58>
ERROR LOG: /home/heath/coral/lib/facade.rb:43:in `method_missing'
ERROR LOG: /home/heath/coral/lib/commands/put.rb:9:in `block in cmd_put'
ERROR LOG: /home/heath/coral/lib/commands/put.rb:7:in `each'
ERROR LOG: /home/heath/coral/lib/commands/put.rb:7:in `cmd_put'
ERROR LOG: /home/heath/coral/lib/commands.rb:231:in `execute_command'
ERROR LOG: /home/heath/coral/core/socketengine.rb:169:in `block in handle_cmd_input'
ERROR LOG: /home/heath/coral/core/socketengine.rb:168:in `times'
ERROR LOG: /home/heath/coral/core/socketengine.rb:168:in `handle_cmd_input'
ERROR LOG: /home/heath/coral/core/socketengine.rb:135:in `receive_data'
ERROR LOG: /usr/local/lib/ruby/gems/1.9.1/gems/eventmachine-0.12.8/lib/eventmachine.rb:242:in `run_machine'
ERROR LOG: /usr/local/lib/ruby/gems/1.9.1/gems/eventmachine-0.12.8/lib/eventmachine.rb:242:in `run'
ERROR LOG: coral.rb:168:in `<main>'
 INFO LOG: May__3_20:44: tick!!!
 INFO LOG: May__3_20:46: tick!!!
 INFO LOG: May__3_20:48: tick!!!
 INFO LOG: May__3_20:50: tick!!!
 INFO LOG: May__3_20:52: tick!!!
 INFO LOG: May__3_20:54: tick!!!
 INFO LOG: May__3_20:56: tick!!!
 INFO LOG: May__3_20:58: tick!!!
 INFO LOG: May__3_21:00: tick!!!
 INFO LOG: May__3_21:02: tick!!!
 INFO LOG: May__3_21:04: tick!!!
 INFO LOG: May__3_21:06: tick!!!
 INFO LOG: May__3_21:08: tick!!!
 INFO LOG: May__3_21:10: tick!!!
 INFO LOG: May__3_21:12: tick!!!
 INFO LOG: May__3_21:14: tick!!!
 INFO LOG: May__3_21:16: tick!!!
 INFO LOG: May__3_21:18: tick!!!
 INFO LOG: May__3_21:20: tick!!!
 INFO LOG: May__3_21:22: tick!!!
 INFO LOG: May__3_21:24: tick!!!
 INFO LOG: May__3_21:26: tick!!!
 INFO LOG: May__3_21:28: tick!!!
 INFO LOG: May__3_21:30: tick!!!
 INFO LOG: May__3_21:32: tick!!!
 INFO LOG: May__3_21:34: tick!!!
 INFO LOG: May__3_21:36: tick!!!
 INFO LOG: May__3_21:38: tick!!!
 INFO LOG: May__3_21:39: Loading items.rb
 INFO LOG: May__3_21:39: -- #<Player:0x00000000e2c3b8>:76.202.141.206:43373 disconnected from CoralMUD!
 INFO LOG: May__3_21:39: Logging enabled.   Loading logs.rb.
 INFO LOG: May__3_21:39: Loading facade.rb
 INFO LOG: May__3_21:39: Loading query_list.rb
 INFO LOG: May__3_21:39: Loading utils.rb
 INFO LOG: May__3_21:39: Loading constants.rb
 INFO LOG: May__3_21:39: Loading class_property.rb
 INFO LOG: May__3_21:39: Loading scripts.rb
 INFO LOG: May__3_21:39: Loading tags.rb
 INFO LOG: May__3_21:39: Loading editor/editors.rb
 INFO LOG: May__3_21:39: Loading editor/editor.strings.rb
 INFO LOG: May__3_21:39: Loading editor/editor.rooms.rb
 INFO LOG: May__3_21:39: Loading editor/editor.exits.rb
 INFO LOG: May__3_21:39: Loading editor/editor.zones.rb
 INFO LOG: May__3_21:39: Loading editor/editor.npc.rb
 INFO LOG: May__3_21:39: Loading editor/editor.items.rb
 INFO LOG: May__3_21:39: Loading mxp.rb
 INFO LOG: May__3_21:39: Loading mccp.rb
 INFO LOG: May__3_21:39: Loading flags.rb
 INFO LOG: May__3_21:39: Loading damage.rb
 INFO LOG: May__3_21:39: Loading areas.rb
 INFO LOG: May__3_21:39: Loading event.rb
 INFO LOG: May__3_21:39: Loading automap/automap.rb
 INFO LOG: May__3_21:39: Loading cities.olc.rb
 INFO LOG: May__3_21:39: Loading cities.rb
 INFO LOG: May__3_21:39: Loading sector definitions.
 INFO LOG: May__3_21:39: Loading help.rb
 INFO LOG: May__3_21:39: Loading imcruby.rb
 INFO LOG: May__3_21:39: Loading player.rb
 INFO LOG: May__3_21:39: Loading commands.rb
 INFO LOG: May__3_21:39: Loading random.rb
 INFO LOG: May__3_21:39: Loading npc.rb
 INFO LOG: May__3_21:39: Loading items.rb
 INFO LOG: May__3_21:40: Logging enabled.   Loading logs.rb.
 INFO LOG: May__3_21:40: Loading facade.rb
 INFO LOG: May__3_21:40: Loading query_list.rb
 INFO LOG: May__3_21:40: Loading utils.rb
 INFO LOG: May__3_21:40: Loading constants.rb
 INFO LOG: May__3_21:40: Loading class_property.rb
 INFO LOG: May__3_21:40: Loading scripts.rb
 INFO LOG: May__3_21:40: Loading tags.rb
 INFO LOG: May__3_21:40: Loading editor/editors.rb
 INFO LOG: May__3_21:40: Loading editor/editor.strings.rb
 INFO LOG: May__3_21:40: Loading editor/editor.rooms.rb
 INFO LOG: May__3_21:40: Loading editor/editor.exits.rb
 INFO LOG: May__3_21:40: Loading editor/editor.zones.rb
 INFO LOG: May__3_21:40: Loading editor/editor.npc.rb
 INFO LOG: May__3_21:40: Loading editor/editor.items.rb
 INFO LOG: May__3_21:40: Loading mxp.rb
 INFO LOG: May__3_21:40: Loading mccp.rb
 INFO LOG: May__3_21:40: Loading flags.rb
 INFO LOG: May__3_21:40: Loading damage.rb
 INFO LOG: May__3_21:40: Loading areas.rb
 INFO LOG: May__3_21:40: Loading event.rb
 INFO LOG: May__3_21:40: Loading automap/automap.rb
 INFO LOG: May__3_21:40: Loading cities.olc.rb
 INFO LOG: May__3_21:40: Loading cities.rb
 INFO LOG: May__3_21:40: Loading sector definitions.
 INFO LOG: May__3_21:40: Loading help.rb
 INFO LOG: May__3_21:40: Loading imcruby.rb
 INFO LOG: May__3_21:40: Loading player.rb
 INFO LOG: May__3_21:40: Loading commands.rb
 INFO LOG: May__3_21:40: Loading random.rb
 INFO LOG: May__3_21:40: Loading npc.rb
 INFO LOG: May__3_21:40: Loading items.rb
 INFO LOG: May__3_21:40: Loading spells.rb
 INFO LOG: May__3_21:40: Loading all zones.
 INFO LOG: May__3_21:40: Starting server.
 INFO LOG: May__3_21:40: CoralMUD is now up on port 4000.
 INFO LOG: May__3_21:40: -- 76.202.141.206:43336 connected to CoralMUD!
 INFO LOG: May__3_21:40: -- 76.202.141.206:43336: Retnur is trying to connect.
 INFO LOG: May__3_21:40: -- 76.202.141.206:43336: Retnur player file found.
 INFO LOG: May__3_21:40: -- Retnur has entered the game.
 INFO LOG: May__3_21:42: tick!!!
 INFO LOG: May__3_21:44: tick!!!
 INFO LOG: May__3_21:46: tick!!!
 INFO LOG: May__3_21:48: tick!!!
 INFO LOG: May__3_21:50: tick!!!
 INFO LOG: May__3_21:52: tick!!!
 INFO LOG: May__3_21:54: tick!!!
 INFO LOG: May__3_21:56: tick!!!
 INFO LOG: May__3_21:58: tick!!!
 INFO LOG: May__3_22:00: tick!!!
 INFO LOG: May__3_22:02: tick!!!
 INFO LOG: May__3_22:04: tick!!!
 INFO LOG: May__3_22:06: tick!!!
 INFO LOG: May__3_22:08: tick!!!
 INFO LOG: May__3_22:10: tick!!!
 INFO LOG: May__3_22:12: tick!!!
 INFO LOG: May__3_22:14: tick!!!
 INFO LOG: May__3_22:16: tick!!!
 INFO LOG: May__3_22:18: tick!!!
 INFO LOG: May__3_22:20: tick!!!
 INFO LOG: May__3_22:22: tick!!!
 INFO LOG: May__3_22:24: tick!!!
 INFO LOG: May__3_22:26: tick!!!
 INFO LOG: May__3_22:28: tick!!!
 INFO LOG: May__3_22:30: tick!!!
 INFO LOG: May__3_22:32: tick!!!
 INFO LOG: May__3_22:34: tick!!!
 INFO LOG: May__3_22:36: tick!!!
 INFO LOG: May__3_22:38: tick!!!
 INFO LOG: May__3_22:40: tick!!!
 INFO LOG: May__3_22:42: tick!!!
 INFO LOG: May__3_22:44: tick!!!
 INFO LOG: May__3_22:46: tick!!!
 INFO LOG: May__3_22:48: tick!!!
 INFO LOG: May__3_22:50: tick!!!
 INFO LOG: May__3_22:52: tick!!!
 INFO LOG: May__3_22:54: tick!!!
 INFO LOG: May__3_22:56: tick!!!
 INFO LOG: May__3_22:58: tick!!!
 INFO LOG: May__3_23:00: tick!!!
 INFO LOG: May__3_23:02: tick!!!
 INFO LOG: May__3_23:04: tick!!!
 INFO LOG: May__3_23:06: tick!!!
 INFO LOG: May__3_23:08: tick!!!
 INFO LOG: May__3_23:10: tick!!!
 INFO LOG: May__3_23:12: tick!!!
 INFO LOG: May__3_23:14: tick!!!
 INFO LOG: May__3_23:16: tick!!!
 INFO LOG: May__3_23:18: tick!!!
 INFO LOG: May__3_23:20: tick!!!
 INFO LOG: May__3_23:22: tick!!!
 INFO LOG: May__3_23:24: tick!!!
 INFO LOG: May__3_23:26: tick!!!
 INFO LOG: May__3_23:28: tick!!!
 INFO LOG: May__3_23:30: tick!!!
 INFO LOG: May__3_23:32: tick!!!
 INFO LOG: May__3_23:34: tick!!!
 INFO LOG: May__3_23:36: tick!!!
 INFO LOG: May__3_23:38: tick!!!
 INFO LOG: May__3_23:40: tick!!!
 INFO LOG: May__3_23:42: tick!!!
 INFO LOG: May__3_23:44: tick!!!
 INFO LOG: May__3_23:46: tick!!!
 INFO LOG: May__3_23:48: tick!!!
 INFO LOG: May__3_23:50: tick!!!
 INFO LOG: May__3_23:52: tick!!!
 INFO LOG: May__3_23:54: tick!!!
 INFO LOG: May__3_23:56: tick!!!
 INFO LOG: May__3_23:58: tick!!!
 INFO LOG: May__4_00:00: tick!!!
 INFO LOG: May__4_00:02: tick!!!
 INFO LOG: May__4_00:04: tick!!!
 INFO LOG: May__4_00:06: tick!!!
 INFO LOG: May__4_00:08: tick!!!
 INFO LOG: May__4_00:10: tick!!!
 INFO LOG: May__4_00:12: tick!!!
 INFO LOG: May__4_00:14: tick!!!
 INFO LOG: May__4_00:16: tick!!!
 INFO LOG: May__4_00:18: tick!!!
 INFO LOG: May__4_00:20: tick!!!
 INFO LOG: May__4_00:22: tick!!!
 INFO LOG: May__4_00:24: tick!!!
 INFO LOG: May__4_00:26: tick!!!
 INFO LOG: May__4_00:28: tick!!!
 INFO LOG: May__4_00:30: tick!!!
 INFO LOG: May__4_00:32: tick!!!
 INFO LOG: May__4_00:34: tick!!!
 INFO LOG: May__4_00:36: tick!!!
 INFO LOG: May__4_00:38: tick!!!
 INFO LOG: May__4_00:40: tick!!!
 INFO LOG: May__4_00:42: tick!!!
 INFO LOG: May__4_00:44: tick!!!
 INFO LOG: May__4_00:46: tick!!!
 INFO LOG: May__4_00:48: tick!!!
 INFO LOG: May__4_00:50: tick!!!
 INFO LOG: May__4_00:52: tick!!!
 INFO LOG: May__4_00:54: tick!!!
 INFO LOG: May__4_00:56: tick!!!
 INFO LOG: May__4_00:58: tick!!!
 INFO LOG: May__4_01:00: tick!!!
 INFO LOG: May__4_01:02: tick!!!
 INFO LOG: May__4_01:04: tick!!!
 INFO LOG: May__4_01:06: tick!!!
 INFO LOG: May__4_01:08: tick!!!
 INFO LOG: May__4_01:10: tick!!!
 INFO LOG: May__4_01:12: tick!!!
 INFO LOG: May__4_01:14: tick!!!
 INFO LOG: May__4_01:16: tick!!!
 INFO LOG: May__4_01:18: tick!!!
 INFO LOG: May__4_01:20: tick!!!
 INFO LOG: May__4_01:22: tick!!!
 INFO LOG: May__4_01:24: tick!!!
 INFO LOG: May__4_01:26: tick!!!
 INFO LOG: May__4_01:28: tick!!!
 INFO LOG: May__4_01:30: tick!!!
 INFO LOG: May__4_01:32: tick!!!
 INFO LOG: May__4_01:34: tick!!!
 INFO LOG: May__4_01:36: tick!!!
 INFO LOG: May__4_01:38: tick!!!
 INFO LOG: May__4_01:40: tick!!!
 INFO LOG: May__4_01:42: tick!!!
 INFO LOG: May__4_01:44: tick!!!
 INFO LOG: May__4_01:46: tick!!!
 INFO LOG: May__4_01:48: tick!!!
 INFO LOG: May__4_01:50: tick!!!
 INFO LOG: May__4_01:52: tick!!!
 INFO LOG: May__4_01:54: tick!!!
 INFO LOG: May__4_01:56: tick!!!
 INFO LOG: May__4_01:58: tick!!!
 INFO LOG: May__4_02:00: tick!!!
 INFO LOG: May__4_02:02: tick!!!
 INFO LOG: May__4_02:04: tick!!!
 INFO LOG: May__4_02:06: tick!!!
 INFO LOG: May__4_02:08: tick!!!
 INFO LOG: May__4_02:10: tick!!!
 INFO LOG: May__4_02:12: tick!!!
 INFO LOG: May__4_02:14: tick!!!
 INFO LOG: May__4_02:16: tick!!!
 INFO LOG: May__4_02:18: tick!!!
 INFO LOG: May__4_02:20: tick!!!
 INFO LOG: May__4_02:22: tick!!!
 INFO LOG: May__4_02:24: tick!!!
 INFO LOG: May__4_02:26: tick!!!
 INFO LOG: May__4_02:28: tick!!!
 INFO LOG: May__4_02:30: tick!!!
 INFO LOG: May__4_02:32: tick!!!
 INFO LOG: May__4_02:34: tick!!!
 INFO LOG: May__4_02:36: tick!!!
 INFO LOG: May__4_02:38: tick!!!
 INFO LOG: May__4_02:40: tick!!!
 INFO LOG: May__4_02:42: tick!!!
 INFO LOG: May__4_02:44: tick!!!
 INFO LOG: May__4_02:46: tick!!!
 INFO LOG: May__4_02:48: tick!!!
 INFO LOG: May__4_02:50: tick!!!
 INFO LOG: May__4_02:52: tick!!!
 INFO LOG: May__4_02:54: tick!!!
 INFO LOG: May__4_02:56: tick!!!
 INFO LOG: May__4_02:58: tick!!!
 INFO LOG: May__4_03:00: tick!!!
 INFO LOG: May__4_03:02: tick!!!
 INFO LOG: May__4_03:04: tick!!!
 INFO LOG: May__4_03:06: tick!!!
 INFO LOG: May__4_03:08: tick!!!
 INFO LOG: May__4_03:10: tick!!!
 INFO LOG: May__4_03:12: tick!!!
 INFO LOG: May__4_03:14: tick!!!
 INFO LOG: May__4_03:16: tick!!!
 INFO LOG: May__4_03:18: tick!!!
 INFO LOG: May__4_03:20: tick!!!
 INFO LOG: May__4_03:22: tick!!!
 INFO LOG: May__4_03:24: tick!!!
 INFO LOG: May__4_03:26: tick!!!
 INFO LOG: May__4_03:28: tick!!!
 INFO LOG: May__4_03:30: tick!!!
 INFO LOG: May__4_03:32: tick!!!
 INFO LOG: May__4_03:34: tick!!!
 INFO LOG: May__4_03:36: tick!!!
 INFO LOG: May__4_03:38: tick!!!
 INFO LOG: May__4_03:40: tick!!!
 INFO LOG: May__4_03:42: tick!!!
 INFO LOG: May__4_03:44: tick!!!
 INFO LOG: May__4_03:46: tick!!!
 INFO LOG: May__4_03:48: tick!!!
 INFO LOG: May__4_03:50: tick!!!
 INFO LOG: May__4_03:52: tick!!!
 INFO LOG: May__4_03:54: tick!!!
 INFO LOG: May__4_03:56: tick!!!
 INFO LOG: May__4_15:55: tick!!!
 INFO LOG: May__4_15:57: tick!!!
 INFO LOG: May__4_15:59: tick!!!
 INFO LOG: May__4_16:01: tick!!!
 INFO LOG: May__4_16:02: -- 76.202.141.206:45606 connected to CoralMUD!
 INFO LOG: May__4_16:02: -- 76.202.141.206:45606: Retnur is trying to connect.
 INFO LOG: May__4_16:02: -- 76.202.141.206:45606: Retnur player file found.
 INFO LOG: May__4_16:02: -- 76.202.141.206:45606: #<Player:0x000000015d15a0> has reconnected.
 INFO LOG: May__4_16:02: -- Retnur has entered the game.
 INFO LOG: May__4_16:02: -- #<Player:0x000000015d15a0>:76.202.141.206:43336 disconnected from CoralMUD!
 INFO LOG: May__4_16:02: -- #<Player:0x000000015d15a0>:76.202.141.206:45606 disconnected from CoralMUD!
