 INFO LOG: May__8_01:34: Logging enabled.   Loading logs.rb.
 INFO LOG: May__8_01:34: Loading facade.rb
 INFO LOG: May__8_01:34: Loading query_list.rb
 INFO LOG: May__8_01:34: Loading utils.rb
 INFO LOG: May__8_01:34: Loading constants.rb
 INFO LOG: May__8_01:34: Loading class_property.rb
 INFO LOG: May__8_01:35: Logging enabled.   Loading logs.rb.
 INFO LOG: May__8_01:35: Loading facade.rb
 INFO LOG: May__8_01:35: Loading query_list.rb
 INFO LOG: May__8_01:35: Loading utils.rb
 INFO LOG: May__8_01:35: Loading constants.rb
 INFO LOG: May__8_01:35: Loading class_property.rb
 INFO LOG: May__8_01:36: Logging enabled.   Loading logs.rb.
 INFO LOG: May__8_01:36: Loading facade.rb
 INFO LOG: May__8_01:36: Loading query_list.rb
 INFO LOG: May__8_01:36: Loading utils.rb
 INFO LOG: May__8_01:36: Loading constants.rb
 INFO LOG: May__8_01:36: Loading damage.rb
 INFO LOG: May__8_01:36: Loading class_property.rb
 INFO LOG: May__8_01:36: Loading scripts.rb
 INFO LOG: May__8_01:36: Loading tags.rb
 INFO LOG: May__8_01:36: Loading editor/editors.rb
 INFO LOG: May__8_01:36: Loading editor/editor.strings.rb
 INFO LOG: May__8_01:36: Loading editor/editor.rooms.rb
 INFO LOG: May__8_01:36: Loading editor/editor.exits.rb
 INFO LOG: May__8_01:36: Loading editor/editor.zones.rb
 INFO LOG: May__8_01:36: Loading editor/editor.npc.rb
 INFO LOG: May__8_01:36: Loading editor/editor.items.rb
 INFO LOG: May__8_01:36: Loading mxp.rb
 INFO LOG: May__8_01:36: Loading mccp.rb
 INFO LOG: May__8_01:36: Loading flags.rb
 INFO LOG: May__8_01:36: Loading areas.rb
 INFO LOG: May__8_01:36: Loading event.rb
 INFO LOG: May__8_01:36: Loading automap/automap.rb
 INFO LOG: May__8_01:36: Loading cities.olc.rb
 INFO LOG: May__8_01:36: Loading cities.rb
 INFO LOG: May__8_01:36: Loading sector definitions.
 INFO LOG: May__8_01:36: Loading help.rb
 INFO LOG: May__8_01:36: Loading imcruby.rb
 INFO LOG: May__8_01:36: Loading player.rb
 INFO LOG: May__8_01:36: Loading commands.rb
 INFO LOG: May__8_01:36: Loading random.rb
 INFO LOG: May__8_01:36: Loading npc.rb
 INFO LOG: May__8_01:36: Loading items.rb
 INFO LOG: May__8_01:36: Loading spells.rb
 INFO LOG: May__8_01:36: Loading all zones.
 INFO LOG: May__8_01:36: Starting server.
 INFO LOG: May__8_01:36: CoralMUD is now up on port 4000.
 INFO LOG: May__8_01:36: -- 76.202.141.206:33731 connected to CoralMUD!
 INFO LOG: May__8_01:36: -- 76.202.141.206:33731: Retnur is trying to connect.
 INFO LOG: May__8_01:36: -- 76.202.141.206:33731: Retnur player file found.
 INFO LOG: May__8_01:36: -- Retnur has entered the game.
ERROR LOG: undefined method `damage' for #<Player:0x000000028cb3b8>
ERROR LOG: /home/heath/coral/lib/commands/test.rb:9:in `cmd_test'
ERROR LOG: /home/heath/coral/lib/commands.rb:276:in `execute_command'
ERROR LOG: /home/heath/coral/core/socketengine.rb:170:in `block in handle_cmd_input'
ERROR LOG: /home/heath/coral/core/socketengine.rb:169:in `times'
ERROR LOG: /home/heath/coral/core/socketengine.rb:169:in `handle_cmd_input'
ERROR LOG: /home/heath/coral/core/socketengine.rb:135:in `receive_data'
ERROR LOG: /usr/local/lib/ruby/gems/1.9.1/gems/eventmachine-0.12.8/lib/eventmachine.rb:242:in `run_machine'
ERROR LOG: /usr/local/lib/ruby/gems/1.9.1/gems/eventmachine-0.12.8/lib/eventmachine.rb:242:in `run'
ERROR LOG: coral.rb:170:in `<main>'
 INFO LOG: May__8_01:37: -- #<Player:0x000000028cb3b8>:76.202.141.206:33731 disconnected from CoralMUD!
 INFO LOG: May__8_01:37: Logging enabled.   Loading logs.rb.
 INFO LOG: May__8_01:37: Loading facade.rb
 INFO LOG: May__8_01:37: Loading query_list.rb
 INFO LOG: May__8_01:37: Loading utils.rb
 INFO LOG: May__8_01:37: Loading constants.rb
 INFO LOG: May__8_01:37: Loading damage.rb
 INFO LOG: May__8_01:37: Loading class_property.rb
 INFO LOG: May__8_01:37: Loading scripts.rb
 INFO LOG: May__8_01:37: Loading tags.rb
 INFO LOG: May__8_01:37: Loading editor/editors.rb
 INFO LOG: May__8_01:37: Loading editor/editor.strings.rb
 INFO LOG: May__8_01:37: Loading editor/editor.rooms.rb
 INFO LOG: May__8_01:37: Loading editor/editor.exits.rb
 INFO LOG: May__8_01:37: Loading editor/editor.zones.rb
 INFO LOG: May__8_01:37: Loading editor/editor.npc.rb
 INFO LOG: May__8_01:37: Loading editor/editor.items.rb
 INFO LOG: May__8_01:37: Loading mxp.rb
 INFO LOG: May__8_01:37: Loading mccp.rb
 INFO LOG: May__8_01:37: Loading flags.rb
 INFO LOG: May__8_01:37: Loading areas.rb
 INFO LOG: May__8_01:37: Loading event.rb
 INFO LOG: May__8_01:37: Loading automap/automap.rb
 INFO LOG: May__8_01:37: Loading cities.olc.rb
 INFO LOG: May__8_01:37: Loading cities.rb
 INFO LOG: May__8_01:37: Loading sector definitions.
 INFO LOG: May__8_01:37: Loading help.rb
 INFO LOG: May__8_01:37: Loading imcruby.rb
 INFO LOG: May__8_01:37: Loading player.rb
 INFO LOG: May__8_01:37: Loading commands.rb
 INFO LOG: May__8_01:37: Loading random.rb
 INFO LOG: May__8_01:37: Loading npc.rb
 INFO LOG: May__8_01:37: Loading items.rb
 INFO LOG: May__8_01:37: Loading spells.rb
 INFO LOG: May__8_01:37: Loading all zones.
 INFO LOG: May__8_01:37: Starting server.
 INFO LOG: May__8_01:37: CoralMUD is now up on port 4000.
 INFO LOG: May__8_01:37: -- 76.202.141.206:58339 connected to CoralMUD!
 INFO LOG: May__8_01:37: -- 76.202.141.206:58339: Retnur is trying to connect.
 INFO LOG: May__8_01:37: -- 76.202.141.206:58339: Retnur player file found.
 INFO LOG: May__8_01:37: -- Retnur has entered the game.
ERROR LOG: undefined local variable or method `count_damage' for #<Player:0x00000001cfb498>
ERROR LOG: /home/heath/coral/lib/damage.rb:7:in `health'
ERROR LOG: /home/heath/coral/lib/commands/test.rb:8:in `cmd_test'
ERROR LOG: /home/heath/coral/lib/commands.rb:276:in `execute_command'
ERROR LOG: /home/heath/coral/core/socketengine.rb:170:in `block in handle_cmd_input'
ERROR LOG: /home/heath/coral/core/socketengine.rb:169:in `times'
ERROR LOG: /home/heath/coral/core/socketengine.rb:169:in `handle_cmd_input'
ERROR LOG: /home/heath/coral/core/socketengine.rb:135:in `receive_data'
ERROR LOG: /usr/local/lib/ruby/gems/1.9.1/gems/eventmachine-0.12.8/lib/eventmachine.rb:242:in `run_machine'
ERROR LOG: /usr/local/lib/ruby/gems/1.9.1/gems/eventmachine-0.12.8/lib/eventmachine.rb:242:in `run'
ERROR LOG: coral.rb:170:in `<main>'
 INFO LOG: May__8_01:37: -- #<Player:0x00000001cfb498>:76.202.141.206:58339 disconnected from CoralMUD!
 INFO LOG: May__8_01:37: Logging enabled.   Loading logs.rb.
 INFO LOG: May__8_01:37: Loading facade.rb
 INFO LOG: May__8_01:37: Loading query_list.rb
 INFO LOG: May__8_01:37: Loading utils.rb
 INFO LOG: May__8_01:37: Loading constants.rb
 INFO LOG: May__8_01:37: Loading damage.rb
 INFO LOG: May__8_01:37: Loading class_property.rb
 INFO LOG: May__8_01:37: Loading scripts.rb
 INFO LOG: May__8_01:37: Loading tags.rb
 INFO LOG: May__8_01:37: Loading editor/editors.rb
 INFO LOG: May__8_01:37: Loading editor/editor.strings.rb
 INFO LOG: May__8_01:37: Loading editor/editor.rooms.rb
 INFO LOG: May__8_01:37: Loading editor/editor.exits.rb
 INFO LOG: May__8_01:37: Loading editor/editor.zones.rb
 INFO LOG: May__8_01:37: Loading editor/editor.npc.rb
 INFO LOG: May__8_01:37: Loading editor/editor.items.rb
 INFO LOG: May__8_01:37: Loading mxp.rb
 INFO LOG: May__8_01:37: Loading mccp.rb
 INFO LOG: May__8_01:37: Loading flags.rb
 INFO LOG: May__8_01:37: Loading areas.rb
 INFO LOG: May__8_01:37: Loading event.rb
 INFO LOG: May__8_01:37: Loading automap/automap.rb
 INFO LOG: May__8_01:37: Loading cities.olc.rb
 INFO LOG: May__8_01:37: Loading cities.rb
 INFO LOG: May__8_01:37: Loading sector definitions.
 INFO LOG: May__8_01:37: Loading help.rb
 INFO LOG: May__8_01:37: Loading imcruby.rb
 INFO LOG: May__8_01:37: Loading player.rb
 INFO LOG: May__8_01:37: Loading commands.rb
 INFO LOG: May__8_01:37: Loading random.rb
 INFO LOG: May__8_01:37: Loading npc.rb
 INFO LOG: May__8_01:37: Loading items.rb
 INFO LOG: May__8_01:37: Loading spells.rb
 INFO LOG: May__8_01:37: Loading all zones.
 INFO LOG: May__8_01:37: Starting server.
 INFO LOG: May__8_01:37: CoralMUD is now up on port 4000.
 INFO LOG: May__8_01:37: -- 76.202.141.206:51704 connected to CoralMUD!
 INFO LOG: May__8_01:37: -- 76.202.141.206:51704: Retnur is trying to connect.
 INFO LOG: May__8_01:37: -- 76.202.141.206:51704: Retnur player file found.
 INFO LOG: May__8_01:37: -- Retnur has entered the game.
 INFO LOG: May__8_01:39: tick!!!
 INFO LOG: May__8_01:41: tick!!!
 INFO LOG: May__8_01:43: tick!!!
 INFO LOG: May__8_01:45: tick!!!
 INFO LOG: May__8_01:47: Loading commands.rb
 INFO LOG: May__8_01:47: tick!!!
ERROR LOG: wrong number of arguments (1 for 2)
ERROR LOG: /home/heath/coral/lib/npc.rb:69:in `initialize'
ERROR LOG: /home/heath/coral/lib/npc.rb:21:in `new'
ERROR LOG: /home/heath/coral/lib/npc.rb:21:in `instance'
ERROR LOG: /home/heath/coral/lib/commands/instance.rb:15:in `cmd_instance'
ERROR LOG: /home/heath/coral/lib/commands.rb:277:in `execute_command'
ERROR LOG: /home/heath/coral/core/socketengine.rb:170:in `block in handle_cmd_input'
ERROR LOG: /home/heath/coral/core/socketengine.rb:169:in `times'
ERROR LOG: /home/heath/coral/core/socketengine.rb:169:in `handle_cmd_input'
ERROR LOG: /home/heath/coral/core/socketengine.rb:135:in `receive_data'
ERROR LOG: /usr/local/lib/ruby/gems/1.9.1/gems/eventmachine-0.12.8/lib/eventmachine.rb:242:in `run_machine'
ERROR LOG: /usr/local/lib/ruby/gems/1.9.1/gems/eventmachine-0.12.8/lib/eventmachine.rb:242:in `run'
ERROR LOG: coral.rb:170:in `<main>'
 INFO LOG: May__8_01:49: Loading commands.rb
 INFO LOG: May__8_01:49: tick!!!
 INFO LOG: May__8_01:51: Loading npc.rb
 INFO LOG: May__8_01:51: tick!!!
 INFO LOG: May__8_01:51: Loading npc.rb
 INFO LOG: May__8_01:52: -- #<Player:0x000000016483f8>:76.202.141.206:51704 disconnected from CoralMUD!
 INFO LOG: May__8_01:52: Logging enabled.   Loading logs.rb.
 INFO LOG: May__8_01:52: Loading facade.rb
 INFO LOG: May__8_01:52: Loading query_list.rb
 INFO LOG: May__8_01:52: Loading utils.rb
 INFO LOG: May__8_01:52: Loading constants.rb
 INFO LOG: May__8_01:52: Loading damage.rb
 INFO LOG: May__8_01:52: Loading class_property.rb
 INFO LOG: May__8_01:52: Loading scripts.rb
 INFO LOG: May__8_01:52: Loading tags.rb
 INFO LOG: May__8_01:52: Loading editor/editors.rb
 INFO LOG: May__8_01:52: Loading editor/editor.strings.rb
 INFO LOG: May__8_01:52: Loading editor/editor.rooms.rb
 INFO LOG: May__8_01:52: Loading editor/editor.exits.rb
 INFO LOG: May__8_01:52: Loading editor/editor.zones.rb
 INFO LOG: May__8_01:52: Loading editor/editor.npc.rb
 INFO LOG: May__8_01:52: Loading editor/editor.items.rb
 INFO LOG: May__8_01:52: Loading mxp.rb
 INFO LOG: May__8_01:52: Loading mccp.rb
 INFO LOG: May__8_01:52: Loading flags.rb
 INFO LOG: May__8_01:52: Loading areas.rb
 INFO LOG: May__8_01:52: Loading event.rb
 INFO LOG: May__8_01:52: Loading automap/automap.rb
 INFO LOG: May__8_01:52: Loading cities.olc.rb
 INFO LOG: May__8_01:52: Loading cities.rb
 INFO LOG: May__8_01:52: Loading sector definitions.
 INFO LOG: May__8_01:52: Loading help.rb
 INFO LOG: May__8_01:52: Loading imcruby.rb
 INFO LOG: May__8_01:52: Loading player.rb
 INFO LOG: May__8_01:52: Loading commands.rb
 INFO LOG: May__8_01:52: Loading random.rb
 INFO LOG: May__8_01:52: Loading npc.rb
 INFO LOG: May__8_01:52: Loading items.rb
 INFO LOG: May__8_01:52: Loading spells.rb
 INFO LOG: May__8_01:52: Loading all zones.
 INFO LOG: May__8_01:52: Starting server.
 INFO LOG: May__8_01:52: CoralMUD is now up on port 4000.
 INFO LOG: May__8_01:52: -- 76.202.141.206:41319 connected to CoralMUD!
 INFO LOG: May__8_01:52: -- 76.202.141.206:41319: Retnur is trying to connect.
 INFO LOG: May__8_01:52: -- 76.202.141.206:41319: Retnur player file found.
 INFO LOG: May__8_01:52: -- Retnur has entered the game.
ERROR LOG: wrong number of arguments (0 for 1)
ERROR LOG: /home/heath/coral/lib/commands/instance.rb:15:in `cmd_instance'
ERROR LOG: /home/heath/coral/lib/commands.rb:277:in `execute_command'
ERROR LOG: /home/heath/coral/core/socketengine.rb:170:in `block in handle_cmd_input'
ERROR LOG: /home/heath/coral/core/socketengine.rb:169:in `times'
ERROR LOG: /home/heath/coral/core/socketengine.rb:169:in `handle_cmd_input'
ERROR LOG: /home/heath/coral/core/socketengine.rb:135:in `receive_data'
ERROR LOG: /usr/local/lib/ruby/gems/1.9.1/gems/eventmachine-0.12.8/lib/eventmachine.rb:242:in `run_machine'
ERROR LOG: /usr/local/lib/ruby/gems/1.9.1/gems/eventmachine-0.12.8/lib/eventmachine.rb:242:in `run'
ERROR LOG: coral.rb:170:in `<main>'
 INFO LOG: May__8_01:52: Loading npc.rb
 INFO LOG: May__8_01:54: tick!!!
 INFO LOG: May__8_01:56: tick!!!
 INFO LOG: May__8_01:56: Loading commands.rb
ERROR LOG: wrong number of arguments (1 for 2)
ERROR LOG: /home/heath/coral/lib/npc.rb:70:in `initialize'
ERROR LOG: /home/heath/coral/lib/npc.rb:21:in `new'
ERROR LOG: /home/heath/coral/lib/npc.rb:21:in `instance'
ERROR LOG: /home/heath/coral/lib/commands/instance.rb:15:in `cmd_instance'
ERROR LOG: /home/heath/coral/lib/commands.rb:277:in `execute_command'
ERROR LOG: /home/heath/coral/core/socketengine.rb:170:in `block in handle_cmd_input'
ERROR LOG: /home/heath/coral/core/socketengine.rb:169:in `times'
ERROR LOG: /home/heath/coral/core/socketengine.rb:169:in `handle_cmd_input'
ERROR LOG: /home/heath/coral/core/socketengine.rb:135:in `receive_data'
ERROR LOG: /usr/local/lib/ruby/gems/1.9.1/gems/eventmachine-0.12.8/lib/eventmachine.rb:242:in `run_machine'
ERROR LOG: /usr/local/lib/ruby/gems/1.9.1/gems/eventmachine-0.12.8/lib/eventmachine.rb:242:in `run'
ERROR LOG: coral.rb:170:in `<main>'
 INFO LOG: May__8_01:57: Loading npc.rb
 INFO LOG: May__8_01:58: tick!!!
 INFO LOG: May__8_01:58: -- #<Player:0x000000029027a0>:76.202.141.206:41319 disconnected from CoralMUD!
 INFO LOG: May__8_01:58: Logging enabled.   Loading logs.rb.
 INFO LOG: May__8_01:58: Loading facade.rb
 INFO LOG: May__8_01:58: Loading query_list.rb
 INFO LOG: May__8_01:58: Loading utils.rb
 INFO LOG: May__8_01:58: Loading constants.rb
 INFO LOG: May__8_01:58: Loading damage.rb
 INFO LOG: May__8_01:58: Loading class_property.rb
 INFO LOG: May__8_01:58: Loading scripts.rb
 INFO LOG: May__8_01:58: Loading tags.rb
 INFO LOG: May__8_01:58: Loading editor/editors.rb
 INFO LOG: May__8_01:58: Loading editor/editor.strings.rb
 INFO LOG: May__8_01:58: Loading editor/editor.rooms.rb
 INFO LOG: May__8_01:58: Loading editor/editor.exits.rb
 INFO LOG: May__8_01:58: Loading editor/editor.zones.rb
 INFO LOG: May__8_01:58: Loading editor/editor.npc.rb
 INFO LOG: May__8_01:58: Loading editor/editor.items.rb
 INFO LOG: May__8_01:58: Loading mxp.rb
 INFO LOG: May__8_01:58: Loading mccp.rb
 INFO LOG: May__8_01:58: Loading flags.rb
 INFO LOG: May__8_01:58: Loading areas.rb
 INFO LOG: May__8_01:58: Loading event.rb
 INFO LOG: May__8_01:58: Loading automap/automap.rb
 INFO LOG: May__8_01:58: Loading cities.olc.rb
 INFO LOG: May__8_01:58: Loading cities.rb
 INFO LOG: May__8_01:58: Loading sector definitions.
 INFO LOG: May__8_01:58: Loading help.rb
 INFO LOG: May__8_01:58: Loading imcruby.rb
 INFO LOG: May__8_01:58: Loading player.rb
 INFO LOG: May__8_01:58: Loading commands.rb
 INFO LOG: May__8_01:58: Loading random.rb
 INFO LOG: May__8_01:58: Loading npc.rb
 INFO LOG: May__8_01:58: Loading items.rb
 INFO LOG: May__8_01:58: Loading spells.rb
 INFO LOG: May__8_01:58: Loading all zones.
 INFO LOG: May__8_01:58: Starting server.
 INFO LOG: May__8_01:58: CoralMUD is now up on port 4000.
 INFO LOG: May__8_01:58: -- 76.202.141.206:54283 connected to CoralMUD!
 INFO LOG: May__8_01:58: -- 76.202.141.206:54283: Retnur is trying to connect.
 INFO LOG: May__8_01:58: -- 76.202.141.206:54283: Retnur player file found.
 INFO LOG: May__8_01:58: -- Retnur has entered the game.
 INFO LOG: May__8_02:00: tick!!!
 INFO LOG: May__8_02:00: -- #<Player:0x00000002740368>:76.202.141.206:54283 disconnected from CoralMUD!
 INFO LOG: May__8_02:00: Logging enabled.   Loading logs.rb.
 INFO LOG: May__8_02:00: Loading facade.rb
 INFO LOG: May__8_02:00: Loading query_list.rb
 INFO LOG: May__8_02:00: Loading utils.rb
 INFO LOG: May__8_02:00: Loading constants.rb
 INFO LOG: May__8_02:00: Loading damage.rb
 INFO LOG: May__8_02:00: Loading class_property.rb
 INFO LOG: May__8_02:00: Loading scripts.rb
 INFO LOG: May__8_02:00: Loading tags.rb
 INFO LOG: May__8_02:00: Loading editor/editors.rb
 INFO LOG: May__8_02:00: Loading editor/editor.strings.rb
 INFO LOG: May__8_02:00: Loading editor/editor.rooms.rb
 INFO LOG: May__8_02:00: Loading editor/editor.exits.rb
 INFO LOG: May__8_02:00: Loading editor/editor.zones.rb
 INFO LOG: May__8_02:00: Loading editor/editor.npc.rb
 INFO LOG: May__8_02:00: Loading editor/editor.items.rb
 INFO LOG: May__8_02:00: Loading mxp.rb
 INFO LOG: May__8_02:00: Loading mccp.rb
 INFO LOG: May__8_02:00: Loading flags.rb
 INFO LOG: May__8_02:00: Loading areas.rb
 INFO LOG: May__8_02:00: Loading event.rb
 INFO LOG: May__8_02:00: Loading automap/automap.rb
 INFO LOG: May__8_02:00: Loading cities.olc.rb
 INFO LOG: May__8_02:00: Loading cities.rb
 INFO LOG: May__8_02:00: Loading sector definitions.
 INFO LOG: May__8_02:00: Loading help.rb
 INFO LOG: May__8_02:00: Loading imcruby.rb
 INFO LOG: May__8_02:00: Loading player.rb
 INFO LOG: May__8_02:00: Loading commands.rb
 INFO LOG: May__8_02:00: Loading random.rb
 INFO LOG: May__8_02:00: Loading npc.rb
 INFO LOG: May__8_02:00: Loading items.rb
 INFO LOG: May__8_02:00: Loading spells.rb
 INFO LOG: May__8_02:00: Loading all zones.
 INFO LOG: May__8_02:01: Starting server.
 INFO LOG: May__8_02:01: CoralMUD is now up on port 4000.
 INFO LOG: May__8_02:01: -- 76.202.141.206:58299 connected to CoralMUD!
 INFO LOG: May__8_02:01: -- 76.202.141.206:58299: Retnur is trying to connect.
 INFO LOG: May__8_02:01: -- 76.202.141.206:58299: Retnur player file found.
 INFO LOG: May__8_02:01: -- Retnur has entered the game.
 INFO LOG: May__8_02:02: -- #<Player:0x00000002a9ea78>:76.202.141.206:58299 disconnected from CoralMUD!
 INFO LOG: May__8_02:02: Logging enabled.   Loading logs.rb.
 INFO LOG: May__8_02:02: Loading facade.rb
 INFO LOG: May__8_02:02: Loading query_list.rb
 INFO LOG: May__8_02:02: Loading utils.rb
 INFO LOG: May__8_02:02: Loading constants.rb
 INFO LOG: May__8_02:02: Loading damage.rb
 INFO LOG: May__8_02:02: Loading class_property.rb
 INFO LOG: May__8_02:02: Loading scripts.rb
 INFO LOG: May__8_02:02: Loading tags.rb
 INFO LOG: May__8_02:02: Loading editor/editors.rb
 INFO LOG: May__8_02:02: Loading editor/editor.strings.rb
 INFO LOG: May__8_02:02: Loading editor/editor.rooms.rb
 INFO LOG: May__8_02:02: Loading editor/editor.exits.rb
 INFO LOG: May__8_02:02: Loading editor/editor.zones.rb
 INFO LOG: May__8_02:02: Loading editor/editor.npc.rb
 INFO LOG: May__8_02:02: Loading editor/editor.items.rb
 INFO LOG: May__8_02:02: Loading mxp.rb
 INFO LOG: May__8_02:02: Loading mccp.rb
 INFO LOG: May__8_02:02: Loading flags.rb
 INFO LOG: May__8_02:02: Loading areas.rb
 INFO LOG: May__8_02:02: Loading event.rb
 INFO LOG: May__8_02:02: Loading automap/automap.rb
 INFO LOG: May__8_02:02: Loading cities.olc.rb
 INFO LOG: May__8_02:02: Loading cities.rb
 INFO LOG: May__8_02:02: Loading sector definitions.
 INFO LOG: May__8_02:02: Loading help.rb
 INFO LOG: May__8_02:02: Loading imcruby.rb
 INFO LOG: May__8_02:02: Loading player.rb
 INFO LOG: May__8_02:02: Loading commands.rb
 INFO LOG: May__8_02:02: Loading random.rb
 INFO LOG: May__8_02:02: Loading npc.rb
 INFO LOG: May__8_02:02: Loading items.rb
 INFO LOG: May__8_02:02: Loading spells.rb
 INFO LOG: May__8_02:02: Loading all zones.
 INFO LOG: May__8_02:02: Starting server.
 INFO LOG: May__8_02:02: CoralMUD is now up on port 4000.
 INFO LOG: May__8_02:02: -- 76.202.141.206:48250 connected to CoralMUD!
 INFO LOG: May__8_02:02: -- 76.202.141.206:48250: Retnur is trying to connect.
 INFO LOG: May__8_02:02: -- 76.202.141.206:48250: Retnur player file found.
 INFO LOG: May__8_02:02: -- Retnur has entered the game.
 INFO LOG: May__8_02:04: tick!!!
 INFO LOG: May__8_02:06: tick!!!
 INFO LOG: May__8_02:07: Loading commands.rb
 INFO LOG: May__8_02:07: -- #<Player:0x000000011f5fd0>:76.202.141.206:48250 disconnected from CoralMUD!
 INFO LOG: May__8_02:08: Logging enabled.   Loading logs.rb.
 INFO LOG: May__8_02:08: Loading facade.rb
 INFO LOG: May__8_02:08: Loading query_list.rb
 INFO LOG: May__8_02:08: Loading utils.rb
 INFO LOG: May__8_02:11: Logging enabled.   Loading logs.rb.
 INFO LOG: May__8_02:11: Loading facade.rb
 INFO LOG: May__8_02:11: Loading query_list.rb
 INFO LOG: May__8_02:11: Loading utils.rb
 INFO LOG: May__8_02:12: Logging enabled.   Loading logs.rb.
 INFO LOG: May__8_02:12: Loading facade.rb
 INFO LOG: May__8_02:12: Loading query_list.rb
 INFO LOG: May__8_02:12: Loading utils.rb
 INFO LOG: May__8_02:13: Logging enabled.   Loading logs.rb.
 INFO LOG: May__8_02:13: Loading facade.rb
 INFO LOG: May__8_02:13: Loading query_list.rb
 INFO LOG: May__8_02:13: Loading utils.rb
 INFO LOG: May__8_02:13: Logging enabled.   Loading logs.rb.
 INFO LOG: May__8_02:13: Loading facade.rb
 INFO LOG: May__8_02:13: Loading query_list.rb
 INFO LOG: May__8_02:13: Loading utils.rb
 INFO LOG: May__8_02:13: Loading constants.rb
 INFO LOG: May__8_02:13: Loading damage.rb
 INFO LOG: May__8_02:13: Loading class_property.rb
 INFO LOG: May__8_02:13: Loading scripts.rb
 INFO LOG: May__8_02:13: Loading tags.rb
 INFO LOG: May__8_02:13: Loading editor/editors.rb
 INFO LOG: May__8_02:13: Loading editor/editor.strings.rb
 INFO LOG: May__8_02:13: Loading editor/editor.rooms.rb
 INFO LOG: May__8_02:13: Loading editor/editor.exits.rb
 INFO LOG: May__8_02:13: Loading editor/editor.zones.rb
 INFO LOG: May__8_02:13: Loading editor/editor.npc.rb
 INFO LOG: May__8_02:13: Loading editor/editor.items.rb
 INFO LOG: May__8_02:13: Loading mxp.rb
 INFO LOG: May__8_02:13: Loading mccp.rb
 INFO LOG: May__8_02:13: Loading flags.rb
 INFO LOG: May__8_02:13: Loading areas.rb
 INFO LOG: May__8_02:13: Loading event.rb
 INFO LOG: May__8_02:13: Loading automap/automap.rb
 INFO LOG: May__8_02:13: Loading cities.olc.rb
 INFO LOG: May__8_02:13: Loading cities.rb
 INFO LOG: May__8_02:13: Loading sector definitions.
 INFO LOG: May__8_02:13: Loading help.rb
 INFO LOG: May__8_02:13: Loading imcruby.rb
 INFO LOG: May__8_02:13: Loading player.rb
 INFO LOG: May__8_02:13: Loading commands.rb
 INFO LOG: May__8_02:13: Logging enabled.   Loading logs.rb.
 INFO LOG: May__8_02:13: Loading facade.rb
 INFO LOG: May__8_02:13: Loading query_list.rb
 INFO LOG: May__8_02:13: Loading utils.rb
 INFO LOG: May__8_02:13: Loading constants.rb
 INFO LOG: May__8_02:13: Loading damage.rb
 INFO LOG: May__8_02:13: Loading class_property.rb
 INFO LOG: May__8_02:13: Loading scripts.rb
 INFO LOG: May__8_02:13: Loading tags.rb
 INFO LOG: May__8_02:13: Loading editor/editors.rb
 INFO LOG: May__8_02:13: Loading editor/editor.strings.rb
 INFO LOG: May__8_02:13: Loading editor/editor.rooms.rb
 INFO LOG: May__8_02:13: Loading editor/editor.exits.rb
 INFO LOG: May__8_02:13: Loading editor/editor.zones.rb
 INFO LOG: May__8_02:13: Loading editor/editor.npc.rb
 INFO LOG: May__8_02:13: Loading editor/editor.items.rb
 INFO LOG: May__8_02:13: Loading mxp.rb
 INFO LOG: May__8_02:13: Loading mccp.rb
 INFO LOG: May__8_02:13: Loading flags.rb
 INFO LOG: May__8_02:13: Loading areas.rb
 INFO LOG: May__8_02:13: Loading event.rb
 INFO LOG: May__8_02:13: Loading automap/automap.rb
 INFO LOG: May__8_02:13: Loading cities.olc.rb
 INFO LOG: May__8_02:13: Loading cities.rb
 INFO LOG: May__8_02:13: Loading sector definitions.
 INFO LOG: May__8_02:13: Loading help.rb
 INFO LOG: May__8_02:13: Loading imcruby.rb
 INFO LOG: May__8_02:13: Loading player.rb
 INFO LOG: May__8_02:13: Loading commands.rb
 INFO LOG: May__8_02:13: Loading random.rb
 INFO LOG: May__8_02:13: Loading npc.rb
 INFO LOG: May__8_02:13: Loading items.rb
 INFO LOG: May__8_02:13: Loading spells.rb
 INFO LOG: May__8_02:13: Loading all zones.
 INFO LOG: May__8_02:13: Starting server.
 INFO LOG: May__8_02:13: CoralMUD is now up on port 4000.
 INFO LOG: May__8_02:13: -- 76.202.141.206:43320 connected to CoralMUD!
 INFO LOG: May__8_02:13: -- 76.202.141.206:43320: Retnur is trying to connect.
 INFO LOG: May__8_02:13: -- 76.202.141.206:43320: Retnur player file found.
 INFO LOG: May__8_02:13: -- Retnur has entered the game.
ERROR LOG: undefined method `can_see?' for #<NPC:0x000000024a3da8>
ERROR LOG: /home/heath/coral/lib/cities.rb:440:in `eval'
ERROR LOG: (eval):1:in `block (2 levels) in display'
ERROR LOG: /home/heath/coral/lib/cities.rb:440:in `eval'
ERROR LOG: /home/heath/coral/lib/cities.rb:440:in `block (2 levels) in display'
ERROR LOG: /home/heath/coral/lib/cities.rb:436:in `each'
ERROR LOG: /home/heath/coral/lib/cities.rb:436:in `block in display'
ERROR LOG: /home/heath/coral/lib/cities.rb:434:in `each'
ERROR LOG: /home/heath/coral/lib/cities.rb:434:in `display'
ERROR LOG: /home/heath/coral/lib/commands/instance.rb:25:in `cmd_instance'
ERROR LOG: /home/heath/coral/lib/commands.rb:278:in `execute_command'
ERROR LOG: /home/heath/coral/core/socketengine.rb:170:in `block in handle_cmd_input'
ERROR LOG: /home/heath/coral/core/socketengine.rb:169:in `times'
ERROR LOG: /home/heath/coral/core/socketengine.rb:169:in `handle_cmd_input'
ERROR LOG: /home/heath/coral/core/socketengine.rb:135:in `receive_data'
ERROR LOG: /usr/local/lib/ruby/gems/1.9.1/gems/eventmachine-0.12.8/lib/eventmachine.rb:242:in `run_machine'
ERROR LOG: /usr/local/lib/ruby/gems/1.9.1/gems/eventmachine-0.12.8/lib/eventmachine.rb:242:in `run'
ERROR LOG: coral.rb:170:in `<main>'
 INFO LOG: May__8_02:14: Loading commands.rb
 INFO LOG: May__8_02:15: Loading commands.rb
 INFO LOG: May__8_02:15: tick!!!
 INFO LOG: May__8_02:16: -- #<Player:0x0000000216fa38>:76.202.141.206:43320 disconnected from CoralMUD!
 INFO LOG: May__8_02:16: Logging enabled.   Loading logs.rb.
 INFO LOG: May__8_02:16: Loading facade.rb
 INFO LOG: May__8_02:16: Loading query_list.rb
 INFO LOG: May__8_02:16: Loading utils.rb
 INFO LOG: May__8_02:16: Loading constants.rb
 INFO LOG: May__8_02:16: Loading damage.rb
 INFO LOG: May__8_02:16: Loading class_property.rb
 INFO LOG: May__8_02:16: Loading scripts.rb
 INFO LOG: May__8_02:16: Loading tags.rb
 INFO LOG: May__8_02:16: Loading editor/editors.rb
 INFO LOG: May__8_02:16: Loading editor/editor.strings.rb
 INFO LOG: May__8_02:16: Loading editor/editor.rooms.rb
 INFO LOG: May__8_02:16: Loading editor/editor.exits.rb
 INFO LOG: May__8_02:16: Loading editor/editor.zones.rb
 INFO LOG: May__8_02:16: Loading editor/editor.npc.rb
 INFO LOG: May__8_02:16: Loading editor/editor.items.rb
 INFO LOG: May__8_02:16: Loading mxp.rb
 INFO LOG: May__8_02:16: Loading mccp.rb
 INFO LOG: May__8_02:16: Loading flags.rb
 INFO LOG: May__8_02:16: Loading areas.rb
 INFO LOG: May__8_02:16: Loading event.rb
 INFO LOG: May__8_02:16: Loading automap/automap.rb
 INFO LOG: May__8_02:16: Loading cities.olc.rb
 INFO LOG: May__8_02:16: Loading cities.rb
 INFO LOG: May__8_02:16: Loading sector definitions.
 INFO LOG: May__8_02:16: Loading help.rb
 INFO LOG: May__8_02:16: Loading imcruby.rb
 INFO LOG: May__8_02:16: Loading player.rb
 INFO LOG: May__8_02:16: Loading commands.rb
 INFO LOG: May__8_02:16: Loading random.rb
 INFO LOG: May__8_02:16: Loading npc.rb
 INFO LOG: May__8_02:16: Loading items.rb
 INFO LOG: May__8_02:16: Loading spells.rb
 INFO LOG: May__8_02:16: Loading all zones.
 INFO LOG: May__8_02:16: Starting server.
 INFO LOG: May__8_02:16: CoralMUD is now up on port 4000.
 INFO LOG: May__8_02:16: -- 76.202.141.206:56890 connected to CoralMUD!
 INFO LOG: May__8_02:16: -- 76.202.141.206:56890: Retnur is trying to connect.
 INFO LOG: May__8_02:16: -- 76.202.141.206:56890: Retnur player file found.
 INFO LOG: May__8_02:16: -- Retnur has entered the game.
ERROR LOG: undefined method `peek' for #<NPC:0x00000001eccfb0>
ERROR LOG: /home/heath/coral/lib/facade.rb:44:in `method_missing'
ERROR LOG: (erb):1:in `block in display'
ERROR LOG: /usr/local/lib/ruby/1.9.1/erb.rb:750:in `eval'
ERROR LOG: /usr/local/lib/ruby/1.9.1/erb.rb:750:in `block in result'
ERROR LOG: /usr/local/lib/ruby/1.9.1/erb.rb:748:in `call'
ERROR LOG: /usr/local/lib/ruby/1.9.1/erb.rb:748:in `result'
ERROR LOG: /home/heath/coral/lib/cities.rb:453:in `block in display'
ERROR LOG: /home/heath/coral/lib/cities.rb:434:in `each'
ERROR LOG: /home/heath/coral/lib/cities.rb:434:in `display'
ERROR LOG: /home/heath/coral/lib/commands/instance.rb:25:in `cmd_instance'
ERROR LOG: /home/heath/coral/lib/commands.rb:278:in `execute_command'
ERROR LOG: /home/heath/coral/core/socketengine.rb:170:in `block in handle_cmd_input'
ERROR LOG: /home/heath/coral/core/socketengine.rb:169:in `times'
ERROR LOG: /home/heath/coral/core/socketengine.rb:169:in `handle_cmd_input'
ERROR LOG: /home/heath/coral/core/socketengine.rb:135:in `receive_data'
ERROR LOG: /usr/local/lib/ruby/gems/1.9.1/gems/eventmachine-0.12.8/lib/eventmachine.rb:242:in `run_machine'
ERROR LOG: /usr/local/lib/ruby/gems/1.9.1/gems/eventmachine-0.12.8/lib/eventmachine.rb:242:in `run'
ERROR LOG: coral.rb:170:in `<main>'
 INFO LOG: May__8_02:17: Loading commands.rb
 INFO LOG: May__8_02:17: -- #<Player:0x00000001b90fb8>:76.202.141.206:56890 disconnected from CoralMUD!
 INFO LOG: May__8_02:17: Logging enabled.   Loading logs.rb.
 INFO LOG: May__8_02:17: Loading facade.rb
 INFO LOG: May__8_02:17: Loading query_list.rb
 INFO LOG: May__8_02:17: Loading utils.rb
 INFO LOG: May__8_02:17: Loading constants.rb
 INFO LOG: May__8_02:17: Loading damage.rb
 INFO LOG: May__8_02:17: Loading class_property.rb
 INFO LOG: May__8_02:17: Loading scripts.rb
 INFO LOG: May__8_02:17: Loading tags.rb
 INFO LOG: May__8_02:17: Loading editor/editors.rb
 INFO LOG: May__8_02:17: Loading editor/editor.strings.rb
 INFO LOG: May__8_02:17: Loading editor/editor.rooms.rb
 INFO LOG: May__8_02:17: Loading editor/editor.exits.rb
 INFO LOG: May__8_02:17: Loading editor/editor.zones.rb
 INFO LOG: May__8_02:17: Loading editor/editor.npc.rb
 INFO LOG: May__8_02:17: Loading editor/editor.items.rb
 INFO LOG: May__8_02:17: Loading mxp.rb
 INFO LOG: May__8_02:17: Loading mccp.rb
 INFO LOG: May__8_02:17: Loading flags.rb
 INFO LOG: May__8_02:17: Loading areas.rb
 INFO LOG: May__8_02:17: Loading event.rb
 INFO LOG: May__8_02:17: Loading automap/automap.rb
 INFO LOG: May__8_02:17: Loading cities.olc.rb
 INFO LOG: May__8_02:17: Loading cities.rb
 INFO LOG: May__8_02:17: Loading sector definitions.
 INFO LOG: May__8_02:17: Loading help.rb
 INFO LOG: May__8_02:17: Loading imcruby.rb
 INFO LOG: May__8_02:17: Loading player.rb
 INFO LOG: May__8_02:17: Loading commands.rb
 INFO LOG: May__8_02:17: Loading random.rb
 INFO LOG: May__8_02:17: Loading npc.rb
 INFO LOG: May__8_02:17: Loading items.rb
 INFO LOG: May__8_02:17: Loading spells.rb
 INFO LOG: May__8_02:17: Loading all zones.
 INFO LOG: May__8_02:17: Starting server.
 INFO LOG: May__8_02:17: CoralMUD is now up on port 4000.
 INFO LOG: May__8_02:17: -- 76.202.141.206:33661 connected to CoralMUD!
 INFO LOG: May__8_02:17: -- 76.202.141.206:33661: Retnur is trying to connect.
 INFO LOG: May__8_02:17: -- 76.202.141.206:33661: Retnur player file found.
 INFO LOG: May__8_02:17: -- Retnur has entered the game.
ERROR LOG: uninitialized constant String::Npc
ERROR LOG: /home/heath/coral/lib/utils.rb:214:in `block in arg_actor_room!'
ERROR LOG: /home/heath/coral/lib/utils.rb:214:in `select'
ERROR LOG: /home/heath/coral/lib/utils.rb:214:in `arg_actor_room!'
ERROR LOG: /home/heath/coral/lib/commands.rb:196:in `block in check_args'
ERROR LOG: /home/heath/coral/lib/commands.rb:185:in `each'
ERROR LOG: /home/heath/coral/lib/commands.rb:185:in `check_args'
ERROR LOG: /home/heath/coral/lib/commands.rb:258:in `block in execute_command'
ERROR LOG: /home/heath/coral/lib/commands.rb:253:in `each'
ERROR LOG: /home/heath/coral/lib/commands.rb:253:in `execute_command'
ERROR LOG: /home/heath/coral/core/socketengine.rb:170:in `block in handle_cmd_input'
ERROR LOG: /home/heath/coral/core/socketengine.rb:169:in `times'
ERROR LOG: /home/heath/coral/core/socketengine.rb:169:in `handle_cmd_input'
ERROR LOG: /home/heath/coral/core/socketengine.rb:135:in `receive_data'
ERROR LOG: /usr/local/lib/ruby/gems/1.9.1/gems/eventmachine-0.12.8/lib/eventmachine.rb:242:in `run_machine'
ERROR LOG: /usr/local/lib/ruby/gems/1.9.1/gems/eventmachine-0.12.8/lib/eventmachine.rb:242:in `run'
ERROR LOG: coral.rb:170:in `<main>'
 INFO LOG: May__8_02:19: tick!!!
 INFO LOG: May__8_02:20: -- #<Player:0x00000002353ae8>:76.202.141.206:33661 disconnected from CoralMUD!
 INFO LOG: May__8_02:20: Logging enabled.   Loading logs.rb.
 INFO LOG: May__8_02:20: Loading facade.rb
 INFO LOG: May__8_02:20: Loading query_list.rb
 INFO LOG: May__8_02:20: Loading utils.rb
 INFO LOG: May__8_02:20: Loading constants.rb
 INFO LOG: May__8_02:20: Loading damage.rb
 INFO LOG: May__8_02:20: Loading class_property.rb
 INFO LOG: May__8_02:20: Loading scripts.rb
 INFO LOG: May__8_02:20: Loading tags.rb
 INFO LOG: May__8_02:20: Loading editor/editors.rb
 INFO LOG: May__8_02:20: Loading editor/editor.strings.rb
 INFO LOG: May__8_02:20: Loading editor/editor.rooms.rb
 INFO LOG: May__8_02:20: Loading editor/editor.exits.rb
 INFO LOG: May__8_02:20: Loading editor/editor.zones.rb
 INFO LOG: May__8_02:20: Loading editor/editor.npc.rb
 INFO LOG: May__8_02:20: Loading editor/editor.items.rb
 INFO LOG: May__8_02:20: Loading mxp.rb
 INFO LOG: May__8_02:20: Loading mccp.rb
 INFO LOG: May__8_02:20: Loading flags.rb
 INFO LOG: May__8_02:20: Loading areas.rb
 INFO LOG: May__8_02:20: Loading event.rb
 INFO LOG: May__8_02:20: Loading automap/automap.rb
 INFO LOG: May__8_02:20: Loading cities.olc.rb
 INFO LOG: May__8_02:20: Loading cities.rb
 INFO LOG: May__8_02:20: Loading sector definitions.
 INFO LOG: May__8_02:20: Loading help.rb
 INFO LOG: May__8_02:20: Loading imcruby.rb
 INFO LOG: May__8_02:20: Loading player.rb
 INFO LOG: May__8_02:20: Loading commands.rb
 INFO LOG: May__8_02:20: Loading random.rb
 INFO LOG: May__8_02:20: Loading npc.rb
 INFO LOG: May__8_02:20: Loading items.rb
 INFO LOG: May__8_02:20: Loading spells.rb
 INFO LOG: May__8_02:20: Loading all zones.
 INFO LOG: May__8_02:20: Starting server.
 INFO LOG: May__8_02:20: CoralMUD is now up on port 4000.
 INFO LOG: May__8_02:20: -- 76.202.141.206:35490 connected to CoralMUD!
 INFO LOG: May__8_02:20: -- 76.202.141.206:35490: Retnur is trying to connect.
 INFO LOG: May__8_02:20: -- 76.202.141.206:35490: Retnur player file found.
 INFO LOG: May__8_02:20: -- Retnur has entered the game.
ERROR LOG: private method `rand' called for 10..20:Range
ERROR LOG: /home/heath/coral/lib/commands/hit.rb:6:in `cmd_hit'
ERROR LOG: /home/heath/coral/lib/commands.rb:278:in `execute_command'
ERROR LOG: /home/heath/coral/core/socketengine.rb:170:in `block in handle_cmd_input'
ERROR LOG: /home/heath/coral/core/socketengine.rb:169:in `times'
ERROR LOG: /home/heath/coral/core/socketengine.rb:169:in `handle_cmd_input'
ERROR LOG: /home/heath/coral/core/socketengine.rb:135:in `receive_data'
ERROR LOG: /usr/local/lib/ruby/gems/1.9.1/gems/eventmachine-0.12.8/lib/eventmachine.rb:242:in `run_machine'
ERROR LOG: /usr/local/lib/ruby/gems/1.9.1/gems/eventmachine-0.12.8/lib/eventmachine.rb:242:in `run'
ERROR LOG: coral.rb:170:in `<main>'
 INFO LOG: May__8_02:21: Loading commands.rb
 INFO LOG: May__8_02:22: tick!!!
 INFO LOG: May__8_02:24: tick!!!
 INFO LOG: May__8_02:26: tick!!!
 INFO LOG: May__8_02:28: tick!!!
 INFO LOG: May__8_02:30: tick!!!
 INFO LOG: May__8_02:32: tick!!!
 INFO LOG: May__8_02:34: tick!!!
 INFO LOG: May__8_02:36: tick!!!
 INFO LOG: May__8_02:38: tick!!!
 INFO LOG: May__8_02:40: tick!!!
 INFO LOG: May__8_02:42: tick!!!
 INFO LOG: May__8_02:44: tick!!!
 INFO LOG: May__8_02:46: tick!!!
 INFO LOG: May__8_02:48: tick!!!
 INFO LOG: May__8_02:50: tick!!!
 INFO LOG: May__8_02:52: tick!!!
 INFO LOG: May__8_02:54: tick!!!
 INFO LOG: May__8_02:56: tick!!!
 INFO LOG: May__8_02:58: tick!!!
 INFO LOG: May__8_03:00: tick!!!
 INFO LOG: May__8_03:02: tick!!!
 INFO LOG: May__8_03:04: tick!!!
 INFO LOG: May__8_03:06: tick!!!
 INFO LOG: May__8_03:08: tick!!!
 INFO LOG: May__8_03:10: tick!!!
 INFO LOG: May__8_03:12: tick!!!
 INFO LOG: May__8_03:14: tick!!!
 INFO LOG: May__8_03:16: tick!!!
 INFO LOG: May__8_03:18: tick!!!
 INFO LOG: May__8_03:20: tick!!!
 INFO LOG: May__8_03:22: tick!!!
 INFO LOG: May__8_03:24: tick!!!
 INFO LOG: May__8_03:26: tick!!!
 INFO LOG: May__8_03:28: tick!!!
 INFO LOG: May__8_03:30: tick!!!
 INFO LOG: May__8_03:32: tick!!!
 INFO LOG: May__8_03:34: tick!!!
 INFO LOG: May__8_03:36: tick!!!
 INFO LOG: May__8_03:38: tick!!!
 INFO LOG: May__8_03:40: tick!!!
 INFO LOG: May__8_03:42: tick!!!
 INFO LOG: May__8_03:44: tick!!!
 INFO LOG: May__8_03:46: tick!!!
 INFO LOG: May__8_03:48: tick!!!
 INFO LOG: May__8_03:50: tick!!!
 INFO LOG: May__8_03:52: tick!!!
 INFO LOG: May__8_03:54: tick!!!
 INFO LOG: May__8_03:56: tick!!!
 INFO LOG: May__8_03:58: tick!!!
 INFO LOG: May__8_04:00: tick!!!
 INFO LOG: May__8_04:02: tick!!!
 INFO LOG: May__8_04:04: tick!!!
 INFO LOG: May__8_04:06: tick!!!
 INFO LOG: May__8_04:08: tick!!!
 INFO LOG: May__8_04:10: tick!!!
 INFO LOG: May__8_04:12: tick!!!
 INFO LOG: May__8_04:14: tick!!!
 INFO LOG: May__8_04:16: tick!!!
 INFO LOG: May__8_04:18: tick!!!
 INFO LOG: May__8_04:20: tick!!!
 INFO LOG: May__8_04:22: tick!!!
 INFO LOG: May__8_04:24: tick!!!
 INFO LOG: May__8_04:26: tick!!!
 INFO LOG: May__8_04:28: tick!!!
 INFO LOG: May__8_04:30: tick!!!
 INFO LOG: May__8_04:32: tick!!!
 INFO LOG: May__8_04:34: tick!!!
 INFO LOG: May__8_04:36: tick!!!
 INFO LOG: May__8_04:38: tick!!!
 INFO LOG: May__8_04:40: tick!!!
 INFO LOG: May__8_04:42: tick!!!
 INFO LOG: May__8_04:44: tick!!!
 INFO LOG: May__8_04:46: tick!!!
 INFO LOG: May__8_04:48: tick!!!
 INFO LOG: May__8_04:50: tick!!!
 INFO LOG: May__8_04:52: tick!!!
 INFO LOG: May__8_04:54: tick!!!
 INFO LOG: May__8_04:56: tick!!!
 INFO LOG: May__8_04:58: tick!!!
 INFO LOG: May__8_05:00: tick!!!
 INFO LOG: May__8_05:02: tick!!!
 INFO LOG: May__8_05:04: tick!!!
 INFO LOG: May__8_05:06: tick!!!
 INFO LOG: May__8_05:08: tick!!!
 INFO LOG: May__8_05:10: tick!!!
 INFO LOG: May__8_05:12: tick!!!
 INFO LOG: May__8_05:14: tick!!!
 INFO LOG: May__8_05:16: tick!!!
 INFO LOG: May__8_05:18: tick!!!
 INFO LOG: May__8_05:20: tick!!!
 INFO LOG: May__8_05:22: tick!!!
 INFO LOG: May__8_05:24: tick!!!
 INFO LOG: May__8_05:26: tick!!!
 INFO LOG: May__8_05:28: tick!!!
 INFO LOG: May__8_05:30: tick!!!
 INFO LOG: May__8_05:32: tick!!!
 INFO LOG: May__8_05:34: tick!!!
 INFO LOG: May__8_05:36: tick!!!
 INFO LOG: May__8_05:38: tick!!!
 INFO LOG: May__8_05:40: tick!!!
 INFO LOG: May__8_05:42: tick!!!
 INFO LOG: May__8_05:44: tick!!!
 INFO LOG: May__8_05:46: tick!!!
 INFO LOG: May__8_05:48: tick!!!
 INFO LOG: May__8_05:50: tick!!!
 INFO LOG: May__8_05:52: tick!!!
 INFO LOG: May__8_05:54: tick!!!
 INFO LOG: May__8_05:56: tick!!!
 INFO LOG: May__8_05:58: tick!!!
 INFO LOG: May__8_06:00: tick!!!
 INFO LOG: May__8_06:02: tick!!!
 INFO LOG: May__8_06:04: tick!!!
 INFO LOG: May__8_06:06: tick!!!
 INFO LOG: May__8_06:08: tick!!!
 INFO LOG: May__8_06:10: tick!!!
 INFO LOG: May__8_06:12: tick!!!
 INFO LOG: May__8_06:14: tick!!!
 INFO LOG: May__8_06:16: tick!!!
 INFO LOG: May__8_06:18: tick!!!
 INFO LOG: May__8_06:20: tick!!!
 INFO LOG: May__8_06:22: tick!!!
 INFO LOG: May__8_06:24: tick!!!
 INFO LOG: May__8_06:26: tick!!!
 INFO LOG: May__8_06:28: tick!!!
 INFO LOG: May__8_06:30: tick!!!
 INFO LOG: May__8_06:32: tick!!!
 INFO LOG: May__8_06:34: tick!!!
 INFO LOG: May__8_06:36: tick!!!
 INFO LOG: May__8_06:38: tick!!!
 INFO LOG: May__8_06:40: tick!!!
 INFO LOG: May__8_06:42: tick!!!
 INFO LOG: May__8_06:44: tick!!!
 INFO LOG: May__8_06:46: tick!!!
 INFO LOG: May__8_06:48: tick!!!
 INFO LOG: May__8_06:50: tick!!!
 INFO LOG: May__8_06:52: tick!!!
 INFO LOG: May__8_06:54: tick!!!
 INFO LOG: May__8_06:56: tick!!!
 INFO LOG: May__8_06:58: tick!!!
 INFO LOG: May__8_07:00: tick!!!
 INFO LOG: May__8_07:02: tick!!!
 INFO LOG: May__8_07:04: tick!!!
 INFO LOG: May__8_07:06: tick!!!
 INFO LOG: May__8_07:08: tick!!!
 INFO LOG: May__8_07:10: tick!!!
 INFO LOG: May__8_07:12: tick!!!
 INFO LOG: May__8_07:14: tick!!!
 INFO LOG: May__8_07:16: tick!!!
 INFO LOG: May__8_07:18: tick!!!
 INFO LOG: May__8_07:20: tick!!!
 INFO LOG: May__8_07:22: tick!!!
 INFO LOG: May__8_07:24: tick!!!
 INFO LOG: May__8_07:26: tick!!!
 INFO LOG: May__8_07:28: tick!!!
 INFO LOG: May__8_07:30: tick!!!
 INFO LOG: May__8_07:32: tick!!!
 INFO LOG: May__8_07:34: tick!!!
 INFO LOG: May__8_07:36: tick!!!
 INFO LOG: May__8_07:38: tick!!!
 INFO LOG: May__8_07:40: tick!!!
 INFO LOG: May__8_07:42: tick!!!
 INFO LOG: May__8_07:44: tick!!!
 INFO LOG: May__8_07:46: tick!!!
 INFO LOG: May__8_07:48: tick!!!
 INFO LOG: May__8_07:50: tick!!!
 INFO LOG: May__8_07:52: tick!!!
 INFO LOG: May__8_07:54: tick!!!
 INFO LOG: May__8_07:56: tick!!!
 INFO LOG: May__8_07:58: tick!!!
 INFO LOG: May__8_08:00: tick!!!
 INFO LOG: May__8_08:02: tick!!!
 INFO LOG: May__8_08:04: tick!!!
 INFO LOG: May__8_08:06: tick!!!
 INFO LOG: May__8_08:08: tick!!!
 INFO LOG: May__8_08:10: tick!!!
 INFO LOG: May__8_08:12: tick!!!
 INFO LOG: May__8_08:14: tick!!!
 INFO LOG: May__8_08:16: tick!!!
 INFO LOG: May__8_08:18: tick!!!
 INFO LOG: May__8_08:20: tick!!!
 INFO LOG: May__8_08:22: tick!!!
 INFO LOG: May__8_08:24: tick!!!
 INFO LOG: May__8_08:26: tick!!!
 INFO LOG: May__8_08:28: tick!!!
 INFO LOG: May__8_08:30: tick!!!
 INFO LOG: May__8_08:32: tick!!!
 INFO LOG: May__8_08:34: tick!!!
 INFO LOG: May__8_08:36: tick!!!
 INFO LOG: May__8_08:38: tick!!!
 INFO LOG: May__8_08:40: tick!!!
 INFO LOG: May__8_08:42: tick!!!
 INFO LOG: May__8_08:44: tick!!!
 INFO LOG: May__8_08:46: tick!!!
 INFO LOG: May__8_08:48: tick!!!
 INFO LOG: May__8_08:50: tick!!!
 INFO LOG: May__8_08:52: tick!!!
 INFO LOG: May__8_08:54: tick!!!
 INFO LOG: May__8_08:56: tick!!!
 INFO LOG: May__8_08:58: tick!!!
 INFO LOG: May__8_09:00: tick!!!
 INFO LOG: May__8_09:02: tick!!!
 INFO LOG: May__8_09:04: tick!!!
 INFO LOG: May__8_09:06: tick!!!
 INFO LOG: May__8_09:08: tick!!!
 INFO LOG: May__8_09:10: tick!!!
 INFO LOG: May__8_09:12: tick!!!
 INFO LOG: May__8_09:14: tick!!!
 INFO LOG: May__8_09:16: tick!!!
 INFO LOG: May__8_09:18: tick!!!
 INFO LOG: May__8_09:20: tick!!!
 INFO LOG: May__8_09:22: tick!!!
 INFO LOG: May__8_09:24: tick!!!
 INFO LOG: May__8_09:26: tick!!!
 INFO LOG: May__8_09:28: tick!!!
 INFO LOG: May__8_09:30: tick!!!
 INFO LOG: May__8_09:32: tick!!!
 INFO LOG: May__8_09:34: tick!!!
 INFO LOG: May__8_09:36: tick!!!
 INFO LOG: May__8_09:38: tick!!!
 INFO LOG: May__8_09:40: tick!!!
 INFO LOG: May__8_09:42: tick!!!
 INFO LOG: May__8_09:44: tick!!!
 INFO LOG: May__8_09:46: tick!!!
 INFO LOG: May__8_09:48: tick!!!
 INFO LOG: May__8_09:50: tick!!!
 INFO LOG: May__8_09:52: tick!!!
 INFO LOG: May__8_09:54: tick!!!
 INFO LOG: May__8_09:56: tick!!!
 INFO LOG: May__8_09:58: tick!!!
 INFO LOG: May__8_10:00: tick!!!
 INFO LOG: May__8_10:02: tick!!!
 INFO LOG: May__8_10:04: tick!!!
 INFO LOG: May__8_10:06: tick!!!
 INFO LOG: May__8_10:08: tick!!!
 INFO LOG: May__8_10:10: tick!!!
 INFO LOG: May__8_10:12: tick!!!
 INFO LOG: May__8_10:14: tick!!!
 INFO LOG: May__8_10:16: tick!!!
 INFO LOG: May__8_10:18: tick!!!
 INFO LOG: May__8_10:20: tick!!!
 INFO LOG: May__8_10:22: tick!!!
 INFO LOG: May__8_10:24: tick!!!
 INFO LOG: May__8_10:26: tick!!!
 INFO LOG: May__8_10:28: tick!!!
 INFO LOG: May__8_10:30: tick!!!
 INFO LOG: May__8_10:32: tick!!!
 INFO LOG: May__8_10:34: tick!!!
 INFO LOG: May__8_10:36: tick!!!
 INFO LOG: May__8_10:38: tick!!!
 INFO LOG: May__8_10:40: tick!!!
 INFO LOG: May__8_10:42: tick!!!
 INFO LOG: May__8_10:44: tick!!!
 INFO LOG: May__8_10:46: tick!!!
 INFO LOG: May__8_10:48: tick!!!
 INFO LOG: May__8_10:50: tick!!!
 INFO LOG: May__8_10:52: tick!!!
 INFO LOG: May__8_10:54: tick!!!
 INFO LOG: May__8_10:56: tick!!!
 INFO LOG: May__8_10:58: tick!!!
 INFO LOG: May__8_11:00: tick!!!
 INFO LOG: May__8_11:02: tick!!!
 INFO LOG: May__8_11:04: tick!!!
 INFO LOG: May__8_11:06: tick!!!
 INFO LOG: May__8_11:08: tick!!!
 INFO LOG: May__8_11:10: tick!!!
 INFO LOG: May__8_11:12: tick!!!
 INFO LOG: May__8_11:14: tick!!!
 INFO LOG: May__8_11:16: tick!!!
 INFO LOG: May__8_11:18: tick!!!
 INFO LOG: May__8_11:20: tick!!!
 INFO LOG: May__8_11:22: tick!!!
 INFO LOG: May__8_11:24: tick!!!
 INFO LOG: May__8_11:26: tick!!!
 INFO LOG: May__8_11:28: tick!!!
 INFO LOG: May__8_11:30: tick!!!
 INFO LOG: May__8_11:32: tick!!!
 INFO LOG: May__8_11:34: tick!!!
 INFO LOG: May__8_11:36: tick!!!
 INFO LOG: May__8_11:38: tick!!!
 INFO LOG: May__8_11:40: tick!!!
 INFO LOG: May__8_11:42: tick!!!
 INFO LOG: May__8_11:44: tick!!!
 INFO LOG: May__8_11:46: tick!!!
 INFO LOG: May__8_11:48: tick!!!
 INFO LOG: May__8_11:50: tick!!!
 INFO LOG: May__8_11:52: tick!!!
 INFO LOG: May__8_11:54: tick!!!
 INFO LOG: May__8_11:56: tick!!!
 INFO LOG: May__8_11:58: tick!!!
 INFO LOG: May__8_12:00: tick!!!
 INFO LOG: May__8_12:02: tick!!!
 INFO LOG: May__8_12:04: tick!!!
 INFO LOG: May__8_12:06: tick!!!
 INFO LOG: May__8_12:08: tick!!!
 INFO LOG: May__8_12:10: tick!!!
 INFO LOG: May__8_12:12: tick!!!
 INFO LOG: May__8_12:14: tick!!!
 INFO LOG: May__8_12:16: tick!!!
 INFO LOG: May__8_12:18: tick!!!
 INFO LOG: May__8_12:20: tick!!!
 INFO LOG: May__8_12:22: tick!!!
 INFO LOG: May__8_12:24: tick!!!
 INFO LOG: May__8_12:26: tick!!!
 INFO LOG: May__8_12:28: tick!!!
 INFO LOG: May__8_12:30: tick!!!
 INFO LOG: May__8_12:32: tick!!!
 INFO LOG: May__8_12:34: tick!!!
 INFO LOG: May__8_12:36: tick!!!
 INFO LOG: May__8_12:38: tick!!!
 INFO LOG: May__8_12:40: tick!!!
 INFO LOG: May__8_12:42: tick!!!
 INFO LOG: May__8_12:44: tick!!!
 INFO LOG: May__8_12:46: tick!!!
 INFO LOG: May__8_12:48: tick!!!
 INFO LOG: May__8_12:50: tick!!!
 INFO LOG: May__8_12:52: tick!!!
 INFO LOG: May__8_12:54: tick!!!
 INFO LOG: May__8_12:56: tick!!!
 INFO LOG: May__8_12:58: tick!!!
 INFO LOG: May__8_13:00: tick!!!
 INFO LOG: May__8_13:02: tick!!!
 INFO LOG: May__8_13:04: tick!!!
 INFO LOG: May__8_13:06: tick!!!
 INFO LOG: May__8_13:08: tick!!!
 INFO LOG: May__8_13:10: tick!!!
 INFO LOG: May__8_13:12: tick!!!
 INFO LOG: May__8_13:14: tick!!!
 INFO LOG: May__8_13:16: tick!!!
 INFO LOG: May__8_13:18: tick!!!
 INFO LOG: May__8_13:20: tick!!!
 INFO LOG: May__8_13:22: tick!!!
 INFO LOG: May__8_13:24: tick!!!
 INFO LOG: May__8_13:26: tick!!!
 INFO LOG: May__8_13:28: tick!!!
 INFO LOG: May__8_13:30: tick!!!
 INFO LOG: May__8_13:32: tick!!!
 INFO LOG: May__8_13:34: tick!!!
 INFO LOG: May__8_13:36: tick!!!
 INFO LOG: May__8_13:38: tick!!!
 INFO LOG: May__8_13:40: tick!!!
 INFO LOG: May__8_13:42: tick!!!
 INFO LOG: May__8_13:44: tick!!!
 INFO LOG: May__8_13:46: tick!!!
 INFO LOG: May__8_13:48: tick!!!
 INFO LOG: May__8_13:50: tick!!!
 INFO LOG: May__8_13:52: tick!!!
 INFO LOG: May__8_13:54: tick!!!
 INFO LOG: May__8_13:56: tick!!!
 INFO LOG: May__8_13:58: tick!!!
 INFO LOG: May__8_14:00: tick!!!
 INFO LOG: May__8_14:02: tick!!!
 INFO LOG: May__8_14:04: tick!!!
 INFO LOG: May__8_14:06: tick!!!
 INFO LOG: May__8_14:08: tick!!!
 INFO LOG: May__8_14:10: tick!!!
 INFO LOG: May__8_14:12: tick!!!
 INFO LOG: May__8_14:14: tick!!!
 INFO LOG: May__8_14:16: tick!!!
 INFO LOG: May__8_14:18: tick!!!
 INFO LOG: May__8_14:20: tick!!!
 INFO LOG: May__8_14:22: tick!!!
 INFO LOG: May__8_14:24: tick!!!
 INFO LOG: May__8_14:26: tick!!!
 INFO LOG: May__8_14:28: tick!!!
 INFO LOG: May__8_14:30: tick!!!
 INFO LOG: May__8_14:32: tick!!!
 INFO LOG: May__8_14:34: tick!!!
 INFO LOG: May__8_14:36: tick!!!
 INFO LOG: May__8_14:38: tick!!!
 INFO LOG: May__8_14:40: tick!!!
 INFO LOG: May__8_14:42: tick!!!
 INFO LOG: May__8_14:44: tick!!!
 INFO LOG: May__8_14:46: tick!!!
 INFO LOG: May__8_14:48: tick!!!
 INFO LOG: May__8_14:50: tick!!!
 INFO LOG: May__8_14:52: tick!!!
 INFO LOG: May__8_14:54: tick!!!
 INFO LOG: May__8_14:56: tick!!!
 INFO LOG: May__8_14:58: tick!!!
 INFO LOG: May__8_15:00: tick!!!
 INFO LOG: May__8_15:02: tick!!!
 INFO LOG: May__8_15:04: tick!!!
 INFO LOG: May__8_15:06: tick!!!
 INFO LOG: May__8_15:08: tick!!!
 INFO LOG: May__8_15:10: tick!!!
 INFO LOG: May__8_15:12: tick!!!
 INFO LOG: May__8_15:14: tick!!!
 INFO LOG: May__8_15:16: tick!!!
 INFO LOG: May__8_15:18: tick!!!
 INFO LOG: May__8_15:20: tick!!!
 INFO LOG: May__8_15:22: tick!!!
 INFO LOG: May__8_15:24: tick!!!
 INFO LOG: May__8_15:26: tick!!!
 INFO LOG: May__8_15:28: tick!!!
 INFO LOG: May__8_15:30: tick!!!
 INFO LOG: May__8_15:32: tick!!!
 INFO LOG: May__8_15:34: tick!!!
 INFO LOG: May__8_15:36: tick!!!
 INFO LOG: May__8_15:38: tick!!!
 INFO LOG: May__8_15:40: tick!!!
 INFO LOG: May__8_15:42: tick!!!
 INFO LOG: May__8_15:44: tick!!!
 INFO LOG: May__8_15:46: tick!!!
 INFO LOG: May__8_15:48: tick!!!
 INFO LOG: May__8_15:50: tick!!!
 INFO LOG: May__8_15:52: tick!!!
 INFO LOG: May__8_15:54: tick!!!
 INFO LOG: May__8_15:56: tick!!!
 INFO LOG: May__8_15:58: tick!!!
 INFO LOG: May__8_16:00: tick!!!
 INFO LOG: May__8_16:02: tick!!!
 INFO LOG: May__8_16:04: tick!!!
 INFO LOG: May__8_16:06: tick!!!
 INFO LOG: May__8_16:08: tick!!!
 INFO LOG: May__8_16:10: tick!!!
 INFO LOG: May__8_16:12: tick!!!
 INFO LOG: May__8_16:14: tick!!!
 INFO LOG: May__8_16:16: tick!!!
 INFO LOG: May__8_16:18: tick!!!
 INFO LOG: May__8_16:20: tick!!!
 INFO LOG: May__8_16:22: tick!!!
 INFO LOG: May__8_16:24: tick!!!
 INFO LOG: May__8_16:26: tick!!!
 INFO LOG: May__8_16:28: tick!!!
 INFO LOG: May__8_16:30: tick!!!
 INFO LOG: May__8_16:32: tick!!!
 INFO LOG: May__8_16:34: tick!!!
 INFO LOG: May__8_16:36: tick!!!
 INFO LOG: May__8_16:38: tick!!!
 INFO LOG: May__8_16:40: tick!!!
 INFO LOG: May__8_16:42: tick!!!
 INFO LOG: May__8_16:44: tick!!!
 INFO LOG: May__8_16:46: tick!!!
 INFO LOG: May__8_16:48: tick!!!
 INFO LOG: May__8_16:50: tick!!!
 INFO LOG: May__8_16:52: tick!!!
 INFO LOG: May__8_16:54: tick!!!
 INFO LOG: May__8_16:56: tick!!!
 INFO LOG: May__8_16:58: tick!!!
 INFO LOG: May__8_17:00: tick!!!
 INFO LOG: May__8_17:02: tick!!!
 INFO LOG: May__8_17:04: tick!!!
 INFO LOG: May__8_17:06: tick!!!
 INFO LOG: May__8_17:08: tick!!!
 INFO LOG: May__8_17:10: tick!!!
 INFO LOG: May__8_17:12: tick!!!
 INFO LOG: May__8_17:14: tick!!!
 INFO LOG: May__8_17:16: tick!!!
 INFO LOG: May__8_17:18: tick!!!
 INFO LOG: May__8_17:20: tick!!!
 INFO LOG: May__8_17:22: tick!!!
 INFO LOG: May__8_17:24: tick!!!
 INFO LOG: May__8_17:26: tick!!!
 INFO LOG: May__8_17:28: tick!!!
 INFO LOG: May__8_17:30: tick!!!
 INFO LOG: May__8_17:32: tick!!!
 INFO LOG: May__8_17:34: tick!!!
 INFO LOG: May__8_17:36: tick!!!
 INFO LOG: May__8_17:38: tick!!!
 INFO LOG: May__8_17:40: tick!!!
 INFO LOG: May__8_17:42: tick!!!
 INFO LOG: May__8_17:44: tick!!!
 INFO LOG: May__8_17:46: tick!!!
 INFO LOG: May__8_17:48: tick!!!
 INFO LOG: May__8_17:50: tick!!!
 INFO LOG: May__8_17:52: tick!!!
 INFO LOG: May__8_17:54: tick!!!
 INFO LOG: May__8_17:56: tick!!!
 INFO LOG: May__8_17:58: tick!!!
 INFO LOG: May__8_18:00: tick!!!
 INFO LOG: May__8_18:02: tick!!!
 INFO LOG: May__8_18:04: tick!!!
 INFO LOG: May__8_18:06: tick!!!
 INFO LOG: May__8_18:08: tick!!!
 INFO LOG: May__8_18:10: tick!!!
 INFO LOG: May__8_18:12: tick!!!
 INFO LOG: May__8_18:14: tick!!!
 INFO LOG: May__8_18:16: tick!!!
 INFO LOG: May__8_18:18: tick!!!
 INFO LOG: May__8_18:20: tick!!!
 INFO LOG: May__8_18:23: tick!!!
 INFO LOG: May__8_18:25: tick!!!
 INFO LOG: May__8_18:27: tick!!!
 INFO LOG: May__8_18:29: tick!!!
 INFO LOG: May__8_18:31: tick!!!
 INFO LOG: May__8_18:33: tick!!!
 INFO LOG: May__8_18:35: tick!!!
 INFO LOG: May__8_18:37: tick!!!
 INFO LOG: May__8_18:39: tick!!!
 INFO LOG: May__8_18:41: tick!!!
 INFO LOG: May__8_18:43: tick!!!
 INFO LOG: May__8_18:45: tick!!!
 INFO LOG: May__8_18:47: tick!!!
 INFO LOG: May__8_18:49: tick!!!
 INFO LOG: May__8_18:51: tick!!!
 INFO LOG: May__8_18:53: tick!!!
 INFO LOG: May__8_18:55: tick!!!
 INFO LOG: May__8_18:57: tick!!!
 INFO LOG: May__8_18:59: tick!!!
 INFO LOG: May__8_19:01: tick!!!
 INFO LOG: May__8_19:03: tick!!!
 INFO LOG: May__8_19:05: tick!!!
 INFO LOG: May__8_19:07: tick!!!
 INFO LOG: May__8_19:09: tick!!!
 INFO LOG: May__8_19:11: tick!!!
 INFO LOG: May__8_19:13: tick!!!
 INFO LOG: May__8_19:15: tick!!!
 INFO LOG: May__8_19:17: tick!!!
 INFO LOG: May__8_19:19: tick!!!
 INFO LOG: May__8_19:21: tick!!!
 INFO LOG: May__8_19:23: tick!!!
 INFO LOG: May__8_19:25: tick!!!
 INFO LOG: May__8_19:27: tick!!!
 INFO LOG: May__8_19:29: tick!!!
 INFO LOG: May__8_19:31: tick!!!
 INFO LOG: May__8_19:33: tick!!!
 INFO LOG: May__8_19:35: tick!!!
 INFO LOG: May__8_19:37: tick!!!
 INFO LOG: May__8_19:39: tick!!!
 INFO LOG: May__8_19:41: tick!!!
 INFO LOG: May__8_19:43: tick!!!
 INFO LOG: May__8_19:45: tick!!!
 INFO LOG: May__8_19:47: tick!!!
 INFO LOG: May__8_19:49: tick!!!
 INFO LOG: May__8_19:51: tick!!!
 INFO LOG: May__8_19:53: tick!!!
 INFO LOG: May__8_19:55: tick!!!
 INFO LOG: May__8_19:57: tick!!!
 INFO LOG: May__8_19:59: tick!!!
 INFO LOG: May__8_20:01: tick!!!
 INFO LOG: May__8_20:03: tick!!!
 INFO LOG: May__8_20:05: tick!!!
 INFO LOG: May__8_20:07: tick!!!
 INFO LOG: May__8_20:09: tick!!!
 INFO LOG: May__8_20:11: tick!!!
 INFO LOG: May__8_20:13: tick!!!
 INFO LOG: May__8_20:15: tick!!!
 INFO LOG: May__8_20:17: tick!!!
 INFO LOG: May__8_20:19: tick!!!
 INFO LOG: May__8_20:21: tick!!!
 INFO LOG: May__8_20:23: tick!!!
 INFO LOG: May__8_20:25: tick!!!
 INFO LOG: May__8_20:27: tick!!!
 INFO LOG: May__8_20:29: tick!!!
 INFO LOG: May__8_20:31: tick!!!
 INFO LOG: May__8_20:33: tick!!!
 INFO LOG: May__8_20:35: tick!!!
 INFO LOG: May__8_20:37: tick!!!
 INFO LOG: May__8_20:39: tick!!!
 INFO LOG: May__8_20:41: tick!!!
 INFO LOG: May__8_20:43: tick!!!
 INFO LOG: May__8_20:45: tick!!!
 INFO LOG: May__8_20:47: tick!!!
 INFO LOG: May__8_20:49: tick!!!
 INFO LOG: May__8_20:51: tick!!!
 INFO LOG: May__8_20:53: tick!!!
 INFO LOG: May__8_20:55: tick!!!
 INFO LOG: May__8_20:57: tick!!!
 INFO LOG: May__8_20:59: tick!!!
 INFO LOG: May__8_21:01: tick!!!
 INFO LOG: May__8_21:03: tick!!!
 INFO LOG: May__8_21:05: tick!!!
 INFO LOG: May__8_21:07: tick!!!
 INFO LOG: May__8_21:09: tick!!!
 INFO LOG: May__8_21:11: tick!!!
 INFO LOG: May__8_21:13: tick!!!
 INFO LOG: May__8_21:15: tick!!!
 INFO LOG: May__8_21:17: tick!!!
 INFO LOG: May__8_21:19: tick!!!
 INFO LOG: May__8_21:21: tick!!!
 INFO LOG: May__8_21:23: tick!!!
 INFO LOG: May__8_21:25: tick!!!
 INFO LOG: May__8_21:27: tick!!!
 INFO LOG: May__8_21:29: tick!!!
 INFO LOG: May__8_21:31: tick!!!
 INFO LOG: May__8_21:33: tick!!!
 INFO LOG: May__8_21:35: tick!!!
 INFO LOG: May__8_21:37: tick!!!
 INFO LOG: May__8_21:39: tick!!!
 INFO LOG: May__8_21:41: tick!!!
 INFO LOG: May__8_21:43: tick!!!
 INFO LOG: May__8_21:45: tick!!!
 INFO LOG: May__8_21:47: tick!!!
 INFO LOG: May__8_21:49: tick!!!
 INFO LOG: May__8_21:51: tick!!!
 INFO LOG: May__8_21:53: tick!!!
 INFO LOG: May__8_21:55: tick!!!
 INFO LOG: May__8_21:57: tick!!!
 INFO LOG: May__8_21:59: tick!!!
 INFO LOG: May__8_22:01: tick!!!
 INFO LOG: May__8_22:03: tick!!!
 INFO LOG: May__8_22:05: tick!!!
 INFO LOG: May__8_22:07: tick!!!
 INFO LOG: May__8_22:09: tick!!!
 INFO LOG: May__8_22:11: tick!!!
 INFO LOG: May__8_22:13: tick!!!
 INFO LOG: May__8_22:15: tick!!!
 INFO LOG: May__8_22:17: tick!!!
 INFO LOG: May__8_22:19: tick!!!
 INFO LOG: May__8_22:21: tick!!!
 INFO LOG: May__8_22:23: tick!!!
 INFO LOG: May__8_22:25: tick!!!
 INFO LOG: May__8_22:27: tick!!!
 INFO LOG: May__8_22:29: tick!!!
 INFO LOG: May__8_22:31: tick!!!
 INFO LOG: May__8_22:33: tick!!!
 INFO LOG: May__8_22:35: tick!!!
 INFO LOG: May__8_22:37: tick!!!
 INFO LOG: May__8_22:39: tick!!!
 INFO LOG: May__8_22:41: tick!!!
 INFO LOG: May__8_22:43: tick!!!
 INFO LOG: May__8_22:45: tick!!!
 INFO LOG: May__8_22:47: tick!!!
 INFO LOG: May__8_22:49: tick!!!
 INFO LOG: May__8_22:51: tick!!!
 INFO LOG: May__8_22:53: tick!!!
 INFO LOG: May__8_22:55: tick!!!
 INFO LOG: May__8_22:57: tick!!!
 INFO LOG: May__8_22:59: tick!!!
 INFO LOG: May__8_23:01: tick!!!
 INFO LOG: May__8_23:03: tick!!!
 INFO LOG: May__8_23:05: tick!!!
 INFO LOG: May__8_23:07: tick!!!
 INFO LOG: May__8_23:09: tick!!!
 INFO LOG: May__8_23:11: tick!!!
 INFO LOG: May__8_23:13: tick!!!
 INFO LOG: May__8_23:15: tick!!!
 INFO LOG: May__8_23:17: tick!!!
 INFO LOG: May__8_23:19: tick!!!
 INFO LOG: May__8_23:21: tick!!!
 INFO LOG: May__8_23:23: tick!!!
 INFO LOG: May__8_23:25: tick!!!
 INFO LOG: May__8_23:27: tick!!!
 INFO LOG: May__8_23:29: tick!!!
 INFO LOG: May__8_23:31: tick!!!
 INFO LOG: May__8_23:33: tick!!!
 INFO LOG: May__8_23:35: tick!!!
 INFO LOG: May__8_23:37: tick!!!
 INFO LOG: May__8_23:39: tick!!!
 INFO LOG: May__8_23:41: tick!!!
 INFO LOG: May__8_23:43: tick!!!
 INFO LOG: May__8_23:45: tick!!!
 INFO LOG: May__8_23:47: tick!!!
 INFO LOG: May__8_23:49: tick!!!
 INFO LOG: May__8_23:51: tick!!!
 INFO LOG: May__8_23:53: tick!!!
 INFO LOG: May__8_23:55: tick!!!
 INFO LOG: May__8_23:57: tick!!!
 INFO LOG: May__8_23:59: tick!!!
 INFO LOG: May__9_00:01: tick!!!
 INFO LOG: May__9_00:03: tick!!!
 INFO LOG: May__9_00:05: tick!!!
 INFO LOG: May__9_00:07: tick!!!
 INFO LOG: May__9_00:09: tick!!!
 INFO LOG: May__9_00:11: tick!!!
 INFO LOG: May__9_00:13: tick!!!
 INFO LOG: May__9_00:15: tick!!!
 INFO LOG: May__9_00:17: tick!!!
 INFO LOG: May__9_00:19: tick!!!
 INFO LOG: May__9_00:21: tick!!!
 INFO LOG: May__9_00:23: tick!!!
 INFO LOG: May__9_00:25: tick!!!
 INFO LOG: May__9_00:26: -- #<Player:0x00000001b66178>:76.202.141.206:35490 disconnected from CoralMUD!
 INFO LOG: May__9_00:26: Program closed.
