 INFO LOG: May_25_22:01: Logging enabled.   Loading logs.rb.
 INFO LOG: May_25_22:01: Loading spellcheck.rb
 INFO LOG: May_25_22:01: Loading facade.rb
 INFO LOG: May_25_22:01: Loading query_list.rb
 INFO LOG: May_25_22:01: Loading utils.rb
 INFO LOG: May_25_22:01: Loading constants.rb
 INFO LOG: May_25_22:01: Loading damage.rb
 INFO LOG: May_25_22:01: Loading class_property.rb
 INFO LOG: May_25_22:01: Loading scripts.rb
 INFO LOG: May_25_22:01: Loading tags.rb
 INFO LOG: May_25_22:01: Loading editor/editors.rb
 INFO LOG: May_25_22:01: Loading editor/editor.strings.rb
 INFO LOG: May_25_22:01: Loading editor/editor.rooms.rb
 INFO LOG: May_25_22:01: Loading editor/editor.exits.rb
 INFO LOG: May_25_22:01: Loading editor/editor.zones.rb
 INFO LOG: May_25_22:01: Loading editor/editor.npc.rb
 INFO LOG: May_25_22:01: Loading editor/editor.items.rb
 INFO LOG: May_25_22:01: Loading editor/editor.socials.rb
 INFO LOG: May_25_22:01: Loading socials.rb
 INFO LOG: May_25_22:01: Loading mxp.rb
 INFO LOG: May_25_22:01: Loading mccp.rb
 INFO LOG: May_25_22:01: Loading flags.rb
 INFO LOG: May_25_22:01: Loading areas.rb
 INFO LOG: May_25_22:01: Loading security.rb
 INFO LOG: May_25_22:01: Loading resets.rb
 INFO LOG: May_25_22:01: Loading event.rb
 INFO LOG: May_25_22:01: Loading automap/automap.rb
 INFO LOG: May_25_22:01: Loading cities.rb
 INFO LOG: May_25_22:01: Loading sector definitions.
 INFO LOG: May_25_22:01: Loading help.rb
 INFO LOG: May_25_22:01: Loading imcruby.rb
 INFO LOG: May_25_22:01: Loading player.rb
 INFO LOG: May_25_22:01: Loading commands.rb
 INFO LOG: May_25_22:01: Loading editor/editor.player.rb
 INFO LOG: May_25_22:01: Loading random.rb
 INFO LOG: May_25_22:01: Loading npc.rb
 INFO LOG: May_25_22:01: Loading items/types.rb
 INFO LOG: May_25_22:01: Loading items/items.rb
 INFO LOG: May_25_22:01: Loading spells.rb
 INFO LOG: May_25_22:01: Loading all zones.
 INFO LOG: May_25_22:01: Loading all socials.
 INFO LOG: May_25_22:01: Starting server.
 INFO LOG: May_25_22:01: CoralMUD is now up on port 4000.
 INFO LOG: May_25_22:01: -- 76.202.141.206:39017 connected to CoralMUD!
 INFO LOG: May_25_22:01: -- 76.202.141.206:39017: () Invalid name in character creation.
 INFO LOG: May_25_22:01: -- 76.202.141.206:39017: () Invalid name in character creation.
 INFO LOG: May_25_22:01: -- 76.202.141.206:39017: () Invalid name in character creation.
 INFO LOG: May_25_22:01: -- 76.202.141.206:39017: Retnur is trying to connect.
 INFO LOG: May_25_22:01: -- 76.202.141.206:39017: Retnur player file found.
 INFO LOG: May_25_22:01: -- Retnur has entered the game.
 INFO LOG: May_25_22:03: tick!!!
 INFO LOG: May_25_22:04: Loading resets.rb
 INFO LOG: May_25_22:05: -- #<Player:0x0000000206efd0>:76.202.141.206:39017 disconnected from CoralMUD!
 INFO LOG: May_25_22:05: Logging enabled.   Loading logs.rb.
 INFO LOG: May_25_22:05: Loading spellcheck.rb
 INFO LOG: May_25_22:05: Loading facade.rb
 INFO LOG: May_25_22:05: Loading query_list.rb
 INFO LOG: May_25_22:05: Loading utils.rb
 INFO LOG: May_25_22:05: Loading constants.rb
 INFO LOG: May_25_22:05: Loading damage.rb
 INFO LOG: May_25_22:05: Loading class_property.rb
 INFO LOG: May_25_22:05: Loading scripts.rb
 INFO LOG: May_25_22:05: Loading tags.rb
 INFO LOG: May_25_22:05: Loading editor/editors.rb
 INFO LOG: May_25_22:05: Loading editor/editor.strings.rb
 INFO LOG: May_25_22:05: Loading editor/editor.rooms.rb
 INFO LOG: May_25_22:05: Loading editor/editor.exits.rb
 INFO LOG: May_25_22:05: Loading editor/editor.zones.rb
 INFO LOG: May_25_22:05: Loading editor/editor.npc.rb
 INFO LOG: May_25_22:05: Loading editor/editor.items.rb
 INFO LOG: May_25_22:05: Loading editor/editor.socials.rb
 INFO LOG: May_25_22:05: Loading socials.rb
 INFO LOG: May_25_22:05: Loading mxp.rb
 INFO LOG: May_25_22:05: Loading mccp.rb
 INFO LOG: May_25_22:05: Loading flags.rb
 INFO LOG: May_25_22:05: Loading areas.rb
 INFO LOG: May_25_22:05: Loading security.rb
 INFO LOG: May_25_22:05: Loading resets.rb
 INFO LOG: May_25_22:05: Loading event.rb
 INFO LOG: May_25_22:05: Loading automap/automap.rb
 INFO LOG: May_25_22:05: Loading cities.rb
 INFO LOG: May_25_22:05: Loading sector definitions.
 INFO LOG: May_25_22:05: Loading help.rb
 INFO LOG: May_25_22:05: Loading imcruby.rb
 INFO LOG: May_25_22:05: Loading player.rb
 INFO LOG: May_25_22:05: Loading commands.rb
 INFO LOG: May_25_22:05: Loading editor/editor.player.rb
 INFO LOG: May_25_22:05: Loading random.rb
 INFO LOG: May_25_22:05: Loading npc.rb
 INFO LOG: May_25_22:05: Loading items/types.rb
 INFO LOG: May_25_22:05: Loading items/items.rb
 INFO LOG: May_25_22:05: Loading spells.rb
 INFO LOG: May_25_22:05: Loading all zones.
 INFO LOG: May_25_22:05: Loading all socials.
 INFO LOG: May_25_22:05: Starting server.
 INFO LOG: May_25_22:05: CoralMUD is now up on port 4000.
 INFO LOG: May_25_22:05: -- 76.202.141.206:37639 connected to CoralMUD!
 INFO LOG: May_25_22:05: -- 76.202.141.206:37639: () Invalid name in character creation.
 INFO LOG: May_25_22:05: -- 76.202.141.206:37639: () Invalid name in character creation.
 INFO LOG: May_25_22:05: -- 76.202.141.206:37639: Retnur is trying to connect.
 INFO LOG: May_25_22:05: -- 76.202.141.206:37639: Retnur player file found.
 INFO LOG: May_25_22:05: -- Retnur has entered the game.
ERROR LOG: undefined method `reset_list' for #<Reset:0x00000002f50788>
ERROR LOG: /home/heath/coral/lib/resets.rb:62:in `block in reset'
ERROR LOG: /home/heath/coral/lib/resets.rb:60:in `each'
ERROR LOG: /home/heath/coral/lib/resets.rb:60:in `reset'
ERROR LOG: /home/heath/coral/lib/commands/reset.rb:4:in `cmd_reset'
ERROR LOG: /home/heath/coral/lib/commands.rb:307:in `execute_command'
ERROR LOG: /home/heath/coral/core/socketengine.rb:170:in `block in handle_cmd_input'
ERROR LOG: /home/heath/coral/core/socketengine.rb:169:in `times'
ERROR LOG: /home/heath/coral/core/socketengine.rb:169:in `handle_cmd_input'
ERROR LOG: /home/heath/coral/core/socketengine.rb:133:in `receive_data'
ERROR LOG: /usr/local/lib/ruby/gems/1.9.1/gems/eventmachine-0.12.8/lib/eventmachine.rb:242:in `run_machine'
ERROR LOG: /usr/local/lib/ruby/gems/1.9.1/gems/eventmachine-0.12.8/lib/eventmachine.rb:242:in `run'
ERROR LOG: coral.rb:175:in `<main>'
 INFO LOG: May_25_22:07: Loading resets.rb
 INFO LOG: May_25_22:07: tick!!!
 INFO LOG: May_25_22:07: Loading resets.rb
 INFO LOG: May_25_22:07: -- #<Player:0x000000036aca90>:76.202.141.206:37639 disconnected from CoralMUD!
 INFO LOG: May_25_22:07: Logging enabled.   Loading logs.rb.
 INFO LOG: May_25_22:07: Loading spellcheck.rb
 INFO LOG: May_25_22:07: Loading facade.rb
 INFO LOG: May_25_22:07: Loading query_list.rb
 INFO LOG: May_25_22:07: Loading utils.rb
 INFO LOG: May_25_22:07: Loading constants.rb
 INFO LOG: May_25_22:07: Loading damage.rb
 INFO LOG: May_25_22:07: Loading class_property.rb
 INFO LOG: May_25_22:07: Loading scripts.rb
 INFO LOG: May_25_22:07: Loading tags.rb
 INFO LOG: May_25_22:07: Loading editor/editors.rb
 INFO LOG: May_25_22:07: Loading editor/editor.strings.rb
 INFO LOG: May_25_22:07: Loading editor/editor.rooms.rb
 INFO LOG: May_25_22:07: Loading editor/editor.exits.rb
 INFO LOG: May_25_22:07: Loading editor/editor.zones.rb
 INFO LOG: May_25_22:07: Loading editor/editor.npc.rb
 INFO LOG: May_25_22:07: Loading editor/editor.items.rb
 INFO LOG: May_25_22:07: Loading editor/editor.socials.rb
 INFO LOG: May_25_22:07: Loading socials.rb
 INFO LOG: May_25_22:07: Loading mxp.rb
 INFO LOG: May_25_22:07: Loading mccp.rb
 INFO LOG: May_25_22:07: Loading flags.rb
 INFO LOG: May_25_22:07: Loading areas.rb
 INFO LOG: May_25_22:07: Loading security.rb
 INFO LOG: May_25_22:07: Loading resets.rb
 INFO LOG: May_25_22:07: Loading event.rb
 INFO LOG: May_25_22:07: Loading automap/automap.rb
 INFO LOG: May_25_22:07: Loading cities.rb
 INFO LOG: May_25_22:07: Loading sector definitions.
 INFO LOG: May_25_22:07: Loading help.rb
 INFO LOG: May_25_22:07: Loading imcruby.rb
 INFO LOG: May_25_22:07: Loading player.rb
 INFO LOG: May_25_22:07: Loading commands.rb
 INFO LOG: May_25_22:07: Loading editor/editor.player.rb
 INFO LOG: May_25_22:07: Loading random.rb
 INFO LOG: May_25_22:07: Loading npc.rb
 INFO LOG: May_25_22:07: Loading items/types.rb
 INFO LOG: May_25_22:07: Loading items/items.rb
 INFO LOG: May_25_22:07: Loading spells.rb
 INFO LOG: May_25_22:07: Loading all zones.
 INFO LOG: May_25_22:07: Loading all socials.
 INFO LOG: May_25_22:07: Starting server.
 INFO LOG: May_25_22:07: CoralMUD is now up on port 4000.
 INFO LOG: May_25_22:07: -- 76.202.141.206:41977 connected to CoralMUD!
 INFO LOG: May_25_22:07: -- 76.202.141.206:41977: () Invalid name in character creation.
 INFO LOG: May_25_22:07: -- 76.202.141.206:41977: () Invalid name in character creation.
 INFO LOG: May_25_22:07: -- 76.202.141.206:41977: Retnur is trying to connect.
 INFO LOG: May_25_22:07: -- 76.202.141.206:41977: Retnur player file found.
 INFO LOG: May_25_22:07: -- Retnur has entered the game.
 INFO LOG: May_25_22:09: tick!!!
 INFO LOG: May_25_22:11: tick!!!
 INFO LOG: May_25_22:13: tick!!!
 INFO LOG: May_25_22:15: tick!!!
 INFO LOG: May_25_22:17: tick!!!
 INFO LOG: May_25_22:19: tick!!!
 INFO LOG: May_25_22:21: tick!!!
 INFO LOG: May_25_22:23: tick!!!
 INFO LOG: May_25_22:25: tick!!!
 INFO LOG: May_25_22:27: tick!!!
 INFO LOG: May_25_22:29: tick!!!
 INFO LOG: May_25_22:31: tick!!!
 INFO LOG: May_25_22:33: tick!!!
 INFO LOG: May_25_22:35: tick!!!
 INFO LOG: May_25_22:37: tick!!!
 INFO LOG: May_25_22:39: tick!!!
 INFO LOG: May_25_22:41: tick!!!
 INFO LOG: May_25_22:43: tick!!!
 INFO LOG: May_25_22:45: tick!!!
 INFO LOG: May_25_22:47: tick!!!
 INFO LOG: May_25_22:49: tick!!!
 INFO LOG: May_25_22:51: tick!!!
 INFO LOG: May_25_22:53: tick!!!
 INFO LOG: May_25_22:55: tick!!!
 INFO LOG: May_25_22:57: tick!!!
 INFO LOG: May_25_22:58: -- #<Player:0x0000000191ddf8>:76.202.141.206:41977 disconnected from CoralMUD!
 INFO LOG: May_25_22:58: Program closed.
 INFO LOG: May_25_23:02: Logging enabled.   Loading logs.rb.
 INFO LOG: May_25_23:02: Loading spellcheck.rb
 INFO LOG: May_25_23:02: Loading facade.rb
 INFO LOG: May_25_23:02: Loading query_list.rb
 INFO LOG: May_25_23:02: Loading utils.rb
 INFO LOG: May_25_23:02: Loading constants.rb
 INFO LOG: May_25_23:02: Loading damage.rb
 INFO LOG: May_25_23:02: Loading class_property.rb
 INFO LOG: May_25_23:02: Loading scripts.rb
 INFO LOG: May_25_23:02: Loading tags.rb
 INFO LOG: May_25_23:02: Loading editor/editors.rb
 INFO LOG: May_25_23:02: Loading editor/editor.strings.rb
 INFO LOG: May_25_23:02: Loading editor/editor.rooms.rb
 INFO LOG: May_25_23:02: Loading editor/editor.exits.rb
 INFO LOG: May_25_23:02: Loading editor/editor.zones.rb
 INFO LOG: May_25_23:02: Loading editor/editor.npc.rb
 INFO LOG: May_25_23:02: Loading editor/editor.items.rb
 INFO LOG: May_25_23:02: Loading editor/editor.socials.rb
 INFO LOG: May_25_23:02: Loading socials.rb
 INFO LOG: May_25_23:02: Loading mxp.rb
 INFO LOG: May_25_23:02: Loading mccp.rb
 INFO LOG: May_25_23:02: Loading flags.rb
 INFO LOG: May_25_23:02: Loading areas.rb
 INFO LOG: May_25_23:02: Loading security.rb
 INFO LOG: May_25_23:02: Loading resets.rb
 INFO LOG: May_25_23:02: Loading event.rb
 INFO LOG: May_25_23:02: Loading automap/automap.rb
 INFO LOG: May_25_23:02: Loading cities.rb
 INFO LOG: May_25_23:02: Loading sector definitions.
 INFO LOG: May_25_23:02: Loading help.rb
 INFO LOG: May_25_23:02: Loading imcruby.rb
 INFO LOG: May_25_23:02: Loading player.rb
 INFO LOG: May_25_23:02: Loading commands.rb
 INFO LOG: May_25_23:02: Loading editor/editor.player.rb
 INFO LOG: May_25_23:02: Loading random.rb
 INFO LOG: May_25_23:02: Loading npc.rb
 INFO LOG: May_25_23:02: Loading items/types.rb
 INFO LOG: May_25_23:02: Loading items/items.rb
 INFO LOG: May_25_23:02: Loading spells.rb
 INFO LOG: May_25_23:02: Loading all zones.
 INFO LOG: May_25_23:02: Loading all socials.
 INFO LOG: May_25_23:02: Starting server.
 INFO LOG: May_25_23:02: CoralMUD is now up on port 4000.
 INFO LOG: May_25_23:02: Program closed.
 INFO LOG: May_25_23:04: Logging enabled.   Loading logs.rb.
 INFO LOG: May_25_23:04: Loading spellcheck.rb
 INFO LOG: May_25_23:04: Loading facade.rb
 INFO LOG: May_25_23:04: Loading query_list.rb
 INFO LOG: May_25_23:04: Loading utils.rb
 INFO LOG: May_25_23:04: Loading constants.rb
 INFO LOG: May_25_23:04: Loading damage.rb
 INFO LOG: May_25_23:04: Loading class_property.rb
 INFO LOG: May_25_23:04: Loading scripts.rb
 INFO LOG: May_25_23:04: Loading tags.rb
 INFO LOG: May_25_23:04: Loading editor/editors.rb
 INFO LOG: May_25_23:04: Loading editor/editor.strings.rb
 INFO LOG: May_25_23:04: Loading editor/editor.rooms.rb
 INFO LOG: May_25_23:04: Loading editor/editor.exits.rb
 INFO LOG: May_25_23:04: Loading editor/editor.zones.rb
 INFO LOG: May_25_23:04: Loading editor/editor.npc.rb
 INFO LOG: May_25_23:04: Loading editor/editor.items.rb
 INFO LOG: May_25_23:04: Loading editor/editor.socials.rb
 INFO LOG: May_25_23:04: Loading socials.rb
 INFO LOG: May_25_23:04: Loading mxp.rb
 INFO LOG: May_25_23:04: Loading mccp.rb
 INFO LOG: May_25_23:04: Loading flags.rb
 INFO LOG: May_25_23:04: Loading areas.rb
 INFO LOG: May_25_23:04: Loading security.rb
 INFO LOG: May_25_23:04: Loading resets.rb
 INFO LOG: May_25_23:04: Loading event.rb
 INFO LOG: May_25_23:04: Loading automap/automap.rb
 INFO LOG: May_25_23:04: Loading cities.rb
 INFO LOG: May_25_23:04: Loading sector definitions.
 INFO LOG: May_25_23:04: Loading help.rb
 INFO LOG: May_25_23:04: Loading imcruby.rb
 INFO LOG: May_25_23:04: Loading player.rb
 INFO LOG: May_25_23:04: Loading commands.rb
 INFO LOG: May_25_23:04: Loading editor/editor.player.rb
 INFO LOG: May_25_23:04: Loading random.rb
 INFO LOG: May_25_23:04: Loading npc.rb
 INFO LOG: May_25_23:04: Loading items/types.rb
 INFO LOG: May_25_23:04: Loading items/items.rb
 INFO LOG: May_25_23:04: Loading spells.rb
 INFO LOG: May_25_23:04: Loading all zones.
 INFO LOG: May_25_23:04: Loading all socials.
 INFO LOG: May_25_23:04: Starting server.
 INFO LOG: May_25_23:04: CoralMUD is now up on port 4000.
 INFO LOG: May_25_23:04: -- 76.202.141.206:40865 connected to CoralMUD!
 INFO LOG: May_25_23:04: -- 76.202.141.206:40865: Retnur is trying to connect.
 INFO LOG: May_25_23:04: -- 76.202.141.206:40865: Retnur player file found.
 INFO LOG: May_25_23:04: -- Retnur has entered the game.
 INFO LOG: May_25_23:06: tick!!!
 INFO LOG: May_25_23:08: tick!!!
 INFO LOG: May_25_23:10: tick!!!
 INFO LOG: May_25_23:12: tick!!!
 INFO LOG: May_25_23:14: tick!!!
 INFO LOG: May_25_23:16: tick!!!
 INFO LOG: May_25_23:18: tick!!!
 INFO LOG: May_25_23:20: tick!!!
 INFO LOG: May_25_23:22: tick!!!
 INFO LOG: May_25_23:24: tick!!!
 INFO LOG: May_25_23:26: tick!!!
 INFO LOG: May_25_23:28: tick!!!
 INFO LOG: May_25_23:30: tick!!!
 INFO LOG: May_25_23:32: tick!!!
 INFO LOG: May_25_23:34: tick!!!
 INFO LOG: May_25_23:36: tick!!!
 INFO LOG: May_25_23:38: tick!!!
 INFO LOG: May_25_23:40: tick!!!
 INFO LOG: May_25_23:42: tick!!!
 INFO LOG: May_25_23:44: tick!!!
 INFO LOG: May_25_23:46: tick!!!
 INFO LOG: May_25_23:48: tick!!!
 INFO LOG: May_25_23:50: tick!!!
 INFO LOG: May_25_23:52: tick!!!
 INFO LOG: May_25_23:54: tick!!!
 INFO LOG: May_25_23:56: tick!!!
 INFO LOG: May_25_23:58: tick!!!
 INFO LOG: May_26_00:00: tick!!!
 INFO LOG: May_26_00:02: tick!!!
 INFO LOG: May_26_00:04: tick!!!
 INFO LOG: May_26_00:06: tick!!!
 INFO LOG: May_26_00:08: tick!!!
 INFO LOG: May_26_00:10: tick!!!
 INFO LOG: May_26_00:12: tick!!!
 INFO LOG: May_26_00:14: tick!!!
 INFO LOG: May_26_00:16: tick!!!
 INFO LOG: May_26_00:18: tick!!!
 INFO LOG: May_26_00:20: tick!!!
 INFO LOG: May_26_00:22: tick!!!
 INFO LOG: May_26_00:24: tick!!!
 INFO LOG: May_26_00:26: tick!!!
 INFO LOG: May_26_00:28: tick!!!
 INFO LOG: May_26_00:30: tick!!!
 INFO LOG: May_26_00:32: tick!!!
 INFO LOG: May_26_00:34: tick!!!
 INFO LOG: May_26_00:36: tick!!!
 INFO LOG: May_26_00:38: tick!!!
 INFO LOG: May_26_00:40: tick!!!
 INFO LOG: May_26_00:42: tick!!!
 INFO LOG: May_26_00:44: tick!!!
 INFO LOG: May_26_00:46: tick!!!
 INFO LOG: May_26_00:48: tick!!!
 INFO LOG: May_26_00:50: tick!!!
 INFO LOG: May_26_00:52: tick!!!
 INFO LOG: May_26_00:54: tick!!!
 INFO LOG: May_26_00:56: tick!!!
 INFO LOG: May_26_00:58: tick!!!
 INFO LOG: May_26_01:00: tick!!!
 INFO LOG: May_26_01:02: tick!!!
 INFO LOG: May_26_01:04: tick!!!
 INFO LOG: May_26_01:06: tick!!!
 INFO LOG: May_26_01:08: tick!!!
 INFO LOG: May_26_01:10: tick!!!
 INFO LOG: May_26_01:12: tick!!!
 INFO LOG: May_26_01:14: tick!!!
 INFO LOG: May_26_01:16: tick!!!
 INFO LOG: May_26_01:18: tick!!!
 INFO LOG: May_26_01:20: tick!!!
 INFO LOG: May_26_01:22: tick!!!
 INFO LOG: May_26_01:24: tick!!!
 INFO LOG: May_26_01:26: tick!!!
 INFO LOG: May_26_01:28: tick!!!
 INFO LOG: May_26_01:30: tick!!!
 INFO LOG: May_26_01:32: tick!!!
 INFO LOG: May_26_01:34: tick!!!
 INFO LOG: May_26_01:36: tick!!!
 INFO LOG: May_26_01:38: tick!!!
 INFO LOG: May_26_01:40: tick!!!
 INFO LOG: May_26_01:42: tick!!!
 INFO LOG: May_26_01:44: tick!!!
 INFO LOG: May_26_01:46: tick!!!
 INFO LOG: May_26_01:48: tick!!!
 INFO LOG: May_26_01:50: tick!!!
 INFO LOG: May_26_01:52: tick!!!
 INFO LOG: May_26_01:54: tick!!!
 INFO LOG: May_26_01:56: tick!!!
 INFO LOG: May_26_01:58: tick!!!
 INFO LOG: May_26_02:00: tick!!!
 INFO LOG: May_26_02:02: tick!!!
 INFO LOG: May_26_02:04: tick!!!
 INFO LOG: May_26_02:06: tick!!!
 INFO LOG: May_26_02:08: tick!!!
 INFO LOG: May_26_02:10: tick!!!
 INFO LOG: May_26_02:12: tick!!!
 INFO LOG: May_26_02:14: tick!!!
 INFO LOG: May_26_02:16: tick!!!
 INFO LOG: May_26_02:18: tick!!!
 INFO LOG: May_26_02:20: tick!!!
 INFO LOG: May_26_02:22: tick!!!
 INFO LOG: May_26_02:24: tick!!!
 INFO LOG: May_26_02:26: tick!!!
 INFO LOG: May_26_02:28: tick!!!
 INFO LOG: May_26_02:30: tick!!!
 INFO LOG: May_26_02:32: tick!!!
 INFO LOG: May_26_02:34: tick!!!
 INFO LOG: May_26_02:36: tick!!!
 INFO LOG: May_26_02:38: tick!!!
 INFO LOG: May_26_02:40: tick!!!
 INFO LOG: May_26_02:42: tick!!!
 INFO LOG: May_26_02:44: tick!!!
 INFO LOG: May_26_02:46: tick!!!
 INFO LOG: May_26_02:48: tick!!!
 INFO LOG: May_26_02:50: tick!!!
 INFO LOG: May_26_02:52: tick!!!
 INFO LOG: May_26_02:54: tick!!!
 INFO LOG: May_26_02:56: tick!!!
 INFO LOG: May_26_02:58: tick!!!
 INFO LOG: May_26_03:00: tick!!!
 INFO LOG: May_26_03:02: tick!!!
 INFO LOG: May_26_03:04: tick!!!
 INFO LOG: May_26_03:06: tick!!!
 INFO LOG: May_26_03:08: tick!!!
 INFO LOG: May_26_03:10: tick!!!
 INFO LOG: May_26_03:12: tick!!!
 INFO LOG: May_26_03:14: tick!!!
 INFO LOG: May_26_03:16: tick!!!
 INFO LOG: May_26_03:18: tick!!!
 INFO LOG: May_26_03:20: tick!!!
 INFO LOG: May_26_03:22: tick!!!
 INFO LOG: May_26_03:24: tick!!!
 INFO LOG: May_26_03:26: tick!!!
 INFO LOG: May_26_03:28: tick!!!
 INFO LOG: May_26_03:30: tick!!!
 INFO LOG: May_26_03:32: tick!!!
 INFO LOG: May_26_03:34: tick!!!
 INFO LOG: May_26_03:36: tick!!!
 INFO LOG: May_26_03:38: tick!!!
 INFO LOG: May_26_03:40: tick!!!
 INFO LOG: May_26_03:42: tick!!!
 INFO LOG: May_26_03:44: tick!!!
 INFO LOG: May_26_03:46: tick!!!
 INFO LOG: May_26_03:48: tick!!!
 INFO LOG: May_26_03:50: tick!!!
 INFO LOG: May_26_03:52: tick!!!
 INFO LOG: May_26_03:54: tick!!!
 INFO LOG: May_26_03:56: tick!!!
 INFO LOG: May_26_03:58: tick!!!
 INFO LOG: May_26_04:00: tick!!!
 INFO LOG: May_26_04:02: tick!!!
 INFO LOG: May_26_04:04: tick!!!
 INFO LOG: May_26_04:06: tick!!!
 INFO LOG: May_26_04:08: tick!!!
 INFO LOG: May_26_04:10: tick!!!
 INFO LOG: May_26_04:12: tick!!!
 INFO LOG: May_26_04:14: tick!!!
 INFO LOG: May_26_04:16: tick!!!
 INFO LOG: May_26_04:18: tick!!!
 INFO LOG: May_26_04:20: tick!!!
 INFO LOG: May_26_04:22: tick!!!
 INFO LOG: May_26_04:24: tick!!!
 INFO LOG: May_26_04:26: tick!!!
 INFO LOG: May_26_04:28: tick!!!
 INFO LOG: May_26_04:30: tick!!!
 INFO LOG: May_26_04:32: tick!!!
 INFO LOG: May_26_04:34: tick!!!
 INFO LOG: May_26_04:36: tick!!!
 INFO LOG: May_26_04:38: tick!!!
 INFO LOG: May_26_04:40: tick!!!
 INFO LOG: May_26_04:42: tick!!!
 INFO LOG: May_26_04:44: tick!!!
 INFO LOG: May_26_04:46: tick!!!
 INFO LOG: May_26_04:48: tick!!!
 INFO LOG: May_26_04:50: tick!!!
 INFO LOG: May_26_04:52: tick!!!
 INFO LOG: May_26_04:54: tick!!!
 INFO LOG: May_26_04:56: tick!!!
 INFO LOG: May_26_04:58: tick!!!
 INFO LOG: May_26_05:00: tick!!!
 INFO LOG: May_26_05:02: tick!!!
 INFO LOG: May_26_05:04: tick!!!
 INFO LOG: May_26_05:06: tick!!!
 INFO LOG: May_26_05:08: tick!!!
 INFO LOG: May_26_05:10: tick!!!
 INFO LOG: May_26_05:12: tick!!!
 INFO LOG: May_26_05:14: tick!!!
 INFO LOG: May_26_05:16: tick!!!
 INFO LOG: May_26_05:18: tick!!!
 INFO LOG: May_26_05:20: tick!!!
 INFO LOG: May_26_05:22: tick!!!
 INFO LOG: May_26_05:24: tick!!!
 INFO LOG: May_26_05:26: tick!!!
 INFO LOG: May_26_05:28: tick!!!
 INFO LOG: May_26_05:30: tick!!!
 INFO LOG: May_26_05:32: tick!!!
 INFO LOG: May_26_05:34: tick!!!
 INFO LOG: May_26_05:36: tick!!!
 INFO LOG: May_26_05:38: tick!!!
 INFO LOG: May_26_05:40: tick!!!
 INFO LOG: May_26_05:42: tick!!!
 INFO LOG: May_26_05:44: tick!!!
 INFO LOG: May_26_05:46: tick!!!
 INFO LOG: May_26_05:48: tick!!!
 INFO LOG: May_26_05:50: tick!!!
 INFO LOG: May_26_05:52: tick!!!
 INFO LOG: May_26_05:54: tick!!!
 INFO LOG: May_26_05:56: tick!!!
 INFO LOG: May_26_05:58: tick!!!
 INFO LOG: May_26_06:00: tick!!!
 INFO LOG: May_26_06:02: tick!!!
 INFO LOG: May_26_06:04: tick!!!
 INFO LOG: May_26_06:06: tick!!!
 INFO LOG: May_26_06:08: tick!!!
 INFO LOG: May_26_06:10: tick!!!
 INFO LOG: May_26_06:12: tick!!!
 INFO LOG: May_26_06:14: tick!!!
 INFO LOG: May_26_06:16: tick!!!
 INFO LOG: May_26_06:18: tick!!!
 INFO LOG: May_26_06:20: tick!!!
 INFO LOG: May_26_06:22: tick!!!
 INFO LOG: May_26_06:24: tick!!!
 INFO LOG: May_26_06:26: tick!!!
 INFO LOG: May_26_06:28: tick!!!
 INFO LOG: May_26_06:30: tick!!!
 INFO LOG: May_26_06:32: tick!!!
 INFO LOG: May_26_06:34: tick!!!
 INFO LOG: May_26_06:36: tick!!!
 INFO LOG: May_26_06:38: tick!!!
 INFO LOG: May_26_06:40: tick!!!
 INFO LOG: May_26_06:42: tick!!!
 INFO LOG: May_26_06:44: tick!!!
 INFO LOG: May_26_06:46: tick!!!
 INFO LOG: May_26_06:48: tick!!!
 INFO LOG: May_26_06:50: tick!!!
 INFO LOG: May_26_06:52: tick!!!
 INFO LOG: May_26_06:54: tick!!!
 INFO LOG: May_26_06:56: tick!!!
 INFO LOG: May_26_06:58: tick!!!
 INFO LOG: May_26_07:00: tick!!!
 INFO LOG: May_26_07:02: tick!!!
 INFO LOG: May_26_07:04: tick!!!
 INFO LOG: May_26_07:06: tick!!!
 INFO LOG: May_26_07:08: tick!!!
 INFO LOG: May_26_07:10: -- 74.136.36.10:59774 connected to CoralMUD!
 INFO LOG: May_26_07:10: -- 74.136.36.10:59774: Einoch is trying to connect.
 INFO LOG: May_26_07:10: -- 74.136.36.10:59774: Einoch:  New Character.
 INFO LOG: May_26_07:10: tick!!!
 INFO LOG: May_26_07:10: -- #<Player:0x00000001a80b00>:74.136.36.10:59774 disconnected from CoralMUD!
 INFO LOG: May_26_07:12: tick!!!
 INFO LOG: May_26_07:14: tick!!!
 INFO LOG: May_26_07:16: tick!!!
 INFO LOG: May_26_07:18: tick!!!
 INFO LOG: May_26_07:20: tick!!!
 INFO LOG: May_26_07:21: -- 200.170.218.34:10507 connected to CoralMUD!
 INFO LOG: May_26_07:21: -- 200.170.218.34:10507: Nkr is trying to connect.
 INFO LOG: May_26_07:21: -- 200.170.218.34:10507: Nkr player file found.
 INFO LOG: May_26_07:21: -- Nkr has entered the game.
 INFO LOG: May_26_07:21: -- 200.170.218.34:63657 connected to CoralMUD!
 INFO LOG: May_26_07:21: -- 200.170.218.34:63657: Nkr is trying to connect.
 INFO LOG: May_26_07:21: -- 200.170.218.34:63657: Nkr player file found.
 INFO LOG: May_26_07:21: -- 200.170.218.34:63657: #<Player:0x00000001af29f8> has reconnected.
 INFO LOG: May_26_07:21: -- #<Player:0x00000001af29f8>:200.170.218.34:10507 disconnected from CoralMUD!
 INFO LOG: May_26_07:22: tick!!!
 INFO LOG: May_26_07:23: -- #<Player:0x00000001af29f8>:200.170.218.34:63657 disconnected from CoralMUD!
 INFO LOG: May_26_07:23: -- 200.170.218.34:56983 connected to CoralMUD!
 INFO LOG: May_26_07:23: -- 200.170.218.34:56983: Nkr is trying to connect.
 INFO LOG: May_26_07:23: -- 200.170.218.34:56983: Nkr player file found.
 INFO LOG: May_26_07:23: -- 200.170.218.34:56983: #<Player:0x00000001af29f8> has reconnected.
 INFO LOG: May_26_07:24: tick!!!
 INFO LOG: May_26_07:24: -- #<Player:0x00000001af29f8>:200.170.218.34:56983 disconnected from CoralMUD!
 INFO LOG: May_26_07:26: tick!!!
 INFO LOG: May_26_07:28: tick!!!
 INFO LOG: May_26_07:30: tick!!!
 INFO LOG: May_26_07:32: tick!!!
 INFO LOG: May_26_07:34: tick!!!
 INFO LOG: May_26_07:36: tick!!!
 INFO LOG: May_26_07:38: tick!!!
 INFO LOG: May_26_07:40: tick!!!
 INFO LOG: May_26_07:42: tick!!!
 INFO LOG: May_26_07:44: tick!!!
 INFO LOG: May_26_07:46: tick!!!
 INFO LOG: May_26_07:48: tick!!!
 INFO LOG: May_26_07:50: tick!!!
 INFO LOG: May_26_07:52: tick!!!
 INFO LOG: May_26_07:54: tick!!!
 INFO LOG: May_26_07:56: tick!!!
 INFO LOG: May_26_07:58: tick!!!
 INFO LOG: May_26_08:00: tick!!!
 INFO LOG: May_26_08:02: tick!!!
 INFO LOG: May_26_08:04: tick!!!
 INFO LOG: May_26_08:06: tick!!!
 INFO LOG: May_26_08:08: tick!!!
 INFO LOG: May_26_08:10: tick!!!
 INFO LOG: May_26_08:12: tick!!!
 INFO LOG: May_26_08:14: tick!!!
 INFO LOG: May_26_08:16: tick!!!
 INFO LOG: May_26_08:18: tick!!!
 INFO LOG: May_26_08:20: tick!!!
 INFO LOG: May_26_08:22: tick!!!
 INFO LOG: May_26_08:24: tick!!!
 INFO LOG: May_26_08:26: tick!!!
 INFO LOG: May_26_08:28: tick!!!
 INFO LOG: May_26_08:30: tick!!!
 INFO LOG: May_26_08:32: tick!!!
 INFO LOG: May_26_08:34: tick!!!
 INFO LOG: May_26_08:36: tick!!!
 INFO LOG: May_26_08:38: tick!!!
 INFO LOG: May_26_08:40: tick!!!
 INFO LOG: May_26_08:42: tick!!!
 INFO LOG: May_26_08:44: tick!!!
 INFO LOG: May_26_08:46: tick!!!
 INFO LOG: May_26_08:48: tick!!!
 INFO LOG: May_26_08:48: -- 74.136.36.10:60395 connected to CoralMUD!
 INFO LOG: May_26_08:49: -- 74.136.36.10:60395: Einoch is trying to connect.
 INFO LOG: May_26_08:49: -- 74.136.36.10:60395: Einoch:  New Character.
 INFO LOG: May_26_08:49: -- #<Player:0x00000001fe6680>:74.136.36.10:60395 disconnected from CoralMUD!
 INFO LOG: May_26_08:50: tick!!!
 INFO LOG: May_26_08:50: -- 74.136.36.10:60399 connected to CoralMUD!
 INFO LOG: May_26_08:50: -- 74.136.36.10:60399: Einoch is trying to connect.
 INFO LOG: May_26_08:50: -- 74.136.36.10:60399: Einoch:  New Character.
 INFO LOG: May_26_08:51: -- 74.136.36.10:60399: Einoch successfully created.
 INFO LOG: May_26_08:51: -- Einoch has entered the game.
 INFO LOG: May_26_08:51: -- 74.137.64.37:37424 connected to CoralMUD!
 INFO LOG: May_26_08:51: -- 74.137.64.37:37424: Hishia is trying to connect.
 INFO LOG: May_26_08:51: -- 74.137.64.37:37424: Hishia:  New Character.
 INFO LOG: May_26_08:52: tick!!!
 INFO LOG: May_26_08:52: -- 74.137.64.37:37424: Hishia successfully created.
 INFO LOG: May_26_08:52: -- Hishia has entered the game.
 INFO LOG: May_26_08:52: Einoch has left the game.
 INFO LOG: May_26_08:52: -- :74.136.36.10:60399 disconnected from CoralMUD!
 INFO LOG: May_26_08:53: -- 74.136.36.10:60403 connected to CoralMUD!
 INFO LOG: May_26_08:53: -- 74.136.36.10:60403: Einoch is trying to connect.
 INFO LOG: May_26_08:53: -- 74.136.36.10:60403: Einoch player file found.
 INFO LOG: May_26_08:53: -- Einoch has entered the game.
 INFO LOG: May_26_08:54: tick!!!
 INFO LOG: May_26_08:56: tick!!!
 INFO LOG: May_26_08:58: tick!!!
 INFO LOG: May_26_09:00: tick!!!
 INFO LOG: May_26_09:02: tick!!!
 INFO LOG: May_26_09:04: tick!!!
 INFO LOG: May_26_09:06: tick!!!
 INFO LOG: May_26_09:08: tick!!!
 INFO LOG: May_26_09:09: Einoch has left the game.
 INFO LOG: May_26_09:09: -- :74.136.36.10:60403 disconnected from CoralMUD!
 INFO LOG: May_26_09:10: tick!!!
 INFO LOG: May_26_09:12: tick!!!
 INFO LOG: May_26_09:14: tick!!!
 INFO LOG: May_26_09:16: tick!!!
 INFO LOG: May_26_09:18: tick!!!
 INFO LOG: May_26_09:20: tick!!!
 INFO LOG: May_26_09:22: tick!!!
 INFO LOG: May_26_09:24: tick!!!
 INFO LOG: May_26_09:26: tick!!!
 INFO LOG: May_26_09:28: tick!!!
 INFO LOG: May_26_09:30: tick!!!
 INFO LOG: May_26_09:32: tick!!!
 INFO LOG: May_26_09:33: Hishia has left the game.
 INFO LOG: May_26_09:33: -- :74.137.64.37:37424 disconnected from CoralMUD!
 INFO LOG: May_26_09:34: tick!!!
 INFO LOG: May_26_09:36: tick!!!
 INFO LOG: May_26_09:38: tick!!!
 INFO LOG: May_26_09:40: tick!!!
 INFO LOG: May_26_09:42: tick!!!
 INFO LOG: May_26_09:44: tick!!!
 INFO LOG: May_26_09:46: tick!!!
 INFO LOG: May_26_09:48: tick!!!
 INFO LOG: May_26_09:50: tick!!!
 INFO LOG: May_26_09:52: tick!!!
 INFO LOG: May_26_09:54: tick!!!
 INFO LOG: May_26_09:56: tick!!!
 INFO LOG: May_26_09:58: tick!!!
 INFO LOG: May_26_10:00: tick!!!
 INFO LOG: May_26_10:02: tick!!!
 INFO LOG: May_26_10:04: tick!!!
 INFO LOG: May_26_10:06: tick!!!
 INFO LOG: May_26_10:08: tick!!!
 INFO LOG: May_26_10:10: tick!!!
 INFO LOG: May_26_10:12: tick!!!
 INFO LOG: May_26_10:14: tick!!!
 INFO LOG: May_26_10:16: tick!!!
 INFO LOG: May_26_10:18: tick!!!
 INFO LOG: May_26_10:20: tick!!!
 INFO LOG: May_26_10:22: tick!!!
 INFO LOG: May_26_10:24: tick!!!
 INFO LOG: May_26_10:26: tick!!!
 INFO LOG: May_26_10:28: tick!!!
 INFO LOG: May_26_10:30: tick!!!
 INFO LOG: May_26_10:32: tick!!!
 INFO LOG: May_26_10:34: tick!!!
 INFO LOG: May_26_10:36: tick!!!
 INFO LOG: May_26_10:38: tick!!!
 INFO LOG: May_26_10:40: tick!!!
 INFO LOG: May_26_10:42: tick!!!
 INFO LOG: May_26_10:44: tick!!!
 INFO LOG: May_26_10:46: tick!!!
 INFO LOG: May_26_10:48: tick!!!
 INFO LOG: May_26_10:50: tick!!!
 INFO LOG: May_26_10:52: tick!!!
 INFO LOG: May_26_10:54: tick!!!
 INFO LOG: May_26_10:56: tick!!!
 INFO LOG: May_26_10:58: tick!!!
 INFO LOG: May_26_11:00: tick!!!
 INFO LOG: May_26_11:02: tick!!!
 INFO LOG: May_26_11:04: tick!!!
 INFO LOG: May_26_11:06: tick!!!
 INFO LOG: May_26_11:08: tick!!!
 INFO LOG: May_26_11:10: tick!!!
 INFO LOG: May_26_11:12: tick!!!
 INFO LOG: May_26_11:14: tick!!!
 INFO LOG: May_26_11:16: tick!!!
 INFO LOG: May_26_11:18: tick!!!
 INFO LOG: May_26_11:20: tick!!!
 INFO LOG: May_26_11:22: tick!!!
 INFO LOG: May_26_11:24: tick!!!
 INFO LOG: May_26_11:26: tick!!!
 INFO LOG: May_26_11:28: tick!!!
 INFO LOG: May_26_11:30: tick!!!
 INFO LOG: May_26_11:32: tick!!!
 INFO LOG: May_26_11:34: tick!!!
 INFO LOG: May_26_11:36: tick!!!
 INFO LOG: May_26_11:38: tick!!!
 INFO LOG: May_26_11:40: tick!!!
 INFO LOG: May_26_11:42: tick!!!
 INFO LOG: May_26_11:44: tick!!!
 INFO LOG: May_26_11:46: tick!!!
 INFO LOG: May_26_11:48: tick!!!
 INFO LOG: May_26_11:50: tick!!!
 INFO LOG: May_26_11:52: tick!!!
 INFO LOG: May_26_11:54: tick!!!
 INFO LOG: May_26_11:56: tick!!!
 INFO LOG: May_26_11:58: tick!!!
 INFO LOG: May_26_12:00: tick!!!
 INFO LOG: May_26_12:02: tick!!!
 INFO LOG: May_26_12:04: tick!!!
 INFO LOG: May_26_12:06: tick!!!
 INFO LOG: May_26_12:08: tick!!!
 INFO LOG: May_26_12:10: tick!!!
 INFO LOG: May_26_12:12: tick!!!
 INFO LOG: May_26_12:14: tick!!!
 INFO LOG: May_26_12:16: tick!!!
 INFO LOG: May_26_12:18: tick!!!
 INFO LOG: May_26_12:20: tick!!!
 INFO LOG: May_26_12:22: tick!!!
 INFO LOG: May_26_12:24: tick!!!
 INFO LOG: May_26_12:26: tick!!!
 INFO LOG: May_26_12:28: tick!!!
 INFO LOG: May_26_12:30: tick!!!
 INFO LOG: May_26_12:30: -- 201.52.92.171:6540 connected to CoralMUD!
 INFO LOG: May_26_12:30: -- 201.52.92.171:6540: Nkr is trying to connect.
 INFO LOG: May_26_12:30: -- 201.52.92.171:6540: Nkr player file found.
 INFO LOG: May_26_12:30: -- 201.52.92.171:6540: #<Player:0x00000001af29f8> has reconnected.
 INFO LOG: May_26_12:32: tick!!!
 INFO LOG: May_26_12:34: tick!!!
 INFO LOG: May_26_12:36: tick!!!
 INFO LOG: May_26_12:38: tick!!!
 INFO LOG: May_26_12:40: tick!!!
 INFO LOG: May_26_12:42: tick!!!
 INFO LOG: May_26_12:44: tick!!!
 INFO LOG: May_26_12:46: tick!!!
 INFO LOG: May_26_12:48: tick!!!
 INFO LOG: May_26_12:50: tick!!!
 INFO LOG: May_26_12:52: tick!!!
 INFO LOG: May_26_12:54: tick!!!
 INFO LOG: May_26_12:56: tick!!!
 INFO LOG: May_26_12:58: tick!!!
 INFO LOG: May_26_13:00: tick!!!
 INFO LOG: May_26_13:02: tick!!!
 INFO LOG: May_26_13:04: tick!!!
 INFO LOG: May_26_13:06: tick!!!
 INFO LOG: May_26_13:08: tick!!!
 INFO LOG: May_26_13:10: tick!!!
 INFO LOG: May_26_13:12: tick!!!
 INFO LOG: May_26_13:14: tick!!!
 INFO LOG: May_26_13:16: tick!!!
 INFO LOG: May_26_13:18: tick!!!
 INFO LOG: May_26_13:20: tick!!!
 INFO LOG: May_26_13:22: tick!!!
 INFO LOG: May_26_13:24: tick!!!
 INFO LOG: May_26_13:26: tick!!!
 INFO LOG: May_26_13:28: tick!!!
 INFO LOG: May_26_13:30: tick!!!
 INFO LOG: May_26_13:32: tick!!!
 INFO LOG: May_26_13:34: tick!!!
 INFO LOG: May_26_13:36: tick!!!
 INFO LOG: May_26_13:38: tick!!!
 INFO LOG: May_26_13:40: tick!!!
 INFO LOG: May_26_13:42: tick!!!
 INFO LOG: May_26_13:44: tick!!!
 INFO LOG: May_26_13:46: tick!!!
 INFO LOG: May_26_13:48: tick!!!
 INFO LOG: May_26_13:50: tick!!!
 INFO LOG: May_26_13:52: tick!!!
 INFO LOG: May_26_13:54: tick!!!
 INFO LOG: May_26_13:56: tick!!!
 INFO LOG: May_26_13:58: tick!!!
 INFO LOG: May_26_14:00: tick!!!
 INFO LOG: May_26_14:02: tick!!!
 INFO LOG: May_26_14:04: tick!!!
 INFO LOG: May_26_14:06: tick!!!
 INFO LOG: May_26_14:08: tick!!!
 INFO LOG: May_26_14:10: tick!!!
 INFO LOG: May_26_14:12: tick!!!
 INFO LOG: May_26_14:14: tick!!!
 INFO LOG: May_26_14:16: tick!!!
 INFO LOG: May_26_14:18: tick!!!
 INFO LOG: May_26_14:20: tick!!!
 INFO LOG: May_26_14:22: tick!!!
 INFO LOG: May_26_14:24: tick!!!
 INFO LOG: May_26_14:26: tick!!!
 INFO LOG: May_26_14:28: tick!!!
 INFO LOG: May_26_14:30: tick!!!
 INFO LOG: May_26_14:32: tick!!!
 INFO LOG: May_26_14:34: tick!!!
 INFO LOG: May_26_14:36: tick!!!
 INFO LOG: May_26_14:38: tick!!!
 INFO LOG: May_26_14:40: tick!!!
 INFO LOG: May_26_14:42: tick!!!
 INFO LOG: May_26_14:44: tick!!!
 INFO LOG: May_26_14:46: tick!!!
 INFO LOG: May_26_14:48: tick!!!
 INFO LOG: May_26_14:50: tick!!!
 INFO LOG: May_26_14:52: tick!!!
 INFO LOG: May_26_14:54: tick!!!
 INFO LOG: May_26_14:56: tick!!!
 INFO LOG: May_26_14:58: tick!!!
 INFO LOG: May_26_15:00: tick!!!
 INFO LOG: May_26_15:02: tick!!!
 INFO LOG: May_26_15:04: tick!!!
 INFO LOG: May_26_15:06: tick!!!
 INFO LOG: May_26_15:07: -- #<Player:0x00000001af29f8>:201.52.92.171:6540 disconnected from CoralMUD!
 INFO LOG: May_26_15:08: tick!!!
 INFO LOG: May_26_15:10: tick!!!
 INFO LOG: May_26_15:12: tick!!!
 INFO LOG: May_26_15:14: tick!!!
 INFO LOG: May_26_15:16: tick!!!
 INFO LOG: May_26_15:18: tick!!!
 INFO LOG: May_26_15:20: tick!!!
 INFO LOG: May_26_15:22: tick!!!
 INFO LOG: May_26_15:24: tick!!!
 INFO LOG: May_26_15:26: tick!!!
 INFO LOG: May_26_15:28: tick!!!
 INFO LOG: May_26_15:30: tick!!!
 INFO LOG: May_26_15:32: tick!!!
 INFO LOG: May_26_15:34: tick!!!
 INFO LOG: May_26_15:36: tick!!!
 INFO LOG: May_26_15:38: tick!!!
 INFO LOG: May_26_15:40: tick!!!
 INFO LOG: May_26_15:42: tick!!!
 INFO LOG: May_26_15:44: tick!!!
 INFO LOG: May_26_15:46: tick!!!
 INFO LOG: May_26_15:48: tick!!!
 INFO LOG: May_26_15:50: tick!!!
 INFO LOG: May_26_15:52: tick!!!
 INFO LOG: May_26_15:54: tick!!!
 INFO LOG: May_26_15:56: tick!!!
 INFO LOG: May_26_15:58: tick!!!
 INFO LOG: May_26_16:00: tick!!!
 INFO LOG: May_26_16:02: tick!!!
 INFO LOG: May_26_16:04: tick!!!
 INFO LOG: May_26_16:06: tick!!!
 INFO LOG: May_26_16:08: tick!!!
 INFO LOG: May_26_16:10: tick!!!
 INFO LOG: May_26_16:12: tick!!!
 INFO LOG: May_26_16:14: tick!!!
 INFO LOG: May_26_16:16: tick!!!
 INFO LOG: May_26_16:18: tick!!!
 INFO LOG: May_26_16:20: tick!!!
 INFO LOG: May_26_16:22: tick!!!
 INFO LOG: May_26_16:24: tick!!!
 INFO LOG: May_26_16:26: tick!!!
 INFO LOG: May_26_16:28: tick!!!
 INFO LOG: May_26_16:30: tick!!!
 INFO LOG: May_26_16:32: tick!!!
 INFO LOG: May_26_16:34: tick!!!
 INFO LOG: May_26_16:36: tick!!!
 INFO LOG: May_26_16:38: tick!!!
 INFO LOG: May_26_16:40: tick!!!
 INFO LOG: May_26_16:42: tick!!!
 INFO LOG: May_26_16:44: tick!!!
 INFO LOG: May_26_16:46: tick!!!
 INFO LOG: May_26_16:48: tick!!!
 INFO LOG: May_26_16:50: tick!!!
 INFO LOG: May_26_16:52: tick!!!
 INFO LOG: May_26_16:54: tick!!!
 INFO LOG: May_26_16:56: tick!!!
 INFO LOG: May_26_16:58: tick!!!
 INFO LOG: May_26_17:00: tick!!!
 INFO LOG: May_26_17:02: tick!!!
 INFO LOG: May_26_17:04: tick!!!
 INFO LOG: May_26_17:06: tick!!!
 INFO LOG: May_26_17:08: tick!!!
 INFO LOG: May_26_17:10: tick!!!
 INFO LOG: May_26_17:12: tick!!!
 INFO LOG: May_26_17:14: tick!!!
 INFO LOG: May_26_17:16: tick!!!
 INFO LOG: May_26_17:18: tick!!!
 INFO LOG: May_26_17:20: tick!!!
 INFO LOG: May_26_17:22: tick!!!
 INFO LOG: May_26_17:24: tick!!!
 INFO LOG: May_26_17:26: tick!!!
 INFO LOG: May_26_17:28: tick!!!
 INFO LOG: May_26_17:30: tick!!!
 INFO LOG: May_26_17:32: tick!!!
 INFO LOG: May_26_17:34: tick!!!
 INFO LOG: May_26_17:36: tick!!!
 INFO LOG: May_26_17:38: tick!!!
 INFO LOG: May_26_17:40: tick!!!
 INFO LOG: May_26_17:42: tick!!!
 INFO LOG: May_26_17:44: tick!!!
 INFO LOG: May_26_17:46: tick!!!
 INFO LOG: May_26_17:48: tick!!!
 INFO LOG: May_26_17:50: tick!!!
 INFO LOG: May_26_17:52: tick!!!
 INFO LOG: May_26_17:54: tick!!!
 INFO LOG: May_26_17:56: tick!!!
 INFO LOG: May_26_17:58: tick!!!
 INFO LOG: May_26_18:00: tick!!!
 INFO LOG: May_26_18:02: tick!!!
 INFO LOG: May_26_18:04: tick!!!
 INFO LOG: May_26_18:06: tick!!!
 INFO LOG: May_26_18:08: tick!!!
 INFO LOG: May_26_18:10: tick!!!
 INFO LOG: May_26_18:12: tick!!!
 INFO LOG: May_26_18:14: tick!!!
 INFO LOG: May_26_18:16: tick!!!
 INFO LOG: May_26_18:18: tick!!!
 INFO LOG: May_26_18:20: tick!!!
 INFO LOG: May_26_18:22: tick!!!
 INFO LOG: May_26_18:24: tick!!!
 INFO LOG: May_26_18:26: tick!!!
 INFO LOG: May_26_18:28: tick!!!
 INFO LOG: May_26_18:30: tick!!!
 INFO LOG: May_26_18:32: tick!!!
 INFO LOG: May_26_18:34: tick!!!
 INFO LOG: May_26_18:36: tick!!!
 INFO LOG: May_26_18:38: tick!!!
 INFO LOG: May_26_18:40: tick!!!
 INFO LOG: May_26_18:42: tick!!!
 INFO LOG: May_26_18:44: tick!!!
 INFO LOG: May_26_18:46: tick!!!
 INFO LOG: May_26_18:48: tick!!!
 INFO LOG: May_26_18:50: tick!!!
 INFO LOG: May_26_18:52: tick!!!
 INFO LOG: May_26_18:54: tick!!!
 INFO LOG: May_26_18:56: tick!!!
 INFO LOG: May_26_18:58: tick!!!
 INFO LOG: May_26_19:00: tick!!!
 INFO LOG: May_26_19:02: tick!!!
 INFO LOG: May_26_19:04: tick!!!
 INFO LOG: May_26_19:06: tick!!!
 INFO LOG: May_26_19:08: tick!!!
 INFO LOG: May_26_19:10: tick!!!
 INFO LOG: May_26_19:12: tick!!!
 INFO LOG: May_26_19:14: tick!!!
 INFO LOG: May_26_19:16: tick!!!
 INFO LOG: May_26_19:18: tick!!!
 INFO LOG: May_26_19:20: tick!!!
 INFO LOG: May_26_19:22: tick!!!
 INFO LOG: May_26_19:24: tick!!!
 INFO LOG: May_26_19:26: tick!!!
 INFO LOG: May_26_19:28: tick!!!
 INFO LOG: May_26_19:30: tick!!!
 INFO LOG: May_26_19:32: tick!!!
 INFO LOG: May_26_19:34: tick!!!
 INFO LOG: May_26_19:36: tick!!!
 INFO LOG: May_26_19:38: tick!!!
 INFO LOG: May_26_19:40: tick!!!
 INFO LOG: May_26_19:42: tick!!!
 INFO LOG: May_26_19:44: tick!!!
 INFO LOG: May_26_19:46: tick!!!
 INFO LOG: May_26_19:48: tick!!!
 INFO LOG: May_26_19:50: tick!!!
 INFO LOG: May_26_19:52: tick!!!
 INFO LOG: May_26_19:54: tick!!!
 INFO LOG: May_26_19:56: tick!!!
 INFO LOG: May_26_19:58: tick!!!
 INFO LOG: May_26_20:00: tick!!!
 INFO LOG: May_26_20:02: tick!!!
 INFO LOG: May_26_20:04: tick!!!
 INFO LOG: May_26_20:06: tick!!!
 INFO LOG: May_26_20:08: tick!!!
 INFO LOG: May_26_20:10: tick!!!
 INFO LOG: May_26_20:12: tick!!!
 INFO LOG: May_26_20:14: tick!!!
 INFO LOG: May_26_20:16: tick!!!
 INFO LOG: May_26_20:18: tick!!!
 INFO LOG: May_26_20:20: tick!!!
 INFO LOG: May_26_20:22: tick!!!
 INFO LOG: May_26_20:24: tick!!!
 INFO LOG: May_26_20:26: tick!!!
 INFO LOG: May_26_20:28: tick!!!
 INFO LOG: May_26_20:30: tick!!!
 INFO LOG: May_26_20:32: tick!!!
 INFO LOG: May_26_20:34: tick!!!
 INFO LOG: May_26_20:36: tick!!!
 INFO LOG: May_26_20:38: tick!!!
 INFO LOG: May_26_20:40: tick!!!
 INFO LOG: May_26_20:42: tick!!!
 INFO LOG: May_26_20:44: tick!!!
 INFO LOG: May_26_20:46: tick!!!
 INFO LOG: May_26_20:48: tick!!!
 INFO LOG: May_26_20:50: tick!!!
 INFO LOG: May_26_20:52: tick!!!
 INFO LOG: May_26_20:54: tick!!!
 INFO LOG: May_26_20:56: tick!!!
 INFO LOG: May_26_20:58: tick!!!
 INFO LOG: May_26_21:00: tick!!!
 INFO LOG: May_26_21:02: tick!!!
 INFO LOG: May_26_21:04: tick!!!
 INFO LOG: May_26_21:06: tick!!!
 INFO LOG: May_26_21:08: tick!!!
 INFO LOG: May_26_21:10: tick!!!
 INFO LOG: May_26_21:12: tick!!!
 INFO LOG: May_26_21:14: tick!!!
 INFO LOG: May_26_21:15: -- 201.52.92.171:11294 connected to CoralMUD!
 INFO LOG: May_26_21:15: -- 201.52.92.171:11294: Nkr is trying to connect.
 INFO LOG: May_26_21:15: -- 201.52.92.171:11294: Nkr player file found.
 INFO LOG: May_26_21:15: -- 201.52.92.171:11294: #<Player:0x00000001af29f8> has reconnected.
 INFO LOG: May_26_21:16: tick!!!
 INFO LOG: May_26_21:18: tick!!!
 INFO LOG: May_26_21:20: tick!!!
 INFO LOG: May_26_21:22: tick!!!
 INFO LOG: May_26_21:24: tick!!!
 INFO LOG: May_26_21:26: tick!!!
 INFO LOG: May_26_21:28: tick!!!
 INFO LOG: May_26_21:30: tick!!!
 INFO LOG: May_26_21:32: tick!!!
 INFO LOG: May_26_21:34: tick!!!
 INFO LOG: May_26_21:36: tick!!!
 INFO LOG: May_26_21:38: tick!!!
 INFO LOG: May_26_21:40: tick!!!
 INFO LOG: May_26_21:42: tick!!!
 INFO LOG: May_26_21:44: tick!!!
 INFO LOG: May_26_21:46: tick!!!
 INFO LOG: May_26_21:48: tick!!!
 INFO LOG: May_26_21:50: tick!!!
 INFO LOG: May_26_21:52: tick!!!
 INFO LOG: May_26_21:53: -- #<Player:0x00000001af29f8>:201.52.92.171:11294 disconnected from CoralMUD!
 INFO LOG: May_26_21:54: tick!!!
 INFO LOG: May_26_21:56: tick!!!
 INFO LOG: May_26_21:58: tick!!!
 INFO LOG: May_26_22:00: tick!!!
 INFO LOG: May_26_22:02: tick!!!
 INFO LOG: May_26_22:04: tick!!!
 INFO LOG: May_26_22:06: tick!!!
 INFO LOG: May_26_22:08: tick!!!
 INFO LOG: May_26_22:10: tick!!!
 INFO LOG: May_26_22:12: tick!!!
 INFO LOG: May_26_22:14: tick!!!
 INFO LOG: May_26_22:16: tick!!!
 INFO LOG: May_26_22:18: tick!!!
 INFO LOG: May_26_22:20: tick!!!
 INFO LOG: May_26_22:22: tick!!!
 INFO LOG: May_26_22:24: tick!!!
 INFO LOG: May_26_22:26: tick!!!
 INFO LOG: May_26_22:28: tick!!!
 INFO LOG: May_26_22:30: tick!!!
 INFO LOG: May_26_22:32: tick!!!
 INFO LOG: May_26_22:34: tick!!!
 INFO LOG: May_26_22:36: tick!!!
 INFO LOG: May_26_22:38: tick!!!
 INFO LOG: May_26_22:40: tick!!!
 INFO LOG: May_26_22:42: tick!!!
 INFO LOG: May_26_22:44: tick!!!
 INFO LOG: May_26_22:46: tick!!!
 INFO LOG: May_26_22:48: tick!!!
 INFO LOG: May_26_22:50: tick!!!
 INFO LOG: May_26_22:52: tick!!!
 INFO LOG: May_26_22:54: tick!!!
 INFO LOG: May_26_22:56: tick!!!
 INFO LOG: May_26_22:58: tick!!!
 INFO LOG: May_26_23:00: tick!!!
 INFO LOG: May_26_23:02: tick!!!
 INFO LOG: May_26_23:04: tick!!!
 INFO LOG: May_26_23:06: tick!!!
 INFO LOG: May_26_23:08: tick!!!
 INFO LOG: May_26_23:10: tick!!!
 INFO LOG: May_26_23:12: tick!!!
 INFO LOG: May_26_23:14: tick!!!
 INFO LOG: May_26_23:16: tick!!!
 INFO LOG: May_26_23:18: tick!!!
 INFO LOG: May_26_23:20: tick!!!
 INFO LOG: May_26_23:22: tick!!!
 INFO LOG: May_26_23:24: tick!!!
 INFO LOG: May_26_23:26: tick!!!
 INFO LOG: May_26_23:28: tick!!!
 INFO LOG: May_26_23:30: tick!!!
 INFO LOG: May_26_23:32: tick!!!
 INFO LOG: May_26_23:34: tick!!!
 INFO LOG: May_26_23:36: tick!!!
 INFO LOG: May_26_23:38: tick!!!
 INFO LOG: May_26_23:40: tick!!!
 INFO LOG: May_26_23:42: tick!!!
 INFO LOG: May_26_23:44: tick!!!
 INFO LOG: May_26_23:46: tick!!!
 INFO LOG: May_26_23:48: tick!!!
 INFO LOG: May_26_23:50: tick!!!
 INFO LOG: May_26_23:52: tick!!!
 INFO LOG: May_26_23:54: tick!!!
 INFO LOG: May_26_23:56: tick!!!
 INFO LOG: May_26_23:58: tick!!!
 INFO LOG: May_27_00:00: tick!!!
 INFO LOG: May_27_00:02: tick!!!
 INFO LOG: May_27_00:04: tick!!!
 INFO LOG: May_27_00:06: tick!!!
 INFO LOG: May_27_00:08: tick!!!
 INFO LOG: May_27_00:10: tick!!!
 INFO LOG: May_27_00:12: tick!!!
 INFO LOG: May_27_00:14: tick!!!
 INFO LOG: May_27_00:16: tick!!!
 INFO LOG: May_27_00:18: tick!!!
 INFO LOG: May_27_00:20: tick!!!
 INFO LOG: May_27_00:22: tick!!!
 INFO LOG: May_27_00:24: tick!!!
 INFO LOG: May_27_00:26: tick!!!
 INFO LOG: May_27_00:28: tick!!!
 INFO LOG: May_27_00:30: tick!!!
 INFO LOG: May_27_00:32: tick!!!
 INFO LOG: May_27_00:34: tick!!!
 INFO LOG: May_27_00:36: tick!!!
 INFO LOG: May_27_00:38: tick!!!
 INFO LOG: May_27_00:40: tick!!!
 INFO LOG: May_27_00:42: tick!!!
 INFO LOG: May_27_00:44: tick!!!
 INFO LOG: May_27_00:46: tick!!!
 INFO LOG: May_27_00:48: tick!!!
 INFO LOG: May_27_00:50: tick!!!
 INFO LOG: May_27_00:52: tick!!!
 INFO LOG: May_27_00:54: tick!!!
 INFO LOG: May_27_00:56: tick!!!
 INFO LOG: May_27_00:58: tick!!!
 INFO LOG: May_27_01:00: tick!!!
 INFO LOG: May_27_01:02: tick!!!
 INFO LOG: May_27_01:04: tick!!!
 INFO LOG: May_27_01:06: tick!!!
 INFO LOG: May_27_01:08: tick!!!
 INFO LOG: May_27_01:10: tick!!!
 INFO LOG: May_27_01:12: tick!!!
 INFO LOG: May_27_01:14: tick!!!
 INFO LOG: May_27_01:16: tick!!!
 INFO LOG: May_27_01:18: tick!!!
 INFO LOG: May_27_01:20: tick!!!
 INFO LOG: May_27_01:22: tick!!!
 INFO LOG: May_27_01:24: tick!!!
 INFO LOG: May_27_01:26: tick!!!
 INFO LOG: May_27_01:28: tick!!!
 INFO LOG: May_27_01:30: tick!!!
 INFO LOG: May_27_01:32: tick!!!
 INFO LOG: May_27_01:34: tick!!!
 INFO LOG: May_27_01:36: tick!!!
 INFO LOG: May_27_01:38: tick!!!
 INFO LOG: May_27_01:40: tick!!!
 INFO LOG: May_27_01:42: tick!!!
 INFO LOG: May_27_01:44: tick!!!
 INFO LOG: May_27_01:46: tick!!!
 INFO LOG: May_27_01:48: tick!!!
 INFO LOG: May_27_01:50: tick!!!
 INFO LOG: May_27_01:52: tick!!!
 INFO LOG: May_27_01:54: tick!!!
 INFO LOG: May_27_01:56: tick!!!
 INFO LOG: May_27_01:58: tick!!!
 INFO LOG: May_27_02:00: tick!!!
 INFO LOG: May_27_02:02: tick!!!
 INFO LOG: May_27_02:04: tick!!!
 INFO LOG: May_27_02:06: tick!!!
 INFO LOG: May_27_02:08: tick!!!
 INFO LOG: May_27_02:10: tick!!!
 INFO LOG: May_27_02:12: tick!!!
 INFO LOG: May_27_02:14: tick!!!
 INFO LOG: May_27_02:16: tick!!!
 INFO LOG: May_27_02:18: tick!!!
 INFO LOG: May_27_02:20: tick!!!
 INFO LOG: May_27_02:22: tick!!!
 INFO LOG: May_27_02:24: tick!!!
 INFO LOG: May_27_02:27: tick!!!
 INFO LOG: May_27_02:29: tick!!!
 INFO LOG: May_27_02:31: tick!!!
 INFO LOG: May_27_02:33: tick!!!
 INFO LOG: May_27_02:35: tick!!!
 INFO LOG: May_27_02:37: tick!!!
 INFO LOG: May_27_02:39: tick!!!
 INFO LOG: May_27_02:41: tick!!!
 INFO LOG: May_27_02:43: tick!!!
 INFO LOG: May_27_02:45: tick!!!
 INFO LOG: May_27_02:47: tick!!!
 INFO LOG: May_27_02:49: tick!!!
 INFO LOG: May_27_02:51: tick!!!
 INFO LOG: May_27_02:53: tick!!!
 INFO LOG: May_27_02:55: tick!!!
 INFO LOG: May_27_02:57: tick!!!
 INFO LOG: May_27_02:59: tick!!!
 INFO LOG: May_27_03:01: tick!!!
 INFO LOG: May_27_03:03: tick!!!
 INFO LOG: May_27_03:05: tick!!!
 INFO LOG: May_27_03:07: tick!!!
 INFO LOG: May_27_03:09: tick!!!
 INFO LOG: May_27_03:11: tick!!!
 INFO LOG: May_27_03:13: tick!!!
 INFO LOG: May_27_03:15: tick!!!
 INFO LOG: May_27_03:17: tick!!!
 INFO LOG: May_27_03:19: tick!!!
 INFO LOG: May_27_03:21: tick!!!
 INFO LOG: May_27_03:23: tick!!!
 INFO LOG: May_27_03:25: tick!!!
 INFO LOG: May_27_03:27: tick!!!
 INFO LOG: May_27_03:29: tick!!!
 INFO LOG: May_27_03:31: tick!!!
 INFO LOG: May_27_03:33: tick!!!
 INFO LOG: May_27_03:35: tick!!!
 INFO LOG: May_27_03:37: tick!!!
 INFO LOG: May_27_03:39: tick!!!
 INFO LOG: May_27_03:41: tick!!!
 INFO LOG: May_27_03:43: tick!!!
 INFO LOG: May_27_03:45: tick!!!
 INFO LOG: May_27_03:47: tick!!!
 INFO LOG: May_27_03:49: tick!!!
 INFO LOG: May_27_03:51: tick!!!
 INFO LOG: May_27_03:53: tick!!!
 INFO LOG: May_27_03:55: tick!!!
 INFO LOG: May_27_03:57: tick!!!
 INFO LOG: May_27_03:59: tick!!!
 INFO LOG: May_27_04:01: tick!!!
 INFO LOG: May_27_04:03: tick!!!
 INFO LOG: May_27_04:05: tick!!!
 INFO LOG: May_27_04:07: tick!!!
 INFO LOG: May_27_04:09: tick!!!
 INFO LOG: May_27_04:11: tick!!!
 INFO LOG: May_27_04:13: tick!!!
 INFO LOG: May_27_04:15: tick!!!
 INFO LOG: May_27_04:17: tick!!!
 INFO LOG: May_27_04:19: tick!!!
 INFO LOG: May_27_04:21: tick!!!
 INFO LOG: May_27_04:23: tick!!!
 INFO LOG: May_27_04:25: tick!!!
 INFO LOG: May_27_04:27: tick!!!
 INFO LOG: May_27_04:29: tick!!!
 INFO LOG: May_27_04:31: tick!!!
 INFO LOG: May_27_04:33: tick!!!
 INFO LOG: May_27_04:35: tick!!!
 INFO LOG: May_27_04:37: tick!!!
 INFO LOG: May_27_04:38: -- #<Player:0x000000024ac2a0>:76.202.141.206:40865 disconnected from CoralMUD!
