 INFO LOG: May__3_10:00: Logging enabled.   Loading logs.rb.
 INFO LOG: May__3_10:00: Loading facade.rb
 INFO LOG: May__3_10:00: Loading query_list.rb
 INFO LOG: May__3_10:00: Loading utils.rb
 INFO LOG: May__3_10:00: Loading constants.rb
 INFO LOG: May__3_10:00: Loading class_property.rb
 INFO LOG: May__3_10:00: Loading scripts.rb
 INFO LOG: May__3_10:00: Loading tags.rb
 INFO LOG: May__3_10:00: Loading editor/editors.rb
 INFO LOG: May__3_10:00: Loading editor/editor.strings.rb
 INFO LOG: May__3_10:00: Loading editor/editor.rooms.rb
 INFO LOG: May__3_10:00: Loading editor/editor.exits.rb
 INFO LOG: May__3_10:00: Loading editor/editor.zones.rb
 INFO LOG: May__3_10:00: Loading editor/editor.npc.rb
 INFO LOG: May__3_10:00: Loading editor/editor.items.rb
 INFO LOG: May__3_10:00: Loading mxp.rb
 INFO LOG: May__3_10:00: Loading mccp.rb
 INFO LOG: May__3_10:00: Loading flags.rb
 INFO LOG: May__3_10:00: Loading damage.rb
 INFO LOG: May__3_10:00: Loading areas.rb
 INFO LOG: May__3_10:00: Loading event.rb
 INFO LOG: May__3_10:00: Loading automap/automap.rb
 INFO LOG: May__3_10:00: Loading cities.olc.rb
 INFO LOG: May__3_10:00: Loading cities.rb
 INFO LOG: May__3_10:00: Loading sector definitions.
 INFO LOG: May__3_10:00: Loading help.rb
 INFO LOG: May__3_10:00: Loading imcruby.rb
 INFO LOG: May__3_10:00: Loading player.rb
 INFO LOG: May__3_10:00: Loading commands.rb
 INFO LOG: May__3_10:00: Loading random.rb
 INFO LOG: May__3_10:00: Loading npc.rb
 INFO LOG: May__3_10:00: Loading items.rb
 INFO LOG: May__3_10:00: Loading spells.rb
 INFO LOG: May__3_10:00: Loading all zones.
 INFO LOG: May__3_10:00: Starting server.
 INFO LOG: May__3_10:00: CoralMUD is now up on port 4000.
 INFO LOG: May__3_10:00: -- 76.202.141.206:50432 connected to CoralMUD!
 INFO LOG: May__3_10:00: -- 76.202.141.206:50432: Retnur is trying to connect.
 INFO LOG: May__3_10:00: -- 76.202.141.206:50432: Retnur player file found.
 INFO LOG: May__3_10:00: -- Retnur has entered the game.
 INFO LOG: May__3_10:01: Loading query_list.rb
 INFO LOG: May__3_10:01: -- #<Player:0x00000000f30ae8>:76.202.141.206:50432 disconnected from CoralMUD!
 INFO LOG: May__3_10:01: Logging enabled.   Loading logs.rb.
 INFO LOG: May__3_10:01: Loading facade.rb
 INFO LOG: May__3_10:01: Loading query_list.rb
 INFO LOG: May__3_10:01: Loading utils.rb
 INFO LOG: May__3_10:01: Loading constants.rb
 INFO LOG: May__3_10:01: Loading class_property.rb
 INFO LOG: May__3_10:01: Loading scripts.rb
 INFO LOG: May__3_10:01: Loading tags.rb
 INFO LOG: May__3_10:01: Loading editor/editors.rb
 INFO LOG: May__3_10:01: Loading editor/editor.strings.rb
 INFO LOG: May__3_10:01: Loading editor/editor.rooms.rb
 INFO LOG: May__3_10:01: Loading editor/editor.exits.rb
 INFO LOG: May__3_10:01: Loading editor/editor.zones.rb
 INFO LOG: May__3_10:01: Loading editor/editor.npc.rb
 INFO LOG: May__3_10:01: Loading editor/editor.items.rb
 INFO LOG: May__3_10:01: Loading mxp.rb
 INFO LOG: May__3_10:01: Loading mccp.rb
 INFO LOG: May__3_10:01: Loading flags.rb
 INFO LOG: May__3_10:01: Loading damage.rb
 INFO LOG: May__3_10:01: Loading areas.rb
 INFO LOG: May__3_10:01: Loading event.rb
 INFO LOG: May__3_10:01: Loading automap/automap.rb
 INFO LOG: May__3_10:01: Loading cities.olc.rb
 INFO LOG: May__3_10:01: Loading cities.rb
 INFO LOG: May__3_10:01: Loading sector definitions.
 INFO LOG: May__3_10:01: Loading help.rb
 INFO LOG: May__3_10:01: Loading imcruby.rb
 INFO LOG: May__3_10:01: Loading player.rb
 INFO LOG: May__3_10:01: Loading commands.rb
 INFO LOG: May__3_10:01: Loading random.rb
 INFO LOG: May__3_10:01: Loading npc.rb
 INFO LOG: May__3_10:01: Loading items.rb
 INFO LOG: May__3_10:01: Loading spells.rb
 INFO LOG: May__3_10:01: Loading all zones.
 INFO LOG: May__3_10:01: Starting server.
 INFO LOG: May__3_10:01: CoralMUD is now up on port 4000.
 INFO LOG: May__3_10:01: -- 76.202.141.206:46195 connected to CoralMUD!
 INFO LOG: May__3_10:01: -- 76.202.141.206:46195: Retnur is trying to connect.
 INFO LOG: May__3_10:01: -- 76.202.141.206:46195: Retnur player file found.
 INFO LOG: May__3_10:02: -- Retnur has entered the game.
 INFO LOG: May__3_10:02: Loading query_list.rb
 INFO LOG: May__3_10:03: -- #<Player:0x00000002941b08>:76.202.141.206:46195 disconnected from CoralMUD!
 INFO LOG: May__3_10:03: Logging enabled.   Loading logs.rb.
 INFO LOG: May__3_10:03: Loading facade.rb
 INFO LOG: May__3_10:03: Loading query_list.rb
 INFO LOG: May__3_10:03: Loading utils.rb
 INFO LOG: May__3_10:03: Loading constants.rb
 INFO LOG: May__3_10:03: Loading class_property.rb
 INFO LOG: May__3_10:03: Loading scripts.rb
 INFO LOG: May__3_10:03: Loading tags.rb
 INFO LOG: May__3_10:03: Loading editor/editors.rb
 INFO LOG: May__3_10:03: Loading editor/editor.strings.rb
 INFO LOG: May__3_10:03: Loading editor/editor.rooms.rb
 INFO LOG: May__3_10:03: Loading editor/editor.exits.rb
 INFO LOG: May__3_10:03: Loading editor/editor.zones.rb
 INFO LOG: May__3_10:03: Loading editor/editor.npc.rb
 INFO LOG: May__3_10:03: Loading editor/editor.items.rb
 INFO LOG: May__3_10:03: Loading mxp.rb
 INFO LOG: May__3_10:03: Loading mccp.rb
 INFO LOG: May__3_10:03: Loading flags.rb
 INFO LOG: May__3_10:03: Loading damage.rb
 INFO LOG: May__3_10:03: Loading areas.rb
 INFO LOG: May__3_10:03: Loading event.rb
 INFO LOG: May__3_10:03: Loading automap/automap.rb
 INFO LOG: May__3_10:03: Loading cities.olc.rb
 INFO LOG: May__3_10:03: Loading cities.rb
 INFO LOG: May__3_10:03: Loading sector definitions.
 INFO LOG: May__3_10:03: Loading help.rb
 INFO LOG: May__3_10:03: Loading imcruby.rb
 INFO LOG: May__3_10:03: Loading player.rb
 INFO LOG: May__3_10:03: Loading commands.rb
 INFO LOG: May__3_10:03: Loading random.rb
 INFO LOG: May__3_10:03: Loading npc.rb
 INFO LOG: May__3_10:03: Loading items.rb
 INFO LOG: May__3_10:03: Loading spells.rb
 INFO LOG: May__3_10:03: Loading all zones.
 INFO LOG: May__3_10:03: Starting server.
 INFO LOG: May__3_10:03: CoralMUD is now up on port 4000.
 INFO LOG: May__3_10:03: -- 76.202.141.206:42979 connected to CoralMUD!
 INFO LOG: May__3_10:03: -- 76.202.141.206:42979: Retnur is trying to connect.
 INFO LOG: May__3_10:03: -- 76.202.141.206:42979: Retnur player file found.
 INFO LOG: May__3_10:03: -- Retnur has entered the game.
 INFO LOG: May__3_10:03: -- #<Player:0x000000014e38f0>:76.202.141.206:42979 disconnected from CoralMUD!
 INFO LOG: May__3_10:03: Logging enabled.   Loading logs.rb.
 INFO LOG: May__3_10:03: Loading facade.rb
 INFO LOG: May__3_10:03: Loading query_list.rb
 INFO LOG: May__3_10:03: Loading utils.rb
 INFO LOG: May__3_10:03: Loading constants.rb
 INFO LOG: May__3_10:03: Loading class_property.rb
 INFO LOG: May__3_10:03: Loading scripts.rb
 INFO LOG: May__3_10:03: Loading tags.rb
 INFO LOG: May__3_10:03: Loading editor/editors.rb
 INFO LOG: May__3_10:03: Loading editor/editor.strings.rb
 INFO LOG: May__3_10:03: Loading editor/editor.rooms.rb
 INFO LOG: May__3_10:03: Loading editor/editor.exits.rb
 INFO LOG: May__3_10:03: Loading editor/editor.zones.rb
 INFO LOG: May__3_10:03: Loading editor/editor.npc.rb
 INFO LOG: May__3_10:03: Loading editor/editor.items.rb
 INFO LOG: May__3_10:03: Loading mxp.rb
 INFO LOG: May__3_10:03: Loading mccp.rb
 INFO LOG: May__3_10:03: Loading flags.rb
 INFO LOG: May__3_10:03: Loading damage.rb
 INFO LOG: May__3_10:03: Loading areas.rb
 INFO LOG: May__3_10:03: Loading event.rb
 INFO LOG: May__3_10:03: Loading automap/automap.rb
 INFO LOG: May__3_10:03: Loading cities.olc.rb
 INFO LOG: May__3_10:03: Loading cities.rb
 INFO LOG: May__3_10:03: Loading sector definitions.
 INFO LOG: May__3_10:03: Loading help.rb
 INFO LOG: May__3_10:03: Loading imcruby.rb
 INFO LOG: May__3_10:03: Loading player.rb
 INFO LOG: May__3_10:03: Loading commands.rb
 INFO LOG: May__3_10:03: Loading random.rb
 INFO LOG: May__3_10:03: Loading npc.rb
 INFO LOG: May__3_10:03: Loading items.rb
 INFO LOG: May__3_10:03: Loading spells.rb
 INFO LOG: May__3_10:03: Loading all zones.
 INFO LOG: May__3_10:03: Starting server.
 INFO LOG: May__3_10:03: CoralMUD is now up on port 4000.
 INFO LOG: May__3_10:03: -- 76.202.141.206:57879 connected to CoralMUD!
 INFO LOG: May__3_10:03: -- 76.202.141.206:57879: Retnur is trying to connect.
 INFO LOG: May__3_10:03: -- 76.202.141.206:57879: Retnur player file found.
 INFO LOG: May__3_10:03: -- Retnur has entered the game.
 INFO LOG: May__3_10:03: -- #<Player:0x00000002396a50>:76.202.141.206:57879 disconnected from CoralMUD!
 INFO LOG: May__3_10:04: Logging enabled.   Loading logs.rb.
 INFO LOG: May__3_10:04: Loading facade.rb
 INFO LOG: May__3_10:04: Loading query_list.rb
 INFO LOG: May__3_10:04: Loading utils.rb
 INFO LOG: May__3_10:04: Loading constants.rb
 INFO LOG: May__3_10:04: Loading class_property.rb
 INFO LOG: May__3_10:04: Loading scripts.rb
 INFO LOG: May__3_10:04: Loading tags.rb
 INFO LOG: May__3_10:04: Loading editor/editors.rb
 INFO LOG: May__3_10:04: Loading editor/editor.strings.rb
 INFO LOG: May__3_10:04: Loading editor/editor.rooms.rb
 INFO LOG: May__3_10:04: Loading editor/editor.exits.rb
 INFO LOG: May__3_10:04: Loading editor/editor.zones.rb
 INFO LOG: May__3_10:04: Loading editor/editor.npc.rb
 INFO LOG: May__3_10:04: Loading editor/editor.items.rb
 INFO LOG: May__3_10:04: Loading mxp.rb
 INFO LOG: May__3_10:04: Loading mccp.rb
 INFO LOG: May__3_10:04: Loading flags.rb
 INFO LOG: May__3_10:04: Loading damage.rb
 INFO LOG: May__3_10:04: Loading areas.rb
 INFO LOG: May__3_10:04: Loading event.rb
 INFO LOG: May__3_10:04: Loading automap/automap.rb
 INFO LOG: May__3_10:04: Loading cities.olc.rb
 INFO LOG: May__3_10:04: Loading cities.rb
 INFO LOG: May__3_10:04: Loading sector definitions.
 INFO LOG: May__3_10:04: Loading help.rb
 INFO LOG: May__3_10:04: Loading imcruby.rb
 INFO LOG: May__3_10:04: Loading player.rb
 INFO LOG: May__3_10:04: Loading commands.rb
 INFO LOG: May__3_10:04: Loading random.rb
 INFO LOG: May__3_10:04: Loading npc.rb
 INFO LOG: May__3_10:04: Loading items.rb
 INFO LOG: May__3_10:04: Loading spells.rb
 INFO LOG: May__3_10:04: Loading all zones.
 INFO LOG: May__3_10:04: Starting server.
 INFO LOG: May__3_10:04: CoralMUD is now up on port 4000.
 INFO LOG: May__3_10:04: -- 76.202.141.206:55953 connected to CoralMUD!
 INFO LOG: May__3_10:04: -- 76.202.141.206:55953: Retnur is trying to connect.
 INFO LOG: May__3_10:04: -- 76.202.141.206:55953: Retnur player file found.
 INFO LOG: May__3_10:04: -- Retnur has entered the game.
 INFO LOG: May__3_10:05: Loading query_list.rb
 INFO LOG: May__3_10:05: -- #<Player:0x0000000145ccb0>:76.202.141.206:55953 disconnected from CoralMUD!
 INFO LOG: May__3_10:05: Logging enabled.   Loading logs.rb.
 INFO LOG: May__3_10:05: Loading facade.rb
 INFO LOG: May__3_10:05: Loading query_list.rb
 INFO LOG: May__3_10:05: Loading utils.rb
 INFO LOG: May__3_10:05: Loading constants.rb
 INFO LOG: May__3_10:05: Loading class_property.rb
 INFO LOG: May__3_10:05: Loading scripts.rb
 INFO LOG: May__3_10:05: Loading tags.rb
 INFO LOG: May__3_10:05: Loading editor/editors.rb
 INFO LOG: May__3_10:05: Loading editor/editor.strings.rb
 INFO LOG: May__3_10:05: Loading editor/editor.rooms.rb
 INFO LOG: May__3_10:05: Loading editor/editor.exits.rb
 INFO LOG: May__3_10:05: Loading editor/editor.zones.rb
 INFO LOG: May__3_10:05: Loading editor/editor.npc.rb
 INFO LOG: May__3_10:05: Loading editor/editor.items.rb
 INFO LOG: May__3_10:05: Loading mxp.rb
 INFO LOG: May__3_10:05: Loading mccp.rb
 INFO LOG: May__3_10:05: Loading flags.rb
 INFO LOG: May__3_10:05: Loading damage.rb
 INFO LOG: May__3_10:05: Loading areas.rb
 INFO LOG: May__3_10:05: Loading event.rb
 INFO LOG: May__3_10:05: Loading automap/automap.rb
 INFO LOG: May__3_10:05: Loading cities.olc.rb
 INFO LOG: May__3_10:05: Loading cities.rb
 INFO LOG: May__3_10:05: Loading sector definitions.
 INFO LOG: May__3_10:05: Loading help.rb
 INFO LOG: May__3_10:05: Loading imcruby.rb
 INFO LOG: May__3_10:05: Loading player.rb
 INFO LOG: May__3_10:05: Loading commands.rb
 INFO LOG: May__3_10:05: Loading random.rb
 INFO LOG: May__3_10:05: Loading npc.rb
 INFO LOG: May__3_10:05: Loading items.rb
 INFO LOG: May__3_10:05: Loading spells.rb
 INFO LOG: May__3_10:05: Loading all zones.
 INFO LOG: May__3_10:05: Starting server.
 INFO LOG: May__3_10:05: CoralMUD is now up on port 4000.
 INFO LOG: May__3_10:05: -- 76.202.141.206:36733 connected to CoralMUD!
 INFO LOG: May__3_10:05: -- 76.202.141.206:36733: Retnur is trying to connect.
 INFO LOG: May__3_10:05: -- 76.202.141.206:36733: Retnur player file found.
 INFO LOG: May__3_10:05: -- Retnur has entered the game.
 INFO LOG: May__3_10:06: (?-mix:\/sword\/)
 INFO LOG: May__3_10:06: Loading query_list.rb
 INFO LOG: May__3_10:06: -- #<Player:0x00000001f76bc8>:76.202.141.206:36733 disconnected from CoralMUD!
 INFO LOG: May__3_10:07: Logging enabled.   Loading logs.rb.
 INFO LOG: May__3_10:07: Loading facade.rb
 INFO LOG: May__3_10:07: Loading query_list.rb
 INFO LOG: May__3_10:07: Logging enabled.   Loading logs.rb.
 INFO LOG: May__3_10:07: Loading facade.rb
 INFO LOG: May__3_10:07: Loading query_list.rb
 INFO LOG: May__3_10:07: Loading utils.rb
 INFO LOG: May__3_10:07: Loading constants.rb
 INFO LOG: May__3_10:07: Loading class_property.rb
 INFO LOG: May__3_10:07: Loading scripts.rb
 INFO LOG: May__3_10:07: Loading tags.rb
 INFO LOG: May__3_10:07: Loading editor/editors.rb
 INFO LOG: May__3_10:07: Loading editor/editor.strings.rb
 INFO LOG: May__3_10:07: Loading editor/editor.rooms.rb
 INFO LOG: May__3_10:07: Loading editor/editor.exits.rb
 INFO LOG: May__3_10:07: Loading editor/editor.zones.rb
 INFO LOG: May__3_10:07: Loading editor/editor.npc.rb
 INFO LOG: May__3_10:07: Loading editor/editor.items.rb
 INFO LOG: May__3_10:07: Loading mxp.rb
 INFO LOG: May__3_10:07: Loading mccp.rb
 INFO LOG: May__3_10:07: Loading flags.rb
 INFO LOG: May__3_10:07: Loading damage.rb
 INFO LOG: May__3_10:07: Loading areas.rb
 INFO LOG: May__3_10:07: Loading event.rb
 INFO LOG: May__3_10:07: Loading automap/automap.rb
 INFO LOG: May__3_10:07: Loading cities.olc.rb
 INFO LOG: May__3_10:07: Loading cities.rb
 INFO LOG: May__3_10:07: Loading sector definitions.
 INFO LOG: May__3_10:07: Loading help.rb
 INFO LOG: May__3_10:07: Loading imcruby.rb
 INFO LOG: May__3_10:07: Loading player.rb
 INFO LOG: May__3_10:07: Loading commands.rb
 INFO LOG: May__3_10:07: Loading random.rb
 INFO LOG: May__3_10:07: Loading npc.rb
 INFO LOG: May__3_10:07: Loading items.rb
 INFO LOG: May__3_10:07: Loading spells.rb
 INFO LOG: May__3_10:07: Loading all zones.
 INFO LOG: May__3_10:07: Starting server.
 INFO LOG: May__3_10:07: CoralMUD is now up on port 4000.
 INFO LOG: May__3_10:07: -- 76.202.141.206:59922 connected to CoralMUD!
 INFO LOG: May__3_10:07: -- 76.202.141.206:59922: Retnur is trying to connect.
 INFO LOG: May__3_10:07: -- 76.202.141.206:59922: Retnur player file found.
 INFO LOG: May__3_10:07: -- Retnur has entered the game.
 INFO LOG: May__3_10:07: (?-mix:\/sword\/)
 INFO LOG: May__3_10:09: tick!!!
 INFO LOG: May__3_10:11: tick!!!
 INFO LOG: May__3_10:13: (?-mix:\/sword\/)
 INFO LOG: May__3_10:13: tick!!!
 INFO LOG: May__3_10:14: Loading query_list.rb
 INFO LOG: May__3_10:14: -- #<Player:0x000000022f6e10>:76.202.141.206:59922 disconnected from CoralMUD!
 INFO LOG: May__3_10:14: Logging enabled.   Loading logs.rb.
 INFO LOG: May__3_10:14: Loading facade.rb
 INFO LOG: May__3_10:14: Loading query_list.rb
 INFO LOG: May__3_10:14: Loading utils.rb
 INFO LOG: May__3_10:14: Loading constants.rb
 INFO LOG: May__3_10:14: Loading class_property.rb
 INFO LOG: May__3_10:14: Loading scripts.rb
 INFO LOG: May__3_10:14: Loading tags.rb
 INFO LOG: May__3_10:14: Loading editor/editors.rb
 INFO LOG: May__3_10:14: Loading editor/editor.strings.rb
 INFO LOG: May__3_10:14: Loading editor/editor.rooms.rb
 INFO LOG: May__3_10:14: Loading editor/editor.exits.rb
 INFO LOG: May__3_10:14: Loading editor/editor.zones.rb
 INFO LOG: May__3_10:14: Loading editor/editor.npc.rb
 INFO LOG: May__3_10:14: Loading editor/editor.items.rb
 INFO LOG: May__3_10:14: Loading mxp.rb
 INFO LOG: May__3_10:14: Loading mccp.rb
 INFO LOG: May__3_10:14: Loading flags.rb
 INFO LOG: May__3_10:14: Loading damage.rb
 INFO LOG: May__3_10:14: Loading areas.rb
 INFO LOG: May__3_10:14: Loading event.rb
 INFO LOG: May__3_10:14: Loading automap/automap.rb
 INFO LOG: May__3_10:14: Loading cities.olc.rb
 INFO LOG: May__3_10:14: Loading cities.rb
 INFO LOG: May__3_10:14: Loading sector definitions.
 INFO LOG: May__3_10:14: Loading help.rb
 INFO LOG: May__3_10:14: Loading imcruby.rb
 INFO LOG: May__3_10:14: Loading player.rb
 INFO LOG: May__3_10:14: Loading commands.rb
 INFO LOG: May__3_10:14: Loading random.rb
 INFO LOG: May__3_10:14: Loading npc.rb
 INFO LOG: May__3_10:14: Loading items.rb
 INFO LOG: May__3_10:14: Loading spells.rb
 INFO LOG: May__3_10:14: Loading all zones.
 INFO LOG: May__3_10:14: Starting server.
 INFO LOG: May__3_10:14: CoralMUD is now up on port 4000.
 INFO LOG: May__3_10:14: -- 76.202.141.206:35797 connected to CoralMUD!
 INFO LOG: May__3_10:14: -- 76.202.141.206:35797: Retnur is trying to connect.
 INFO LOG: May__3_10:14: -- 76.202.141.206:35797: Retnur player file found.
 INFO LOG: May__3_10:14: -- Retnur has entered the game.
 INFO LOG: May__3_10:14: (?-mix:sword)
 INFO LOG: May__3_10:15: (?-mix:swor)
 INFO LOG: May__3_10:16: tick!!!
 INFO LOG: May__3_10:18: tick!!!
 INFO LOG: May__3_10:20: tick!!!
 INFO LOG: May__3_10:22: tick!!!
 INFO LOG: May__3_10:24: tick!!!
 INFO LOG: May__3_10:25: (?-mix:sword)
 INFO LOG: May__3_10:25: (?-mix:st)
 INFO LOG: May__3_10:26: tick!!!
 INFO LOG: May__3_10:28: tick!!!
 INFO LOG: May__3_10:30: tick!!!
 INFO LOG: May__3_10:32: tick!!!
 INFO LOG: May__3_10:34: tick!!!
 INFO LOG: May__3_10:36: tick!!!
 INFO LOG: May__3_10:38: tick!!!
 INFO LOG: May__3_10:40: tick!!!
 INFO LOG: May__3_10:42: tick!!!
 INFO LOG: May__3_10:44: tick!!!
 INFO LOG: May__3_10:46: tick!!!
 INFO LOG: May__3_10:48: tick!!!
 INFO LOG: May__3_10:50: tick!!!
 INFO LOG: May__3_10:52: tick!!!
 INFO LOG: May__3_10:54: tick!!!
 INFO LOG: May__3_10:56: tick!!!
 INFO LOG: May__3_10:58: tick!!!
 INFO LOG: May__3_11:00: tick!!!
 INFO LOG: May__3_11:02: tick!!!
 INFO LOG: May__3_11:04: tick!!!
 INFO LOG: May__3_11:06: tick!!!
 INFO LOG: May__3_11:08: tick!!!
 INFO LOG: May__3_11:10: tick!!!
 INFO LOG: May__3_11:12: tick!!!
 INFO LOG: May__3_11:14: tick!!!
 INFO LOG: May__3_11:16: tick!!!
 INFO LOG: May__3_11:18: tick!!!
 INFO LOG: May__3_11:20: tick!!!
 INFO LOG: May__3_11:22: tick!!!
 INFO LOG: May__3_11:24: tick!!!
 INFO LOG: May__3_11:26: tick!!!
 INFO LOG: May__3_11:28: tick!!!
 INFO LOG: May__3_11:30: tick!!!
 INFO LOG: May__3_11:32: tick!!!
 INFO LOG: May__3_11:34: tick!!!
 INFO LOG: May__3_11:36: tick!!!
 INFO LOG: May__3_11:38: tick!!!
 INFO LOG: May__3_11:40: tick!!!
 INFO LOG: May__3_11:42: tick!!!
 INFO LOG: May__3_11:44: tick!!!
 INFO LOG: May__3_11:46: tick!!!
 INFO LOG: May__3_11:48: tick!!!
 INFO LOG: May__3_11:50: tick!!!
 INFO LOG: May__3_11:52: tick!!!
 INFO LOG: May__3_11:54: tick!!!
 INFO LOG: May__3_11:56: tick!!!
 INFO LOG: May__3_11:58: tick!!!
 INFO LOG: May__3_12:00: tick!!!
 INFO LOG: May__3_12:02: tick!!!
 INFO LOG: May__3_12:04: tick!!!
 INFO LOG: May__3_12:06: tick!!!
 INFO LOG: May__3_12:08: tick!!!
 INFO LOG: May__3_12:10: tick!!!
 INFO LOG: May__3_12:12: tick!!!
 INFO LOG: May__3_12:14: tick!!!
 INFO LOG: May__3_12:16: tick!!!
 INFO LOG: May__3_12:18: tick!!!
 INFO LOG: May__3_12:20: tick!!!
 INFO LOG: May__3_12:22: tick!!!
 INFO LOG: May__3_12:24: tick!!!
 INFO LOG: May__3_12:26: tick!!!
 INFO LOG: May__3_12:28: tick!!!
 INFO LOG: May__3_12:30: tick!!!
 INFO LOG: May__3_12:32: tick!!!
 INFO LOG: May__3_12:34: tick!!!
 INFO LOG: May__3_12:36: tick!!!
 INFO LOG: May__3_12:38: tick!!!
 INFO LOG: May__3_12:40: tick!!!
 INFO LOG: May__3_12:42: tick!!!
 INFO LOG: May__3_12:44: tick!!!
 INFO LOG: May__3_12:46: tick!!!
 INFO LOG: May__3_12:48: tick!!!
 INFO LOG: May__3_12:50: tick!!!
 INFO LOG: May__3_12:52: tick!!!
 INFO LOG: May__3_16:44: Logging enabled.   Loading logs.rb.
 INFO LOG: May__3_16:44: Loading facade.rb
 INFO LOG: May__3_16:44: Loading query_list.rb
 INFO LOG: May__3_16:44: Loading utils.rb
 INFO LOG: May__3_16:44: Loading constants.rb
 INFO LOG: May__3_16:44: Loading class_property.rb
 INFO LOG: May__3_16:44: Loading scripts.rb
 INFO LOG: May__3_16:44: Loading tags.rb
 INFO LOG: May__3_16:44: Loading editor/editors.rb
 INFO LOG: May__3_16:44: Loading editor/editor.strings.rb
 INFO LOG: May__3_16:44: Loading editor/editor.rooms.rb
 INFO LOG: May__3_16:44: Loading editor/editor.exits.rb
 INFO LOG: May__3_16:44: Loading editor/editor.zones.rb
 INFO LOG: May__3_16:44: Loading editor/editor.npc.rb
 INFO LOG: May__3_16:44: Loading editor/editor.items.rb
 INFO LOG: May__3_16:44: Loading mxp.rb
 INFO LOG: May__3_16:44: Loading mccp.rb
 INFO LOG: May__3_16:44: Loading flags.rb
 INFO LOG: May__3_16:44: Loading damage.rb
 INFO LOG: May__3_16:44: Loading areas.rb
 INFO LOG: May__3_16:44: Loading event.rb
 INFO LOG: May__3_16:44: Loading automap/automap.rb
 INFO LOG: May__3_16:44: Loading cities.olc.rb
 INFO LOG: May__3_16:44: Loading cities.rb
 INFO LOG: May__3_16:44: Loading sector definitions.
 INFO LOG: May__3_16:44: Loading help.rb
 INFO LOG: May__3_16:44: Loading imcruby.rb
 INFO LOG: May__3_16:44: Loading player.rb
 INFO LOG: May__3_16:44: Loading commands.rb
 INFO LOG: May__3_16:44: Loading random.rb
 INFO LOG: May__3_16:44: Loading npc.rb
 INFO LOG: May__3_16:44: Loading items.rb
 INFO LOG: May__3_16:44: Loading spells.rb
 INFO LOG: May__3_16:44: Loading all zones.
 INFO LOG: May__3_16:44: Starting server.
 INFO LOG: May__3_16:44: CoralMUD is now up on port 4000.
 INFO LOG: May__3_16:46: tick!!!
 INFO LOG: May__3_16:48: tick!!!
 INFO LOG: May__3_16:50: tick!!!
 INFO LOG: May__3_16:52: tick!!!
 INFO LOG: May__3_16:54: tick!!!
 INFO LOG: May__3_16:56: tick!!!
 INFO LOG: May__3_16:58: tick!!!
 INFO LOG: May__3_17:00: tick!!!
 INFO LOG: May__3_17:02: tick!!!
 INFO LOG: May__3_17:04: tick!!!
 INFO LOG: May__3_17:06: tick!!!
 INFO LOG: May__3_17:07: -- 76.202.141.206:43007 connected to CoralMUD!
 INFO LOG: May__3_17:07: -- 76.202.141.206:43007: Retnur is trying to connect.
 INFO LOG: May__3_17:07: -- 76.202.141.206:43007: Retnur player file found.
 INFO LOG: May__3_17:07: -- Retnur has entered the game.
 INFO LOG: May__3_17:08: tick!!!
 INFO LOG: May__3_17:10: tick!!!
 INFO LOG: May__3_17:11: Loading query_list.rb
 INFO LOG: May__3_17:11: (?-mix:eel)
 INFO LOG: May__3_17:12: tick!!!
 INFO LOG: May__3_17:14: tick!!!
 INFO LOG: May__3_17:16: tick!!!
 INFO LOG: May__3_17:18: tick!!!
 INFO LOG: May__3_17:20: tick!!!
 INFO LOG: May__3_17:22: tick!!!
 INFO LOG: May__3_17:24: tick!!!
 INFO LOG: May__3_17:26: tick!!!
 INFO LOG: May__3_17:28: tick!!!
 INFO LOG: May__3_17:30: tick!!!
 INFO LOG: May__3_17:32: tick!!!
 INFO LOG: May__3_17:34: tick!!!
 INFO LOG: May__3_17:36: tick!!!
 INFO LOG: May__3_17:38: tick!!!
 INFO LOG: May__3_17:40: tick!!!
 INFO LOG: May__3_17:42: tick!!!
 INFO LOG: May__3_17:44: tick!!!
 INFO LOG: May__3_17:46: tick!!!
 INFO LOG: May__3_17:48: tick!!!
 INFO LOG: May__3_17:50: tick!!!
 INFO LOG: May__3_17:52: tick!!!
 INFO LOG: May__3_17:54: tick!!!
 INFO LOG: May__3_17:56: tick!!!
 INFO LOG: May__3_17:58: tick!!!
 INFO LOG: May__3_18:00: tick!!!
 INFO LOG: May__3_18:02: tick!!!
 INFO LOG: May__3_18:04: tick!!!
 INFO LOG: May__3_18:06: tick!!!
 INFO LOG: May__3_18:08: tick!!!
 INFO LOG: May__3_18:10: tick!!!
 INFO LOG: May__3_18:12: tick!!!
 INFO LOG: May__3_18:14: tick!!!
 INFO LOG: May__3_18:16: tick!!!
 INFO LOG: May__3_18:18: tick!!!
 INFO LOG: May__3_18:20: tick!!!
 INFO LOG: May__3_18:22: tick!!!
 INFO LOG: May__3_18:24: tick!!!
 INFO LOG: May__3_18:26: tick!!!
 INFO LOG: May__3_18:28: tick!!!
 INFO LOG: May__3_18:30: tick!!!
 INFO LOG: May__3_18:32: tick!!!
 INFO LOG: May__3_18:34: tick!!!
 INFO LOG: May__3_18:36: tick!!!
 INFO LOG: May__3_18:38: tick!!!
 INFO LOG: May__3_18:40: tick!!!
 INFO LOG: May__3_18:42: tick!!!
 INFO LOG: May__3_18:44: tick!!!
 INFO LOG: May__3_18:46: tick!!!
 INFO LOG: May__3_18:48: tick!!!
 INFO LOG: May__3_18:50: tick!!!
 INFO LOG: May__3_18:52: tick!!!
 INFO LOG: May__3_18:54: tick!!!
 INFO LOG: May__3_18:56: tick!!!
 INFO LOG: May__3_18:58: tick!!!
 INFO LOG: May__3_19:00: tick!!!
 INFO LOG: May__3_19:02: tick!!!
 INFO LOG: May__3_19:04: tick!!!
 INFO LOG: May__3_19:06: tick!!!
 INFO LOG: May__3_19:08: tick!!!
 INFO LOG: May__3_19:10: tick!!!
 INFO LOG: May__3_19:12: tick!!!
 INFO LOG: May__3_19:14: tick!!!
 INFO LOG: May__3_19:16: tick!!!
 INFO LOG: May__3_19:18: tick!!!
 INFO LOG: May__3_19:20: tick!!!
 INFO LOG: May__3_19:22: tick!!!
 INFO LOG: May__3_19:24: tick!!!
 INFO LOG: May__3_19:26: tick!!!
 INFO LOG: May__3_19:28: tick!!!
 INFO LOG: May__3_19:30: tick!!!
 INFO LOG: May__3_19:32: tick!!!
 INFO LOG: May__3_19:34: tick!!!
 INFO LOG: May__3_19:36: tick!!!
 INFO LOG: May__3_19:38: tick!!!
 INFO LOG: May__3_19:40: tick!!!
 INFO LOG: May__3_19:42: tick!!!
 INFO LOG: May__3_19:44: tick!!!
 INFO LOG: May__3_19:46: tick!!!
 INFO LOG: May__3_19:48: tick!!!
 INFO LOG: May__3_19:50: tick!!!
 INFO LOG: May__3_19:52: tick!!!
 INFO LOG: May__3_19:54: tick!!!
 INFO LOG: May__3_19:56: tick!!!
 INFO LOG: May__3_19:58: tick!!!
 INFO LOG: May__3_20:00: tick!!!
 INFO LOG: May__3_20:02: tick!!!
 INFO LOG: May__3_20:04: tick!!!
 INFO LOG: May__3_20:06: tick!!!
 INFO LOG: May__3_20:08: tick!!!
 INFO LOG: May__3_20:10: tick!!!
 INFO LOG: May__3_20:12: tick!!!
 INFO LOG: May__3_20:14: tick!!!
 INFO LOG: May__3_20:16: tick!!!
 INFO LOG: May__3_20:18: tick!!!
 INFO LOG: May__3_20:20: tick!!!
 INFO LOG: May__3_20:22: tick!!!
 INFO LOG: May__3_20:24: tick!!!
 INFO LOG: May__3_20:26: Loading items.rb
 INFO LOG: May__3_20:26: Loading items.rb
 INFO LOG: May__3_20:26: tick!!!
 INFO LOG: May__3_20:28: tick!!!
 INFO LOG: May__3_20:30: tick!!!
 INFO LOG: May__3_20:32: tick!!!
 INFO LOG: May__3_20:34: tick!!!
 INFO LOG: May__3_20:36: tick!!!
 INFO LOG: May__3_20:38: tick!!!
 INFO LOG: May__3_20:40: Loading commands.rb
 INFO LOG: May__3_20:40: tick!!!
 INFO LOG: May__3_20:41: Loading commands.rb
 INFO LOG: May__3_20:42: -- #<Player:0x00000002a095e0>:76.202.141.206:43007 disconnected from CoralMUD!
