 INFO LOG: May_10_04:47: Logging enabled.   Loading logs.rb.
 INFO LOG: May_10_04:47: Loading facade.rb
 INFO LOG: May_10_04:47: Loading query_list.rb
 INFO LOG: May_10_04:47: Loading utils.rb
 INFO LOG: May_10_04:47: Loading constants.rb
 INFO LOG: May_10_04:47: Loading damage.rb
 INFO LOG: May_10_04:47: Loading class_property.rb
 INFO LOG: May_10_04:47: Loading scripts.rb
 INFO LOG: May_10_04:47: Loading tags.rb
 INFO LOG: May_10_04:47: Loading editor/editors.rb
 INFO LOG: May_10_04:47: Loading editor/editor.strings.rb
 INFO LOG: May_10_04:47: Loading editor/editor.rooms.rb
 INFO LOG: May_10_04:47: Loading editor/editor.exits.rb
 INFO LOG: May_10_04:47: Loading editor/editor.zones.rb
 INFO LOG: May_10_04:47: Loading editor/editor.npc.rb
 INFO LOG: May_10_04:47: Loading editor/editor.items.rb
 INFO LOG: May_10_04:47: Loading mxp.rb
 INFO LOG: May_10_04:47: Loading mccp.rb
 INFO LOG: May_10_04:47: Loading flags.rb
 INFO LOG: May_10_04:47: Loading areas.rb
 INFO LOG: May_10_04:47: Loading event.rb
 INFO LOG: May_10_04:47: Loading automap/automap.rb
 INFO LOG: May_10_04:47: Loading cities.olc.rb
 INFO LOG: May_10_04:47: Loading cities.rb
 INFO LOG: May_10_04:47: Loading sector definitions.
 INFO LOG: May_10_04:47: Loading help.rb
 INFO LOG: May_10_04:47: Loading imcruby.rb
 INFO LOG: May_10_04:47: Loading player.rb
 INFO LOG: May_10_04:47: Loading commands.rb
 INFO LOG: May_10_04:47: Loading random.rb
 INFO LOG: May_10_04:47: Loading npc.rb
 INFO LOG: May_10_04:47: Loading items/types.rb
 INFO LOG: May_10_04:47: Loading items/items.rb
 INFO LOG: May_10_04:47: Loading spells.rb
 INFO LOG: May_10_04:47: Loading all zones.
 INFO LOG: May_10_04:47: Starting server.
 INFO LOG: May_10_04:47: CoralMUD is now up on port 4000.
 INFO LOG: May_10_04:47: -- 76.202.141.206:59130 connected to CoralMUD!
 INFO LOG: May_10_04:47: -- 76.202.141.206:59130: Retnur is trying to connect.
 INFO LOG: May_10_04:47: -- 76.202.141.206:59130: Retnur player file found.
 INFO LOG: May_10_04:48: -- Retnur has entered the game.
 INFO LOG: May_10_04:49: tick!!!
 INFO LOG: May_10_04:49: -- #<Player:0x0000000287f260>:76.202.141.206:59130 disconnected from CoralMUD!
 INFO LOG: May_10_04:49: Logging enabled.   Loading logs.rb.
 INFO LOG: May_10_04:49: Loading facade.rb
 INFO LOG: May_10_04:49: Loading query_list.rb
 INFO LOG: May_10_04:49: Loading utils.rb
 INFO LOG: May_10_04:49: Loading constants.rb
 INFO LOG: May_10_04:49: Loading damage.rb
 INFO LOG: May_10_04:49: Loading class_property.rb
 INFO LOG: May_10_04:49: Loading scripts.rb
 INFO LOG: May_10_04:49: Loading tags.rb
 INFO LOG: May_10_04:49: Loading editor/editors.rb
 INFO LOG: May_10_04:49: Loading editor/editor.strings.rb
 INFO LOG: May_10_04:49: Loading editor/editor.rooms.rb
 INFO LOG: May_10_04:49: Loading editor/editor.exits.rb
 INFO LOG: May_10_04:49: Loading editor/editor.zones.rb
 INFO LOG: May_10_04:49: Loading editor/editor.npc.rb
 INFO LOG: May_10_04:49: Loading editor/editor.items.rb
 INFO LOG: May_10_04:49: Loading mxp.rb
 INFO LOG: May_10_04:49: Loading mccp.rb
 INFO LOG: May_10_04:49: Loading flags.rb
 INFO LOG: May_10_04:49: Loading areas.rb
 INFO LOG: May_10_04:49: Loading event.rb
 INFO LOG: May_10_04:49: Loading automap/automap.rb
 INFO LOG: May_10_04:49: Loading cities.olc.rb
 INFO LOG: May_10_04:49: Loading cities.rb
 INFO LOG: May_10_04:49: Loading sector definitions.
 INFO LOG: May_10_04:49: Loading help.rb
 INFO LOG: May_10_04:49: Loading imcruby.rb
 INFO LOG: May_10_04:49: Loading player.rb
 INFO LOG: May_10_04:49: Loading commands.rb
 INFO LOG: May_10_04:49: Loading random.rb
 INFO LOG: May_10_04:49: Loading npc.rb
 INFO LOG: May_10_04:49: Loading items/types.rb
 INFO LOG: May_10_04:49: Loading items/items.rb
 INFO LOG: May_10_04:49: Loading spells.rb
 INFO LOG: May_10_04:49: Loading all zones.
 INFO LOG: May_10_04:49: Starting server.
 INFO LOG: May_10_04:49: CoralMUD is now up on port 4000.
 INFO LOG: May_10_04:50: Logging enabled.   Loading logs.rb.
 INFO LOG: May_10_04:50: Loading facade.rb
 INFO LOG: May_10_04:50: Loading query_list.rb
 INFO LOG: May_10_04:50: Loading utils.rb
 INFO LOG: May_10_04:50: Loading constants.rb
 INFO LOG: May_10_04:50: Loading damage.rb
 INFO LOG: May_10_04:50: Loading class_property.rb
 INFO LOG: May_10_04:50: Loading scripts.rb
 INFO LOG: May_10_04:50: Loading tags.rb
 INFO LOG: May_10_04:50: Loading editor/editors.rb
 INFO LOG: May_10_04:50: Loading editor/editor.strings.rb
 INFO LOG: May_10_04:50: Loading editor/editor.rooms.rb
 INFO LOG: May_10_04:50: Loading editor/editor.exits.rb
 INFO LOG: May_10_04:50: Loading editor/editor.zones.rb
 INFO LOG: May_10_04:50: Loading editor/editor.npc.rb
 INFO LOG: May_10_04:50: Loading editor/editor.items.rb
 INFO LOG: May_10_04:50: Loading mxp.rb
 INFO LOG: May_10_04:50: Loading mccp.rb
 INFO LOG: May_10_04:50: Loading flags.rb
 INFO LOG: May_10_04:50: Loading areas.rb
 INFO LOG: May_10_04:50: Loading event.rb
 INFO LOG: May_10_04:50: Loading automap/automap.rb
 INFO LOG: May_10_04:50: Loading cities.olc.rb
 INFO LOG: May_10_04:50: Loading cities.rb
 INFO LOG: May_10_04:50: Loading sector definitions.
 INFO LOG: May_10_04:50: Loading help.rb
 INFO LOG: May_10_04:50: Loading imcruby.rb
 INFO LOG: May_10_04:50: Loading player.rb
 INFO LOG: May_10_04:50: Loading commands.rb
 INFO LOG: May_10_04:50: Loading random.rb
 INFO LOG: May_10_04:50: Loading npc.rb
 INFO LOG: May_10_04:50: Loading items/types.rb
 INFO LOG: May_10_04:50: Loading items/items.rb
 INFO LOG: May_10_04:50: Loading spells.rb
 INFO LOG: May_10_04:50: Loading all zones.
 INFO LOG: May_10_04:50: Starting server.
 INFO LOG: May_10_04:50: CoralMUD is now up on port 4000.
 INFO LOG: May_10_04:50: -- 76.202.141.206:33019 connected to CoralMUD!
 INFO LOG: May_10_04:50: -- 76.202.141.206:33019: Retnur is trying to connect.
 INFO LOG: May_10_04:50: -- 76.202.141.206:33019: Retnur player file found.
 INFO LOG: May_10_04:50: -- Retnur has entered the game.
 INFO LOG: May_10_04:51: -- #<Player:0x00000001b15638>:76.202.141.206:33019 disconnected from CoralMUD!
 INFO LOG: May_10_04:51: Logging enabled.   Loading logs.rb.
 INFO LOG: May_10_04:51: Loading facade.rb
 INFO LOG: May_10_04:51: Loading query_list.rb
 INFO LOG: May_10_04:51: Loading utils.rb
 INFO LOG: May_10_04:51: Loading constants.rb
 INFO LOG: May_10_04:51: Loading damage.rb
 INFO LOG: May_10_04:51: Loading class_property.rb
 INFO LOG: May_10_04:51: Loading scripts.rb
 INFO LOG: May_10_04:51: Loading tags.rb
 INFO LOG: May_10_04:51: Loading editor/editors.rb
 INFO LOG: May_10_04:51: Loading editor/editor.strings.rb
 INFO LOG: May_10_04:51: Loading editor/editor.rooms.rb
 INFO LOG: May_10_04:51: Loading editor/editor.exits.rb
 INFO LOG: May_10_04:51: Loading editor/editor.zones.rb
 INFO LOG: May_10_04:51: Loading editor/editor.npc.rb
 INFO LOG: May_10_04:51: Loading editor/editor.items.rb
 INFO LOG: May_10_04:51: Loading mxp.rb
 INFO LOG: May_10_04:51: Loading mccp.rb
 INFO LOG: May_10_04:51: Loading flags.rb
 INFO LOG: May_10_04:51: Loading areas.rb
 INFO LOG: May_10_04:51: Loading event.rb
 INFO LOG: May_10_04:51: Loading automap/automap.rb
 INFO LOG: May_10_04:51: Loading cities.olc.rb
 INFO LOG: May_10_04:51: Loading cities.rb
 INFO LOG: May_10_04:51: Loading sector definitions.
 INFO LOG: May_10_04:51: Loading help.rb
 INFO LOG: May_10_04:51: Loading imcruby.rb
 INFO LOG: May_10_04:51: Loading player.rb
 INFO LOG: May_10_04:51: Loading commands.rb
 INFO LOG: May_10_04:51: Loading random.rb
 INFO LOG: May_10_04:51: Loading npc.rb
 INFO LOG: May_10_04:51: Loading items/types.rb
 INFO LOG: May_10_04:51: Loading items/items.rb
 INFO LOG: May_10_04:51: Loading spells.rb
 INFO LOG: May_10_04:51: Loading all zones.
 INFO LOG: May_10_04:51: Starting server.
 INFO LOG: May_10_04:51: CoralMUD is now up on port 4000.
 INFO LOG: May_10_04:51: -- 76.202.141.206:40621 connected to CoralMUD!
 INFO LOG: May_10_04:51: -- 76.202.141.206:40621: Retnur is trying to connect.
 INFO LOG: May_10_04:51: -- 76.202.141.206:40621: Retnur player file found.
 INFO LOG: May_10_04:51: -- Retnur has entered the game.
 INFO LOG: May_10_04:53: tick!!!
 INFO LOG: May_10_04:55: tick!!!
 INFO LOG: May_10_04:57: -- #<Player:0x00000002696e80>:76.202.141.206:40621 disconnected from CoralMUD!
 INFO LOG: May_10_04:57: Logging enabled.   Loading logs.rb.
 INFO LOG: May_10_04:57: Loading facade.rb
 INFO LOG: May_10_04:57: Loading query_list.rb
 INFO LOG: May_10_04:57: Loading utils.rb
 INFO LOG: May_10_04:57: Loading constants.rb
 INFO LOG: May_10_04:57: Loading damage.rb
 INFO LOG: May_10_04:57: Loading class_property.rb
 INFO LOG: May_10_04:57: Loading scripts.rb
 INFO LOG: May_10_04:57: Loading tags.rb
 INFO LOG: May_10_04:57: Loading editor/editors.rb
 INFO LOG: May_10_04:57: Loading editor/editor.strings.rb
 INFO LOG: May_10_04:57: Loading editor/editor.rooms.rb
 INFO LOG: May_10_04:57: Loading editor/editor.exits.rb
 INFO LOG: May_10_04:57: Loading editor/editor.zones.rb
 INFO LOG: May_10_04:57: Loading editor/editor.npc.rb
 INFO LOG: May_10_04:57: Loading editor/editor.items.rb
 INFO LOG: May_10_04:57: Loading mxp.rb
 INFO LOG: May_10_04:57: Loading mccp.rb
 INFO LOG: May_10_04:57: Loading flags.rb
 INFO LOG: May_10_04:57: Loading areas.rb
 INFO LOG: May_10_04:57: Loading event.rb
 INFO LOG: May_10_04:57: Loading automap/automap.rb
 INFO LOG: May_10_04:57: Loading cities.olc.rb
 INFO LOG: May_10_04:57: Loading cities.rb
 INFO LOG: May_10_04:57: Loading sector definitions.
 INFO LOG: May_10_04:57: Loading help.rb
 INFO LOG: May_10_04:57: Loading imcruby.rb
 INFO LOG: May_10_04:57: Loading player.rb
 INFO LOG: May_10_04:57: Loading commands.rb
 INFO LOG: May_10_04:57: Loading random.rb
 INFO LOG: May_10_04:57: Loading npc.rb
 INFO LOG: May_10_04:57: Loading items/types.rb
 INFO LOG: May_10_04:57: Loading items/items.rb
 INFO LOG: May_10_04:57: Loading spells.rb
 INFO LOG: May_10_04:57: Loading all zones.
 INFO LOG: May_10_04:57: Starting server.
 INFO LOG: May_10_04:57: CoralMUD is now up on port 4000.
 INFO LOG: May_10_04:57: -- 76.202.141.206:36466 connected to CoralMUD!
 INFO LOG: May_10_04:57: -- 76.202.141.206:36466: Retnur is trying to connect.
 INFO LOG: May_10_04:57: -- 76.202.141.206:36466: Retnur player file found.
 INFO LOG: May_10_04:57: -- Retnur has entered the game.
 INFO LOG: May_10_04:59: tick!!!
 INFO LOG: May_10_04:59: -- #<Player:0x00000000b53948>:76.202.141.206:36466 disconnected from CoralMUD!
 INFO LOG: May_10_04:59: Logging enabled.   Loading logs.rb.
 INFO LOG: May_10_04:59: Loading facade.rb
 INFO LOG: May_10_04:59: Loading query_list.rb
 INFO LOG: May_10_04:59: Loading utils.rb
 INFO LOG: May_10_04:59: Loading constants.rb
 INFO LOG: May_10_04:59: Loading damage.rb
 INFO LOG: May_10_04:59: Loading class_property.rb
 INFO LOG: May_10_04:59: Loading scripts.rb
 INFO LOG: May_10_04:59: Loading tags.rb
 INFO LOG: May_10_04:59: Loading editor/editors.rb
 INFO LOG: May_10_04:59: Loading editor/editor.strings.rb
 INFO LOG: May_10_04:59: Loading editor/editor.rooms.rb
 INFO LOG: May_10_04:59: Loading editor/editor.exits.rb
 INFO LOG: May_10_04:59: Loading editor/editor.zones.rb
 INFO LOG: May_10_04:59: Loading editor/editor.npc.rb
 INFO LOG: May_10_04:59: Loading editor/editor.items.rb
 INFO LOG: May_10_04:59: Loading mxp.rb
 INFO LOG: May_10_04:59: Loading mccp.rb
 INFO LOG: May_10_04:59: Loading flags.rb
 INFO LOG: May_10_04:59: Loading areas.rb
 INFO LOG: May_10_04:59: Loading event.rb
 INFO LOG: May_10_04:59: Loading automap/automap.rb
 INFO LOG: May_10_04:59: Loading cities.olc.rb
 INFO LOG: May_10_04:59: Loading cities.rb
 INFO LOG: May_10_04:59: Loading sector definitions.
 INFO LOG: May_10_04:59: Loading help.rb
 INFO LOG: May_10_04:59: Loading imcruby.rb
 INFO LOG: May_10_04:59: Loading player.rb
 INFO LOG: May_10_04:59: Loading commands.rb
 INFO LOG: May_10_04:59: Loading random.rb
 INFO LOG: May_10_04:59: Loading npc.rb
 INFO LOG: May_10_04:59: Loading items/types.rb
 INFO LOG: May_10_04:59: Loading items/items.rb
 INFO LOG: May_10_04:59: Loading spells.rb
 INFO LOG: May_10_04:59: Loading all zones.
 INFO LOG: May_10_04:59: Starting server.
 INFO LOG: May_10_04:59: CoralMUD is now up on port 4000.
 INFO LOG: May_10_04:59: -- 76.202.141.206:58831 connected to CoralMUD!
 INFO LOG: May_10_04:59: -- 76.202.141.206:58831: Retnur is trying to connect.
 INFO LOG: May_10_04:59: -- 76.202.141.206:58831: Retnur player file found.
 INFO LOG: May_10_04:59: -- Retnur has entered the game.
 INFO LOG: May_10_04:59: -- #<Player:0x00000002696070>:76.202.141.206:58831 disconnected from CoralMUD!
 INFO LOG: May_10_04:59: Logging enabled.   Loading logs.rb.
 INFO LOG: May_10_04:59: Loading facade.rb
 INFO LOG: May_10_04:59: Loading query_list.rb
 INFO LOG: May_10_04:59: Loading utils.rb
 INFO LOG: May_10_04:59: Loading constants.rb
 INFO LOG: May_10_04:59: Loading damage.rb
 INFO LOG: May_10_04:59: Loading class_property.rb
 INFO LOG: May_10_04:59: Loading scripts.rb
 INFO LOG: May_10_04:59: Loading tags.rb
 INFO LOG: May_10_04:59: Loading editor/editors.rb
 INFO LOG: May_10_04:59: Loading editor/editor.strings.rb
 INFO LOG: May_10_04:59: Loading editor/editor.rooms.rb
 INFO LOG: May_10_04:59: Loading editor/editor.exits.rb
 INFO LOG: May_10_04:59: Loading editor/editor.zones.rb
 INFO LOG: May_10_04:59: Loading editor/editor.npc.rb
 INFO LOG: May_10_04:59: Loading editor/editor.items.rb
 INFO LOG: May_10_04:59: Loading mxp.rb
 INFO LOG: May_10_04:59: Loading mccp.rb
 INFO LOG: May_10_04:59: Loading flags.rb
 INFO LOG: May_10_04:59: Loading areas.rb
 INFO LOG: May_10_04:59: Loading event.rb
 INFO LOG: May_10_04:59: Loading automap/automap.rb
 INFO LOG: May_10_04:59: Loading cities.olc.rb
 INFO LOG: May_10_04:59: Loading cities.rb
 INFO LOG: May_10_04:59: Loading sector definitions.
 INFO LOG: May_10_04:59: Loading help.rb
 INFO LOG: May_10_04:59: Loading imcruby.rb
 INFO LOG: May_10_04:59: Loading player.rb
 INFO LOG: May_10_04:59: Loading commands.rb
 INFO LOG: May_10_04:59: Loading random.rb
 INFO LOG: May_10_04:59: Loading npc.rb
 INFO LOG: May_10_04:59: Loading items/types.rb
 INFO LOG: May_10_04:59: Loading items/items.rb
 INFO LOG: May_10_04:59: Loading spells.rb
 INFO LOG: May_10_04:59: Loading all zones.
 INFO LOG: May_10_04:59: Starting server.
 INFO LOG: May_10_04:59: CoralMUD is now up on port 4000.
 INFO LOG: May_10_04:59: -- 76.202.141.206:48814 connected to CoralMUD!
 INFO LOG: May_10_04:59: -- 76.202.141.206:48814: Retnur is trying to connect.
 INFO LOG: May_10_04:59: -- 76.202.141.206:48814: Retnur player file found.
 INFO LOG: May_10_05:00: -- Retnur has entered the game.
 INFO LOG: May_10_05:01: tick!!!
 INFO LOG: May_10_05:03: tick!!!
 INFO LOG: May_10_05:05: tick!!!
 INFO LOG: May_10_05:07: tick!!!
 INFO LOG: May_10_05:09: tick!!!
 INFO LOG: May_10_05:11: tick!!!
 INFO LOG: May_10_05:13: tick!!!
 INFO LOG: May_10_05:15: tick!!!
 INFO LOG: May_10_05:17: tick!!!
 INFO LOG: May_10_05:19: tick!!!
 INFO LOG: May_10_05:21: tick!!!
 INFO LOG: May_10_05:23: tick!!!
 INFO LOG: May_10_05:25: tick!!!
 INFO LOG: May_10_05:27: tick!!!
 INFO LOG: May_10_05:29: tick!!!
 INFO LOG: May_10_05:31: tick!!!
 INFO LOG: May_10_05:32: Loading items/types.rb
 INFO LOG: May_10_05:33: tick!!!
 INFO LOG: May_10_05:35: tick!!!
 INFO LOG: May_10_05:37: tick!!!
 INFO LOG: May_10_05:39: -- #<Player:0x00000000eb64a0>:76.202.141.206:48814 disconnected from CoralMUD!
 INFO LOG: May_10_05:39: Logging enabled.   Loading logs.rb.
 INFO LOG: May_10_05:39: Loading facade.rb
 INFO LOG: May_10_05:39: Loading query_list.rb
 INFO LOG: May_10_05:39: Loading utils.rb
 INFO LOG: May_10_05:39: Loading constants.rb
 INFO LOG: May_10_05:39: Loading damage.rb
 INFO LOG: May_10_05:39: Loading class_property.rb
 INFO LOG: May_10_05:39: Loading scripts.rb
 INFO LOG: May_10_05:39: Loading tags.rb
 INFO LOG: May_10_05:39: Loading editor/editors.rb
 INFO LOG: May_10_05:40: Logging enabled.   Loading logs.rb.
 INFO LOG: May_10_05:40: Loading facade.rb
 INFO LOG: May_10_05:40: Loading query_list.rb
 INFO LOG: May_10_05:40: Loading utils.rb
 INFO LOG: May_10_05:40: Loading constants.rb
 INFO LOG: May_10_05:40: Loading damage.rb
 INFO LOG: May_10_05:40: Loading class_property.rb
 INFO LOG: May_10_05:40: Loading scripts.rb
 INFO LOG: May_10_05:40: Loading tags.rb
 INFO LOG: May_10_05:40: Loading editor/editors.rb
 INFO LOG: May_10_05:40: Loading editor/editor.strings.rb
 INFO LOG: May_10_05:40: Loading editor/editor.rooms.rb
 INFO LOG: May_10_05:40: Loading editor/editor.exits.rb
 INFO LOG: May_10_05:40: Loading editor/editor.zones.rb
 INFO LOG: May_10_05:40: Loading editor/editor.npc.rb
 INFO LOG: May_10_05:40: Loading editor/editor.items.rb
 INFO LOG: May_10_05:40: Loading mxp.rb
 INFO LOG: May_10_05:40: Loading mccp.rb
 INFO LOG: May_10_05:40: Loading flags.rb
 INFO LOG: May_10_05:40: Loading areas.rb
 INFO LOG: May_10_05:40: Loading event.rb
 INFO LOG: May_10_05:40: Loading automap/automap.rb
 INFO LOG: May_10_05:40: Loading cities.olc.rb
 INFO LOG: May_10_05:40: Loading cities.rb
 INFO LOG: May_10_05:40: Loading sector definitions.
 INFO LOG: May_10_05:40: Loading help.rb
 INFO LOG: May_10_05:40: Loading imcruby.rb
 INFO LOG: May_10_05:40: Loading player.rb
 INFO LOG: May_10_05:40: Loading commands.rb
 INFO LOG: May_10_05:40: Loading random.rb
 INFO LOG: May_10_05:40: Loading npc.rb
 INFO LOG: May_10_05:40: Loading items/types.rb
 INFO LOG: May_10_05:40: Loading items/items.rb
 INFO LOG: May_10_05:40: Loading spells.rb
 INFO LOG: May_10_05:40: Loading all zones.
 INFO LOG: May_10_05:40: Starting server.
 INFO LOG: May_10_05:40: CoralMUD is now up on port 4000.
 INFO LOG: May_10_05:40: -- 76.202.141.206:33521 connected to CoralMUD!
 INFO LOG: May_10_05:40: -- 76.202.141.206:33521: Retnur is trying to connect.
 INFO LOG: May_10_05:40: -- 76.202.141.206:33521: Retnur player file found.
 INFO LOG: May_10_05:40: -- Retnur has entered the game.
 INFO LOG: May_10_05:42: tick!!!
 INFO LOG: May_10_05:44: tick!!!
 INFO LOG: May_10_05:46: tick!!!
 INFO LOG: May_10_05:48: tick!!!
 INFO LOG: May_10_05:50: tick!!!
 INFO LOG: May_10_05:52: tick!!!
 INFO LOG: May_10_05:54: tick!!!
 INFO LOG: May_10_05:56: tick!!!
 INFO LOG: May_10_05:58: tick!!!
 INFO LOG: May_10_06:00: tick!!!
 INFO LOG: May_10_06:02: tick!!!
 INFO LOG: May_10_06:04: tick!!!
 INFO LOG: May_10_06:05: Loading items/types.rb
 INFO LOG: May_10_06:05: Loading items/items.rb
 INFO LOG: May_10_06:06: tick!!!
 INFO LOG: May_10_06:08: tick!!!
 INFO LOG: May_10_06:08: Loading items/types.rb
 INFO LOG: May_10_06:10: tick!!!
 INFO LOG: May_10_06:12: -- #<Player:0x0000000116e9b8>:76.202.141.206:33521 disconnected from CoralMUD!
 INFO LOG: May_10_06:12: Logging enabled.   Loading logs.rb.
 INFO LOG: May_10_06:12: Loading facade.rb
 INFO LOG: May_10_06:12: Loading query_list.rb
 INFO LOG: May_10_06:12: Loading utils.rb
 INFO LOG: May_10_06:12: Loading constants.rb
 INFO LOG: May_10_06:12: Loading damage.rb
 INFO LOG: May_10_06:12: Loading class_property.rb
 INFO LOG: May_10_06:12: Loading scripts.rb
 INFO LOG: May_10_06:12: Loading tags.rb
 INFO LOG: May_10_06:12: Loading editor/editors.rb
 INFO LOG: May_10_06:12: Loading editor/editor.strings.rb
 INFO LOG: May_10_06:12: Loading editor/editor.rooms.rb
 INFO LOG: May_10_06:12: Loading editor/editor.exits.rb
 INFO LOG: May_10_06:12: Loading editor/editor.zones.rb
 INFO LOG: May_10_06:12: Loading editor/editor.npc.rb
 INFO LOG: May_10_06:12: Loading editor/editor.items.rb
 INFO LOG: May_10_06:12: Loading mxp.rb
 INFO LOG: May_10_06:12: Loading mccp.rb
 INFO LOG: May_10_06:12: Loading flags.rb
 INFO LOG: May_10_06:12: Loading areas.rb
 INFO LOG: May_10_06:12: Loading event.rb
 INFO LOG: May_10_06:12: Loading automap/automap.rb
 INFO LOG: May_10_06:12: Loading cities.olc.rb
 INFO LOG: May_10_06:12: Loading cities.rb
 INFO LOG: May_10_06:12: Loading sector definitions.
 INFO LOG: May_10_06:12: Loading help.rb
 INFO LOG: May_10_06:12: Loading imcruby.rb
 INFO LOG: May_10_06:12: Loading player.rb
 INFO LOG: May_10_06:12: Loading commands.rb
 INFO LOG: May_10_06:12: Loading random.rb
 INFO LOG: May_10_06:12: Loading npc.rb
 INFO LOG: May_10_06:12: Loading items/types.rb
 INFO LOG: May_10_06:12: Loading items/items.rb
 INFO LOG: May_10_06:12: Loading spells.rb
 INFO LOG: May_10_06:12: Loading all zones.
 INFO LOG: May_10_06:12: Starting server.
 INFO LOG: May_10_06:12: CoralMUD is now up on port 4000.
 INFO LOG: May_10_06:12: -- 76.202.141.206:49062 connected to CoralMUD!
 INFO LOG: May_10_06:12: -- 76.202.141.206:49062: Retnur is trying to connect.
 INFO LOG: May_10_06:12: -- 76.202.141.206:49062: Retnur player file found.
 INFO LOG: May_10_06:12: -- Retnur has entered the game.
 INFO LOG: May_10_06:14: tick!!!
 INFO LOG: May_10_06:14: -- #<Player:0x00000001a28b80>:76.202.141.206:49062 disconnected from CoralMUD!
 INFO LOG: May_10_06:14: Logging enabled.   Loading logs.rb.
 INFO LOG: May_10_06:14: Loading facade.rb
 INFO LOG: May_10_06:14: Loading query_list.rb
 INFO LOG: May_10_06:14: Loading utils.rb
 INFO LOG: May_10_06:14: Loading constants.rb
 INFO LOG: May_10_06:14: Loading damage.rb
 INFO LOG: May_10_06:14: Loading class_property.rb
 INFO LOG: May_10_06:14: Loading scripts.rb
 INFO LOG: May_10_06:14: Loading tags.rb
 INFO LOG: May_10_06:14: Loading editor/editors.rb
 INFO LOG: May_10_06:15: Logging enabled.   Loading logs.rb.
 INFO LOG: May_10_06:15: Loading facade.rb
 INFO LOG: May_10_06:15: Loading query_list.rb
 INFO LOG: May_10_06:15: Loading utils.rb
 INFO LOG: May_10_06:15: Loading constants.rb
 INFO LOG: May_10_06:15: Loading damage.rb
 INFO LOG: May_10_06:15: Loading class_property.rb
 INFO LOG: May_10_06:15: Loading scripts.rb
 INFO LOG: May_10_06:15: Loading tags.rb
 INFO LOG: May_10_06:15: Loading editor/editors.rb
 INFO LOG: May_10_06:15: Loading editor/editor.strings.rb
 INFO LOG: May_10_06:15: Loading editor/editor.rooms.rb
 INFO LOG: May_10_06:15: Loading editor/editor.exits.rb
 INFO LOG: May_10_06:15: Loading editor/editor.zones.rb
 INFO LOG: May_10_06:15: Loading editor/editor.npc.rb
 INFO LOG: May_10_06:15: Loading editor/editor.items.rb
 INFO LOG: May_10_06:15: Loading mxp.rb
 INFO LOG: May_10_06:15: Loading mccp.rb
 INFO LOG: May_10_06:15: Loading flags.rb
 INFO LOG: May_10_06:15: Loading areas.rb
 INFO LOG: May_10_06:15: Loading event.rb
 INFO LOG: May_10_06:15: Loading automap/automap.rb
 INFO LOG: May_10_06:15: Loading cities.olc.rb
 INFO LOG: May_10_06:15: Loading cities.rb
 INFO LOG: May_10_06:15: Loading sector definitions.
 INFO LOG: May_10_06:15: Loading help.rb
 INFO LOG: May_10_06:15: Loading imcruby.rb
 INFO LOG: May_10_06:15: Loading player.rb
 INFO LOG: May_10_06:15: Loading commands.rb
 INFO LOG: May_10_06:15: Loading random.rb
 INFO LOG: May_10_06:15: Loading npc.rb
 INFO LOG: May_10_06:15: Loading items/types.rb
 INFO LOG: May_10_06:15: Loading items/items.rb
 INFO LOG: May_10_06:15: Loading spells.rb
 INFO LOG: May_10_06:15: Loading all zones.
 INFO LOG: May_10_06:15: Starting server.
 INFO LOG: May_10_06:15: CoralMUD is now up on port 4000.
 INFO LOG: May_10_06:15: -- 76.202.141.206:45799 connected to CoralMUD!
 INFO LOG: May_10_06:15: -- 76.202.141.206:45799: Retnur is trying to connect.
 INFO LOG: May_10_06:15: -- 76.202.141.206:45799: Retnur player file found.
 INFO LOG: May_10_06:15: -- Retnur has entered the game.
ERROR LOG: undefined method `each' for #<TrashType:0x00000001870568>
ERROR LOG: /home/heath/coral/lib/editor/editor.items.rb:38:in `block in <class:Item>'
ERROR LOG: /home/heath/coral/lib/editor/editors.rb:163:in `call'
ERROR LOG: /home/heath/coral/lib/editor/editors.rb:163:in `call_display'
ERROR LOG: /home/heath/coral/lib/editor/editors.rb:98:in `block in display_values'
ERROR LOG: /home/heath/coral/lib/editor/editors.rb:98:in `collect'
ERROR LOG: /home/heath/coral/lib/editor/editors.rb:98:in `display_values'
ERROR LOG: /home/heath/coral/lib/editor/editors.rb:67:in `block in initialize'
ERROR LOG: /home/heath/coral/lib/editor/editors.rb:169:in `call'
ERROR LOG: /home/heath/coral/lib/editor/editors.rb:169:in `call_fun'
ERROR LOG: /home/heath/coral/lib/commands.rb:232:in `execute_command'
ERROR LOG: /home/heath/coral/lib/commands/edit.rb:23:in `cmd_edit'
ERROR LOG: /home/heath/coral/lib/commands.rb:278:in `execute_command'
ERROR LOG: /home/heath/coral/core/socketengine.rb:174:in `block in handle_cmd_input'
ERROR LOG: /home/heath/coral/core/socketengine.rb:173:in `times'
ERROR LOG: /home/heath/coral/core/socketengine.rb:173:in `handle_cmd_input'
ERROR LOG: /home/heath/coral/core/socketengine.rb:135:in `receive_data'
ERROR LOG: /usr/local/lib/ruby/gems/1.9.1/gems/eventmachine-0.12.8/lib/eventmachine.rb:242:in `run_machine'
ERROR LOG: /usr/local/lib/ruby/gems/1.9.1/gems/eventmachine-0.12.8/lib/eventmachine.rb:242:in `run'
ERROR LOG: coral.rb:171:in `<main>'
ERROR LOG: undefined method `each' for #<TrashType:0x00000001870568>
ERROR LOG: /home/heath/coral/lib/editor/editor.items.rb:38:in `block in <class:Item>'
ERROR LOG: /home/heath/coral/lib/editor/editors.rb:163:in `call'
ERROR LOG: /home/heath/coral/lib/editor/editors.rb:163:in `call_display'
ERROR LOG: /home/heath/coral/lib/editor/editors.rb:98:in `block in display_values'
ERROR LOG: /home/heath/coral/lib/editor/editors.rb:98:in `collect'
ERROR LOG: /home/heath/coral/lib/editor/editors.rb:98:in `display_values'
ERROR LOG: /home/heath/coral/lib/editor/editors.rb:67:in `block in initialize'
ERROR LOG: /home/heath/coral/lib/editor/editors.rb:169:in `call'
ERROR LOG: /home/heath/coral/lib/editor/editors.rb:169:in `call_fun'
ERROR LOG: /home/heath/coral/lib/commands.rb:232:in `execute_command'
ERROR LOG: /home/heath/coral/lib/commands/look.rb:76:in `cmd_look'
ERROR LOG: /home/heath/coral/lib/commands.rb:278:in `execute_command'
ERROR LOG: /home/heath/coral/core/socketengine.rb:174:in `block in handle_cmd_input'
ERROR LOG: /home/heath/coral/core/socketengine.rb:173:in `times'
ERROR LOG: /home/heath/coral/core/socketengine.rb:173:in `handle_cmd_input'
ERROR LOG: /home/heath/coral/core/socketengine.rb:135:in `receive_data'
ERROR LOG: /usr/local/lib/ruby/gems/1.9.1/gems/eventmachine-0.12.8/lib/eventmachine.rb:242:in `run_machine'
ERROR LOG: /usr/local/lib/ruby/gems/1.9.1/gems/eventmachine-0.12.8/lib/eventmachine.rb:242:in `run'
ERROR LOG: coral.rb:171:in `<main>'
 INFO LOG: May_10_06:17: tick!!!
 INFO LOG: May_10_06:18: Loading items/items.rb
 INFO LOG: May_10_06:19: tick!!!
 INFO LOG: May_10_06:21: -- #<Player:0x0000000149ae98>:76.202.141.206:45799 disconnected from CoralMUD!
 INFO LOG: May_10_06:21: Logging enabled.   Loading logs.rb.
 INFO LOG: May_10_06:21: Loading facade.rb
 INFO LOG: May_10_06:21: Loading query_list.rb
 INFO LOG: May_10_06:21: Loading utils.rb
 INFO LOG: May_10_06:21: Loading constants.rb
 INFO LOG: May_10_06:21: Loading damage.rb
 INFO LOG: May_10_06:21: Loading class_property.rb
 INFO LOG: May_10_06:21: Loading scripts.rb
 INFO LOG: May_10_06:21: Loading tags.rb
 INFO LOG: May_10_06:21: Loading editor/editors.rb
 INFO LOG: May_10_06:21: Loading editor/editor.strings.rb
 INFO LOG: May_10_06:21: Loading editor/editor.rooms.rb
 INFO LOG: May_10_06:21: Loading editor/editor.exits.rb
 INFO LOG: May_10_06:21: Loading editor/editor.zones.rb
 INFO LOG: May_10_06:21: Loading editor/editor.npc.rb
 INFO LOG: May_10_06:21: Loading editor/editor.items.rb
 INFO LOG: May_10_06:21: Loading mxp.rb
 INFO LOG: May_10_06:21: Loading mccp.rb
 INFO LOG: May_10_06:21: Loading flags.rb
 INFO LOG: May_10_06:21: Loading areas.rb
 INFO LOG: May_10_06:21: Loading event.rb
 INFO LOG: May_10_06:21: Loading automap/automap.rb
 INFO LOG: May_10_06:21: Loading cities.olc.rb
 INFO LOG: May_10_06:21: Loading cities.rb
 INFO LOG: May_10_06:21: Loading sector definitions.
 INFO LOG: May_10_06:21: Loading help.rb
 INFO LOG: May_10_06:21: Loading imcruby.rb
 INFO LOG: May_10_06:21: Loading player.rb
 INFO LOG: May_10_06:21: Loading commands.rb
 INFO LOG: May_10_06:21: Loading random.rb
 INFO LOG: May_10_06:21: Loading npc.rb
 INFO LOG: May_10_06:21: Loading items/types.rb
 INFO LOG: May_10_06:21: Loading items/items.rb
 INFO LOG: May_10_06:21: Loading spells.rb
 INFO LOG: May_10_06:21: Loading all zones.
 INFO LOG: May_10_06:21: Starting server.
 INFO LOG: May_10_06:21: CoralMUD is now up on port 4000.
 INFO LOG: May_10_06:21: -- 76.202.141.206:49417 connected to CoralMUD!
 INFO LOG: May_10_06:21: -- 76.202.141.206:49417: Retnur is trying to connect.
 INFO LOG: May_10_06:21: -- 76.202.141.206:49417: Retnur player file found.
 INFO LOG: May_10_06:21: -- Retnur has entered the game.
ERROR LOG: unexpected return
ERROR LOG: /home/heath/coral/lib/editor/editor.items.rb:42:in `block in <class:Item>'
ERROR LOG: /home/heath/coral/lib/editor/editors.rb:168:in `call'
ERROR LOG: /home/heath/coral/lib/editor/editors.rb:168:in `call_display'
ERROR LOG: /home/heath/coral/lib/editor/editors.rb:103:in `block in display_values'
ERROR LOG: /home/heath/coral/lib/editor/editors.rb:103:in `collect'
ERROR LOG: /home/heath/coral/lib/editor/editors.rb:103:in `display_values'
ERROR LOG: /home/heath/coral/lib/editor/editors.rb:72:in `block in initialize'
ERROR LOG: /home/heath/coral/lib/editor/editors.rb:174:in `call'
ERROR LOG: /home/heath/coral/lib/editor/editors.rb:174:in `call_fun'
ERROR LOG: /home/heath/coral/lib/commands.rb:232:in `execute_command'
ERROR LOG: /home/heath/coral/lib/commands/edit.rb:23:in `cmd_edit'
ERROR LOG: /home/heath/coral/lib/commands.rb:278:in `execute_command'
ERROR LOG: /home/heath/coral/core/socketengine.rb:174:in `block in handle_cmd_input'
ERROR LOG: /home/heath/coral/core/socketengine.rb:173:in `times'
ERROR LOG: /home/heath/coral/core/socketengine.rb:173:in `handle_cmd_input'
ERROR LOG: /home/heath/coral/core/socketengine.rb:135:in `receive_data'
ERROR LOG: /usr/local/lib/ruby/gems/1.9.1/gems/eventmachine-0.12.8/lib/eventmachine.rb:242:in `run_machine'
ERROR LOG: /usr/local/lib/ruby/gems/1.9.1/gems/eventmachine-0.12.8/lib/eventmachine.rb:242:in `run'
ERROR LOG: coral.rb:171:in `<main>'
ERROR LOG: unexpected return
ERROR LOG: /home/heath/coral/lib/editor/editor.items.rb:42:in `block in <class:Item>'
ERROR LOG: /home/heath/coral/lib/editor/editors.rb:168:in `call'
ERROR LOG: /home/heath/coral/lib/editor/editors.rb:168:in `call_display'
ERROR LOG: /home/heath/coral/lib/editor/editors.rb:103:in `block in display_values'
ERROR LOG: /home/heath/coral/lib/editor/editors.rb:103:in `collect'
ERROR LOG: /home/heath/coral/lib/editor/editors.rb:103:in `display_values'
ERROR LOG: /home/heath/coral/lib/editor/editors.rb:72:in `block in initialize'
ERROR LOG: /home/heath/coral/lib/editor/editors.rb:174:in `call'
ERROR LOG: /home/heath/coral/lib/editor/editors.rb:174:in `call_fun'
ERROR LOG: /home/heath/coral/lib/commands.rb:232:in `execute_command'
ERROR LOG: /home/heath/coral/core/socketengine.rb:174:in `block in handle_cmd_input'
ERROR LOG: /home/heath/coral/core/socketengine.rb:173:in `times'
ERROR LOG: /home/heath/coral/core/socketengine.rb:173:in `handle_cmd_input'
ERROR LOG: /home/heath/coral/core/socketengine.rb:135:in `receive_data'
ERROR LOG: /usr/local/lib/ruby/gems/1.9.1/gems/eventmachine-0.12.8/lib/eventmachine.rb:242:in `run_machine'
ERROR LOG: /usr/local/lib/ruby/gems/1.9.1/gems/eventmachine-0.12.8/lib/eventmachine.rb:242:in `run'
ERROR LOG: coral.rb:171:in `<main>'
 INFO LOG: May_10_06:22: -- #<Player:0x000000025efc98>:76.202.141.206:49417 disconnected from CoralMUD!
 INFO LOG: May_10_06:22: Logging enabled.   Loading logs.rb.
 INFO LOG: May_10_06:22: Loading facade.rb
 INFO LOG: May_10_06:22: Loading query_list.rb
 INFO LOG: May_10_06:22: Loading utils.rb
 INFO LOG: May_10_06:22: Loading constants.rb
 INFO LOG: May_10_06:22: Loading damage.rb
 INFO LOG: May_10_06:22: Loading class_property.rb
 INFO LOG: May_10_06:22: Loading scripts.rb
 INFO LOG: May_10_06:22: Loading tags.rb
 INFO LOG: May_10_06:22: Loading editor/editors.rb
 INFO LOG: May_10_06:22: Loading editor/editor.strings.rb
 INFO LOG: May_10_06:22: Loading editor/editor.rooms.rb
 INFO LOG: May_10_06:22: Loading editor/editor.exits.rb
 INFO LOG: May_10_06:22: Loading editor/editor.zones.rb
 INFO LOG: May_10_06:22: Loading editor/editor.npc.rb
 INFO LOG: May_10_06:22: Loading editor/editor.items.rb
 INFO LOG: May_10_06:22: Loading mxp.rb
 INFO LOG: May_10_06:22: Loading mccp.rb
 INFO LOG: May_10_06:22: Loading flags.rb
 INFO LOG: May_10_06:22: Loading areas.rb
 INFO LOG: May_10_06:22: Loading event.rb
 INFO LOG: May_10_06:22: Loading automap/automap.rb
 INFO LOG: May_10_06:22: Loading cities.olc.rb
 INFO LOG: May_10_06:22: Loading cities.rb
 INFO LOG: May_10_06:22: Loading sector definitions.
 INFO LOG: May_10_06:22: Loading help.rb
 INFO LOG: May_10_06:22: Loading imcruby.rb
 INFO LOG: May_10_06:22: Loading player.rb
 INFO LOG: May_10_06:22: Loading commands.rb
 INFO LOG: May_10_06:22: Loading random.rb
 INFO LOG: May_10_06:22: Loading npc.rb
 INFO LOG: May_10_06:22: Loading items/types.rb
 INFO LOG: May_10_06:22: Loading items/items.rb
 INFO LOG: May_10_06:22: Loading spells.rb
 INFO LOG: May_10_06:22: Loading all zones.
 INFO LOG: May_10_06:22: Starting server.
 INFO LOG: May_10_06:22: CoralMUD is now up on port 4000.
 INFO LOG: May_10_06:22: -- 76.202.141.206:59527 connected to CoralMUD!
 INFO LOG: May_10_06:22: -- 76.202.141.206:59527: () Invalid name in character creation.
 INFO LOG: May_10_06:22: -- 76.202.141.206:59527: () Invalid name in character creation.
 INFO LOG: May_10_06:22: -- 76.202.141.206:59527: Retnur is trying to connect.
 INFO LOG: May_10_06:22: -- 76.202.141.206:59527: Retnur player file found.
 INFO LOG: May_10_06:22: -- Retnur has entered the game.
ERROR LOG: unexpected return
ERROR LOG: /home/heath/coral/lib/editor/editor.items.rb:28:in `block in <class:Item>'
ERROR LOG: /home/heath/coral/lib/editor/editors.rb:174:in `call'
ERROR LOG: /home/heath/coral/lib/editor/editors.rb:174:in `call_fun'
ERROR LOG: /home/heath/coral/lib/commands.rb:232:in `execute_command'
ERROR LOG: /home/heath/coral/core/socketengine.rb:174:in `block in handle_cmd_input'
ERROR LOG: /home/heath/coral/core/socketengine.rb:173:in `times'
ERROR LOG: /home/heath/coral/core/socketengine.rb:173:in `handle_cmd_input'
ERROR LOG: /home/heath/coral/core/socketengine.rb:135:in `receive_data'
ERROR LOG: /usr/local/lib/ruby/gems/1.9.1/gems/eventmachine-0.12.8/lib/eventmachine.rb:242:in `run_machine'
ERROR LOG: /usr/local/lib/ruby/gems/1.9.1/gems/eventmachine-0.12.8/lib/eventmachine.rb:242:in `run'
ERROR LOG: coral.rb:171:in `<main>'
 INFO LOG: May_10_06:23: -- #<Player:0x00000000d4c100>:76.202.141.206:59527 disconnected from CoralMUD!
 INFO LOG: May_10_06:23: Program closed.
