 INFO LOG: May__1_22:11: Logging enabled.   Loading logs.rb.
 INFO LOG: May__1_22:11: Loading facade.rb
 INFO LOG: May__1_22:11: Loading utils.rb
 INFO LOG: May__1_22:11: Loading word_processing.rb
 INFO LOG: May__1_22:11: Loading constants.rb
 INFO LOG: May__1_22:11: Loading class_property.rb
 INFO LOG: May__1_22:11: Loading scripts.rb
 INFO LOG: May__1_22:11: Loading tags.rb
 INFO LOG: May__1_22:11: Loading editor/editors.rb
 INFO LOG: May__1_22:11: Loading editor/editor.strings.rb
 INFO LOG: May__1_22:11: Loading editor/editor.rooms.rb
 INFO LOG: May__1_22:11: Loading editor/editor.exits.rb
 INFO LOG: May__1_22:11: Loading editor/editor.zones.rb
 INFO LOG: May__1_22:11: Loading editor/editor.npc.rb
 INFO LOG: May__1_22:11: Loading editor/editor.items.rb
 INFO LOG: May__1_22:11: Loading mxp.rb
 INFO LOG: May__1_22:11: Loading mccp.rb
 INFO LOG: May__1_22:11: Loading flags.rb
 INFO LOG: May__1_22:11: Loading damage.rb
 INFO LOG: May__1_22:11: Loading areas.rb
 INFO LOG: May__1_22:11: Loading event.rb
 INFO LOG: May__1_22:11: Loading automap/automap.rb
 INFO LOG: May__1_22:11: Loading cities.olc.rb
 INFO LOG: May__1_22:11: Loading cities.rb
 INFO LOG: May__1_22:11: Loading sector definitions.
 INFO LOG: May__1_22:11: Loading help.rb
 INFO LOG: May__1_22:11: Loading imcruby.rb
 INFO LOG: May__1_22:11: Loading player.rb
 INFO LOG: May__1_22:11: Loading commands.rb
 INFO LOG: May__1_22:11: Loading random.rb
 INFO LOG: May__1_22:11: Loading npc.rb
 INFO LOG: May__1_22:11: Loading items.rb
 INFO LOG: May__1_22:11: Loading spells.rb
 INFO LOG: May__1_22:11: Loading all zones.
 INFO LOG: May__1_22:11: Starting server.
 INFO LOG: May__1_22:11: CoralMUD is now up on port 4000.
 INFO LOG: May__1_22:11: -- 127.0.0.1:58059 connected to CoralMUD!
 INFO LOG: May__1_22:12: -- 127.0.0.1:58059: Retnur is trying to connect.
 INFO LOG: May__1_22:12: -- 127.0.0.1:58059: Retnur player file found.
 INFO LOG: May__1_22:12: -- Retnur has entered the game.
 INFO LOG: May__1_22:13: tick!!!
 INFO LOG: May__1_22:15: tick!!!
 INFO LOG: May__1_22:17: tick!!!
 INFO LOG: May__1_22:19: tick!!!
 INFO LOG: May__1_22:21: tick!!!
 INFO LOG: May__1_22:23: tick!!!
 INFO LOG: May__1_22:25: tick!!!
 INFO LOG: May__1_22:27: tick!!!
 INFO LOG: May__1_22:29: tick!!!
 INFO LOG: May__1_22:31: tick!!!
 INFO LOG: May__1_22:31: -- #<Player:0x00000001a3edb8>:127.0.0.1:58059 disconnected from CoralMUD!
 INFO LOG: May__1_22:31: Program closed.
 INFO LOG: May__1_22:34: Logging enabled.   Loading logs.rb.
 INFO LOG: May__1_22:34: Loading facade.rb
 INFO LOG: May__1_22:34: Loading query_list.rb
 INFO LOG: May__1_22:34: Loading utils.rb
 INFO LOG: May__1_22:34: Loading word_processing.rb
 INFO LOG: May__1_22:34: Loading constants.rb
 INFO LOG: May__1_22:34: Loading class_property.rb
 INFO LOG: May__1_22:34: Loading scripts.rb
 INFO LOG: May__1_22:34: Loading tags.rb
 INFO LOG: May__1_22:34: Loading editor/editors.rb
 INFO LOG: May__1_22:34: Loading editor/editor.strings.rb
 INFO LOG: May__1_22:34: Loading editor/editor.rooms.rb
 INFO LOG: May__1_22:34: Loading editor/editor.exits.rb
 INFO LOG: May__1_22:34: Loading editor/editor.zones.rb
 INFO LOG: May__1_22:34: Loading editor/editor.npc.rb
 INFO LOG: May__1_22:34: Loading editor/editor.items.rb
 INFO LOG: May__1_22:34: Loading mxp.rb
 INFO LOG: May__1_22:34: Loading mccp.rb
 INFO LOG: May__1_22:34: Loading flags.rb
 INFO LOG: May__1_22:34: Loading damage.rb
 INFO LOG: May__1_22:34: Loading areas.rb
 INFO LOG: May__1_22:34: Loading event.rb
 INFO LOG: May__1_22:34: Loading automap/automap.rb
 INFO LOG: May__1_22:34: Loading cities.olc.rb
 INFO LOG: May__1_22:34: Loading cities.rb
 INFO LOG: May__1_22:34: Loading sector definitions.
 INFO LOG: May__1_22:34: Loading help.rb
 INFO LOG: May__1_22:34: Loading imcruby.rb
 INFO LOG: May__1_22:34: Loading player.rb
 INFO LOG: May__1_22:34: Loading commands.rb
 INFO LOG: May__1_22:34: Loading random.rb
 INFO LOG: May__1_22:34: Loading npc.rb
 INFO LOG: May__1_22:34: Loading items.rb
 INFO LOG: May__1_22:34: Loading spells.rb
 INFO LOG: May__1_22:34: Loading all zones.
 INFO LOG: May__1_22:34: Starting server.
 INFO LOG: May__1_22:34: CoralMUD is now up on port 4000.
 INFO LOG: May__1_22:34: -- 127.0.0.1:53722 connected to CoralMUD!
 INFO LOG: May__1_22:34: -- 127.0.0.1:53722: Retnur is trying to connect.
 INFO LOG: May__1_22:34: -- 127.0.0.1:53722: Retnur player file found.
 INFO LOG: May__1_22:34: -- Retnur has entered the game.
 INFO LOG: May__1_22:35: -- #<Player:0x00000001be6b98>:127.0.0.1:53722 disconnected from CoralMUD!
 INFO LOG: May__1_22:36: Logging enabled.   Loading logs.rb.
 INFO LOG: May__1_22:36: Loading facade.rb
 INFO LOG: May__1_22:36: Loading query_list.rb
 INFO LOG: May__1_22:36: Loading utils.rb
 INFO LOG: May__1_22:36: Loading word_processing.rb
 INFO LOG: May__1_22:36: Loading constants.rb
 INFO LOG: May__1_22:36: Loading class_property.rb
 INFO LOG: May__1_22:36: Loading scripts.rb
 INFO LOG: May__1_22:36: Loading tags.rb
 INFO LOG: May__1_22:36: Loading editor/editors.rb
 INFO LOG: May__1_22:36: Loading editor/editor.strings.rb
 INFO LOG: May__1_22:36: Loading editor/editor.rooms.rb
 INFO LOG: May__1_22:36: Loading editor/editor.exits.rb
 INFO LOG: May__1_22:36: Loading editor/editor.zones.rb
 INFO LOG: May__1_22:36: Loading editor/editor.npc.rb
 INFO LOG: May__1_22:36: Loading editor/editor.items.rb
 INFO LOG: May__1_22:36: Loading mxp.rb
 INFO LOG: May__1_22:36: Loading mccp.rb
 INFO LOG: May__1_22:36: Loading flags.rb
 INFO LOG: May__1_22:36: Loading damage.rb
 INFO LOG: May__1_22:36: Loading areas.rb
 INFO LOG: May__1_22:36: Loading event.rb
 INFO LOG: May__1_22:36: Loading automap/automap.rb
 INFO LOG: May__1_22:36: Loading cities.olc.rb
 INFO LOG: May__1_22:36: Loading cities.rb
 INFO LOG: May__1_22:36: Loading sector definitions.
 INFO LOG: May__1_22:36: Loading help.rb
 INFO LOG: May__1_22:36: Loading imcruby.rb
 INFO LOG: May__1_22:36: Loading player.rb
 INFO LOG: May__1_22:36: Loading commands.rb
 INFO LOG: May__1_22:36: Loading random.rb
 INFO LOG: May__1_22:36: Loading npc.rb
 INFO LOG: May__1_22:36: Loading items.rb
 INFO LOG: May__1_22:36: Loading spells.rb
 INFO LOG: May__1_22:36: Loading all zones.
 INFO LOG: May__1_22:36: Starting server.
 INFO LOG: May__1_22:36: CoralMUD is now up on port 4000.
 INFO LOG: May__1_22:36: -- 127.0.0.1:53291 connected to CoralMUD!
 INFO LOG: May__1_22:36: -- 127.0.0.1:53291: Retnur is trying to connect.
 INFO LOG: May__1_22:36: -- 127.0.0.1:53291: Retnur player file found.
 INFO LOG: May__1_22:36: -- Retnur has entered the game.
ERROR LOG: undefined method `id' for #<Array:0x0000000228c3f8>
ERROR LOG: /home/heath/coral/lib/commands/inventory.rb:7:in `block in cmd_inventory'
ERROR LOG: /home/heath/coral/lib/class_property.rb:118:in `block in each_stuff'
ERROR LOG: /home/heath/coral/lib/class_property.rb:118:in `each'
ERROR LOG: /home/heath/coral/lib/class_property.rb:118:in `each_stuff'
ERROR LOG: /home/heath/coral/lib/commands/inventory.rb:6:in `cmd_inventory'
ERROR LOG: /home/heath/coral/lib/commands.rb:230:in `execute_command'
ERROR LOG: /home/heath/coral/core/socketengine.rb:161:in `handle_cmd_input'
ERROR LOG: /home/heath/coral/core/socketengine.rb:135:in `receive_data'
ERROR LOG: /usr/local/lib/ruby/gems/1.9.1/gems/eventmachine-0.12.8/lib/eventmachine.rb:242:in `run_machine'
ERROR LOG: /usr/local/lib/ruby/gems/1.9.1/gems/eventmachine-0.12.8/lib/eventmachine.rb:242:in `run'
ERROR LOG: coral.rb:169:in `<main>'
 INFO LOG: May__1_22:37: -- #<Player:0x0000000191f298>:127.0.0.1:53291 disconnected from CoralMUD!
 INFO LOG: May__1_22:37: Program closed.
 INFO LOG: May__1_22:39: Logging enabled.   Loading logs.rb.
 INFO LOG: May__1_22:39: Loading facade.rb
 INFO LOG: May__1_22:39: Loading query_list.rb
 INFO LOG: May__1_22:39: Loading utils.rb
 INFO LOG: May__1_22:39: Loading word_processing.rb
 INFO LOG: May__1_22:39: Loading constants.rb
 INFO LOG: May__1_22:39: Loading class_property.rb
 INFO LOG: May__1_22:39: Loading scripts.rb
 INFO LOG: May__1_22:39: Loading tags.rb
 INFO LOG: May__1_22:39: Loading editor/editors.rb
 INFO LOG: May__1_22:39: Loading editor/editor.strings.rb
 INFO LOG: May__1_22:39: Loading editor/editor.rooms.rb
 INFO LOG: May__1_22:39: Loading editor/editor.exits.rb
 INFO LOG: May__1_22:39: Loading editor/editor.zones.rb
 INFO LOG: May__1_22:39: Loading editor/editor.npc.rb
 INFO LOG: May__1_22:39: Loading editor/editor.items.rb
 INFO LOG: May__1_22:39: Loading mxp.rb
 INFO LOG: May__1_22:39: Loading mccp.rb
 INFO LOG: May__1_22:39: Loading flags.rb
 INFO LOG: May__1_22:39: Loading damage.rb
 INFO LOG: May__1_22:39: Loading areas.rb
 INFO LOG: May__1_22:39: Loading event.rb
 INFO LOG: May__1_22:39: Loading automap/automap.rb
 INFO LOG: May__1_22:39: Loading cities.olc.rb
 INFO LOG: May__1_22:39: Loading cities.rb
 INFO LOG: May__1_22:39: Loading sector definitions.
 INFO LOG: May__1_22:39: Loading help.rb
 INFO LOG: May__1_22:39: Loading imcruby.rb
 INFO LOG: May__1_22:39: Loading player.rb
 INFO LOG: May__1_22:39: Loading commands.rb
 INFO LOG: May__1_22:39: Loading random.rb
 INFO LOG: May__1_22:39: Loading npc.rb
 INFO LOG: May__1_22:39: Loading items.rb
 INFO LOG: May__1_22:39: Loading spells.rb
 INFO LOG: May__1_22:39: Loading all zones.
 INFO LOG: May__1_22:39: Starting server.
 INFO LOG: May__1_22:39: CoralMUD is now up on port 4000.
 INFO LOG: May__1_22:39: -- 127.0.0.1:50010 connected to CoralMUD!
 INFO LOG: May__1_22:39: -- 127.0.0.1:50010: Retnur is trying to connect.
 INFO LOG: May__1_22:39: -- 127.0.0.1:50010: Retnur player file found.
 INFO LOG: May__1_22:39: -- Retnur has entered the game.
 INFO LOG: May__1_22:39: -- #<Player:0x00000001baa260>:127.0.0.1:50010 disconnected from CoralMUD!
 INFO LOG: May__1_22:39: Program closed.
 INFO LOG: May__1_22:43: Logging enabled.   Loading logs.rb.
 INFO LOG: May__1_22:43: Loading facade.rb
 INFO LOG: May__1_22:43: Loading query_list.rb
 INFO LOG: May__1_22:43: Loading utils.rb
 INFO LOG: May__1_22:43: Loading word_processing.rb
 INFO LOG: May__1_22:43: Loading constants.rb
 INFO LOG: May__1_22:43: Loading class_property.rb
 INFO LOG: May__1_22:43: Loading scripts.rb
 INFO LOG: May__1_22:43: Loading tags.rb
 INFO LOG: May__1_22:43: Loading editor/editors.rb
 INFO LOG: May__1_22:43: Loading editor/editor.strings.rb
 INFO LOG: May__1_22:43: Loading editor/editor.rooms.rb
 INFO LOG: May__1_22:43: Loading editor/editor.exits.rb
 INFO LOG: May__1_22:43: Loading editor/editor.zones.rb
 INFO LOG: May__1_22:43: Loading editor/editor.npc.rb
 INFO LOG: May__1_22:43: Loading editor/editor.items.rb
 INFO LOG: May__1_22:43: Loading mxp.rb
 INFO LOG: May__1_22:43: Loading mccp.rb
 INFO LOG: May__1_22:43: Loading flags.rb
 INFO LOG: May__1_22:43: Loading damage.rb
 INFO LOG: May__1_22:43: Loading areas.rb
 INFO LOG: May__1_22:43: Loading event.rb
 INFO LOG: May__1_22:43: Loading automap/automap.rb
 INFO LOG: May__1_22:43: Loading cities.olc.rb
 INFO LOG: May__1_22:43: Loading cities.rb
 INFO LOG: May__1_22:43: Loading sector definitions.
 INFO LOG: May__1_22:43: Loading help.rb
 INFO LOG: May__1_22:43: Loading imcruby.rb
 INFO LOG: May__1_22:43: Loading player.rb
 INFO LOG: May__1_22:43: Loading commands.rb
 INFO LOG: May__1_22:43: Loading random.rb
 INFO LOG: May__1_22:43: Loading npc.rb
 INFO LOG: May__1_22:43: Loading items.rb
 INFO LOG: May__1_22:43: Loading spells.rb
 INFO LOG: May__1_22:43: Loading all zones.
 INFO LOG: May__1_22:43: Starting server.
 INFO LOG: May__1_22:43: CoralMUD is now up on port 4000.
 INFO LOG: May__1_22:44: -- 127.0.0.1:46992 connected to CoralMUD!
 INFO LOG: May__1_22:44: -- 127.0.0.1:46992: () Invalid name in character creation.
 INFO LOG: May__1_22:44: -- 127.0.0.1:46992: Retnur is trying to connect.
 INFO LOG: May__1_22:44: -- 127.0.0.1:46992: Retnur player file found.
 INFO LOG: May__1_22:44: -- Retnur has entered the game.
 INFO LOG: May__1_22:45: tick!!!
 INFO LOG: May__1_22:46: -- #<Player:0x00000001674368>:127.0.0.1:46992 disconnected from CoralMUD!
 INFO LOG: May__1_22:46: Program closed.
 INFO LOG: May__1_22:46: Logging enabled.   Loading logs.rb.
 INFO LOG: May__1_22:46: Loading facade.rb
 INFO LOG: May__1_22:46: Loading query_list.rb
 INFO LOG: May__1_22:46: Loading utils.rb
 INFO LOG: May__1_22:46: Loading word_processing.rb
 INFO LOG: May__1_22:46: Loading constants.rb
 INFO LOG: May__1_22:46: Loading class_property.rb
 INFO LOG: May__1_22:46: Loading scripts.rb
 INFO LOG: May__1_22:46: Loading tags.rb
 INFO LOG: May__1_22:46: Loading editor/editors.rb
 INFO LOG: May__1_22:46: Loading editor/editor.strings.rb
 INFO LOG: May__1_22:46: Loading editor/editor.rooms.rb
 INFO LOG: May__1_22:46: Loading editor/editor.exits.rb
 INFO LOG: May__1_22:46: Loading editor/editor.zones.rb
 INFO LOG: May__1_22:46: Loading editor/editor.npc.rb
 INFO LOG: May__1_22:46: Loading editor/editor.items.rb
 INFO LOG: May__1_22:46: Loading mxp.rb
 INFO LOG: May__1_22:46: Loading mccp.rb
 INFO LOG: May__1_22:46: Loading flags.rb
 INFO LOG: May__1_22:46: Loading damage.rb
 INFO LOG: May__1_22:46: Loading areas.rb
 INFO LOG: May__1_22:46: Loading event.rb
 INFO LOG: May__1_22:46: Loading automap/automap.rb
 INFO LOG: May__1_22:46: Loading cities.olc.rb
 INFO LOG: May__1_22:46: Loading cities.rb
 INFO LOG: May__1_22:46: Loading sector definitions.
 INFO LOG: May__1_22:46: Loading help.rb
 INFO LOG: May__1_22:46: Loading imcruby.rb
 INFO LOG: May__1_22:46: Loading player.rb
 INFO LOG: May__1_22:46: Loading commands.rb
 INFO LOG: May__1_22:46: Loading random.rb
 INFO LOG: May__1_22:46: Loading npc.rb
 INFO LOG: May__1_22:46: Loading items.rb
 INFO LOG: May__1_22:46: Loading spells.rb
 INFO LOG: May__1_22:46: Loading all zones.
 INFO LOG: May__1_22:46: Starting server.
 INFO LOG: May__1_22:46: CoralMUD is now up on port 4000.
 INFO LOG: May__1_22:46: -- 127.0.0.1:44167 connected to CoralMUD!
 INFO LOG: May__1_22:46: -- 127.0.0.1:44167: Retnur is trying to connect.
 INFO LOG: May__1_22:46: -- 127.0.0.1:44167: Retnur player file found.
 INFO LOG: May__1_22:46: -- Retnur has entered the game.
 INFO LOG: May__1_22:48: tick!!!
 INFO LOG: May__1_22:50: tick!!!
 INFO LOG: May__1_22:52: tick!!!
 INFO LOG: May__1_22:54: tick!!!
 INFO LOG: May__1_22:54: -- #<Player:0x000000018a10a0>:127.0.0.1:44167 disconnected from CoralMUD!
 INFO LOG: May__1_22:54: Logging enabled.   Loading logs.rb.
 INFO LOG: May__1_22:54: Loading facade.rb
 INFO LOG: May__1_22:54: Loading query_list.rb
 INFO LOG: May__1_22:54: Loading utils.rb
 INFO LOG: May__1_22:54: Loading word_processing.rb
 INFO LOG: May__1_22:54: Loading constants.rb
 INFO LOG: May__1_22:54: Loading class_property.rb
 INFO LOG: May__1_22:54: Loading scripts.rb
 INFO LOG: May__1_22:54: Loading tags.rb
 INFO LOG: May__1_22:54: Loading editor/editors.rb
 INFO LOG: May__1_22:54: Loading editor/editor.strings.rb
 INFO LOG: May__1_22:54: Loading editor/editor.rooms.rb
 INFO LOG: May__1_22:54: Loading editor/editor.exits.rb
 INFO LOG: May__1_22:54: Loading editor/editor.zones.rb
 INFO LOG: May__1_22:54: Loading editor/editor.npc.rb
 INFO LOG: May__1_22:54: Loading editor/editor.items.rb
 INFO LOG: May__1_22:54: Loading mxp.rb
 INFO LOG: May__1_22:54: Loading mccp.rb
 INFO LOG: May__1_22:54: Loading flags.rb
 INFO LOG: May__1_22:54: Loading damage.rb
 INFO LOG: May__1_22:54: Loading areas.rb
 INFO LOG: May__1_22:54: Loading event.rb
 INFO LOG: May__1_22:54: Loading automap/automap.rb
 INFO LOG: May__1_22:54: Loading cities.olc.rb
 INFO LOG: May__1_22:54: Loading cities.rb
 INFO LOG: May__1_22:54: Loading sector definitions.
 INFO LOG: May__1_22:54: Loading help.rb
 INFO LOG: May__1_22:54: Loading imcruby.rb
 INFO LOG: May__1_22:54: Loading player.rb
 INFO LOG: May__1_22:54: Loading commands.rb
 INFO LOG: May__1_22:54: Loading random.rb
 INFO LOG: May__1_22:54: Loading npc.rb
 INFO LOG: May__1_22:54: Loading items.rb
 INFO LOG: May__1_22:54: Loading spells.rb
 INFO LOG: May__1_22:54: Loading all zones.
 INFO LOG: May__1_22:54: Starting server.
 INFO LOG: May__1_22:54: CoralMUD is now up on port 4000.
 INFO LOG: May__1_22:54: -- 127.0.0.1:54741 connected to CoralMUD!
 INFO LOG: May__1_22:54: -- 127.0.0.1:54741: Retnur is trying to connect.
 INFO LOG: May__1_22:54: -- 127.0.0.1:54741: Retnur player file found.
 INFO LOG: May__1_22:54: -- Retnur has entered the game.
 INFO LOG: May__1_22:56: tick!!!
 INFO LOG: May__1_22:58: tick!!!
 INFO LOG: May__1_23:00: tick!!!
 INFO LOG: May__1_23:01: -- #<Player:0x000000024ebb08>:127.0.0.1:54741 disconnected from CoralMUD!
 INFO LOG: May__1_23:02: tick!!!
 INFO LOG: May__1_23:04: -- 76.202.141.206:57796 connected to CoralMUD!
 INFO LOG: May__1_23:04: tick!!!
 INFO LOG: May__1_23:05: -- 76.202.141.206:57796: Retnur is trying to connect.
 INFO LOG: May__1_23:05: -- 76.202.141.206:57796: Retnur player file found.
 INFO LOG: May__1_23:05: -- 76.202.141.206:57796: #<Player:0x000000024ebb08> has reconnected.
 INFO LOG: May__1_23:05: -- Retnur has entered the game.
 INFO LOG: May__1_23:05: -- 76.174.153.192:59843 connected to CoralMUD!
 INFO LOG: May__1_23:05: -- 76.174.153.192:59843: Twisol is trying to connect.
 INFO LOG: May__1_23:05: -- 76.174.153.192:59843: Twisol player file found.
 INFO LOG: May__1_23:05: -- Twisol has entered the game.
 INFO LOG: May__1_23:06: tick!!!
 INFO LOG: May__1_23:08: tick!!!
 INFO LOG: May__1_23:10: tick!!!
 INFO LOG: May__1_23:12: tick!!!
 INFO LOG: May__1_23:14: tick!!!
 INFO LOG: May__1_23:16: tick!!!
 INFO LOG: May__1_23:18: tick!!!
 INFO LOG: May__1_23:19: Loading commands.rb
 INFO LOG: May__1_23:20: tick!!!
 INFO LOG: May__1_23:22: tick!!!
 INFO LOG: May__1_23:24: tick!!!
 INFO LOG: May__1_23:26: tick!!!
 INFO LOG: May__1_23:28: tick!!!
 INFO LOG: May__1_23:30: tick!!!
 INFO LOG: May__1_23:32: tick!!!
 INFO LOG: May__1_23:34: tick!!!
 INFO LOG: May__1_23:36: tick!!!
 INFO LOG: May__1_23:38: tick!!!
 INFO LOG: May__1_23:40: tick!!!
 INFO LOG: May__1_23:42: tick!!!
 INFO LOG: May__1_23:44: tick!!!
 INFO LOG: May__1_23:46: tick!!!
 INFO LOG: May__1_23:48: tick!!!
 INFO LOG: May__1_23:49: Loading cities.rb
 INFO LOG: May__1_23:49: Loading sector definitions.
 INFO LOG: May__1_23:50: tick!!!
 INFO LOG: May__1_23:52: tick!!!
 INFO LOG: May__1_23:53: -- #<Player:0x000000024ebb08>:76.202.141.206:57796 disconnected from CoralMUD!
 INFO LOG: May__1_23:53: -- #<Player:0x00000002387280>:76.174.153.192:59843 disconnected from CoralMUD!
 INFO LOG: May__1_23:53: Program closed.
 INFO LOG: May__1_23:53: Logging enabled.   Loading logs.rb.
 INFO LOG: May__1_23:53: Loading facade.rb
 INFO LOG: May__1_23:53: Loading query_list.rb
 INFO LOG: May__1_23:53: Loading utils.rb
 INFO LOG: May__1_23:53: Loading constants.rb
 INFO LOG: May__1_23:53: Loading class_property.rb
 INFO LOG: May__1_23:53: Loading scripts.rb
 INFO LOG: May__1_23:53: Loading tags.rb
 INFO LOG: May__1_23:53: Loading editor/editors.rb
 INFO LOG: May__1_23:53: Loading editor/editor.strings.rb
 INFO LOG: May__1_23:53: Loading editor/editor.rooms.rb
 INFO LOG: May__1_23:53: Loading editor/editor.exits.rb
 INFO LOG: May__1_23:53: Loading editor/editor.zones.rb
 INFO LOG: May__1_23:53: Loading editor/editor.npc.rb
 INFO LOG: May__1_23:53: Loading editor/editor.items.rb
 INFO LOG: May__1_23:53: Loading mxp.rb
 INFO LOG: May__1_23:53: Loading mccp.rb
 INFO LOG: May__1_23:53: Loading flags.rb
 INFO LOG: May__1_23:53: Loading damage.rb
 INFO LOG: May__1_23:53: Loading areas.rb
 INFO LOG: May__1_23:53: Loading event.rb
 INFO LOG: May__1_23:53: Loading automap/automap.rb
 INFO LOG: May__1_23:53: Loading cities.olc.rb
 INFO LOG: May__1_23:53: Loading cities.rb
 INFO LOG: May__1_23:53: Loading sector definitions.
 INFO LOG: May__1_23:53: Loading help.rb
 INFO LOG: May__1_23:53: Loading imcruby.rb
 INFO LOG: May__1_23:53: Loading player.rb
 INFO LOG: May__1_23:53: Loading commands.rb
 INFO LOG: May__1_23:53: Loading random.rb
 INFO LOG: May__1_23:53: Loading npc.rb
 INFO LOG: May__1_23:53: Loading items.rb
 INFO LOG: May__1_23:53: Loading spells.rb
 INFO LOG: May__1_23:53: Loading all zones.
 INFO LOG: May__1_23:53: Starting server.
 INFO LOG: May__1_23:54: CoralMUD is now up on port 4000.
 INFO LOG: May__1_23:54: -- 76.202.141.206:46850 connected to CoralMUD!
 INFO LOG: May__1_23:54: -- 76.202.141.206:46850: Retnur is trying to connect.
 INFO LOG: May__1_23:54: -- 76.202.141.206:46850: Retnur player file found.
 INFO LOG: May__1_23:54: -- Retnur has entered the game.
 INFO LOG: May__1_23:54: -- 127.0.0.1:36792 connected to CoralMUD!
 INFO LOG: May__1_23:54: -- 127.0.0.1:36792: Rtest is trying to connect.
 INFO LOG: May__1_23:54: -- 127.0.0.1:36792: Rtest player file found.
 INFO LOG: May__1_23:54: -- Rtest has entered the game.
ERROR LOG: undefined method `view' for nil:NilClass
ERROR LOG: /home/heath/coral/lib/cities.rb:433:in `block in display'
ERROR LOG: /home/heath/coral/lib/cities.rb:433:in `each'
ERROR LOG: /home/heath/coral/lib/cities.rb:433:in `display'
ERROR LOG: /home/heath/coral/lib/commands/get.rb:5:in `cmd_get'
ERROR LOG: /home/heath/coral/lib/commands.rb:230:in `execute_command'
ERROR LOG: /home/heath/coral/core/socketengine.rb:161:in `handle_cmd_input'
ERROR LOG: /home/heath/coral/core/socketengine.rb:135:in `receive_data'
ERROR LOG: /usr/local/lib/ruby/gems/1.9.1/gems/eventmachine-0.12.8/lib/eventmachine.rb:242:in `run_machine'
ERROR LOG: /usr/local/lib/ruby/gems/1.9.1/gems/eventmachine-0.12.8/lib/eventmachine.rb:242:in `run'
ERROR LOG: coral.rb:169:in `<main>'
 INFO LOG: May__1_23:55: tick!!!
 INFO LOG: May__1_23:57: tick!!!
 INFO LOG: May__1_23:57: Loading cities.rb
 INFO LOG: May__1_23:57: -- #<Player:0x00000001f43bb0>:76.202.141.206:46850 disconnected from CoralMUD!
 INFO LOG: May__1_23:57: -- #<Player:0x000000025bd630>:127.0.0.1:36792 disconnected from CoralMUD!
 INFO LOG: May__1_23:59: Logging enabled.   Loading logs.rb.
 INFO LOG: May__1_23:59: Loading facade.rb
 INFO LOG: May__1_23:59: Loading query_list.rb
 INFO LOG: May__1_23:59: Loading utils.rb
 INFO LOG: May__1_23:59: Loading constants.rb
 INFO LOG: May__1_23:59: Loading class_property.rb
 INFO LOG: May__1_23:59: Loading scripts.rb
 INFO LOG: May__1_23:59: Loading tags.rb
 INFO LOG: May__1_23:59: Loading editor/editors.rb
 INFO LOG: May__1_23:59: Loading editor/editor.strings.rb
 INFO LOG: May__1_23:59: Loading editor/editor.rooms.rb
 INFO LOG: May__1_23:59: Loading editor/editor.exits.rb
 INFO LOG: May__1_23:59: Loading editor/editor.zones.rb
 INFO LOG: May__1_23:59: Loading editor/editor.npc.rb
 INFO LOG: May__1_23:59: Loading editor/editor.items.rb
 INFO LOG: May__1_23:59: Loading mxp.rb
 INFO LOG: May__1_23:59: Loading mccp.rb
 INFO LOG: May__1_23:59: Loading flags.rb
 INFO LOG: May__1_23:59: Loading damage.rb
 INFO LOG: May__1_23:59: Loading areas.rb
 INFO LOG: May__1_23:59: Loading event.rb
 INFO LOG: May__1_23:59: Loading automap/automap.rb
 INFO LOG: May__1_23:59: Loading cities.olc.rb
 INFO LOG: May__1_23:59: Loading cities.rb
 INFO LOG: May__1_23:59: Logging enabled.   Loading logs.rb.
 INFO LOG: May__1_23:59: Loading facade.rb
 INFO LOG: May__1_23:59: Loading query_list.rb
 INFO LOG: May__1_23:59: Loading utils.rb
 INFO LOG: May__1_23:59: Loading constants.rb
 INFO LOG: May__1_23:59: Loading class_property.rb
 INFO LOG: May__1_23:59: Loading scripts.rb
 INFO LOG: May__1_23:59: Loading tags.rb
 INFO LOG: May__1_23:59: Loading editor/editors.rb
 INFO LOG: May__1_23:59: Loading editor/editor.strings.rb
 INFO LOG: May__1_23:59: Loading editor/editor.rooms.rb
 INFO LOG: May__1_23:59: Loading editor/editor.exits.rb
 INFO LOG: May__1_23:59: Loading editor/editor.zones.rb
 INFO LOG: May__1_23:59: Loading editor/editor.npc.rb
 INFO LOG: May__1_23:59: Loading editor/editor.items.rb
 INFO LOG: May__1_23:59: Loading mxp.rb
 INFO LOG: May__1_23:59: Loading mccp.rb
 INFO LOG: May__1_23:59: Loading flags.rb
 INFO LOG: May__1_23:59: Loading damage.rb
 INFO LOG: May__1_23:59: Loading areas.rb
 INFO LOG: May__1_23:59: Loading event.rb
 INFO LOG: May__1_23:59: Loading automap/automap.rb
 INFO LOG: May__1_23:59: Loading cities.olc.rb
 INFO LOG: May__1_23:59: Loading cities.rb
 INFO LOG: May__1_23:59: Loading sector definitions.
 INFO LOG: May__1_23:59: Loading help.rb
 INFO LOG: May__1_23:59: Loading imcruby.rb
 INFO LOG: May__1_23:59: Loading player.rb
 INFO LOG: May__1_23:59: Loading commands.rb
 INFO LOG: May__1_23:59: Loading random.rb
 INFO LOG: May__1_23:59: Loading npc.rb
 INFO LOG: May__1_23:59: Loading items.rb
 INFO LOG: May__1_23:59: Loading spells.rb
 INFO LOG: May__1_23:59: Loading all zones.
 INFO LOG: May__1_23:59: Starting server.
 INFO LOG: May__1_23:59: CoralMUD is now up on port 4000.
 INFO LOG: May__1_23:59: -- 76.202.141.206:42948 connected to CoralMUD!
 INFO LOG: May__1_23:59: -- 76.202.141.206:42948: Retnur is trying to connect.
 INFO LOG: May__1_23:59: -- 76.202.141.206:42948: Retnur player file found.
 INFO LOG: May__1_23:59: -- Retnur has entered the game.
ERROR LOG: Insecure: can't modify trusted binding
ERROR LOG: /usr/local/lib/ruby/1.9.1/erb.rb:750:in `eval'
ERROR LOG: /usr/local/lib/ruby/1.9.1/erb.rb:750:in `block in result'
ERROR LOG: /usr/local/lib/ruby/1.9.1/erb.rb:748:in `call'
ERROR LOG: /usr/local/lib/ruby/1.9.1/erb.rb:748:in `result'
ERROR LOG: /home/heath/coral/lib/cities.rb:439:in `block in display'
ERROR LOG: /home/heath/coral/lib/cities.rb:439:in `each'
ERROR LOG: /home/heath/coral/lib/cities.rb:439:in `display'
ERROR LOG: /home/heath/coral/lib/commands/get.rb:5:in `cmd_get'
ERROR LOG: /home/heath/coral/lib/commands.rb:230:in `execute_command'
ERROR LOG: /home/heath/coral/core/socketengine.rb:161:in `handle_cmd_input'
ERROR LOG: /home/heath/coral/core/socketengine.rb:135:in `receive_data'
ERROR LOG: /usr/local/lib/ruby/gems/1.9.1/gems/eventmachine-0.12.8/lib/eventmachine.rb:242:in `run_machine'
ERROR LOG: /usr/local/lib/ruby/gems/1.9.1/gems/eventmachine-0.12.8/lib/eventmachine.rb:242:in `run'
ERROR LOG: coral.rb:169:in `<main>'
 INFO LOG: May__2_00:00: -- #<Player:0x0000000248b910>:76.202.141.206:42948 disconnected from CoralMUD!
 INFO LOG: May__2_00:00: Program closed.
