 INFO LOG: May_13_01:14: Logging enabled.   Loading logs.rb.
 INFO LOG: May_13_01:14: Loading facade.rb
 INFO LOG: May_13_01:14: Loading query_list.rb
 INFO LOG: May_13_01:14: Loading utils.rb
 INFO LOG: May_13_01:14: Loading constants.rb
 INFO LOG: May_13_01:14: Loading damage.rb
 INFO LOG: May_13_01:14: Loading class_property.rb
 INFO LOG: May_13_01:14: Loading scripts.rb
 INFO LOG: May_13_01:14: Loading tags.rb
 INFO LOG: May_13_01:14: Loading editor/editors.rb
 INFO LOG: May_13_01:14: Loading editor/editor.strings.rb
 INFO LOG: May_13_01:14: Loading editor/editor.rooms.rb
 INFO LOG: May_13_01:14: Loading editor/editor.exits.rb
 INFO LOG: May_13_01:14: Loading editor/editor.zones.rb
 INFO LOG: May_13_01:14: Loading editor/editor.npc.rb
 INFO LOG: May_13_01:14: Loading editor/editor.items.rb
 INFO LOG: May_13_01:14: Loading mxp.rb
 INFO LOG: May_13_01:14: Loading mccp.rb
 INFO LOG: May_13_01:14: Loading flags.rb
 INFO LOG: May_13_01:14: Loading areas.rb
 INFO LOG: May_13_01:14: Loading event.rb
 INFO LOG: May_13_01:14: Loading automap/automap.rb
 INFO LOG: May_13_01:14: Loading cities.olc.rb
 INFO LOG: May_13_01:14: Loading cities.rb
 INFO LOG: May_13_01:14: Loading sector definitions.
 INFO LOG: May_13_01:14: Loading help.rb
 INFO LOG: May_13_01:14: Loading imcruby.rb
 INFO LOG: May_13_01:14: Loading player.rb
 INFO LOG: May_13_01:14: Loading commands.rb
 INFO LOG: May_13_01:14: Loading random.rb
 INFO LOG: May_13_01:14: Loading npc.rb
 INFO LOG: May_13_01:14: Loading items/types.rb
 INFO LOG: May_13_01:14: Loading items/items.rb
 INFO LOG: May_13_01:14: Loading spells.rb
 INFO LOG: May_13_01:14: Loading all zones.
 INFO LOG: May_13_01:14: Starting server.
 INFO LOG: May_13_01:14: CoralMUD is now up on port 4000.
 INFO LOG: May_13_01:15: -- 76.202.141.206:41016 connected to CoralMUD!
 INFO LOG: May_13_01:15: -- 76.202.141.206:41016: Retnur is trying to connect.
 INFO LOG: May_13_01:15: -- 76.202.141.206:41016: Retnur player file found.
 INFO LOG: May_13_01:15: -- Retnur has entered the game.
 INFO LOG: May_13_01:16: tick!!!
 INFO LOG: May_13_01:18: tick!!!
 INFO LOG: May_13_01:20: tick!!!
 INFO LOG: May_13_01:22: tick!!!
 INFO LOG: May_13_01:24: tick!!!
 INFO LOG: May_13_01:26: tick!!!
 INFO LOG: May_13_01:28: tick!!!
 INFO LOG: May_13_01:30: tick!!!
 INFO LOG: May_13_01:32: tick!!!
 INFO LOG: May_13_01:34: tick!!!
 INFO LOG: May_13_01:36: tick!!!
 INFO LOG: May_13_01:38: tick!!!
 INFO LOG: May_13_01:40: tick!!!
 INFO LOG: May_13_01:42: tick!!!
 INFO LOG: May_13_01:44: tick!!!
 INFO LOG: May_13_01:46: tick!!!
 INFO LOG: May_13_01:48: tick!!!
 INFO LOG: May_13_01:50: tick!!!
 INFO LOG: May_13_01:52: tick!!!
 INFO LOG: May_13_01:54: tick!!!
 INFO LOG: May_13_01:56: tick!!!
 INFO LOG: May_13_01:58: tick!!!
 INFO LOG: May_13_02:00: tick!!!
 INFO LOG: May_13_02:02: tick!!!
 INFO LOG: May_13_02:04: tick!!!
 INFO LOG: May_13_02:06: tick!!!
 INFO LOG: May_13_02:08: tick!!!
 INFO LOG: May_13_02:10: tick!!!
 INFO LOG: May_13_02:12: tick!!!
 INFO LOG: May_13_02:14: tick!!!
 INFO LOG: May_13_02:16: tick!!!
 INFO LOG: May_13_02:18: tick!!!
 INFO LOG: May_13_02:20: tick!!!
 INFO LOG: May_13_02:22: tick!!!
 INFO LOG: May_13_02:24: tick!!!
 INFO LOG: May_13_02:26: tick!!!
 INFO LOG: May_13_02:28: tick!!!
 INFO LOG: May_13_02:30: tick!!!
 INFO LOG: May_13_02:32: tick!!!
 INFO LOG: May_13_02:34: tick!!!
 INFO LOG: May_13_02:36: tick!!!
 INFO LOG: May_13_02:38: tick!!!
 INFO LOG: May_13_02:40: tick!!!
 INFO LOG: May_13_02:42: tick!!!
 INFO LOG: May_13_02:44: tick!!!
 INFO LOG: May_13_02:46: tick!!!
 INFO LOG: May_13_02:48: tick!!!
 INFO LOG: May_13_02:50: tick!!!
 INFO LOG: May_13_02:53: tick!!!
 INFO LOG: May_13_02:55: tick!!!
 INFO LOG: May_13_02:57: tick!!!
 INFO LOG: May_13_02:59: tick!!!
 INFO LOG: May_13_03:01: tick!!!
 INFO LOG: May_13_03:03: tick!!!
 INFO LOG: May_13_03:05: tick!!!
 INFO LOG: May_13_03:07: tick!!!
 INFO LOG: May_13_03:09: tick!!!
 INFO LOG: May_13_03:11: tick!!!
 INFO LOG: May_13_03:13: tick!!!
 INFO LOG: May_13_03:15: tick!!!
 INFO LOG: May_13_03:15: Loading items/types.rb
 INFO LOG: May_13_03:17: tick!!!
 INFO LOG: May_13_03:19: tick!!!
 INFO LOG: May_13_03:21: tick!!!
 INFO LOG: May_13_03:23: tick!!!
 INFO LOG: May_13_03:25: tick!!!
 INFO LOG: May_13_03:27: tick!!!
 INFO LOG: May_13_03:29: tick!!!
 INFO LOG: May_13_03:31: tick!!!
 INFO LOG: May_13_03:33: tick!!!
 INFO LOG: May_13_03:33: Loading items/types.rb
 INFO LOG: May_13_03:33: -- #<Player:0x000000017e10e8>:76.202.141.206:41016 disconnected from CoralMUD!
 INFO LOG: May_13_03:33: Logging enabled.   Loading logs.rb.
 INFO LOG: May_13_03:33: Loading facade.rb
 INFO LOG: May_13_03:33: Loading query_list.rb
 INFO LOG: May_13_03:33: Loading utils.rb
 INFO LOG: May_13_03:33: Loading constants.rb
 INFO LOG: May_13_03:33: Loading damage.rb
 INFO LOG: May_13_03:33: Loading class_property.rb
 INFO LOG: May_13_03:33: Loading scripts.rb
 INFO LOG: May_13_03:33: Loading tags.rb
 INFO LOG: May_13_03:33: Loading editor/editors.rb
 INFO LOG: May_13_03:33: Loading editor/editor.strings.rb
 INFO LOG: May_13_03:33: Loading editor/editor.rooms.rb
 INFO LOG: May_13_03:33: Loading editor/editor.exits.rb
 INFO LOG: May_13_03:33: Loading editor/editor.zones.rb
 INFO LOG: May_13_03:33: Loading editor/editor.npc.rb
 INFO LOG: May_13_03:33: Loading editor/editor.items.rb
 INFO LOG: May_13_03:33: Loading mxp.rb
 INFO LOG: May_13_03:33: Loading mccp.rb
 INFO LOG: May_13_03:33: Loading flags.rb
 INFO LOG: May_13_03:33: Loading areas.rb
 INFO LOG: May_13_03:33: Loading event.rb
 INFO LOG: May_13_03:33: Loading automap/automap.rb
 INFO LOG: May_13_03:33: Loading cities.olc.rb
 INFO LOG: May_13_03:33: Loading cities.rb
 INFO LOG: May_13_03:33: Loading sector definitions.
 INFO LOG: May_13_03:33: Loading help.rb
 INFO LOG: May_13_03:33: Loading imcruby.rb
 INFO LOG: May_13_03:33: Loading player.rb
 INFO LOG: May_13_03:33: Loading commands.rb
 INFO LOG: May_13_03:33: Loading random.rb
 INFO LOG: May_13_03:33: Loading npc.rb
 INFO LOG: May_13_03:33: Loading items/types.rb
 INFO LOG: May_13_03:33: Loading items/items.rb
 INFO LOG: May_13_03:33: Loading spells.rb
 INFO LOG: May_13_03:33: Loading all zones.
 INFO LOG: May_13_03:33: Starting server.
 INFO LOG: May_13_03:33: CoralMUD is now up on port 4000.
 INFO LOG: May_13_03:33: -- 76.202.141.206:51474 connected to CoralMUD!
 INFO LOG: May_13_03:33: -- 76.202.141.206:51474: Retnur is trying to connect.
 INFO LOG: May_13_03:33: -- 76.202.141.206:51474: Retnur player file found.
 INFO LOG: May_13_03:33: -- Retnur has entered the game.
ERROR LOG: wrong number of arguments (1 for 2)
ERROR LOG: /home/heath/coral/lib/editor/editors.rb:94:in `block in display_values'
ERROR LOG: /home/heath/coral/lib/editor/editors.rb:89:in `collect'
ERROR LOG: /home/heath/coral/lib/editor/editors.rb:89:in `display_values'
ERROR LOG: /home/heath/coral/lib/editor/editors.rb:72:in `block in initialize'
ERROR LOG: /home/heath/coral/lib/editor/editors.rb:174:in `call'
ERROR LOG: /home/heath/coral/lib/editor/editors.rb:174:in `call_fun'
ERROR LOG: /home/heath/coral/lib/commands.rb:232:in `execute_command'
ERROR LOG: /home/heath/coral/lib/commands.rb:233:in `execute_command'
ERROR LOG: /home/heath/coral/core/socketengine.rb:174:in `block in handle_cmd_input'
ERROR LOG: /home/heath/coral/core/socketengine.rb:173:in `times'
ERROR LOG: /home/heath/coral/core/socketengine.rb:173:in `handle_cmd_input'
ERROR LOG: /home/heath/coral/core/socketengine.rb:135:in `receive_data'
ERROR LOG: /usr/local/lib/ruby/gems/1.9.1/gems/eventmachine-0.12.8/lib/eventmachine.rb:242:in `run_machine'
ERROR LOG: /usr/local/lib/ruby/gems/1.9.1/gems/eventmachine-0.12.8/lib/eventmachine.rb:242:in `run'
ERROR LOG: coral.rb:171:in `<main>'
ERROR LOG: wrong number of arguments (1 for 2)
ERROR LOG: /home/heath/coral/lib/editor/editors.rb:94:in `block in display_values'
ERROR LOG: /home/heath/coral/lib/editor/editors.rb:89:in `collect'
ERROR LOG: /home/heath/coral/lib/editor/editors.rb:89:in `display_values'
ERROR LOG: /home/heath/coral/lib/editor/editors.rb:72:in `block in initialize'
ERROR LOG: /home/heath/coral/lib/editor/editors.rb:174:in `call'
ERROR LOG: /home/heath/coral/lib/editor/editors.rb:174:in `call_fun'
ERROR LOG: /home/heath/coral/lib/commands.rb:232:in `execute_command'
ERROR LOG: /home/heath/coral/lib/commands/look.rb:76:in `cmd_look'
ERROR LOG: /home/heath/coral/lib/commands.rb:278:in `execute_command'
ERROR LOG: /home/heath/coral/core/socketengine.rb:174:in `block in handle_cmd_input'
ERROR LOG: /home/heath/coral/core/socketengine.rb:173:in `times'
ERROR LOG: /home/heath/coral/core/socketengine.rb:173:in `handle_cmd_input'
ERROR LOG: /home/heath/coral/core/socketengine.rb:135:in `receive_data'
ERROR LOG: /usr/local/lib/ruby/gems/1.9.1/gems/eventmachine-0.12.8/lib/eventmachine.rb:242:in `run_machine'
ERROR LOG: /usr/local/lib/ruby/gems/1.9.1/gems/eventmachine-0.12.8/lib/eventmachine.rb:242:in `run'
ERROR LOG: coral.rb:171:in `<main>'
ERROR LOG: wrong number of arguments (1 for 2)
ERROR LOG: /home/heath/coral/lib/editor/editors.rb:94:in `block in display_values'
ERROR LOG: /home/heath/coral/lib/editor/editors.rb:89:in `collect'
ERROR LOG: /home/heath/coral/lib/editor/editors.rb:89:in `display_values'
ERROR LOG: /home/heath/coral/lib/editor/editors.rb:72:in `block in initialize'
ERROR LOG: /home/heath/coral/lib/editor/editors.rb:174:in `call'
ERROR LOG: /home/heath/coral/lib/editor/editors.rb:174:in `call_fun'
ERROR LOG: /home/heath/coral/lib/commands.rb:232:in `execute_command'
ERROR LOG: /home/heath/coral/lib/commands/look.rb:76:in `cmd_look'
ERROR LOG: /home/heath/coral/lib/commands.rb:278:in `execute_command'
ERROR LOG: /home/heath/coral/core/socketengine.rb:174:in `block in handle_cmd_input'
ERROR LOG: /home/heath/coral/core/socketengine.rb:173:in `times'
ERROR LOG: /home/heath/coral/core/socketengine.rb:173:in `handle_cmd_input'
ERROR LOG: /home/heath/coral/core/socketengine.rb:135:in `receive_data'
ERROR LOG: /usr/local/lib/ruby/gems/1.9.1/gems/eventmachine-0.12.8/lib/eventmachine.rb:242:in `run_machine'
ERROR LOG: /usr/local/lib/ruby/gems/1.9.1/gems/eventmachine-0.12.8/lib/eventmachine.rb:242:in `run'
ERROR LOG: coral.rb:171:in `<main>'
 INFO LOG: May_13_03:35: -- #<Player:0x00000000fb34c0>:76.202.141.206:51474 disconnected from CoralMUD!
 INFO LOG: May_13_03:35: Program closed.
 INFO LOG: May_13_03:35: Logging enabled.   Loading logs.rb.
 INFO LOG: May_13_03:35: Loading facade.rb
 INFO LOG: May_13_03:35: Loading query_list.rb
 INFO LOG: May_13_03:35: Loading utils.rb
 INFO LOG: May_13_03:35: Loading constants.rb
 INFO LOG: May_13_03:35: Loading damage.rb
 INFO LOG: May_13_03:35: Loading class_property.rb
 INFO LOG: May_13_03:35: Loading scripts.rb
 INFO LOG: May_13_03:35: Loading tags.rb
 INFO LOG: May_13_03:35: Loading editor/editors.rb
 INFO LOG: May_13_03:35: Loading editor/editor.strings.rb
 INFO LOG: May_13_03:35: Loading editor/editor.rooms.rb
 INFO LOG: May_13_03:35: Loading editor/editor.exits.rb
 INFO LOG: May_13_03:35: Loading editor/editor.zones.rb
 INFO LOG: May_13_03:35: Loading editor/editor.npc.rb
 INFO LOG: May_13_03:35: Loading editor/editor.items.rb
 INFO LOG: May_13_03:35: Loading mxp.rb
 INFO LOG: May_13_03:35: Loading mccp.rb
 INFO LOG: May_13_03:35: Loading flags.rb
 INFO LOG: May_13_03:35: Loading areas.rb
 INFO LOG: May_13_03:35: Loading event.rb
 INFO LOG: May_13_03:35: Loading automap/automap.rb
 INFO LOG: May_13_03:35: Loading cities.olc.rb
 INFO LOG: May_13_03:35: Loading cities.rb
 INFO LOG: May_13_03:35: Loading sector definitions.
 INFO LOG: May_13_03:35: Loading help.rb
 INFO LOG: May_13_03:35: Loading imcruby.rb
 INFO LOG: May_13_03:35: Loading player.rb
 INFO LOG: May_13_03:35: Loading commands.rb
 INFO LOG: May_13_03:35: Loading random.rb
 INFO LOG: May_13_03:35: Loading npc.rb
 INFO LOG: May_13_03:35: Loading items/types.rb
 INFO LOG: May_13_03:35: Loading items/items.rb
 INFO LOG: May_13_03:35: Loading spells.rb
 INFO LOG: May_13_03:35: Loading all zones.
 INFO LOG: May_13_03:35: Starting server.
 INFO LOG: May_13_03:35: CoralMUD is now up on port 4000.
 INFO LOG: May_13_03:35: -- 76.202.141.206:54332 connected to CoralMUD!
 INFO LOG: May_13_03:35: -- 76.202.141.206:54332: Retnur is trying to connect.
 INFO LOG: May_13_03:35: -- 76.202.141.206:54332: Retnur player file found.
 INFO LOG: May_13_03:35: -- Retnur has entered the game.
ERROR LOG: wrong number of arguments (1 for 2)
ERROR LOG: /home/heath/coral/lib/editor/editors.rb:94:in `block in display_values'
ERROR LOG: /home/heath/coral/lib/editor/editors.rb:89:in `collect'
ERROR LOG: /home/heath/coral/lib/editor/editors.rb:89:in `display_values'
ERROR LOG: /home/heath/coral/lib/editor/editors.rb:72:in `block in initialize'
ERROR LOG: /home/heath/coral/lib/editor/editors.rb:174:in `call'
ERROR LOG: /home/heath/coral/lib/editor/editors.rb:174:in `call_fun'
ERROR LOG: /home/heath/coral/lib/commands.rb:232:in `execute_command'
ERROR LOG: /home/heath/coral/lib/commands.rb:233:in `execute_command'
ERROR LOG: /home/heath/coral/core/socketengine.rb:174:in `block in handle_cmd_input'
ERROR LOG: /home/heath/coral/core/socketengine.rb:173:in `times'
ERROR LOG: /home/heath/coral/core/socketengine.rb:173:in `handle_cmd_input'
ERROR LOG: /home/heath/coral/core/socketengine.rb:135:in `receive_data'
ERROR LOG: /usr/local/lib/ruby/gems/1.9.1/gems/eventmachine-0.12.8/lib/eventmachine.rb:242:in `run_machine'
ERROR LOG: /usr/local/lib/ruby/gems/1.9.1/gems/eventmachine-0.12.8/lib/eventmachine.rb:242:in `run'
ERROR LOG: coral.rb:171:in `<main>'
 INFO LOG: May_13_03:37: Loading flags.rb
 INFO LOG: May_13_03:37: -- #<Player:0x0000000224c0c8>:76.202.141.206:54332 disconnected from CoralMUD!
 INFO LOG: May_13_03:37: Logging enabled.   Loading logs.rb.
 INFO LOG: May_13_03:37: Loading facade.rb
 INFO LOG: May_13_03:37: Loading query_list.rb
 INFO LOG: May_13_03:37: Loading utils.rb
 INFO LOG: May_13_03:37: Loading constants.rb
 INFO LOG: May_13_03:37: Loading damage.rb
 INFO LOG: May_13_03:37: Loading class_property.rb
 INFO LOG: May_13_03:37: Loading scripts.rb
 INFO LOG: May_13_03:37: Loading tags.rb
 INFO LOG: May_13_03:37: Loading editor/editors.rb
 INFO LOG: May_13_03:37: Loading editor/editor.strings.rb
 INFO LOG: May_13_03:37: Loading editor/editor.rooms.rb
 INFO LOG: May_13_03:37: Loading editor/editor.exits.rb
 INFO LOG: May_13_03:37: Loading editor/editor.zones.rb
 INFO LOG: May_13_03:37: Loading editor/editor.npc.rb
 INFO LOG: May_13_03:37: Loading editor/editor.items.rb
 INFO LOG: May_13_03:37: Loading mxp.rb
 INFO LOG: May_13_03:37: Loading mccp.rb
 INFO LOG: May_13_03:37: Loading flags.rb
 INFO LOG: May_13_03:37: Loading areas.rb
 INFO LOG: May_13_03:37: Loading event.rb
 INFO LOG: May_13_03:37: Loading automap/automap.rb
 INFO LOG: May_13_03:37: Loading cities.olc.rb
 INFO LOG: May_13_03:37: Loading cities.rb
 INFO LOG: May_13_03:37: Loading sector definitions.
 INFO LOG: May_13_03:37: Loading help.rb
 INFO LOG: May_13_03:37: Loading imcruby.rb
 INFO LOG: May_13_03:37: Loading player.rb
 INFO LOG: May_13_03:37: Loading commands.rb
 INFO LOG: May_13_03:37: Loading random.rb
 INFO LOG: May_13_03:37: Loading npc.rb
 INFO LOG: May_13_03:37: Loading items/types.rb
 INFO LOG: May_13_03:37: Loading items/items.rb
 INFO LOG: May_13_03:37: Loading spells.rb
 INFO LOG: May_13_03:37: Loading all zones.
 INFO LOG: May_13_03:37: Starting server.
 INFO LOG: May_13_03:37: CoralMUD is now up on port 4000.
 INFO LOG: May_13_03:37: -- 76.202.141.206:59329 connected to CoralMUD!
 INFO LOG: May_13_03:37: -- 76.202.141.206:59329: Retnur is trying to connect.
 INFO LOG: May_13_03:37: -- 76.202.141.206:59329: Retnur player file found.
 INFO LOG: May_13_03:37: -- Retnur has entered the game.
ERROR LOG: undefined method `toggle' for nil:NilClass
ERROR LOG: /home/heath/coral/lib/editor/editors.rb:277:in `block (2 levels) in define_editor_field'
ERROR LOG: /home/heath/coral/lib/editor/editors.rb:177:in `call_fun'
ERROR LOG: /home/heath/coral/lib/commands.rb:232:in `execute_command'
ERROR LOG: /home/heath/coral/core/socketengine.rb:174:in `block in handle_cmd_input'
ERROR LOG: /home/heath/coral/core/socketengine.rb:173:in `times'
ERROR LOG: /home/heath/coral/core/socketengine.rb:173:in `handle_cmd_input'
ERROR LOG: /home/heath/coral/core/socketengine.rb:135:in `receive_data'
ERROR LOG: /usr/local/lib/ruby/gems/1.9.1/gems/eventmachine-0.12.8/lib/eventmachine.rb:242:in `run_machine'
ERROR LOG: /usr/local/lib/ruby/gems/1.9.1/gems/eventmachine-0.12.8/lib/eventmachine.rb:242:in `run'
ERROR LOG: coral.rb:171:in `<main>'
 INFO LOG: May_13_03:39: tick!!!
 INFO LOG: May_13_03:41: -- #<Player:0x00000001a11278>:76.202.141.206:59329 disconnected from CoralMUD!
 INFO LOG: May_13_03:41: Logging enabled.   Loading logs.rb.
 INFO LOG: May_13_03:41: Loading facade.rb
 INFO LOG: May_13_03:41: Loading query_list.rb
 INFO LOG: May_13_03:41: Loading utils.rb
 INFO LOG: May_13_03:41: Loading constants.rb
 INFO LOG: May_13_03:41: Loading damage.rb
 INFO LOG: May_13_03:41: Loading class_property.rb
 INFO LOG: May_13_03:41: Loading scripts.rb
 INFO LOG: May_13_03:41: Loading tags.rb
 INFO LOG: May_13_03:41: Loading editor/editors.rb
 INFO LOG: May_13_03:41: Loading editor/editor.strings.rb
 INFO LOG: May_13_03:41: Loading editor/editor.rooms.rb
 INFO LOG: May_13_03:41: Loading editor/editor.exits.rb
 INFO LOG: May_13_03:41: Loading editor/editor.zones.rb
 INFO LOG: May_13_03:41: Loading editor/editor.npc.rb
 INFO LOG: May_13_03:41: Loading editor/editor.items.rb
 INFO LOG: May_13_03:41: Loading mxp.rb
 INFO LOG: May_13_03:41: Loading mccp.rb
 INFO LOG: May_13_03:41: Loading flags.rb
 INFO LOG: May_13_03:41: Loading areas.rb
 INFO LOG: May_13_03:41: Loading event.rb
 INFO LOG: May_13_03:41: Loading automap/automap.rb
 INFO LOG: May_13_03:41: Loading cities.olc.rb
 INFO LOG: May_13_03:41: Loading cities.rb
 INFO LOG: May_13_03:41: Loading sector definitions.
 INFO LOG: May_13_03:41: Loading help.rb
 INFO LOG: May_13_03:41: Loading imcruby.rb
 INFO LOG: May_13_03:41: Loading player.rb
 INFO LOG: May_13_03:41: Loading commands.rb
 INFO LOG: May_13_03:41: Loading random.rb
 INFO LOG: May_13_03:41: Loading npc.rb
 INFO LOG: May_13_03:41: Loading items/types.rb
 INFO LOG: May_13_03:41: Loading items/items.rb
 INFO LOG: May_13_03:41: Loading spells.rb
 INFO LOG: May_13_03:41: Loading all zones.
 INFO LOG: May_13_03:41: Starting server.
 INFO LOG: May_13_03:41: CoralMUD is now up on port 4000.
 INFO LOG: May_13_03:41: -- 76.202.141.206:43331 connected to CoralMUD!
 INFO LOG: May_13_03:41: -- 76.202.141.206:43331: Retnur is trying to connect.
 INFO LOG: May_13_03:41: -- 76.202.141.206:43331: Retnur player file found.
 INFO LOG: May_13_03:41: -- Retnur has entered the game.
 INFO LOG: May_13_03:43: tick!!!
 INFO LOG: May_13_03:44: Loading flags.rb
 INFO LOG: May_13_03:44: -- #<Player:0x00000001b70560>:76.202.141.206:43331 disconnected from CoralMUD!
 INFO LOG: May_13_03:44: Logging enabled.   Loading logs.rb.
 INFO LOG: May_13_03:44: Loading facade.rb
 INFO LOG: May_13_03:44: Loading query_list.rb
 INFO LOG: May_13_03:44: Loading utils.rb
 INFO LOG: May_13_03:44: Loading constants.rb
 INFO LOG: May_13_03:44: Loading damage.rb
 INFO LOG: May_13_03:44: Loading class_property.rb
 INFO LOG: May_13_03:44: Loading scripts.rb
 INFO LOG: May_13_03:44: Loading tags.rb
 INFO LOG: May_13_03:44: Loading editor/editors.rb
 INFO LOG: May_13_03:44: Loading editor/editor.strings.rb
 INFO LOG: May_13_03:44: Loading editor/editor.rooms.rb
 INFO LOG: May_13_03:44: Loading editor/editor.exits.rb
 INFO LOG: May_13_03:44: Loading editor/editor.zones.rb
 INFO LOG: May_13_03:44: Loading editor/editor.npc.rb
 INFO LOG: May_13_03:44: Loading editor/editor.items.rb
 INFO LOG: May_13_03:44: Loading mxp.rb
 INFO LOG: May_13_03:44: Loading mccp.rb
 INFO LOG: May_13_03:44: Loading flags.rb
 INFO LOG: May_13_03:44: Loading areas.rb
 INFO LOG: May_13_03:44: Loading event.rb
 INFO LOG: May_13_03:44: Loading automap/automap.rb
 INFO LOG: May_13_03:44: Loading cities.olc.rb
 INFO LOG: May_13_03:44: Loading cities.rb
 INFO LOG: May_13_03:44: Loading sector definitions.
 INFO LOG: May_13_03:44: Loading help.rb
 INFO LOG: May_13_03:44: Loading imcruby.rb
 INFO LOG: May_13_03:44: Loading player.rb
 INFO LOG: May_13_03:44: Loading commands.rb
 INFO LOG: May_13_03:44: Loading random.rb
 INFO LOG: May_13_03:44: Loading npc.rb
 INFO LOG: May_13_03:44: Loading items/types.rb
 INFO LOG: May_13_03:44: Loading items/items.rb
 INFO LOG: May_13_03:44: Loading spells.rb
 INFO LOG: May_13_03:44: Loading all zones.
 INFO LOG: May_13_03:44: Starting server.
 INFO LOG: May_13_03:44: CoralMUD is now up on port 4000.
 INFO LOG: May_13_03:44: -- 76.202.141.206:59146 connected to CoralMUD!
 INFO LOG: May_13_03:44: -- 76.202.141.206:59146: () Invalid name in character creation.
 INFO LOG: May_13_03:44: -- 76.202.141.206:59146: Retnur is trying to connect.
 INFO LOG: May_13_03:44: -- 76.202.141.206:59146: Retnur player file found.
 INFO LOG: May_13_03:44: -- Retnur has entered the game.
ERROR LOG: undefined method `[]' for nil:NilClass
ERROR LOG: /home/heath/coral/lib/flags.rb:18:in `block in display_flags'
ERROR LOG: /home/heath/coral/lib/flags.rb:8:in `each'
ERROR LOG: /home/heath/coral/lib/flags.rb:8:in `display_flags'
ERROR LOG: /home/heath/coral/lib/editor/editors.rb:94:in `block in display_values'
ERROR LOG: /home/heath/coral/lib/editor/editors.rb:89:in `collect'
ERROR LOG: /home/heath/coral/lib/editor/editors.rb:89:in `display_values'
ERROR LOG: /home/heath/coral/lib/editor/editors.rb:72:in `block in initialize'
ERROR LOG: /home/heath/coral/lib/editor/editors.rb:174:in `call'
ERROR LOG: /home/heath/coral/lib/editor/editors.rb:174:in `call_fun'
ERROR LOG: /home/heath/coral/lib/commands.rb:232:in `execute_command'
ERROR LOG: /home/heath/coral/lib/commands.rb:233:in `execute_command'
ERROR LOG: /home/heath/coral/core/socketengine.rb:174:in `block in handle_cmd_input'
ERROR LOG: /home/heath/coral/core/socketengine.rb:173:in `times'
ERROR LOG: /home/heath/coral/core/socketengine.rb:173:in `handle_cmd_input'
ERROR LOG: /home/heath/coral/core/socketengine.rb:135:in `receive_data'
ERROR LOG: /usr/local/lib/ruby/gems/1.9.1/gems/eventmachine-0.12.8/lib/eventmachine.rb:242:in `run_machine'
ERROR LOG: /usr/local/lib/ruby/gems/1.9.1/gems/eventmachine-0.12.8/lib/eventmachine.rb:242:in `run'
ERROR LOG: coral.rb:171:in `<main>'
 INFO LOG: May_13_03:45: Loading flags.rb
 INFO LOG: May_13_03:45: -- #<Player:0x0000000253aed8>:76.202.141.206:59146 disconnected from CoralMUD!
 INFO LOG: May_13_03:45: Program closed.
 INFO LOG: May_13_03:45: Logging enabled.   Loading logs.rb.
 INFO LOG: May_13_03:45: Loading facade.rb
 INFO LOG: May_13_03:45: Loading query_list.rb
 INFO LOG: May_13_03:45: Loading utils.rb
 INFO LOG: May_13_03:45: Loading constants.rb
 INFO LOG: May_13_03:45: Loading damage.rb
 INFO LOG: May_13_03:45: Loading class_property.rb
 INFO LOG: May_13_03:45: Loading scripts.rb
 INFO LOG: May_13_03:45: Loading tags.rb
 INFO LOG: May_13_03:45: Loading editor/editors.rb
 INFO LOG: May_13_03:45: Loading editor/editor.strings.rb
 INFO LOG: May_13_03:45: Loading editor/editor.rooms.rb
 INFO LOG: May_13_03:45: Loading editor/editor.exits.rb
 INFO LOG: May_13_03:45: Loading editor/editor.zones.rb
 INFO LOG: May_13_03:45: Loading editor/editor.npc.rb
 INFO LOG: May_13_03:45: Loading editor/editor.items.rb
 INFO LOG: May_13_03:45: Loading mxp.rb
 INFO LOG: May_13_03:45: Loading mccp.rb
 INFO LOG: May_13_03:45: Loading flags.rb
 INFO LOG: May_13_03:45: Loading areas.rb
 INFO LOG: May_13_03:45: Loading event.rb
 INFO LOG: May_13_03:45: Loading automap/automap.rb
 INFO LOG: May_13_03:45: Loading cities.olc.rb
 INFO LOG: May_13_03:45: Loading cities.rb
 INFO LOG: May_13_03:45: Loading sector definitions.
 INFO LOG: May_13_03:45: Loading help.rb
 INFO LOG: May_13_03:45: Loading imcruby.rb
 INFO LOG: May_13_03:45: Loading player.rb
 INFO LOG: May_13_03:45: Loading commands.rb
 INFO LOG: May_13_03:45: Loading random.rb
 INFO LOG: May_13_03:45: Loading npc.rb
 INFO LOG: May_13_03:45: Loading items/types.rb
 INFO LOG: May_13_03:45: Loading items/items.rb
 INFO LOG: May_13_03:45: Loading spells.rb
 INFO LOG: May_13_03:45: Loading all zones.
 INFO LOG: May_13_03:45: Starting server.
 INFO LOG: May_13_03:45: CoralMUD is now up on port 4000.
 INFO LOG: May_13_03:45: -- 76.202.141.206:45888 connected to CoralMUD!
 INFO LOG: May_13_03:45: -- 76.202.141.206:45888: Retnur is trying to connect.
 INFO LOG: May_13_03:45: -- 76.202.141.206:45888: Retnur player file found.
 INFO LOG: May_13_03:45: -- Retnur has entered the game.
 INFO LOG: May_13_03:46: Loading flags.rb
 INFO LOG: May_13_03:46: -- #<Player:0x00000002039f38>:76.202.141.206:45888 disconnected from CoralMUD!
 INFO LOG: May_13_03:46: Logging enabled.   Loading logs.rb.
 INFO LOG: May_13_03:46: Loading facade.rb
 INFO LOG: May_13_03:46: Loading query_list.rb
 INFO LOG: May_13_03:46: Loading utils.rb
 INFO LOG: May_13_03:46: Loading constants.rb
 INFO LOG: May_13_03:46: Loading damage.rb
 INFO LOG: May_13_03:46: Loading class_property.rb
 INFO LOG: May_13_03:46: Loading scripts.rb
 INFO LOG: May_13_03:46: Loading tags.rb
 INFO LOG: May_13_03:46: Loading editor/editors.rb
 INFO LOG: May_13_03:46: Loading editor/editor.strings.rb
 INFO LOG: May_13_03:46: Loading editor/editor.rooms.rb
 INFO LOG: May_13_03:46: Loading editor/editor.exits.rb
 INFO LOG: May_13_03:46: Loading editor/editor.zones.rb
 INFO LOG: May_13_03:46: Loading editor/editor.npc.rb
 INFO LOG: May_13_03:46: Loading editor/editor.items.rb
 INFO LOG: May_13_03:46: Loading mxp.rb
 INFO LOG: May_13_03:46: Loading mccp.rb
 INFO LOG: May_13_03:46: Loading flags.rb
 INFO LOG: May_13_03:46: Loading areas.rb
 INFO LOG: May_13_03:46: Loading event.rb
 INFO LOG: May_13_03:46: Loading automap/automap.rb
 INFO LOG: May_13_03:46: Loading cities.olc.rb
 INFO LOG: May_13_03:46: Loading cities.rb
 INFO LOG: May_13_03:46: Loading sector definitions.
 INFO LOG: May_13_03:46: Loading help.rb
 INFO LOG: May_13_03:46: Loading imcruby.rb
 INFO LOG: May_13_03:46: Loading player.rb
 INFO LOG: May_13_03:46: Loading commands.rb
 INFO LOG: May_13_03:46: Loading random.rb
 INFO LOG: May_13_03:46: Loading npc.rb
 INFO LOG: May_13_03:46: Loading items/types.rb
 INFO LOG: May_13_03:46: Loading items/items.rb
 INFO LOG: May_13_03:46: Loading spells.rb
 INFO LOG: May_13_03:46: Loading all zones.
 INFO LOG: May_13_03:46: Starting server.
 INFO LOG: May_13_03:46: CoralMUD is now up on port 4000.
 INFO LOG: May_13_03:46: -- 76.202.141.206:33958 connected to CoralMUD!
 INFO LOG: May_13_03:46: -- 76.202.141.206:33958: Retnur is trying to connect.
 INFO LOG: May_13_03:46: -- 76.202.141.206:33958: Retnur player file found.
 INFO LOG: May_13_03:46: -- Retnur has entered the game.
 INFO LOG: May_13_03:46: -- #<Player:0x00000000cd4150>:76.202.141.206:33958 disconnected from CoralMUD!
 INFO LOG: May_13_03:46: Logging enabled.   Loading logs.rb.
 INFO LOG: May_13_03:46: Loading facade.rb
 INFO LOG: May_13_03:46: Loading query_list.rb
 INFO LOG: May_13_03:46: Loading utils.rb
 INFO LOG: May_13_03:46: Loading constants.rb
 INFO LOG: May_13_03:46: Loading damage.rb
 INFO LOG: May_13_03:46: Loading class_property.rb
 INFO LOG: May_13_03:46: Loading scripts.rb
 INFO LOG: May_13_03:46: Loading tags.rb
 INFO LOG: May_13_03:46: Loading editor/editors.rb
 INFO LOG: May_13_03:46: Loading editor/editor.strings.rb
 INFO LOG: May_13_03:46: Loading editor/editor.rooms.rb
 INFO LOG: May_13_03:46: Loading editor/editor.exits.rb
 INFO LOG: May_13_03:46: Loading editor/editor.zones.rb
 INFO LOG: May_13_03:46: Loading editor/editor.npc.rb
 INFO LOG: May_13_03:46: Loading editor/editor.items.rb
 INFO LOG: May_13_03:46: Loading mxp.rb
 INFO LOG: May_13_03:46: Loading mccp.rb
 INFO LOG: May_13_03:46: Loading flags.rb
 INFO LOG: May_13_03:46: Loading areas.rb
 INFO LOG: May_13_03:46: Loading event.rb
 INFO LOG: May_13_03:46: Loading automap/automap.rb
 INFO LOG: May_13_03:46: Loading cities.olc.rb
 INFO LOG: May_13_03:46: Loading cities.rb
 INFO LOG: May_13_03:46: Loading sector definitions.
 INFO LOG: May_13_03:46: Loading help.rb
 INFO LOG: May_13_03:46: Loading imcruby.rb
 INFO LOG: May_13_03:46: Loading player.rb
 INFO LOG: May_13_03:46: Loading commands.rb
 INFO LOG: May_13_03:46: Loading random.rb
 INFO LOG: May_13_03:46: Loading npc.rb
 INFO LOG: May_13_03:46: Loading items/types.rb
 INFO LOG: May_13_03:46: Loading items/items.rb
 INFO LOG: May_13_03:46: Loading spells.rb
 INFO LOG: May_13_03:46: Loading all zones.
 INFO LOG: May_13_03:46: Starting server.
 INFO LOG: May_13_03:46: CoralMUD is now up on port 4000.
 INFO LOG: May_13_03:46: -- 76.202.141.206:40963 connected to CoralMUD!
 INFO LOG: May_13_03:46: -- 76.202.141.206:40963: Retnur is trying to connect.
 INFO LOG: May_13_03:46: -- 76.202.141.206:40963: Retnur player file found.
 INFO LOG: May_13_03:47: -- Retnur has entered the game.
 INFO LOG: May_13_03:48: tick!!!
 INFO LOG: May_13_03:50: tick!!!
 INFO LOG: May_13_03:52: tick!!!
 INFO LOG: May_13_03:54: tick!!!
 INFO LOG: May_13_03:56: tick!!!
 INFO LOG: May_13_03:58: tick!!!
 INFO LOG: May_13_04:00: tick!!!
 INFO LOG: May_13_04:02: tick!!!
 INFO LOG: May_13_04:04: tick!!!
 INFO LOG: May_13_04:06: tick!!!
 INFO LOG: May_13_04:07: Loading items/types.rb
 INFO LOG: May_13_04:08: tick!!!
 INFO LOG: May_13_04:10: tick!!!
 INFO LOG: May_13_04:12: tick!!!
 INFO LOG: May_13_04:14: tick!!!
 INFO LOG: May_13_04:16: tick!!!
 INFO LOG: May_13_04:18: tick!!!
 INFO LOG: May_13_04:19: Loading items/types.rb
 INFO LOG: May_13_04:20: tick!!!
 INFO LOG: May_13_04:22: tick!!!
 INFO LOG: May_13_04:24: tick!!!
 INFO LOG: May_13_04:26: tick!!!
 INFO LOG: May_13_04:28: tick!!!
 INFO LOG: May_13_04:30: tick!!!
 INFO LOG: May_13_04:32: tick!!!
 INFO LOG: May_13_04:34: tick!!!
 INFO LOG: May_13_04:36: tick!!!
 INFO LOG: May_13_04:38: Loading items/types.rb
 INFO LOG: May_13_04:38: tick!!!
 INFO LOG: May_13_04:40: Loading items/types.rb
 INFO LOG: May_13_04:40: tick!!!
 INFO LOG: May_13_04:42: tick!!!
 INFO LOG: May_13_04:44: tick!!!
 INFO LOG: May_13_04:46: tick!!!
 INFO LOG: May_13_04:48: Loading commands.rb
 INFO LOG: May_13_04:48: -- #<Player:0x00000000e957a0>:76.202.141.206:40963 disconnected from CoralMUD!
 INFO LOG: May_13_05:03: Logging enabled.   Loading logs.rb.
 INFO LOG: May_13_05:03: Loading facade.rb
 INFO LOG: May_13_05:03: Loading query_list.rb
 INFO LOG: May_13_05:03: Loading utils.rb
 INFO LOG: May_13_05:03: Loading constants.rb
 INFO LOG: May_13_05:03: Loading damage.rb
 INFO LOG: May_13_05:03: Loading class_property.rb
 INFO LOG: May_13_05:03: Loading scripts.rb
 INFO LOG: May_13_05:03: Loading tags.rb
 INFO LOG: May_13_05:03: Loading editor/editors.rb
 INFO LOG: May_13_05:03: Loading editor/editor.strings.rb
 INFO LOG: May_13_05:03: Loading editor/editor.rooms.rb
 INFO LOG: May_13_05:03: Loading editor/editor.exits.rb
 INFO LOG: May_13_05:03: Loading editor/editor.zones.rb
 INFO LOG: May_13_05:03: Loading editor/editor.npc.rb
 INFO LOG: May_13_05:03: Loading editor/editor.items.rb
 INFO LOG: May_13_05:03: Loading mxp.rb
 INFO LOG: May_13_05:03: Loading mccp.rb
 INFO LOG: May_13_05:03: Loading flags.rb
 INFO LOG: May_13_05:03: Loading areas.rb
 INFO LOG: May_13_05:03: Loading event.rb
 INFO LOG: May_13_05:03: Loading automap/automap.rb
 INFO LOG: May_13_05:03: Loading cities.olc.rb
 INFO LOG: May_13_05:03: Loading cities.rb
 INFO LOG: May_13_05:03: Loading sector definitions.
 INFO LOG: May_13_05:03: Loading help.rb
 INFO LOG: May_13_05:03: Loading imcruby.rb
 INFO LOG: May_13_05:03: Loading player.rb
 INFO LOG: May_13_05:03: Loading commands.rb
 INFO LOG: May_13_05:04: Logging enabled.   Loading logs.rb.
 INFO LOG: May_13_05:04: Loading facade.rb
 INFO LOG: May_13_05:04: Loading query_list.rb
 INFO LOG: May_13_05:04: Loading utils.rb
 INFO LOG: May_13_05:04: Loading constants.rb
 INFO LOG: May_13_05:04: Loading damage.rb
 INFO LOG: May_13_05:04: Loading class_property.rb
 INFO LOG: May_13_05:04: Loading scripts.rb
 INFO LOG: May_13_05:04: Loading tags.rb
 INFO LOG: May_13_05:04: Loading editor/editors.rb
 INFO LOG: May_13_05:04: Loading editor/editor.strings.rb
 INFO LOG: May_13_05:04: Loading editor/editor.rooms.rb
 INFO LOG: May_13_05:04: Loading editor/editor.exits.rb
 INFO LOG: May_13_05:04: Loading editor/editor.zones.rb
 INFO LOG: May_13_05:04: Loading editor/editor.npc.rb
 INFO LOG: May_13_05:04: Loading editor/editor.items.rb
 INFO LOG: May_13_05:04: Loading mxp.rb
 INFO LOG: May_13_05:04: Loading mccp.rb
 INFO LOG: May_13_05:04: Loading flags.rb
 INFO LOG: May_13_05:04: Loading areas.rb
 INFO LOG: May_13_05:04: Loading event.rb
 INFO LOG: May_13_05:04: Loading automap/automap.rb
 INFO LOG: May_13_05:04: Loading cities.olc.rb
 INFO LOG: May_13_05:04: Loading cities.rb
 INFO LOG: May_13_05:04: Loading sector definitions.
 INFO LOG: May_13_05:04: Loading help.rb
 INFO LOG: May_13_05:04: Loading imcruby.rb
 INFO LOG: May_13_05:04: Loading player.rb
 INFO LOG: May_13_05:04: Loading commands.rb
 INFO LOG: May_13_05:04: Loading random.rb
 INFO LOG: May_13_05:04: Loading npc.rb
 INFO LOG: May_13_05:04: Loading items/types.rb
 INFO LOG: May_13_05:04: Loading items/items.rb
 INFO LOG: May_13_05:04: Loading spells.rb
 INFO LOG: May_13_05:04: Loading all zones.
 INFO LOG: May_13_05:04: Starting server.
 INFO LOG: May_13_05:04: CoralMUD is now up on port 4000.
 INFO LOG: May_13_05:04: -- 76.202.141.206:45587 connected to CoralMUD!
 INFO LOG: May_13_05:04: -- 76.202.141.206:45587: Retnur is trying to connect.
 INFO LOG: May_13_05:04: -- 76.202.141.206:45587: Retnur player file found.
 INFO LOG: May_13_05:04: -- Retnur has entered the game.
 INFO LOG: May_13_05:06: tick!!!
ERROR LOG: undefined method `[]' for nil:NilClass
ERROR LOG: /home/heath/coral/lib/class_property.rb:57:in `block in wear'
ERROR LOG: /home/heath/coral/lib/class_property.rb:56:in `each'
ERROR LOG: /home/heath/coral/lib/class_property.rb:56:in `wear'
ERROR LOG: /home/heath/coral/lib/commands/wear.rb:6:in `block in cmd_wear'
ERROR LOG: /home/heath/coral/lib/commands/wear.rb:6:in `select'
ERROR LOG: /home/heath/coral/lib/commands/wear.rb:6:in `cmd_wear'
ERROR LOG: /home/heath/coral/lib/commands.rb:280:in `execute_command'
ERROR LOG: /home/heath/coral/core/socketengine.rb:174:in `block in handle_cmd_input'
ERROR LOG: /home/heath/coral/core/socketengine.rb:173:in `times'
ERROR LOG: /home/heath/coral/core/socketengine.rb:173:in `handle_cmd_input'
ERROR LOG: /home/heath/coral/core/socketengine.rb:135:in `receive_data'
ERROR LOG: /usr/local/lib/ruby/gems/1.9.1/gems/eventmachine-0.12.8/lib/eventmachine.rb:242:in `run_machine'
ERROR LOG: /usr/local/lib/ruby/gems/1.9.1/gems/eventmachine-0.12.8/lib/eventmachine.rb:242:in `run'
ERROR LOG: coral.rb:171:in `<main>'
 INFO LOG: May_13_05:07: -- #<Player:0x000000017f1b00>:76.202.141.206:45587 disconnected from CoralMUD!
 INFO LOG: May_13_05:07: Logging enabled.   Loading logs.rb.
 INFO LOG: May_13_05:07: Loading facade.rb
 INFO LOG: May_13_05:07: Loading query_list.rb
 INFO LOG: May_13_05:07: Loading utils.rb
 INFO LOG: May_13_05:07: Loading constants.rb
 INFO LOG: May_13_05:07: Loading damage.rb
 INFO LOG: May_13_05:07: Loading class_property.rb
 INFO LOG: May_13_05:07: Loading scripts.rb
 INFO LOG: May_13_05:07: Loading tags.rb
 INFO LOG: May_13_05:07: Loading editor/editors.rb
 INFO LOG: May_13_05:07: Loading editor/editor.strings.rb
 INFO LOG: May_13_05:07: Loading editor/editor.rooms.rb
 INFO LOG: May_13_05:07: Loading editor/editor.exits.rb
 INFO LOG: May_13_05:07: Loading editor/editor.zones.rb
 INFO LOG: May_13_05:07: Loading editor/editor.npc.rb
 INFO LOG: May_13_05:07: Loading editor/editor.items.rb
 INFO LOG: May_13_05:07: Loading mxp.rb
 INFO LOG: May_13_05:07: Loading mccp.rb
 INFO LOG: May_13_05:07: Loading flags.rb
 INFO LOG: May_13_05:07: Loading areas.rb
 INFO LOG: May_13_05:07: Loading event.rb
 INFO LOG: May_13_05:07: Loading automap/automap.rb
 INFO LOG: May_13_05:07: Loading cities.olc.rb
 INFO LOG: May_13_05:07: Loading cities.rb
 INFO LOG: May_13_05:07: Loading sector definitions.
 INFO LOG: May_13_05:07: Loading help.rb
 INFO LOG: May_13_05:07: Loading imcruby.rb
 INFO LOG: May_13_05:07: Loading player.rb
 INFO LOG: May_13_05:07: Loading commands.rb
 INFO LOG: May_13_05:07: Loading random.rb
 INFO LOG: May_13_05:07: Loading npc.rb
 INFO LOG: May_13_05:07: Loading items/types.rb
 INFO LOG: May_13_05:07: Loading items/items.rb
 INFO LOG: May_13_05:07: Loading spells.rb
 INFO LOG: May_13_05:07: Loading all zones.
 INFO LOG: May_13_05:07: Starting server.
 INFO LOG: May_13_05:07: CoralMUD is now up on port 4000.
 INFO LOG: May_13_05:07: -- 76.202.141.206:43609 connected to CoralMUD!
 INFO LOG: May_13_05:07: -- 76.202.141.206:43609: Retnur is trying to connect.
 INFO LOG: May_13_05:07: -- 76.202.141.206:43609: Retnur player file found.
 INFO LOG: May_13_05:07: -- Retnur has entered the game.
ERROR LOG: can't convert Symbol into Integer
ERROR LOG: /home/heath/coral/lib/class_property.rb:62:in `[]'
ERROR LOG: /home/heath/coral/lib/class_property.rb:62:in `block in wear'
ERROR LOG: /home/heath/coral/lib/class_property.rb:61:in `each'
ERROR LOG: /home/heath/coral/lib/class_property.rb:61:in `wear'
ERROR LOG: /home/heath/coral/lib/commands/wear.rb:6:in `block in cmd_wear'
ERROR LOG: /home/heath/coral/lib/commands/wear.rb:6:in `select'
ERROR LOG: /home/heath/coral/lib/commands/wear.rb:6:in `cmd_wear'
ERROR LOG: /home/heath/coral/lib/commands.rb:280:in `execute_command'
ERROR LOG: /home/heath/coral/core/socketengine.rb:174:in `block in handle_cmd_input'
ERROR LOG: /home/heath/coral/core/socketengine.rb:173:in `times'
ERROR LOG: /home/heath/coral/core/socketengine.rb:173:in `handle_cmd_input'
ERROR LOG: /home/heath/coral/core/socketengine.rb:135:in `receive_data'
ERROR LOG: /usr/local/lib/ruby/gems/1.9.1/gems/eventmachine-0.12.8/lib/eventmachine.rb:242:in `run_machine'
ERROR LOG: /usr/local/lib/ruby/gems/1.9.1/gems/eventmachine-0.12.8/lib/eventmachine.rb:242:in `run'
ERROR LOG: coral.rb:171:in `<main>'
 INFO LOG: May_13_05:09: -- #<Player:0x000000012d4a00>:76.202.141.206:43609 disconnected from CoralMUD!
 INFO LOG: May_13_05:09: Logging enabled.   Loading logs.rb.
 INFO LOG: May_13_05:09: Loading facade.rb
 INFO LOG: May_13_05:09: Loading query_list.rb
 INFO LOG: May_13_05:09: Loading utils.rb
 INFO LOG: May_13_05:09: Loading constants.rb
 INFO LOG: May_13_05:09: Loading damage.rb
 INFO LOG: May_13_05:09: Loading class_property.rb
 INFO LOG: May_13_05:09: Loading scripts.rb
 INFO LOG: May_13_05:09: Loading tags.rb
 INFO LOG: May_13_05:09: Loading editor/editors.rb
 INFO LOG: May_13_05:09: Loading editor/editor.strings.rb
 INFO LOG: May_13_05:09: Loading editor/editor.rooms.rb
 INFO LOG: May_13_05:09: Loading editor/editor.exits.rb
 INFO LOG: May_13_05:09: Loading editor/editor.zones.rb
 INFO LOG: May_13_05:09: Loading editor/editor.npc.rb
 INFO LOG: May_13_05:09: Loading editor/editor.items.rb
 INFO LOG: May_13_05:09: Loading mxp.rb
 INFO LOG: May_13_05:09: Loading mccp.rb
 INFO LOG: May_13_05:09: Loading flags.rb
 INFO LOG: May_13_05:09: Loading areas.rb
 INFO LOG: May_13_05:09: Loading event.rb
 INFO LOG: May_13_05:09: Loading automap/automap.rb
 INFO LOG: May_13_05:09: Loading cities.olc.rb
 INFO LOG: May_13_05:09: Loading cities.rb
 INFO LOG: May_13_05:09: Loading sector definitions.
 INFO LOG: May_13_05:09: Loading help.rb
 INFO LOG: May_13_05:09: Loading imcruby.rb
 INFO LOG: May_13_05:09: Loading player.rb
 INFO LOG: May_13_05:09: Loading commands.rb
 INFO LOG: May_13_05:09: Loading random.rb
 INFO LOG: May_13_05:09: Loading npc.rb
 INFO LOG: May_13_05:09: Loading items/types.rb
 INFO LOG: May_13_05:09: Loading items/items.rb
 INFO LOG: May_13_05:09: Loading spells.rb
 INFO LOG: May_13_05:09: Loading all zones.
 INFO LOG: May_13_05:09: Starting server.
 INFO LOG: May_13_05:09: CoralMUD is now up on port 4000.
 INFO LOG: May_13_05:09: -- 76.202.141.206:52682 connected to CoralMUD!
 INFO LOG: May_13_05:09: -- 76.202.141.206:52682: Retnur is trying to connect.
 INFO LOG: May_13_05:09: -- 76.202.141.206:52682: Retnur player file found.
 INFO LOG: May_13_05:09: -- Retnur has entered the game.
 INFO LOG: May_13_05:11: tick!!!
 INFO LOG: May_13_05:13: tick!!!
 INFO LOG: May_13_05:15: tick!!!
 INFO LOG: May_13_05:17: tick!!!
 INFO LOG: May_13_05:19: tick!!!
 INFO LOG: May_13_05:20: Retnur has left the game.
 INFO LOG: May_13_05:20: -- :76.202.141.206:52682 disconnected from CoralMUD!
 INFO LOG: May_13_05:20: -- 76.202.141.206:54578 connected to CoralMUD!
 INFO LOG: May_13_05:20: -- 76.202.141.206:54578: Retnur is trying to connect.
 INFO LOG: May_13_05:20: -- 76.202.141.206:54578: Retnur player file found.
 INFO LOG: May_13_05:20: -- Retnur has entered the game.
 INFO LOG: May_13_05:21: tick!!!
 INFO LOG: May_13_05:23: tick!!!
 INFO LOG: May_13_05:25: tick!!!
 INFO LOG: May_13_05:27: tick!!!
 INFO LOG: May_13_05:29: tick!!!
 INFO LOG: May_13_05:31: tick!!!
 INFO LOG: May_13_05:33: tick!!!
 INFO LOG: May_13_05:35: tick!!!
 INFO LOG: May_13_05:37: tick!!!
 INFO LOG: May_13_05:39: tick!!!
 INFO LOG: May_13_05:41: tick!!!
 INFO LOG: May_13_05:43: tick!!!
 INFO LOG: May_13_05:45: tick!!!
 INFO LOG: May_13_05:47: tick!!!
 INFO LOG: May_13_05:49: tick!!!
 INFO LOG: May_13_05:51: tick!!!
 INFO LOG: May_13_05:53: tick!!!
 INFO LOG: May_13_05:55: tick!!!
 INFO LOG: May_13_05:57: tick!!!
 INFO LOG: May_13_05:59: tick!!!
 INFO LOG: May_13_06:01: tick!!!
 INFO LOG: May_13_06:03: tick!!!
 INFO LOG: May_13_06:05: tick!!!
 INFO LOG: May_13_06:07: tick!!!
 INFO LOG: May_13_06:09: tick!!!
 INFO LOG: May_13_06:11: tick!!!
 INFO LOG: May_13_06:13: tick!!!
 INFO LOG: May_13_06:15: tick!!!
 INFO LOG: May_13_06:17: tick!!!
 INFO LOG: May_13_06:19: tick!!!
 INFO LOG: May_13_06:21: tick!!!
 INFO LOG: May_13_06:23: tick!!!
 INFO LOG: May_13_06:25: tick!!!
 INFO LOG: May_13_06:27: tick!!!
 INFO LOG: May_13_06:29: tick!!!
 INFO LOG: May_13_06:31: tick!!!
 INFO LOG: May_13_06:33: tick!!!
 INFO LOG: May_13_06:35: tick!!!
 INFO LOG: May_13_06:37: tick!!!
 INFO LOG: May_13_06:39: tick!!!
 INFO LOG: May_13_06:41: tick!!!
 INFO LOG: May_13_06:43: tick!!!
 INFO LOG: May_13_06:45: tick!!!
 INFO LOG: May_13_06:47: tick!!!
 INFO LOG: May_13_06:49: tick!!!
 INFO LOG: May_13_06:51: tick!!!
 INFO LOG: May_13_06:53: tick!!!
 INFO LOG: May_13_06:55: tick!!!
 INFO LOG: May_13_06:57: tick!!!
 INFO LOG: May_13_06:59: tick!!!
 INFO LOG: May_13_07:01: tick!!!
 INFO LOG: May_13_07:03: tick!!!
 INFO LOG: May_13_07:05: tick!!!
 INFO LOG: May_13_07:07: tick!!!
 INFO LOG: May_13_07:09: tick!!!
 INFO LOG: May_13_07:11: tick!!!
 INFO LOG: May_13_07:13: tick!!!
 INFO LOG: May_13_07:15: tick!!!
 INFO LOG: May_13_07:17: tick!!!
 INFO LOG: May_13_07:19: tick!!!
 INFO LOG: May_13_07:21: tick!!!
 INFO LOG: May_13_07:23: tick!!!
 INFO LOG: May_13_07:25: tick!!!
 INFO LOG: May_13_07:27: tick!!!
 INFO LOG: May_13_07:27: -- #<Player:0x00000002d99660>:76.202.141.206:54578 disconnected from CoralMUD!
 INFO LOG: May_13_07:27: Logging enabled.   Loading logs.rb.
 INFO LOG: May_13_07:27: Loading facade.rb
 INFO LOG: May_13_07:27: Loading query_list.rb
 INFO LOG: May_13_07:27: Loading utils.rb
 INFO LOG: May_13_07:27: Loading constants.rb
 INFO LOG: May_13_07:27: Loading damage.rb
 INFO LOG: May_13_07:27: Loading class_property.rb
 INFO LOG: May_13_07:27: Loading scripts.rb
 INFO LOG: May_13_07:27: Loading tags.rb
 INFO LOG: May_13_07:27: Loading editor/editors.rb
 INFO LOG: May_13_07:27: Loading editor/editor.strings.rb
 INFO LOG: May_13_07:27: Loading editor/editor.rooms.rb
 INFO LOG: May_13_07:27: Loading editor/editor.exits.rb
 INFO LOG: May_13_07:27: Loading editor/editor.zones.rb
 INFO LOG: May_13_07:27: Loading editor/editor.npc.rb
 INFO LOG: May_13_07:27: Loading editor/editor.items.rb
 INFO LOG: May_13_07:27: Loading mxp.rb
 INFO LOG: May_13_07:27: Loading mccp.rb
 INFO LOG: May_13_07:27: Loading flags.rb
 INFO LOG: May_13_07:27: Loading areas.rb
 INFO LOG: May_13_07:27: Loading event.rb
 INFO LOG: May_13_07:27: Loading automap/automap.rb
 INFO LOG: May_13_07:27: Loading cities.olc.rb
 INFO LOG: May_13_07:27: Loading cities.rb
 INFO LOG: May_13_07:27: Loading sector definitions.
 INFO LOG: May_13_07:27: Loading help.rb
 INFO LOG: May_13_07:27: Loading imcruby.rb
 INFO LOG: May_13_07:27: Loading player.rb
 INFO LOG: May_13_07:27: Loading commands.rb
 INFO LOG: May_13_07:27: Loading random.rb
 INFO LOG: May_13_07:27: Loading npc.rb
 INFO LOG: May_13_07:27: Loading items/types.rb
 INFO LOG: May_13_07:27: Loading items/items.rb
 INFO LOG: May_13_07:27: Loading spells.rb
 INFO LOG: May_13_07:27: Loading all zones.
 INFO LOG: May_13_07:27: Starting server.
 INFO LOG: May_13_07:27: CoralMUD is now up on port 4000.
 INFO LOG: May_13_07:27: -- 76.202.141.206:38849 connected to CoralMUD!
 INFO LOG: May_13_07:27: -- 76.202.141.206:38849: Retnur is trying to connect.
 INFO LOG: May_13_07:27: -- 76.202.141.206:38849: Retnur player file found.
 INFO LOG: May_13_07:27: -- Retnur has entered the game.
 INFO LOG: May_13_07:29: tick!!!
 INFO LOG: May_13_07:31: tick!!!
 INFO LOG: May_13_07:33: tick!!!
 INFO LOG: May_13_07:35: tick!!!
 INFO LOG: May_13_07:37: tick!!!
 INFO LOG: May_13_07:39: tick!!!
 INFO LOG: May_13_07:41: tick!!!
 INFO LOG: May_13_07:43: tick!!!
 INFO LOG: May_13_07:45: tick!!!
 INFO LOG: May_13_07:47: tick!!!
 INFO LOG: May_13_07:49: tick!!!
 INFO LOG: May_13_07:51: tick!!!
 INFO LOG: May_13_07:53: tick!!!
 INFO LOG: May_13_07:55: tick!!!
 INFO LOG: May_13_07:57: tick!!!
 INFO LOG: May_13_07:59: tick!!!
 INFO LOG: May_13_08:01: tick!!!
 INFO LOG: May_13_08:03: tick!!!
 INFO LOG: May_13_08:05: tick!!!
 INFO LOG: May_13_08:07: tick!!!
 INFO LOG: May_13_08:09: tick!!!
 INFO LOG: May_13_08:11: tick!!!
 INFO LOG: May_13_08:13: tick!!!
 INFO LOG: May_13_08:15: tick!!!
 INFO LOG: May_13_08:17: tick!!!
 INFO LOG: May_13_08:19: tick!!!
 INFO LOG: May_13_08:21: tick!!!
 INFO LOG: May_13_08:23: tick!!!
 INFO LOG: May_13_08:25: tick!!!
 INFO LOG: May_13_08:27: tick!!!
 INFO LOG: May_13_08:29: tick!!!
 INFO LOG: May_13_08:31: tick!!!
 INFO LOG: May_13_08:33: tick!!!
 INFO LOG: May_13_08:35: tick!!!
 INFO LOG: May_13_08:37: tick!!!
 INFO LOG: May_13_08:39: tick!!!
 INFO LOG: May_13_08:41: tick!!!
 INFO LOG: May_13_08:43: tick!!!
 INFO LOG: May_13_08:45: tick!!!
 INFO LOG: May_13_08:47: tick!!!
 INFO LOG: May_13_08:49: tick!!!
 INFO LOG: May_13_08:51: tick!!!
 INFO LOG: May_13_08:53: tick!!!
 INFO LOG: May_13_08:55: tick!!!
 INFO LOG: May_13_08:57: tick!!!
 INFO LOG: May_13_08:59: tick!!!
 INFO LOG: May_13_09:01: tick!!!
 INFO LOG: May_13_09:03: tick!!!
 INFO LOG: May_13_09:05: tick!!!
 INFO LOG: May_13_09:07: tick!!!
 INFO LOG: May_13_09:09: tick!!!
 INFO LOG: May_13_09:11: tick!!!
 INFO LOG: May_13_09:13: tick!!!
 INFO LOG: May_13_09:15: tick!!!
 INFO LOG: May_13_09:17: tick!!!
 INFO LOG: May_13_09:19: tick!!!
 INFO LOG: May_13_09:21: tick!!!
 INFO LOG: May_13_09:23: tick!!!
 INFO LOG: May_13_09:25: tick!!!
 INFO LOG: May_13_09:27: tick!!!
 INFO LOG: May_13_09:29: tick!!!
 INFO LOG: May_13_09:31: tick!!!
 INFO LOG: May_13_09:33: tick!!!
 INFO LOG: May_13_09:35: tick!!!
 INFO LOG: May_13_09:37: tick!!!
 INFO LOG: May_13_09:39: tick!!!
 INFO LOG: May_13_09:41: tick!!!
 INFO LOG: May_13_09:43: tick!!!
 INFO LOG: May_13_09:45: tick!!!
 INFO LOG: May_13_09:47: tick!!!
 INFO LOG: May_13_09:49: tick!!!
 INFO LOG: May_13_09:51: tick!!!
 INFO LOG: May_13_09:53: tick!!!
 INFO LOG: May_13_09:55: tick!!!
 INFO LOG: May_13_09:57: tick!!!
 INFO LOG: May_13_09:59: tick!!!
 INFO LOG: May_13_10:01: tick!!!
 INFO LOG: May_13_10:03: tick!!!
 INFO LOG: May_13_10:05: tick!!!
 INFO LOG: May_13_10:07: tick!!!
 INFO LOG: May_13_10:09: tick!!!
 INFO LOG: May_13_10:11: tick!!!
 INFO LOG: May_13_10:13: tick!!!
 INFO LOG: May_13_10:15: tick!!!
 INFO LOG: May_13_10:17: tick!!!
 INFO LOG: May_13_10:19: -- #<Player:0x000000010d4b10>:76.202.141.206:38849 disconnected from CoralMUD!
 INFO LOG: May_13_10:19: tick!!!
 INFO LOG: May_13_10:21: tick!!!
 INFO LOG: May_13_10:23: tick!!!
 INFO LOG: May_13_10:25: tick!!!
 INFO LOG: May_13_10:27: tick!!!
 INFO LOG: May_13_10:29: tick!!!
 INFO LOG: May_13_10:31: tick!!!
 INFO LOG: May_13_10:33: tick!!!
 INFO LOG: May_13_10:35: tick!!!
 INFO LOG: May_13_10:37: tick!!!
 INFO LOG: May_13_10:39: tick!!!
 INFO LOG: May_13_10:41: tick!!!
 INFO LOG: May_13_10:43: tick!!!
 INFO LOG: May_13_10:45: tick!!!
 INFO LOG: May_13_10:47: tick!!!
 INFO LOG: May_13_10:49: tick!!!
 INFO LOG: May_13_10:51: tick!!!
 INFO LOG: May_13_10:53: tick!!!
 INFO LOG: May_13_10:55: tick!!!
 INFO LOG: May_13_10:57: tick!!!
 INFO LOG: May_13_10:59: tick!!!
 INFO LOG: May_13_11:01: tick!!!
 INFO LOG: May_13_11:03: tick!!!
 INFO LOG: May_13_11:05: tick!!!
 INFO LOG: May_13_11:07: tick!!!
 INFO LOG: May_13_11:09: tick!!!
