 INFO LOG: May_18_09:59: Logging enabled.   Loading logs.rb.
 INFO LOG: May_18_09:59: Loading facade.rb
 INFO LOG: May_18_09:59: Loading query_list.rb
 INFO LOG: May_18_09:59: Loading utils.rb
 INFO LOG: May_18_09:59: Loading constants.rb
 INFO LOG: May_18_09:59: Loading damage.rb
 INFO LOG: May_18_09:59: Loading class_property.rb
 INFO LOG: May_18_09:59: Loading scripts.rb
 INFO LOG: May_18_09:59: Loading tags.rb
 INFO LOG: May_18_09:59: Loading editor/editors.rb
 INFO LOG: May_18_09:59: Loading editor/editor.strings.rb
 INFO LOG: May_18_09:59: Loading editor/editor.rooms.rb
 INFO LOG: May_18_09:59: Loading editor/editor.exits.rb
 INFO LOG: May_18_09:59: Loading editor/editor.zones.rb
 INFO LOG: May_18_09:59: Loading editor/editor.npc.rb
 INFO LOG: May_18_09:59: Loading editor/editor.items.rb
 INFO LOG: May_18_09:59: Loading mxp.rb
 INFO LOG: May_18_09:59: Loading mccp.rb
 INFO LOG: May_18_09:59: Loading flags.rb
 INFO LOG: May_18_09:59: Loading areas.rb
 INFO LOG: May_18_09:59: Loading security.rb
 INFO LOG: May_18_09:59: Loading event.rb
 INFO LOG: May_18_09:59: Loading automap/automap.rb
 INFO LOG: May_18_09:59: Loading cities.olc.rb
 INFO LOG: May_18_09:59: Loading cities.rb
 INFO LOG: May_18_09:59: Loading sector definitions.
 INFO LOG: May_18_09:59: Loading help.rb
 INFO LOG: May_18_09:59: Loading imcruby.rb
 INFO LOG: May_18_09:59: Loading player.rb
 INFO LOG: May_18_09:59: Loading commands.rb
 INFO LOG: May_18_09:59: Loading editor/editor.player.rb
 INFO LOG: May_18_09:59: Loading random.rb
 INFO LOG: May_18_09:59: Loading npc.rb
 INFO LOG: May_18_09:59: Loading items/types.rb
 INFO LOG: May_18_09:59: Loading items/items.rb
 INFO LOG: May_18_09:59: Loading spells.rb
 INFO LOG: May_18_09:59: Loading all zones.
 INFO LOG: May_18_09:59: Starting server.
 INFO LOG: May_18_09:59: CoralMUD is now up on port 4000.
 INFO LOG: May_18_09:59: -- 76.202.141.206:52451 connected to CoralMUD!
 INFO LOG: May_18_09:59: -- 76.202.141.206:52451: Retnur is trying to connect.
 INFO LOG: May_18_09:59: -- 76.202.141.206:52451: Retnur:  New Character.
 INFO LOG: May_18_10:00: -- 76.202.141.206:52451: Retnur successfully created.
 INFO LOG: May_18_10:00: -- Retnur has entered the game.
 INFO LOG: May_18_10:00: Retnur has left the game.
 INFO LOG: May_18_10:00: -- :76.202.141.206:52451 disconnected from CoralMUD!
 INFO LOG: May_18_10:01: tick!!!
 INFO LOG: May_18_10:01: -- 76.202.141.206:57381 connected to CoralMUD!
 INFO LOG: May_18_10:02: -- 76.202.141.206:57381: Retnur is trying to connect.
 INFO LOG: May_18_10:02: -- 76.202.141.206:57381: Retnur player file found.
 INFO LOG: May_18_10:02: -- Retnur has entered the game.
 INFO LOG: May_18_10:03: -- #<Player:0x0000000265e990>:76.202.141.206:57381 disconnected from CoralMUD!
