 INFO LOG: May_25_10:17: Logging enabled.   Loading logs.rb.
 INFO LOG: May_25_10:17: Loading spellcheck.rb
 INFO LOG: May_25_10:17: Loading facade.rb
 INFO LOG: May_25_10:17: Loading query_list.rb
 INFO LOG: May_25_10:17: Loading utils.rb
 INFO LOG: May_25_10:17: Loading constants.rb
 INFO LOG: May_25_10:17: Loading damage.rb
 INFO LOG: May_25_10:17: Loading class_property.rb
 INFO LOG: May_25_10:17: Loading scripts.rb
 INFO LOG: May_25_10:17: Loading tags.rb
 INFO LOG: May_25_10:17: Loading editor/editors.rb
 INFO LOG: May_25_10:17: Loading editor/editor.strings.rb
 INFO LOG: May_25_10:17: Loading editor/editor.rooms.rb
 INFO LOG: May_25_10:17: Loading editor/editor.exits.rb
 INFO LOG: May_25_10:17: Loading editor/editor.zones.rb
 INFO LOG: May_25_10:17: Loading editor/editor.npc.rb
 INFO LOG: May_25_10:17: Loading editor/editor.items.rb
 INFO LOG: May_25_10:17: Loading editor/editor.socials.rb
 INFO LOG: May_25_10:17: Loading socials.rb
 INFO LOG: May_25_10:17: Loading mxp.rb
 INFO LOG: May_25_10:17: Loading mccp.rb
 INFO LOG: May_25_10:17: Loading flags.rb
 INFO LOG: May_25_10:17: Loading areas.rb
 INFO LOG: May_25_10:17: Loading security.rb
 INFO LOG: May_25_10:17: Loading resets.rb
 INFO LOG: May_25_10:17: Loading event.rb
 INFO LOG: May_25_10:17: Loading automap/automap.rb
 INFO LOG: May_25_10:17: Loading cities.rb
 INFO LOG: May_25_10:17: Loading sector definitions.
 INFO LOG: May_25_10:17: Loading help.rb
 INFO LOG: May_25_10:17: Loading imcruby.rb
 INFO LOG: May_25_10:17: Loading player.rb
 INFO LOG: May_25_10:17: Loading commands.rb
 INFO LOG: May_25_10:17: Loading editor/editor.player.rb
 INFO LOG: May_25_10:17: Loading random.rb
 INFO LOG: May_25_10:17: Loading npc.rb
 INFO LOG: May_25_10:17: Loading items/types.rb
 INFO LOG: May_25_10:17: Loading items/items.rb
 INFO LOG: May_25_10:17: Loading spells.rb
 INFO LOG: May_25_10:18: Loading all zones.
 INFO LOG: May_25_10:18: Loading all socials.
 INFO LOG: May_25_10:18: Starting server.
 INFO LOG: May_25_10:18: CoralMUD is now up on port 4000.
 INFO LOG: May_25_10:18: -- 76.202.141.206:40901 connected to CoralMUD!
 INFO LOG: May_25_10:18: -- 76.202.141.206:40901: Retnur is trying to connect.
 INFO LOG: May_25_10:18: -- 76.202.141.206:40901: Retnur player file found.
 INFO LOG: May_25_10:18: -- Retnur has entered the game.
 INFO LOG: May_25_10:20: tick!!!
 INFO LOG: May_25_10:22: tick!!!
 INFO LOG: May_25_10:24: tick!!!
 INFO LOG: May_25_10:26: tick!!!
 INFO LOG: May_25_10:28: tick!!!
 INFO LOG: May_25_10:30: tick!!!
 INFO LOG: May_25_10:32: tick!!!
 INFO LOG: May_25_10:34: tick!!!
 INFO LOG: May_25_10:36: tick!!!
 INFO LOG: May_25_10:38: tick!!!
 INFO LOG: May_25_10:40: tick!!!
 INFO LOG: May_25_10:42: tick!!!
 INFO LOG: May_25_10:44: tick!!!
 INFO LOG: May_25_10:46: tick!!!
 INFO LOG: May_25_10:48: tick!!!
 INFO LOG: May_25_10:50: tick!!!
 INFO LOG: May_25_10:52: tick!!!
 INFO LOG: May_25_10:54: tick!!!
 INFO LOG: May_25_10:56: tick!!!
 INFO LOG: May_25_10:58: tick!!!
 INFO LOG: May_25_11:00: tick!!!
 INFO LOG: May_25_11:02: tick!!!
 INFO LOG: May_25_11:04: tick!!!
 INFO LOG: May_25_11:06: tick!!!
 INFO LOG: May_25_11:08: tick!!!
 INFO LOG: May_25_11:10: tick!!!
 INFO LOG: May_25_11:12: tick!!!
 INFO LOG: May_25_11:14: tick!!!
 INFO LOG: May_25_11:16: tick!!!
 INFO LOG: May_25_11:18: tick!!!
 INFO LOG: May_25_11:20: tick!!!
 INFO LOG: May_25_11:22: tick!!!
 INFO LOG: May_25_11:24: tick!!!
 INFO LOG: May_25_11:26: tick!!!
 INFO LOG: May_25_11:28: tick!!!
 INFO LOG: May_25_11:30: tick!!!
 INFO LOG: May_25_11:32: tick!!!
 INFO LOG: May_25_11:34: tick!!!
 INFO LOG: May_25_11:36: tick!!!
 INFO LOG: May_25_11:38: tick!!!
 INFO LOG: May_25_11:40: tick!!!
 INFO LOG: May_25_11:42: tick!!!
 INFO LOG: May_25_11:44: tick!!!
 INFO LOG: May_25_11:46: tick!!!
 INFO LOG: May_25_11:48: tick!!!
 INFO LOG: May_25_11:50: tick!!!
 INFO LOG: May_25_11:52: tick!!!
 INFO LOG: May_25_11:54: tick!!!
 INFO LOG: May_25_11:56: tick!!!
 INFO LOG: May_25_11:58: tick!!!
 INFO LOG: May_25_12:00: tick!!!
 INFO LOG: May_25_12:02: tick!!!
 INFO LOG: May_25_12:04: tick!!!
 INFO LOG: May_25_12:06: tick!!!
 INFO LOG: May_25_12:08: tick!!!
 INFO LOG: May_25_12:10: tick!!!
 INFO LOG: May_25_12:12: tick!!!
 INFO LOG: May_25_12:14: tick!!!
 INFO LOG: May_25_12:16: tick!!!
 INFO LOG: May_25_12:18: tick!!!
 INFO LOG: May_25_12:20: tick!!!
 INFO LOG: May_25_12:22: tick!!!
 INFO LOG: May_25_12:24: tick!!!
 INFO LOG: May_25_12:26: tick!!!
 INFO LOG: May_25_12:28: tick!!!
 INFO LOG: May_25_12:30: tick!!!
 INFO LOG: May_25_12:32: tick!!!
 INFO LOG: May_25_12:34: tick!!!
 INFO LOG: May_25_12:36: tick!!!
 INFO LOG: May_25_12:38: tick!!!
 INFO LOG: May_25_12:40: tick!!!
 INFO LOG: May_25_12:42: tick!!!
 INFO LOG: May_25_12:44: tick!!!
 INFO LOG: May_25_12:46: tick!!!
 INFO LOG: May_25_12:48: tick!!!
 INFO LOG: May_25_12:50: tick!!!
 INFO LOG: May_25_12:52: tick!!!
 INFO LOG: May_25_12:54: tick!!!
 INFO LOG: May_25_12:56: tick!!!
 INFO LOG: May_25_12:56: Loading resets.rb
 INFO LOG: May_25_12:56: -- #<Player:0x00000002ef9f28>:76.202.141.206:40901 disconnected from CoralMUD!
 INFO LOG: May_25_13:00: Logging enabled.   Loading logs.rb.
 INFO LOG: May_25_13:00: Loading spellcheck.rb
 INFO LOG: May_25_13:00: Loading facade.rb
 INFO LOG: May_25_13:00: Loading query_list.rb
 INFO LOG: May_25_13:00: Loading utils.rb
 INFO LOG: May_25_13:00: Loading constants.rb
 INFO LOG: May_25_13:00: Loading damage.rb
 INFO LOG: May_25_13:00: Loading class_property.rb
 INFO LOG: May_25_13:00: Loading scripts.rb
 INFO LOG: May_25_13:00: Loading tags.rb
 INFO LOG: May_25_13:00: Loading editor/editors.rb
 INFO LOG: May_25_13:00: Loading editor/editor.strings.rb
 INFO LOG: May_25_13:00: Loading editor/editor.rooms.rb
 INFO LOG: May_25_13:00: Loading editor/editor.exits.rb
 INFO LOG: May_25_13:00: Loading editor/editor.zones.rb
 INFO LOG: May_25_13:00: Loading editor/editor.npc.rb
 INFO LOG: May_25_13:00: Loading editor/editor.items.rb
 INFO LOG: May_25_13:00: Loading editor/editor.socials.rb
 INFO LOG: May_25_13:00: Loading socials.rb
 INFO LOG: May_25_13:00: Loading mxp.rb
 INFO LOG: May_25_13:00: Loading mccp.rb
 INFO LOG: May_25_13:00: Loading flags.rb
 INFO LOG: May_25_13:00: Loading areas.rb
 INFO LOG: May_25_13:00: Loading security.rb
 INFO LOG: May_25_13:00: Loading resets.rb
 INFO LOG: May_25_13:01: Logging enabled.   Loading logs.rb.
 INFO LOG: May_25_13:01: Loading spellcheck.rb
 INFO LOG: May_25_13:01: Loading facade.rb
 INFO LOG: May_25_13:01: Loading query_list.rb
 INFO LOG: May_25_13:01: Loading utils.rb
 INFO LOG: May_25_13:01: Loading constants.rb
 INFO LOG: May_25_13:01: Loading damage.rb
 INFO LOG: May_25_13:01: Loading class_property.rb
 INFO LOG: May_25_13:01: Loading scripts.rb
 INFO LOG: May_25_13:01: Loading tags.rb
 INFO LOG: May_25_13:01: Loading editor/editors.rb
 INFO LOG: May_25_13:01: Loading editor/editor.strings.rb
 INFO LOG: May_25_13:01: Loading editor/editor.rooms.rb
 INFO LOG: May_25_13:01: Loading editor/editor.exits.rb
 INFO LOG: May_25_13:01: Loading editor/editor.zones.rb
 INFO LOG: May_25_13:01: Loading editor/editor.npc.rb
 INFO LOG: May_25_13:01: Loading editor/editor.items.rb
 INFO LOG: May_25_13:01: Loading editor/editor.socials.rb
 INFO LOG: May_25_13:01: Loading socials.rb
 INFO LOG: May_25_13:01: Loading mxp.rb
 INFO LOG: May_25_13:01: Loading mccp.rb
 INFO LOG: May_25_13:01: Loading flags.rb
 INFO LOG: May_25_13:01: Loading areas.rb
 INFO LOG: May_25_13:01: Loading security.rb
 INFO LOG: May_25_13:01: Loading resets.rb
 INFO LOG: May_25_13:01: Loading event.rb
 INFO LOG: May_25_13:01: Loading automap/automap.rb
 INFO LOG: May_25_13:01: Loading cities.rb
 INFO LOG: May_25_13:01: Loading sector definitions.
 INFO LOG: May_25_13:01: Loading help.rb
 INFO LOG: May_25_13:01: Loading imcruby.rb
 INFO LOG: May_25_13:01: Loading player.rb
 INFO LOG: May_25_13:01: Loading commands.rb
 INFO LOG: May_25_13:01: Loading editor/editor.player.rb
 INFO LOG: May_25_13:01: Loading random.rb
 INFO LOG: May_25_13:01: Loading npc.rb
 INFO LOG: May_25_13:01: Loading items/types.rb
 INFO LOG: May_25_13:01: Loading items/items.rb
 INFO LOG: May_25_13:01: Loading spells.rb
 INFO LOG: May_25_13:01: Loading all zones.
 INFO LOG: May_25_13:01: Loading all socials.
 INFO LOG: May_25_13:01: Starting server.
 INFO LOG: May_25_13:01: CoralMUD is now up on port 4000.
 INFO LOG: May_25_13:01: -- 76.202.141.206:46115 connected to CoralMUD!
 INFO LOG: May_25_13:01: -- 76.202.141.206:46115: Retnur is trying to connect.
 INFO LOG: May_25_13:01: -- 76.202.141.206:46115: Retnur player file found.
 INFO LOG: May_25_13:01: -- Retnur has entered the game.
ERROR LOG: undefined local variable or method `found_name' for #<Player:0x00000001b4f388>
ERROR LOG: /home/heath/coral/lib/commands/purge.rb:14:in `cmd_purge'
ERROR LOG: /home/heath/coral/lib/commands.rb:307:in `execute_command'
ERROR LOG: /home/heath/coral/core/socketengine.rb:170:in `block in handle_cmd_input'
ERROR LOG: /home/heath/coral/core/socketengine.rb:169:in `times'
ERROR LOG: /home/heath/coral/core/socketengine.rb:169:in `handle_cmd_input'
ERROR LOG: /home/heath/coral/core/socketengine.rb:133:in `receive_data'
ERROR LOG: /usr/local/lib/ruby/gems/1.9.1/gems/eventmachine-0.12.8/lib/eventmachine.rb:242:in `run_machine'
ERROR LOG: /usr/local/lib/ruby/gems/1.9.1/gems/eventmachine-0.12.8/lib/eventmachine.rb:242:in `run'
ERROR LOG: coral.rb:175:in `<main>'
 INFO LOG: May_25_13:03: tick!!!
 INFO LOG: May_25_13:04: -- #<Player:0x00000001b4f388>:76.202.141.206:46115 disconnected from CoralMUD!
 INFO LOG: May_25_13:04: Logging enabled.   Loading logs.rb.
 INFO LOG: May_25_13:04: Loading spellcheck.rb
 INFO LOG: May_25_13:04: Loading facade.rb
 INFO LOG: May_25_13:04: Loading query_list.rb
 INFO LOG: May_25_13:04: Loading utils.rb
 INFO LOG: May_25_13:04: Loading constants.rb
 INFO LOG: May_25_13:04: Loading damage.rb
 INFO LOG: May_25_13:04: Loading class_property.rb
 INFO LOG: May_25_13:04: Loading scripts.rb
 INFO LOG: May_25_13:04: Loading tags.rb
 INFO LOG: May_25_13:04: Loading editor/editors.rb
 INFO LOG: May_25_13:04: Loading editor/editor.strings.rb
 INFO LOG: May_25_13:04: Loading editor/editor.rooms.rb
 INFO LOG: May_25_13:04: Loading editor/editor.exits.rb
 INFO LOG: May_25_13:04: Loading editor/editor.zones.rb
 INFO LOG: May_25_13:04: Loading editor/editor.npc.rb
 INFO LOG: May_25_13:04: Loading editor/editor.items.rb
 INFO LOG: May_25_13:04: Loading editor/editor.socials.rb
 INFO LOG: May_25_13:04: Loading socials.rb
 INFO LOG: May_25_13:04: Loading mxp.rb
 INFO LOG: May_25_13:04: Loading mccp.rb
 INFO LOG: May_25_13:04: Loading flags.rb
 INFO LOG: May_25_13:04: Loading areas.rb
 INFO LOG: May_25_13:04: Loading security.rb
 INFO LOG: May_25_13:04: Loading resets.rb
 INFO LOG: May_25_13:04: Loading event.rb
 INFO LOG: May_25_13:04: Loading automap/automap.rb
 INFO LOG: May_25_13:04: Loading cities.rb
 INFO LOG: May_25_13:04: Loading sector definitions.
 INFO LOG: May_25_13:04: Loading help.rb
 INFO LOG: May_25_13:04: Loading imcruby.rb
 INFO LOG: May_25_13:04: Loading player.rb
 INFO LOG: May_25_13:04: Loading commands.rb
 INFO LOG: May_25_13:05: Logging enabled.   Loading logs.rb.
 INFO LOG: May_25_13:05: Loading spellcheck.rb
 INFO LOG: May_25_13:05: Loading facade.rb
 INFO LOG: May_25_13:05: Loading query_list.rb
 INFO LOG: May_25_13:05: Loading utils.rb
 INFO LOG: May_25_13:05: Loading constants.rb
 INFO LOG: May_25_13:05: Loading damage.rb
 INFO LOG: May_25_13:05: Loading class_property.rb
 INFO LOG: May_25_13:05: Loading scripts.rb
 INFO LOG: May_25_13:05: Loading tags.rb
 INFO LOG: May_25_13:05: Loading editor/editors.rb
 INFO LOG: May_25_13:05: Loading editor/editor.strings.rb
 INFO LOG: May_25_13:05: Loading editor/editor.rooms.rb
 INFO LOG: May_25_13:05: Loading editor/editor.exits.rb
 INFO LOG: May_25_13:05: Loading editor/editor.zones.rb
 INFO LOG: May_25_13:05: Loading editor/editor.npc.rb
 INFO LOG: May_25_13:05: Loading editor/editor.items.rb
 INFO LOG: May_25_13:05: Loading editor/editor.socials.rb
 INFO LOG: May_25_13:05: Loading socials.rb
 INFO LOG: May_25_13:05: Loading mxp.rb
 INFO LOG: May_25_13:05: Loading mccp.rb
 INFO LOG: May_25_13:05: Loading flags.rb
 INFO LOG: May_25_13:05: Loading areas.rb
 INFO LOG: May_25_13:05: Loading security.rb
 INFO LOG: May_25_13:05: Loading resets.rb
 INFO LOG: May_25_13:05: Loading event.rb
 INFO LOG: May_25_13:05: Loading automap/automap.rb
 INFO LOG: May_25_13:05: Loading cities.rb
 INFO LOG: May_25_13:05: Loading sector definitions.
 INFO LOG: May_25_13:05: Loading help.rb
 INFO LOG: May_25_13:05: Loading imcruby.rb
 INFO LOG: May_25_13:05: Loading player.rb
 INFO LOG: May_25_13:05: Loading commands.rb
 INFO LOG: May_25_13:05: Loading editor/editor.player.rb
 INFO LOG: May_25_13:05: Loading random.rb
 INFO LOG: May_25_13:05: Loading npc.rb
 INFO LOG: May_25_13:05: Loading items/types.rb
 INFO LOG: May_25_13:05: Loading items/items.rb
 INFO LOG: May_25_13:05: Loading spells.rb
 INFO LOG: May_25_13:05: Loading all zones.
 INFO LOG: May_25_13:05: Loading all socials.
 INFO LOG: May_25_13:05: Starting server.
 INFO LOG: May_25_13:05: CoralMUD is now up on port 4000.
 INFO LOG: May_25_13:05: -- 76.202.141.206:36282 connected to CoralMUD!
 INFO LOG: May_25_13:05: -- 76.202.141.206:36282: Retnur is trying to connect.
 INFO LOG: May_25_13:05: -- 76.202.141.206:36282: Retnur player file found.
 INFO LOG: May_25_13:05: -- Retnur has entered the game.
 INFO LOG: May_25_13:07: tick!!!
 INFO LOG: May_25_13:09: tick!!!
 INFO LOG: May_25_13:09: Loading npc.rb
 INFO LOG: May_25_13:11: tick!!!
 INFO LOG: May_25_13:11: -- #<Player:0x00000002078ad0>:76.202.141.206:36282 disconnected from CoralMUD!
 INFO LOG: May_25_13:11: Logging enabled.   Loading logs.rb.
 INFO LOG: May_25_13:11: Loading spellcheck.rb
 INFO LOG: May_25_13:11: Loading facade.rb
 INFO LOG: May_25_13:11: Loading query_list.rb
 INFO LOG: May_25_13:11: Loading utils.rb
 INFO LOG: May_25_13:11: Loading constants.rb
 INFO LOG: May_25_13:11: Loading damage.rb
 INFO LOG: May_25_13:11: Loading class_property.rb
 INFO LOG: May_25_13:11: Loading scripts.rb
 INFO LOG: May_25_13:11: Loading tags.rb
 INFO LOG: May_25_13:11: Loading editor/editors.rb
 INFO LOG: May_25_13:11: Loading editor/editor.strings.rb
 INFO LOG: May_25_13:11: Loading editor/editor.rooms.rb
 INFO LOG: May_25_13:11: Loading editor/editor.exits.rb
 INFO LOG: May_25_13:11: Loading editor/editor.zones.rb
 INFO LOG: May_25_13:11: Loading editor/editor.npc.rb
 INFO LOG: May_25_13:11: Loading editor/editor.items.rb
 INFO LOG: May_25_13:11: Loading editor/editor.socials.rb
 INFO LOG: May_25_13:11: Loading socials.rb
 INFO LOG: May_25_13:11: Loading mxp.rb
 INFO LOG: May_25_13:11: Loading mccp.rb
 INFO LOG: May_25_13:11: Loading flags.rb
 INFO LOG: May_25_13:11: Loading areas.rb
 INFO LOG: May_25_13:11: Loading security.rb
 INFO LOG: May_25_13:11: Loading resets.rb
 INFO LOG: May_25_13:11: Loading event.rb
 INFO LOG: May_25_13:11: Loading automap/automap.rb
 INFO LOG: May_25_13:11: Loading cities.rb
 INFO LOG: May_25_13:11: Loading sector definitions.
 INFO LOG: May_25_13:11: Loading help.rb
 INFO LOG: May_25_13:11: Loading imcruby.rb
 INFO LOG: May_25_13:11: Loading player.rb
 INFO LOG: May_25_13:11: Loading commands.rb
 INFO LOG: May_25_13:12: Logging enabled.   Loading logs.rb.
 INFO LOG: May_25_13:12: Loading spellcheck.rb
 INFO LOG: May_25_13:12: Loading facade.rb
 INFO LOG: May_25_13:12: Loading query_list.rb
 INFO LOG: May_25_13:12: Loading utils.rb
 INFO LOG: May_25_13:12: Loading constants.rb
 INFO LOG: May_25_13:12: Loading damage.rb
 INFO LOG: May_25_13:12: Loading class_property.rb
 INFO LOG: May_25_13:12: Loading scripts.rb
 INFO LOG: May_25_13:12: Loading tags.rb
 INFO LOG: May_25_13:12: Loading editor/editors.rb
 INFO LOG: May_25_13:12: Loading editor/editor.strings.rb
 INFO LOG: May_25_13:12: Loading editor/editor.rooms.rb
 INFO LOG: May_25_13:12: Loading editor/editor.exits.rb
 INFO LOG: May_25_13:12: Loading editor/editor.zones.rb
 INFO LOG: May_25_13:12: Loading editor/editor.npc.rb
 INFO LOG: May_25_13:12: Loading editor/editor.items.rb
 INFO LOG: May_25_13:12: Loading editor/editor.socials.rb
 INFO LOG: May_25_13:12: Loading socials.rb
 INFO LOG: May_25_13:12: Loading mxp.rb
 INFO LOG: May_25_13:12: Loading mccp.rb
 INFO LOG: May_25_13:12: Loading flags.rb
 INFO LOG: May_25_13:12: Loading areas.rb
 INFO LOG: May_25_13:12: Loading security.rb
 INFO LOG: May_25_13:12: Loading resets.rb
 INFO LOG: May_25_13:12: Loading event.rb
 INFO LOG: May_25_13:12: Loading automap/automap.rb
 INFO LOG: May_25_13:12: Loading cities.rb
 INFO LOG: May_25_13:12: Loading sector definitions.
 INFO LOG: May_25_13:12: Loading help.rb
 INFO LOG: May_25_13:12: Loading imcruby.rb
 INFO LOG: May_25_13:12: Loading player.rb
 INFO LOG: May_25_13:12: Loading commands.rb
 INFO LOG: May_25_13:12: Loading editor/editor.player.rb
 INFO LOG: May_25_13:12: Loading random.rb
 INFO LOG: May_25_13:12: Loading npc.rb
 INFO LOG: May_25_13:12: Loading items/types.rb
 INFO LOG: May_25_13:12: Loading items/items.rb
 INFO LOG: May_25_13:12: Loading spells.rb
 INFO LOG: May_25_13:12: Loading all zones.
 INFO LOG: May_25_13:12: Loading all socials.
 INFO LOG: May_25_13:12: Starting server.
 INFO LOG: May_25_13:12: CoralMUD is now up on port 4000.
 INFO LOG: May_25_13:12: -- 76.202.141.206:60484 connected to CoralMUD!
 INFO LOG: May_25_13:12: -- 76.202.141.206:60484: () Invalid name in character creation.
 INFO LOG: May_25_13:12: -- 76.202.141.206:60484: Retnur is trying to connect.
 INFO LOG: May_25_13:12: -- 76.202.141.206:60484: Retnur player file found.
 INFO LOG: May_25_13:12: -- Retnur has entered the game.
ERROR LOG: undefined local variable or method `obj' for #<Player:0x00000001d6d958>
ERROR LOG: /home/heath/coral/lib/commands/purge.rb:7:in `block in cmd_purge'
ERROR LOG: /home/heath/coral/lib/commands/purge.rb:6:in `each'
ERROR LOG: /home/heath/coral/lib/commands/purge.rb:6:in `cmd_purge'
ERROR LOG: /home/heath/coral/lib/commands.rb:307:in `execute_command'
ERROR LOG: /home/heath/coral/core/socketengine.rb:170:in `block in handle_cmd_input'
ERROR LOG: /home/heath/coral/core/socketengine.rb:169:in `times'
ERROR LOG: /home/heath/coral/core/socketengine.rb:169:in `handle_cmd_input'
ERROR LOG: /home/heath/coral/core/socketengine.rb:133:in `receive_data'
ERROR LOG: /usr/local/lib/ruby/gems/1.9.1/gems/eventmachine-0.12.8/lib/eventmachine.rb:242:in `run_machine'
ERROR LOG: /usr/local/lib/ruby/gems/1.9.1/gems/eventmachine-0.12.8/lib/eventmachine.rb:242:in `run'
ERROR LOG: coral.rb:175:in `<main>'
 INFO LOG: May_25_13:12: -- #<Player:0x00000001d6d958>:76.202.141.206:60484 disconnected from CoralMUD!
 INFO LOG: May_25_13:12: Logging enabled.   Loading logs.rb.
 INFO LOG: May_25_13:12: Loading spellcheck.rb
 INFO LOG: May_25_13:12: Loading facade.rb
 INFO LOG: May_25_13:12: Loading query_list.rb
 INFO LOG: May_25_13:12: Loading utils.rb
 INFO LOG: May_25_13:12: Loading constants.rb
 INFO LOG: May_25_13:12: Loading damage.rb
 INFO LOG: May_25_13:12: Loading class_property.rb
 INFO LOG: May_25_13:12: Loading scripts.rb
 INFO LOG: May_25_13:12: Loading tags.rb
 INFO LOG: May_25_13:12: Loading editor/editors.rb
 INFO LOG: May_25_13:12: Loading editor/editor.strings.rb
 INFO LOG: May_25_13:12: Loading editor/editor.rooms.rb
 INFO LOG: May_25_13:12: Loading editor/editor.exits.rb
 INFO LOG: May_25_13:12: Loading editor/editor.zones.rb
 INFO LOG: May_25_13:12: Loading editor/editor.npc.rb
 INFO LOG: May_25_13:12: Loading editor/editor.items.rb
 INFO LOG: May_25_13:12: Loading editor/editor.socials.rb
 INFO LOG: May_25_13:12: Loading socials.rb
 INFO LOG: May_25_13:12: Loading mxp.rb
 INFO LOG: May_25_13:12: Loading mccp.rb
 INFO LOG: May_25_13:12: Loading flags.rb
 INFO LOG: May_25_13:12: Loading areas.rb
 INFO LOG: May_25_13:12: Loading security.rb
 INFO LOG: May_25_13:12: Loading resets.rb
 INFO LOG: May_25_13:12: Loading event.rb
 INFO LOG: May_25_13:12: Loading automap/automap.rb
 INFO LOG: May_25_13:12: Loading cities.rb
 INFO LOG: May_25_13:12: Loading sector definitions.
 INFO LOG: May_25_13:12: Loading help.rb
 INFO LOG: May_25_13:12: Loading imcruby.rb
 INFO LOG: May_25_13:12: Loading player.rb
 INFO LOG: May_25_13:12: Loading commands.rb
 INFO LOG: May_25_13:12: Loading editor/editor.player.rb
 INFO LOG: May_25_13:12: Loading random.rb
 INFO LOG: May_25_13:12: Loading npc.rb
 INFO LOG: May_25_13:12: Loading items/types.rb
 INFO LOG: May_25_13:12: Loading items/items.rb
 INFO LOG: May_25_13:12: Loading spells.rb
 INFO LOG: May_25_13:12: Loading all zones.
 INFO LOG: May_25_13:12: Loading all socials.
 INFO LOG: May_25_13:12: Starting server.
 INFO LOG: May_25_13:12: CoralMUD is now up on port 4000.
 INFO LOG: May_25_13:12: -- 76.202.141.206:33738 connected to CoralMUD!
 INFO LOG: May_25_13:12: -- 76.202.141.206:33738: () Invalid name in character creation.
 INFO LOG: May_25_13:12: -- 76.202.141.206:33738: Retnur is trying to connect.
 INFO LOG: May_25_13:12: -- 76.202.141.206:33738: Retnur player file found.
 INFO LOG: May_25_13:13: -- Retnur has entered the game.
ERROR LOG: undefined local variable or method `found' for #<Player:0x0000000298cc48>
ERROR LOG: /home/heath/coral/lib/commands/purge.rb:10:in `cmd_purge'
ERROR LOG: /home/heath/coral/lib/commands.rb:307:in `execute_command'
ERROR LOG: /home/heath/coral/core/socketengine.rb:170:in `block in handle_cmd_input'
ERROR LOG: /home/heath/coral/core/socketengine.rb:169:in `times'
ERROR LOG: /home/heath/coral/core/socketengine.rb:169:in `handle_cmd_input'
ERROR LOG: /home/heath/coral/core/socketengine.rb:133:in `receive_data'
ERROR LOG: /usr/local/lib/ruby/gems/1.9.1/gems/eventmachine-0.12.8/lib/eventmachine.rb:242:in `run_machine'
ERROR LOG: /usr/local/lib/ruby/gems/1.9.1/gems/eventmachine-0.12.8/lib/eventmachine.rb:242:in `run'
ERROR LOG: coral.rb:175:in `<main>'
ERROR LOG: undefined method `each_bfs' for nil:NilClass
ERROR LOG: /home/heath/coral/lib/automap/automap.rb:24:in `build_map'
ERROR LOG: /home/heath/coral/lib/automap/automap.rb:9:in `initialize'
ERROR LOG: /home/heath/coral/lib/commands/look.rb:48:in `new'
ERROR LOG: /home/heath/coral/lib/commands/look.rb:48:in `cmd_look'
ERROR LOG: /home/heath/coral/lib/commands.rb:307:in `execute_command'
ERROR LOG: /home/heath/coral/core/socketengine.rb:170:in `block in handle_cmd_input'
ERROR LOG: /home/heath/coral/core/socketengine.rb:169:in `times'
ERROR LOG: /home/heath/coral/core/socketengine.rb:169:in `handle_cmd_input'
ERROR LOG: /home/heath/coral/core/socketengine.rb:133:in `receive_data'
ERROR LOG: /usr/local/lib/ruby/gems/1.9.1/gems/eventmachine-0.12.8/lib/eventmachine.rb:242:in `run_machine'
ERROR LOG: /usr/local/lib/ruby/gems/1.9.1/gems/eventmachine-0.12.8/lib/eventmachine.rb:242:in `run'
ERROR LOG: coral.rb:175:in `<main>'
 INFO LOG: May_25_13:14: tick!!!
 INFO LOG: May_25_13:15: -- #<Player:0x0000000298cc48>:76.202.141.206:33738 disconnected from CoralMUD!
 INFO LOG: May_25_13:15: Logging enabled.   Loading logs.rb.
 INFO LOG: May_25_13:15: Loading spellcheck.rb
 INFO LOG: May_25_13:15: Loading facade.rb
 INFO LOG: May_25_13:15: Loading query_list.rb
 INFO LOG: May_25_13:15: Loading utils.rb
 INFO LOG: May_25_13:15: Loading constants.rb
 INFO LOG: May_25_13:15: Loading damage.rb
 INFO LOG: May_25_13:15: Loading class_property.rb
 INFO LOG: May_25_13:15: Loading scripts.rb
 INFO LOG: May_25_13:15: Loading tags.rb
 INFO LOG: May_25_13:15: Loading editor/editors.rb
 INFO LOG: May_25_13:15: Loading editor/editor.strings.rb
 INFO LOG: May_25_13:15: Loading editor/editor.rooms.rb
 INFO LOG: May_25_13:15: Loading editor/editor.exits.rb
 INFO LOG: May_25_13:15: Loading editor/editor.zones.rb
 INFO LOG: May_25_13:15: Loading editor/editor.npc.rb
 INFO LOG: May_25_13:15: Loading editor/editor.items.rb
 INFO LOG: May_25_13:15: Loading editor/editor.socials.rb
 INFO LOG: May_25_13:15: Loading socials.rb
 INFO LOG: May_25_13:15: Loading mxp.rb
 INFO LOG: May_25_13:15: Loading mccp.rb
 INFO LOG: May_25_13:15: Loading flags.rb
 INFO LOG: May_25_13:15: Loading areas.rb
 INFO LOG: May_25_13:15: Loading security.rb
 INFO LOG: May_25_13:15: Loading resets.rb
 INFO LOG: May_25_13:15: Loading event.rb
 INFO LOG: May_25_13:15: Loading automap/automap.rb
 INFO LOG: May_25_13:15: Loading cities.rb
 INFO LOG: May_25_13:15: Loading sector definitions.
 INFO LOG: May_25_13:15: Loading help.rb
 INFO LOG: May_25_13:15: Loading imcruby.rb
 INFO LOG: May_25_13:15: Loading player.rb
 INFO LOG: May_25_13:15: Loading commands.rb
 INFO LOG: May_25_13:15: Loading editor/editor.player.rb
 INFO LOG: May_25_13:15: Loading random.rb
 INFO LOG: May_25_13:15: Loading npc.rb
 INFO LOG: May_25_13:15: Loading items/types.rb
 INFO LOG: May_25_13:15: Loading items/items.rb
 INFO LOG: May_25_13:15: Loading spells.rb
 INFO LOG: May_25_13:15: Loading all zones.
 INFO LOG: May_25_13:15: Loading all socials.
 INFO LOG: May_25_13:15: Starting server.
 INFO LOG: May_25_13:15: CoralMUD is now up on port 4000.
 INFO LOG: May_25_13:15: -- 76.202.141.206:51620 connected to CoralMUD!
 INFO LOG: May_25_13:15: -- 76.202.141.206:51620: Retnur is trying to connect.
 INFO LOG: May_25_13:15: -- 76.202.141.206:51620: Retnur player file found.
 INFO LOG: May_25_13:15: -- Retnur has entered the game.
 INFO LOG: May_25_13:17: tick!!!
 INFO LOG: May_25_13:19: tick!!!
 INFO LOG: May_25_13:21: tick!!!
 INFO LOG: May_25_13:23: tick!!!
 INFO LOG: May_25_13:25: tick!!!
 INFO LOG: May_25_13:27: tick!!!
 INFO LOG: May_25_13:29: tick!!!
 INFO LOG: May_25_13:31: tick!!!
 INFO LOG: May_25_13:33: tick!!!
 INFO LOG: May_25_13:35: tick!!!
 INFO LOG: May_25_13:36: -- #<Player:0x00000001be4410>:76.202.141.206:51620 disconnected from CoralMUD!
 INFO LOG: May_25_13:36: Logging enabled.   Loading logs.rb.
 INFO LOG: May_25_13:36: Loading spellcheck.rb
 INFO LOG: May_25_13:36: Loading facade.rb
 INFO LOG: May_25_13:36: Loading query_list.rb
 INFO LOG: May_25_13:36: Loading utils.rb
 INFO LOG: May_25_13:36: Loading constants.rb
 INFO LOG: May_25_13:36: Loading damage.rb
 INFO LOG: May_25_13:36: Loading class_property.rb
 INFO LOG: May_25_13:36: Loading scripts.rb
 INFO LOG: May_25_13:36: Loading tags.rb
 INFO LOG: May_25_13:36: Loading editor/editors.rb
 INFO LOG: May_25_13:36: Loading editor/editor.strings.rb
 INFO LOG: May_25_13:36: Loading editor/editor.rooms.rb
 INFO LOG: May_25_13:36: Loading editor/editor.exits.rb
 INFO LOG: May_25_13:36: Loading editor/editor.zones.rb
 INFO LOG: May_25_13:36: Loading editor/editor.npc.rb
 INFO LOG: May_25_13:36: Loading editor/editor.items.rb
 INFO LOG: May_25_13:36: Loading editor/editor.socials.rb
 INFO LOG: May_25_13:36: Loading socials.rb
 INFO LOG: May_25_13:36: Loading mxp.rb
 INFO LOG: May_25_13:36: Loading mccp.rb
 INFO LOG: May_25_13:36: Loading flags.rb
 INFO LOG: May_25_13:36: Loading areas.rb
 INFO LOG: May_25_13:36: Loading security.rb
 INFO LOG: May_25_13:36: Loading resets.rb
 INFO LOG: May_25_13:36: Loading event.rb
 INFO LOG: May_25_13:36: Loading automap/automap.rb
 INFO LOG: May_25_13:36: Loading cities.rb
 INFO LOG: May_25_13:36: Loading sector definitions.
 INFO LOG: May_25_13:36: Loading help.rb
 INFO LOG: May_25_13:36: Loading imcruby.rb
 INFO LOG: May_25_13:36: Loading player.rb
 INFO LOG: May_25_13:36: Loading commands.rb
 INFO LOG: May_25_13:36: Loading editor/editor.player.rb
 INFO LOG: May_25_13:36: Loading random.rb
 INFO LOG: May_25_13:36: Loading npc.rb
 INFO LOG: May_25_13:36: Loading items/types.rb
 INFO LOG: May_25_13:36: Loading items/items.rb
 INFO LOG: May_25_13:36: Loading spells.rb
 INFO LOG: May_25_13:36: Loading all zones.
 INFO LOG: May_25_13:36: Loading all socials.
 INFO LOG: May_25_13:36: Starting server.
 INFO LOG: May_25_13:36: CoralMUD is now up on port 4000.
 INFO LOG: May_25_13:36: -- 76.202.141.206:34964 connected to CoralMUD!
 INFO LOG: May_25_13:36: -- 76.202.141.206:34964: () Invalid name in character creation.
 INFO LOG: May_25_13:36: -- 76.202.141.206:34964: () Invalid name in character creation.
 INFO LOG: May_25_13:36: -- 76.202.141.206:34964: Retnur is trying to connect.
 INFO LOG: May_25_13:36: -- 76.202.141.206:34964: Retnur player file found.
 INFO LOG: May_25_13:36: -- Retnur has entered the game.
 INFO LOG: May_25_13:38: tick!!!
 INFO LOG: May_25_13:39: Loading items/items.rb
 INFO LOG: May_25_13:39: -- #<Player:0x000000033fc890>:76.202.141.206:34964 disconnected from CoralMUD!
 INFO LOG: May_25_13:39: Logging enabled.   Loading logs.rb.
 INFO LOG: May_25_13:39: Loading spellcheck.rb
 INFO LOG: May_25_13:39: Loading facade.rb
 INFO LOG: May_25_13:39: Loading query_list.rb
 INFO LOG: May_25_13:39: Loading utils.rb
 INFO LOG: May_25_13:39: Loading constants.rb
 INFO LOG: May_25_13:39: Loading damage.rb
 INFO LOG: May_25_13:39: Loading class_property.rb
 INFO LOG: May_25_13:39: Loading scripts.rb
 INFO LOG: May_25_13:39: Loading tags.rb
 INFO LOG: May_25_13:39: Loading editor/editors.rb
 INFO LOG: May_25_13:39: Loading editor/editor.strings.rb
 INFO LOG: May_25_13:39: Loading editor/editor.rooms.rb
 INFO LOG: May_25_13:39: Loading editor/editor.exits.rb
 INFO LOG: May_25_13:39: Loading editor/editor.zones.rb
 INFO LOG: May_25_13:39: Loading editor/editor.npc.rb
 INFO LOG: May_25_13:39: Loading editor/editor.items.rb
 INFO LOG: May_25_13:39: Loading editor/editor.socials.rb
 INFO LOG: May_25_13:39: Loading socials.rb
 INFO LOG: May_25_13:39: Loading mxp.rb
 INFO LOG: May_25_13:39: Loading mccp.rb
 INFO LOG: May_25_13:39: Loading flags.rb
 INFO LOG: May_25_13:39: Loading areas.rb
 INFO LOG: May_25_13:39: Loading security.rb
 INFO LOG: May_25_13:39: Loading resets.rb
 INFO LOG: May_25_13:39: Loading event.rb
 INFO LOG: May_25_13:39: Loading automap/automap.rb
 INFO LOG: May_25_13:39: Loading cities.rb
 INFO LOG: May_25_13:39: Loading sector definitions.
 INFO LOG: May_25_13:39: Loading help.rb
 INFO LOG: May_25_13:39: Loading imcruby.rb
 INFO LOG: May_25_13:39: Loading player.rb
 INFO LOG: May_25_13:39: Loading commands.rb
 INFO LOG: May_25_13:39: Loading editor/editor.player.rb
 INFO LOG: May_25_13:39: Loading random.rb
 INFO LOG: May_25_13:39: Loading npc.rb
 INFO LOG: May_25_13:39: Loading items/types.rb
 INFO LOG: May_25_13:39: Loading items/items.rb
 INFO LOG: May_25_13:39: Loading spells.rb
 INFO LOG: May_25_13:39: Loading all zones.
 INFO LOG: May_25_13:39: Loading all socials.
 INFO LOG: May_25_13:39: Starting server.
 INFO LOG: May_25_13:39: CoralMUD is now up on port 4000.
 INFO LOG: May_25_13:39: -- 76.202.141.206:59916 connected to CoralMUD!
 INFO LOG: May_25_13:39: -- 76.202.141.206:59916: () Invalid name in character creation.
 INFO LOG: May_25_13:39: -- 76.202.141.206:59916: () Invalid name in character creation.
 INFO LOG: May_25_13:39: -- 76.202.141.206:59916: Retnur is trying to connect.
 INFO LOG: May_25_13:39: -- 76.202.141.206:59916: Retnur player file found.
 INFO LOG: May_25_13:39: -- Retnur has entered the game.
 INFO LOG: May_25_13:41: tick!!!
 INFO LOG: May_25_13:43: tick!!!
 INFO LOG: May_25_13:45: tick!!!
 INFO LOG: May_25_13:47: tick!!!
 INFO LOG: May_25_13:49: tick!!!
 INFO LOG: May_25_13:50: Loading resets.rb
 INFO LOG: May_25_13:51: tick!!!
 INFO LOG: May_25_13:53: tick!!!
 INFO LOG: May_25_13:55: tick!!!
 INFO LOG: May_25_13:57: tick!!!
 INFO LOG: May_25_13:59: tick!!!
 INFO LOG: May_25_14:01: tick!!!
 INFO LOG: May_25_14:03: tick!!!
 INFO LOG: May_25_14:05: tick!!!
 INFO LOG: May_25_14:07: tick!!!
 INFO LOG: May_25_14:09: tick!!!
 INFO LOG: May_25_14:11: tick!!!
 INFO LOG: May_25_14:13: tick!!!
 INFO LOG: May_25_14:15: tick!!!
 INFO LOG: May_25_14:17: tick!!!
 INFO LOG: May_25_14:19: tick!!!
 INFO LOG: May_25_14:21: tick!!!
 INFO LOG: May_25_14:23: tick!!!
 INFO LOG: May_25_14:25: tick!!!
 INFO LOG: May_25_14:27: tick!!!
 INFO LOG: May_25_14:29: tick!!!
 INFO LOG: May_25_14:31: tick!!!
 INFO LOG: May_25_14:33: tick!!!
 INFO LOG: May_25_14:35: tick!!!
 INFO LOG: May_25_14:37: tick!!!
 INFO LOG: May_25_14:39: tick!!!
 INFO LOG: May_25_14:41: tick!!!
 INFO LOG: May_25_14:43: tick!!!
 INFO LOG: May_25_14:45: tick!!!
 INFO LOG: May_25_14:47: tick!!!
 INFO LOG: May_25_14:49: tick!!!
 INFO LOG: May_25_14:51: tick!!!
 INFO LOG: May_25_14:53: tick!!!
 INFO LOG: May_25_14:55: tick!!!
 INFO LOG: May_25_14:57: tick!!!
 INFO LOG: May_25_14:59: tick!!!
 INFO LOG: May_25_15:01: tick!!!
 INFO LOG: May_25_15:03: tick!!!
 INFO LOG: May_25_15:05: tick!!!
 INFO LOG: May_25_15:07: tick!!!
 INFO LOG: May_25_15:09: tick!!!
 INFO LOG: May_25_15:11: tick!!!
 INFO LOG: May_25_15:13: tick!!!
 INFO LOG: May_25_15:15: tick!!!
 INFO LOG: May_25_15:17: tick!!!
 INFO LOG: May_25_15:19: tick!!!
 INFO LOG: May_25_15:21: tick!!!
 INFO LOG: May_25_15:22: -- #<Player:0x00000002430a38>:76.202.141.206:59916 disconnected from CoralMUD!
 INFO LOG: May_25_15:22: Logging enabled.   Loading logs.rb.
 INFO LOG: May_25_15:22: Loading spellcheck.rb
 INFO LOG: May_25_15:22: Loading facade.rb
 INFO LOG: May_25_15:22: Loading query_list.rb
 INFO LOG: May_25_15:22: Loading utils.rb
 INFO LOG: May_25_15:22: Loading constants.rb
 INFO LOG: May_25_15:22: Loading damage.rb
 INFO LOG: May_25_15:22: Loading class_property.rb
 INFO LOG: May_25_15:22: Loading scripts.rb
 INFO LOG: May_25_15:22: Loading tags.rb
 INFO LOG: May_25_15:22: Loading editor/editors.rb
 INFO LOG: May_25_15:22: Loading editor/editor.strings.rb
 INFO LOG: May_25_15:22: Loading editor/editor.rooms.rb
 INFO LOG: May_25_15:22: Loading editor/editor.exits.rb
 INFO LOG: May_25_15:22: Loading editor/editor.zones.rb
 INFO LOG: May_25_15:22: Loading editor/editor.npc.rb
 INFO LOG: May_25_15:22: Loading editor/editor.items.rb
 INFO LOG: May_25_15:22: Loading editor/editor.socials.rb
 INFO LOG: May_25_15:22: Loading socials.rb
 INFO LOG: May_25_15:22: Loading mxp.rb
 INFO LOG: May_25_15:22: Loading mccp.rb
 INFO LOG: May_25_15:22: Loading flags.rb
 INFO LOG: May_25_15:22: Loading areas.rb
 INFO LOG: May_25_15:22: Loading security.rb
 INFO LOG: May_25_15:22: Loading resets.rb
 INFO LOG: May_25_15:22: Loading event.rb
 INFO LOG: May_25_15:22: Loading automap/automap.rb
 INFO LOG: May_25_15:22: Loading cities.rb
 INFO LOG: May_25_15:22: Loading sector definitions.
 INFO LOG: May_25_15:22: Loading help.rb
 INFO LOG: May_25_15:22: Loading imcruby.rb
 INFO LOG: May_25_15:22: Loading player.rb
 INFO LOG: May_25_15:22: Loading commands.rb
 INFO LOG: May_25_15:22: Loading editor/editor.player.rb
 INFO LOG: May_25_15:22: Loading random.rb
 INFO LOG: May_25_15:22: Loading npc.rb
 INFO LOG: May_25_15:22: Loading items/types.rb
 INFO LOG: May_25_15:22: Loading items/items.rb
 INFO LOG: May_25_15:22: Loading spells.rb
 INFO LOG: May_25_15:22: Loading all zones.
 INFO LOG: May_25_15:22: Loading all socials.
 INFO LOG: May_25_15:22: Starting server.
 INFO LOG: May_25_15:22: CoralMUD is now up on port 4000.
 INFO LOG: May_25_15:22: -- 76.202.141.206:41190 connected to CoralMUD!
 INFO LOG: May_25_15:22: -- 76.202.141.206:41190: () Invalid name in character creation.
 INFO LOG: May_25_15:22: -- 76.202.141.206:41190: () Invalid name in character creation.
 INFO LOG: May_25_15:22: -- 76.202.141.206:41190: Retnur is trying to connect.
 INFO LOG: May_25_15:22: -- 76.202.141.206:41190: Retnur player file found.
 INFO LOG: May_25_15:22: -- Retnur has entered the game.
 INFO LOG: May_25_15:22: Loading items/items.rb
 INFO LOG: May_25_15:24: tick!!!
 INFO LOG: May_25_15:26: tick!!!
 INFO LOG: May_25_15:28: tick!!!
 INFO LOG: May_25_15:30: tick!!!
 INFO LOG: May_25_15:32: tick!!!
 INFO LOG: May_25_15:34: tick!!!
 INFO LOG: May_25_15:36: tick!!!
 INFO LOG: May_25_15:38: tick!!!
 INFO LOG: May_25_15:40: tick!!!
 INFO LOG: May_25_15:42: tick!!!
 INFO LOG: May_25_15:44: tick!!!
 INFO LOG: May_25_15:46: tick!!!
 INFO LOG: May_25_15:48: tick!!!
 INFO LOG: May_25_15:50: tick!!!
 INFO LOG: May_25_15:52: tick!!!
 INFO LOG: May_25_15:54: tick!!!
 INFO LOG: May_25_15:56: tick!!!
 INFO LOG: May_25_15:58: tick!!!
 INFO LOG: May_25_16:00: tick!!!
 INFO LOG: May_25_16:02: tick!!!
 INFO LOG: May_25_16:04: tick!!!
 INFO LOG: May_25_16:06: tick!!!
 INFO LOG: May_25_16:08: tick!!!
 INFO LOG: May_25_16:10: tick!!!
 INFO LOG: May_25_16:12: tick!!!
 INFO LOG: May_25_16:14: tick!!!
 INFO LOG: May_25_16:16: tick!!!
 INFO LOG: May_25_16:18: tick!!!
 INFO LOG: May_25_16:20: tick!!!
 INFO LOG: May_25_16:22: tick!!!
 INFO LOG: May_25_16:24: tick!!!
 INFO LOG: May_25_16:26: tick!!!
 INFO LOG: May_25_16:28: tick!!!
 INFO LOG: May_25_16:30: tick!!!
 INFO LOG: May_25_16:32: tick!!!
 INFO LOG: May_25_16:34: tick!!!
 INFO LOG: May_25_16:36: tick!!!
 INFO LOG: May_25_16:38: tick!!!
 INFO LOG: May_25_16:39: Loading items/items.rb
 INFO LOG: May_25_16:40: tick!!!
 INFO LOG: May_25_16:42: tick!!!
 INFO LOG: May_25_16:44: tick!!!
 INFO LOG: May_25_16:46: tick!!!
 INFO LOG: May_25_16:48: tick!!!
 INFO LOG: May_25_16:50: tick!!!
 INFO LOG: May_25_16:52: tick!!!
 INFO LOG: May_25_16:54: tick!!!
 INFO LOG: May_25_16:56: tick!!!
 INFO LOG: May_25_16:58: tick!!!
 INFO LOG: May_25_17:00: tick!!!
 INFO LOG: May_25_17:02: tick!!!
 INFO LOG: May_25_17:04: tick!!!
 INFO LOG: May_25_17:04: Loading resets.rb
 INFO LOG: May_25_17:06: tick!!!
 INFO LOG: May_25_17:07: Loading items/items.rb
 INFO LOG: May_25_17:08: Loading items/items.rb
 INFO LOG: May_25_17:08: tick!!!
 INFO LOG: May_25_17:09: Loading npc.rb
 INFO LOG: May_25_17:10: -- #<Player:0x00000002981e88>:76.202.141.206:41190 disconnected from CoralMUD!
 INFO LOG: May_25_17:10: Logging enabled.   Loading logs.rb.
 INFO LOG: May_25_17:10: Loading spellcheck.rb
 INFO LOG: May_25_17:10: Loading facade.rb
 INFO LOG: May_25_17:10: Loading query_list.rb
 INFO LOG: May_25_17:10: Loading utils.rb
 INFO LOG: May_25_17:10: Loading constants.rb
 INFO LOG: May_25_17:10: Loading damage.rb
 INFO LOG: May_25_17:10: Loading class_property.rb
 INFO LOG: May_25_17:10: Loading scripts.rb
 INFO LOG: May_25_17:10: Loading tags.rb
 INFO LOG: May_25_17:10: Loading editor/editors.rb
 INFO LOG: May_25_17:10: Loading editor/editor.strings.rb
 INFO LOG: May_25_17:10: Loading editor/editor.rooms.rb
 INFO LOG: May_25_17:10: Loading editor/editor.exits.rb
 INFO LOG: May_25_17:10: Loading editor/editor.zones.rb
 INFO LOG: May_25_17:10: Loading editor/editor.npc.rb
 INFO LOG: May_25_17:10: Loading editor/editor.items.rb
 INFO LOG: May_25_17:10: Loading editor/editor.socials.rb
 INFO LOG: May_25_17:10: Loading socials.rb
 INFO LOG: May_25_17:10: Loading mxp.rb
 INFO LOG: May_25_17:10: Loading mccp.rb
 INFO LOG: May_25_17:10: Loading flags.rb
 INFO LOG: May_25_17:10: Loading areas.rb
 INFO LOG: May_25_17:10: Loading security.rb
 INFO LOG: May_25_17:10: Loading resets.rb
 INFO LOG: May_25_17:10: Loading event.rb
 INFO LOG: May_25_17:10: Loading automap/automap.rb
 INFO LOG: May_25_17:10: Loading cities.rb
 INFO LOG: May_25_17:10: Loading sector definitions.
 INFO LOG: May_25_17:10: Loading help.rb
 INFO LOG: May_25_17:10: Loading imcruby.rb
 INFO LOG: May_25_17:10: Loading player.rb
 INFO LOG: May_25_17:10: Loading commands.rb
 INFO LOG: May_25_17:10: Loading editor/editor.player.rb
 INFO LOG: May_25_17:10: Loading random.rb
 INFO LOG: May_25_17:10: Loading npc.rb
 INFO LOG: May_25_17:10: Loading items/types.rb
 INFO LOG: May_25_17:10: Loading items/items.rb
 INFO LOG: May_25_17:10: Loading spells.rb
 INFO LOG: May_25_17:10: Loading all zones.
 INFO LOG: May_25_17:10: Loading all socials.
 INFO LOG: May_25_17:10: Starting server.
 INFO LOG: May_25_17:10: CoralMUD is now up on port 4000.
 INFO LOG: May_25_17:10: -- 76.202.141.206:60630 connected to CoralMUD!
 INFO LOG: May_25_17:10: -- 76.202.141.206:60630: () Invalid name in character creation.
 INFO LOG: May_25_17:10: -- 76.202.141.206:60630: () Invalid name in character creation.
 INFO LOG: May_25_17:10: -- 76.202.141.206:60630: Retnur is trying to connect.
 INFO LOG: May_25_17:10: -- 76.202.141.206:60630: Retnur player file found.
 INFO LOG: May_25_17:10: -- Retnur has entered the game.
 INFO LOG: May_25_17:11: -- #<Player:0x00000002c78510>:76.202.141.206:60630 disconnected from CoralMUD!
 INFO LOG: May_25_17:11: Logging enabled.   Loading logs.rb.
 INFO LOG: May_25_17:11: Loading spellcheck.rb
 INFO LOG: May_25_17:11: Loading facade.rb
 INFO LOG: May_25_17:11: Loading query_list.rb
 INFO LOG: May_25_17:11: Loading utils.rb
 INFO LOG: May_25_17:11: Loading constants.rb
 INFO LOG: May_25_17:11: Loading damage.rb
 INFO LOG: May_25_17:11: Loading class_property.rb
 INFO LOG: May_25_17:11: Loading scripts.rb
 INFO LOG: May_25_17:11: Loading tags.rb
 INFO LOG: May_25_17:11: Loading editor/editors.rb
 INFO LOG: May_25_17:11: Loading editor/editor.strings.rb
 INFO LOG: May_25_17:11: Loading editor/editor.rooms.rb
 INFO LOG: May_25_17:11: Loading editor/editor.exits.rb
 INFO LOG: May_25_17:11: Loading editor/editor.zones.rb
 INFO LOG: May_25_17:11: Loading editor/editor.npc.rb
 INFO LOG: May_25_17:11: Loading editor/editor.items.rb
 INFO LOG: May_25_17:11: Loading editor/editor.socials.rb
 INFO LOG: May_25_17:11: Loading socials.rb
 INFO LOG: May_25_17:11: Loading mxp.rb
 INFO LOG: May_25_17:11: Loading mccp.rb
 INFO LOG: May_25_17:11: Loading flags.rb
 INFO LOG: May_25_17:11: Loading areas.rb
 INFO LOG: May_25_17:11: Loading security.rb
 INFO LOG: May_25_17:11: Loading resets.rb
 INFO LOG: May_25_17:11: Loading event.rb
 INFO LOG: May_25_17:11: Loading automap/automap.rb
 INFO LOG: May_25_17:11: Loading cities.rb
 INFO LOG: May_25_17:11: Loading sector definitions.
 INFO LOG: May_25_17:11: Loading help.rb
 INFO LOG: May_25_17:11: Loading imcruby.rb
 INFO LOG: May_25_17:11: Loading player.rb
 INFO LOG: May_25_17:11: Loading commands.rb
 INFO LOG: May_25_17:11: Loading editor/editor.player.rb
 INFO LOG: May_25_17:11: Loading random.rb
 INFO LOG: May_25_17:11: Loading npc.rb
 INFO LOG: May_25_17:11: Loading items/types.rb
 INFO LOG: May_25_17:11: Loading items/items.rb
 INFO LOG: May_25_17:11: Loading spells.rb
 INFO LOG: May_25_17:11: Loading all zones.
 INFO LOG: May_25_17:11: Loading all socials.
 INFO LOG: May_25_17:11: Starting server.
 INFO LOG: May_25_17:11: CoralMUD is now up on port 4000.
 INFO LOG: May_25_17:11: -- 76.202.141.206:48869 connected to CoralMUD!
 INFO LOG: May_25_17:11: -- 76.202.141.206:48869: () Invalid name in character creation.
 INFO LOG: May_25_17:11: -- 76.202.141.206:48869: () Invalid name in character creation.
 INFO LOG: May_25_17:11: -- 76.202.141.206:48869: Retnur is trying to connect.
 INFO LOG: May_25_17:11: -- 76.202.141.206:48869: Retnur player file found.
 INFO LOG: May_25_17:11: -- Retnur has entered the game.
 INFO LOG: May_25_17:11: -- #<Player:0x00000001960950>:76.202.141.206:48869 disconnected from CoralMUD!
 INFO LOG: May_25_17:12: Logging enabled.   Loading logs.rb.
 INFO LOG: May_25_17:12: Loading spellcheck.rb
 INFO LOG: May_25_17:12: Loading facade.rb
 INFO LOG: May_25_17:12: Loading query_list.rb
 INFO LOG: May_25_17:12: Loading utils.rb
 INFO LOG: May_25_17:12: Loading constants.rb
 INFO LOG: May_25_17:12: Loading damage.rb
 INFO LOG: May_25_17:12: Loading class_property.rb
 INFO LOG: May_25_17:12: Loading scripts.rb
 INFO LOG: May_25_17:12: Loading tags.rb
 INFO LOG: May_25_17:12: Loading editor/editors.rb
 INFO LOG: May_25_17:12: Loading editor/editor.strings.rb
 INFO LOG: May_25_17:12: Loading editor/editor.rooms.rb
 INFO LOG: May_25_17:12: Loading editor/editor.exits.rb
 INFO LOG: May_25_17:12: Loading editor/editor.zones.rb
 INFO LOG: May_25_17:12: Loading editor/editor.npc.rb
 INFO LOG: May_25_17:12: Loading editor/editor.items.rb
 INFO LOG: May_25_17:12: Loading editor/editor.socials.rb
 INFO LOG: May_25_17:12: Loading socials.rb
 INFO LOG: May_25_17:12: Loading mxp.rb
 INFO LOG: May_25_17:12: Loading mccp.rb
 INFO LOG: May_25_17:12: Loading flags.rb
 INFO LOG: May_25_17:12: Loading areas.rb
 INFO LOG: May_25_17:12: Loading security.rb
 INFO LOG: May_25_17:12: Loading resets.rb
 INFO LOG: May_25_17:12: Loading event.rb
 INFO LOG: May_25_17:12: Loading automap/automap.rb
 INFO LOG: May_25_17:12: Loading cities.rb
 INFO LOG: May_25_17:12: Loading sector definitions.
 INFO LOG: May_25_17:12: Loading help.rb
 INFO LOG: May_25_17:12: Loading imcruby.rb
 INFO LOG: May_25_17:12: Loading player.rb
 INFO LOG: May_25_17:12: Loading commands.rb
 INFO LOG: May_25_17:12: Loading editor/editor.player.rb
 INFO LOG: May_25_17:12: Loading random.rb
 INFO LOG: May_25_17:12: Loading npc.rb
 INFO LOG: May_25_17:12: Loading items/types.rb
 INFO LOG: May_25_17:12: Loading items/items.rb
 INFO LOG: May_25_17:12: Loading spells.rb
 INFO LOG: May_25_17:12: Loading all zones.
 INFO LOG: May_25_17:12: Loading all socials.
 INFO LOG: May_25_17:12: Starting server.
 INFO LOG: May_25_17:12: CoralMUD is now up on port 4000.
 INFO LOG: May_25_17:13: Logging enabled.   Loading logs.rb.
 INFO LOG: May_25_17:13: Loading spellcheck.rb
 INFO LOG: May_25_17:13: Loading facade.rb
 INFO LOG: May_25_17:13: Loading query_list.rb
 INFO LOG: May_25_17:13: Loading utils.rb
 INFO LOG: May_25_17:13: Loading constants.rb
 INFO LOG: May_25_17:13: Loading damage.rb
 INFO LOG: May_25_17:13: Loading class_property.rb
 INFO LOG: May_25_17:13: Loading scripts.rb
 INFO LOG: May_25_17:13: Loading tags.rb
 INFO LOG: May_25_17:13: Loading editor/editors.rb
 INFO LOG: May_25_17:13: Loading editor/editor.strings.rb
 INFO LOG: May_25_17:13: Loading editor/editor.rooms.rb
 INFO LOG: May_25_17:13: Loading editor/editor.exits.rb
 INFO LOG: May_25_17:13: Loading editor/editor.zones.rb
 INFO LOG: May_25_17:13: Loading editor/editor.npc.rb
 INFO LOG: May_25_17:13: Loading editor/editor.items.rb
 INFO LOG: May_25_17:13: Loading editor/editor.socials.rb
 INFO LOG: May_25_17:13: Loading socials.rb
 INFO LOG: May_25_17:13: Loading mxp.rb
 INFO LOG: May_25_17:13: Loading mccp.rb
 INFO LOG: May_25_17:13: Loading flags.rb
 INFO LOG: May_25_17:13: Loading areas.rb
 INFO LOG: May_25_17:13: Loading security.rb
 INFO LOG: May_25_17:13: Loading resets.rb
 INFO LOG: May_25_17:13: Loading event.rb
 INFO LOG: May_25_17:13: Loading automap/automap.rb
 INFO LOG: May_25_17:13: Loading cities.rb
 INFO LOG: May_25_17:13: Loading sector definitions.
 INFO LOG: May_25_17:13: Loading help.rb
 INFO LOG: May_25_17:13: Loading imcruby.rb
 INFO LOG: May_25_17:13: Loading player.rb
 INFO LOG: May_25_17:13: Loading commands.rb
 INFO LOG: May_25_17:13: Loading editor/editor.player.rb
 INFO LOG: May_25_17:13: Loading random.rb
 INFO LOG: May_25_17:13: Loading npc.rb
 INFO LOG: May_25_17:13: Loading items/types.rb
 INFO LOG: May_25_17:13: Loading items/items.rb
 INFO LOG: May_25_17:13: Loading spells.rb
 INFO LOG: May_25_17:13: Loading all zones.
 INFO LOG: May_25_17:13: Loading all socials.
 INFO LOG: May_25_17:13: Starting server.
 INFO LOG: May_25_17:13: CoralMUD is now up on port 4000.
 INFO LOG: May_25_17:13: -- 76.202.141.206:59090 connected to CoralMUD!
 INFO LOG: May_25_17:13: -- 76.202.141.206:59090: Retnur is trying to connect.
 INFO LOG: May_25_17:13: -- 76.202.141.206:59090: Retnur player file found.
 INFO LOG: May_25_17:13: -- Retnur has entered the game.
 INFO LOG: May_25_17:15: tick!!!
 INFO LOG: May_25_17:16: -- #<Player:0x000000030eeab8>:76.202.141.206:59090 disconnected from CoralMUD!
 INFO LOG: May_25_17:16: Logging enabled.   Loading logs.rb.
 INFO LOG: May_25_17:16: Loading spellcheck.rb
 INFO LOG: May_25_17:16: Loading facade.rb
 INFO LOG: May_25_17:16: Loading query_list.rb
 INFO LOG: May_25_17:16: Loading utils.rb
 INFO LOG: May_25_17:16: Loading constants.rb
 INFO LOG: May_25_17:16: Loading damage.rb
 INFO LOG: May_25_17:16: Loading class_property.rb
 INFO LOG: May_25_17:16: Loading scripts.rb
 INFO LOG: May_25_17:16: Loading tags.rb
 INFO LOG: May_25_17:16: Loading editor/editors.rb
 INFO LOG: May_25_17:16: Loading editor/editor.strings.rb
 INFO LOG: May_25_17:16: Loading editor/editor.rooms.rb
 INFO LOG: May_25_17:16: Loading editor/editor.exits.rb
 INFO LOG: May_25_17:16: Loading editor/editor.zones.rb
 INFO LOG: May_25_17:16: Loading editor/editor.npc.rb
 INFO LOG: May_25_17:16: Loading editor/editor.items.rb
 INFO LOG: May_25_17:16: Loading editor/editor.socials.rb
 INFO LOG: May_25_17:16: Loading socials.rb
 INFO LOG: May_25_17:16: Loading mxp.rb
 INFO LOG: May_25_17:16: Loading mccp.rb
 INFO LOG: May_25_17:16: Loading flags.rb
 INFO LOG: May_25_17:16: Loading areas.rb
 INFO LOG: May_25_17:16: Loading security.rb
 INFO LOG: May_25_17:16: Loading resets.rb
 INFO LOG: May_25_17:16: Loading event.rb
 INFO LOG: May_25_17:16: Loading automap/automap.rb
 INFO LOG: May_25_17:16: Loading cities.rb
 INFO LOG: May_25_17:16: Loading sector definitions.
 INFO LOG: May_25_17:16: Loading help.rb
 INFO LOG: May_25_17:16: Loading imcruby.rb
 INFO LOG: May_25_17:16: Loading player.rb
 INFO LOG: May_25_17:16: Loading commands.rb
 INFO LOG: May_25_17:16: Loading editor/editor.player.rb
 INFO LOG: May_25_17:16: Loading random.rb
 INFO LOG: May_25_17:16: Loading npc.rb
 INFO LOG: May_25_17:16: Loading items/types.rb
 INFO LOG: May_25_17:16: Loading items/items.rb
 INFO LOG: May_25_17:16: Loading spells.rb
 INFO LOG: May_25_17:16: Loading all zones.
 INFO LOG: May_25_17:16: Loading all socials.
 INFO LOG: May_25_17:16: Starting server.
 INFO LOG: May_25_17:16: CoralMUD is now up on port 4000.
 INFO LOG: May_25_17:16: -- 76.202.141.206:49329 connected to CoralMUD!
 INFO LOG: May_25_17:16: -- 76.202.141.206:49329: Retnur is trying to connect.
 INFO LOG: May_25_17:16: -- 76.202.141.206:49329: Retnur player file found.
 INFO LOG: May_25_17:16: -- Retnur has entered the game.
 INFO LOG: May_25_17:18: tick!!!
 INFO LOG: May_25_17:20: tick!!!
 INFO LOG: May_25_17:21: -- #<Player:0x00000002e42378>:76.202.141.206:49329 disconnected from CoralMUD!
 INFO LOG: May_25_17:21: Logging enabled.   Loading logs.rb.
 INFO LOG: May_25_17:21: Loading spellcheck.rb
 INFO LOG: May_25_17:21: Loading facade.rb
 INFO LOG: May_25_17:21: Loading query_list.rb
 INFO LOG: May_25_17:21: Loading utils.rb
 INFO LOG: May_25_17:21: Loading constants.rb
 INFO LOG: May_25_17:21: Loading damage.rb
 INFO LOG: May_25_17:21: Loading class_property.rb
 INFO LOG: May_25_17:21: Loading scripts.rb
 INFO LOG: May_25_17:21: Loading tags.rb
 INFO LOG: May_25_17:21: Loading editor/editors.rb
 INFO LOG: May_25_17:21: Loading editor/editor.strings.rb
 INFO LOG: May_25_17:21: Loading editor/editor.rooms.rb
 INFO LOG: May_25_17:21: Loading editor/editor.exits.rb
 INFO LOG: May_25_17:21: Loading editor/editor.zones.rb
 INFO LOG: May_25_17:21: Loading editor/editor.npc.rb
 INFO LOG: May_25_17:21: Loading editor/editor.items.rb
 INFO LOG: May_25_17:21: Loading editor/editor.socials.rb
 INFO LOG: May_25_17:21: Loading socials.rb
 INFO LOG: May_25_17:21: Loading mxp.rb
 INFO LOG: May_25_17:21: Loading mccp.rb
 INFO LOG: May_25_17:21: Loading flags.rb
 INFO LOG: May_25_17:21: Loading areas.rb
 INFO LOG: May_25_17:21: Loading security.rb
 INFO LOG: May_25_17:21: Loading resets.rb
 INFO LOG: May_25_17:21: Loading event.rb
 INFO LOG: May_25_17:21: Loading automap/automap.rb
 INFO LOG: May_25_17:21: Loading cities.rb
 INFO LOG: May_25_17:21: Loading sector definitions.
 INFO LOG: May_25_17:21: Loading help.rb
 INFO LOG: May_25_17:21: Loading imcruby.rb
 INFO LOG: May_25_17:21: Loading player.rb
 INFO LOG: May_25_17:21: Loading commands.rb
 INFO LOG: May_25_17:21: Loading editor/editor.player.rb
 INFO LOG: May_25_17:21: Loading random.rb
 INFO LOG: May_25_17:21: Loading npc.rb
 INFO LOG: May_25_17:21: Loading items/types.rb
 INFO LOG: May_25_17:21: Loading items/items.rb
 INFO LOG: May_25_17:21: Loading spells.rb
 INFO LOG: May_25_17:21: Loading all zones.
 INFO LOG: May_25_17:21: Loading all socials.
 INFO LOG: May_25_17:21: Starting server.
 INFO LOG: May_25_17:21: CoralMUD is now up on port 4000.
 INFO LOG: May_25_17:21: -- 76.202.141.206:37355 connected to CoralMUD!
 INFO LOG: May_25_17:21: -- 76.202.141.206:37355: () Invalid name in character creation.
 INFO LOG: May_25_17:21: -- 76.202.141.206:37355: () Invalid name in character creation.
 INFO LOG: May_25_17:21: -- 76.202.141.206:37355: Retnuir is trying to connect.
 INFO LOG: May_25_17:21: -- 76.202.141.206:37355: Retnuir:  New Character.
 INFO LOG: May_25_17:21: -- #<Player:0x00000002896960>:76.202.141.206:37355 disconnected from CoralMUD!
 INFO LOG: May_25_17:21: Logging enabled.   Loading logs.rb.
 INFO LOG: May_25_17:21: Loading spellcheck.rb
 INFO LOG: May_25_17:21: Loading facade.rb
 INFO LOG: May_25_17:21: Loading query_list.rb
 INFO LOG: May_25_17:21: Loading utils.rb
 INFO LOG: May_25_17:21: Loading constants.rb
 INFO LOG: May_25_17:21: Loading damage.rb
 INFO LOG: May_25_17:21: Loading class_property.rb
 INFO LOG: May_25_17:21: Loading scripts.rb
 INFO LOG: May_25_17:21: Loading tags.rb
 INFO LOG: May_25_17:21: Loading editor/editors.rb
 INFO LOG: May_25_17:21: Loading editor/editor.strings.rb
 INFO LOG: May_25_17:21: Loading editor/editor.rooms.rb
 INFO LOG: May_25_17:21: Loading editor/editor.exits.rb
 INFO LOG: May_25_17:21: Loading editor/editor.zones.rb
 INFO LOG: May_25_17:21: Loading editor/editor.npc.rb
 INFO LOG: May_25_17:21: Loading editor/editor.items.rb
 INFO LOG: May_25_17:21: Loading editor/editor.socials.rb
 INFO LOG: May_25_17:21: Loading socials.rb
 INFO LOG: May_25_17:21: Loading mxp.rb
 INFO LOG: May_25_17:21: Loading mccp.rb
 INFO LOG: May_25_17:21: Loading flags.rb
 INFO LOG: May_25_17:21: Loading areas.rb
 INFO LOG: May_25_17:21: Loading security.rb
 INFO LOG: May_25_17:21: Loading resets.rb
 INFO LOG: May_25_17:21: Loading event.rb
 INFO LOG: May_25_17:21: Loading automap/automap.rb
 INFO LOG: May_25_17:21: Loading cities.rb
 INFO LOG: May_25_17:21: Loading sector definitions.
 INFO LOG: May_25_17:21: Loading help.rb
 INFO LOG: May_25_17:21: Loading imcruby.rb
 INFO LOG: May_25_17:21: Loading player.rb
 INFO LOG: May_25_17:21: Loading commands.rb
 INFO LOG: May_25_17:21: Loading editor/editor.player.rb
 INFO LOG: May_25_17:21: Loading random.rb
 INFO LOG: May_25_17:21: Loading npc.rb
 INFO LOG: May_25_17:21: Loading items/types.rb
 INFO LOG: May_25_17:21: Loading items/items.rb
 INFO LOG: May_25_17:21: Loading spells.rb
 INFO LOG: May_25_17:21: Loading all zones.
 INFO LOG: May_25_17:21: Loading all socials.
 INFO LOG: May_25_17:21: Starting server.
 INFO LOG: May_25_17:21: CoralMUD is now up on port 4000.
 INFO LOG: May_25_17:21: -- 76.202.141.206:48241 connected to CoralMUD!
 INFO LOG: May_25_17:21: -- 76.202.141.206:48241: Retnur is trying to connect.
 INFO LOG: May_25_17:21: -- 76.202.141.206:48241: Retnur player file found.
 INFO LOG: May_25_17:21: -- Retnur has entered the game.
 INFO LOG: May_25_17:21: -- #<Player:0x000000024a8fd8>:76.202.141.206:48241 disconnected from CoralMUD!
 INFO LOG: May_25_17:21: Logging enabled.   Loading logs.rb.
 INFO LOG: May_25_17:21: Loading spellcheck.rb
 INFO LOG: May_25_17:21: Loading facade.rb
 INFO LOG: May_25_17:21: Loading query_list.rb
 INFO LOG: May_25_17:21: Loading utils.rb
 INFO LOG: May_25_17:21: Loading constants.rb
 INFO LOG: May_25_17:21: Loading damage.rb
 INFO LOG: May_25_17:21: Loading class_property.rb
 INFO LOG: May_25_17:21: Loading scripts.rb
 INFO LOG: May_25_17:21: Loading tags.rb
 INFO LOG: May_25_17:21: Loading editor/editors.rb
 INFO LOG: May_25_17:21: Loading editor/editor.strings.rb
 INFO LOG: May_25_17:21: Loading editor/editor.rooms.rb
 INFO LOG: May_25_17:21: Loading editor/editor.exits.rb
 INFO LOG: May_25_17:21: Loading editor/editor.zones.rb
 INFO LOG: May_25_17:21: Loading editor/editor.npc.rb
 INFO LOG: May_25_17:21: Loading editor/editor.items.rb
 INFO LOG: May_25_17:21: Loading editor/editor.socials.rb
 INFO LOG: May_25_17:21: Loading socials.rb
 INFO LOG: May_25_17:21: Loading mxp.rb
 INFO LOG: May_25_17:21: Loading mccp.rb
 INFO LOG: May_25_17:21: Loading flags.rb
 INFO LOG: May_25_17:21: Loading areas.rb
 INFO LOG: May_25_17:21: Loading security.rb
 INFO LOG: May_25_17:21: Loading resets.rb
 INFO LOG: May_25_17:21: Loading event.rb
 INFO LOG: May_25_17:21: Loading automap/automap.rb
 INFO LOG: May_25_17:21: Loading cities.rb
 INFO LOG: May_25_17:21: Loading sector definitions.
 INFO LOG: May_25_17:21: Loading help.rb
 INFO LOG: May_25_17:21: Loading imcruby.rb
 INFO LOG: May_25_17:21: Loading player.rb
 INFO LOG: May_25_17:21: Loading commands.rb
 INFO LOG: May_25_17:21: Loading editor/editor.player.rb
 INFO LOG: May_25_17:21: Loading random.rb
 INFO LOG: May_25_17:21: Loading npc.rb
 INFO LOG: May_25_17:21: Loading items/types.rb
 INFO LOG: May_25_17:21: Loading items/items.rb
 INFO LOG: May_25_17:21: Loading spells.rb
 INFO LOG: May_25_17:21: Loading all zones.
 INFO LOG: May_25_17:21: Loading all socials.
 INFO LOG: May_25_17:21: Starting server.
 INFO LOG: May_25_17:21: CoralMUD is now up on port 4000.
 INFO LOG: May_25_17:21: -- 76.202.141.206:37441 connected to CoralMUD!
 INFO LOG: May_25_17:21: -- 76.202.141.206:37441: () Invalid name in character creation.
 INFO LOG: May_25_17:21: -- 76.202.141.206:37441: Rewf is trying to connect.
 INFO LOG: May_25_17:21: -- 76.202.141.206:37441: Rewf:  New Character.
 INFO LOG: May_25_17:21: -- #<Player:0x00000002330750>:76.202.141.206:37441 disconnected from CoralMUD!
 INFO LOG: May_25_17:23: Logging enabled.   Loading logs.rb.
 INFO LOG: May_25_17:23: Loading spellcheck.rb
 INFO LOG: May_25_17:23: Loading facade.rb
 INFO LOG: May_25_17:23: Loading query_list.rb
 INFO LOG: May_25_17:23: Loading utils.rb
 INFO LOG: May_25_17:23: Loading constants.rb
 INFO LOG: May_25_17:23: Loading damage.rb
 INFO LOG: May_25_17:23: Loading class_property.rb
 INFO LOG: May_25_17:23: Loading scripts.rb
 INFO LOG: May_25_17:23: Loading tags.rb
 INFO LOG: May_25_17:23: Loading editor/editors.rb
 INFO LOG: May_25_17:23: Loading editor/editor.strings.rb
 INFO LOG: May_25_17:23: Loading editor/editor.rooms.rb
 INFO LOG: May_25_17:23: Loading editor/editor.exits.rb
 INFO LOG: May_25_17:23: Loading editor/editor.zones.rb
 INFO LOG: May_25_17:23: Loading editor/editor.npc.rb
 INFO LOG: May_25_17:23: Loading editor/editor.items.rb
 INFO LOG: May_25_17:23: Loading editor/editor.socials.rb
 INFO LOG: May_25_17:23: Loading socials.rb
 INFO LOG: May_25_17:23: Loading mxp.rb
 INFO LOG: May_25_17:23: Loading mccp.rb
 INFO LOG: May_25_17:23: Loading flags.rb
 INFO LOG: May_25_17:23: Loading areas.rb
 INFO LOG: May_25_17:23: Loading security.rb
 INFO LOG: May_25_17:23: Loading resets.rb
 INFO LOG: May_25_17:23: Loading event.rb
 INFO LOG: May_25_17:23: Loading automap/automap.rb
 INFO LOG: May_25_17:23: Loading cities.rb
 INFO LOG: May_25_17:23: Loading sector definitions.
 INFO LOG: May_25_17:23: Loading help.rb
 INFO LOG: May_25_17:23: Loading imcruby.rb
 INFO LOG: May_25_17:23: Loading player.rb
 INFO LOG: May_25_17:23: Loading commands.rb
 INFO LOG: May_25_17:23: Loading editor/editor.player.rb
 INFO LOG: May_25_17:23: Loading random.rb
 INFO LOG: May_25_17:23: Loading npc.rb
 INFO LOG: May_25_17:23: Loading items/types.rb
 INFO LOG: May_25_17:23: Loading items/items.rb
 INFO LOG: May_25_17:23: Loading spells.rb
 INFO LOG: May_25_17:23: Loading all zones.
 INFO LOG: May_25_17:23: Loading all socials.
 INFO LOG: May_25_17:23: Starting server.
 INFO LOG: May_25_17:23: CoralMUD is now up on port 4000.
 INFO LOG: May_25_17:23: -- 76.202.141.206:40888 connected to CoralMUD!
 INFO LOG: May_25_17:23: -- 76.202.141.206:40888: Retnur is trying to connect.
 INFO LOG: May_25_17:23: -- 76.202.141.206:40888: Retnur player file found.
 INFO LOG: May_25_17:23: -- Retnur has entered the game.
 INFO LOG: May_25_17:23: -- #<Player:0x00000002f11ba0>:76.202.141.206:40888 disconnected from CoralMUD!
 INFO LOG: May_25_17:23: Logging enabled.   Loading logs.rb.
 INFO LOG: May_25_17:23: Loading spellcheck.rb
 INFO LOG: May_25_17:23: Loading facade.rb
 INFO LOG: May_25_17:23: Loading query_list.rb
 INFO LOG: May_25_17:23: Loading utils.rb
 INFO LOG: May_25_17:23: Loading constants.rb
 INFO LOG: May_25_17:23: Loading damage.rb
 INFO LOG: May_25_17:23: Loading class_property.rb
 INFO LOG: May_25_17:23: Loading scripts.rb
 INFO LOG: May_25_17:23: Loading tags.rb
 INFO LOG: May_25_17:23: Loading editor/editors.rb
 INFO LOG: May_25_17:23: Loading editor/editor.strings.rb
 INFO LOG: May_25_17:23: Loading editor/editor.rooms.rb
 INFO LOG: May_25_17:23: Loading editor/editor.exits.rb
 INFO LOG: May_25_17:23: Loading editor/editor.zones.rb
 INFO LOG: May_25_17:23: Loading editor/editor.npc.rb
 INFO LOG: May_25_17:23: Loading editor/editor.items.rb
 INFO LOG: May_25_17:23: Loading editor/editor.socials.rb
 INFO LOG: May_25_17:23: Loading socials.rb
 INFO LOG: May_25_17:23: Loading mxp.rb
 INFO LOG: May_25_17:23: Loading mccp.rb
 INFO LOG: May_25_17:23: Loading flags.rb
 INFO LOG: May_25_17:23: Loading areas.rb
 INFO LOG: May_25_17:23: Loading security.rb
 INFO LOG: May_25_17:23: Loading resets.rb
 INFO LOG: May_25_17:23: Loading event.rb
 INFO LOG: May_25_17:23: Loading automap/automap.rb
 INFO LOG: May_25_17:23: Loading cities.rb
 INFO LOG: May_25_17:23: Loading sector definitions.
 INFO LOG: May_25_17:23: Loading help.rb
 INFO LOG: May_25_17:23: Loading imcruby.rb
 INFO LOG: May_25_17:23: Loading player.rb
 INFO LOG: May_25_17:23: Loading commands.rb
 INFO LOG: May_25_17:23: Loading editor/editor.player.rb
 INFO LOG: May_25_17:23: Loading random.rb
 INFO LOG: May_25_17:23: Loading npc.rb
 INFO LOG: May_25_17:23: Loading items/types.rb
 INFO LOG: May_25_17:23: Loading items/items.rb
 INFO LOG: May_25_17:23: Loading spells.rb
 INFO LOG: May_25_17:23: Loading all zones.
 INFO LOG: May_25_17:23: Loading all socials.
 INFO LOG: May_25_17:23: Starting server.
 INFO LOG: May_25_17:23: CoralMUD is now up on port 4000.
 INFO LOG: May_25_17:23: -- 76.202.141.206:45533 connected to CoralMUD!
 INFO LOG: May_25_17:23: -- 76.202.141.206:45533: Rewfw is trying to connect.
 INFO LOG: May_25_17:23: -- 76.202.141.206:45533: Rewfw:  New Character.
 INFO LOG: May_25_17:23: -- #<Player:0x000000023f17c0>:76.202.141.206:45533 disconnected from CoralMUD!
 INFO LOG: May_25_17:23: -- 76.202.141.206:40101 connected to CoralMUD!
 INFO LOG: May_25_17:23: -- 76.202.141.206:40101: Retnur is trying to connect.
 INFO LOG: May_25_17:23: -- 76.202.141.206:40101: Retnur player file found.
 INFO LOG: May_25_17:23: -- Retnur has entered the game.
 INFO LOG: May_25_17:25: tick!!!
 INFO LOG: May_25_17:26: Loading items/items.rb
 INFO LOG: May_25_17:26: Loading npc.rb
 INFO LOG: May_25_17:26: Loading items/items.rb
 INFO LOG: May_25_17:27: -- #<Player:0x0000000245ea28>:76.202.141.206:40101 disconnected from CoralMUD!
 INFO LOG: May_25_17:27: Logging enabled.   Loading logs.rb.
 INFO LOG: May_25_17:27: Loading spellcheck.rb
 INFO LOG: May_25_17:27: Loading facade.rb
 INFO LOG: May_25_17:27: Loading query_list.rb
 INFO LOG: May_25_17:27: Loading utils.rb
 INFO LOG: May_25_17:27: Loading constants.rb
 INFO LOG: May_25_17:27: Loading damage.rb
 INFO LOG: May_25_17:27: Loading class_property.rb
 INFO LOG: May_25_17:27: Loading scripts.rb
 INFO LOG: May_25_17:27: Loading tags.rb
 INFO LOG: May_25_17:27: Loading editor/editors.rb
 INFO LOG: May_25_17:27: Loading editor/editor.strings.rb
 INFO LOG: May_25_17:27: Loading editor/editor.rooms.rb
 INFO LOG: May_25_17:27: Loading editor/editor.exits.rb
 INFO LOG: May_25_17:27: Loading editor/editor.zones.rb
 INFO LOG: May_25_17:27: Loading editor/editor.npc.rb
 INFO LOG: May_25_17:27: Loading editor/editor.items.rb
 INFO LOG: May_25_17:27: Loading editor/editor.socials.rb
 INFO LOG: May_25_17:27: Loading socials.rb
 INFO LOG: May_25_17:27: Loading mxp.rb
 INFO LOG: May_25_17:27: Loading mccp.rb
 INFO LOG: May_25_17:27: Loading flags.rb
 INFO LOG: May_25_17:27: Loading areas.rb
 INFO LOG: May_25_17:27: Loading security.rb
 INFO LOG: May_25_17:27: Loading resets.rb
 INFO LOG: May_25_17:27: Loading event.rb
 INFO LOG: May_25_17:27: Loading automap/automap.rb
 INFO LOG: May_25_17:27: Loading cities.rb
 INFO LOG: May_25_17:27: Loading sector definitions.
 INFO LOG: May_25_17:27: Loading help.rb
 INFO LOG: May_25_17:27: Loading imcruby.rb
 INFO LOG: May_25_17:27: Loading player.rb
 INFO LOG: May_25_17:27: Loading commands.rb
 INFO LOG: May_25_17:27: Loading editor/editor.player.rb
 INFO LOG: May_25_17:27: Loading random.rb
 INFO LOG: May_25_17:27: Loading npc.rb
 INFO LOG: May_25_17:27: Loading items/types.rb
 INFO LOG: May_25_17:27: Loading items/items.rb
 INFO LOG: May_25_17:27: Loading spells.rb
 INFO LOG: May_25_17:27: Loading all zones.
 INFO LOG: May_25_17:27: Loading all socials.
 INFO LOG: May_25_17:27: Starting server.
 INFO LOG: May_25_17:27: CoralMUD is now up on port 4000.
 INFO LOG: May_25_17:27: -- 76.202.141.206:55802 connected to CoralMUD!
 INFO LOG: May_25_17:27: -- 76.202.141.206:55802: () Invalid name in character creation.
 INFO LOG: May_25_17:27: -- 76.202.141.206:55802: () Invalid name in character creation.
 INFO LOG: May_25_17:27: -- 76.202.141.206:55802: Retnur is trying to connect.
 INFO LOG: May_25_17:27: -- 76.202.141.206:55802: Retnur player file found.
 INFO LOG: May_25_17:27: -- Retnur has entered the game.
 INFO LOG: May_25_17:27: -- #<Player:0x00000003069c50>:76.202.141.206:55802 disconnected from CoralMUD!
 INFO LOG: May_25_17:27: Logging enabled.   Loading logs.rb.
 INFO LOG: May_25_17:27: Loading spellcheck.rb
 INFO LOG: May_25_17:27: Loading facade.rb
 INFO LOG: May_25_17:27: Loading query_list.rb
 INFO LOG: May_25_17:27: Loading utils.rb
 INFO LOG: May_25_17:27: Loading constants.rb
 INFO LOG: May_25_17:27: Loading damage.rb
 INFO LOG: May_25_17:27: Loading class_property.rb
 INFO LOG: May_25_17:27: Loading scripts.rb
 INFO LOG: May_25_17:27: Loading tags.rb
 INFO LOG: May_25_17:27: Loading editor/editors.rb
 INFO LOG: May_25_17:27: Loading editor/editor.strings.rb
 INFO LOG: May_25_17:27: Loading editor/editor.rooms.rb
 INFO LOG: May_25_17:27: Loading editor/editor.exits.rb
 INFO LOG: May_25_17:27: Loading editor/editor.zones.rb
 INFO LOG: May_25_17:27: Loading editor/editor.npc.rb
 INFO LOG: May_25_17:27: Loading editor/editor.items.rb
 INFO LOG: May_25_17:27: Loading editor/editor.socials.rb
 INFO LOG: May_25_17:27: Loading socials.rb
 INFO LOG: May_25_17:27: Loading mxp.rb
 INFO LOG: May_25_17:27: Loading mccp.rb
 INFO LOG: May_25_17:27: Loading flags.rb
 INFO LOG: May_25_17:27: Loading areas.rb
 INFO LOG: May_25_17:27: Loading security.rb
 INFO LOG: May_25_17:27: Loading resets.rb
 INFO LOG: May_25_17:27: Loading event.rb
 INFO LOG: May_25_17:27: Loading automap/automap.rb
 INFO LOG: May_25_17:27: Loading cities.rb
 INFO LOG: May_25_17:27: Loading sector definitions.
 INFO LOG: May_25_17:27: Loading help.rb
 INFO LOG: May_25_17:27: Loading imcruby.rb
 INFO LOG: May_25_17:27: Loading player.rb
 INFO LOG: May_25_17:27: Loading commands.rb
 INFO LOG: May_25_17:27: Loading editor/editor.player.rb
 INFO LOG: May_25_17:27: Loading random.rb
 INFO LOG: May_25_17:27: Loading npc.rb
 INFO LOG: May_25_17:27: Loading items/types.rb
 INFO LOG: May_25_17:27: Loading items/items.rb
 INFO LOG: May_25_17:27: Loading spells.rb
 INFO LOG: May_25_17:27: Loading all zones.
 INFO LOG: May_25_17:27: Loading all socials.
 INFO LOG: May_25_17:27: Starting server.
 INFO LOG: May_25_17:27: CoralMUD is now up on port 4000.
 INFO LOG: May_25_17:27: -- 76.202.141.206:37661 connected to CoralMUD!
 INFO LOG: May_25_17:27: -- 76.202.141.206:37661: () Invalid name in character creation.
 INFO LOG: May_25_17:27: -- 76.202.141.206:37661: Retnur is trying to connect.
 INFO LOG: May_25_17:27: -- 76.202.141.206:37661: Retnur player file found.
 INFO LOG: May_25_17:27: -- Retnur has entered the game.
 INFO LOG: May_25_17:28: Loading items/items.rb
 INFO LOG: May_25_17:29: Loading items/items.rb
 INFO LOG: May_25_17:29: tick!!!
 INFO LOG: May_25_17:29: Loading npc.rb
 INFO LOG: May_25_17:30: Loading items/items.rb
 INFO LOG: May_25_17:30: -- #<Player:0x00000001c465e8>:76.202.141.206:37661 disconnected from CoralMUD!
 INFO LOG: May_25_17:30: Logging enabled.   Loading logs.rb.
 INFO LOG: May_25_17:30: Loading spellcheck.rb
 INFO LOG: May_25_17:30: Loading facade.rb
 INFO LOG: May_25_17:30: Loading query_list.rb
 INFO LOG: May_25_17:30: Loading utils.rb
 INFO LOG: May_25_17:30: Loading constants.rb
 INFO LOG: May_25_17:30: Loading damage.rb
 INFO LOG: May_25_17:30: Loading class_property.rb
 INFO LOG: May_25_17:30: Loading scripts.rb
 INFO LOG: May_25_17:30: Loading tags.rb
 INFO LOG: May_25_17:30: Loading editor/editors.rb
 INFO LOG: May_25_17:30: Loading editor/editor.strings.rb
 INFO LOG: May_25_17:30: Loading editor/editor.rooms.rb
 INFO LOG: May_25_17:30: Loading editor/editor.exits.rb
 INFO LOG: May_25_17:30: Loading editor/editor.zones.rb
 INFO LOG: May_25_17:30: Loading editor/editor.npc.rb
 INFO LOG: May_25_17:30: Loading editor/editor.items.rb
 INFO LOG: May_25_17:30: Loading editor/editor.socials.rb
 INFO LOG: May_25_17:30: Loading socials.rb
 INFO LOG: May_25_17:30: Loading mxp.rb
 INFO LOG: May_25_17:30: Loading mccp.rb
 INFO LOG: May_25_17:30: Loading flags.rb
 INFO LOG: May_25_17:30: Loading areas.rb
 INFO LOG: May_25_17:30: Loading security.rb
 INFO LOG: May_25_17:30: Loading resets.rb
 INFO LOG: May_25_17:30: Loading event.rb
 INFO LOG: May_25_17:30: Loading automap/automap.rb
 INFO LOG: May_25_17:30: Loading cities.rb
 INFO LOG: May_25_17:30: Loading sector definitions.
 INFO LOG: May_25_17:30: Loading help.rb
 INFO LOG: May_25_17:30: Loading imcruby.rb
 INFO LOG: May_25_17:30: Loading player.rb
 INFO LOG: May_25_17:30: Loading commands.rb
 INFO LOG: May_25_17:30: Loading editor/editor.player.rb
 INFO LOG: May_25_17:30: Loading random.rb
 INFO LOG: May_25_17:30: Loading npc.rb
 INFO LOG: May_25_17:30: Loading items/types.rb
 INFO LOG: May_25_17:30: Loading items/items.rb
 INFO LOG: May_25_17:30: Loading spells.rb
 INFO LOG: May_25_17:30: Loading all zones.
 INFO LOG: May_25_17:30: Loading all socials.
 INFO LOG: May_25_17:30: Starting server.
 INFO LOG: May_25_17:30: CoralMUD is now up on port 4000.
 INFO LOG: May_25_17:30: -- 76.202.141.206:55148 connected to CoralMUD!
 INFO LOG: May_25_17:30: -- 76.202.141.206:55148: () Invalid name in character creation.
 INFO LOG: May_25_17:30: -- 76.202.141.206:55148: Retnur is trying to connect.
 INFO LOG: May_25_17:30: -- 76.202.141.206:55148: Retnur player file found.
 INFO LOG: May_25_17:30: -- Retnur has entered the game.
 INFO LOG: May_25_17:30: Loading items/items.rb
 INFO LOG: May_25_17:30: -- #<Player:0x0000000312ed98>:76.202.141.206:55148 disconnected from CoralMUD!
 INFO LOG: May_25_17:30: Logging enabled.   Loading logs.rb.
 INFO LOG: May_25_17:30: Loading spellcheck.rb
 INFO LOG: May_25_17:30: Loading facade.rb
 INFO LOG: May_25_17:30: Loading query_list.rb
 INFO LOG: May_25_17:30: Loading utils.rb
 INFO LOG: May_25_17:30: Loading constants.rb
 INFO LOG: May_25_17:30: Loading damage.rb
 INFO LOG: May_25_17:30: Loading class_property.rb
 INFO LOG: May_25_17:30: Loading scripts.rb
 INFO LOG: May_25_17:30: Loading tags.rb
 INFO LOG: May_25_17:30: Loading editor/editors.rb
 INFO LOG: May_25_17:30: Loading editor/editor.strings.rb
 INFO LOG: May_25_17:30: Loading editor/editor.rooms.rb
 INFO LOG: May_25_17:30: Loading editor/editor.exits.rb
 INFO LOG: May_25_17:30: Loading editor/editor.zones.rb
 INFO LOG: May_25_17:30: Loading editor/editor.npc.rb
 INFO LOG: May_25_17:30: Loading editor/editor.items.rb
 INFO LOG: May_25_17:30: Loading editor/editor.socials.rb
 INFO LOG: May_25_17:30: Loading socials.rb
 INFO LOG: May_25_17:30: Loading mxp.rb
 INFO LOG: May_25_17:30: Loading mccp.rb
 INFO LOG: May_25_17:30: Loading flags.rb
 INFO LOG: May_25_17:30: Loading areas.rb
 INFO LOG: May_25_17:30: Loading security.rb
 INFO LOG: May_25_17:30: Loading resets.rb
 INFO LOG: May_25_17:30: Loading event.rb
 INFO LOG: May_25_17:30: Loading automap/automap.rb
 INFO LOG: May_25_17:30: Loading cities.rb
 INFO LOG: May_25_17:30: Loading sector definitions.
 INFO LOG: May_25_17:30: Loading help.rb
 INFO LOG: May_25_17:30: Loading imcruby.rb
 INFO LOG: May_25_17:30: Loading player.rb
 INFO LOG: May_25_17:30: Loading commands.rb
 INFO LOG: May_25_17:30: Loading editor/editor.player.rb
 INFO LOG: May_25_17:30: Loading random.rb
 INFO LOG: May_25_17:30: Loading npc.rb
 INFO LOG: May_25_17:30: Loading items/types.rb
 INFO LOG: May_25_17:30: Loading items/items.rb
 INFO LOG: May_25_17:30: Loading spells.rb
 INFO LOG: May_25_17:30: Loading all zones.
 INFO LOG: May_25_17:30: Loading all socials.
 INFO LOG: May_25_17:30: Starting server.
 INFO LOG: May_25_17:30: CoralMUD is now up on port 4000.
 INFO LOG: May_25_17:30: -- 76.202.141.206:58132 connected to CoralMUD!
 INFO LOG: May_25_17:30: -- 76.202.141.206:58132: () Invalid name in character creation.
 INFO LOG: May_25_17:30: -- 76.202.141.206:58132: () Invalid name in character creation.
 INFO LOG: May_25_17:30: -- 76.202.141.206:58132: Retnur is trying to connect.
 INFO LOG: May_25_17:30: -- 76.202.141.206:58132: Retnur player file found.
 INFO LOG: May_25_17:30: -- Retnur has entered the game.
 INFO LOG: May_25_17:31: -- #<Player:0x000000035fee40>:76.202.141.206:58132 disconnected from CoralMUD!
 INFO LOG: May_25_17:31: Logging enabled.   Loading logs.rb.
 INFO LOG: May_25_17:31: Loading spellcheck.rb
 INFO LOG: May_25_17:31: Loading facade.rb
 INFO LOG: May_25_17:31: Loading query_list.rb
 INFO LOG: May_25_17:31: Loading utils.rb
 INFO LOG: May_25_17:31: Loading constants.rb
 INFO LOG: May_25_17:31: Loading damage.rb
 INFO LOG: May_25_17:31: Loading class_property.rb
 INFO LOG: May_25_17:31: Loading scripts.rb
 INFO LOG: May_25_17:31: Loading tags.rb
 INFO LOG: May_25_17:31: Loading editor/editors.rb
 INFO LOG: May_25_17:31: Loading editor/editor.strings.rb
 INFO LOG: May_25_17:31: Loading editor/editor.rooms.rb
 INFO LOG: May_25_17:31: Loading editor/editor.exits.rb
 INFO LOG: May_25_17:31: Loading editor/editor.zones.rb
 INFO LOG: May_25_17:31: Loading editor/editor.npc.rb
 INFO LOG: May_25_17:31: Loading editor/editor.items.rb
 INFO LOG: May_25_17:31: Loading editor/editor.socials.rb
 INFO LOG: May_25_17:31: Loading socials.rb
 INFO LOG: May_25_17:31: Loading mxp.rb
 INFO LOG: May_25_17:31: Loading mccp.rb
 INFO LOG: May_25_17:31: Loading flags.rb
 INFO LOG: May_25_17:31: Loading areas.rb
 INFO LOG: May_25_17:31: Loading security.rb
 INFO LOG: May_25_17:31: Loading resets.rb
 INFO LOG: May_25_17:31: Loading event.rb
 INFO LOG: May_25_17:31: Loading automap/automap.rb
 INFO LOG: May_25_17:31: Loading cities.rb
 INFO LOG: May_25_17:31: Loading sector definitions.
 INFO LOG: May_25_17:31: Loading help.rb
 INFO LOG: May_25_17:31: Loading imcruby.rb
 INFO LOG: May_25_17:31: Loading player.rb
 INFO LOG: May_25_17:31: Loading commands.rb
 INFO LOG: May_25_17:31: Loading editor/editor.player.rb
 INFO LOG: May_25_17:31: Loading random.rb
 INFO LOG: May_25_17:31: Loading npc.rb
 INFO LOG: May_25_17:31: Loading items/types.rb
 INFO LOG: May_25_17:31: Loading items/items.rb
 INFO LOG: May_25_17:31: Loading spells.rb
 INFO LOG: May_25_17:31: Loading all zones.
 INFO LOG: May_25_17:31: Loading all socials.
 INFO LOG: May_25_17:31: Starting server.
 INFO LOG: May_25_17:31: CoralMUD is now up on port 4000.
 INFO LOG: May_25_17:31: -- 76.202.141.206:58791 connected to CoralMUD!
 INFO LOG: May_25_17:31: -- 76.202.141.206:58791: () Invalid name in character creation.
 INFO LOG: May_25_17:31: -- 76.202.141.206:58791: Retnur is trying to connect.
 INFO LOG: May_25_17:31: -- 76.202.141.206:58791: Retnur player file found.
 INFO LOG: May_25_17:31: -- Retnur has entered the game.
 INFO LOG: May_25_17:33: tick!!!
 INFO LOG: May_25_17:35: tick!!!
 INFO LOG: May_25_17:36: -- #<Player:0x00000002c16978>:76.202.141.206:58791 disconnected from CoralMUD!
 INFO LOG: May_25_17:36: Logging enabled.   Loading logs.rb.
 INFO LOG: May_25_17:36: Loading spellcheck.rb
 INFO LOG: May_25_17:36: Loading facade.rb
 INFO LOG: May_25_17:36: Loading query_list.rb
 INFO LOG: May_25_17:36: Loading utils.rb
 INFO LOG: May_25_17:36: Loading constants.rb
 INFO LOG: May_25_17:36: Loading damage.rb
 INFO LOG: May_25_17:36: Loading class_property.rb
 INFO LOG: May_25_17:36: Loading scripts.rb
 INFO LOG: May_25_17:36: Loading tags.rb
 INFO LOG: May_25_17:36: Loading editor/editors.rb
 INFO LOG: May_25_17:36: Loading editor/editor.strings.rb
 INFO LOG: May_25_17:36: Loading editor/editor.rooms.rb
 INFO LOG: May_25_17:36: Loading editor/editor.exits.rb
 INFO LOG: May_25_17:36: Loading editor/editor.zones.rb
 INFO LOG: May_25_17:36: Loading editor/editor.npc.rb
 INFO LOG: May_25_17:36: Loading editor/editor.items.rb
 INFO LOG: May_25_17:36: Loading editor/editor.socials.rb
 INFO LOG: May_25_17:36: Loading socials.rb
 INFO LOG: May_25_17:36: Loading mxp.rb
 INFO LOG: May_25_17:36: Loading mccp.rb
 INFO LOG: May_25_17:36: Loading flags.rb
 INFO LOG: May_25_17:36: Loading areas.rb
 INFO LOG: May_25_17:36: Loading security.rb
 INFO LOG: May_25_17:36: Loading resets.rb
 INFO LOG: May_25_17:36: Loading event.rb
 INFO LOG: May_25_17:36: Loading automap/automap.rb
 INFO LOG: May_25_17:36: Loading cities.rb
 INFO LOG: May_25_17:36: Loading sector definitions.
 INFO LOG: May_25_17:36: Loading help.rb
 INFO LOG: May_25_17:36: Loading imcruby.rb
 INFO LOG: May_25_17:36: Loading player.rb
 INFO LOG: May_25_17:36: Loading commands.rb
 INFO LOG: May_25_17:36: Loading editor/editor.player.rb
 INFO LOG: May_25_17:36: Loading random.rb
 INFO LOG: May_25_17:36: Loading npc.rb
 INFO LOG: May_25_17:36: Loading items/types.rb
 INFO LOG: May_25_17:36: Loading items/items.rb
 INFO LOG: May_25_17:36: Loading spells.rb
 INFO LOG: May_25_17:36: Loading all zones.
 INFO LOG: May_25_17:36: Loading all socials.
 INFO LOG: May_25_17:36: Starting server.
 INFO LOG: May_25_17:36: CoralMUD is now up on port 4000.
 INFO LOG: May_25_17:36: -- 76.202.141.206:45414 connected to CoralMUD!
 INFO LOG: May_25_17:36: -- 76.202.141.206:45414: () Invalid name in character creation.
 INFO LOG: May_25_17:36: -- 76.202.141.206:45414: Retnur is trying to connect.
 INFO LOG: May_25_17:36: -- 76.202.141.206:45414: Retnur player file found.
 INFO LOG: May_25_17:36: -- Retnur has entered the game.
 INFO LOG: May_25_17:38: tick!!!
 INFO LOG: May_25_17:38: Loading items/items.rb
 INFO LOG: May_25_17:38: Loading items/items.rb
 INFO LOG: May_25_17:38: -- #<Player:0x00000003434088>:76.202.141.206:45414 disconnected from CoralMUD!
 INFO LOG: May_25_17:38: Logging enabled.   Loading logs.rb.
 INFO LOG: May_25_17:38: Loading spellcheck.rb
 INFO LOG: May_25_17:38: Loading facade.rb
 INFO LOG: May_25_17:38: Loading query_list.rb
 INFO LOG: May_25_17:38: Loading utils.rb
 INFO LOG: May_25_17:38: Loading constants.rb
 INFO LOG: May_25_17:38: Loading damage.rb
 INFO LOG: May_25_17:38: Loading class_property.rb
 INFO LOG: May_25_17:38: Loading scripts.rb
 INFO LOG: May_25_17:38: Loading tags.rb
 INFO LOG: May_25_17:38: Loading editor/editors.rb
 INFO LOG: May_25_17:38: Loading editor/editor.strings.rb
 INFO LOG: May_25_17:38: Loading editor/editor.rooms.rb
 INFO LOG: May_25_17:38: Loading editor/editor.exits.rb
 INFO LOG: May_25_17:38: Loading editor/editor.zones.rb
 INFO LOG: May_25_17:38: Loading editor/editor.npc.rb
 INFO LOG: May_25_17:38: Loading editor/editor.items.rb
 INFO LOG: May_25_17:38: Loading editor/editor.socials.rb
 INFO LOG: May_25_17:38: Loading socials.rb
 INFO LOG: May_25_17:38: Loading mxp.rb
 INFO LOG: May_25_17:38: Loading mccp.rb
 INFO LOG: May_25_17:38: Loading flags.rb
 INFO LOG: May_25_17:38: Loading areas.rb
 INFO LOG: May_25_17:38: Loading security.rb
 INFO LOG: May_25_17:38: Loading resets.rb
 INFO LOG: May_25_17:38: Loading event.rb
 INFO LOG: May_25_17:38: Loading automap/automap.rb
 INFO LOG: May_25_17:38: Loading cities.rb
 INFO LOG: May_25_17:38: Loading sector definitions.
 INFO LOG: May_25_17:38: Loading help.rb
 INFO LOG: May_25_17:38: Loading imcruby.rb
 INFO LOG: May_25_17:38: Loading player.rb
 INFO LOG: May_25_17:38: Loading commands.rb
 INFO LOG: May_25_17:38: Loading editor/editor.player.rb
 INFO LOG: May_25_17:38: Loading random.rb
 INFO LOG: May_25_17:38: Loading npc.rb
 INFO LOG: May_25_17:38: Loading items/types.rb
 INFO LOG: May_25_17:38: Loading items/items.rb
 INFO LOG: May_25_17:38: Loading spells.rb
 INFO LOG: May_25_17:38: Loading all zones.
 INFO LOG: May_25_17:38: Loading all socials.
 INFO LOG: May_25_17:38: Starting server.
 INFO LOG: May_25_17:38: CoralMUD is now up on port 4000.
 INFO LOG: May_25_17:38: -- 76.202.141.206:35761 connected to CoralMUD!
 INFO LOG: May_25_17:38: -- 76.202.141.206:35761: () Invalid name in character creation.
 INFO LOG: May_25_17:38: -- 76.202.141.206:35761: () Invalid name in character creation.
 INFO LOG: May_25_17:38: -- 76.202.141.206:35761: Retnur is trying to connect.
 INFO LOG: May_25_17:38: -- 76.202.141.206:35761: Retnur player file found.
 INFO LOG: May_25_17:38: -- Retnur has entered the game.
 INFO LOG: May_25_17:40: -- #<Player:0x000000019c5828>:76.202.141.206:35761 disconnected from CoralMUD!
 INFO LOG: May_25_17:40: Logging enabled.   Loading logs.rb.
 INFO LOG: May_25_17:40: Loading spellcheck.rb
 INFO LOG: May_25_17:40: Loading facade.rb
 INFO LOG: May_25_17:40: Loading query_list.rb
 INFO LOG: May_25_17:40: Loading utils.rb
 INFO LOG: May_25_17:40: Loading constants.rb
 INFO LOG: May_25_17:40: Loading damage.rb
 INFO LOG: May_25_17:40: Loading class_property.rb
 INFO LOG: May_25_17:40: Loading scripts.rb
 INFO LOG: May_25_17:40: Loading tags.rb
 INFO LOG: May_25_17:40: Loading editor/editors.rb
 INFO LOG: May_25_17:40: Loading editor/editor.strings.rb
 INFO LOG: May_25_17:40: Loading editor/editor.rooms.rb
 INFO LOG: May_25_17:40: Loading editor/editor.exits.rb
 INFO LOG: May_25_17:40: Loading editor/editor.zones.rb
 INFO LOG: May_25_17:40: Loading editor/editor.npc.rb
 INFO LOG: May_25_17:40: Loading editor/editor.items.rb
 INFO LOG: May_25_17:40: Loading editor/editor.socials.rb
 INFO LOG: May_25_17:40: Loading socials.rb
 INFO LOG: May_25_17:40: Loading mxp.rb
 INFO LOG: May_25_17:40: Loading mccp.rb
 INFO LOG: May_25_17:40: Loading flags.rb
 INFO LOG: May_25_17:40: Loading areas.rb
 INFO LOG: May_25_17:40: Loading security.rb
 INFO LOG: May_25_17:40: Loading resets.rb
 INFO LOG: May_25_17:40: Loading event.rb
 INFO LOG: May_25_17:40: Loading automap/automap.rb
 INFO LOG: May_25_17:40: Loading cities.rb
 INFO LOG: May_25_17:40: Loading sector definitions.
 INFO LOG: May_25_17:40: Loading help.rb
 INFO LOG: May_25_17:40: Loading imcruby.rb
 INFO LOG: May_25_17:40: Loading player.rb
 INFO LOG: May_25_17:40: Loading commands.rb
 INFO LOG: May_25_17:40: Loading editor/editor.player.rb
 INFO LOG: May_25_17:40: Loading random.rb
 INFO LOG: May_25_17:40: Loading npc.rb
 INFO LOG: May_25_17:40: Loading items/types.rb
 INFO LOG: May_25_17:40: Loading items/items.rb
 INFO LOG: May_25_17:40: Loading spells.rb
 INFO LOG: May_25_17:40: Loading all zones.
 INFO LOG: May_25_17:40: Loading all socials.
 INFO LOG: May_25_17:40: Starting server.
 INFO LOG: May_25_17:40: CoralMUD is now up on port 4000.
 INFO LOG: May_25_17:40: -- 76.202.141.206:52172 connected to CoralMUD!
 INFO LOG: May_25_17:40: -- 76.202.141.206:52172: () Invalid name in character creation.
 INFO LOG: May_25_17:40: -- 76.202.141.206:52172: Retnur is trying to connect.
 INFO LOG: May_25_17:40: -- 76.202.141.206:52172: Retnur player file found.
 INFO LOG: May_25_17:40: -- Retnur has entered the game.
 INFO LOG: May_25_17:42: tick!!!
 INFO LOG: May_25_17:44: tick!!!
 INFO LOG: May_25_17:45: Loading items/items.rb
 INFO LOG: May_25_17:46: -- #<Player:0x000000025bd798>:76.202.141.206:52172 disconnected from CoralMUD!
 INFO LOG: May_25_17:46: Logging enabled.   Loading logs.rb.
 INFO LOG: May_25_17:46: Loading spellcheck.rb
 INFO LOG: May_25_17:46: Loading facade.rb
 INFO LOG: May_25_17:46: Loading query_list.rb
 INFO LOG: May_25_17:46: Loading utils.rb
 INFO LOG: May_25_17:46: Loading constants.rb
 INFO LOG: May_25_17:46: Loading damage.rb
 INFO LOG: May_25_17:46: Loading class_property.rb
 INFO LOG: May_25_17:46: Loading scripts.rb
 INFO LOG: May_25_17:46: Loading tags.rb
 INFO LOG: May_25_17:46: Loading editor/editors.rb
 INFO LOG: May_25_17:46: Loading editor/editor.strings.rb
 INFO LOG: May_25_17:46: Loading editor/editor.rooms.rb
 INFO LOG: May_25_17:46: Loading editor/editor.exits.rb
 INFO LOG: May_25_17:46: Loading editor/editor.zones.rb
 INFO LOG: May_25_17:46: Loading editor/editor.npc.rb
 INFO LOG: May_25_17:46: Loading editor/editor.items.rb
 INFO LOG: May_25_17:46: Loading editor/editor.socials.rb
 INFO LOG: May_25_17:46: Loading socials.rb
 INFO LOG: May_25_17:46: Loading mxp.rb
 INFO LOG: May_25_17:46: Loading mccp.rb
 INFO LOG: May_25_17:46: Loading flags.rb
 INFO LOG: May_25_17:46: Loading areas.rb
 INFO LOG: May_25_17:46: Loading security.rb
 INFO LOG: May_25_17:46: Loading resets.rb
 INFO LOG: May_25_17:46: Loading event.rb
 INFO LOG: May_25_17:46: Loading automap/automap.rb
 INFO LOG: May_25_17:46: Loading cities.rb
 INFO LOG: May_25_17:46: Loading sector definitions.
 INFO LOG: May_25_17:46: Loading help.rb
 INFO LOG: May_25_17:46: Loading imcruby.rb
 INFO LOG: May_25_17:46: Loading player.rb
 INFO LOG: May_25_17:46: Loading commands.rb
 INFO LOG: May_25_17:46: Loading editor/editor.player.rb
 INFO LOG: May_25_17:46: Loading random.rb
 INFO LOG: May_25_17:46: Loading npc.rb
 INFO LOG: May_25_17:46: Loading items/types.rb
 INFO LOG: May_25_17:46: Loading items/items.rb
 INFO LOG: May_25_17:46: Loading spells.rb
 INFO LOG: May_25_17:46: Loading all zones.
 INFO LOG: May_25_17:46: Loading all socials.
 INFO LOG: May_25_17:46: Starting server.
 INFO LOG: May_25_17:46: CoralMUD is now up on port 4000.
 INFO LOG: May_25_17:46: -- 76.202.141.206:57533 connected to CoralMUD!
 INFO LOG: May_25_17:46: -- 76.202.141.206:57533: () Invalid name in character creation.
 INFO LOG: May_25_17:46: -- 76.202.141.206:57533: () Invalid name in character creation.
 INFO LOG: May_25_17:46: -- 76.202.141.206:57533: Retnur is trying to connect.
 INFO LOG: May_25_17:46: -- 76.202.141.206:57533: Retnur player file found.
 INFO LOG: May_25_17:46: -- Retnur has entered the game.
 INFO LOG: May_25_17:48: tick!!!
 INFO LOG: May_25_17:50: tick!!!
 INFO LOG: May_25_17:52: tick!!!
 INFO LOG: May_25_17:54: tick!!!
 INFO LOG: May_25_17:56: tick!!!
 INFO LOG: May_25_17:58: tick!!!
 INFO LOG: May_25_18:00: tick!!!
 INFO LOG: May_25_18:02: tick!!!
 INFO LOG: May_25_18:04: tick!!!
 INFO LOG: May_25_18:06: tick!!!
 INFO LOG: May_25_18:08: tick!!!
 INFO LOG: May_25_18:10: tick!!!
 INFO LOG: May_25_18:12: tick!!!
 INFO LOG: May_25_18:14: tick!!!
 INFO LOG: May_25_18:16: tick!!!
 INFO LOG: May_25_18:18: tick!!!
 INFO LOG: May_25_18:20: tick!!!
 INFO LOG: May_25_18:22: tick!!!
 INFO LOG: May_25_18:24: tick!!!
 INFO LOG: May_25_18:26: tick!!!
 INFO LOG: May_25_18:28: tick!!!
 INFO LOG: May_25_18:30: tick!!!
 INFO LOG: May_25_18:32: tick!!!
 INFO LOG: May_25_18:34: tick!!!
 INFO LOG: May_25_18:36: tick!!!
 INFO LOG: May_25_18:38: tick!!!
 INFO LOG: May_25_18:40: tick!!!
 INFO LOG: May_25_18:42: tick!!!
 INFO LOG: May_25_18:44: tick!!!
 INFO LOG: May_25_18:46: tick!!!
 INFO LOG: May_25_18:48: tick!!!
 INFO LOG: May_25_18:50: tick!!!
 INFO LOG: May_25_18:52: tick!!!
 INFO LOG: May_25_18:54: tick!!!
 INFO LOG: May_25_18:56: tick!!!
 INFO LOG: May_25_18:58: tick!!!
 INFO LOG: May_25_19:00: tick!!!
 INFO LOG: May_25_19:02: tick!!!
 INFO LOG: May_25_19:04: tick!!!
 INFO LOG: May_25_19:06: tick!!!
 INFO LOG: May_25_19:08: tick!!!
 INFO LOG: May_25_19:10: tick!!!
 INFO LOG: May_25_19:12: tick!!!
 INFO LOG: May_25_19:14: tick!!!
 INFO LOG: May_25_19:16: tick!!!
 INFO LOG: May_25_19:18: tick!!!
 INFO LOG: May_25_19:20: tick!!!
 INFO LOG: May_25_19:22: tick!!!
 INFO LOG: May_25_19:24: tick!!!
 INFO LOG: May_25_19:26: tick!!!
 INFO LOG: May_25_19:28: tick!!!
 INFO LOG: May_25_19:30: tick!!!
 INFO LOG: May_25_19:32: tick!!!
 INFO LOG: May_25_19:34: tick!!!
 INFO LOG: May_25_19:36: tick!!!
 INFO LOG: May_25_19:38: tick!!!
 INFO LOG: May_25_19:40: tick!!!
 INFO LOG: May_25_19:42: tick!!!
 INFO LOG: May_25_19:44: tick!!!
 INFO LOG: May_25_19:46: tick!!!
 INFO LOG: May_25_19:48: tick!!!
 INFO LOG: May_25_19:50: tick!!!
 INFO LOG: May_25_19:52: tick!!!
 INFO LOG: May_25_19:54: tick!!!
 INFO LOG: May_25_19:56: tick!!!
 INFO LOG: May_25_19:58: tick!!!
 INFO LOG: May_25_20:00: tick!!!
 INFO LOG: May_25_20:02: tick!!!
 INFO LOG: May_25_20:04: tick!!!
 INFO LOG: May_25_20:06: tick!!!
 INFO LOG: May_25_20:08: tick!!!
 INFO LOG: May_25_20:10: tick!!!
 INFO LOG: May_25_20:12: tick!!!
 INFO LOG: May_25_20:14: tick!!!
 INFO LOG: May_25_20:16: tick!!!
 INFO LOG: May_25_20:18: tick!!!
 INFO LOG: May_25_20:20: tick!!!
 INFO LOG: May_25_20:22: tick!!!
 INFO LOG: May_25_20:24: tick!!!
 INFO LOG: May_25_20:26: tick!!!
 INFO LOG: May_25_20:28: tick!!!
 INFO LOG: May_25_20:30: tick!!!
 INFO LOG: May_25_20:30: -- 201.52.92.171:4741 connected to CoralMUD!
 INFO LOG: May_25_20:30: -- 201.52.92.171:4741: Nkr is trying to connect.
 INFO LOG: May_25_20:30: -- 201.52.92.171:4741: Nkr:  New Character.
 INFO LOG: May_25_20:30: -- 201.52.92.171:4741: Nkr successfully created.
 INFO LOG: May_25_20:30: -- Nkr has entered the game.
ERROR LOG: undefined method `channel_flags' for #<NPC:0x000000027dd4b0>
ERROR LOG: /home/heath/coral/lib/facade.rb:64:in `method_missing'
ERROR LOG: (erb):1:in `block in display'
ERROR LOG: /usr/local/lib/ruby/1.9.1/erb.rb:750:in `eval'
ERROR LOG: /usr/local/lib/ruby/1.9.1/erb.rb:750:in `block in result'
ERROR LOG: /usr/local/lib/ruby/1.9.1/erb.rb:748:in `call'
ERROR LOG: /usr/local/lib/ruby/1.9.1/erb.rb:748:in `result'
ERROR LOG: /home/heath/coral/lib/cities.rb:472:in `block in display'
ERROR LOG: /home/heath/coral/lib/class_property.rb:307:in `block in each_stuff'
ERROR LOG: /home/heath/coral/lib/class_property.rb:304:in `each'
ERROR LOG: /home/heath/coral/lib/class_property.rb:304:in `each_stuff'
ERROR LOG: /home/heath/coral/lib/cities.rb:453:in `display'
ERROR LOG: /home/heath/coral/lib/utils.rb:468:in `communicate'
ERROR LOG: /home/heath/coral/lib/commands/say.rb:7:in `cmd_say'
ERROR LOG: /home/heath/coral/lib/commands.rb:307:in `execute_command'
ERROR LOG: /home/heath/coral/core/socketengine.rb:170:in `block in handle_cmd_input'
ERROR LOG: /home/heath/coral/core/socketengine.rb:169:in `times'
ERROR LOG: /home/heath/coral/core/socketengine.rb:169:in `handle_cmd_input'
ERROR LOG: /home/heath/coral/core/socketengine.rb:133:in `receive_data'
ERROR LOG: /usr/local/lib/ruby/gems/1.9.1/gems/eventmachine-0.12.8/lib/eventmachine.rb:242:in `run_machine'
ERROR LOG: /usr/local/lib/ruby/gems/1.9.1/gems/eventmachine-0.12.8/lib/eventmachine.rb:242:in `run'
ERROR LOG: coral.rb:175:in `<main>'
 INFO LOG: May_25_20:32: tick!!!
 INFO LOG: May_25_20:34: tick!!!
 INFO LOG: May_25_20:36: tick!!!
 INFO LOG: May_25_20:38: tick!!!
 INFO LOG: May_25_20:40: tick!!!
 INFO LOG: May_25_20:42: tick!!!
 INFO LOG: May_25_20:44: tick!!!
 INFO LOG: May_25_20:46: tick!!!
 INFO LOG: May_25_20:48: tick!!!
 INFO LOG: May_25_20:50: tick!!!
 INFO LOG: May_25_20:52: tick!!!
 INFO LOG: May_25_20:54: tick!!!
 INFO LOG: May_25_20:56: tick!!!
 INFO LOG: May_25_20:58: tick!!!
 INFO LOG: May_25_21:00: tick!!!
 INFO LOG: May_25_21:02: tick!!!
 INFO LOG: May_25_21:04: tick!!!
 INFO LOG: May_25_21:06: tick!!!
 INFO LOG: May_25_21:08: tick!!!
 INFO LOG: May_25_21:10: tick!!!
 INFO LOG: May_25_21:12: tick!!!
 INFO LOG: May_25_21:14: tick!!!
 INFO LOG: May_25_21:16: tick!!!
 INFO LOG: May_25_21:18: tick!!!
 INFO LOG: May_25_21:20: tick!!!
 INFO LOG: May_25_21:22: tick!!!
 INFO LOG: May_25_21:24: tick!!!
 INFO LOG: May_25_21:26: tick!!!
 INFO LOG: May_25_21:26: -- #<Player:0x00000001fab2b0>:201.52.92.171:4741 disconnected from CoralMUD!
 INFO LOG: May_25_21:28: tick!!!
 INFO LOG: May_25_21:30: tick!!!
 INFO LOG: May_25_21:32: tick!!!
 INFO LOG: May_25_21:34: tick!!!
 INFO LOG: May_25_21:36: tick!!!
 INFO LOG: May_25_21:38: tick!!!
 INFO LOG: May_25_21:40: tick!!!
 INFO LOG: May_25_21:42: tick!!!
 INFO LOG: May_25_21:44: tick!!!
 INFO LOG: May_25_21:46: tick!!!
 INFO LOG: May_25_21:48: tick!!!
 INFO LOG: May_25_21:50: tick!!!
 INFO LOG: May_25_21:52: tick!!!
 INFO LOG: May_25_21:54: tick!!!
 INFO LOG: May_25_21:56: tick!!!
 INFO LOG: May_25_21:56: Loading resets.rb
 INFO LOG: May_25_21:58: tick!!!
ERROR LOG: undefined method `recycle?' for #<NPC:0x000000027dd4b0>
ERROR LOG: /home/heath/coral/lib/facade.rb:64:in `method_missing'
ERROR LOG: /home/heath/coral/lib/resets.rb:29:in `block in do_the_reset?'
ERROR LOG: /home/heath/coral/lib/resets.rb:29:in `each'
ERROR LOG: /home/heath/coral/lib/resets.rb:29:in `any?'
ERROR LOG: /home/heath/coral/lib/resets.rb:29:in `do_the_reset?'
ERROR LOG: /home/heath/coral/lib/resets.rb:63:in `block in reset'
ERROR LOG: /home/heath/coral/lib/resets.rb:62:in `each'
ERROR LOG: /home/heath/coral/lib/resets.rb:62:in `reset'
ERROR LOG: /home/heath/coral/lib/commands/reset.rb:4:in `cmd_reset'
ERROR LOG: /home/heath/coral/lib/commands.rb:307:in `execute_command'
ERROR LOG: /home/heath/coral/core/socketengine.rb:170:in `block in handle_cmd_input'
ERROR LOG: /home/heath/coral/core/socketengine.rb:169:in `times'
ERROR LOG: /home/heath/coral/core/socketengine.rb:169:in `handle_cmd_input'
ERROR LOG: /home/heath/coral/core/socketengine.rb:133:in `receive_data'
ERROR LOG: /usr/local/lib/ruby/gems/1.9.1/gems/eventmachine-0.12.8/lib/eventmachine.rb:242:in `run_machine'
ERROR LOG: /usr/local/lib/ruby/gems/1.9.1/gems/eventmachine-0.12.8/lib/eventmachine.rb:242:in `run'
ERROR LOG: coral.rb:175:in `<main>'
 INFO LOG: May_25_22:00: tick!!!
 INFO LOG: May_25_22:01: Loading resets.rb
 INFO LOG: May_25_22:01: -- #<Player:0x0000000285e060>:76.202.141.206:57533 disconnected from CoralMUD!
