 INFO LOG: May_24_20:13: Logging enabled.   Loading logs.rb.
 INFO LOG: May_24_20:13: Loading spellcheck.rb
 INFO LOG: May_24_20:13: Loading facade.rb
 INFO LOG: May_24_20:13: Loading query_list.rb
 INFO LOG: May_24_20:13: Loading utils.rb
 INFO LOG: May_24_20:13: Loading constants.rb
 INFO LOG: May_24_20:13: Loading damage.rb
 INFO LOG: May_24_20:13: Loading class_property.rb
 INFO LOG: May_24_20:13: Loading scripts.rb
 INFO LOG: May_24_20:13: Loading tags.rb
 INFO LOG: May_24_20:13: Loading editor/editors.rb
 INFO LOG: May_24_20:13: Loading editor/editor.strings.rb
 INFO LOG: May_24_20:13: Loading editor/editor.rooms.rb
 INFO LOG: May_24_20:13: Loading editor/editor.exits.rb
 INFO LOG: May_24_20:13: Loading editor/editor.zones.rb
 INFO LOG: May_24_20:13: Loading editor/editor.npc.rb
 INFO LOG: May_24_20:13: Loading editor/editor.items.rb
 INFO LOG: May_24_20:13: Loading editor/editor.socials.rb
 INFO LOG: May_24_20:13: Loading socials.rb
 INFO LOG: May_24_20:13: Loading mxp.rb
 INFO LOG: May_24_20:13: Loading mccp.rb
 INFO LOG: May_24_20:13: Loading flags.rb
 INFO LOG: May_24_20:13: Loading areas.rb
 INFO LOG: May_24_20:13: Loading security.rb
 INFO LOG: May_24_20:13: Loading resets.rb
 INFO LOG: May_24_20:13: Loading event.rb
 INFO LOG: May_24_20:13: Loading automap/automap.rb
 INFO LOG: May_24_20:13: Loading cities.rb
 INFO LOG: May_24_20:13: Loading sector definitions.
 INFO LOG: May_24_20:13: Loading help.rb
 INFO LOG: May_24_20:13: Loading imcruby.rb
 INFO LOG: May_24_20:13: Loading player.rb
 INFO LOG: May_24_20:13: Loading commands.rb
 INFO LOG: May_24_20:13: Loading editor/editor.player.rb
 INFO LOG: May_24_20:13: Loading random.rb
 INFO LOG: May_24_20:13: Loading npc.rb
 INFO LOG: May_24_20:13: Loading items/types.rb
 INFO LOG: May_24_20:13: Loading items/items.rb
 INFO LOG: May_24_20:13: Loading spells.rb
 INFO LOG: May_24_20:13: Loading all zones.
 INFO LOG: May_24_20:13: Loading all socials.
 INFO LOG: May_24_20:13: Starting server.
 INFO LOG: May_24_20:13: CoralMUD is now up on port 4000.
 INFO LOG: May_24_20:13: -- 76.202.141.206:60657 connected to CoralMUD!
 INFO LOG: May_24_20:13: -- 76.202.141.206:60657: () Invalid name in character creation.
 INFO LOG: May_24_20:13: -- 76.202.141.206:60657: () Invalid name in character creation.
 INFO LOG: May_24_20:13: -- 76.202.141.206:60657: Retnur is trying to connect.
 INFO LOG: May_24_20:13: -- 76.202.141.206:60657: Retnur player file found.
 INFO LOG: May_24_20:13: -- Retnur has entered the game.
ERROR LOG: undefined method `count' for nil:NilClass
ERROR LOG: /home/heath/coral/lib/resets.rb:16:in `do_the_reset?'
ERROR LOG: /home/heath/coral/lib/resets.rb:47:in `block in reset'
ERROR LOG: /home/heath/coral/lib/resets.rb:46:in `each'
ERROR LOG: /home/heath/coral/lib/resets.rb:46:in `reset'
ERROR LOG: /home/heath/coral/lib/commands/reset.rb:4:in `cmd_reset'
ERROR LOG: /home/heath/coral/lib/commands.rb:307:in `execute_command'
ERROR LOG: /home/heath/coral/core/socketengine.rb:170:in `block in handle_cmd_input'
ERROR LOG: /home/heath/coral/core/socketengine.rb:169:in `times'
ERROR LOG: /home/heath/coral/core/socketengine.rb:169:in `handle_cmd_input'
ERROR LOG: /home/heath/coral/core/socketengine.rb:133:in `receive_data'
ERROR LOG: /usr/local/lib/ruby/gems/1.9.1/gems/eventmachine-0.12.8/lib/eventmachine.rb:242:in `run_machine'
ERROR LOG: /usr/local/lib/ruby/gems/1.9.1/gems/eventmachine-0.12.8/lib/eventmachine.rb:242:in `run'
ERROR LOG: coral.rb:175:in `<main>'
 INFO LOG: May_24_20:15: tick!!!
 INFO LOG: May_24_20:17: tick!!!
 INFO LOG: May_24_20:19: -- #<Player:0x00000002e3e8b8>:76.202.141.206:60657 disconnected from CoralMUD!
 INFO LOG: May_24_20:19: Logging enabled.   Loading logs.rb.
 INFO LOG: May_24_20:19: Loading spellcheck.rb
 INFO LOG: May_24_20:19: Loading facade.rb
 INFO LOG: May_24_20:19: Loading query_list.rb
 INFO LOG: May_24_20:19: Loading utils.rb
 INFO LOG: May_24_20:19: Loading constants.rb
 INFO LOG: May_24_20:19: Loading damage.rb
 INFO LOG: May_24_20:19: Loading class_property.rb
 INFO LOG: May_24_20:19: Loading scripts.rb
 INFO LOG: May_24_20:19: Loading tags.rb
 INFO LOG: May_24_20:19: Loading editor/editors.rb
 INFO LOG: May_24_20:19: Loading editor/editor.strings.rb
 INFO LOG: May_24_20:19: Loading editor/editor.rooms.rb
 INFO LOG: May_24_20:19: Loading editor/editor.exits.rb
 INFO LOG: May_24_20:19: Loading editor/editor.zones.rb
 INFO LOG: May_24_20:19: Loading editor/editor.npc.rb
 INFO LOG: May_24_20:19: Loading editor/editor.items.rb
 INFO LOG: May_24_20:19: Loading editor/editor.socials.rb
 INFO LOG: May_24_20:19: Loading socials.rb
 INFO LOG: May_24_20:19: Loading mxp.rb
 INFO LOG: May_24_20:19: Loading mccp.rb
 INFO LOG: May_24_20:19: Loading flags.rb
 INFO LOG: May_24_20:19: Loading areas.rb
 INFO LOG: May_24_20:19: Loading security.rb
 INFO LOG: May_24_20:19: Loading resets.rb
 INFO LOG: May_24_20:19: Loading event.rb
 INFO LOG: May_24_20:19: Loading automap/automap.rb
 INFO LOG: May_24_20:19: Loading cities.rb
 INFO LOG: May_24_20:19: Loading sector definitions.
 INFO LOG: May_24_20:19: Loading help.rb
 INFO LOG: May_24_20:19: Loading imcruby.rb
 INFO LOG: May_24_20:19: Loading player.rb
 INFO LOG: May_24_20:19: Loading commands.rb
 INFO LOG: May_24_20:19: Loading editor/editor.player.rb
 INFO LOG: May_24_20:19: Loading random.rb
 INFO LOG: May_24_20:19: Loading npc.rb
 INFO LOG: May_24_20:19: Loading items/types.rb
 INFO LOG: May_24_20:19: Loading items/items.rb
 INFO LOG: May_24_20:19: Loading spells.rb
 INFO LOG: May_24_20:19: Loading all zones.
 INFO LOG: May_24_20:19: Loading all socials.
 INFO LOG: May_24_20:19: Starting server.
 INFO LOG: May_24_20:19: CoralMUD is now up on port 4000.
 INFO LOG: May_24_20:19: -- 76.202.141.206:38061 connected to CoralMUD!
 INFO LOG: May_24_20:19: -- 76.202.141.206:38061: () Invalid name in character creation.
 INFO LOG: May_24_20:19: -- 76.202.141.206:38061: () Invalid name in character creation.
 INFO LOG: May_24_20:19: -- 76.202.141.206:38061: Retnur is trying to connect.
 INFO LOG: May_24_20:19: -- 76.202.141.206:38061: Retnur player file found.
 INFO LOG: May_24_20:19: -- Retnur has entered the game.
ERROR LOG: undefined method `count' for nil:NilClass
ERROR LOG: /home/heath/coral/lib/resets.rb:16:in `do_the_reset?'
ERROR LOG: /home/heath/coral/lib/resets.rb:47:in `block in reset'
ERROR LOG: /home/heath/coral/lib/resets.rb:46:in `each'
ERROR LOG: /home/heath/coral/lib/resets.rb:46:in `reset'
ERROR LOG: /home/heath/coral/lib/commands/reset.rb:4:in `cmd_reset'
ERROR LOG: /home/heath/coral/lib/commands.rb:307:in `execute_command'
ERROR LOG: /home/heath/coral/core/socketengine.rb:170:in `block in handle_cmd_input'
ERROR LOG: /home/heath/coral/core/socketengine.rb:169:in `times'
ERROR LOG: /home/heath/coral/core/socketengine.rb:169:in `handle_cmd_input'
ERROR LOG: /home/heath/coral/core/socketengine.rb:133:in `receive_data'
ERROR LOG: /usr/local/lib/ruby/gems/1.9.1/gems/eventmachine-0.12.8/lib/eventmachine.rb:242:in `run_machine'
ERROR LOG: /usr/local/lib/ruby/gems/1.9.1/gems/eventmachine-0.12.8/lib/eventmachine.rb:242:in `run'
ERROR LOG: coral.rb:175:in `<main>'
 INFO LOG: May_24_20:20: Loading resets.rb
 INFO LOG: May_24_20:20: -- #<Player:0x000000024a0f18>:76.202.141.206:38061 disconnected from CoralMUD!
 INFO LOG: May_24_20:21: Logging enabled.   Loading logs.rb.
 INFO LOG: May_24_20:21: Loading spellcheck.rb
 INFO LOG: May_24_20:21: Loading facade.rb
 INFO LOG: May_24_20:21: Loading query_list.rb
 INFO LOG: May_24_20:21: Loading utils.rb
 INFO LOG: May_24_20:21: Loading constants.rb
 INFO LOG: May_24_20:21: Loading damage.rb
 INFO LOG: May_24_20:21: Loading class_property.rb
 INFO LOG: May_24_20:21: Loading scripts.rb
 INFO LOG: May_24_20:21: Loading tags.rb
 INFO LOG: May_24_20:21: Loading editor/editors.rb
 INFO LOG: May_24_20:21: Loading editor/editor.strings.rb
 INFO LOG: May_24_20:21: Loading editor/editor.rooms.rb
 INFO LOG: May_24_20:21: Loading editor/editor.exits.rb
 INFO LOG: May_24_20:21: Loading editor/editor.zones.rb
 INFO LOG: May_24_20:21: Loading editor/editor.npc.rb
 INFO LOG: May_24_20:21: Loading editor/editor.items.rb
 INFO LOG: May_24_20:21: Loading editor/editor.socials.rb
 INFO LOG: May_24_20:21: Loading socials.rb
 INFO LOG: May_24_20:21: Loading mxp.rb
 INFO LOG: May_24_20:21: Loading mccp.rb
 INFO LOG: May_24_20:21: Loading flags.rb
 INFO LOG: May_24_20:21: Loading areas.rb
 INFO LOG: May_24_20:21: Loading security.rb
 INFO LOG: May_24_20:21: Loading resets.rb
 INFO LOG: May_24_20:21: Loading event.rb
 INFO LOG: May_24_20:21: Loading automap/automap.rb
 INFO LOG: May_24_20:21: Loading cities.rb
 INFO LOG: May_24_20:21: Loading sector definitions.
 INFO LOG: May_24_20:21: Loading help.rb
 INFO LOG: May_24_20:21: Loading imcruby.rb
 INFO LOG: May_24_20:21: Loading player.rb
 INFO LOG: May_24_20:21: Loading commands.rb
 INFO LOG: May_24_20:21: Loading editor/editor.player.rb
 INFO LOG: May_24_20:21: Loading random.rb
 INFO LOG: May_24_20:21: Loading npc.rb
 INFO LOG: May_24_20:21: Loading items/types.rb
 INFO LOG: May_24_20:21: Loading items/items.rb
 INFO LOG: May_24_20:21: Loading spells.rb
 INFO LOG: May_24_20:21: Loading all zones.
 INFO LOG: May_24_20:21: Loading all socials.
 INFO LOG: May_24_20:21: Starting server.
 INFO LOG: May_24_20:21: CoralMUD is now up on port 4000.
 INFO LOG: May_24_20:21: -- 76.202.141.206:41376 connected to CoralMUD!
 INFO LOG: May_24_20:21: -- 76.202.141.206:41376: Retnur is trying to connect.
 INFO LOG: May_24_20:21: -- 76.202.141.206:41376: Retnur player file found.
 INFO LOG: May_24_20:21: -- Retnur has entered the game.
 INFO LOG: May_24_20:23: tick!!!
 INFO LOG: May_24_20:25: tick!!!
 INFO LOG: May_24_20:26: -- #<Player:0x00000002f3efd8>:76.202.141.206:41376 disconnected from CoralMUD!
 INFO LOG: May_24_20:26: Logging enabled.   Loading logs.rb.
 INFO LOG: May_24_20:26: Loading spellcheck.rb
 INFO LOG: May_24_20:26: Loading facade.rb
 INFO LOG: May_24_20:26: Loading query_list.rb
 INFO LOG: May_24_20:26: Loading utils.rb
 INFO LOG: May_24_20:26: Loading constants.rb
 INFO LOG: May_24_20:26: Loading damage.rb
 INFO LOG: May_24_20:26: Loading class_property.rb
 INFO LOG: May_24_20:26: Loading scripts.rb
 INFO LOG: May_24_20:26: Loading tags.rb
 INFO LOG: May_24_20:26: Loading editor/editors.rb
 INFO LOG: May_24_20:26: Loading editor/editor.strings.rb
 INFO LOG: May_24_20:26: Loading editor/editor.rooms.rb
 INFO LOG: May_24_20:26: Loading editor/editor.exits.rb
 INFO LOG: May_24_20:26: Loading editor/editor.zones.rb
 INFO LOG: May_24_20:26: Loading editor/editor.npc.rb
 INFO LOG: May_24_20:26: Loading editor/editor.items.rb
 INFO LOG: May_24_20:26: Loading editor/editor.socials.rb
 INFO LOG: May_24_20:26: Loading socials.rb
 INFO LOG: May_24_20:26: Loading mxp.rb
 INFO LOG: May_24_20:26: Loading mccp.rb
 INFO LOG: May_24_20:26: Loading flags.rb
 INFO LOG: May_24_20:26: Loading areas.rb
 INFO LOG: May_24_20:26: Loading security.rb
 INFO LOG: May_24_20:26: Loading resets.rb
 INFO LOG: May_24_20:26: Loading event.rb
 INFO LOG: May_24_20:26: Loading automap/automap.rb
 INFO LOG: May_24_20:26: Loading cities.rb
 INFO LOG: May_24_20:26: Loading sector definitions.
 INFO LOG: May_24_20:26: Loading help.rb
 INFO LOG: May_24_20:26: Loading imcruby.rb
 INFO LOG: May_24_20:26: Loading player.rb
 INFO LOG: May_24_20:26: Loading commands.rb
 INFO LOG: May_24_20:26: Loading editor/editor.player.rb
 INFO LOG: May_24_20:26: Loading random.rb
 INFO LOG: May_24_20:26: Loading npc.rb
 INFO LOG: May_24_20:26: Loading items/types.rb
 INFO LOG: May_24_20:26: Loading items/items.rb
 INFO LOG: May_24_20:26: Loading spells.rb
 INFO LOG: May_24_20:26: Loading all zones.
 INFO LOG: May_24_20:26: Loading all socials.
 INFO LOG: May_24_20:26: Starting server.
 INFO LOG: May_24_20:26: CoralMUD is now up on port 4000.
 INFO LOG: May_24_20:26: -- 76.202.141.206:51102 connected to CoralMUD!
 INFO LOG: May_24_20:26: -- 76.202.141.206:51102: () Invalid name in character creation.
 INFO LOG: May_24_20:26: -- 76.202.141.206:51102: () Invalid name in character creation.
 INFO LOG: May_24_20:26: -- 76.202.141.206:51102: Retnur is trying to connect.
 INFO LOG: May_24_20:26: -- 76.202.141.206:51102: Retnur player file found.
 INFO LOG: May_24_20:26: -- Retnur has entered the game.
 INFO LOG: May_24_20:26: -- #<Player:0x00000001c61690>:76.202.141.206:51102 disconnected from CoralMUD!
 INFO LOG: May_24_20:26: Logging enabled.   Loading logs.rb.
 INFO LOG: May_24_20:26: Loading spellcheck.rb
 INFO LOG: May_24_20:26: Loading facade.rb
 INFO LOG: May_24_20:26: Loading query_list.rb
 INFO LOG: May_24_20:26: Loading utils.rb
 INFO LOG: May_24_20:26: Loading constants.rb
 INFO LOG: May_24_20:26: Loading damage.rb
 INFO LOG: May_24_20:26: Loading class_property.rb
 INFO LOG: May_24_20:26: Loading scripts.rb
 INFO LOG: May_24_20:26: Loading tags.rb
 INFO LOG: May_24_20:26: Loading editor/editors.rb
 INFO LOG: May_24_20:26: Loading editor/editor.strings.rb
 INFO LOG: May_24_20:26: Loading editor/editor.rooms.rb
 INFO LOG: May_24_20:26: Loading editor/editor.exits.rb
 INFO LOG: May_24_20:26: Loading editor/editor.zones.rb
 INFO LOG: May_24_20:26: Loading editor/editor.npc.rb
 INFO LOG: May_24_20:26: Loading editor/editor.items.rb
 INFO LOG: May_24_20:26: Loading editor/editor.socials.rb
 INFO LOG: May_24_20:26: Loading socials.rb
 INFO LOG: May_24_20:26: Loading mxp.rb
 INFO LOG: May_24_20:26: Loading mccp.rb
 INFO LOG: May_24_20:26: Loading flags.rb
 INFO LOG: May_24_20:26: Loading areas.rb
 INFO LOG: May_24_20:26: Loading security.rb
 INFO LOG: May_24_20:26: Loading resets.rb
 INFO LOG: May_24_20:26: Loading event.rb
 INFO LOG: May_24_20:26: Loading automap/automap.rb
 INFO LOG: May_24_20:26: Loading cities.rb
 INFO LOG: May_24_20:26: Loading sector definitions.
 INFO LOG: May_24_20:26: Loading help.rb
 INFO LOG: May_24_20:26: Loading imcruby.rb
 INFO LOG: May_24_20:26: Loading player.rb
 INFO LOG: May_24_20:26: Loading commands.rb
 INFO LOG: May_24_20:26: Loading editor/editor.player.rb
 INFO LOG: May_24_20:26: Loading random.rb
 INFO LOG: May_24_20:26: Loading npc.rb
 INFO LOG: May_24_20:26: Loading items/types.rb
 INFO LOG: May_24_20:26: Loading items/items.rb
 INFO LOG: May_24_20:26: Loading spells.rb
 INFO LOG: May_24_20:26: Loading all zones.
 INFO LOG: May_24_20:26: Loading all socials.
 INFO LOG: May_24_20:26: Starting server.
 INFO LOG: May_24_20:26: CoralMUD is now up on port 4000.
 INFO LOG: May_24_20:26: -- 76.202.141.206:55545 connected to CoralMUD!
 INFO LOG: May_24_20:26: -- 76.202.141.206:55545: () Invalid name in character creation.
 INFO LOG: May_24_20:26: -- 76.202.141.206:55545: () Invalid name in character creation.
 INFO LOG: May_24_20:26: -- 76.202.141.206:55545: Retnur is trying to connect.
 INFO LOG: May_24_20:26: -- 76.202.141.206:55545: Retnur player file found.
 INFO LOG: May_24_20:26: -- Retnur has entered the game.
ERROR LOG: undefined method `recycled?' for #<NPC:0x0000000191cd18>
ERROR LOG: /home/heath/coral/lib/facade.rb:70:in `method_missing'
ERROR LOG: /home/heath/coral/lib/resets.rb:21:in `block in do_the_reset?'
ERROR LOG: /home/heath/coral/lib/resets.rb:21:in `each'
ERROR LOG: /home/heath/coral/lib/resets.rb:21:in `any?'
ERROR LOG: /home/heath/coral/lib/resets.rb:21:in `do_the_reset?'
ERROR LOG: /home/heath/coral/lib/resets.rb:52:in `block in reset'
ERROR LOG: /home/heath/coral/lib/resets.rb:51:in `each'
ERROR LOG: /home/heath/coral/lib/resets.rb:51:in `reset'
ERROR LOG: /home/heath/coral/lib/commands/reset.rb:4:in `cmd_reset'
ERROR LOG: /home/heath/coral/lib/commands.rb:307:in `execute_command'
ERROR LOG: /home/heath/coral/core/socketengine.rb:170:in `block in handle_cmd_input'
ERROR LOG: /home/heath/coral/core/socketengine.rb:169:in `times'
ERROR LOG: /home/heath/coral/core/socketengine.rb:169:in `handle_cmd_input'
ERROR LOG: /home/heath/coral/core/socketengine.rb:133:in `receive_data'
ERROR LOG: /usr/local/lib/ruby/gems/1.9.1/gems/eventmachine-0.12.8/lib/eventmachine.rb:242:in `run_machine'
ERROR LOG: /usr/local/lib/ruby/gems/1.9.1/gems/eventmachine-0.12.8/lib/eventmachine.rb:242:in `run'
ERROR LOG: coral.rb:175:in `<main>'
 INFO LOG: May_24_20:28: tick!!!
 INFO LOG: May_24_20:30: tick!!!
 INFO LOG: May_24_20:32: tick!!!
 INFO LOG: May_24_20:34: tick!!!
 INFO LOG: May_24_20:36: tick!!!
 INFO LOG: May_24_20:38: tick!!!
 INFO LOG: May_24_20:39: -- #<Player:0x0000000199d8a0>:76.202.141.206:55545 disconnected from CoralMUD!
 INFO LOG: May_24_20:39: Logging enabled.   Loading logs.rb.
 INFO LOG: May_24_20:39: Loading spellcheck.rb
 INFO LOG: May_24_20:39: Loading facade.rb
 INFO LOG: May_24_20:39: Loading query_list.rb
 INFO LOG: May_24_20:39: Loading utils.rb
 INFO LOG: May_24_20:39: Loading constants.rb
 INFO LOG: May_24_20:39: Loading damage.rb
 INFO LOG: May_24_20:39: Loading class_property.rb
 INFO LOG: May_24_20:39: Loading scripts.rb
 INFO LOG: May_24_20:39: Loading tags.rb
 INFO LOG: May_24_20:39: Loading editor/editors.rb
 INFO LOG: May_24_20:39: Loading editor/editor.strings.rb
 INFO LOG: May_24_20:39: Loading editor/editor.rooms.rb
 INFO LOG: May_24_20:39: Loading editor/editor.exits.rb
 INFO LOG: May_24_20:39: Loading editor/editor.zones.rb
 INFO LOG: May_24_20:39: Loading editor/editor.npc.rb
 INFO LOG: May_24_20:39: Loading editor/editor.items.rb
 INFO LOG: May_24_20:39: Loading editor/editor.socials.rb
 INFO LOG: May_24_20:39: Loading socials.rb
 INFO LOG: May_24_20:39: Loading mxp.rb
 INFO LOG: May_24_20:39: Loading mccp.rb
 INFO LOG: May_24_20:39: Loading flags.rb
 INFO LOG: May_24_20:39: Loading areas.rb
 INFO LOG: May_24_20:39: Loading security.rb
 INFO LOG: May_24_20:39: Loading resets.rb
 INFO LOG: May_24_20:39: Loading event.rb
 INFO LOG: May_24_20:39: Loading automap/automap.rb
 INFO LOG: May_24_20:39: Loading cities.rb
 INFO LOG: May_24_20:39: Loading sector definitions.
 INFO LOG: May_24_20:39: Loading help.rb
 INFO LOG: May_24_20:39: Loading imcruby.rb
 INFO LOG: May_24_20:39: Loading player.rb
 INFO LOG: May_24_20:39: Loading commands.rb
 INFO LOG: May_24_20:39: Loading editor/editor.player.rb
 INFO LOG: May_24_20:39: Loading random.rb
 INFO LOG: May_24_20:39: Loading npc.rb
 INFO LOG: May_24_20:39: Loading items/types.rb
 INFO LOG: May_24_20:39: Loading items/items.rb
 INFO LOG: May_24_20:39: Loading spells.rb
 INFO LOG: May_24_20:39: Loading all zones.
 INFO LOG: May_24_20:39: Loading all socials.
 INFO LOG: May_24_20:39: Starting server.
 INFO LOG: May_24_20:39: CoralMUD is now up on port 4000.
 INFO LOG: May_24_20:39: -- 76.202.141.206:51815 connected to CoralMUD!
 INFO LOG: May_24_20:39: -- 76.202.141.206:51815: () Invalid name in character creation.
 INFO LOG: May_24_20:39: -- 76.202.141.206:51815: () Invalid name in character creation.
 INFO LOG: May_24_20:39: -- 76.202.141.206:51815: Retnur is trying to connect.
 INFO LOG: May_24_20:39: -- 76.202.141.206:51815: Retnur player file found.
 INFO LOG: May_24_20:39: -- Retnur has entered the game.
 INFO LOG: May_24_20:41: tick!!!
 INFO LOG: May_24_20:43: tick!!!
 INFO LOG: May_24_20:45: tick!!!
 INFO LOG: May_24_20:47: tick!!!
 INFO LOG: May_24_20:49: tick!!!
 INFO LOG: May_24_20:51: tick!!!
 INFO LOG: May_24_20:53: tick!!!
 INFO LOG: May_24_20:55: tick!!!
 INFO LOG: May_24_20:57: -- #<Player:0x000000033af680>:76.202.141.206:51815 disconnected from CoralMUD!
 INFO LOG: May_24_20:57: Logging enabled.   Loading logs.rb.
 INFO LOG: May_24_20:57: Loading spellcheck.rb
 INFO LOG: May_24_20:57: Loading facade.rb
 INFO LOG: May_24_20:57: Loading query_list.rb
 INFO LOG: May_24_20:57: Loading utils.rb
 INFO LOG: May_24_20:57: Loading constants.rb
 INFO LOG: May_24_20:57: Loading damage.rb
 INFO LOG: May_24_20:57: Loading class_property.rb
 INFO LOG: May_24_20:57: Loading scripts.rb
 INFO LOG: May_24_20:57: Loading tags.rb
 INFO LOG: May_24_20:57: Loading editor/editors.rb
 INFO LOG: May_24_20:57: Loading editor/editor.strings.rb
 INFO LOG: May_24_20:57: Loading editor/editor.rooms.rb
 INFO LOG: May_24_20:57: Loading editor/editor.exits.rb
 INFO LOG: May_24_20:57: Loading editor/editor.zones.rb
 INFO LOG: May_24_20:57: Loading editor/editor.npc.rb
 INFO LOG: May_24_20:57: Loading editor/editor.items.rb
 INFO LOG: May_24_20:57: Loading editor/editor.socials.rb
 INFO LOG: May_24_20:57: Loading socials.rb
 INFO LOG: May_24_20:57: Loading mxp.rb
 INFO LOG: May_24_20:57: Loading mccp.rb
 INFO LOG: May_24_20:57: Loading flags.rb
 INFO LOG: May_24_20:57: Loading areas.rb
 INFO LOG: May_24_20:57: Loading security.rb
 INFO LOG: May_24_20:57: Loading resets.rb
 INFO LOG: May_24_20:57: Loading event.rb
 INFO LOG: May_24_20:57: Loading automap/automap.rb
 INFO LOG: May_24_20:57: Loading cities.rb
 INFO LOG: May_24_20:57: Loading sector definitions.
 INFO LOG: May_24_20:57: Loading help.rb
 INFO LOG: May_24_20:57: Loading imcruby.rb
 INFO LOG: May_24_20:57: Loading player.rb
 INFO LOG: May_24_20:57: Loading commands.rb
 INFO LOG: May_24_20:57: Loading editor/editor.player.rb
 INFO LOG: May_24_20:57: Loading random.rb
 INFO LOG: May_24_20:57: Loading npc.rb
 INFO LOG: May_24_20:57: Loading items/types.rb
 INFO LOG: May_24_20:57: Loading items/items.rb
 INFO LOG: May_24_20:57: Loading spells.rb
 INFO LOG: May_24_20:57: Loading all zones.
 INFO LOG: May_24_20:57: Loading all socials.
 INFO LOG: May_24_20:57: Starting server.
 INFO LOG: May_24_20:57: CoralMUD is now up on port 4000.
 INFO LOG: May_24_20:57: -- 76.202.141.206:43858 connected to CoralMUD!
 INFO LOG: May_24_20:57: -- 76.202.141.206:43858: () Invalid name in character creation.
 INFO LOG: May_24_20:57: -- 76.202.141.206:43858: () Invalid name in character creation.
 INFO LOG: May_24_20:57: -- 76.202.141.206:43858: Retnur is trying to connect.
 INFO LOG: May_24_20:57: -- 76.202.141.206:43858: Retnur player file found.
 INFO LOG: May_24_20:57: -- Retnur has entered the game.
 INFO LOG: May_24_20:58: -- #<Player:0x00000001f26088>:76.202.141.206:43858 disconnected from CoralMUD!
 INFO LOG: May_24_20:58: Logging enabled.   Loading logs.rb.
 INFO LOG: May_24_20:58: Loading spellcheck.rb
 INFO LOG: May_24_20:58: Loading facade.rb
 INFO LOG: May_24_20:58: Loading query_list.rb
 INFO LOG: May_24_20:58: Loading utils.rb
 INFO LOG: May_24_20:58: Loading constants.rb
 INFO LOG: May_24_20:58: Loading damage.rb
 INFO LOG: May_24_20:58: Loading class_property.rb
 INFO LOG: May_24_20:58: Loading scripts.rb
 INFO LOG: May_24_20:58: Loading tags.rb
 INFO LOG: May_24_20:58: Loading editor/editors.rb
 INFO LOG: May_24_20:58: Loading editor/editor.strings.rb
 INFO LOG: May_24_20:58: Loading editor/editor.rooms.rb
 INFO LOG: May_24_20:58: Loading editor/editor.exits.rb
 INFO LOG: May_24_20:58: Loading editor/editor.zones.rb
 INFO LOG: May_24_20:58: Loading editor/editor.npc.rb
 INFO LOG: May_24_20:58: Loading editor/editor.items.rb
 INFO LOG: May_24_20:58: Loading editor/editor.socials.rb
 INFO LOG: May_24_20:58: Loading socials.rb
 INFO LOG: May_24_20:58: Loading mxp.rb
 INFO LOG: May_24_20:58: Loading mccp.rb
 INFO LOG: May_24_20:58: Loading flags.rb
 INFO LOG: May_24_20:58: Loading areas.rb
 INFO LOG: May_24_20:58: Loading security.rb
 INFO LOG: May_24_20:58: Loading resets.rb
 INFO LOG: May_24_20:58: Loading event.rb
 INFO LOG: May_24_20:58: Loading automap/automap.rb
 INFO LOG: May_24_20:58: Loading cities.rb
 INFO LOG: May_24_20:58: Loading sector definitions.
 INFO LOG: May_24_20:58: Loading help.rb
 INFO LOG: May_24_20:58: Loading imcruby.rb
 INFO LOG: May_24_20:58: Loading player.rb
 INFO LOG: May_24_20:58: Loading commands.rb
 INFO LOG: May_24_20:58: Loading editor/editor.player.rb
 INFO LOG: May_24_20:58: Loading random.rb
 INFO LOG: May_24_20:58: Loading npc.rb
 INFO LOG: May_24_20:58: Loading items/types.rb
 INFO LOG: May_24_20:58: Loading items/items.rb
 INFO LOG: May_24_20:58: Loading spells.rb
 INFO LOG: May_24_20:58: Loading all zones.
 INFO LOG: May_24_20:58: Loading all socials.
 INFO LOG: May_24_20:58: Starting server.
 INFO LOG: May_24_20:58: CoralMUD is now up on port 4000.
 INFO LOG: May_24_20:58: -- 76.202.141.206:51672 connected to CoralMUD!
 INFO LOG: May_24_20:58: -- 76.202.141.206:51672: () Invalid name in character creation.
 INFO LOG: May_24_20:58: -- 76.202.141.206:51672: () Invalid name in character creation.
 INFO LOG: May_24_20:58: -- 76.202.141.206:51672: Retnur is trying to connect.
 INFO LOG: May_24_20:58: -- 76.202.141.206:51672: Retnur player file found.
 INFO LOG: May_24_20:58: -- Retnur has entered the game.
ERROR LOG: undefined method `count' for nil:NilClass
ERROR LOG: /home/heath/coral/lib/resets.rb:21:in `do_the_reset?'
ERROR LOG: /home/heath/coral/lib/resets.rb:52:in `block in reset'
ERROR LOG: /home/heath/coral/lib/resets.rb:51:in `each'
ERROR LOG: /home/heath/coral/lib/resets.rb:51:in `reset'
ERROR LOG: /home/heath/coral/lib/commands/reset.rb:4:in `cmd_reset'
ERROR LOG: /home/heath/coral/lib/commands.rb:307:in `execute_command'
ERROR LOG: /home/heath/coral/core/socketengine.rb:170:in `block in handle_cmd_input'
ERROR LOG: /home/heath/coral/core/socketengine.rb:169:in `times'
ERROR LOG: /home/heath/coral/core/socketengine.rb:169:in `handle_cmd_input'
ERROR LOG: /home/heath/coral/core/socketengine.rb:133:in `receive_data'
ERROR LOG: /usr/local/lib/ruby/gems/1.9.1/gems/eventmachine-0.12.8/lib/eventmachine.rb:242:in `run_machine'
ERROR LOG: /usr/local/lib/ruby/gems/1.9.1/gems/eventmachine-0.12.8/lib/eventmachine.rb:242:in `run'
ERROR LOG: coral.rb:175:in `<main>'
 INFO LOG: May_24_20:58: Loading resets.rb
 INFO LOG: May_24_20:59: -- #<Player:0x000000024860f0>:76.202.141.206:51672 disconnected from CoralMUD!
 INFO LOG: May_24_20:59: Logging enabled.   Loading logs.rb.
 INFO LOG: May_24_20:59: Loading spellcheck.rb
 INFO LOG: May_24_20:59: Loading facade.rb
 INFO LOG: May_24_20:59: Loading query_list.rb
 INFO LOG: May_24_20:59: Loading utils.rb
 INFO LOG: May_24_20:59: Loading constants.rb
 INFO LOG: May_24_20:59: Loading damage.rb
 INFO LOG: May_24_20:59: Loading class_property.rb
 INFO LOG: May_24_20:59: Loading scripts.rb
 INFO LOG: May_24_20:59: Loading tags.rb
 INFO LOG: May_24_20:59: Loading editor/editors.rb
 INFO LOG: May_24_20:59: Loading editor/editor.strings.rb
 INFO LOG: May_24_20:59: Loading editor/editor.rooms.rb
 INFO LOG: May_24_20:59: Loading editor/editor.exits.rb
 INFO LOG: May_24_20:59: Loading editor/editor.zones.rb
 INFO LOG: May_24_20:59: Loading editor/editor.npc.rb
 INFO LOG: May_24_20:59: Loading editor/editor.items.rb
 INFO LOG: May_24_20:59: Loading editor/editor.socials.rb
 INFO LOG: May_24_20:59: Loading socials.rb
 INFO LOG: May_24_20:59: Loading mxp.rb
 INFO LOG: May_24_20:59: Loading mccp.rb
 INFO LOG: May_24_20:59: Loading flags.rb
 INFO LOG: May_24_20:59: Loading areas.rb
 INFO LOG: May_24_20:59: Loading security.rb
 INFO LOG: May_24_20:59: Loading resets.rb
 INFO LOG: May_24_20:59: Loading event.rb
 INFO LOG: May_24_20:59: Loading automap/automap.rb
 INFO LOG: May_24_20:59: Loading cities.rb
 INFO LOG: May_24_20:59: Loading sector definitions.
 INFO LOG: May_24_20:59: Loading help.rb
 INFO LOG: May_24_20:59: Loading imcruby.rb
 INFO LOG: May_24_20:59: Loading player.rb
 INFO LOG: May_24_20:59: Loading commands.rb
 INFO LOG: May_24_20:59: Loading editor/editor.player.rb
 INFO LOG: May_24_20:59: Loading random.rb
 INFO LOG: May_24_20:59: Loading npc.rb
 INFO LOG: May_24_20:59: Loading items/types.rb
 INFO LOG: May_24_20:59: Loading items/items.rb
 INFO LOG: May_24_20:59: Loading spells.rb
 INFO LOG: May_24_20:59: Loading all zones.
 INFO LOG: May_24_20:59: Loading all socials.
 INFO LOG: May_24_20:59: Starting server.
 INFO LOG: May_24_20:59: CoralMUD is now up on port 4000.
 INFO LOG: May_24_20:59: -- 76.202.141.206:57396 connected to CoralMUD!
 INFO LOG: May_24_20:59: -- 76.202.141.206:57396: () Invalid name in character creation.
 INFO LOG: May_24_20:59: -- 76.202.141.206:57396: () Invalid name in character creation.
 INFO LOG: May_24_20:59: -- 76.202.141.206:57396: Retnur is trying to connect.
 INFO LOG: May_24_20:59: -- 76.202.141.206:57396: Retnur player file found.
 INFO LOG: May_24_20:59: -- Retnur has entered the game.
 INFO LOG: May_24_20:59: -- #<Player:0x00000002662b08>:76.202.141.206:57396 disconnected from CoralMUD!
 INFO LOG: May_24_20:59: Logging enabled.   Loading logs.rb.
 INFO LOG: May_24_20:59: Loading spellcheck.rb
 INFO LOG: May_24_20:59: Loading facade.rb
 INFO LOG: May_24_20:59: Loading query_list.rb
 INFO LOG: May_24_20:59: Loading utils.rb
 INFO LOG: May_24_20:59: Loading constants.rb
 INFO LOG: May_24_20:59: Loading damage.rb
 INFO LOG: May_24_20:59: Loading class_property.rb
 INFO LOG: May_24_20:59: Loading scripts.rb
 INFO LOG: May_24_20:59: Loading tags.rb
 INFO LOG: May_24_20:59: Loading editor/editors.rb
 INFO LOG: May_24_20:59: Loading editor/editor.strings.rb
 INFO LOG: May_24_20:59: Loading editor/editor.rooms.rb
 INFO LOG: May_24_20:59: Loading editor/editor.exits.rb
 INFO LOG: May_24_20:59: Loading editor/editor.zones.rb
 INFO LOG: May_24_20:59: Loading editor/editor.npc.rb
 INFO LOG: May_24_20:59: Loading editor/editor.items.rb
 INFO LOG: May_24_20:59: Loading editor/editor.socials.rb
 INFO LOG: May_24_20:59: Loading socials.rb
 INFO LOG: May_24_20:59: Loading mxp.rb
 INFO LOG: May_24_20:59: Loading mccp.rb
 INFO LOG: May_24_20:59: Loading flags.rb
 INFO LOG: May_24_20:59: Loading areas.rb
 INFO LOG: May_24_20:59: Loading security.rb
 INFO LOG: May_24_20:59: Loading resets.rb
 INFO LOG: May_24_20:59: Loading event.rb
 INFO LOG: May_24_20:59: Loading automap/automap.rb
 INFO LOG: May_24_20:59: Loading cities.rb
 INFO LOG: May_24_20:59: Loading sector definitions.
 INFO LOG: May_24_20:59: Loading help.rb
 INFO LOG: May_24_20:59: Loading imcruby.rb
 INFO LOG: May_24_20:59: Loading player.rb
 INFO LOG: May_24_20:59: Loading commands.rb
 INFO LOG: May_24_20:59: Loading editor/editor.player.rb
 INFO LOG: May_24_20:59: Loading random.rb
 INFO LOG: May_24_20:59: Loading npc.rb
 INFO LOG: May_24_20:59: Loading items/types.rb
 INFO LOG: May_24_20:59: Loading items/items.rb
 INFO LOG: May_24_20:59: Loading spells.rb
 INFO LOG: May_24_20:59: Loading all zones.
 INFO LOG: May_24_20:59: Loading all socials.
 INFO LOG: May_24_20:59: Starting server.
 INFO LOG: May_24_20:59: CoralMUD is now up on port 4000.
 INFO LOG: May_24_20:59: -- 76.202.141.206:45339 connected to CoralMUD!
 INFO LOG: May_24_20:59: -- 76.202.141.206:45339: () Invalid name in character creation.
 INFO LOG: May_24_20:59: -- 76.202.141.206:45339: () Invalid name in character creation.
 INFO LOG: May_24_20:59: -- 76.202.141.206:45339: Retnur is trying to connect.
 INFO LOG: May_24_20:59: -- 76.202.141.206:45339: Retnur player file found.
 INFO LOG: May_24_20:59: -- Retnur has entered the game.
 INFO LOG: May_24_20:59: -- #<Player:0x00000001f8a150>:76.202.141.206:45339 disconnected from CoralMUD!
 INFO LOG: May_24_20:59: Logging enabled.   Loading logs.rb.
 INFO LOG: May_24_20:59: Loading spellcheck.rb
 INFO LOG: May_24_20:59: Loading facade.rb
 INFO LOG: May_24_20:59: Loading query_list.rb
 INFO LOG: May_24_20:59: Loading utils.rb
 INFO LOG: May_24_20:59: Loading constants.rb
 INFO LOG: May_24_20:59: Loading damage.rb
 INFO LOG: May_24_20:59: Loading class_property.rb
 INFO LOG: May_24_20:59: Loading scripts.rb
 INFO LOG: May_24_20:59: Loading tags.rb
 INFO LOG: May_24_20:59: Loading editor/editors.rb
 INFO LOG: May_24_20:59: Loading editor/editor.strings.rb
 INFO LOG: May_24_20:59: Loading editor/editor.rooms.rb
 INFO LOG: May_24_20:59: Loading editor/editor.exits.rb
 INFO LOG: May_24_20:59: Loading editor/editor.zones.rb
 INFO LOG: May_24_20:59: Loading editor/editor.npc.rb
 INFO LOG: May_24_20:59: Loading editor/editor.items.rb
 INFO LOG: May_24_20:59: Loading editor/editor.socials.rb
 INFO LOG: May_24_20:59: Loading socials.rb
 INFO LOG: May_24_20:59: Loading mxp.rb
 INFO LOG: May_24_20:59: Loading mccp.rb
 INFO LOG: May_24_20:59: Loading flags.rb
 INFO LOG: May_24_20:59: Loading areas.rb
 INFO LOG: May_24_20:59: Loading security.rb
 INFO LOG: May_24_20:59: Loading resets.rb
 INFO LOG: May_24_20:59: Loading event.rb
 INFO LOG: May_24_20:59: Loading automap/automap.rb
 INFO LOG: May_24_20:59: Loading cities.rb
 INFO LOG: May_24_20:59: Loading sector definitions.
 INFO LOG: May_24_20:59: Loading help.rb
 INFO LOG: May_24_20:59: Loading imcruby.rb
 INFO LOG: May_24_20:59: Loading player.rb
 INFO LOG: May_24_20:59: Loading commands.rb
 INFO LOG: May_24_20:59: Loading editor/editor.player.rb
 INFO LOG: May_24_20:59: Loading random.rb
 INFO LOG: May_24_20:59: Loading npc.rb
 INFO LOG: May_24_20:59: Loading items/types.rb
 INFO LOG: May_24_20:59: Loading items/items.rb
 INFO LOG: May_24_20:59: Loading spells.rb
 INFO LOG: May_24_20:59: Loading all zones.
 INFO LOG: May_24_20:59: Loading all socials.
 INFO LOG: May_24_20:59: Starting server.
 INFO LOG: May_24_20:59: CoralMUD is now up on port 4000.
 INFO LOG: May_24_20:59: -- 76.202.141.206:49334 connected to CoralMUD!
 INFO LOG: May_24_20:59: -- 76.202.141.206:49334: () Invalid name in character creation.
 INFO LOG: May_24_20:59: -- 76.202.141.206:49334: () Invalid name in character creation.
 INFO LOG: May_24_20:59: -- 76.202.141.206:49334: Retnur is trying to connect.
 INFO LOG: May_24_20:59: -- 76.202.141.206:49334: Retnur player file found.
 INFO LOG: May_24_20:59: -- Retnur has entered the game.
ERROR LOG: undefined method `count' for nil:NilClass
ERROR LOG: /home/heath/coral/lib/resets.rb:21:in `do_the_reset?'
ERROR LOG: /home/heath/coral/lib/resets.rb:52:in `block in reset'
ERROR LOG: /home/heath/coral/lib/resets.rb:51:in `each'
ERROR LOG: /home/heath/coral/lib/resets.rb:51:in `reset'
ERROR LOG: /home/heath/coral/lib/commands/reset.rb:4:in `cmd_reset'
ERROR LOG: /home/heath/coral/lib/commands.rb:307:in `execute_command'
ERROR LOG: /home/heath/coral/core/socketengine.rb:170:in `block in handle_cmd_input'
ERROR LOG: /home/heath/coral/core/socketengine.rb:169:in `times'
ERROR LOG: /home/heath/coral/core/socketengine.rb:169:in `handle_cmd_input'
ERROR LOG: /home/heath/coral/core/socketengine.rb:133:in `receive_data'
ERROR LOG: /usr/local/lib/ruby/gems/1.9.1/gems/eventmachine-0.12.8/lib/eventmachine.rb:242:in `run_machine'
ERROR LOG: /usr/local/lib/ruby/gems/1.9.1/gems/eventmachine-0.12.8/lib/eventmachine.rb:242:in `run'
ERROR LOG: coral.rb:175:in `<main>'
 INFO LOG: May_24_21:01: Loading resets.rb
 INFO LOG: May_24_21:01: -- #<Player:0x00000001ea00c8>:76.202.141.206:49334 disconnected from CoralMUD!
 INFO LOG: May_24_21:01: Logging enabled.   Loading logs.rb.
 INFO LOG: May_24_21:01: Loading spellcheck.rb
 INFO LOG: May_24_21:01: Loading facade.rb
 INFO LOG: May_24_21:01: Loading query_list.rb
 INFO LOG: May_24_21:01: Loading utils.rb
 INFO LOG: May_24_21:01: Loading constants.rb
 INFO LOG: May_24_21:01: Loading damage.rb
 INFO LOG: May_24_21:01: Loading class_property.rb
 INFO LOG: May_24_21:01: Loading scripts.rb
 INFO LOG: May_24_21:01: Loading tags.rb
 INFO LOG: May_24_21:01: Loading editor/editors.rb
 INFO LOG: May_24_21:01: Loading editor/editor.strings.rb
 INFO LOG: May_24_21:01: Loading editor/editor.rooms.rb
 INFO LOG: May_24_21:01: Loading editor/editor.exits.rb
 INFO LOG: May_24_21:01: Loading editor/editor.zones.rb
 INFO LOG: May_24_21:01: Loading editor/editor.npc.rb
 INFO LOG: May_24_21:01: Loading editor/editor.items.rb
 INFO LOG: May_24_21:01: Loading editor/editor.socials.rb
 INFO LOG: May_24_21:01: Loading socials.rb
 INFO LOG: May_24_21:01: Loading mxp.rb
 INFO LOG: May_24_21:01: Loading mccp.rb
 INFO LOG: May_24_21:01: Loading flags.rb
 INFO LOG: May_24_21:01: Loading areas.rb
 INFO LOG: May_24_21:01: Loading security.rb
 INFO LOG: May_24_21:01: Loading resets.rb
 INFO LOG: May_24_21:01: Loading event.rb
 INFO LOG: May_24_21:01: Loading automap/automap.rb
 INFO LOG: May_24_21:01: Loading cities.rb
 INFO LOG: May_24_21:01: Loading sector definitions.
 INFO LOG: May_24_21:01: Loading help.rb
 INFO LOG: May_24_21:01: Loading imcruby.rb
 INFO LOG: May_24_21:01: Loading player.rb
 INFO LOG: May_24_21:01: Loading commands.rb
 INFO LOG: May_24_21:01: Loading editor/editor.player.rb
 INFO LOG: May_24_21:01: Loading random.rb
 INFO LOG: May_24_21:01: Loading npc.rb
 INFO LOG: May_24_21:01: Loading items/types.rb
 INFO LOG: May_24_21:01: Loading items/items.rb
 INFO LOG: May_24_21:01: Loading spells.rb
 INFO LOG: May_24_21:01: Loading all zones.
 INFO LOG: May_24_21:01: Loading all socials.
 INFO LOG: May_24_21:01: Starting server.
 INFO LOG: May_24_21:01: CoralMUD is now up on port 4000.
 INFO LOG: May_24_21:01: -- 76.202.141.206:55141 connected to CoralMUD!
 INFO LOG: May_24_21:01: -- 76.202.141.206:55141: () Invalid name in character creation.
 INFO LOG: May_24_21:01: -- 76.202.141.206:55141: () Invalid name in character creation.
 INFO LOG: May_24_21:01: -- 76.202.141.206:55141: Retnur is trying to connect.
 INFO LOG: May_24_21:01: -- 76.202.141.206:55141: Retnur player file found.
 INFO LOG: May_24_21:01: -- Retnur has entered the game.
 INFO LOG: May_24_21:03: tick!!!
 INFO LOG: May_24_21:05: tick!!!
 INFO LOG: May_24_21:07: tick!!!
 INFO LOG: May_24_21:09: tick!!!
 INFO LOG: May_24_21:11: tick!!!
 INFO LOG: May_24_21:13: tick!!!
 INFO LOG: May_24_21:15: tick!!!
 INFO LOG: May_24_21:17: tick!!!
 INFO LOG: May_24_21:19: tick!!!
 INFO LOG: May_24_21:21: tick!!!
 INFO LOG: May_24_21:23: tick!!!
 INFO LOG: May_24_21:25: tick!!!
 INFO LOG: May_24_21:27: tick!!!
 INFO LOG: May_24_21:29: tick!!!
 INFO LOG: May_24_21:31: tick!!!
 INFO LOG: May_24_21:33: tick!!!
 INFO LOG: May_24_21:35: tick!!!
 INFO LOG: May_24_21:37: tick!!!
 INFO LOG: May_24_21:39: tick!!!
 INFO LOG: May_24_21:41: tick!!!
 INFO LOG: May_24_21:43: tick!!!
 INFO LOG: May_24_21:45: tick!!!
 INFO LOG: May_24_21:47: tick!!!
 INFO LOG: May_24_21:49: tick!!!
 INFO LOG: May_24_21:51: tick!!!
 INFO LOG: May_24_21:53: tick!!!
 INFO LOG: May_24_21:55: tick!!!
 INFO LOG: May_24_21:57: tick!!!
 INFO LOG: May_24_21:59: tick!!!
 INFO LOG: May_24_22:01: tick!!!
 INFO LOG: May_24_22:03: tick!!!
 INFO LOG: May_24_22:05: tick!!!
 INFO LOG: May_24_22:07: tick!!!
 INFO LOG: May_24_22:09: tick!!!
 INFO LOG: May_24_22:11: tick!!!
 INFO LOG: May_24_22:13: tick!!!
 INFO LOG: May_24_22:15: tick!!!
 INFO LOG: May_24_22:17: tick!!!
 INFO LOG: May_24_22:19: tick!!!
 INFO LOG: May_24_22:21: tick!!!
 INFO LOG: May_24_22:23: tick!!!
 INFO LOG: May_24_22:25: tick!!!
 INFO LOG: May_24_22:27: Loading resets.rb
 INFO LOG: May_24_22:27: tick!!!
 INFO LOG: May_24_22:29: tick!!!
 INFO LOG: May_24_22:31: tick!!!
 INFO LOG: May_24_22:32: Loading resets.rb
 INFO LOG: May_24_22:33: Loading resets.rb
 INFO LOG: May_24_22:33: tick!!!
 INFO LOG: May_24_22:35: tick!!!
 INFO LOG: May_24_22:37: tick!!!
 INFO LOG: May_24_22:39: tick!!!
 INFO LOG: May_24_22:41: tick!!!
 INFO LOG: May_24_22:43: tick!!!
 INFO LOG: May_24_22:44: Loading resets.rb
 INFO LOG: May_24_22:44: -- #<Player:0x00000002bcaf00>:76.202.141.206:55141 disconnected from CoralMUD!
 INFO LOG: May_24_22:45: Logging enabled.   Loading logs.rb.
 INFO LOG: May_24_22:45: Loading spellcheck.rb
 INFO LOG: May_24_22:45: Loading facade.rb
 INFO LOG: May_24_22:45: Loading query_list.rb
 INFO LOG: May_24_22:45: Loading utils.rb
 INFO LOG: May_24_22:45: Loading constants.rb
 INFO LOG: May_24_22:45: Loading damage.rb
 INFO LOG: May_24_22:45: Loading class_property.rb
 INFO LOG: May_24_22:45: Loading scripts.rb
 INFO LOG: May_24_22:45: Loading tags.rb
 INFO LOG: May_24_22:45: Loading editor/editors.rb
 INFO LOG: May_24_22:45: Loading editor/editor.strings.rb
 INFO LOG: May_24_22:45: Loading editor/editor.rooms.rb
 INFO LOG: May_24_22:45: Loading editor/editor.exits.rb
 INFO LOG: May_24_22:45: Loading editor/editor.zones.rb
 INFO LOG: May_24_22:45: Loading editor/editor.npc.rb
 INFO LOG: May_24_22:45: Loading editor/editor.items.rb
 INFO LOG: May_24_22:45: Loading editor/editor.socials.rb
 INFO LOG: May_24_22:45: Loading socials.rb
 INFO LOG: May_24_22:45: Loading mxp.rb
 INFO LOG: May_24_22:45: Loading mccp.rb
 INFO LOG: May_24_22:45: Loading flags.rb
 INFO LOG: May_24_22:45: Loading areas.rb
 INFO LOG: May_24_22:45: Loading security.rb
 INFO LOG: May_24_22:45: Loading resets.rb
 INFO LOG: May_24_22:45: Loading event.rb
 INFO LOG: May_24_22:45: Loading automap/automap.rb
 INFO LOG: May_24_22:45: Loading cities.rb
 INFO LOG: May_24_22:45: Loading sector definitions.
 INFO LOG: May_24_22:45: Loading help.rb
 INFO LOG: May_24_22:45: Loading imcruby.rb
 INFO LOG: May_24_22:45: Loading player.rb
 INFO LOG: May_24_22:45: Loading commands.rb
 INFO LOG: May_24_22:45: Loading editor/editor.player.rb
 INFO LOG: May_24_22:45: Loading random.rb
 INFO LOG: May_24_22:45: Loading npc.rb
 INFO LOG: May_24_22:45: Loading items/types.rb
 INFO LOG: May_24_22:45: Loading items/items.rb
 INFO LOG: May_24_22:45: Loading spells.rb
 INFO LOG: May_24_22:45: Loading all zones.
 INFO LOG: May_24_22:45: Loading all socials.
 INFO LOG: May_24_22:45: Starting server.
 INFO LOG: May_24_22:45: CoralMUD is now up on port 4000.
 INFO LOG: May_24_22:47: tick!!!
 INFO LOG: May_24_22:48: Logging enabled.   Loading logs.rb.
 INFO LOG: May_24_22:48: Loading spellcheck.rb
 INFO LOG: May_24_22:48: Loading facade.rb
 INFO LOG: May_24_22:48: Loading query_list.rb
 INFO LOG: May_24_22:48: Loading utils.rb
 INFO LOG: May_24_22:48: Loading constants.rb
 INFO LOG: May_24_22:48: Loading damage.rb
 INFO LOG: May_24_22:48: Loading class_property.rb
 INFO LOG: May_24_22:48: Loading scripts.rb
 INFO LOG: May_24_22:48: Loading tags.rb
 INFO LOG: May_24_22:48: Loading editor/editors.rb
 INFO LOG: May_24_22:48: Loading editor/editor.strings.rb
 INFO LOG: May_24_22:48: Loading editor/editor.rooms.rb
 INFO LOG: May_24_22:48: Loading editor/editor.exits.rb
 INFO LOG: May_24_22:48: Loading editor/editor.zones.rb
 INFO LOG: May_24_22:48: Loading editor/editor.npc.rb
 INFO LOG: May_24_22:48: Loading editor/editor.items.rb
 INFO LOG: May_24_22:48: Loading editor/editor.socials.rb
 INFO LOG: May_24_22:48: Loading socials.rb
 INFO LOG: May_24_22:48: Loading mxp.rb
 INFO LOG: May_24_22:48: Loading mccp.rb
 INFO LOG: May_24_22:48: Loading flags.rb
 INFO LOG: May_24_22:48: Loading areas.rb
 INFO LOG: May_24_22:48: Loading security.rb
 INFO LOG: May_24_22:48: Loading resets.rb
 INFO LOG: May_24_22:48: Loading event.rb
 INFO LOG: May_24_22:48: Loading automap/automap.rb
 INFO LOG: May_24_22:48: Loading cities.rb
 INFO LOG: May_24_22:48: Loading sector definitions.
 INFO LOG: May_24_22:48: Loading help.rb
 INFO LOG: May_24_22:48: Loading imcruby.rb
 INFO LOG: May_24_22:48: Loading player.rb
 INFO LOG: May_24_22:48: Loading commands.rb
 INFO LOG: May_24_22:48: Loading editor/editor.player.rb
 INFO LOG: May_24_22:48: Loading random.rb
 INFO LOG: May_24_22:48: Loading npc.rb
 INFO LOG: May_24_22:48: Loading items/types.rb
 INFO LOG: May_24_22:48: Loading items/items.rb
 INFO LOG: May_24_22:48: Loading spells.rb
 INFO LOG: May_24_22:48: Loading all zones.
 INFO LOG: May_24_22:48: Loading all socials.
 INFO LOG: May_24_22:48: Starting server.
 INFO LOG: May_24_22:48: CoralMUD is now up on port 4000.
 INFO LOG: May_24_22:48: -- 76.202.141.206:45167 connected to CoralMUD!
 INFO LOG: May_24_22:48: -- 76.202.141.206:45167: Retnur is trying to connect.
 INFO LOG: May_24_22:48: -- 76.202.141.206:45167: Retnur player file found.
 INFO LOG: May_24_22:48: -- Retnur has entered the game.
ERROR LOG: undefined method `[]' for nil:NilClass
ERROR LOG: /home/heath/coral/lib/editor/editors.rb:121:in `block in display_values'
ERROR LOG: /home/heath/coral/lib/editor/editors.rb:109:in `collect'
ERROR LOG: /home/heath/coral/lib/editor/editors.rb:109:in `display_values'
ERROR LOG: /home/heath/coral/lib/editor/editors.rb:92:in `block in initialize'
ERROR LOG: /home/heath/coral/lib/editor/editors.rb:204:in `call'
ERROR LOG: /home/heath/coral/lib/editor/editors.rb:204:in `call_fun'
ERROR LOG: /home/heath/coral/lib/commands.rb:261:in `execute_command'
ERROR LOG: /home/heath/coral/lib/commands/edit.rb:52:in `cmd_edit'
ERROR LOG: /home/heath/coral/lib/commands.rb:307:in `execute_command'
ERROR LOG: /home/heath/coral/core/socketengine.rb:170:in `block in handle_cmd_input'
ERROR LOG: /home/heath/coral/core/socketengine.rb:169:in `times'
ERROR LOG: /home/heath/coral/core/socketengine.rb:169:in `handle_cmd_input'
ERROR LOG: /home/heath/coral/core/socketengine.rb:133:in `receive_data'
ERROR LOG: /usr/local/lib/ruby/gems/1.9.1/gems/eventmachine-0.12.8/lib/eventmachine.rb:242:in `run_machine'
ERROR LOG: /usr/local/lib/ruby/gems/1.9.1/gems/eventmachine-0.12.8/lib/eventmachine.rb:242:in `run'
ERROR LOG: coral.rb:175:in `<main>'
 INFO LOG: May_24_22:50: tick!!!
 INFO LOG: May_24_22:51: -- #<Player:0x00000001985ac0>:76.202.141.206:45167 disconnected from CoralMUD!
 INFO LOG: May_24_22:51: Logging enabled.   Loading logs.rb.
 INFO LOG: May_24_22:51: Loading spellcheck.rb
 INFO LOG: May_24_22:51: Loading facade.rb
 INFO LOG: May_24_22:51: Loading query_list.rb
 INFO LOG: May_24_22:51: Loading utils.rb
 INFO LOG: May_24_22:51: Loading constants.rb
 INFO LOG: May_24_22:51: Loading damage.rb
 INFO LOG: May_24_22:51: Loading class_property.rb
 INFO LOG: May_24_22:51: Loading scripts.rb
 INFO LOG: May_24_22:51: Loading tags.rb
 INFO LOG: May_24_22:51: Loading editor/editors.rb
 INFO LOG: May_24_22:51: Loading editor/editor.strings.rb
 INFO LOG: May_24_22:51: Loading editor/editor.rooms.rb
 INFO LOG: May_24_22:51: Loading editor/editor.exits.rb
 INFO LOG: May_24_22:51: Loading editor/editor.zones.rb
 INFO LOG: May_24_22:51: Loading editor/editor.npc.rb
 INFO LOG: May_24_22:51: Loading editor/editor.items.rb
 INFO LOG: May_24_22:51: Loading editor/editor.socials.rb
 INFO LOG: May_24_22:51: Loading socials.rb
 INFO LOG: May_24_22:51: Loading mxp.rb
 INFO LOG: May_24_22:51: Loading mccp.rb
 INFO LOG: May_24_22:51: Loading flags.rb
 INFO LOG: May_24_22:51: Loading areas.rb
 INFO LOG: May_24_22:51: Loading security.rb
 INFO LOG: May_24_22:51: Loading resets.rb
 INFO LOG: May_24_22:51: Loading event.rb
 INFO LOG: May_24_22:51: Loading automap/automap.rb
 INFO LOG: May_24_22:51: Loading cities.rb
 INFO LOG: May_24_22:51: Loading sector definitions.
 INFO LOG: May_24_22:51: Loading help.rb
 INFO LOG: May_24_22:51: Loading imcruby.rb
 INFO LOG: May_24_22:51: Loading player.rb
 INFO LOG: May_24_22:51: Loading commands.rb
 INFO LOG: May_24_22:51: Loading editor/editor.player.rb
 INFO LOG: May_24_22:51: Loading random.rb
 INFO LOG: May_24_22:51: Loading npc.rb
 INFO LOG: May_24_22:51: Loading items/types.rb
 INFO LOG: May_24_22:51: Loading items/items.rb
 INFO LOG: May_24_22:51: Loading spells.rb
 INFO LOG: May_24_22:51: Loading all zones.
 INFO LOG: May_24_22:51: Loading all socials.
 INFO LOG: May_24_22:51: Starting server.
 INFO LOG: May_24_22:51: CoralMUD is now up on port 4000.
 INFO LOG: May_24_22:51: -- 76.202.141.206:45109 connected to CoralMUD!
 INFO LOG: May_24_22:51: -- 76.202.141.206:45109: () Invalid name in character creation.
 INFO LOG: May_24_22:51: -- 76.202.141.206:45109: Retnur is trying to connect.
 INFO LOG: May_24_22:51: -- 76.202.141.206:45109: Retnur player file found.
 INFO LOG: May_24_22:51: -- Retnur has entered the game.
ERROR LOG: comparison of Fixnum with String failed
ERROR LOG: /home/heath/coral/lib/resets.rb:28:in `<'
ERROR LOG: /home/heath/coral/lib/resets.rb:28:in `do_the_reset?'
ERROR LOG: /home/heath/coral/lib/resets.rb:59:in `block in reset'
ERROR LOG: /home/heath/coral/lib/resets.rb:58:in `each'
ERROR LOG: /home/heath/coral/lib/resets.rb:58:in `reset'
ERROR LOG: /home/heath/coral/lib/commands/reset.rb:4:in `cmd_reset'
ERROR LOG: /home/heath/coral/lib/commands.rb:307:in `execute_command'
ERROR LOG: /home/heath/coral/core/socketengine.rb:170:in `block in handle_cmd_input'
ERROR LOG: /home/heath/coral/core/socketengine.rb:169:in `times'
ERROR LOG: /home/heath/coral/core/socketengine.rb:169:in `handle_cmd_input'
ERROR LOG: /home/heath/coral/core/socketengine.rb:133:in `receive_data'
ERROR LOG: /usr/local/lib/ruby/gems/1.9.1/gems/eventmachine-0.12.8/lib/eventmachine.rb:242:in `run_machine'
ERROR LOG: /usr/local/lib/ruby/gems/1.9.1/gems/eventmachine-0.12.8/lib/eventmachine.rb:242:in `run'
ERROR LOG: coral.rb:175:in `<main>'
 INFO LOG: May_24_22:53: tick!!!
 INFO LOG: May_24_22:55: tick!!!
 INFO LOG: May_24_22:57: tick!!!
 INFO LOG: May_24_22:59: Loading resets.rb
 INFO LOG: May_24_22:59: tick!!!
 INFO LOG: May_24_23:01: tick!!!
 INFO LOG: May_24_23:03: tick!!!
 INFO LOG: May_24_23:05: tick!!!
 INFO LOG: May_24_23:07: tick!!!
 INFO LOG: May_24_23:08: -- #<Player:0x00000002c28a38>:76.202.141.206:45109 disconnected from CoralMUD!
 INFO LOG: May_24_23:08: Logging enabled.   Loading logs.rb.
 INFO LOG: May_24_23:08: Loading spellcheck.rb
 INFO LOG: May_24_23:08: Loading facade.rb
 INFO LOG: May_24_23:08: Loading query_list.rb
 INFO LOG: May_24_23:08: Loading utils.rb
 INFO LOG: May_24_23:08: Loading constants.rb
 INFO LOG: May_24_23:08: Loading damage.rb
 INFO LOG: May_24_23:08: Loading class_property.rb
 INFO LOG: May_24_23:08: Loading scripts.rb
 INFO LOG: May_24_23:08: Loading tags.rb
 INFO LOG: May_24_23:08: Loading editor/editors.rb
 INFO LOG: May_24_23:08: Loading editor/editor.strings.rb
 INFO LOG: May_24_23:08: Loading editor/editor.rooms.rb
 INFO LOG: May_24_23:08: Loading editor/editor.exits.rb
 INFO LOG: May_24_23:08: Loading editor/editor.zones.rb
 INFO LOG: May_24_23:08: Loading editor/editor.npc.rb
 INFO LOG: May_24_23:08: Loading editor/editor.items.rb
 INFO LOG: May_24_23:08: Loading editor/editor.socials.rb
 INFO LOG: May_24_23:08: Loading socials.rb
 INFO LOG: May_24_23:08: Loading mxp.rb
 INFO LOG: May_24_23:08: Loading mccp.rb
 INFO LOG: May_24_23:08: Loading flags.rb
 INFO LOG: May_24_23:08: Loading areas.rb
 INFO LOG: May_24_23:08: Loading security.rb
 INFO LOG: May_24_23:08: Loading resets.rb
 INFO LOG: May_24_23:08: Loading event.rb
 INFO LOG: May_24_23:08: Loading automap/automap.rb
 INFO LOG: May_24_23:08: Loading cities.rb
 INFO LOG: May_24_23:08: Loading sector definitions.
 INFO LOG: May_24_23:08: Loading help.rb
 INFO LOG: May_24_23:08: Loading imcruby.rb
 INFO LOG: May_24_23:08: Loading player.rb
 INFO LOG: May_24_23:08: Loading commands.rb
 INFO LOG: May_24_23:08: Loading editor/editor.player.rb
 INFO LOG: May_24_23:08: Loading random.rb
 INFO LOG: May_24_23:08: Loading npc.rb
 INFO LOG: May_24_23:08: Loading items/types.rb
 INFO LOG: May_24_23:08: Loading items/items.rb
 INFO LOG: May_24_23:08: Loading spells.rb
 INFO LOG: May_24_23:08: Loading all zones.
 INFO LOG: May_24_23:08: Loading all socials.
 INFO LOG: May_24_23:08: Starting server.
 INFO LOG: May_24_23:08: CoralMUD is now up on port 4000.
 INFO LOG: May_24_23:08: -- 76.202.141.206:58280 connected to CoralMUD!
 INFO LOG: May_24_23:08: -- 76.202.141.206:58280: () Invalid name in character creation.
 INFO LOG: May_24_23:08: -- 76.202.141.206:58280: () Invalid name in character creation.
 INFO LOG: May_24_23:08: -- 76.202.141.206:58280: Retnur is trying to connect.
 INFO LOG: May_24_23:08: -- 76.202.141.206:58280: Retnur player file found.
 INFO LOG: May_24_23:08: -- Retnur has entered the game.
 INFO LOG: May_24_23:08: -- #<Player:0x000000026e3af0>:76.202.141.206:58280 disconnected from CoralMUD!
 INFO LOG: May_24_23:08: Logging enabled.   Loading logs.rb.
 INFO LOG: May_24_23:08: Loading spellcheck.rb
 INFO LOG: May_24_23:08: Loading facade.rb
 INFO LOG: May_24_23:08: Loading query_list.rb
 INFO LOG: May_24_23:08: Loading utils.rb
 INFO LOG: May_24_23:08: Loading constants.rb
 INFO LOG: May_24_23:08: Loading damage.rb
 INFO LOG: May_24_23:08: Loading class_property.rb
 INFO LOG: May_24_23:08: Loading scripts.rb
 INFO LOG: May_24_23:08: Loading tags.rb
 INFO LOG: May_24_23:08: Loading editor/editors.rb
 INFO LOG: May_24_23:08: Loading editor/editor.strings.rb
 INFO LOG: May_24_23:08: Loading editor/editor.rooms.rb
 INFO LOG: May_24_23:08: Loading editor/editor.exits.rb
 INFO LOG: May_24_23:08: Loading editor/editor.zones.rb
 INFO LOG: May_24_23:08: Loading editor/editor.npc.rb
 INFO LOG: May_24_23:08: Loading editor/editor.items.rb
 INFO LOG: May_24_23:08: Loading editor/editor.socials.rb
 INFO LOG: May_24_23:08: Loading socials.rb
 INFO LOG: May_24_23:08: Loading mxp.rb
 INFO LOG: May_24_23:08: Loading mccp.rb
 INFO LOG: May_24_23:08: Loading flags.rb
 INFO LOG: May_24_23:08: Loading areas.rb
 INFO LOG: May_24_23:08: Loading security.rb
 INFO LOG: May_24_23:08: Loading resets.rb
 INFO LOG: May_24_23:08: Loading event.rb
 INFO LOG: May_24_23:08: Loading automap/automap.rb
 INFO LOG: May_24_23:08: Loading cities.rb
 INFO LOG: May_24_23:08: Loading sector definitions.
 INFO LOG: May_24_23:08: Loading help.rb
 INFO LOG: May_24_23:08: Loading imcruby.rb
 INFO LOG: May_24_23:08: Loading player.rb
 INFO LOG: May_24_23:08: Loading commands.rb
 INFO LOG: May_24_23:08: Loading editor/editor.player.rb
 INFO LOG: May_24_23:08: Loading random.rb
 INFO LOG: May_24_23:08: Loading npc.rb
 INFO LOG: May_24_23:08: Loading items/types.rb
 INFO LOG: May_24_23:08: Loading items/items.rb
 INFO LOG: May_24_23:08: Loading spells.rb
 INFO LOG: May_24_23:08: Loading all zones.
 INFO LOG: May_24_23:08: Loading all socials.
 INFO LOG: May_24_23:08: Starting server.
 INFO LOG: May_24_23:08: CoralMUD is now up on port 4000.
 INFO LOG: May_24_23:08: -- 76.202.141.206:45424 connected to CoralMUD!
 INFO LOG: May_24_23:08: -- 76.202.141.206:45424: Retnur is trying to connect.
 INFO LOG: May_24_23:08: -- 76.202.141.206:45424: Retnur player file found.
 INFO LOG: May_24_23:08: -- Retnur has entered the game.
 INFO LOG: May_24_23:10: tick!!!
 INFO LOG: May_24_23:12: tick!!!
 INFO LOG: May_24_23:12: Loading commands.rb
 INFO LOG: May_24_23:12: -- #<Player:0x00000001eadbb0>:76.202.141.206:45424 disconnected from CoralMUD!
 INFO LOG: May_24_23:12: Logging enabled.   Loading logs.rb.
 INFO LOG: May_24_23:12: Loading spellcheck.rb
 INFO LOG: May_24_23:12: Loading facade.rb
 INFO LOG: May_24_23:12: Loading query_list.rb
 INFO LOG: May_24_23:12: Loading utils.rb
 INFO LOG: May_24_23:12: Loading constants.rb
 INFO LOG: May_24_23:12: Loading damage.rb
 INFO LOG: May_24_23:12: Loading class_property.rb
 INFO LOG: May_24_23:12: Loading scripts.rb
 INFO LOG: May_24_23:12: Loading tags.rb
 INFO LOG: May_24_23:12: Loading editor/editors.rb
 INFO LOG: May_24_23:12: Loading editor/editor.strings.rb
 INFO LOG: May_24_23:12: Loading editor/editor.rooms.rb
 INFO LOG: May_24_23:12: Loading editor/editor.exits.rb
 INFO LOG: May_24_23:12: Loading editor/editor.zones.rb
 INFO LOG: May_24_23:12: Loading editor/editor.npc.rb
 INFO LOG: May_24_23:12: Loading editor/editor.items.rb
 INFO LOG: May_24_23:12: Loading editor/editor.socials.rb
 INFO LOG: May_24_23:12: Loading socials.rb
 INFO LOG: May_24_23:12: Loading mxp.rb
 INFO LOG: May_24_23:12: Loading mccp.rb
 INFO LOG: May_24_23:12: Loading flags.rb
 INFO LOG: May_24_23:12: Loading areas.rb
 INFO LOG: May_24_23:12: Loading security.rb
 INFO LOG: May_24_23:12: Loading resets.rb
 INFO LOG: May_24_23:12: Loading event.rb
 INFO LOG: May_24_23:12: Loading automap/automap.rb
 INFO LOG: May_24_23:12: Loading cities.rb
 INFO LOG: May_24_23:12: Loading sector definitions.
 INFO LOG: May_24_23:12: Loading help.rb
 INFO LOG: May_24_23:12: Loading imcruby.rb
 INFO LOG: May_24_23:12: Loading player.rb
 INFO LOG: May_24_23:12: Loading commands.rb
 INFO LOG: May_24_23:12: Loading editor/editor.player.rb
 INFO LOG: May_24_23:12: Loading random.rb
 INFO LOG: May_24_23:12: Loading npc.rb
 INFO LOG: May_24_23:12: Loading items/types.rb
 INFO LOG: May_24_23:12: Loading items/items.rb
 INFO LOG: May_24_23:12: Loading spells.rb
 INFO LOG: May_24_23:12: Loading all zones.
 INFO LOG: May_24_23:12: Loading all socials.
 INFO LOG: May_24_23:12: Starting server.
 INFO LOG: May_24_23:12: CoralMUD is now up on port 4000.
 INFO LOG: May_24_23:12: -- 76.202.141.206:40253 connected to CoralMUD!
 INFO LOG: May_24_23:12: -- 76.202.141.206:40253: () Invalid name in character creation.
 INFO LOG: May_24_23:12: -- 76.202.141.206:40253: () Invalid name in character creation.
 INFO LOG: May_24_23:12: -- 76.202.141.206:40253: Retnur is trying to connect.
 INFO LOG: May_24_23:12: -- 76.202.141.206:40253: Retnur player file found.
 INFO LOG: May_24_23:13: -- Retnur has entered the game.
 INFO LOG: May_24_23:13: -- #<Player:0x00000002c8eb58>:76.202.141.206:40253 disconnected from CoralMUD!
 INFO LOG: May_24_23:13: Logging enabled.   Loading logs.rb.
 INFO LOG: May_24_23:13: Loading spellcheck.rb
 INFO LOG: May_24_23:13: Loading facade.rb
 INFO LOG: May_24_23:13: Loading query_list.rb
 INFO LOG: May_24_23:13: Loading utils.rb
 INFO LOG: May_24_23:13: Loading constants.rb
 INFO LOG: May_24_23:13: Loading damage.rb
 INFO LOG: May_24_23:13: Loading class_property.rb
 INFO LOG: May_24_23:13: Loading scripts.rb
 INFO LOG: May_24_23:13: Loading tags.rb
 INFO LOG: May_24_23:13: Loading editor/editors.rb
 INFO LOG: May_24_23:13: Loading editor/editor.strings.rb
 INFO LOG: May_24_23:13: Loading editor/editor.rooms.rb
 INFO LOG: May_24_23:13: Loading editor/editor.exits.rb
 INFO LOG: May_24_23:13: Loading editor/editor.zones.rb
 INFO LOG: May_24_23:13: Loading editor/editor.npc.rb
 INFO LOG: May_24_23:13: Loading editor/editor.items.rb
 INFO LOG: May_24_23:13: Loading editor/editor.socials.rb
 INFO LOG: May_24_23:13: Loading socials.rb
 INFO LOG: May_24_23:13: Loading mxp.rb
 INFO LOG: May_24_23:13: Loading mccp.rb
 INFO LOG: May_24_23:13: Loading flags.rb
 INFO LOG: May_24_23:13: Loading areas.rb
 INFO LOG: May_24_23:13: Loading security.rb
 INFO LOG: May_24_23:13: Loading resets.rb
 INFO LOG: May_24_23:13: Loading event.rb
 INFO LOG: May_24_23:13: Loading automap/automap.rb
 INFO LOG: May_24_23:13: Loading cities.rb
 INFO LOG: May_24_23:13: Loading sector definitions.
 INFO LOG: May_24_23:13: Loading help.rb
 INFO LOG: May_24_23:13: Loading imcruby.rb
 INFO LOG: May_24_23:13: Loading player.rb
 INFO LOG: May_24_23:13: Loading commands.rb
 INFO LOG: May_24_23:13: Loading editor/editor.player.rb
 INFO LOG: May_24_23:13: Loading random.rb
 INFO LOG: May_24_23:13: Loading npc.rb
 INFO LOG: May_24_23:13: Loading items/types.rb
 INFO LOG: May_24_23:13: Loading items/items.rb
 INFO LOG: May_24_23:13: Loading spells.rb
 INFO LOG: May_24_23:13: Loading all zones.
 INFO LOG: May_24_23:13: Loading all socials.
 INFO LOG: May_24_23:13: Starting server.
 INFO LOG: May_24_23:13: CoralMUD is now up on port 4000.
 INFO LOG: May_24_23:13: -- 76.202.141.206:35650 connected to CoralMUD!
 INFO LOG: May_24_23:13: -- 76.202.141.206:35650: () Invalid name in character creation.
 INFO LOG: May_24_23:13: -- 76.202.141.206:35650: () Invalid name in character creation.
 INFO LOG: May_24_23:13: -- 76.202.141.206:35650: Retnur is trying to connect.
 INFO LOG: May_24_23:13: -- 76.202.141.206:35650: Retnur player file found.
 INFO LOG: May_24_23:13: -- Retnur has entered the game.
 INFO LOG: May_24_23:14: Loading commands.rb
 INFO LOG: May_24_23:15: tick!!!
 INFO LOG: May_24_23:16: Loading commands.rb
 INFO LOG: May_24_23:16: -- #<Player:0x000000025471d8>:76.202.141.206:35650 disconnected from CoralMUD!
 INFO LOG: May_24_23:16: Logging enabled.   Loading logs.rb.
 INFO LOG: May_24_23:16: Loading spellcheck.rb
 INFO LOG: May_24_23:16: Loading facade.rb
 INFO LOG: May_24_23:16: Loading query_list.rb
 INFO LOG: May_24_23:16: Loading utils.rb
 INFO LOG: May_24_23:16: Loading constants.rb
 INFO LOG: May_24_23:16: Loading damage.rb
 INFO LOG: May_24_23:16: Loading class_property.rb
 INFO LOG: May_24_23:16: Loading scripts.rb
 INFO LOG: May_24_23:16: Loading tags.rb
 INFO LOG: May_24_23:16: Loading editor/editors.rb
 INFO LOG: May_24_23:16: Loading editor/editor.strings.rb
 INFO LOG: May_24_23:16: Loading editor/editor.rooms.rb
 INFO LOG: May_24_23:16: Loading editor/editor.exits.rb
 INFO LOG: May_24_23:16: Loading editor/editor.zones.rb
 INFO LOG: May_24_23:16: Loading editor/editor.npc.rb
 INFO LOG: May_24_23:16: Loading editor/editor.items.rb
 INFO LOG: May_24_23:16: Loading editor/editor.socials.rb
 INFO LOG: May_24_23:16: Loading socials.rb
 INFO LOG: May_24_23:16: Loading mxp.rb
 INFO LOG: May_24_23:16: Loading mccp.rb
 INFO LOG: May_24_23:16: Loading flags.rb
 INFO LOG: May_24_23:16: Loading areas.rb
 INFO LOG: May_24_23:16: Loading security.rb
 INFO LOG: May_24_23:16: Loading resets.rb
 INFO LOG: May_24_23:16: Loading event.rb
 INFO LOG: May_24_23:16: Loading automap/automap.rb
 INFO LOG: May_24_23:16: Loading cities.rb
 INFO LOG: May_24_23:16: Loading sector definitions.
 INFO LOG: May_24_23:16: Loading help.rb
 INFO LOG: May_24_23:16: Loading imcruby.rb
 INFO LOG: May_24_23:16: Loading player.rb
 INFO LOG: May_24_23:16: Loading commands.rb
 INFO LOG: May_24_23:16: Loading editor/editor.player.rb
 INFO LOG: May_24_23:16: Loading random.rb
 INFO LOG: May_24_23:16: Loading npc.rb
 INFO LOG: May_24_23:16: Loading items/types.rb
 INFO LOG: May_24_23:16: Loading items/items.rb
 INFO LOG: May_24_23:16: Loading spells.rb
 INFO LOG: May_24_23:16: Loading all zones.
 INFO LOG: May_24_23:16: Loading all socials.
 INFO LOG: May_24_23:16: Starting server.
 INFO LOG: May_24_23:16: CoralMUD is now up on port 4000.
 INFO LOG: May_24_23:16: -- 76.202.141.206:48923 connected to CoralMUD!
 INFO LOG: May_24_23:16: -- 76.202.141.206:48923: () Invalid name in character creation.
 INFO LOG: May_24_23:16: -- 76.202.141.206:48923: () Invalid name in character creation.
 INFO LOG: May_24_23:16: -- 76.202.141.206:48923: Retnur is trying to connect.
 INFO LOG: May_24_23:16: -- 76.202.141.206:48923: Retnur player file found.
 INFO LOG: May_24_23:16: -- Retnur has entered the game.
 INFO LOG: May_24_23:16: Loading commands.rb
 INFO LOG: May_24_23:17: Loading commands.rb
 INFO LOG: May_24_23:17: -- #<Player:0x00000001a5cae8>:76.202.141.206:48923 disconnected from CoralMUD!
 INFO LOG: May_24_23:17: Logging enabled.   Loading logs.rb.
 INFO LOG: May_24_23:17: Loading spellcheck.rb
 INFO LOG: May_24_23:17: Loading facade.rb
 INFO LOG: May_24_23:17: Loading query_list.rb
 INFO LOG: May_24_23:17: Loading utils.rb
 INFO LOG: May_24_23:17: Loading constants.rb
 INFO LOG: May_24_23:17: Loading damage.rb
 INFO LOG: May_24_23:17: Loading class_property.rb
 INFO LOG: May_24_23:17: Loading scripts.rb
 INFO LOG: May_24_23:17: Loading tags.rb
 INFO LOG: May_24_23:17: Loading editor/editors.rb
 INFO LOG: May_24_23:17: Loading editor/editor.strings.rb
 INFO LOG: May_24_23:17: Loading editor/editor.rooms.rb
 INFO LOG: May_24_23:17: Loading editor/editor.exits.rb
 INFO LOG: May_24_23:17: Loading editor/editor.zones.rb
 INFO LOG: May_24_23:17: Loading editor/editor.npc.rb
 INFO LOG: May_24_23:17: Loading editor/editor.items.rb
 INFO LOG: May_24_23:17: Loading editor/editor.socials.rb
 INFO LOG: May_24_23:17: Loading socials.rb
 INFO LOG: May_24_23:17: Loading mxp.rb
 INFO LOG: May_24_23:17: Loading mccp.rb
 INFO LOG: May_24_23:17: Loading flags.rb
 INFO LOG: May_24_23:17: Loading areas.rb
 INFO LOG: May_24_23:17: Loading security.rb
 INFO LOG: May_24_23:17: Loading resets.rb
 INFO LOG: May_24_23:17: Loading event.rb
 INFO LOG: May_24_23:17: Loading automap/automap.rb
 INFO LOG: May_24_23:17: Loading cities.rb
 INFO LOG: May_24_23:17: Loading sector definitions.
 INFO LOG: May_24_23:17: Loading help.rb
 INFO LOG: May_24_23:17: Loading imcruby.rb
 INFO LOG: May_24_23:17: Loading player.rb
 INFO LOG: May_24_23:17: Loading commands.rb
 INFO LOG: May_24_23:17: Loading editor/editor.player.rb
 INFO LOG: May_24_23:17: Loading random.rb
 INFO LOG: May_24_23:17: Loading npc.rb
 INFO LOG: May_24_23:17: Loading items/types.rb
 INFO LOG: May_24_23:17: Loading items/items.rb
 INFO LOG: May_24_23:17: Loading spells.rb
 INFO LOG: May_24_23:17: Loading all zones.
 INFO LOG: May_24_23:17: Loading all socials.
 INFO LOG: May_24_23:17: Starting server.
 INFO LOG: May_24_23:17: CoralMUD is now up on port 4000.
 INFO LOG: May_24_23:17: -- 76.202.141.206:36164 connected to CoralMUD!
 INFO LOG: May_24_23:17: -- 76.202.141.206:36164: () Invalid name in character creation.
 INFO LOG: May_24_23:17: -- 76.202.141.206:36164: () Invalid name in character creation.
 INFO LOG: May_24_23:17: -- 76.202.141.206:36164: Retnur is trying to connect.
 INFO LOG: May_24_23:17: -- 76.202.141.206:36164: Retnur player file found.
 INFO LOG: May_24_23:17: -- Retnur has entered the game.
 INFO LOG: May_24_23:19: tick!!!
 INFO LOG: May_24_23:21: tick!!!
 INFO LOG: May_24_23:22: -- #<Player:0x00000002f7e5e8>:76.202.141.206:36164 disconnected from CoralMUD!
 INFO LOG: May_24_23:22: Logging enabled.   Loading logs.rb.
 INFO LOG: May_24_23:22: Loading spellcheck.rb
 INFO LOG: May_24_23:22: Loading facade.rb
 INFO LOG: May_24_23:22: Loading query_list.rb
 INFO LOG: May_24_23:22: Loading utils.rb
 INFO LOG: May_24_23:22: Loading constants.rb
 INFO LOG: May_24_23:22: Loading damage.rb
 INFO LOG: May_24_23:22: Loading class_property.rb
 INFO LOG: May_24_23:22: Loading scripts.rb
 INFO LOG: May_24_23:22: Loading tags.rb
 INFO LOG: May_24_23:22: Loading editor/editors.rb
 INFO LOG: May_24_23:22: Loading editor/editor.strings.rb
 INFO LOG: May_24_23:22: Loading editor/editor.rooms.rb
 INFO LOG: May_24_23:22: Loading editor/editor.exits.rb
 INFO LOG: May_24_23:22: Loading editor/editor.zones.rb
 INFO LOG: May_24_23:22: Loading editor/editor.npc.rb
 INFO LOG: May_24_23:22: Loading editor/editor.items.rb
 INFO LOG: May_24_23:22: Loading editor/editor.socials.rb
 INFO LOG: May_24_23:22: Loading socials.rb
 INFO LOG: May_24_23:22: Loading mxp.rb
 INFO LOG: May_24_23:22: Loading mccp.rb
 INFO LOG: May_24_23:22: Loading flags.rb
 INFO LOG: May_24_23:22: Loading areas.rb
 INFO LOG: May_24_23:22: Loading security.rb
 INFO LOG: May_24_23:22: Loading resets.rb
 INFO LOG: May_24_23:22: Loading event.rb
 INFO LOG: May_24_23:22: Loading automap/automap.rb
 INFO LOG: May_24_23:22: Loading cities.rb
 INFO LOG: May_24_23:22: Loading sector definitions.
 INFO LOG: May_24_23:22: Loading help.rb
 INFO LOG: May_24_23:22: Loading imcruby.rb
 INFO LOG: May_24_23:22: Loading player.rb
 INFO LOG: May_24_23:22: Loading commands.rb
 INFO LOG: May_24_23:22: Loading editor/editor.player.rb
 INFO LOG: May_24_23:22: Loading random.rb
 INFO LOG: May_24_23:22: Loading npc.rb
 INFO LOG: May_24_23:22: Loading items/types.rb
 INFO LOG: May_24_23:22: Loading items/items.rb
 INFO LOG: May_24_23:22: Loading spells.rb
 INFO LOG: May_24_23:22: Loading all zones.
 INFO LOG: May_24_23:22: Loading all socials.
 INFO LOG: May_24_23:22: Starting server.
 INFO LOG: May_24_23:22: CoralMUD is now up on port 4000.
 INFO LOG: May_24_23:22: -- 76.202.141.206:38143 connected to CoralMUD!
 INFO LOG: May_24_23:22: -- 76.202.141.206:38143: () Invalid name in character creation.
 INFO LOG: May_24_23:22: -- 76.202.141.206:38143: () Invalid name in character creation.
 INFO LOG: May_24_23:22: -- 76.202.141.206:38143: Retnur is trying to connect.
 INFO LOG: May_24_23:22: -- 76.202.141.206:38143: Retnur player file found.
 INFO LOG: May_24_23:22: -- Retnur has entered the game.
 INFO LOG: May_24_23:22:  arg_none
 INFO LOG: May_24_23:22: add fido arg_str
 INFO LOG: May_24_23:22:  arg_none
 INFO LOG: May_24_23:22:  arg_none
 INFO LOG: May_24_23:23:  arg_none
 INFO LOG: May_24_23:23: edit 0 arg_str
 INFO LOG: May_24_23:23:  arg_none
 INFO LOG: May_24_23:23: 10 arg_int
 INFO LOG: May_24_23:23: -- #<Player:0x00000002e9b860>:76.202.141.206:38143 disconnected from CoralMUD!
 INFO LOG: May_24_23:23: Logging enabled.   Loading logs.rb.
 INFO LOG: May_24_23:23: Loading spellcheck.rb
 INFO LOG: May_24_23:23: Loading facade.rb
 INFO LOG: May_24_23:23: Loading query_list.rb
 INFO LOG: May_24_23:23: Loading utils.rb
 INFO LOG: May_24_23:23: Loading constants.rb
 INFO LOG: May_24_23:23: Loading damage.rb
 INFO LOG: May_24_23:23: Loading class_property.rb
 INFO LOG: May_24_23:23: Loading scripts.rb
 INFO LOG: May_24_23:23: Loading tags.rb
 INFO LOG: May_24_23:23: Loading editor/editors.rb
 INFO LOG: May_24_23:23: Loading editor/editor.strings.rb
 INFO LOG: May_24_23:23: Loading editor/editor.rooms.rb
 INFO LOG: May_24_23:23: Loading editor/editor.exits.rb
 INFO LOG: May_24_23:23: Loading editor/editor.zones.rb
 INFO LOG: May_24_23:23: Loading editor/editor.npc.rb
 INFO LOG: May_24_23:23: Loading editor/editor.items.rb
 INFO LOG: May_24_23:23: Loading editor/editor.socials.rb
 INFO LOG: May_24_23:23: Loading socials.rb
 INFO LOG: May_24_23:23: Loading mxp.rb
 INFO LOG: May_24_23:23: Loading mccp.rb
 INFO LOG: May_24_23:23: Loading flags.rb
 INFO LOG: May_24_23:23: Loading areas.rb
 INFO LOG: May_24_23:23: Loading security.rb
 INFO LOG: May_24_23:23: Loading resets.rb
 INFO LOG: May_24_23:23: Loading event.rb
 INFO LOG: May_24_23:23: Loading automap/automap.rb
 INFO LOG: May_24_23:23: Loading cities.rb
 INFO LOG: May_24_23:23: Loading sector definitions.
 INFO LOG: May_24_23:23: Loading help.rb
 INFO LOG: May_24_23:23: Loading imcruby.rb
 INFO LOG: May_24_23:23: Loading player.rb
 INFO LOG: May_24_23:23: Loading commands.rb
 INFO LOG: May_24_23:23: Loading editor/editor.player.rb
 INFO LOG: May_24_23:23: Loading random.rb
 INFO LOG: May_24_23:23: Loading npc.rb
 INFO LOG: May_24_23:23: Loading items/types.rb
 INFO LOG: May_24_23:23: Loading items/items.rb
 INFO LOG: May_24_23:23: Loading spells.rb
 INFO LOG: May_24_23:23: Loading all zones.
 INFO LOG: May_24_23:23: Loading all socials.
 INFO LOG: May_24_23:23: Starting server.
 INFO LOG: May_24_23:23: CoralMUD is now up on port 4000.
 INFO LOG: May_24_23:23: -- 76.202.141.206:49827 connected to CoralMUD!
 INFO LOG: May_24_23:23: -- 76.202.141.206:49827: () Invalid name in character creation.
 INFO LOG: May_24_23:23: -- 76.202.141.206:49827: () Invalid name in character creation.
 INFO LOG: May_24_23:23: -- 76.202.141.206:49827: Retnur is trying to connect.
 INFO LOG: May_24_23:23: -- 76.202.141.206:49827: Retnur player file found.
 INFO LOG: May_24_23:23: -- Retnur has entered the game.
 INFO LOG: May_24_23:23:  arg_none
 INFO LOG: May_24_23:23: 
 INFO LOG: May_24_23:23: edit 0 arg_str
 INFO LOG: May_24_23:23: edit 0
 INFO LOG: May_24_23:23:  arg_none
 INFO LOG: May_24_23:23: 
 INFO LOG: May_24_23:23: 2 arg_int
 INFO LOG: May_24_23:23: 2
 INFO LOG: May_24_23:23:  arg_none
 INFO LOG: May_24_23:23: 
 INFO LOG: May_24_23:23:  arg_none
 INFO LOG: May_24_23:23: 
 INFO LOG: May_24_23:23:  arg_none
 INFO LOG: May_24_23:23: 
 INFO LOG: May_24_23:25: tick!!!
 INFO LOG: May_24_23:25: Loading commands.rb
 INFO LOG: May_24_23:25:  arg_none
 INFO LOG: May_24_23:25: 
 INFO LOG: May_24_23:25: edit 0 arg_str
 INFO LOG: May_24_23:25: edit 0
 INFO LOG: May_24_23:25:  arg_none
 INFO LOG: May_24_23:25: 
 INFO LOG: May_24_23:25: 2 arg_int
 INFO LOG: May_24_23:25: 2
 INFO LOG: May_24_23:25:  arg_none
 INFO LOG: May_24_23:25: 
 INFO LOG: May_24_23:25:  arg_none
 INFO LOG: May_24_23:25: 
 INFO LOG: May_24_23:25:  arg_none
 INFO LOG: May_24_23:25: 
 INFO LOG: May_24_23:25:  arg_none
 INFO LOG: May_24_23:25: 
 INFO LOG: May_24_23:26:  arg_none
 INFO LOG: May_24_23:26: 
 INFO LOG: May_24_23:26: -- #<Player:0x00000002d05ff0>:76.202.141.206:49827 disconnected from CoralMUD!
 INFO LOG: May_24_23:26: Logging enabled.   Loading logs.rb.
 INFO LOG: May_24_23:26: Loading spellcheck.rb
 INFO LOG: May_24_23:26: Loading facade.rb
 INFO LOG: May_24_23:26: Loading query_list.rb
 INFO LOG: May_24_23:26: Loading utils.rb
 INFO LOG: May_24_23:26: Loading constants.rb
 INFO LOG: May_24_23:26: Loading damage.rb
 INFO LOG: May_24_23:26: Loading class_property.rb
 INFO LOG: May_24_23:26: Loading scripts.rb
 INFO LOG: May_24_23:26: Loading tags.rb
 INFO LOG: May_24_23:26: Loading editor/editors.rb
 INFO LOG: May_24_23:26: Loading editor/editor.strings.rb
 INFO LOG: May_24_23:26: Loading editor/editor.rooms.rb
 INFO LOG: May_24_23:26: Loading editor/editor.exits.rb
 INFO LOG: May_24_23:26: Loading editor/editor.zones.rb
 INFO LOG: May_24_23:26: Loading editor/editor.npc.rb
 INFO LOG: May_24_23:26: Loading editor/editor.items.rb
 INFO LOG: May_24_23:26: Loading editor/editor.socials.rb
 INFO LOG: May_24_23:26: Loading socials.rb
 INFO LOG: May_24_23:26: Loading mxp.rb
 INFO LOG: May_24_23:26: Loading mccp.rb
 INFO LOG: May_24_23:26: Loading flags.rb
 INFO LOG: May_24_23:26: Loading areas.rb
 INFO LOG: May_24_23:26: Loading security.rb
 INFO LOG: May_24_23:26: Loading resets.rb
 INFO LOG: May_24_23:26: Loading event.rb
 INFO LOG: May_24_23:26: Loading automap/automap.rb
 INFO LOG: May_24_23:26: Loading cities.rb
 INFO LOG: May_24_23:26: Loading sector definitions.
 INFO LOG: May_24_23:26: Loading help.rb
 INFO LOG: May_24_23:26: Loading imcruby.rb
 INFO LOG: May_24_23:26: Loading player.rb
 INFO LOG: May_24_23:26: Loading commands.rb
 INFO LOG: May_24_23:26: Loading editor/editor.player.rb
 INFO LOG: May_24_23:26: Loading random.rb
 INFO LOG: May_24_23:26: Loading npc.rb
 INFO LOG: May_24_23:26: Loading items/types.rb
 INFO LOG: May_24_23:26: Loading items/items.rb
 INFO LOG: May_24_23:26: Loading spells.rb
 INFO LOG: May_24_23:26: Loading all zones.
 INFO LOG: May_24_23:26: Loading all socials.
 INFO LOG: May_24_23:26: Starting server.
 INFO LOG: May_24_23:26: CoralMUD is now up on port 4000.
 INFO LOG: May_24_23:27: -- 76.202.141.206:50592 connected to CoralMUD!
 INFO LOG: May_24_23:27: -- 76.202.141.206:50592: Retnur is trying to connect.
 INFO LOG: May_24_23:27: -- 76.202.141.206:50592: Retnur player file found.
 INFO LOG: May_24_23:27: -- Retnur has entered the game.
 INFO LOG: May_24_23:28: tick!!!
 INFO LOG: May_24_23:30: tick!!!
 INFO LOG: May_24_23:32: tick!!!
 INFO LOG: May_24_23:34: tick!!!
 INFO LOG: May_24_23:36: tick!!!
 INFO LOG: May_24_23:38: tick!!!
 INFO LOG: May_24_23:40: tick!!!
 INFO LOG: May_24_23:42: tick!!!
 INFO LOG: May_24_23:44: tick!!!
 INFO LOG: May_24_23:46: tick!!!
 INFO LOG: May_24_23:48: tick!!!
 INFO LOG: May_24_23:50: tick!!!
 INFO LOG: May_24_23:52: tick!!!
 INFO LOG: May_24_23:54: tick!!!
 INFO LOG: May_24_23:56: tick!!!
 INFO LOG: May_24_23:58: tick!!!
 INFO LOG: May_25_00:00: tick!!!
 INFO LOG: May_25_00:02: tick!!!
 INFO LOG: May_25_00:04: tick!!!
 INFO LOG: May_25_00:06: tick!!!
 INFO LOG: May_25_00:08: tick!!!
 INFO LOG: May_25_00:10: tick!!!
 INFO LOG: May_25_00:12: tick!!!
 INFO LOG: May_25_00:14: tick!!!
 INFO LOG: May_25_00:16: tick!!!
 INFO LOG: May_25_00:18: tick!!!
 INFO LOG: May_25_00:20: tick!!!
 INFO LOG: May_25_00:22: tick!!!
 INFO LOG: May_25_00:24: tick!!!
 INFO LOG: May_25_00:26: tick!!!
 INFO LOG: May_25_00:28: tick!!!
 INFO LOG: May_25_00:30: tick!!!
 INFO LOG: May_25_00:32: tick!!!
 INFO LOG: May_25_00:34: tick!!!
 INFO LOG: May_25_00:36: tick!!!
 INFO LOG: May_25_00:38: tick!!!
 INFO LOG: May_25_00:40: tick!!!
 INFO LOG: May_25_00:42: tick!!!
 INFO LOG: May_25_00:44: tick!!!
 INFO LOG: May_25_00:46: tick!!!
 INFO LOG: May_25_00:48: tick!!!
 INFO LOG: May_25_00:50: tick!!!
 INFO LOG: May_25_00:52: tick!!!
 INFO LOG: May_25_00:54: tick!!!
 INFO LOG: May_25_00:56: tick!!!
 INFO LOG: May_25_00:58: tick!!!
 INFO LOG: May_25_01:00: tick!!!
 INFO LOG: May_25_01:02: tick!!!
 INFO LOG: May_25_01:04: tick!!!
 INFO LOG: May_25_01:06: tick!!!
 INFO LOG: May_25_01:08: tick!!!
 INFO LOG: May_25_01:10: tick!!!
 INFO LOG: May_25_01:12: tick!!!
 INFO LOG: May_25_01:14: tick!!!
 INFO LOG: May_25_01:16: tick!!!
 INFO LOG: May_25_01:18: tick!!!
 INFO LOG: May_25_01:20: tick!!!
 INFO LOG: May_25_01:22: tick!!!
 INFO LOG: May_25_01:24: tick!!!
 INFO LOG: May_25_01:26: tick!!!
 INFO LOG: May_25_01:28: tick!!!
 INFO LOG: May_25_01:30: tick!!!
 INFO LOG: May_25_01:32: tick!!!
 INFO LOG: May_25_01:34: tick!!!
 INFO LOG: May_25_01:36: tick!!!
 INFO LOG: May_25_01:38: tick!!!
 INFO LOG: May_25_01:40: tick!!!
 INFO LOG: May_25_01:42: tick!!!
 INFO LOG: May_25_01:44: tick!!!
 INFO LOG: May_25_01:46: tick!!!
 INFO LOG: May_25_01:48: tick!!!
 INFO LOG: May_25_01:50: tick!!!
 INFO LOG: May_25_01:52: tick!!!
 INFO LOG: May_25_01:54: tick!!!
 INFO LOG: May_25_01:56: tick!!!
 INFO LOG: May_25_01:58: tick!!!
 INFO LOG: May_25_02:00: tick!!!
 INFO LOG: May_25_02:02: tick!!!
 INFO LOG: May_25_02:04: tick!!!
 INFO LOG: May_25_02:06: tick!!!
 INFO LOG: May_25_02:08: tick!!!
 INFO LOG: May_25_02:10: tick!!!
 INFO LOG: May_25_02:12: tick!!!
 INFO LOG: May_25_02:14: tick!!!
 INFO LOG: May_25_02:16: tick!!!
 INFO LOG: May_25_02:18: tick!!!
 INFO LOG: May_25_02:20: tick!!!
 INFO LOG: May_25_02:22: tick!!!
 INFO LOG: May_25_02:24: tick!!!
 INFO LOG: May_25_02:26: tick!!!
 INFO LOG: May_25_02:28: tick!!!
 INFO LOG: May_25_02:30: tick!!!
 INFO LOG: May_25_02:32: tick!!!
 INFO LOG: May_25_02:34: tick!!!
 INFO LOG: May_25_02:36: tick!!!
 INFO LOG: May_25_02:38: tick!!!
 INFO LOG: May_25_02:40: tick!!!
 INFO LOG: May_25_02:42: tick!!!
 INFO LOG: May_25_02:44: tick!!!
 INFO LOG: May_25_02:46: tick!!!
 INFO LOG: May_25_02:48: tick!!!
 INFO LOG: May_25_02:50: tick!!!
 INFO LOG: May_25_02:52: tick!!!
 INFO LOG: May_25_02:54: tick!!!
 INFO LOG: May_25_02:56: tick!!!
 INFO LOG: May_25_02:58: tick!!!
 INFO LOG: May_25_03:00: tick!!!
 INFO LOG: May_25_03:02: tick!!!
 INFO LOG: May_25_03:04: tick!!!
 INFO LOG: May_25_03:06: tick!!!
 INFO LOG: May_25_03:08: tick!!!
 INFO LOG: May_25_03:10: tick!!!
 INFO LOG: May_25_03:12: tick!!!
 INFO LOG: May_25_03:14: tick!!!
 INFO LOG: May_25_03:16: tick!!!
 INFO LOG: May_25_03:18: tick!!!
 INFO LOG: May_25_03:20: tick!!!
 INFO LOG: May_25_03:22: tick!!!
 INFO LOG: May_25_03:24: tick!!!
 INFO LOG: May_25_03:26: tick!!!
 INFO LOG: May_25_03:28: tick!!!
 INFO LOG: May_25_03:30: tick!!!
 INFO LOG: May_25_03:32: tick!!!
 INFO LOG: May_25_03:34: tick!!!
 INFO LOG: May_25_03:36: tick!!!
 INFO LOG: May_25_03:38: tick!!!
 INFO LOG: May_25_03:40: tick!!!
 INFO LOG: May_25_03:42: tick!!!
 INFO LOG: May_25_03:44: tick!!!
 INFO LOG: May_25_03:46: tick!!!
 INFO LOG: May_25_03:48: tick!!!
 INFO LOG: May_25_03:50: tick!!!
 INFO LOG: May_25_03:52: tick!!!
 INFO LOG: May_25_03:54: tick!!!
 INFO LOG: May_25_03:56: tick!!!
 INFO LOG: May_25_03:58: tick!!!
 INFO LOG: May_25_04:00: tick!!!
 INFO LOG: May_25_04:02: tick!!!
 INFO LOG: May_25_04:04: tick!!!
 INFO LOG: May_25_04:06: tick!!!
 INFO LOG: May_25_04:08: tick!!!
 INFO LOG: May_25_04:10: tick!!!
 INFO LOG: May_25_04:12: tick!!!
 INFO LOG: May_25_04:14: tick!!!
 INFO LOG: May_25_04:16: tick!!!
 INFO LOG: May_25_04:18: tick!!!
 INFO LOG: May_25_04:20: tick!!!
 INFO LOG: May_25_04:22: tick!!!
 INFO LOG: May_25_04:24: tick!!!
 INFO LOG: May_25_04:26: tick!!!
 INFO LOG: May_25_04:28: tick!!!
 INFO LOG: May_25_04:30: tick!!!
 INFO LOG: May_25_04:32: tick!!!
 INFO LOG: May_25_04:34: tick!!!
 INFO LOG: May_25_04:36: tick!!!
 INFO LOG: May_25_04:38: tick!!!
 INFO LOG: May_25_04:40: tick!!!
 INFO LOG: May_25_04:42: tick!!!
 INFO LOG: May_25_04:44: tick!!!
 INFO LOG: May_25_04:46: tick!!!
 INFO LOG: May_25_04:48: tick!!!
 INFO LOG: May_25_04:50: tick!!!
 INFO LOG: May_25_04:52: tick!!!
 INFO LOG: May_25_04:54: tick!!!
 INFO LOG: May_25_04:56: tick!!!
 INFO LOG: May_25_04:58: tick!!!
 INFO LOG: May_25_05:00: tick!!!
 INFO LOG: May_25_05:02: tick!!!
 INFO LOG: May_25_05:04: tick!!!
 INFO LOG: May_25_05:06: tick!!!
 INFO LOG: May_25_05:08: tick!!!
 INFO LOG: May_25_05:10: tick!!!
 INFO LOG: May_25_05:12: tick!!!
 INFO LOG: May_25_05:14: tick!!!
 INFO LOG: May_25_05:16: tick!!!
 INFO LOG: May_25_05:18: tick!!!
 INFO LOG: May_25_05:20: tick!!!
 INFO LOG: May_25_05:22: tick!!!
 INFO LOG: May_25_05:24: tick!!!
 INFO LOG: May_25_05:26: tick!!!
 INFO LOG: May_25_05:28: tick!!!
 INFO LOG: May_25_05:30: tick!!!
 INFO LOG: May_25_05:32: tick!!!
 INFO LOG: May_25_05:34: tick!!!
 INFO LOG: May_25_05:36: tick!!!
 INFO LOG: May_25_05:38: tick!!!
 INFO LOG: May_25_05:40: tick!!!
 INFO LOG: May_25_05:42: tick!!!
 INFO LOG: May_25_05:44: tick!!!
 INFO LOG: May_25_05:46: tick!!!
 INFO LOG: May_25_05:48: tick!!!
 INFO LOG: May_25_05:50: tick!!!
 INFO LOG: May_25_05:52: tick!!!
 INFO LOG: May_25_05:54: tick!!!
 INFO LOG: May_25_05:56: tick!!!
 INFO LOG: May_25_05:58: tick!!!
 INFO LOG: May_25_06:00: tick!!!
 INFO LOG: May_25_06:02: tick!!!
 INFO LOG: May_25_06:04: tick!!!
 INFO LOG: May_25_06:06: tick!!!
 INFO LOG: May_25_06:08: tick!!!
 INFO LOG: May_25_06:10: tick!!!
 INFO LOG: May_25_06:12: tick!!!
 INFO LOG: May_25_06:14: tick!!!
 INFO LOG: May_25_06:16: tick!!!
 INFO LOG: May_25_06:18: tick!!!
 INFO LOG: May_25_06:20: tick!!!
 INFO LOG: May_25_06:22: tick!!!
 INFO LOG: May_25_06:24: tick!!!
 INFO LOG: May_25_06:26: tick!!!
 INFO LOG: May_25_06:28: tick!!!
 INFO LOG: May_25_06:30: tick!!!
 INFO LOG: May_25_06:32: tick!!!
 INFO LOG: May_25_06:34: tick!!!
 INFO LOG: May_25_06:36: tick!!!
 INFO LOG: May_25_06:38: tick!!!
 INFO LOG: May_25_06:40: tick!!!
 INFO LOG: May_25_06:42: tick!!!
 INFO LOG: May_25_06:44: tick!!!
 INFO LOG: May_25_06:46: tick!!!
 INFO LOG: May_25_06:48: tick!!!
 INFO LOG: May_25_06:50: tick!!!
 INFO LOG: May_25_06:52: tick!!!
 INFO LOG: May_25_06:54: tick!!!
 INFO LOG: May_25_06:56: tick!!!
 INFO LOG: May_25_06:58: tick!!!
 INFO LOG: May_25_07:00: tick!!!
 INFO LOG: May_25_07:02: tick!!!
 INFO LOG: May_25_07:04: tick!!!
 INFO LOG: May_25_07:06: tick!!!
 INFO LOG: May_25_07:08: tick!!!
 INFO LOG: May_25_07:10: tick!!!
 INFO LOG: May_25_07:12: tick!!!
 INFO LOG: May_25_07:14: tick!!!
 INFO LOG: May_25_07:16: tick!!!
 INFO LOG: May_25_07:18: tick!!!
 INFO LOG: May_25_07:20: tick!!!
 INFO LOG: May_25_07:22: tick!!!
 INFO LOG: May_25_07:24: tick!!!
 INFO LOG: May_25_07:26: tick!!!
 INFO LOG: May_25_07:28: tick!!!
 INFO LOG: May_25_07:30: tick!!!
 INFO LOG: May_25_07:32: tick!!!
 INFO LOG: May_25_07:34: tick!!!
 INFO LOG: May_25_07:36: tick!!!
 INFO LOG: May_25_07:38: tick!!!
 INFO LOG: May_25_07:40: tick!!!
 INFO LOG: May_25_07:42: tick!!!
 INFO LOG: May_25_07:44: tick!!!
 INFO LOG: May_25_07:46: tick!!!
 INFO LOG: May_25_07:48: tick!!!
 INFO LOG: May_25_07:50: tick!!!
 INFO LOG: May_25_07:52: tick!!!
 INFO LOG: May_25_07:54: tick!!!
 INFO LOG: May_25_07:56: tick!!!
 INFO LOG: May_25_07:58: tick!!!
 INFO LOG: May_25_08:00: tick!!!
 INFO LOG: May_25_08:02: tick!!!
 INFO LOG: May_25_08:04: tick!!!
 INFO LOG: May_25_08:06: tick!!!
 INFO LOG: May_25_08:08: tick!!!
 INFO LOG: May_25_08:10: tick!!!
 INFO LOG: May_25_08:12: tick!!!
 INFO LOG: May_25_08:14: tick!!!
 INFO LOG: May_25_08:16: tick!!!
 INFO LOG: May_25_08:18: tick!!!
 INFO LOG: May_25_08:20: tick!!!
 INFO LOG: May_25_08:22: tick!!!
 INFO LOG: May_25_08:24: tick!!!
 INFO LOG: May_25_08:26: tick!!!
 INFO LOG: May_25_08:28: tick!!!
 INFO LOG: May_25_08:30: tick!!!
 INFO LOG: May_25_08:32: tick!!!
 INFO LOG: May_25_08:34: tick!!!
 INFO LOG: May_25_08:36: tick!!!
 INFO LOG: May_25_08:38: tick!!!
 INFO LOG: May_25_08:40: tick!!!
 INFO LOG: May_25_08:42: tick!!!
 INFO LOG: May_25_08:44: tick!!!
 INFO LOG: May_25_08:46: tick!!!
 INFO LOG: May_25_08:48: tick!!!
 INFO LOG: May_25_08:50: tick!!!
 INFO LOG: May_25_08:52: tick!!!
 INFO LOG: May_25_08:54: tick!!!
 INFO LOG: May_25_08:56: tick!!!
 INFO LOG: May_25_08:58: tick!!!
 INFO LOG: May_25_09:00: tick!!!
 INFO LOG: May_25_09:02: tick!!!
 INFO LOG: May_25_09:04: tick!!!
 INFO LOG: May_25_09:06: tick!!!
 INFO LOG: May_25_09:08: tick!!!
 INFO LOG: May_25_09:10: tick!!!
 INFO LOG: May_25_09:12: tick!!!
 INFO LOG: May_25_09:14: tick!!!
 INFO LOG: May_25_09:16: tick!!!
 INFO LOG: May_25_09:18: tick!!!
 INFO LOG: May_25_09:20: tick!!!
 INFO LOG: May_25_09:22: tick!!!
 INFO LOG: May_25_09:24: tick!!!
 INFO LOG: May_25_09:25: -- #<Player:0x00000002ba5868>:76.202.141.206:50592 disconnected from CoralMUD!
