 INFO LOG: May__4_20:07: Logging enabled.   Loading logs.rb.
 INFO LOG: May__4_20:07: Loading facade.rb
 INFO LOG: May__4_20:07: Loading query_list.rb
 INFO LOG: May__4_20:07: Loading utils.rb
 INFO LOG: May__4_20:07: Loading constants.rb
 INFO LOG: May__4_20:07: Loading class_property.rb
 INFO LOG: May__4_20:07: Loading scripts.rb
 INFO LOG: May__4_20:07: Loading tags.rb
 INFO LOG: May__4_20:07: Loading editor/editors.rb
 INFO LOG: May__4_20:07: Loading editor/editor.strings.rb
 INFO LOG: May__4_20:07: Loading editor/editor.rooms.rb
 INFO LOG: May__4_20:07: Loading editor/editor.exits.rb
 INFO LOG: May__4_20:07: Loading editor/editor.zones.rb
 INFO LOG: May__4_20:07: Loading editor/editor.npc.rb
 INFO LOG: May__4_20:07: Loading editor/editor.items.rb
 INFO LOG: May__4_20:07: Loading mxp.rb
 INFO LOG: May__4_20:07: Loading mccp.rb
 INFO LOG: May__4_20:07: Loading flags.rb
 INFO LOG: May__4_20:07: Loading damage.rb
 INFO LOG: May__4_20:07: Loading areas.rb
 INFO LOG: May__4_20:07: Loading event.rb
 INFO LOG: May__4_20:07: Loading automap/automap.rb
 INFO LOG: May__4_20:07: Loading cities.olc.rb
 INFO LOG: May__4_20:07: Loading cities.rb
 INFO LOG: May__4_20:07: Loading sector definitions.
 INFO LOG: May__4_20:07: Loading help.rb
 INFO LOG: May__4_20:07: Loading imcruby.rb
 INFO LOG: May__4_20:07: Loading player.rb
 INFO LOG: May__4_20:07: Loading commands.rb
 INFO LOG: May__4_20:07: Loading random.rb
 INFO LOG: May__4_20:07: Loading npc.rb
 INFO LOG: May__4_20:07: Loading items.rb
 INFO LOG: May__4_20:07: Loading spells.rb
 INFO LOG: May__4_20:07: Loading all zones.
 INFO LOG: May__4_20:07: Starting server.
 INFO LOG: May__4_20:07: CoralMUD is now up on port 4000.
 INFO LOG: May__4_20:08: -- 76.202.141.206:45340 connected to CoralMUD!
 INFO LOG: May__4_20:08: -- 76.202.141.206:45340: Retnur is trying to connect.
 INFO LOG: May__4_20:08: -- 76.202.141.206:45340: Retnur player file found.
 INFO LOG: May__4_20:08: -- Retnur has entered the game.
 INFO LOG: May__4_20:09: tick!!!
 INFO LOG: May__4_20:11: tick!!!
 INFO LOG: May__4_20:13: tick!!!
 INFO LOG: May__4_20:15: Loading query_list.rb
 INFO LOG: May__4_20:15: tick!!!
 INFO LOG: May__4_20:17: tick!!!
 INFO LOG: May__4_20:19: tick!!!
 INFO LOG: May__4_20:20: Processed query: ["sword"]
 INFO LOG: May__4_20:20: Processed query: ["sword"]
 INFO LOG: May__4_20:20: Processed query: ["sword"]
 INFO LOG: May__4_20:20: Processed query: ["sword"]
 INFO LOG: May__4_20:20: Processed query: ["sword"]
 INFO LOG: May__4_20:20: Processed query: ["sword"]
 INFO LOG: May__4_20:20: Processed query: ["all"]
 INFO LOG: May__4_20:20: Processed query: ["all"]
 INFO LOG: May__4_20:21: tick!!!
 INFO LOG: May__4_20:23: tick!!!
 INFO LOG: May__4_20:25: Loading query_list.rb
 INFO LOG: May__4_20:25: tick!!!
 INFO LOG: May__4_20:26: -- #<Player:0x0000000288fb88>:76.202.141.206:45340 disconnected from CoralMUD!
 INFO LOG: May__4_20:26: Logging enabled.   Loading logs.rb.
 INFO LOG: May__4_20:26: Loading facade.rb
 INFO LOG: May__4_20:26: Loading query_list.rb
 INFO LOG: May__4_20:26: Loading utils.rb
 INFO LOG: May__4_20:26: Loading constants.rb
 INFO LOG: May__4_20:26: Loading class_property.rb
 INFO LOG: May__4_20:26: Loading scripts.rb
 INFO LOG: May__4_20:26: Loading tags.rb
 INFO LOG: May__4_20:26: Loading editor/editors.rb
 INFO LOG: May__4_20:26: Loading editor/editor.strings.rb
 INFO LOG: May__4_20:26: Loading editor/editor.rooms.rb
 INFO LOG: May__4_20:26: Loading editor/editor.exits.rb
 INFO LOG: May__4_20:26: Loading editor/editor.zones.rb
 INFO LOG: May__4_20:26: Loading editor/editor.npc.rb
 INFO LOG: May__4_20:26: Loading editor/editor.items.rb
 INFO LOG: May__4_20:26: Loading mxp.rb
 INFO LOG: May__4_20:26: Loading mccp.rb
 INFO LOG: May__4_20:26: Loading flags.rb
 INFO LOG: May__4_20:26: Loading damage.rb
 INFO LOG: May__4_20:26: Loading areas.rb
 INFO LOG: May__4_20:26: Loading event.rb
 INFO LOG: May__4_20:26: Loading automap/automap.rb
 INFO LOG: May__4_20:26: Loading cities.olc.rb
 INFO LOG: May__4_20:26: Loading cities.rb
 INFO LOG: May__4_20:26: Loading sector definitions.
 INFO LOG: May__4_20:26: Loading help.rb
 INFO LOG: May__4_20:26: Loading imcruby.rb
 INFO LOG: May__4_20:26: Loading player.rb
 INFO LOG: May__4_20:26: Loading commands.rb
 INFO LOG: May__4_20:26: Loading random.rb
 INFO LOG: May__4_20:26: Loading npc.rb
 INFO LOG: May__4_20:26: Loading items.rb
 INFO LOG: May__4_20:26: Loading spells.rb
 INFO LOG: May__4_20:26: Loading all zones.
 INFO LOG: May__4_20:26: Starting server.
 INFO LOG: May__4_20:26: CoralMUD is now up on port 4000.
 INFO LOG: May__4_20:26: -- 76.202.141.206:33132 connected to CoralMUD!
 INFO LOG: May__4_20:26: -- 76.202.141.206:33132: Retnur is trying to connect.
 INFO LOG: May__4_20:26: -- 76.202.141.206:33132: Retnur player file found.
 INFO LOG: May__4_20:26: -- Retnur has entered the game.
 INFO LOG: May__4_20:28: tick!!!
 INFO LOG: May__4_20:28: Processed query: ["sword"]
 INFO LOG: May__4_20:28: Processed query: ["sword"]
 INFO LOG: May__4_20:28: -- #<Player:0x000000019ea3d0>:76.202.141.206:33132 disconnected from CoralMUD!
 INFO LOG: May__4_20:29: Logging enabled.   Loading logs.rb.
 INFO LOG: May__4_20:29: Loading facade.rb
 INFO LOG: May__4_20:29: Loading query_list.rb
 INFO LOG: May__4_20:29: Loading utils.rb
 INFO LOG: May__4_20:29: Loading constants.rb
 INFO LOG: May__4_20:29: Loading class_property.rb
 INFO LOG: May__4_20:29: Loading scripts.rb
 INFO LOG: May__4_20:29: Loading tags.rb
 INFO LOG: May__4_20:29: Loading editor/editors.rb
 INFO LOG: May__4_20:29: Loading editor/editor.strings.rb
 INFO LOG: May__4_20:29: Loading editor/editor.rooms.rb
 INFO LOG: May__4_20:29: Loading editor/editor.exits.rb
 INFO LOG: May__4_20:29: Loading editor/editor.zones.rb
 INFO LOG: May__4_20:29: Loading editor/editor.npc.rb
 INFO LOG: May__4_20:29: Loading editor/editor.items.rb
 INFO LOG: May__4_20:29: Loading mxp.rb
 INFO LOG: May__4_20:29: Loading mccp.rb
 INFO LOG: May__4_20:29: Loading flags.rb
 INFO LOG: May__4_20:29: Loading damage.rb
 INFO LOG: May__4_20:29: Loading areas.rb
 INFO LOG: May__4_20:29: Loading event.rb
 INFO LOG: May__4_20:29: Loading automap/automap.rb
 INFO LOG: May__4_20:29: Loading cities.olc.rb
 INFO LOG: May__4_20:29: Loading cities.rb
 INFO LOG: May__4_20:29: Loading sector definitions.
 INFO LOG: May__4_20:29: Loading help.rb
 INFO LOG: May__4_20:29: Loading imcruby.rb
 INFO LOG: May__4_20:29: Loading player.rb
 INFO LOG: May__4_20:29: Loading commands.rb
 INFO LOG: May__4_20:29: Loading random.rb
 INFO LOG: May__4_20:29: Loading npc.rb
 INFO LOG: May__4_20:29: Loading items.rb
 INFO LOG: May__4_20:29: Loading spells.rb
 INFO LOG: May__4_20:29: Loading all zones.
 INFO LOG: May__4_20:29: Starting server.
 INFO LOG: May__4_20:29: CoralMUD is now up on port 4000.
 INFO LOG: May__4_20:29: -- 76.202.141.206:42891 connected to CoralMUD!
 INFO LOG: May__4_20:29: -- 76.202.141.206:42891: Retnur is trying to connect.
 INFO LOG: May__4_20:29: -- 76.202.141.206:42891: Retnur player file found.
 INFO LOG: May__4_20:29: -- Retnur has entered the game.
 INFO LOG: May__4_20:30: Processed query: ["sword"]
 INFO LOG: May__4_20:30: Processed query: ["sword"]
 INFO LOG: May__4_20:30: -- #<Player:0x00000001ed7028>:76.202.141.206:42891 disconnected from CoralMUD!
 INFO LOG: May__4_20:32: Logging enabled.   Loading logs.rb.
 INFO LOG: May__4_20:32: Loading facade.rb
 INFO LOG: May__4_20:32: Loading query_list.rb
 INFO LOG: May__4_20:33: Logging enabled.   Loading logs.rb.
 INFO LOG: May__4_20:33: Loading facade.rb
 INFO LOG: May__4_20:33: Loading query_list.rb
 INFO LOG: May__4_20:33: Loading utils.rb
 INFO LOG: May__4_20:33: Loading constants.rb
 INFO LOG: May__4_20:33: Loading class_property.rb
 INFO LOG: May__4_20:33: Loading scripts.rb
 INFO LOG: May__4_20:33: Loading tags.rb
 INFO LOG: May__4_20:33: Loading editor/editors.rb
 INFO LOG: May__4_20:33: Loading editor/editor.strings.rb
 INFO LOG: May__4_20:33: Loading editor/editor.rooms.rb
 INFO LOG: May__4_20:33: Loading editor/editor.exits.rb
 INFO LOG: May__4_20:33: Loading editor/editor.zones.rb
 INFO LOG: May__4_20:33: Loading editor/editor.npc.rb
 INFO LOG: May__4_20:33: Loading editor/editor.items.rb
 INFO LOG: May__4_20:33: Loading mxp.rb
 INFO LOG: May__4_20:33: Loading mccp.rb
 INFO LOG: May__4_20:33: Loading flags.rb
 INFO LOG: May__4_20:33: Loading damage.rb
 INFO LOG: May__4_20:33: Loading areas.rb
 INFO LOG: May__4_20:33: Loading event.rb
 INFO LOG: May__4_20:33: Loading automap/automap.rb
 INFO LOG: May__4_20:33: Loading cities.olc.rb
 INFO LOG: May__4_20:33: Loading cities.rb
 INFO LOG: May__4_20:33: Loading sector definitions.
 INFO LOG: May__4_20:33: Loading help.rb
 INFO LOG: May__4_20:33: Loading imcruby.rb
 INFO LOG: May__4_20:33: Loading player.rb
 INFO LOG: May__4_20:33: Loading commands.rb
 INFO LOG: May__4_20:33: Loading random.rb
 INFO LOG: May__4_20:33: Loading npc.rb
 INFO LOG: May__4_20:33: Loading items.rb
 INFO LOG: May__4_20:33: Loading spells.rb
 INFO LOG: May__4_20:33: Loading all zones.
 INFO LOG: May__4_20:33: Starting server.
 INFO LOG: May__4_20:33: CoralMUD is now up on port 4000.
 INFO LOG: May__4_20:33: -- 76.202.141.206:40053 connected to CoralMUD!
 INFO LOG: May__4_20:33: -- 76.202.141.206:40053: Retnur is trying to connect.
 INFO LOG: May__4_20:33: -- 76.202.141.206:40053: Retnur player file found.
 INFO LOG: May__4_20:33: -- Retnur has entered the game.
 INFO LOG: May__4_20:33: Processed query: ["sword"]
 INFO LOG: May__4_20:33: Processed query: ["sword"]
 INFO LOG: May__4_20:33: {}
 INFO LOG: May__4_20:33: {:name=>:to_s, :id=>:__id__}
 INFO LOG: May__4_20:33: -- #<Player:0x00000000c6dbd0>:76.202.141.206:40053 disconnected from CoralMUD!
 INFO LOG: May__4_20:33: Logging enabled.   Loading logs.rb.
 INFO LOG: May__4_20:33: Loading facade.rb
 INFO LOG: May__4_20:33: Loading query_list.rb
 INFO LOG: May__4_20:33: Loading utils.rb
 INFO LOG: May__4_20:33: Loading constants.rb
 INFO LOG: May__4_20:33: Loading class_property.rb
 INFO LOG: May__4_20:33: Loading scripts.rb
 INFO LOG: May__4_20:33: Loading tags.rb
 INFO LOG: May__4_20:33: Loading editor/editors.rb
 INFO LOG: May__4_20:33: Loading editor/editor.strings.rb
 INFO LOG: May__4_20:33: Loading editor/editor.rooms.rb
 INFO LOG: May__4_20:33: Loading editor/editor.exits.rb
 INFO LOG: May__4_20:33: Loading editor/editor.zones.rb
 INFO LOG: May__4_20:33: Loading editor/editor.npc.rb
 INFO LOG: May__4_20:33: Loading editor/editor.items.rb
 INFO LOG: May__4_20:33: Loading mxp.rb
 INFO LOG: May__4_20:33: Loading mccp.rb
 INFO LOG: May__4_20:33: Loading flags.rb
 INFO LOG: May__4_20:33: Loading damage.rb
 INFO LOG: May__4_20:33: Loading areas.rb
 INFO LOG: May__4_20:33: Loading event.rb
 INFO LOG: May__4_20:33: Loading automap/automap.rb
 INFO LOG: May__4_20:33: Loading cities.olc.rb
 INFO LOG: May__4_20:33: Loading cities.rb
 INFO LOG: May__4_20:33: Loading sector definitions.
 INFO LOG: May__4_20:33: Loading help.rb
 INFO LOG: May__4_20:33: Loading imcruby.rb
 INFO LOG: May__4_20:33: Loading player.rb
 INFO LOG: May__4_20:33: Loading commands.rb
 INFO LOG: May__4_20:33: Loading random.rb
 INFO LOG: May__4_20:33: Loading npc.rb
 INFO LOG: May__4_20:33: Loading items.rb
 INFO LOG: May__4_20:33: Loading spells.rb
 INFO LOG: May__4_20:33: Loading all zones.
 INFO LOG: May__4_20:33: Starting server.
 INFO LOG: May__4_20:33: CoralMUD is now up on port 4000.
 INFO LOG: May__4_20:33: -- 76.202.141.206:33644 connected to CoralMUD!
 INFO LOG: May__4_20:33: -- 76.202.141.206:33644: Retnur is trying to connect.
 INFO LOG: May__4_20:33: -- 76.202.141.206:33644: Retnur player file found.
 INFO LOG: May__4_20:33: -- Retnur has entered the game.
 INFO LOG: May__4_20:33: Processed query: ["sword"]
 INFO LOG: May__4_20:33: Processed query: ["sword"]
 INFO LOG: May__4_20:33: {}
 INFO LOG: May__4_20:33: {}
 INFO LOG: May__4_20:33: {:name=>:to_s, :id=>:__id__}
 INFO LOG: May__4_20:33: {:name=>:to_s, :id=>:__id__}
 INFO LOG: May__4_20:33: -- #<Player:0x000000011284e0>:76.202.141.206:33644 disconnected from CoralMUD!
 INFO LOG: May__4_20:35: Logging enabled.   Loading logs.rb.
 INFO LOG: May__4_20:35: Loading facade.rb
 INFO LOG: May__4_20:35: Loading query_list.rb
 INFO LOG: May__4_20:35: Loading utils.rb
 INFO LOG: May__4_20:35: Loading constants.rb
 INFO LOG: May__4_20:35: Loading class_property.rb
 INFO LOG: May__4_20:35: Loading scripts.rb
 INFO LOG: May__4_20:35: Loading tags.rb
 INFO LOG: May__4_20:35: Loading editor/editors.rb
 INFO LOG: May__4_20:35: Loading editor/editor.strings.rb
 INFO LOG: May__4_20:35: Loading editor/editor.rooms.rb
 INFO LOG: May__4_20:35: Loading editor/editor.exits.rb
 INFO LOG: May__4_20:35: Loading editor/editor.zones.rb
 INFO LOG: May__4_20:35: Loading editor/editor.npc.rb
 INFO LOG: May__4_20:35: Loading editor/editor.items.rb
 INFO LOG: May__4_20:35: Loading mxp.rb
 INFO LOG: May__4_20:35: Loading mccp.rb
 INFO LOG: May__4_20:35: Loading flags.rb
 INFO LOG: May__4_20:35: Loading damage.rb
 INFO LOG: May__4_20:35: Loading areas.rb
 INFO LOG: May__4_20:35: Loading event.rb
 INFO LOG: May__4_20:35: Loading automap/automap.rb
 INFO LOG: May__4_20:35: Loading cities.olc.rb
 INFO LOG: May__4_20:35: Loading cities.rb
 INFO LOG: May__4_20:35: Loading sector definitions.
 INFO LOG: May__4_20:35: Loading help.rb
 INFO LOG: May__4_20:35: Loading imcruby.rb
 INFO LOG: May__4_20:35: Loading player.rb
 INFO LOG: May__4_20:35: Loading commands.rb
 INFO LOG: May__4_20:35: Loading random.rb
 INFO LOG: May__4_20:35: Loading npc.rb
 INFO LOG: May__4_20:35: Loading items.rb
 INFO LOG: May__4_20:35: Loading spells.rb
 INFO LOG: May__4_20:35: Loading all zones.
 INFO LOG: May__4_20:35: Starting server.
 INFO LOG: May__4_20:35: CoralMUD is now up on port 4000.
 INFO LOG: May__4_20:35: -- 76.202.141.206:41588 connected to CoralMUD!
 INFO LOG: May__4_20:35: -- 76.202.141.206:41588: Retnur is trying to connect.
 INFO LOG: May__4_20:35: -- 76.202.141.206:41588: Retnur player file found.
 INFO LOG: May__4_20:35: -- Retnur has entered the game.
 INFO LOG: May__4_20:35: Processed query: ["sword"]
 INFO LOG: May__4_20:35: Processed query: ["sword"]
 INFO LOG: May__4_20:35: array found.
 INFO LOG: May__4_20:35: {}
 INFO LOG: May__4_20:35: {}
 INFO LOG: May__4_20:35: {:name=>:to_s, :id=>:__id__}
 INFO LOG: May__4_20:35: {:name=>:to_s, :id=>:__id__}
 INFO LOG: May__4_20:35: -- #<Player:0x00000002371cf0>:76.202.141.206:41588 disconnected from CoralMUD!
 INFO LOG: May__4_20:37: Logging enabled.   Loading logs.rb.
 INFO LOG: May__4_20:37: Loading facade.rb
 INFO LOG: May__4_20:37: Loading query_list.rb
 INFO LOG: May__4_20:37: Loading utils.rb
 INFO LOG: May__4_20:37: Loading constants.rb
 INFO LOG: May__4_20:37: Loading class_property.rb
 INFO LOG: May__4_20:37: Loading scripts.rb
 INFO LOG: May__4_20:37: Loading tags.rb
 INFO LOG: May__4_20:37: Loading editor/editors.rb
 INFO LOG: May__4_20:37: Loading editor/editor.strings.rb
 INFO LOG: May__4_20:37: Loading editor/editor.rooms.rb
 INFO LOG: May__4_20:37: Loading editor/editor.exits.rb
 INFO LOG: May__4_20:37: Loading editor/editor.zones.rb
 INFO LOG: May__4_20:37: Loading editor/editor.npc.rb
 INFO LOG: May__4_20:37: Loading editor/editor.items.rb
 INFO LOG: May__4_20:37: Loading mxp.rb
 INFO LOG: May__4_20:37: Loading mccp.rb
 INFO LOG: May__4_20:37: Loading flags.rb
 INFO LOG: May__4_20:37: Loading damage.rb
 INFO LOG: May__4_20:37: Loading areas.rb
 INFO LOG: May__4_20:37: Loading event.rb
 INFO LOG: May__4_20:37: Loading automap/automap.rb
 INFO LOG: May__4_20:37: Loading cities.olc.rb
 INFO LOG: May__4_20:37: Loading cities.rb
 INFO LOG: May__4_20:37: Loading sector definitions.
 INFO LOG: May__4_20:37: Loading help.rb
 INFO LOG: May__4_20:37: Loading imcruby.rb
 INFO LOG: May__4_20:37: Loading player.rb
 INFO LOG: May__4_20:37: Loading commands.rb
 INFO LOG: May__4_20:37: Loading random.rb
 INFO LOG: May__4_20:37: Loading npc.rb
 INFO LOG: May__4_20:37: Loading items.rb
 INFO LOG: May__4_20:37: Loading spells.rb
 INFO LOG: May__4_20:37: Loading all zones.
 INFO LOG: May__4_20:37: Starting server.
 INFO LOG: May__4_20:37: CoralMUD is now up on port 4000.
 INFO LOG: May__4_20:37: -- 76.202.141.206:45329 connected to CoralMUD!
 INFO LOG: May__4_20:37: -- 76.202.141.206:45329: Retnur is trying to connect.
 INFO LOG: May__4_20:37: -- 76.202.141.206:45329: Retnur player file found.
 INFO LOG: May__4_20:37: -- Retnur has entered the game.
 INFO LOG: May__4_20:37: Processed query: ["sword"]
 INFO LOG: May__4_20:37: Processed query: ["sword"]
 INFO LOG: May__4_20:37: array found.
 INFO LOG: May__4_20:37: {}
 INFO LOG: May__4_20:37: {:name=>:to_s, :id=>:__id__}
 INFO LOG: May__4_20:37: -- #<Player:0x00000002059658>:76.202.141.206:45329 disconnected from CoralMUD!
 INFO LOG: May__4_20:39: Logging enabled.   Loading logs.rb.
 INFO LOG: May__4_20:39: Loading facade.rb
 INFO LOG: May__4_20:39: Loading query_list.rb
 INFO LOG: May__4_20:39: Loading utils.rb
 INFO LOG: May__4_20:39: Loading constants.rb
 INFO LOG: May__4_20:39: Loading class_property.rb
 INFO LOG: May__4_20:39: Loading scripts.rb
 INFO LOG: May__4_20:39: Loading tags.rb
 INFO LOG: May__4_20:39: Loading editor/editors.rb
 INFO LOG: May__4_20:39: Loading editor/editor.strings.rb
 INFO LOG: May__4_20:39: Loading editor/editor.rooms.rb
 INFO LOG: May__4_20:39: Loading editor/editor.exits.rb
 INFO LOG: May__4_20:39: Loading editor/editor.zones.rb
 INFO LOG: May__4_20:39: Loading editor/editor.npc.rb
 INFO LOG: May__4_20:39: Loading editor/editor.items.rb
 INFO LOG: May__4_20:39: Loading mxp.rb
 INFO LOG: May__4_20:39: Loading mccp.rb
 INFO LOG: May__4_20:39: Loading flags.rb
 INFO LOG: May__4_20:39: Loading damage.rb
 INFO LOG: May__4_20:39: Loading areas.rb
 INFO LOG: May__4_20:39: Loading event.rb
 INFO LOG: May__4_20:39: Loading automap/automap.rb
 INFO LOG: May__4_20:39: Loading cities.olc.rb
 INFO LOG: May__4_20:39: Loading cities.rb
 INFO LOG: May__4_20:39: Loading sector definitions.
 INFO LOG: May__4_20:39: Loading help.rb
 INFO LOG: May__4_20:39: Loading imcruby.rb
 INFO LOG: May__4_20:39: Loading player.rb
 INFO LOG: May__4_20:39: Loading commands.rb
 INFO LOG: May__4_20:39: Loading random.rb
 INFO LOG: May__4_20:39: Loading npc.rb
 INFO LOG: May__4_20:39: Loading items.rb
 INFO LOG: May__4_20:39: Loading spells.rb
 INFO LOG: May__4_20:39: Loading all zones.
 INFO LOG: May__4_20:39: Starting server.
 INFO LOG: May__4_20:39: CoralMUD is now up on port 4000.
 INFO LOG: May__4_20:39: -- 76.202.141.206:35888 connected to CoralMUD!
 INFO LOG: May__4_20:39: -- 76.202.141.206:35888: Retnur is trying to connect.
 INFO LOG: May__4_20:39: -- 76.202.141.206:35888: Retnur player file found.
 INFO LOG: May__4_20:39: -- Retnur has entered the game.
 INFO LOG: May__4_20:39: Processed query: ["sword"]
 INFO LOG: May__4_20:39: Processed query: ["sword"]
 INFO LOG: May__4_20:39: array found.
 INFO LOG: May__4_20:39: {:name=>:name, :id=>:id}
 INFO LOG: May__4_20:39: {:name=>:to_s, :id=>:__id__}
 INFO LOG: May__4_20:39: -- #<Player:0x00000002015340>:76.202.141.206:35888 disconnected from CoralMUD!
 INFO LOG: May__4_20:43: Logging enabled.   Loading logs.rb.
 INFO LOG: May__4_20:43: Loading facade.rb
 INFO LOG: May__4_20:43: Loading query_list.rb
 INFO LOG: May__4_20:43: Loading utils.rb
 INFO LOG: May__4_20:43: Loading constants.rb
 INFO LOG: May__4_20:43: Loading class_property.rb
 INFO LOG: May__4_20:43: Loading scripts.rb
 INFO LOG: May__4_20:43: Loading tags.rb
 INFO LOG: May__4_20:43: Loading editor/editors.rb
 INFO LOG: May__4_20:43: Loading editor/editor.strings.rb
 INFO LOG: May__4_20:43: Loading editor/editor.rooms.rb
 INFO LOG: May__4_20:43: Loading editor/editor.exits.rb
 INFO LOG: May__4_20:43: Loading editor/editor.zones.rb
 INFO LOG: May__4_20:43: Loading editor/editor.npc.rb
 INFO LOG: May__4_20:43: Loading editor/editor.items.rb
 INFO LOG: May__4_20:43: Loading mxp.rb
 INFO LOG: May__4_20:43: Loading mccp.rb
 INFO LOG: May__4_20:43: Loading flags.rb
 INFO LOG: May__4_20:43: Loading damage.rb
 INFO LOG: May__4_20:43: Loading areas.rb
 INFO LOG: May__4_20:43: Loading event.rb
 INFO LOG: May__4_20:43: Loading automap/automap.rb
 INFO LOG: May__4_20:43: Loading cities.olc.rb
 INFO LOG: May__4_20:43: Loading cities.rb
 INFO LOG: May__4_20:43: Loading sector definitions.
 INFO LOG: May__4_20:43: Loading help.rb
 INFO LOG: May__4_20:43: Loading imcruby.rb
 INFO LOG: May__4_20:43: Loading player.rb
 INFO LOG: May__4_20:43: Loading commands.rb
 INFO LOG: May__4_20:43: Loading random.rb
 INFO LOG: May__4_20:43: Loading npc.rb
 INFO LOG: May__4_20:43: Loading items.rb
 INFO LOG: May__4_20:43: Loading spells.rb
 INFO LOG: May__4_20:43: Loading all zones.
 INFO LOG: May__4_20:43: Starting server.
 INFO LOG: May__4_20:43: CoralMUD is now up on port 4000.
 INFO LOG: May__4_20:43: -- 76.202.141.206:43265 connected to CoralMUD!
 INFO LOG: May__4_20:43: -- 76.202.141.206:43265: Retnur is trying to connect.
 INFO LOG: May__4_20:43: -- 76.202.141.206:43265: Retnur player file found.
 INFO LOG: May__4_20:43: -- Retnur has entered the game.
 INFO LOG: May__4_20:43: Processed query: ["sword"]
 INFO LOG: May__4_20:43: Processed query: ["sword"]
 INFO LOG: May__4_20:43: array found.
 INFO LOG: May__4_20:43: {:name=>:name, :id=>:id}
 INFO LOG: May__4_20:43: pushing {:name=>:to_s, :id=>:__id__}
 INFO LOG: May__4_20:43: {:name=>:to_s, :id=>:__id__}
 INFO LOG: May__4_20:43: -- #<Player:0x00000000b16390>:76.202.141.206:43265 disconnected from CoralMUD!
 INFO LOG: May__4_20:46: Logging enabled.   Loading logs.rb.
 INFO LOG: May__4_20:46: Loading facade.rb
 INFO LOG: May__4_20:46: Loading query_list.rb
 INFO LOG: May__4_20:46: Loading utils.rb
 INFO LOG: May__4_20:46: Loading constants.rb
 INFO LOG: May__4_20:46: Loading class_property.rb
 INFO LOG: May__4_20:46: Loading scripts.rb
 INFO LOG: May__4_20:46: Loading tags.rb
 INFO LOG: May__4_20:46: Loading editor/editors.rb
 INFO LOG: May__4_20:46: Loading editor/editor.strings.rb
 INFO LOG: May__4_20:46: Loading editor/editor.rooms.rb
 INFO LOG: May__4_20:46: Loading editor/editor.exits.rb
 INFO LOG: May__4_20:46: Loading editor/editor.zones.rb
 INFO LOG: May__4_20:46: Loading editor/editor.npc.rb
 INFO LOG: May__4_20:46: Loading editor/editor.items.rb
 INFO LOG: May__4_20:46: Loading mxp.rb
 INFO LOG: May__4_20:46: Loading mccp.rb
 INFO LOG: May__4_20:46: Loading flags.rb
 INFO LOG: May__4_20:46: Loading damage.rb
 INFO LOG: May__4_20:46: Loading areas.rb
 INFO LOG: May__4_20:46: Loading event.rb
 INFO LOG: May__4_20:46: Loading automap/automap.rb
 INFO LOG: May__4_20:46: Loading cities.olc.rb
 INFO LOG: May__4_20:46: Loading cities.rb
 INFO LOG: May__4_20:46: Loading sector definitions.
 INFO LOG: May__4_20:46: Loading help.rb
 INFO LOG: May__4_20:46: Loading imcruby.rb
 INFO LOG: May__4_20:46: Loading player.rb
 INFO LOG: May__4_20:46: Loading commands.rb
 INFO LOG: May__4_20:46: Loading random.rb
 INFO LOG: May__4_20:46: Loading npc.rb
 INFO LOG: May__4_20:46: Loading items.rb
 INFO LOG: May__4_20:46: Loading spells.rb
 INFO LOG: May__4_20:46: Loading all zones.
 INFO LOG: May__4_20:46: Starting server.
 INFO LOG: May__4_20:46: CoralMUD is now up on port 4000.
 INFO LOG: May__4_20:46: -- 76.202.141.206:57595 connected to CoralMUD!
 INFO LOG: May__4_20:46: -- 76.202.141.206:57595: Retnur is trying to connect.
 INFO LOG: May__4_20:46: -- 76.202.141.206:57595: Retnur player file found.
 INFO LOG: May__4_20:46: -- Retnur has entered the game.
 INFO LOG: May__4_20:46: Processed query: ["sword"]
 INFO LOG: May__4_20:46: Processed query: ["sword"]
 INFO LOG: May__4_20:46: array found.
 INFO LOG: May__4_20:46: initialize: {:name=>:name, :id=>:id}
 INFO LOG: May__4_20:46: pushing {:name=>:to_s, :id=>:__id__}
 INFO LOG: May__4_20:46: initialize: {:name=>:to_s, :id=>:__id__}
 INFO LOG: May__4_20:46: -- #<Player:0x00000002595158>:76.202.141.206:57595 disconnected from CoralMUD!
 INFO LOG: May__4_20:49: Logging enabled.   Loading logs.rb.
 INFO LOG: May__4_20:49: Loading facade.rb
 INFO LOG: May__4_20:49: Loading query_list.rb
 INFO LOG: May__4_20:49: Loading utils.rb
 INFO LOG: May__4_20:49: Loading constants.rb
 INFO LOG: May__4_20:49: Loading class_property.rb
 INFO LOG: May__4_20:49: Loading scripts.rb
 INFO LOG: May__4_20:49: Loading tags.rb
 INFO LOG: May__4_20:49: Loading editor/editors.rb
 INFO LOG: May__4_20:49: Loading editor/editor.strings.rb
 INFO LOG: May__4_20:49: Loading editor/editor.rooms.rb
 INFO LOG: May__4_20:49: Loading editor/editor.exits.rb
 INFO LOG: May__4_20:49: Loading editor/editor.zones.rb
 INFO LOG: May__4_20:49: Loading editor/editor.npc.rb
 INFO LOG: May__4_20:49: Loading editor/editor.items.rb
 INFO LOG: May__4_20:49: Loading mxp.rb
 INFO LOG: May__4_20:49: Loading mccp.rb
 INFO LOG: May__4_20:49: Loading flags.rb
 INFO LOG: May__4_20:49: Loading damage.rb
 INFO LOG: May__4_20:49: Loading areas.rb
 INFO LOG: May__4_20:49: Loading event.rb
 INFO LOG: May__4_20:49: Loading automap/automap.rb
 INFO LOG: May__4_20:49: Loading cities.olc.rb
 INFO LOG: May__4_20:49: Loading cities.rb
 INFO LOG: May__4_20:49: Loading sector definitions.
 INFO LOG: May__4_20:49: Loading help.rb
 INFO LOG: May__4_20:49: Loading imcruby.rb
 INFO LOG: May__4_20:49: Loading player.rb
 INFO LOG: May__4_20:49: Loading commands.rb
 INFO LOG: May__4_20:49: Loading random.rb
 INFO LOG: May__4_20:49: Loading npc.rb
 INFO LOG: May__4_20:49: Loading items.rb
 INFO LOG: May__4_20:49: Loading spells.rb
 INFO LOG: May__4_20:49: Loading all zones.
 INFO LOG: May__4_20:49: Starting server.
 INFO LOG: May__4_20:49: CoralMUD is now up on port 4000.
 INFO LOG: May__4_20:49: -- 76.202.141.206:42819 connected to CoralMUD!
 INFO LOG: May__4_20:49: -- 76.202.141.206:42819: Retnur is trying to connect.
 INFO LOG: May__4_20:49: -- 76.202.141.206:42819: Retnur player file found.
 INFO LOG: May__4_20:50: -- Retnur has entered the game.
 INFO LOG: May__4_20:50: Processed query: ["sword"]
 INFO LOG: May__4_20:50: Processed query: ["sword"]
 INFO LOG: May__4_20:50: array found.
 INFO LOG: May__4_20:50: initialize: {:name=>:name, :id=>:id}
 INFO LOG: May__4_20:50: pushing {:name=>:to_s, :id=>:__id__}
 INFO LOG: May__4_20:50: initialize: {:name=>:to_s, :id=>:__id__}
 INFO LOG: May__4_20:50: -- #<Player:0x00000001e78140>:76.202.141.206:42819 disconnected from CoralMUD!
 INFO LOG: May__4_20:51: Logging enabled.   Loading logs.rb.
 INFO LOG: May__4_20:51: Loading facade.rb
 INFO LOG: May__4_20:51: Loading query_list.rb
 INFO LOG: May__4_20:51: Loading utils.rb
 INFO LOG: May__4_20:51: Loading constants.rb
 INFO LOG: May__4_20:51: Loading class_property.rb
 INFO LOG: May__4_20:51: Loading scripts.rb
 INFO LOG: May__4_20:51: Loading tags.rb
 INFO LOG: May__4_20:51: Loading editor/editors.rb
 INFO LOG: May__4_20:51: Loading editor/editor.strings.rb
 INFO LOG: May__4_20:51: Loading editor/editor.rooms.rb
 INFO LOG: May__4_20:51: Loading editor/editor.exits.rb
 INFO LOG: May__4_20:51: Loading editor/editor.zones.rb
 INFO LOG: May__4_20:51: Loading editor/editor.npc.rb
 INFO LOG: May__4_20:51: Loading editor/editor.items.rb
 INFO LOG: May__4_20:51: Loading mxp.rb
 INFO LOG: May__4_20:51: Loading mccp.rb
 INFO LOG: May__4_20:51: Loading flags.rb
 INFO LOG: May__4_20:51: Loading damage.rb
 INFO LOG: May__4_20:51: Loading areas.rb
 INFO LOG: May__4_20:51: Loading event.rb
 INFO LOG: May__4_20:51: Loading automap/automap.rb
 INFO LOG: May__4_20:51: Loading cities.olc.rb
 INFO LOG: May__4_20:51: Loading cities.rb
 INFO LOG: May__4_20:51: Loading sector definitions.
 INFO LOG: May__4_20:51: Loading help.rb
 INFO LOG: May__4_20:51: Loading imcruby.rb
 INFO LOG: May__4_20:51: Loading player.rb
 INFO LOG: May__4_20:51: Loading commands.rb
 INFO LOG: May__4_20:51: Loading random.rb
 INFO LOG: May__4_20:51: Loading npc.rb
 INFO LOG: May__4_20:51: Loading items.rb
 INFO LOG: May__4_20:51: Loading spells.rb
 INFO LOG: May__4_20:51: Loading all zones.
 INFO LOG: May__4_20:51: Starting server.
 INFO LOG: May__4_20:51: CoralMUD is now up on port 4000.
 INFO LOG: May__4_20:51: -- 76.202.141.206:59744 connected to CoralMUD!
 INFO LOG: May__4_20:51: -- 76.202.141.206:59744: Retnur is trying to connect.
 INFO LOG: May__4_20:51: -- 76.202.141.206:59744: Retnur player file found.
 INFO LOG: May__4_20:51: -- Retnur has entered the game.
 INFO LOG: May__4_20:51: Processed query: ["sword"]
 INFO LOG: May__4_20:51: Processed query: ["sword"]
 INFO LOG: May__4_20:51: array found.
 INFO LOG: May__4_20:51: initialize: {:name=>:name, :id=>:id}
 INFO LOG: May__4_20:51: pushing {:name=>:to_s, :id=>:__id__}
 INFO LOG: May__4_20:51: initialize: {:name=>:to_s, :id=>:__id__}
 INFO LOG: May__4_20:51: inmatch: {:name=>:name, :id=>:id}
 INFO LOG: May__4_20:51: -- #<Player:0x00000001b9d448>:76.202.141.206:59744 disconnected from CoralMUD!
 INFO LOG: May__4_20:52: Logging enabled.   Loading logs.rb.
 INFO LOG: May__4_20:52: Loading facade.rb
 INFO LOG: May__4_20:52: Loading query_list.rb
 INFO LOG: May__4_20:52: Loading utils.rb
 INFO LOG: May__4_20:53: Logging enabled.   Loading logs.rb.
 INFO LOG: May__4_20:53: Loading facade.rb
 INFO LOG: May__4_20:53: Loading query_list.rb
 INFO LOG: May__4_20:53: Loading utils.rb
 INFO LOG: May__4_20:53: Loading constants.rb
 INFO LOG: May__4_20:53: Loading class_property.rb
 INFO LOG: May__4_20:53: Loading scripts.rb
 INFO LOG: May__4_20:53: Loading tags.rb
 INFO LOG: May__4_20:53: Loading editor/editors.rb
 INFO LOG: May__4_20:53: Loading editor/editor.strings.rb
 INFO LOG: May__4_20:53: Loading editor/editor.rooms.rb
 INFO LOG: May__4_20:53: Loading editor/editor.exits.rb
 INFO LOG: May__4_20:53: Loading editor/editor.zones.rb
 INFO LOG: May__4_20:53: Loading editor/editor.npc.rb
 INFO LOG: May__4_20:53: Loading editor/editor.items.rb
 INFO LOG: May__4_20:53: Loading mxp.rb
 INFO LOG: May__4_20:53: Loading mccp.rb
 INFO LOG: May__4_20:53: Loading flags.rb
 INFO LOG: May__4_20:53: Loading damage.rb
 INFO LOG: May__4_20:53: Loading areas.rb
 INFO LOG: May__4_20:53: Loading event.rb
 INFO LOG: May__4_20:53: Loading automap/automap.rb
 INFO LOG: May__4_20:53: Loading cities.olc.rb
 INFO LOG: May__4_20:53: Loading cities.rb
 INFO LOG: May__4_20:53: Loading sector definitions.
 INFO LOG: May__4_20:53: Loading help.rb
 INFO LOG: May__4_20:53: Loading imcruby.rb
 INFO LOG: May__4_20:53: Loading player.rb
 INFO LOG: May__4_20:53: Loading commands.rb
 INFO LOG: May__4_20:53: Loading random.rb
 INFO LOG: May__4_20:53: Loading npc.rb
 INFO LOG: May__4_20:53: Loading items.rb
 INFO LOG: May__4_20:53: Loading spells.rb
 INFO LOG: May__4_20:53: Loading all zones.
 INFO LOG: May__4_20:53: Starting server.
 INFO LOG: May__4_20:53: CoralMUD is now up on port 4000.
 INFO LOG: May__4_20:53: -- 76.202.141.206:35287 connected to CoralMUD!
 INFO LOG: May__4_20:53: -- 76.202.141.206:35287: Retnur is trying to connect.
 INFO LOG: May__4_20:53: -- 76.202.141.206:35287: Retnur player file found.
 INFO LOG: May__4_20:53: -- Retnur has entered the game.
 INFO LOG: May__4_20:53: Processed query: ["sword"]
 INFO LOG: May__4_20:53: Processed query: ["sword"]
 INFO LOG: May__4_20:53: array found.
 INFO LOG: May__4_20:53: initialize: {:name=>:name, :id=>:id}
 INFO LOG: May__4_20:53: pushing {:name=>:to_s, :id=>:__id__}
 INFO LOG: May__4_20:53: initialize: {:name=>:to_s, :id=>:__id__}
 INFO LOG: May__4_20:53: inmatch: {:name=>:name, :id=>:id}
 INFO LOG: May__4_20:53: -- #<Player:0x000000025ce840>:76.202.141.206:35287 disconnected from CoralMUD!
 INFO LOG: May__4_20:58: Logging enabled.   Loading logs.rb.
 INFO LOG: May__4_20:58: Loading facade.rb
 INFO LOG: May__4_20:58: Loading query_list.rb
 INFO LOG: May__4_20:58: Loading utils.rb
 INFO LOG: May__4_20:58: Loading constants.rb
 INFO LOG: May__4_20:58: Loading class_property.rb
 INFO LOG: May__4_20:58: Loading scripts.rb
 INFO LOG: May__4_20:58: Loading tags.rb
 INFO LOG: May__4_20:58: Loading editor/editors.rb
 INFO LOG: May__4_20:58: Loading editor/editor.strings.rb
 INFO LOG: May__4_20:58: Loading editor/editor.rooms.rb
 INFO LOG: May__4_20:58: Loading editor/editor.exits.rb
 INFO LOG: May__4_20:58: Loading editor/editor.zones.rb
 INFO LOG: May__4_20:58: Loading editor/editor.npc.rb
 INFO LOG: May__4_20:58: Loading editor/editor.items.rb
 INFO LOG: May__4_20:58: Loading mxp.rb
 INFO LOG: May__4_20:58: Loading mccp.rb
 INFO LOG: May__4_20:58: Loading flags.rb
 INFO LOG: May__4_20:58: Loading damage.rb
 INFO LOG: May__4_20:58: Loading areas.rb
 INFO LOG: May__4_20:58: Loading event.rb
 INFO LOG: May__4_20:58: Loading automap/automap.rb
 INFO LOG: May__4_20:58: Loading cities.olc.rb
 INFO LOG: May__4_20:58: Loading cities.rb
 INFO LOG: May__4_20:58: Loading sector definitions.
 INFO LOG: May__4_20:58: Loading help.rb
 INFO LOG: May__4_20:58: Loading imcruby.rb
 INFO LOG: May__4_20:58: Loading player.rb
 INFO LOG: May__4_20:58: Loading commands.rb
 INFO LOG: May__4_20:58: Loading random.rb
 INFO LOG: May__4_20:58: Loading npc.rb
 INFO LOG: May__4_20:58: Loading items.rb
 INFO LOG: May__4_20:58: Loading spells.rb
 INFO LOG: May__4_20:58: Loading all zones.
 INFO LOG: May__4_20:58: Starting server.
 INFO LOG: May__4_20:58: CoralMUD is now up on port 4000.
 INFO LOG: May__4_20:58: -- 76.202.141.206:38051 connected to CoralMUD!
 INFO LOG: May__4_20:58: -- 76.202.141.206:38051: Retnur is trying to connect.
 INFO LOG: May__4_20:58: -- 76.202.141.206:38051: Retnur player file found.
 INFO LOG: May__4_20:58: -- Retnur has entered the game.
 INFO LOG: May__4_20:59: Processed query: ["sword"]
 INFO LOG: May__4_20:59: Processed query: ["sword"]
 INFO LOG: May__4_20:59: array found.
 INFO LOG: May__4_20:59: initialize: {:name=>:to_s, :id=>:__id__}
 INFO LOG: May__4_20:59: initialize: {:name=>:to_s, :id=>:__id__}
 INFO LOG: May__4_20:59: inmatch: {:name=>:to_s, :id=>:__id__}
 INFO LOG: May__4_20:59: Nominated found: []
 INFO LOG: May__4_20:59: initialize: {:name=>:name, :id=>:id}
 INFO LOG: May__4_20:59: initialize: {:name=>:name, :id=>:id}
 INFO LOG: May__4_20:59: Processed query: ["sword"]
 INFO LOG: May__4_20:59: Processed query: ["sword"]
 INFO LOG: May__4_20:59: array found.
 INFO LOG: May__4_20:59: initialize: {:name=>:to_s, :id=>:__id__}
 INFO LOG: May__4_20:59: initialize: {:name=>:to_s, :id=>:__id__}
 INFO LOG: May__4_20:59: inmatch: {:name=>:to_s, :id=>:__id__}
 INFO LOG: May__4_20:59: Nominated found: []
 INFO LOG: May__4_20:59: initialize: {:name=>:name, :id=>:id}
 INFO LOG: May__4_20:59: initialize: {:name=>:name, :id=>:id}
 INFO LOG: May__4_20:59: inmatch: {:name=>:name, :id=>:id}
 INFO LOG: May__4_20:59: Processed query: ["sword"]
 INFO LOG: May__4_20:59: Processed query: ["sword"]
 INFO LOG: May__4_20:59: array found.
 INFO LOG: May__4_20:59: initialize: {:name=>:to_s, :id=>:__id__}
 INFO LOG: May__4_20:59: initialize: {:name=>:to_s, :id=>:__id__}
 INFO LOG: May__4_20:59: inmatch: {:name=>:to_s, :id=>:__id__}
 INFO LOG: May__4_20:59: Nominated found: []
 INFO LOG: May__4_20:59: initialize: {:name=>:name, :id=>:id}
 INFO LOG: May__4_20:59: initialize: {:name=>:name, :id=>:id}
 INFO LOG: May__4_20:59: inmatch: {:name=>:name, :id=>:id}
 INFO LOG: May__4_20:59: Processed query: ["inventory", "sword"]
 INFO LOG: May__4_20:59: Processed query: ["inventory"]
 INFO LOG: May__4_20:59: array found.
 INFO LOG: May__4_20:59: initialize: {:name=>:to_s, :id=>:__id__}
 INFO LOG: May__4_20:59: initialize: {:name=>:to_s, :id=>:__id__}
 INFO LOG: May__4_20:59: inmatch: {:name=>:to_s, :id=>:__id__}
 INFO LOG: May__4_20:59: -- #<Player:0x00000000cfab98>:76.202.141.206:38051 disconnected from CoralMUD!
 INFO LOG: May__4_21:00: Logging enabled.   Loading logs.rb.
 INFO LOG: May__4_21:00: Loading facade.rb
 INFO LOG: May__4_21:00: Loading query_list.rb
 INFO LOG: May__4_21:01: Logging enabled.   Loading logs.rb.
 INFO LOG: May__4_21:01: Loading facade.rb
 INFO LOG: May__4_21:01: Loading query_list.rb
 INFO LOG: May__4_21:01: Loading utils.rb
 INFO LOG: May__4_21:01: Loading constants.rb
 INFO LOG: May__4_21:01: Loading class_property.rb
 INFO LOG: May__4_21:01: Loading scripts.rb
 INFO LOG: May__4_21:01: Loading tags.rb
 INFO LOG: May__4_21:01: Loading editor/editors.rb
 INFO LOG: May__4_21:01: Loading editor/editor.strings.rb
 INFO LOG: May__4_21:01: Loading editor/editor.rooms.rb
 INFO LOG: May__4_21:01: Loading editor/editor.exits.rb
 INFO LOG: May__4_21:01: Loading editor/editor.zones.rb
 INFO LOG: May__4_21:01: Loading editor/editor.npc.rb
 INFO LOG: May__4_21:01: Loading editor/editor.items.rb
 INFO LOG: May__4_21:01: Loading mxp.rb
 INFO LOG: May__4_21:01: Loading mccp.rb
 INFO LOG: May__4_21:01: Loading flags.rb
 INFO LOG: May__4_21:01: Loading damage.rb
 INFO LOG: May__4_21:01: Loading areas.rb
 INFO LOG: May__4_21:01: Loading event.rb
 INFO LOG: May__4_21:01: Loading automap/automap.rb
 INFO LOG: May__4_21:01: Loading cities.olc.rb
 INFO LOG: May__4_21:01: Loading cities.rb
 INFO LOG: May__4_21:01: Loading sector definitions.
 INFO LOG: May__4_21:01: Loading help.rb
 INFO LOG: May__4_21:01: Loading imcruby.rb
 INFO LOG: May__4_21:01: Loading player.rb
 INFO LOG: May__4_21:01: Loading commands.rb
 INFO LOG: May__4_21:01: Loading random.rb
 INFO LOG: May__4_21:01: Loading npc.rb
 INFO LOG: May__4_21:01: Loading items.rb
 INFO LOG: May__4_21:01: Loading spells.rb
 INFO LOG: May__4_21:01: Loading all zones.
 INFO LOG: May__4_21:01: Starting server.
 INFO LOG: May__4_21:01: CoralMUD is now up on port 4000.
 INFO LOG: May__4_21:01: -- 76.202.141.206:52318 connected to CoralMUD!
 INFO LOG: May__4_21:01: -- :76.202.141.206:52318 disconnected from CoralMUD!
 INFO LOG: May__4_21:01: -- 76.202.141.206:47712 connected to CoralMUD!
 INFO LOG: May__4_21:01: -- 76.202.141.206:47712: Retnur is trying to connect.
 INFO LOG: May__4_21:01: -- 76.202.141.206:47712: Retnur player file found.
 INFO LOG: May__4_21:01: -- Retnur has entered the game.
 INFO LOG: May__4_21:01: Processed query: ["inventory", "sword"]
 INFO LOG: May__4_21:01: Processed query: ["inventory"]
 INFO LOG: May__4_21:01: array found.
 INFO LOG: May__4_21:01: initialize: {:name=>:to_s, :id=>:__id__}
 INFO LOG: May__4_21:01: initialize: {:name=>:to_s, :id=>:__id__}
 INFO LOG: May__4_21:01: inmatch: {:name=>:to_s, :id=>:__id__}
 INFO LOG: May__4_21:01: Nominated found: ["inventory"]
 INFO LOG: May__4_21:01: initialize: {:name=>:name, :id=>:id}
 INFO LOG: May__4_21:01: initialize: {:name=>:name, :id=>:id}
 INFO LOG: May__4_21:01: initialize: {:name=>:name, :id=>:id}
 INFO LOG: May__4_21:01: initialize: {:name=>:name, :id=>:id}
 INFO LOG: May__4_21:02: Processed query: ["inventory", "bag", "sword"]
 INFO LOG: May__4_21:02: Processed query: ["inventory"]
 INFO LOG: May__4_21:02: array found.
 INFO LOG: May__4_21:02: initialize: {:name=>:to_s, :id=>:__id__}
 INFO LOG: May__4_21:02: initialize: {:name=>:to_s, :id=>:__id__}
 INFO LOG: May__4_21:02: inmatch: {:name=>:to_s, :id=>:__id__}
 INFO LOG: May__4_21:02: Nominated found: ["inventory"]
 INFO LOG: May__4_21:02: initialize: {:name=>:name, :id=>:id}
 INFO LOG: May__4_21:02: initialize: {:name=>:name, :id=>:id}
 INFO LOG: May__4_21:02: initialize: {:name=>:name, :id=>:id}
 INFO LOG: May__4_21:02: initialize: {:name=>:name, :id=>:id}
 INFO LOG: May__4_21:02: initialize: {:name=>:name, :id=>:id}
 INFO LOG: May__4_21:02: initialize: {:name=>:name, :id=>:id}
 INFO LOG: May__4_21:02: Processed query: ["sword"]
 INFO LOG: May__4_21:02: Processed query: ["sword"]
 INFO LOG: May__4_21:02: array found.
 INFO LOG: May__4_21:02: initialize: {:name=>:to_s, :id=>:__id__}
 INFO LOG: May__4_21:02: initialize: {:name=>:to_s, :id=>:__id__}
 INFO LOG: May__4_21:02: inmatch: {:name=>:to_s, :id=>:__id__}
 INFO LOG: May__4_21:02: Nominated found: []
 INFO LOG: May__4_21:02: initialize: {:name=>:name, :id=>:id}
 INFO LOG: May__4_21:02: initialize: {:name=>:name, :id=>:id}
 INFO LOG: May__4_21:02: inmatch: {:name=>:name, :id=>:id}
 INFO LOG: May__4_21:02: inmatch: {:name=>:name, :id=>:id}
 INFO LOG: May__4_21:02: Processed query: ["in"]
 INFO LOG: May__4_21:02: Processed query: ["in"]
 INFO LOG: May__4_21:02: array found.
 INFO LOG: May__4_21:02: initialize: {:name=>:to_s, :id=>:__id__}
 INFO LOG: May__4_21:02: initialize: {:name=>:to_s, :id=>:__id__}
 INFO LOG: May__4_21:02: inmatch: {:name=>:to_s, :id=>:__id__}
 INFO LOG: May__4_21:02: Nominated found: ["inventory"]
 INFO LOG: May__4_21:02: initialize: {:name=>:name, :id=>:id}
 INFO LOG: May__4_21:02: initialize: {:name=>:name, :id=>:id}
 INFO LOG: May__4_21:02: inmatch: {:name=>:name, :id=>:id}
 INFO LOG: May__4_21:02: inmatch: {:name=>:name, :id=>:id}
 INFO LOG: May__4_21:02: Processed query: ["sword"]
 INFO LOG: May__4_21:02: Processed query: ["sword"]
 INFO LOG: May__4_21:02: array found.
 INFO LOG: May__4_21:02: initialize: {:name=>:to_s, :id=>:__id__}
 INFO LOG: May__4_21:02: initialize: {:name=>:to_s, :id=>:__id__}
 INFO LOG: May__4_21:02: inmatch: {:name=>:to_s, :id=>:__id__}
 INFO LOG: May__4_21:02: Nominated found: []
 INFO LOG: May__4_21:02: initialize: {:name=>:name, :id=>:id}
 INFO LOG: May__4_21:02: initialize: {:name=>:name, :id=>:id}
 INFO LOG: May__4_21:02: inmatch: {:name=>:name, :id=>:id}
 INFO LOG: May__4_21:02: inmatch: {:name=>:name, :id=>:id}
 INFO LOG: May__4_21:02: Processed query: ["bag"]
 INFO LOG: May__4_21:02: Processed query: ["bag"]
 INFO LOG: May__4_21:02: array found.
 INFO LOG: May__4_21:02: initialize: {:name=>:to_s, :id=>:__id__}
 INFO LOG: May__4_21:02: initialize: {:name=>:to_s, :id=>:__id__}
 INFO LOG: May__4_21:02: inmatch: {:name=>:to_s, :id=>:__id__}
 INFO LOG: May__4_21:02: Nominated found: []
 INFO LOG: May__4_21:02: initialize: {:name=>:name, :id=>:id}
 INFO LOG: May__4_21:02: initialize: {:name=>:name, :id=>:id}
 INFO LOG: May__4_21:02: inmatch: {:name=>:name, :id=>:id}
 INFO LOG: May__4_21:02: inmatch: {:name=>:name, :id=>:id}
 INFO LOG: May__4_21:03: Processed query: ["inventory", "bag", "sword"]
 INFO LOG: May__4_21:03: Processed query: ["inventory"]
 INFO LOG: May__4_21:03: array found.
 INFO LOG: May__4_21:03: initialize: {:name=>:to_s, :id=>:__id__}
 INFO LOG: May__4_21:03: initialize: {:name=>:to_s, :id=>:__id__}
 INFO LOG: May__4_21:03: inmatch: {:name=>:to_s, :id=>:__id__}
 INFO LOG: May__4_21:03: Nominated found: ["inventory"]
 INFO LOG: May__4_21:03: initialize: {:name=>:name, :id=>:id}
 INFO LOG: May__4_21:03: initialize: {:name=>:name, :id=>:id}
 INFO LOG: May__4_21:03: inmatch: {:name=>:name, :id=>:id}
 INFO LOG: May__4_21:03: initialize: {:name=>:name, :id=>:id}
 INFO LOG: May__4_21:03: initialize: {:name=>:name, :id=>:id}
 INFO LOG: May__4_21:03: initialize: {:name=>:name, :id=>:id}
 INFO LOG: May__4_21:03: initialize: {:name=>:name, :id=>:id}
 INFO LOG: May__4_21:03: tick!!!
 INFO LOG: May__4_21:03: Processed query: ["bag"]
 INFO LOG: May__4_21:03: Processed query: ["bag"]
 INFO LOG: May__4_21:03: array found.
 INFO LOG: May__4_21:03: initialize: {:name=>:to_s, :id=>:__id__}
 INFO LOG: May__4_21:03: initialize: {:name=>:to_s, :id=>:__id__}
 INFO LOG: May__4_21:03: inmatch: {:name=>:to_s, :id=>:__id__}
 INFO LOG: May__4_21:03: Nominated found: []
 INFO LOG: May__4_21:03: initialize: {:name=>:name, :id=>:id}
 INFO LOG: May__4_21:03: initialize: {:name=>:name, :id=>:id}
 INFO LOG: May__4_21:03: inmatch: {:name=>:name, :id=>:id}
 INFO LOG: May__4_21:03: Processed query: ["room", "bag", "sword"]
 INFO LOG: May__4_21:03: Processed query: ["room"]
 INFO LOG: May__4_21:03: array found.
 INFO LOG: May__4_21:03: initialize: {:name=>:to_s, :id=>:__id__}
 INFO LOG: May__4_21:03: initialize: {:name=>:to_s, :id=>:__id__}
 INFO LOG: May__4_21:03: inmatch: {:name=>:to_s, :id=>:__id__}
 INFO LOG: May__4_21:03: Nominated found: ["room"]
 INFO LOG: May__4_21:03: initialize: {:name=>:name, :id=>:id}
 INFO LOG: May__4_21:03: initialize: {:name=>:name, :id=>:id}
 INFO LOG: May__4_21:03: inmatch: {:name=>:name, :id=>:id}
 INFO LOG: May__4_21:03: initialize: {:name=>:name, :id=>:id}
 INFO LOG: May__4_21:03: initialize: {:name=>:name, :id=>:id}
 INFO LOG: May__4_21:03: initialize: {:name=>:name, :id=>:id}
 INFO LOG: May__4_21:03: initialize: {:name=>:name, :id=>:id}
 INFO LOG: May__4_21:04: Processed query: ["bag", "sword"]
 INFO LOG: May__4_21:04: Processed query: ["bag"]
 INFO LOG: May__4_21:04: array found.
 INFO LOG: May__4_21:04: initialize: {:name=>:to_s, :id=>:__id__}
 INFO LOG: May__4_21:04: initialize: {:name=>:to_s, :id=>:__id__}
 INFO LOG: May__4_21:04: inmatch: {:name=>:to_s, :id=>:__id__}
 INFO LOG: May__4_21:04: Nominated found: []
 INFO LOG: May__4_21:04: initialize: {:name=>:name, :id=>:id}
 INFO LOG: May__4_21:04: initialize: {:name=>:name, :id=>:id}
 INFO LOG: May__4_21:04: inmatch: {:name=>:name, :id=>:id}
 INFO LOG: May__4_21:04: initialize: {:name=>:name, :id=>:id}
 INFO LOG: May__4_21:04: initialize: {:name=>:name, :id=>:id}
 INFO LOG: May__4_21:04: inmatch: {:name=>:name, :id=>:id}
 INFO LOG: May__4_21:04: Loading query_list.rb
 INFO LOG: May__4_21:05: -- #<Player:0x00000001ce5080>:76.202.141.206:47712 disconnected from CoralMUD!
 INFO LOG: May__4_21:05: Logging enabled.   Loading logs.rb.
 INFO LOG: May__4_21:05: Loading facade.rb
 INFO LOG: May__4_21:05: Loading query_list.rb
 INFO LOG: May__4_21:05: Loading utils.rb
 INFO LOG: May__4_21:05: Loading constants.rb
 INFO LOG: May__4_21:05: Loading class_property.rb
 INFO LOG: May__4_21:05: Loading scripts.rb
 INFO LOG: May__4_21:05: Loading tags.rb
 INFO LOG: May__4_21:05: Loading editor/editors.rb
 INFO LOG: May__4_21:05: Loading editor/editor.strings.rb
 INFO LOG: May__4_21:05: Loading editor/editor.rooms.rb
 INFO LOG: May__4_21:05: Loading editor/editor.exits.rb
 INFO LOG: May__4_21:05: Loading editor/editor.zones.rb
 INFO LOG: May__4_21:05: Loading editor/editor.npc.rb
 INFO LOG: May__4_21:05: Loading editor/editor.items.rb
 INFO LOG: May__4_21:05: Loading mxp.rb
 INFO LOG: May__4_21:05: Loading mccp.rb
 INFO LOG: May__4_21:05: Loading flags.rb
 INFO LOG: May__4_21:05: Loading damage.rb
 INFO LOG: May__4_21:05: Loading areas.rb
 INFO LOG: May__4_21:05: Loading event.rb
 INFO LOG: May__4_21:05: Loading automap/automap.rb
 INFO LOG: May__4_21:05: Loading cities.olc.rb
 INFO LOG: May__4_21:05: Loading cities.rb
 INFO LOG: May__4_21:05: Loading sector definitions.
 INFO LOG: May__4_21:05: Loading help.rb
 INFO LOG: May__4_21:05: Loading imcruby.rb
 INFO LOG: May__4_21:05: Loading player.rb
 INFO LOG: May__4_21:05: Loading commands.rb
 INFO LOG: May__4_21:05: Loading random.rb
 INFO LOG: May__4_21:05: Loading npc.rb
 INFO LOG: May__4_21:05: Loading items.rb
 INFO LOG: May__4_21:05: Loading spells.rb
 INFO LOG: May__4_21:05: Loading all zones.
 INFO LOG: May__4_21:05: Starting server.
 INFO LOG: May__4_21:05: CoralMUD is now up on port 4000.
 INFO LOG: May__4_21:05: -- 76.202.141.206:51281 connected to CoralMUD!
 INFO LOG: May__4_21:05: -- 76.202.141.206:51281: Retnur is trying to connect.
 INFO LOG: May__4_21:05: -- 76.202.141.206:51281: Retnur player file found.
 INFO LOG: May__4_21:05: -- Retnur has entered the game.
 INFO LOG: May__4_21:05: Processed query: ["sword"]
 INFO LOG: May__4_21:05: Processed query: ["sword"]
 INFO LOG: May__4_21:05: array found.
 INFO LOG: May__4_21:05: initialize: {:name=>:to_s, :id=>:__id__}
 INFO LOG: May__4_21:05: initialize: {:name=>:to_s, :id=>:__id__}
 INFO LOG: May__4_21:05: inmatch: {:name=>:to_s, :id=>:__id__}
 INFO LOG: May__4_21:05: Nominated found: []
 INFO LOG: May__4_21:05: initialize: {:name=>:name, :id=>:id}
 INFO LOG: May__4_21:05: initialize: {:name=>:name, :id=>:id}
 INFO LOG: May__4_21:05: inmatch: {:name=>:name, :id=>:id}
 INFO LOG: May__4_21:05: Processed query: ["in"]
 INFO LOG: May__4_21:05: Processed query: ["in"]
 INFO LOG: May__4_21:05: array found.
 INFO LOG: May__4_21:05: initialize: {:name=>:to_s, :id=>:__id__}
 INFO LOG: May__4_21:05: initialize: {:name=>:to_s, :id=>:__id__}
 INFO LOG: May__4_21:05: inmatch: {:name=>:to_s, :id=>:__id__}
 INFO LOG: May__4_21:05: Nominated found: ["inventory"]
 INFO LOG: May__4_21:05: nominated contents: [#<ItemFacade:0x000000027c1580 @id=1352, @hides=#<Item:0x00000002b94270 @name="steel sword", @type=:trash, @namespace=#<Zone:0x000000031d64f8 @name="The First Area", @when=1273025100, @vtag=#<Tag:0x000000031d5d00 @vtag=[["first", "area"]]>, @rooms=nil, @items=nil, @npcs=nil, @namespace=nil>, @vtag=#<Tag:0x00000002b92218 @vtag=[["steel", "sword"]]>, @flags=nil>>]
 INFO LOG: May__4_21:05: initialize: {:name=>:name, :id=>:id}
 INFO LOG: May__4_21:05: initialize: {:name=>:name, :id=>:id}
 INFO LOG: May__4_21:05: inmatch: {:name=>:name, :id=>:id}
 INFO LOG: May__4_21:05: Processed query: ["sword"]
 INFO LOG: May__4_21:05: Processed query: ["sword"]
 INFO LOG: May__4_21:05: array found.
 INFO LOG: May__4_21:05: initialize: {:name=>:to_s, :id=>:__id__}
 INFO LOG: May__4_21:05: initialize: {:name=>:to_s, :id=>:__id__}
 INFO LOG: May__4_21:05: inmatch: {:name=>:to_s, :id=>:__id__}
 INFO LOG: May__4_21:05: Nominated found: []
 INFO LOG: May__4_21:05: initialize: {:name=>:name, :id=>:id}
 INFO LOG: May__4_21:05: initialize: {:name=>:name, :id=>:id}
 INFO LOG: May__4_21:05: inmatch: {:name=>:name, :id=>:id}
 INFO LOG: May__4_21:05: inmatch: {:name=>:name, :id=>:id}
 INFO LOG: May__4_21:05: Processed query: ["in"]
 INFO LOG: May__4_21:05: Processed query: ["in"]
 INFO LOG: May__4_21:05: array found.
 INFO LOG: May__4_21:05: initialize: {:name=>:to_s, :id=>:__id__}
 INFO LOG: May__4_21:05: initialize: {:name=>:to_s, :id=>:__id__}
 INFO LOG: May__4_21:05: inmatch: {:name=>:to_s, :id=>:__id__}
 INFO LOG: May__4_21:05: Nominated found: ["inventory"]
 INFO LOG: May__4_21:05: nominated contents: [#<ItemFacade:0x000000027c1580 @id=1352, @hides=#<Item:0x00000002b94270 @name="steel sword", @type=:trash, @namespace=#<Zone:0x000000031d64f8 @name="The First Area", @when=1273025100, @vtag=#<Tag:0x000000031d5d00 @vtag=[["first", "area"]]>, @rooms=nil, @items=nil, @npcs=nil, @namespace=nil>, @vtag=#<Tag:0x00000002b92218 @vtag=[["steel", "sword"]]>, @flags=nil>>, #<ItemFacade:0x00000002b76c98 @id=1353, @hides=#<Item:0x00000002b54e18 @name="small bag", @type=:trash, @namespace=#<Zone:0x000000031d64f8 @name="The First Area", @when=1273025100, @vtag=#<Tag:0x000000031d5d00 @vtag=[["first", "area"]]>, @rooms=nil, @items=nil, @npcs=nil, @namespace=nil>, @vtag=#<Tag:0x00000002b548f0 @vtag=[["small", "bag"]]>, @flags=nil>>]
 INFO LOG: May__4_21:05: initialize: {:name=>:name, :id=>:id}
 INFO LOG: May__4_21:05: initialize: {:name=>:name, :id=>:id}
 INFO LOG: May__4_21:05: inmatch: {:name=>:name, :id=>:id}
 INFO LOG: May__4_21:05: inmatch: {:name=>:name, :id=>:id}
 INFO LOG: May__4_21:06: Processed query: ["sword"]
 INFO LOG: May__4_21:06: Processed query: ["sword"]
 INFO LOG: May__4_21:06: array found.
 INFO LOG: May__4_21:06: initialize: {:name=>:to_s, :id=>:__id__}
 INFO LOG: May__4_21:06: initialize: {:name=>:to_s, :id=>:__id__}
 INFO LOG: May__4_21:06: inmatch: {:name=>:to_s, :id=>:__id__}
 INFO LOG: May__4_21:06: Nominated found: []
 INFO LOG: May__4_21:06: initialize: {:name=>:name, :id=>:id}
 INFO LOG: May__4_21:06: initialize: {:name=>:name, :id=>:id}
 INFO LOG: May__4_21:06: inmatch: {:name=>:name, :id=>:id}
 INFO LOG: May__4_21:06: inmatch: {:name=>:name, :id=>:id}
 INFO LOG: May__4_21:06: Processed query: ["bag"]
 INFO LOG: May__4_21:06: Processed query: ["bag"]
 INFO LOG: May__4_21:06: array found.
 INFO LOG: May__4_21:06: initialize: {:name=>:to_s, :id=>:__id__}
 INFO LOG: May__4_21:06: initialize: {:name=>:to_s, :id=>:__id__}
 INFO LOG: May__4_21:06: inmatch: {:name=>:to_s, :id=>:__id__}
 INFO LOG: May__4_21:06: Nominated found: []
 INFO LOG: May__4_21:06: initialize: {:name=>:name, :id=>:id}
 INFO LOG: May__4_21:06: initialize: {:name=>:name, :id=>:id}
 INFO LOG: May__4_21:06: inmatch: {:name=>:name, :id=>:id}
 INFO LOG: May__4_21:06: inmatch: {:name=>:name, :id=>:id}
 INFO LOG: May__4_21:06: Processed query: ["bag"]
 INFO LOG: May__4_21:06: Processed query: ["bag"]
 INFO LOG: May__4_21:06: array found.
 INFO LOG: May__4_21:06: initialize: {:name=>:to_s, :id=>:__id__}
 INFO LOG: May__4_21:06: initialize: {:name=>:to_s, :id=>:__id__}
 INFO LOG: May__4_21:06: inmatch: {:name=>:to_s, :id=>:__id__}
 INFO LOG: May__4_21:06: Nominated found: []
 INFO LOG: May__4_21:06: initialize: {:name=>:name, :id=>:id}
 INFO LOG: May__4_21:06: initialize: {:name=>:name, :id=>:id}
 INFO LOG: May__4_21:06: inmatch: {:name=>:name, :id=>:id}
 INFO LOG: May__4_21:06: Processed query: ["bag", "sword"]
 INFO LOG: May__4_21:06: Processed query: ["bag"]
 INFO LOG: May__4_21:06: array found.
 INFO LOG: May__4_21:06: initialize: {:name=>:to_s, :id=>:__id__}
 INFO LOG: May__4_21:06: initialize: {:name=>:to_s, :id=>:__id__}
 INFO LOG: May__4_21:06: inmatch: {:name=>:to_s, :id=>:__id__}
 INFO LOG: May__4_21:06: Nominated found: []
 INFO LOG: May__4_21:06: initialize: {:name=>:name, :id=>:id}
 INFO LOG: May__4_21:06: initialize: {:name=>:name, :id=>:id}
 INFO LOG: May__4_21:06: inmatch: {:name=>:name, :id=>:id}
 INFO LOG: May__4_21:06: initialize: {:name=>:name, :id=>:id}
 INFO LOG: May__4_21:06: initialize: {:name=>:name, :id=>:id}
 INFO LOG: May__4_21:06: inmatch: {:name=>:name, :id=>:id}
 INFO LOG: May__4_21:06: Processed query: ["bag", "sword"]
 INFO LOG: May__4_21:06: Processed query: ["bag"]
 INFO LOG: May__4_21:06: array found.
 INFO LOG: May__4_21:06: initialize: {:name=>:to_s, :id=>:__id__}
 INFO LOG: May__4_21:06: initialize: {:name=>:to_s, :id=>:__id__}
 INFO LOG: May__4_21:06: inmatch: {:name=>:to_s, :id=>:__id__}
 INFO LOG: May__4_21:06: Nominated found: []
 INFO LOG: May__4_21:06: initialize: {:name=>:name, :id=>:id}
 INFO LOG: May__4_21:06: initialize: {:name=>:name, :id=>:id}
 INFO LOG: May__4_21:06: inmatch: {:name=>:name, :id=>:id}
 INFO LOG: May__4_21:06: initialize: {:name=>:name, :id=>:id}
 INFO LOG: May__4_21:06: initialize: {:name=>:name, :id=>:id}
 INFO LOG: May__4_21:06: inmatch: {:name=>:name, :id=>:id}
 INFO LOG: May__4_21:06: Processed query: ["room", "bag", "sword"]
 INFO LOG: May__4_21:06: Processed query: ["room"]
 INFO LOG: May__4_21:06: array found.
 INFO LOG: May__4_21:06: initialize: {:name=>:to_s, :id=>:__id__}
 INFO LOG: May__4_21:06: initialize: {:name=>:to_s, :id=>:__id__}
 INFO LOG: May__4_21:06: inmatch: {:name=>:to_s, :id=>:__id__}
 INFO LOG: May__4_21:06: Nominated found: ["room"]
 INFO LOG: May__4_21:06: nominated contents: [#<ItemFacade:0x00000002b76c98 @id=1353, @hides=#<Item:0x00000002b54e18 @name="small bag", @type=:trash, @namespace=#<Zone:0x000000031d64f8 @name="The First Area", @when=1273025100, @vtag=#<Tag:0x000000031d5d00 @vtag=[["first", "area"]]>, @rooms=nil, @items=nil, @npcs=nil, @namespace=nil>, @vtag=#<Tag:0x00000002b548f0 @vtag=[["small", "bag"]]>, @flags=nil>, @stuff=[#<ItemFacade:0x000000027c1580 @id=1352, @hides=#<Item:0x00000002b94270 @name="steel sword", @type=:trash, @namespace=#<Zone:0x000000031d64f8 @name="The First Area", @when=1273025100, @vtag=#<Tag:0x000000031d5d00 @vtag=[["first", "area"]]>, @rooms=nil, @items=nil, @npcs=nil, @namespace=nil>, @vtag=#<Tag:0x00000002b92218 @vtag=[["steel", "sword"]]>, @flags=nil>>]>]
 INFO LOG: May__4_21:06: initialize: {:name=>:name, :id=>:id}
 INFO LOG: May__4_21:06: initialize: {:name=>:name, :id=>:id}
 INFO LOG: May__4_21:06: inmatch: {:name=>:name, :id=>:id}
 INFO LOG: May__4_21:06: initialize: {:name=>:name, :id=>:id}
 INFO LOG: May__4_21:06: initialize: {:name=>:name, :id=>:id}
 INFO LOG: May__4_21:06: initialize: {:name=>:name, :id=>:id}
 INFO LOG: May__4_21:06: initialize: {:name=>:name, :id=>:id}
 INFO LOG: May__4_21:07: tick!!!
 INFO LOG: May__4_21:07: -- #<Player:0x000000029b1868>:76.202.141.206:51281 disconnected from CoralMUD!
 INFO LOG: May__4_21:07: Logging enabled.   Loading logs.rb.
 INFO LOG: May__4_21:07: Loading facade.rb
 INFO LOG: May__4_21:07: Loading query_list.rb
 INFO LOG: May__4_21:07: Loading utils.rb
 INFO LOG: May__4_21:07: Loading constants.rb
 INFO LOG: May__4_21:07: Loading class_property.rb
 INFO LOG: May__4_21:07: Loading scripts.rb
 INFO LOG: May__4_21:07: Loading tags.rb
 INFO LOG: May__4_21:07: Loading editor/editors.rb
 INFO LOG: May__4_21:07: Loading editor/editor.strings.rb
 INFO LOG: May__4_21:07: Loading editor/editor.rooms.rb
 INFO LOG: May__4_21:07: Loading editor/editor.exits.rb
 INFO LOG: May__4_21:07: Loading editor/editor.zones.rb
 INFO LOG: May__4_21:07: Loading editor/editor.npc.rb
 INFO LOG: May__4_21:07: Loading editor/editor.items.rb
 INFO LOG: May__4_21:07: Loading mxp.rb
 INFO LOG: May__4_21:07: Loading mccp.rb
 INFO LOG: May__4_21:07: Loading flags.rb
 INFO LOG: May__4_21:07: Loading damage.rb
 INFO LOG: May__4_21:07: Loading areas.rb
 INFO LOG: May__4_21:07: Loading event.rb
 INFO LOG: May__4_21:07: Loading automap/automap.rb
 INFO LOG: May__4_21:07: Loading cities.olc.rb
 INFO LOG: May__4_21:07: Loading cities.rb
 INFO LOG: May__4_21:07: Loading sector definitions.
 INFO LOG: May__4_21:07: Loading help.rb
 INFO LOG: May__4_21:07: Loading imcruby.rb
 INFO LOG: May__4_21:07: Loading player.rb
 INFO LOG: May__4_21:07: Loading commands.rb
 INFO LOG: May__4_21:07: Loading random.rb
 INFO LOG: May__4_21:07: Loading npc.rb
 INFO LOG: May__4_21:07: Loading items.rb
 INFO LOG: May__4_21:07: Loading spells.rb
 INFO LOG: May__4_21:07: Loading all zones.
 INFO LOG: May__4_21:07: Starting server.
 INFO LOG: May__4_21:07: CoralMUD is now up on port 4000.
 INFO LOG: May__4_21:09: tick!!!
 INFO LOG: May__4_21:09: -- 76.202.141.206:47202 connected to CoralMUD!
 INFO LOG: May__4_21:09: -- 76.202.141.206:47202: Retnur is trying to connect.
 INFO LOG: May__4_21:09: -- 76.202.141.206:47202: Retnur player file found.
 INFO LOG: May__4_21:09: -- Retnur has entered the game.
 INFO LOG: May__4_21:09: Processed query: ["sword"]
 INFO LOG: May__4_21:09: Processed query: ["sword"]
 INFO LOG: May__4_21:09: array found.
 INFO LOG: May__4_21:09: initialize: {:name=>:to_s, :id=>:__id__}
 INFO LOG: May__4_21:09: initialize: {:name=>:to_s, :id=>:__id__}
 INFO LOG: May__4_21:09: inmatch: {:name=>:to_s, :id=>:__id__}
 INFO LOG: May__4_21:09: Nominated found: []
 INFO LOG: May__4_21:09: initialize: {:name=>:name, :id=>:id}
 INFO LOG: May__4_21:09: initialize: {:name=>:name, :id=>:id}
 INFO LOG: May__4_21:09: inmatch: {:name=>:name, :id=>:id}
 INFO LOG: May__4_21:09: inmatch: {:name=>:name, :id=>:id}
 INFO LOG: May__4_21:09: inmatch: {:name=>:name, :id=>:id}
 INFO LOG: May__4_21:09: Processed query: ["bag"]
 INFO LOG: May__4_21:09: Processed query: ["bag"]
 INFO LOG: May__4_21:09: array found.
 INFO LOG: May__4_21:09: initialize: {:name=>:to_s, :id=>:__id__}
 INFO LOG: May__4_21:09: initialize: {:name=>:to_s, :id=>:__id__}
 INFO LOG: May__4_21:09: inmatch: {:name=>:to_s, :id=>:__id__}
 INFO LOG: May__4_21:09: Nominated found: []
 INFO LOG: May__4_21:09: initialize: {:name=>:name, :id=>:id}
 INFO LOG: May__4_21:09: initialize: {:name=>:name, :id=>:id}
 INFO LOG: May__4_21:09: inmatch: {:name=>:name, :id=>:id}
 INFO LOG: May__4_21:09: inmatch: {:name=>:name, :id=>:id}
 INFO LOG: May__4_21:09: inmatch: {:name=>:name, :id=>:id}
 INFO LOG: May__4_21:09: Processed query: ["bag"]
 INFO LOG: May__4_21:09: Processed query: ["bag"]
 INFO LOG: May__4_21:09: array found.
 INFO LOG: May__4_21:09: initialize: {:name=>:to_s, :id=>:__id__}
 INFO LOG: May__4_21:09: initialize: {:name=>:to_s, :id=>:__id__}
 INFO LOG: May__4_21:09: inmatch: {:name=>:to_s, :id=>:__id__}
 INFO LOG: May__4_21:09: Nominated found: []
 INFO LOG: May__4_21:09: initialize: {:name=>:name, :id=>:id}
 INFO LOG: May__4_21:09: initialize: {:name=>:name, :id=>:id}
 INFO LOG: May__4_21:09: inmatch: {:name=>:name, :id=>:id}
 INFO LOG: May__4_21:09: inmatch: {:name=>:name, :id=>:id}
 INFO LOG: May__4_21:09: Processed query: ["2.bag"]
 INFO LOG: May__4_21:09: Processed query: ["2.bag"]
 INFO LOG: May__4_21:09: array found.
 INFO LOG: May__4_21:09: initialize: {:name=>:to_s, :id=>:__id__}
 INFO LOG: May__4_21:09: initialize: {:name=>:to_s, :id=>:__id__}
 INFO LOG: May__4_21:09: inmatch: {:name=>:to_s, :id=>:__id__}
 INFO LOG: May__4_21:09: Nominated found: []
 INFO LOG: May__4_21:09: initialize: {:name=>:name, :id=>:id}
 INFO LOG: May__4_21:09: initialize: {:name=>:name, :id=>:id}
 INFO LOG: May__4_21:09: inmatch: {:name=>:name, :id=>:id}
 INFO LOG: May__4_21:09: inmatch: {:name=>:name, :id=>:id}
 INFO LOG: May__4_21:09: Processed query: ["bag"]
 INFO LOG: May__4_21:09: Processed query: ["bag"]
 INFO LOG: May__4_21:09: array found.
 INFO LOG: May__4_21:09: initialize: {:name=>:to_s, :id=>:__id__}
 INFO LOG: May__4_21:09: initialize: {:name=>:to_s, :id=>:__id__}
 INFO LOG: May__4_21:09: inmatch: {:name=>:to_s, :id=>:__id__}
 INFO LOG: May__4_21:09: Nominated found: []
 INFO LOG: May__4_21:09: initialize: {:name=>:name, :id=>:id}
 INFO LOG: May__4_21:09: initialize: {:name=>:name, :id=>:id}
 INFO LOG: May__4_21:09: inmatch: {:name=>:name, :id=>:id}
 INFO LOG: May__4_21:09: Processed query: ["bag", "bag", "sword"]
 INFO LOG: May__4_21:09: Processed query: ["bag"]
 INFO LOG: May__4_21:09: array found.
 INFO LOG: May__4_21:09: initialize: {:name=>:to_s, :id=>:__id__}
 INFO LOG: May__4_21:09: initialize: {:name=>:to_s, :id=>:__id__}
 INFO LOG: May__4_21:09: inmatch: {:name=>:to_s, :id=>:__id__}
 INFO LOG: May__4_21:09: Nominated found: []
 INFO LOG: May__4_21:09: initialize: {:name=>:name, :id=>:id}
 INFO LOG: May__4_21:09: initialize: {:name=>:name, :id=>:id}
 INFO LOG: May__4_21:09: inmatch: {:name=>:name, :id=>:id}
 INFO LOG: May__4_21:09: initialize: {:name=>:name, :id=>:id}
 INFO LOG: May__4_21:09: initialize: {:name=>:name, :id=>:id}
 INFO LOG: May__4_21:09: inmatch: {:name=>:name, :id=>:id}
 INFO LOG: May__4_21:09: initialize: {:name=>:name, :id=>:id}
 INFO LOG: May__4_21:09: initialize: {:name=>:name, :id=>:id}
 INFO LOG: May__4_21:09: inmatch: {:name=>:name, :id=>:id}
 INFO LOG: May__4_21:10: Processed query: ["room", "bag"]
 INFO LOG: May__4_21:10: Processed query: ["room"]
 INFO LOG: May__4_21:10: array found.
 INFO LOG: May__4_21:10: initialize: {:name=>:to_s, :id=>:__id__}
 INFO LOG: May__4_21:10: initialize: {:name=>:to_s, :id=>:__id__}
 INFO LOG: May__4_21:10: inmatch: {:name=>:to_s, :id=>:__id__}
 INFO LOG: May__4_21:10: Nominated found: ["room"]
 INFO LOG: May__4_21:10: nominated contents: [#<ItemFacade:0x0000000118f9d8 @id=1356, @hides=#<Item:0x0000000118ee48 @name="small bag", @type=:trash, @namespace=#<Zone:0x0000000176c950 @name="The First Area", @when=1273025233, @vtag=#<Tag:0x0000000176c108 @vtag=[["first", "area"]]>, @rooms=nil, @items=nil, @npcs=nil, @namespace=nil>, @vtag=#<Tag:0x0000000118e920 @vtag=[["small", "bag"]]>, @flags=nil>, @stuff=[#<ItemFacade:0x000000011b45a8 @id=1355, @hides=#<Item:0x0000000118ee48 @name="small bag", @type=:trash, @namespace=#<Zone:0x0000000176c950 @name="The First Area", @when=1273025233, @vtag=#<Tag:0x0000000176c108 @vtag=[["first", "area"]]>, @rooms=nil, @items=nil, @npcs=nil, @namespace=nil>, @vtag=#<Tag:0x0000000118e920 @vtag=[["small", "bag"]]>, @flags=nil>, @stuff=[#<ItemFacade:0x0000000121b618 @id=1354, @hides=#<Item:0x00000001198678 @name="steel sword", @type=:trash, @namespace=#<Zone:0x0000000176c950 @name="The First Area", @when=1273025233, @vtag=#<Tag:0x0000000176c108 @vtag=[["first", "area"]]>, @rooms=nil, @items=nil, @npcs=nil, @namespace=nil>, @vtag=#<Tag:0x00000001198150 @vtag=[["steel", "sword"]]>, @flags=nil>>]>]>]
 INFO LOG: May__4_21:10: initialize: {:name=>:name, :id=>:id}
 INFO LOG: May__4_21:10: initialize: {:name=>:name, :id=>:id}
 INFO LOG: May__4_21:10: inmatch: {:name=>:name, :id=>:id}
 INFO LOG: May__4_21:10: initialize: {:name=>:name, :id=>:id}
 INFO LOG: May__4_21:10: initialize: {:name=>:name, :id=>:id}
 INFO LOG: May__4_21:11: tick!!!
 INFO LOG: May__4_21:12: Loading query_list.rb
 INFO LOG: May__4_21:12: Processed query: ["room", "bag"]
 INFO LOG: May__4_21:12: Processed query: ["room"]
 INFO LOG: May__4_21:12: array found.
 INFO LOG: May__4_21:12: initialize: {:name=>:to_s, :id=>:__id__}
 INFO LOG: May__4_21:12: initialize: {:name=>:to_s, :id=>:__id__}
 INFO LOG: May__4_21:12: inmatch: {:name=>:to_s, :id=>:__id__}
 INFO LOG: May__4_21:12: Nominated found: ["room"]
 INFO LOG: May__4_21:12: initialize: {:name=>:name, :id=>:id}
 INFO LOG: May__4_21:12: initialize: {:name=>:name, :id=>:id}
 INFO LOG: May__4_21:12: inmatch: {:name=>:name, :id=>:id}
 INFO LOG: May__4_21:12: initialize: {:name=>:name, :id=>:id}
 INFO LOG: May__4_21:12: initialize: {:name=>:name, :id=>:id}
 INFO LOG: May__4_21:13: tick!!!
 INFO LOG: May__4_21:15: Loading query_list.rb
 INFO LOG: May__4_21:15: tick!!!
 INFO LOG: May__4_21:15: -- #<Player:0x0000000142e518>:76.202.141.206:47202 disconnected from CoralMUD!
 INFO LOG: May__4_21:15: Logging enabled.   Loading logs.rb.
 INFO LOG: May__4_21:15: Loading facade.rb
 INFO LOG: May__4_21:15: Loading query_list.rb
 INFO LOG: May__4_21:15: Loading utils.rb
 INFO LOG: May__4_21:15: Loading constants.rb
 INFO LOG: May__4_21:15: Loading class_property.rb
 INFO LOG: May__4_21:15: Loading scripts.rb
 INFO LOG: May__4_21:15: Loading tags.rb
 INFO LOG: May__4_21:15: Loading editor/editors.rb
 INFO LOG: May__4_21:15: Loading editor/editor.strings.rb
 INFO LOG: May__4_21:15: Loading editor/editor.rooms.rb
 INFO LOG: May__4_21:15: Loading editor/editor.exits.rb
 INFO LOG: May__4_21:15: Loading editor/editor.zones.rb
 INFO LOG: May__4_21:15: Loading editor/editor.npc.rb
 INFO LOG: May__4_21:15: Loading editor/editor.items.rb
 INFO LOG: May__4_21:15: Loading mxp.rb
 INFO LOG: May__4_21:15: Loading mccp.rb
 INFO LOG: May__4_21:15: Loading flags.rb
 INFO LOG: May__4_21:15: Loading damage.rb
 INFO LOG: May__4_21:15: Loading areas.rb
 INFO LOG: May__4_21:15: Loading event.rb
 INFO LOG: May__4_21:15: Loading automap/automap.rb
 INFO LOG: May__4_21:15: Loading cities.olc.rb
 INFO LOG: May__4_21:15: Loading cities.rb
 INFO LOG: May__4_21:15: Loading sector definitions.
 INFO LOG: May__4_21:15: Loading help.rb
 INFO LOG: May__4_21:15: Loading imcruby.rb
 INFO LOG: May__4_21:15: Loading player.rb
 INFO LOG: May__4_21:15: Loading commands.rb
 INFO LOG: May__4_21:15: Loading random.rb
 INFO LOG: May__4_21:15: Loading npc.rb
 INFO LOG: May__4_21:15: Loading items.rb
 INFO LOG: May__4_21:15: Loading spells.rb
 INFO LOG: May__4_21:15: Loading all zones.
 INFO LOG: May__4_21:15: Starting server.
 INFO LOG: May__4_21:15: CoralMUD is now up on port 4000.
 INFO LOG: May__4_21:15: -- 76.202.141.206:54390 connected to CoralMUD!
 INFO LOG: May__4_21:15: -- :76.202.141.206:54390 disconnected from CoralMUD!
 INFO LOG: May__4_21:15: -- 76.202.141.206:38382 connected to CoralMUD!
 INFO LOG: May__4_21:15: -- 76.202.141.206:38382: Retnur is trying to connect.
 INFO LOG: May__4_21:15: -- 76.202.141.206:38382: Retnur player file found.
 INFO LOG: May__4_21:15: -- Retnur has entered the game.
 INFO LOG: May__4_21:16: -- #<Player:0x00000001978708>:76.202.141.206:38382 disconnected from CoralMUD!
 INFO LOG: May__4_21:16: Program closed.
 INFO LOG: May__4_22:08: Logging enabled.   Loading logs.rb.
 INFO LOG: May__4_22:08: Loading facade.rb
 INFO LOG: May__4_22:08: Loading query_list.rb
 INFO LOG: May__4_22:08: Loading utils.rb
 INFO LOG: May__4_22:08: Loading constants.rb
 INFO LOG: May__4_22:08: Loading class_property.rb
 INFO LOG: May__4_22:08: Loading scripts.rb
 INFO LOG: May__4_22:08: Loading tags.rb
 INFO LOG: May__4_22:08: Loading editor/editors.rb
 INFO LOG: May__4_22:08: Loading editor/editor.strings.rb
 INFO LOG: May__4_22:08: Loading editor/editor.rooms.rb
 INFO LOG: May__4_22:08: Loading editor/editor.exits.rb
 INFO LOG: May__4_22:08: Loading editor/editor.zones.rb
 INFO LOG: May__4_22:08: Loading editor/editor.npc.rb
 INFO LOG: May__4_22:08: Loading editor/editor.items.rb
 INFO LOG: May__4_22:08: Loading mxp.rb
 INFO LOG: May__4_22:08: Loading mccp.rb
 INFO LOG: May__4_22:08: Loading flags.rb
 INFO LOG: May__4_22:08: Loading damage.rb
 INFO LOG: May__4_22:08: Loading areas.rb
 INFO LOG: May__4_22:08: Loading event.rb
 INFO LOG: May__4_22:08: Loading automap/automap.rb
 INFO LOG: May__4_22:08: Loading cities.olc.rb
 INFO LOG: May__4_22:08: Loading cities.rb
 INFO LOG: May__4_22:08: Loading sector definitions.
 INFO LOG: May__4_22:08: Loading help.rb
 INFO LOG: May__4_22:08: Loading imcruby.rb
 INFO LOG: May__4_22:08: Loading player.rb
 INFO LOG: May__4_22:08: Loading commands.rb
 INFO LOG: May__4_22:08: Loading random.rb
 INFO LOG: May__4_22:08: Loading npc.rb
 INFO LOG: May__4_22:08: Loading items.rb
 INFO LOG: May__4_22:08: Loading spells.rb
 INFO LOG: May__4_22:08: Loading all zones.
 INFO LOG: May__4_22:08: Starting server.
 INFO LOG: May__4_22:09: CoralMUD is now up on port 4000.
 INFO LOG: May__4_22:09: -- 76.202.141.206:33169 connected to CoralMUD!
 INFO LOG: May__4_22:09: -- 76.202.141.206:33169: Retnur is trying to connect.
 INFO LOG: May__4_22:09: -- 76.202.141.206:33169: Retnur player file found.
 INFO LOG: May__4_22:09: -- Retnur has entered the game.
 INFO LOG: May__4_22:10: tick!!!
 INFO LOG: May__4_22:12: tick!!!
 INFO LOG: May__4_22:14: tick!!!
 INFO LOG: May__4_22:16: tick!!!
 INFO LOG: May__4_22:18: tick!!!
 INFO LOG: May__4_22:20: tick!!!
 INFO LOG: May__4_22:22: tick!!!
 INFO LOG: May__4_22:24: tick!!!
 INFO LOG: May__4_22:26: tick!!!
 INFO LOG: May__4_22:28: tick!!!
 INFO LOG: May__4_22:29: Loading query_list.rb
 INFO LOG: May__4_22:30: tick!!!
 INFO LOG: May__4_22:32: tick!!!
 INFO LOG: May__4_22:34: tick!!!
 INFO LOG: May__4_22:36: tick!!!
 INFO LOG: May__4_22:38: tick!!!
 INFO LOG: May__4_22:41: tick!!!
 INFO LOG: May__4_22:43: tick!!!
 INFO LOG: May__4_22:45: tick!!!
 INFO LOG: May__4_22:47: tick!!!
 INFO LOG: May__4_22:49: tick!!!
 INFO LOG: May__4_22:51: tick!!!
 INFO LOG: May__4_22:53: tick!!!
 INFO LOG: May__4_22:55: tick!!!
 INFO LOG: May__4_22:57: tick!!!
 INFO LOG: May__4_22:59: tick!!!
 INFO LOG: May__4_23:01: tick!!!
 INFO LOG: May__4_23:03: tick!!!
 INFO LOG: May__4_23:05: tick!!!
 INFO LOG: May__4_23:07: tick!!!
 INFO LOG: May__4_23:09: tick!!!
 INFO LOG: May__4_23:11: tick!!!
 INFO LOG: May__4_23:13: tick!!!
 INFO LOG: May__4_23:15: tick!!!
 INFO LOG: May__4_23:17: tick!!!
 INFO LOG: May__4_23:19: tick!!!
 INFO LOG: May__4_23:21: tick!!!
 INFO LOG: May__4_23:23: tick!!!
 INFO LOG: May__4_23:25: tick!!!
 INFO LOG: May__4_23:27: tick!!!
 INFO LOG: May__4_23:29: tick!!!
 INFO LOG: May__4_23:31: tick!!!
 INFO LOG: May__4_23:33: tick!!!
 INFO LOG: May__4_23:35: tick!!!
 INFO LOG: May__4_23:37: tick!!!
 INFO LOG: May__4_23:39: tick!!!
 INFO LOG: May__4_23:41: tick!!!
 INFO LOG: May__4_23:43: tick!!!
 INFO LOG: May__4_23:45: tick!!!
 INFO LOG: May__4_23:47: tick!!!
 INFO LOG: May__4_23:49: tick!!!
 INFO LOG: May__4_23:51: tick!!!
 INFO LOG: May__4_23:53: tick!!!
 INFO LOG: May__4_23:55: tick!!!
 INFO LOG: May__4_23:57: tick!!!
 INFO LOG: May__4_23:59: tick!!!
 INFO LOG: May__5_00:01: tick!!!
 INFO LOG: May__5_00:03: tick!!!
 INFO LOG: May__5_00:05: tick!!!
 INFO LOG: May__5_00:07: tick!!!
 INFO LOG: May__5_00:09: tick!!!
 INFO LOG: May__5_00:11: tick!!!
 INFO LOG: May__5_00:13: tick!!!
 INFO LOG: May__5_00:15: tick!!!
 INFO LOG: May__5_00:17: tick!!!
 INFO LOG: May__5_00:19: tick!!!
 INFO LOG: May__5_00:21: tick!!!
 INFO LOG: May__5_00:23: tick!!!
 INFO LOG: May__5_00:24: -- #<Player:0x0000000196cb60>:76.202.141.206:33169 disconnected from CoralMUD!
