 INFO LOG: May_30_21:13: Logging enabled.   Loading logs.rb.
 INFO LOG: May_30_21:13: Loading spellcheck.rb
 INFO LOG: May_30_21:13: Loading facade.rb
 INFO LOG: May_30_21:13: Loading query_list.rb
 INFO LOG: May_30_21:13: Loading utils.rb
 INFO LOG: May_30_21:13: Loading constants.rb
 INFO LOG: May_30_21:13: Loading damage.rb
 INFO LOG: May_30_21:13: Loading class_property.rb
 INFO LOG: May_30_21:13: Loading scripts.rb
 INFO LOG: May_30_21:13: Loading tags.rb
 INFO LOG: May_30_21:13: Loading editor/editors.rb
 INFO LOG: May_30_21:13: Loading editor/editor.strings.rb
 INFO LOG: May_30_21:13: Loading editor/editor.rooms.rb
 INFO LOG: May_30_21:13: Loading editor/editor.exits.rb
 INFO LOG: May_30_21:13: Loading editor/editor.zones.rb
 INFO LOG: May_30_21:13: Loading editor/editor.npc.rb
 INFO LOG: May_30_21:13: Loading editor/editor.items.rb
 INFO LOG: May_30_21:13: Loading editor/editor.socials.rb
 INFO LOG: May_30_21:13: Loading socials.rb
 INFO LOG: May_30_21:13: Loading mxp.rb
 INFO LOG: May_30_21:13: Loading mccp.rb
 INFO LOG: May_30_21:13: Loading flags.rb
 INFO LOG: May_30_21:13: Loading areas.rb
 INFO LOG: May_30_21:13: Loading security.rb
 INFO LOG: May_30_21:13: Loading resets.rb
 INFO LOG: May_30_21:13: Loading event.rb
 INFO LOG: May_30_21:13: Loading automap/automap.rb
 INFO LOG: May_30_21:13: Loading cities.rb
 INFO LOG: May_30_21:13: Loading sector definitions.
 INFO LOG: May_30_21:13: Loading help.rb
 INFO LOG: May_30_21:13: Loading imcruby.rb
 INFO LOG: May_30_21:13: Loading player.rb
 INFO LOG: May_30_21:13: Loading commands.rb
 INFO LOG: May_30_21:13: Loading editor/editor.player.rb
 INFO LOG: May_30_21:13: Loading random.rb
 INFO LOG: May_30_21:13: Loading npc.rb
 INFO LOG: May_30_21:13: Loading items/types.rb
 INFO LOG: May_30_21:13: Loading items/items.rb
 INFO LOG: May_30_21:13: Loading spells.rb
 INFO LOG: May_30_21:13: Loading all zones.
 INFO LOG: May_30_21:13: Loading all socials.
 INFO LOG: May_30_21:13: Upgrading database
 INFO LOG: May_30_21:13: Starting server.
 INFO LOG: May_30_21:13: CoralMUD is now up on port 4000.
 INFO LOG: May_30_21:13: -- 76.202.141.206:49396 connected to CoralMUD!
 INFO LOG: May_30_21:13: -- 76.202.141.206:49396: () Invalid name in character creation.
 INFO LOG: May_30_21:13: -- 76.202.141.206:49396: () Invalid name in character creation.
 INFO LOG: May_30_21:13: -- 76.202.141.206:49396: Retnur is trying to connect.
 INFO LOG: May_30_21:13: -- 76.202.141.206:49396: Retnur player file found.
 INFO LOG: May_30_21:13: -- Retnur has entered the game.
 INFO LOG: May_30_21:13: saving #<Player:0x00000002624560> to database.
 INFO LOG: May_30_21:15: tick!!!
 INFO LOG: May_30_21:15: saving #<Player:0x00000002624560> to database.
 INFO LOG: May_30_21:17: tick!!!
 INFO LOG: May_30_21:17: saving #<Player:0x00000002624560> to database.
 INFO LOG: May_30_21:19: tick!!!
 INFO LOG: May_30_21:19: saving #<Player:0x00000002624560> to database.
 INFO LOG: May_30_21:21: tick!!!
 INFO LOG: May_30_21:21: saving #<Player:0x00000002624560> to database.
 INFO LOG: May_30_21:23: tick!!!
 INFO LOG: May_30_21:23: saving #<Player:0x00000002624560> to database.
 INFO LOG: May_30_21:25: Loading commands.rb
 INFO LOG: May_30_21:25: tick!!!
 INFO LOG: May_30_21:25: saving #<Player:0x00000002624560> to database.
 INFO LOG: May_30_21:26: -- #<Player:0x00000002624560>:76.202.141.206:49396 disconnected from CoralMUD!
 INFO LOG: May_30_21:26: Logging enabled.   Loading logs.rb.
 INFO LOG: May_30_21:26: Loading spellcheck.rb
 INFO LOG: May_30_21:26: Loading facade.rb
 INFO LOG: May_30_21:26: Loading query_list.rb
 INFO LOG: May_30_21:26: Loading utils.rb
 INFO LOG: May_30_21:26: Loading constants.rb
 INFO LOG: May_30_21:26: Loading damage.rb
 INFO LOG: May_30_21:26: Loading class_property.rb
 INFO LOG: May_30_21:26: Loading scripts.rb
 INFO LOG: May_30_21:26: Loading tags.rb
 INFO LOG: May_30_21:26: Loading editor/editors.rb
 INFO LOG: May_30_21:26: Loading editor/editor.strings.rb
 INFO LOG: May_30_21:26: Loading editor/editor.rooms.rb
 INFO LOG: May_30_21:26: Loading editor/editor.exits.rb
 INFO LOG: May_30_21:26: Loading editor/editor.zones.rb
 INFO LOG: May_30_21:26: Loading editor/editor.npc.rb
 INFO LOG: May_30_21:26: Loading editor/editor.items.rb
 INFO LOG: May_30_21:26: Loading editor/editor.socials.rb
 INFO LOG: May_30_21:26: Loading socials.rb
 INFO LOG: May_30_21:26: Loading mxp.rb
 INFO LOG: May_30_21:26: Loading mccp.rb
 INFO LOG: May_30_21:26: Loading flags.rb
 INFO LOG: May_30_21:26: Loading areas.rb
 INFO LOG: May_30_21:26: Loading security.rb
 INFO LOG: May_30_21:26: Loading resets.rb
 INFO LOG: May_30_21:26: Loading event.rb
 INFO LOG: May_30_21:26: Loading automap/automap.rb
 INFO LOG: May_30_21:26: Loading cities.rb
 INFO LOG: May_30_21:26: Loading sector definitions.
 INFO LOG: May_30_21:26: Loading help.rb
 INFO LOG: May_30_21:26: Loading imcruby.rb
 INFO LOG: May_30_21:26: Loading player.rb
 INFO LOG: May_30_21:26: Loading commands.rb
 INFO LOG: May_30_21:26: Loading editor/editor.player.rb
 INFO LOG: May_30_21:26: Loading random.rb
 INFO LOG: May_30_21:26: Loading npc.rb
 INFO LOG: May_30_21:26: Loading items/types.rb
 INFO LOG: May_30_21:26: Loading items/items.rb
 INFO LOG: May_30_21:26: Loading spells.rb
 INFO LOG: May_30_21:26: Loading all zones.
 INFO LOG: May_30_21:26: Loading all socials.
 INFO LOG: May_30_21:26: Upgrading database
 INFO LOG: May_30_21:26: Starting server.
 INFO LOG: May_30_21:26: CoralMUD is now up on port 4000.
 INFO LOG: May_30_21:26: -- 76.202.141.206:59218 connected to CoralMUD!
 INFO LOG: May_30_21:26: -- 76.202.141.206:59218: () Invalid name in character creation.
 INFO LOG: May_30_21:26: -- 76.202.141.206:59218: () Invalid name in character creation.
 INFO LOG: May_30_21:26: -- 76.202.141.206:59218: Retnur is trying to connect.
 INFO LOG: May_30_21:26: -- 76.202.141.206:59218: Retnur player file found.
 INFO LOG: May_30_21:26: -- Retnur has entered the game.
 INFO LOG: May_30_21:26: saving #<Player:0x00000001d4f8b8> to database.
ERROR LOG: undefined method `continue' for #<Fiber:0x00000001ca0c00>
ERROR LOG: lib/commands.rb:17:in `resume'
ERROR LOG: lib/commands/commands.rb:8:in `block in cmd_commands'
ERROR LOG: lib/commands/commands.rb:6:in `each'
ERROR LOG: lib/commands/commands.rb:6:in `cmd_commands'
ERROR LOG: lib/commands.rb:323:in `execute_command'
ERROR LOG: core/socketengine.rb:170:in `block in handle_cmd_input'
ERROR LOG: core/socketengine.rb:169:in `times'
ERROR LOG: core/socketengine.rb:169:in `handle_cmd_input'
ERROR LOG: core/socketengine.rb:133:in `receive_data'
ERROR LOG: /home/heath/.rvm/gems/ruby-1.9.2-preview1/gems/eventmachine-0.12.10/lib/eventmachine.rb:256:in `run_machine'
ERROR LOG: /home/heath/.rvm/gems/ruby-1.9.2-preview1/gems/eventmachine-0.12.10/lib/eventmachine.rb:256:in `run'
ERROR LOG: coral.rb:176:in `<main>'
 INFO LOG: May_30_21:27: Loading commands.rb
ERROR LOG: undefined method `%' for nil:NilClass
ERROR LOG: lib/commands.rb:9:in `block (2 levels) in initialize'
ERROR LOG: lib/commands.rb:8:in `loop'
ERROR LOG: lib/commands.rb:8:in `block in initialize'
 INFO LOG: May_30_21:27: -- #<Player:0x00000001d4f8b8>:76.202.141.206:59218 disconnected from CoralMUD!
 INFO LOG: May_30_21:27: Logging enabled.   Loading logs.rb.
 INFO LOG: May_30_21:27: Loading spellcheck.rb
 INFO LOG: May_30_21:27: Loading facade.rb
 INFO LOG: May_30_21:27: Loading query_list.rb
 INFO LOG: May_30_21:27: Loading utils.rb
 INFO LOG: May_30_21:27: Loading constants.rb
 INFO LOG: May_30_21:27: Loading damage.rb
 INFO LOG: May_30_21:27: Loading class_property.rb
 INFO LOG: May_30_21:27: Loading scripts.rb
 INFO LOG: May_30_21:27: Loading tags.rb
 INFO LOG: May_30_21:27: Loading editor/editors.rb
 INFO LOG: May_30_21:27: Loading editor/editor.strings.rb
 INFO LOG: May_30_21:27: Loading editor/editor.rooms.rb
 INFO LOG: May_30_21:27: Loading editor/editor.exits.rb
 INFO LOG: May_30_21:27: Loading editor/editor.zones.rb
 INFO LOG: May_30_21:27: Loading editor/editor.npc.rb
 INFO LOG: May_30_21:27: Loading editor/editor.items.rb
 INFO LOG: May_30_21:27: Loading editor/editor.socials.rb
 INFO LOG: May_30_21:27: Loading socials.rb
 INFO LOG: May_30_21:27: Loading mxp.rb
 INFO LOG: May_30_21:27: Loading mccp.rb
 INFO LOG: May_30_21:27: Loading flags.rb
 INFO LOG: May_30_21:27: Loading areas.rb
 INFO LOG: May_30_21:27: Loading security.rb
 INFO LOG: May_30_21:27: Loading resets.rb
 INFO LOG: May_30_21:27: Loading event.rb
 INFO LOG: May_30_21:27: Loading automap/automap.rb
 INFO LOG: May_30_21:27: Loading cities.rb
 INFO LOG: May_30_21:27: Loading sector definitions.
 INFO LOG: May_30_21:27: Loading help.rb
 INFO LOG: May_30_21:27: Loading imcruby.rb
 INFO LOG: May_30_21:27: Loading player.rb
 INFO LOG: May_30_21:27: Loading commands.rb
 INFO LOG: May_30_21:27: Loading editor/editor.player.rb
 INFO LOG: May_30_21:27: Loading random.rb
 INFO LOG: May_30_21:27: Loading npc.rb
 INFO LOG: May_30_21:27: Loading items/types.rb
 INFO LOG: May_30_21:27: Loading items/items.rb
 INFO LOG: May_30_21:27: Loading spells.rb
 INFO LOG: May_30_21:27: Loading all zones.
 INFO LOG: May_30_21:27: Loading all socials.
 INFO LOG: May_30_21:27: Upgrading database
 INFO LOG: May_30_21:27: Starting server.
 INFO LOG: May_30_21:27: CoralMUD is now up on port 4000.
 INFO LOG: May_30_21:27: -- 76.202.141.206:60519 connected to CoralMUD!
 INFO LOG: May_30_21:27: -- 76.202.141.206:60519: () Invalid name in character creation.
 INFO LOG: May_30_21:27: -- 76.202.141.206:60519: () Invalid name in character creation.
 INFO LOG: May_30_21:27: -- 76.202.141.206:60519: Retnur is trying to connect.
 INFO LOG: May_30_21:27: -- 76.202.141.206:60519: Retnur player file found.
 INFO LOG: May_30_21:27: -- Retnur has entered the game.
 INFO LOG: May_30_21:27: saving #<Player:0x00000002c60438> to database.
ERROR LOG: undefined method `%' for nil:NilClass
ERROR LOG: lib/commands.rb:9:in `block (2 levels) in initialize'
ERROR LOG: lib/commands.rb:8:in `loop'
ERROR LOG: lib/commands.rb:8:in `block in initialize'
 INFO LOG: May_30_21:28: Loading commands.rb
 INFO LOG: May_30_21:28: -- #<Player:0x00000002c60438>:76.202.141.206:60519 disconnected from CoralMUD!
 INFO LOG: May_30_21:28: Logging enabled.   Loading logs.rb.
 INFO LOG: May_30_21:28: Loading spellcheck.rb
 INFO LOG: May_30_21:28: Loading facade.rb
 INFO LOG: May_30_21:28: Loading query_list.rb
 INFO LOG: May_30_21:28: Loading utils.rb
 INFO LOG: May_30_21:28: Loading constants.rb
 INFO LOG: May_30_21:28: Loading damage.rb
 INFO LOG: May_30_21:28: Loading class_property.rb
 INFO LOG: May_30_21:28: Loading scripts.rb
 INFO LOG: May_30_21:28: Loading tags.rb
 INFO LOG: May_30_21:28: Loading editor/editors.rb
 INFO LOG: May_30_21:28: Loading editor/editor.strings.rb
 INFO LOG: May_30_21:28: Loading editor/editor.rooms.rb
 INFO LOG: May_30_21:28: Loading editor/editor.exits.rb
 INFO LOG: May_30_21:28: Loading editor/editor.zones.rb
 INFO LOG: May_30_21:28: Loading editor/editor.npc.rb
 INFO LOG: May_30_21:28: Loading editor/editor.items.rb
 INFO LOG: May_30_21:28: Loading editor/editor.socials.rb
 INFO LOG: May_30_21:28: Loading socials.rb
 INFO LOG: May_30_21:28: Loading mxp.rb
 INFO LOG: May_30_21:28: Loading mccp.rb
 INFO LOG: May_30_21:28: Loading flags.rb
 INFO LOG: May_30_21:28: Loading areas.rb
 INFO LOG: May_30_21:28: Loading security.rb
 INFO LOG: May_30_21:28: Loading resets.rb
 INFO LOG: May_30_21:28: Loading event.rb
 INFO LOG: May_30_21:28: Loading automap/automap.rb
 INFO LOG: May_30_21:28: Loading cities.rb
 INFO LOG: May_30_21:28: Loading sector definitions.
 INFO LOG: May_30_21:28: Loading help.rb
 INFO LOG: May_30_21:28: Loading imcruby.rb
 INFO LOG: May_30_21:28: Loading player.rb
 INFO LOG: May_30_21:28: Loading commands.rb
 INFO LOG: May_30_21:28: Loading editor/editor.player.rb
 INFO LOG: May_30_21:28: Loading random.rb
 INFO LOG: May_30_21:28: Loading npc.rb
 INFO LOG: May_30_21:28: Loading items/types.rb
 INFO LOG: May_30_21:28: Loading items/items.rb
 INFO LOG: May_30_21:28: Loading spells.rb
 INFO LOG: May_30_21:28: Loading all zones.
 INFO LOG: May_30_21:28: Loading all socials.
 INFO LOG: May_30_21:28: Upgrading database
 INFO LOG: May_30_21:28: Starting server.
 INFO LOG: May_30_21:28: CoralMUD is now up on port 4000.
 INFO LOG: May_30_21:28: -- 76.202.141.206:45767 connected to CoralMUD!
 INFO LOG: May_30_21:28: -- 76.202.141.206:45767: () Invalid name in character creation.
 INFO LOG: May_30_21:28: -- 76.202.141.206:45767: () Invalid name in character creation.
 INFO LOG: May_30_21:28: -- 76.202.141.206:45767: Retnur is trying to connect.
 INFO LOG: May_30_21:28: -- 76.202.141.206:45767: Retnur player file found.
 INFO LOG: May_30_21:28: -- Retnur has entered the game.
 INFO LOG: May_30_21:28: saving #<Player:0x000000029442b8> to database.
 INFO LOG: May_30_21:28: saving #<Player:0x000000029442b8> to database.
 INFO LOG: May_30_21:28: Retnur has left the game.
 INFO LOG: May_30_21:28: saving #<Player:0x000000029442b8> to database.
 INFO LOG: May_30_21:28: -- :76.202.141.206:45767 disconnected from CoralMUD!
 INFO LOG: May_30_21:28: -- 76.202.141.206:51726 connected to CoralMUD!
 INFO LOG: May_30_21:28: -- 76.202.141.206:51726: () Invalid name in character creation.
 INFO LOG: May_30_21:28: -- 76.202.141.206:51726: () Invalid name in character creation.
 INFO LOG: May_30_21:28: -- 76.202.141.206:51726: Retnur is trying to connect.
 INFO LOG: May_30_21:28: -- 76.202.141.206:51726: Retnur player file found.
 INFO LOG: May_30_21:28: -- Retnur has entered the game.
 INFO LOG: May_30_21:28: saving #<Player:0x000000028636c8> to database.
 INFO LOG: May_30_21:30: tick!!!
 INFO LOG: May_30_21:30: saving #<Player:0x000000028636c8> to database.
 INFO LOG: May_30_21:32: tick!!!
 INFO LOG: May_30_21:32: saving #<Player:0x000000028636c8> to database.
 INFO LOG: May_30_21:33: Loading commands.rb
 INFO LOG: May_30_21:33: -- #<Player:0x000000028636c8>:76.202.141.206:51726 disconnected from CoralMUD!
 INFO LOG: May_30_21:33: Logging enabled.   Loading logs.rb.
 INFO LOG: May_30_21:33: Loading spellcheck.rb
 INFO LOG: May_30_21:33: Loading facade.rb
 INFO LOG: May_30_21:33: Loading query_list.rb
 INFO LOG: May_30_21:33: Loading utils.rb
 INFO LOG: May_30_21:33: Loading constants.rb
 INFO LOG: May_30_21:33: Loading damage.rb
 INFO LOG: May_30_21:33: Loading class_property.rb
 INFO LOG: May_30_21:33: Loading scripts.rb
 INFO LOG: May_30_21:33: Loading tags.rb
 INFO LOG: May_30_21:33: Loading editor/editors.rb
 INFO LOG: May_30_21:33: Loading editor/editor.strings.rb
 INFO LOG: May_30_21:33: Loading editor/editor.rooms.rb
 INFO LOG: May_30_21:33: Loading editor/editor.exits.rb
 INFO LOG: May_30_21:33: Loading editor/editor.zones.rb
 INFO LOG: May_30_21:33: Loading editor/editor.npc.rb
 INFO LOG: May_30_21:33: Loading editor/editor.items.rb
 INFO LOG: May_30_21:33: Loading editor/editor.socials.rb
 INFO LOG: May_30_21:33: Loading socials.rb
 INFO LOG: May_30_21:33: Loading mxp.rb
 INFO LOG: May_30_21:33: Loading mccp.rb
 INFO LOG: May_30_21:33: Loading flags.rb
 INFO LOG: May_30_21:33: Loading areas.rb
 INFO LOG: May_30_21:33: Loading security.rb
 INFO LOG: May_30_21:33: Loading resets.rb
 INFO LOG: May_30_21:33: Loading event.rb
 INFO LOG: May_30_21:33: Loading automap/automap.rb
 INFO LOG: May_30_21:33: Loading cities.rb
 INFO LOG: May_30_21:33: Loading sector definitions.
 INFO LOG: May_30_21:33: Loading help.rb
 INFO LOG: May_30_21:33: Loading imcruby.rb
 INFO LOG: May_30_21:33: Loading player.rb
 INFO LOG: May_30_21:33: Loading commands.rb
 INFO LOG: May_30_21:33: Loading editor/editor.player.rb
 INFO LOG: May_30_21:33: Loading random.rb
 INFO LOG: May_30_21:33: Loading npc.rb
 INFO LOG: May_30_21:33: Loading items/types.rb
 INFO LOG: May_30_21:33: Loading items/items.rb
 INFO LOG: May_30_21:33: Loading spells.rb
 INFO LOG: May_30_21:33: Loading all zones.
 INFO LOG: May_30_21:33: Loading all socials.
 INFO LOG: May_30_21:33: Upgrading database
 INFO LOG: May_30_21:33: Starting server.
 INFO LOG: May_30_21:33: CoralMUD is now up on port 4000.
 INFO LOG: May_30_21:33: -- 76.202.141.206:37544 connected to CoralMUD!
 INFO LOG: May_30_21:33: -- 76.202.141.206:37544: () Invalid name in character creation.
 INFO LOG: May_30_21:33: -- 76.202.141.206:37544: Retnur is trying to connect.
 INFO LOG: May_30_21:33: -- 76.202.141.206:37544: Retnur player file found.
 INFO LOG: May_30_21:33: -- Retnur has entered the game.
 INFO LOG: May_30_21:33: saving #<Player:0x00000001197200> to database.
 INFO LOG: May_30_21:35: tick!!!
 INFO LOG: May_30_21:35: saving #<Player:0x00000001197200> to database.
 INFO LOG: May_30_21:37: Loading commands.rb
 INFO LOG: May_30_21:37: tick!!!
 INFO LOG: May_30_21:37: saving #<Player:0x00000001197200> to database.
 INFO LOG: May_30_21:39: tick!!!
 INFO LOG: May_30_21:39: saving #<Player:0x00000001197200> to database.
 INFO LOG: May_30_21:40: -- #<Player:0x00000001197200>:76.202.141.206:37544 disconnected from CoralMUD!
 INFO LOG: May_30_21:40: Logging enabled.   Loading logs.rb.
 INFO LOG: May_30_21:40: Loading spellcheck.rb
 INFO LOG: May_30_21:40: Loading facade.rb
 INFO LOG: May_30_21:40: Loading query_list.rb
 INFO LOG: May_30_21:40: Loading utils.rb
 INFO LOG: May_30_21:40: Loading constants.rb
 INFO LOG: May_30_21:40: Loading damage.rb
 INFO LOG: May_30_21:40: Loading class_property.rb
 INFO LOG: May_30_21:40: Loading scripts.rb
 INFO LOG: May_30_21:40: Loading tags.rb
 INFO LOG: May_30_21:40: Loading editor/editors.rb
 INFO LOG: May_30_21:40: Loading editor/editor.strings.rb
 INFO LOG: May_30_21:40: Loading editor/editor.rooms.rb
 INFO LOG: May_30_21:40: Loading editor/editor.exits.rb
 INFO LOG: May_30_21:40: Loading editor/editor.zones.rb
 INFO LOG: May_30_21:40: Loading editor/editor.npc.rb
 INFO LOG: May_30_21:40: Loading editor/editor.items.rb
 INFO LOG: May_30_21:40: Loading editor/editor.socials.rb
 INFO LOG: May_30_21:40: Loading socials.rb
 INFO LOG: May_30_21:40: Loading mxp.rb
 INFO LOG: May_30_21:40: Loading mccp.rb
 INFO LOG: May_30_21:40: Loading flags.rb
 INFO LOG: May_30_21:40: Loading areas.rb
 INFO LOG: May_30_21:40: Loading security.rb
 INFO LOG: May_30_21:40: Loading resets.rb
 INFO LOG: May_30_21:40: Loading event.rb
 INFO LOG: May_30_21:40: Loading automap/automap.rb
 INFO LOG: May_30_21:40: Loading cities.rb
 INFO LOG: May_30_21:40: Loading sector definitions.
 INFO LOG: May_30_21:40: Loading help.rb
 INFO LOG: May_30_21:40: Loading imcruby.rb
 INFO LOG: May_30_21:40: Loading player.rb
 INFO LOG: May_30_21:40: Loading commands.rb
 INFO LOG: May_30_21:40: Loading editor/editor.player.rb
 INFO LOG: May_30_21:40: Loading random.rb
 INFO LOG: May_30_21:40: Loading npc.rb
 INFO LOG: May_30_21:40: Loading items/types.rb
 INFO LOG: May_30_21:40: Loading items/items.rb
 INFO LOG: May_30_21:40: Loading spells.rb
 INFO LOG: May_30_21:40: Loading all zones.
 INFO LOG: May_30_21:40: Loading all socials.
 INFO LOG: May_30_21:40: Upgrading database
 INFO LOG: May_30_21:40: Starting server.
 INFO LOG: May_30_21:40: CoralMUD is now up on port 4000.
 INFO LOG: May_30_21:40: -- 76.202.141.206:53466 connected to CoralMUD!
 INFO LOG: May_30_21:40: -- 76.202.141.206:53466: () Invalid name in character creation.
 INFO LOG: May_30_21:40: -- 76.202.141.206:53466: () Invalid name in character creation.
 INFO LOG: May_30_21:40: -- 76.202.141.206:53466: Retnur is trying to connect.
 INFO LOG: May_30_21:40: -- 76.202.141.206:53466: Retnur player file found.
 INFO LOG: May_30_21:40: -- Retnur has entered the game.
 INFO LOG: May_30_21:40: saving #<Player:0x000000018bbc98> to database.
ERROR LOG: undefined method `count' for #<FormatGenerator:0x000000018792d0>
ERROR LOG: lib/commands/vlist.rb:18:in `cmd_vlist'
ERROR LOG: lib/commands.rb:334:in `execute_command'
ERROR LOG: core/socketengine.rb:170:in `block in handle_cmd_input'
ERROR LOG: core/socketengine.rb:169:in `times'
ERROR LOG: core/socketengine.rb:169:in `handle_cmd_input'
ERROR LOG: core/socketengine.rb:133:in `receive_data'
ERROR LOG: /home/heath/.rvm/gems/ruby-1.9.2-preview1/gems/eventmachine-0.12.10/lib/eventmachine.rb:256:in `run_machine'
ERROR LOG: /home/heath/.rvm/gems/ruby-1.9.2-preview1/gems/eventmachine-0.12.10/lib/eventmachine.rb:256:in `run'
ERROR LOG: coral.rb:176:in `<main>'
 INFO LOG: May_30_21:40: Loading commands.rb
 INFO LOG: May_30_21:42: tick!!!
 INFO LOG: May_30_21:42: saving #<Player:0x000000018bbc98> to database.
 INFO LOG: May_30_21:42: -- #<Player:0x000000018bbc98>:76.202.141.206:53466 disconnected from CoralMUD!
 INFO LOG: May_30_21:42: Logging enabled.   Loading logs.rb.
 INFO LOG: May_30_21:42: Loading spellcheck.rb
 INFO LOG: May_30_21:42: Loading facade.rb
 INFO LOG: May_30_21:42: Loading query_list.rb
 INFO LOG: May_30_21:42: Loading utils.rb
 INFO LOG: May_30_21:42: Loading constants.rb
 INFO LOG: May_30_21:42: Loading damage.rb
 INFO LOG: May_30_21:42: Loading class_property.rb
 INFO LOG: May_30_21:42: Loading scripts.rb
 INFO LOG: May_30_21:42: Loading tags.rb
 INFO LOG: May_30_21:42: Loading editor/editors.rb
 INFO LOG: May_30_21:42: Loading editor/editor.strings.rb
 INFO LOG: May_30_21:42: Loading editor/editor.rooms.rb
 INFO LOG: May_30_21:42: Loading editor/editor.exits.rb
 INFO LOG: May_30_21:42: Loading editor/editor.zones.rb
 INFO LOG: May_30_21:42: Loading editor/editor.npc.rb
 INFO LOG: May_30_21:42: Loading editor/editor.items.rb
 INFO LOG: May_30_21:42: Loading editor/editor.socials.rb
 INFO LOG: May_30_21:42: Loading socials.rb
 INFO LOG: May_30_21:42: Loading mxp.rb
 INFO LOG: May_30_21:42: Loading mccp.rb
 INFO LOG: May_30_21:42: Loading flags.rb
 INFO LOG: May_30_21:42: Loading areas.rb
 INFO LOG: May_30_21:42: Loading security.rb
 INFO LOG: May_30_21:42: Loading resets.rb
 INFO LOG: May_30_21:42: Loading event.rb
 INFO LOG: May_30_21:42: Loading automap/automap.rb
 INFO LOG: May_30_21:42: Loading cities.rb
 INFO LOG: May_30_21:42: Loading sector definitions.
 INFO LOG: May_30_21:42: Loading help.rb
 INFO LOG: May_30_21:42: Loading imcruby.rb
 INFO LOG: May_30_21:42: Loading player.rb
 INFO LOG: May_30_21:42: Loading commands.rb
 INFO LOG: May_30_21:42: Loading editor/editor.player.rb
 INFO LOG: May_30_21:42: Loading random.rb
 INFO LOG: May_30_21:42: Loading npc.rb
 INFO LOG: May_30_21:42: Loading items/types.rb
 INFO LOG: May_30_21:42: Loading items/items.rb
 INFO LOG: May_30_21:42: Loading spells.rb
 INFO LOG: May_30_21:42: Loading all zones.
 INFO LOG: May_30_21:42: Loading all socials.
 INFO LOG: May_30_21:42: Upgrading database
 INFO LOG: May_30_21:42: Starting server.
 INFO LOG: May_30_21:42: CoralMUD is now up on port 4000.
 INFO LOG: May_30_21:42: -- 76.202.141.206:44108 connected to CoralMUD!
 INFO LOG: May_30_21:42: -- 76.202.141.206:44108: () Invalid name in character creation.
 INFO LOG: May_30_21:42: -- 76.202.141.206:44108: () Invalid name in character creation.
 INFO LOG: May_30_21:42: -- 76.202.141.206:44108: Retnur is trying to connect.
 INFO LOG: May_30_21:42: -- 76.202.141.206:44108: Retnur player file found.
 INFO LOG: May_30_21:42: -- Retnur has entered the game.
 INFO LOG: May_30_21:42: saving #<Player:0x00000002146bb0> to database.
ERROR LOG: can't convert Fixnum into String
ERROR LOG: lib/commands/vlist.rb:18:in `+'
ERROR LOG: lib/commands/vlist.rb:18:in `cmd_vlist'
ERROR LOG: lib/commands.rb:334:in `execute_command'
ERROR LOG: core/socketengine.rb:170:in `block in handle_cmd_input'
ERROR LOG: core/socketengine.rb:169:in `times'
ERROR LOG: core/socketengine.rb:169:in `handle_cmd_input'
ERROR LOG: core/socketengine.rb:133:in `receive_data'
ERROR LOG: /home/heath/.rvm/gems/ruby-1.9.2-preview1/gems/eventmachine-0.12.10/lib/eventmachine.rb:256:in `run_machine'
ERROR LOG: /home/heath/.rvm/gems/ruby-1.9.2-preview1/gems/eventmachine-0.12.10/lib/eventmachine.rb:256:in `run'
ERROR LOG: coral.rb:176:in `<main>'
ERROR LOG: can't convert Fixnum into String
ERROR LOG: lib/commands/vlist.rb:18:in `+'
ERROR LOG: lib/commands/vlist.rb:18:in `cmd_vlist'
ERROR LOG: lib/commands.rb:334:in `execute_command'
ERROR LOG: core/socketengine.rb:170:in `block in handle_cmd_input'
ERROR LOG: core/socketengine.rb:169:in `times'
ERROR LOG: core/socketengine.rb:169:in `handle_cmd_input'
ERROR LOG: core/socketengine.rb:133:in `receive_data'
ERROR LOG: /home/heath/.rvm/gems/ruby-1.9.2-preview1/gems/eventmachine-0.12.10/lib/eventmachine.rb:256:in `run_machine'
ERROR LOG: /home/heath/.rvm/gems/ruby-1.9.2-preview1/gems/eventmachine-0.12.10/lib/eventmachine.rb:256:in `run'
ERROR LOG: coral.rb:176:in `<main>'
 INFO LOG: May_30_21:43: -- #<Player:0x00000002146bb0>:76.202.141.206:44108 disconnected from CoralMUD!
 INFO LOG: May_30_21:43: Program closed.
 INFO LOG: May_30_21:43: Logging enabled.   Loading logs.rb.
 INFO LOG: May_30_21:43: Loading spellcheck.rb
 INFO LOG: May_30_21:43: Loading facade.rb
 INFO LOG: May_30_21:43: Loading query_list.rb
 INFO LOG: May_30_21:43: Loading utils.rb
 INFO LOG: May_30_21:43: Loading constants.rb
 INFO LOG: May_30_21:43: Loading damage.rb
 INFO LOG: May_30_21:43: Loading class_property.rb
 INFO LOG: May_30_21:43: Loading scripts.rb
 INFO LOG: May_30_21:43: Loading tags.rb
 INFO LOG: May_30_21:43: Loading editor/editors.rb
 INFO LOG: May_30_21:43: Loading editor/editor.strings.rb
 INFO LOG: May_30_21:43: Loading editor/editor.rooms.rb
 INFO LOG: May_30_21:43: Loading editor/editor.exits.rb
 INFO LOG: May_30_21:43: Loading editor/editor.zones.rb
 INFO LOG: May_30_21:43: Loading editor/editor.npc.rb
 INFO LOG: May_30_21:43: Loading editor/editor.items.rb
 INFO LOG: May_30_21:43: Loading editor/editor.socials.rb
 INFO LOG: May_30_21:43: Loading socials.rb
 INFO LOG: May_30_21:43: Loading mxp.rb
 INFO LOG: May_30_21:43: Loading mccp.rb
 INFO LOG: May_30_21:43: Loading flags.rb
 INFO LOG: May_30_21:43: Loading areas.rb
 INFO LOG: May_30_21:43: Loading security.rb
 INFO LOG: May_30_21:43: Loading resets.rb
 INFO LOG: May_30_21:43: Loading event.rb
 INFO LOG: May_30_21:43: Loading automap/automap.rb
 INFO LOG: May_30_21:43: Loading cities.rb
 INFO LOG: May_30_21:43: Loading sector definitions.
 INFO LOG: May_30_21:43: Loading help.rb
 INFO LOG: May_30_21:43: Loading imcruby.rb
 INFO LOG: May_30_21:43: Loading player.rb
 INFO LOG: May_30_21:43: Loading commands.rb
 INFO LOG: May_30_21:43: Loading editor/editor.player.rb
 INFO LOG: May_30_21:43: Loading random.rb
 INFO LOG: May_30_21:43: Loading npc.rb
 INFO LOG: May_30_21:43: Loading items/types.rb
 INFO LOG: May_30_21:43: Loading items/items.rb
 INFO LOG: May_30_21:43: Loading spells.rb
 INFO LOG: May_30_21:43: Loading all zones.
 INFO LOG: May_30_21:43: Loading all socials.
 INFO LOG: May_30_21:43: Upgrading database
 INFO LOG: May_30_21:43: Starting server.
 INFO LOG: May_30_21:43: CoralMUD is now up on port 4000.
 INFO LOG: May_30_21:43: -- 76.202.141.206:43256 connected to CoralMUD!
 INFO LOG: May_30_21:43: -- 76.202.141.206:43256: Retnur is trying to connect.
 INFO LOG: May_30_21:43: -- 76.202.141.206:43256: Retnur player file found.
 INFO LOG: May_30_21:43: -- Retnur has entered the game.
 INFO LOG: May_30_21:43: saving #<Player:0x00000001a0a860> to database.
 INFO LOG: May_30_21:45: tick!!!
 INFO LOG: May_30_21:45: saving #<Player:0x00000001a0a860> to database.
 INFO LOG: May_30_21:46: saving #<Player:0x00000001a0a860> to database.
 INFO LOG: May_30_21:47: tick!!!
 INFO LOG: May_30_21:47: saving #<Player:0x00000001a0a860> to database.
 INFO LOG: May_30_21:49: tick!!!
 INFO LOG: May_30_21:49: saving #<Player:0x00000001a0a860> to database.
 INFO LOG: May_30_21:51: tick!!!
 INFO LOG: May_30_21:51: saving #<Player:0x00000001a0a860> to database.
 INFO LOG: May_30_21:53: tick!!!
 INFO LOG: May_30_21:53: saving #<Player:0x00000001a0a860> to database.
 INFO LOG: May_30_21:55: tick!!!
 INFO LOG: May_30_21:55: saving #<Player:0x00000001a0a860> to database.
 INFO LOG: May_30_21:57: tick!!!
 INFO LOG: May_30_21:57: saving #<Player:0x00000001a0a860> to database.
 INFO LOG: May_30_21:59: tick!!!
 INFO LOG: May_30_21:59: saving #<Player:0x00000001a0a860> to database.
 INFO LOG: May_30_22:01: tick!!!
 INFO LOG: May_30_22:01: saving #<Player:0x00000001a0a860> to database.
 INFO LOG: May_30_22:03: tick!!!
 INFO LOG: May_30_22:03: saving #<Player:0x00000001a0a860> to database.
 INFO LOG: May_30_22:05: tick!!!
 INFO LOG: May_30_22:05: saving #<Player:0x00000001a0a860> to database.
 INFO LOG: May_30_22:07: tick!!!
 INFO LOG: May_30_22:07: saving #<Player:0x00000001a0a860> to database.
 INFO LOG: May_30_22:09: tick!!!
 INFO LOG: May_30_22:09: saving #<Player:0x00000001a0a860> to database.
 INFO LOG: May_30_22:11: tick!!!
 INFO LOG: May_30_22:11: saving #<Player:0x00000001a0a860> to database.
 INFO LOG: May_30_22:13: tick!!!
 INFO LOG: May_30_22:13: saving #<Player: INFO LOG: May_30_22:15: Logging enabled.   Loading logs.rb.
 INFO LOG: May_30_22:15: Loading spellcheck.rb
 INFO LOG: May_30_22:15: Loading facade.rb
 INFO LOG: May_30_22:15: Loading query_list.rb
 INFO LOG: May_30_22:15: Loading utils.rb
 INFO LOG: May_30_22:15: Loading constants.rb
 INFO LOG: May_30_22:15: Loading damage.rb
 INFO LOG: May_30_22:15: Loading class_property.rb
 INFO LOG: May_30_22:15: Loading scripts.rb
 INFO LOG: May_30_22:15: Loading tags.rb
 INFO LOG: May_30_22:15: Loading editor/editors.rb
 INFO LOG: May_30_22:15: Loading editor/editor.strings.rb
 INFO LOG: May_30_22:15: Loading editor/editor.rooms.rb
 INFO LOG: May_30_22:15: Loading editor/editor.exits.rb
 INFO LOG: May_30_22:15: Loading editor/editor.zones.rb
 INFO LOG: May_30_22:15: Loading editor/editor.npc.rb
 INFO LOG: May_30_22:15: Loading editor/editor.items.rb
 INFO LOG: May_30_22:15: Loading editor/editor.socials.rb
 INFO LOG: May_30_22:15: Loading socials.rb
 INFO LOG: May_30_22:15: Loading mxp.rb
 INFO LOG: May_30_22:15: Loading mccp.rb
 INFO LOG: May_30_22:15: Loading flags.rb
 INFO LOG: May_30_22:15: Loading areas.rb
 INFO LOG: May_30_22:15: Loading security.rb
 INFO LOG: May_30_22:15: Loading resets.rb
 INFO LOG: May_30_22:15: Loading event.rb
 INFO LOG: May_30_22:15: Loading automap/automap.rb
 INFO LOG: May_30_22:15: Loading cities.rb
 INFO LOG: May_30_22:15: Loading sector definitions.
 INFO LOG: May_30_22:15: Loading help.rb
 INFO LOG: May_30_22:15: Loading imcruby.rb
 INFO LOG: May_30_22:15: Loading player.rb
 INFO LOG: May_30_22:15: Loading commands.rb
 INFO LOG: May_30_22:15: Loading editor/editor.player.rb
 INFO LOG: May_30_22:15: Loading random.rb
 INFO LOG: May_30_22:15: Loading npc.rb
 INFO LOG: May_30_22:15: Loading items/types.rb
 INFO LOG: May_30_22:15: Loading items/items.rb
 INFO LOG: May_30_22:15: Loading spells.rb
 INFO LOG: May_30_22:15: Loading all zones.
 INFO LOG: May_30_22:15: Loading all socials.
 INFO LOG: May_30_22:15: Upgrading database
 INFO LOG: May_30_22:15: Starting server.
 INFO LOG: May_30_22:15: CoralMUD is now up on port 4000.
 INFO LOG: May_30_22:15: -- 76.202.141.206:48067 connected to CoralMUD!
 INFO LOG: May_30_22:15: -- 76.202.141.206:48067: Retnur is trying to connect.
 INFO LOG: May_30_22:15: -- 76.202.141.206:48067: Retnur player file found.
 INFO LOG: May_30_22:15: -- Retnur has entered the game.
 INFO LOG: May_30_22:15: saving #<Player:0x00000001f33d50> to database.
 INFO LOG: May_30_22:17: tick!!!
 INFO LOG: May_30_22:17: saving #<Player:0x00000001f33d50> to database.
 INFO LOG: May_30_22:19: tick!!!
 INFO LOG: May_30_22:19: saving #<Player:0x00000001f33d50> to database.
 INFO LOG: May_30_22:21: tick!!!
 INFO LOG: May_30_22:21: saving #<Player:0x00000001f33d50> to database.
 INFO LOG: May_30_22:23: tick!!!
 INFO LOG: May_30_22:23: saving #<Player:0x00000001f33d50> to database.
 INFO LOG: May_30_22:25: tick!!!
 INFO LOG: May_30_22:25: saving #<Player:0x00000001f33d50> to database.
 INFO LOG: May_30_22:27: tick!!!
 INFO LOG: May_30_22:27: saving #<Player:0x00000001f33d50> to database.
 INFO LOG: May_30_22:29: tick!!!
 INFO LOG: May_30_22:29: saving #<Player:0x00000001f33d50> to database.
 INFO LOG: May_30_22:31: tick!!!
 INFO LOG: May_30_22:31: saving #<Player:0x00000001f33d50> to database.
 INFO LOG: May_30_22:33: tick!!!
 INFO LOG: May_30_22:33: saving #<Player:0x00000001f33d50> to database.
 INFO LOG: May_30_22:35: tick!!!
 INFO LOG: May_30_22:35: saving #<Player:0x00000001f33d50> to database.
 INFO LOG: May_30_22:37: tick!!!
 INFO LOG: May_30_22:37: saving #<Player:0x00000001f33d50> to database.
 INFO LOG: May_30_22:39: Loading cities.rb
 INFO LOG: May_30_22:39: Loading sector definitions.
 INFO LOG: May_30_22:39: tick!!!
 INFO LOG: May_30_22:39: saving #<Player:0x00000001f33d50> to database.
 INFO LOG: May_30_22:41: Loading commands.rb
 INFO LOG: May_30_22:41: tick!!!
 INFO LOG: May_30_22:41: saving #<Player:0x00000001f33d50> to database.
 INFO LOG: May_30_22:43: tick!!!
 INFO LOG: May_30_22:43: saving #<Player:0x00000001f33d50> to database.
 INFO LOG: May_30_22:45: -- #<Player:0x00000001f33d50>:76.202.141.206:48067 disconnected from CoralMUD!
 INFO LOG: May_30_22:45: Logging enabled.   Loading logs.rb.
 INFO LOG: May_30_22:45: Loading spellcheck.rb
 INFO LOG: May_30_22:45: Loading facade.rb
 INFO LOG: May_30_22:45: Loading query_list.rb
 INFO LOG: May_30_22:45: Loading utils.rb
 INFO LOG: May_30_22:45: Loading constants.rb
 INFO LOG: May_30_22:45: Loading damage.rb
 INFO LOG: May_30_22:45: Loading class_property.rb
 INFO LOG: May_30_22:45: Loading scripts.rb
 INFO LOG: May_30_22:45: Loading tags.rb
 INFO LOG: May_30_22:45: Loading editor/editors.rb
 INFO LOG: May_30_22:45: Loading editor/editor.strings.rb
 INFO LOG: May_30_22:45: Loading editor/editor.rooms.rb
 INFO LOG: May_30_22:45: Loading editor/editor.exits.rb
 INFO LOG: May_30_22:45: Loading editor/editor.zones.rb
 INFO LOG: May_30_22:45: Loading editor/editor.npc.rb
 INFO LOG: May_30_22:45: Loading editor/editor.items.rb
 INFO LOG: May_30_22:45: Loading editor/editor.socials.rb
 INFO LOG: May_30_22:45: Loading socials.rb
 INFO LOG: May_30_22:45: Loading mxp.rb
 INFO LOG: May_30_22:45: Loading mccp.rb
 INFO LOG: May_30_22:45: Loading flags.rb
 INFO LOG: May_30_22:45: Loading areas.rb
 INFO LOG: May_30_22:45: Loading security.rb
 INFO LOG: May_30_22:45: Loading resets.rb
 INFO LOG: May_30_22:45: Loading event.rb
 INFO LOG: May_30_22:45: Loading automap/automap.rb
 INFO LOG: May_30_22:45: Loading cities.rb
 INFO LOG: May_30_22:45: Loading sector definitions.
 INFO LOG: May_30_22:45: Loading help.rb
 INFO LOG: May_30_22:45: Loading imcruby.rb
 INFO LOG: May_30_22:45: Loading player.rb
 INFO LOG: May_30_22:45: Loading commands.rb
 INFO LOG: May_30_22:45: Loading editor/editor.player.rb
 INFO LOG: May_30_22:45: Loading random.rb
 INFO LOG: May_30_22:45: Loading npc.rb
 INFO LOG: May_30_22:45: Loading items/types.rb
 INFO LOG: May_30_22:45: Loading items/items.rb
 INFO LOG: May_30_22:45: Loading spells.rb
 INFO LOG: May_30_22:45: Loading all zones.
 INFO LOG: May_30_22:45: Loading all socials.
 INFO LOG: May_30_22:45: Upgrading database
 INFO LOG: May_30_22:45: Starting server.
 INFO LOG: May_30_22:45: CoralMUD is now up on port 4000.
 INFO LOG: May_30_22:45: -- 76.202.141.206:41598 connected to CoralMUD!
 INFO LOG: May_30_22:45: -- 76.202.141.206:41598: () Invalid name in character creation.
 INFO LOG: May_30_22:45: -- 76.202.141.206:41598: Retnur is trying to connect.
 INFO LOG: May_30_22:45: -- 76.202.141.206:41598: Retnur player file found.
 INFO LOG: May_30_22:45: -- Retnur has entered the game.
 INFO LOG: May_30_22:45: saving #<Player:0x00000002fde268> to database.
 INFO LOG: May_30_22:45: -- #<Player:0x00000002fde268>:76.202.141.206:41598 disconnected from CoralMUD!
 INFO LOG: May_30_22:45: Logging enabled.   Loading logs.rb.
 INFO LOG: May_30_22:45: Loading spellcheck.rb
 INFO LOG: May_30_22:45: Loading facade.rb
 INFO LOG: May_30_22:45: Loading query_list.rb
 INFO LOG: May_30_22:45: Loading utils.rb
 INFO LOG: May_30_22:45: Loading constants.rb
 INFO LOG: May_30_22:45: Loading damage.rb
 INFO LOG: May_30_22:45: Loading class_property.rb
 INFO LOG: May_30_22:45: Loading scripts.rb
 INFO LOG: May_30_22:45: Loading tags.rb
 INFO LOG: May_30_22:45: Loading editor/editors.rb
 INFO LOG: May_30_22:45: Loading editor/editor.strings.rb
 INFO LOG: May_30_22:45: Loading editor/editor.rooms.rb
 INFO LOG: May_30_22:45: Loading editor/editor.exits.rb
 INFO LOG: May_30_22:45: Loading editor/editor.zones.rb
 INFO LOG: May_30_22:45: Loading editor/editor.npc.rb
 INFO LOG: May_30_22:45: Loading editor/editor.items.rb
 INFO LOG: May_30_22:45: Loading editor/editor.socials.rb
 INFO LOG: May_30_22:45: Loading socials.rb
 INFO LOG: May_30_22:45: Loading mxp.rb
 INFO LOG: May_30_22:45: Loading mccp.rb
 INFO LOG: May_30_22:45: Loading flags.rb
 INFO LOG: May_30_22:45: Loading areas.rb
 INFO LOG: May_30_22:45: Loading security.rb
 INFO LOG: May_30_22:45: Loading resets.rb
 INFO LOG: May_30_22:45: Loading event.rb
 INFO LOG: May_30_22:45: Loading automap/automap.rb
 INFO LOG: May_30_22:45: Loading cities.rb
 INFO LOG: May_30_22:45: Loading sector definitions.
 INFO LOG: May_30_22:45: Loading help.rb
 INFO LOG: May_30_22:45: Loading imcruby.rb
 INFO LOG: May_30_22:45: Loading player.rb
 INFO LOG: May_30_22:45: Loading commands.rb
 INFO LOG: May_30_22:45: Loading editor/editor.player.rb
 INFO LOG: May_30_22:45: Loading random.rb
 INFO LOG: May_30_22:45: Loading npc.rb
 INFO LOG: May_30_22:45: Loading items/types.rb
 INFO LOG: May_30_22:45: Loading items/items.rb
 INFO LOG: May_30_22:45: Loading spells.rb
 INFO LOG: May_30_22:45: Loading all zones.
 INFO LOG: May_30_22:45: Loading all socials.
 INFO LOG: May_30_22:45: Upgrading database
 INFO LOG: May_30_22:45: Starting server.
 INFO LOG: May_30_22:45: CoralMUD is now up on port 4000.
 INFO LOG: May_30_22:45: -- 76.202.141.206:58046 connected to CoralMUD!
 INFO LOG: May_30_22:45: -- 76.202.141.206:58046: () Invalid name in character creation.
 INFO LOG: May_30_22:45: -- 76.202.141.206:58046: () Invalid name in character creation.
 INFO LOG: May_30_22:45: -- 76.202.141.206:58046: Retnur is trying to connect.
 INFO LOG: May_30_22:45: -- 76.202.141.206:58046: Retnur player file found.
 INFO LOG: May_30_22:45: -- Retnur has entered the game.
 INFO LOG: May_30_22:45: saving #<Player:0x00000002c22160> to database.
 INFO LOG: May_30_22:46: -- #<Player:0x00000002c22160>:76.202.141.206:58046 disconnected from CoralMUD!
 INFO LOG: May_30_22:46: Logging enabled.   Loading logs.rb.
 INFO LOG: May_30_22:46: Loading spellcheck.rb
 INFO LOG: May_30_22:46: Loading facade.rb
 INFO LOG: May_30_22:46: Loading query_list.rb
 INFO LOG: May_30_22:46: Loading utils.rb
 INFO LOG: May_30_22:46: Loading constants.rb
 INFO LOG: May_30_22:46: Loading damage.rb
 INFO LOG: May_30_22:46: Loading class_property.rb
 INFO LOG: May_30_22:46: Loading scripts.rb
 INFO LOG: May_30_22:46: Loading tags.rb
 INFO LOG: May_30_22:46: Loading editor/editors.rb
 INFO LOG: May_30_22:46: Loading editor/editor.strings.rb
 INFO LOG: May_30_22:46: Loading editor/editor.rooms.rb
 INFO LOG: May_30_22:46: Loading editor/editor.exits.rb
 INFO LOG: May_30_22:46: Loading editor/editor.zones.rb
 INFO LOG: May_30_22:46: Loading editor/editor.npc.rb
 INFO LOG: May_30_22:46: Loading editor/editor.items.rb
 INFO LOG: May_30_22:46: Loading editor/editor.socials.rb
 INFO LOG: May_30_22:46: Loading socials.rb
 INFO LOG: May_30_22:46: Loading mxp.rb
 INFO LOG: May_30_22:46: Loading mccp.rb
 INFO LOG: May_30_22:46: Loading flags.rb
 INFO LOG: May_30_22:46: Loading areas.rb
 INFO LOG: May_30_22:46: Loading security.rb
 INFO LOG: May_30_22:46: Loading resets.rb
 INFO LOG: May_30_22:46: Loading event.rb
 INFO LOG: May_30_22:46: Loading automap/automap.rb
 INFO LOG: May_30_22:46: Loading cities.rb
 INFO LOG: May_30_22:46: Loading sector definitions.
 INFO LOG: May_30_22:46: Loading help.rb
 INFO LOG: May_30_22:46: Loading imcruby.rb
 INFO LOG: May_30_22:46: Loading player.rb
 INFO LOG: May_30_22:46: Loading commands.rb
 INFO LOG: May_30_22:46: Loading editor/editor.player.rb
 INFO LOG: May_30_22:46: Loading random.rb
 INFO LOG: May_30_22:46: Loading npc.rb
 INFO LOG: May_30_22:46: Loading items/types.rb
 INFO LOG: May_30_22:46: Loading items/items.rb
 INFO LOG: May_30_22:46: Loading spells.rb
 INFO LOG: May_30_22:46: Loading all zones.
 INFO LOG: May_30_22:46: Loading all socials.
 INFO LOG: May_30_22:46: Upgrading database
 INFO LOG: May_30_22:46: Starting server.
 INFO LOG: May_30_22:46: CoralMUD is now up on port 4000.
 INFO LOG: May_30_22:46: -- 76.202.141.206:47815 connected to CoralMUD!
 INFO LOG: May_30_22:46: -- 76.202.141.206:47815: () Invalid name in character creation.
 INFO LOG: May_30_22:46: -- 76.202.141.206:47815: Retnur is trying to connect.
 INFO LOG: May_30_22:46: -- 76.202.141.206:47815: Retnur player file found.
 INFO LOG: May_30_22:46: -- Retnur has entered the game.
 INFO LOG: May_30_22:46: saving #<Player:0x0000000229a200> to database.
ERROR LOG: unexpected return
ERROR LOG: lib/editor/editor.rooms.rb:19:in `block in <class:Room>'
ERROR LOG: lib/editor/editors.rb:198:in `call'
ERROR LOG: lib/editor/editors.rb:198:in `call_fun'
ERROR LOG: lib/commands.rb:286:in `execute_command'
ERROR LOG: core/socketengine.rb:170:in `block in handle_cmd_input'
ERROR LOG: core/socketengine.rb:169:in `times'
ERROR LOG: core/socketengine.rb:169:in `handle_cmd_input'
ERROR LOG: core/socketengine.rb:133:in `receive_data'
ERROR LOG: /home/heath/.rvm/gems/ruby-1.9.2-preview1/gems/eventmachine-0.12.10/lib/eventmachine.rb:256:in `run_machine'
ERROR LOG: /home/heath/.rvm/gems/ruby-1.9.2-preview1/gems/eventmachine-0.12.10/lib/eventmachine.rb:256:in `run'
ERROR LOG: coral.rb:176:in `<main>'
 INFO LOG: May_30_22:46: -- #<Player:0x0000000229a200>:76.202.141.206:47815 disconnected from CoralMUD!
 INFO LOG: May_30_22:46: Logging enabled.   Loading logs.rb.
 INFO LOG: May_30_22:46: Loading spellcheck.rb
 INFO LOG: May_30_22:46: Loading facade.rb
 INFO LOG: May_30_22:46: Loading query_list.rb
 INFO LOG: May_30_22:46: Loading utils.rb
 INFO LOG: May_30_22:46: Loading constants.rb
 INFO LOG: May_30_22:46: Loading damage.rb
 INFO LOG: May_30_22:46: Loading class_property.rb
 INFO LOG: May_30_22:46: Loading scripts.rb
 INFO LOG: May_30_22:46: Loading tags.rb
 INFO LOG: May_30_22:46: Loading editor/editors.rb
 INFO LOG: May_30_22:46: Loading editor/editor.strings.rb
 INFO LOG: May_30_22:46: Loading editor/editor.rooms.rb
 INFO LOG: May_30_22:46: Loading editor/editor.exits.rb
 INFO LOG: May_30_22:46: Loading editor/editor.zones.rb
 INFO LOG: May_30_22:46: Loading editor/editor.npc.rb
 INFO LOG: May_30_22:46: Loading editor/editor.items.rb
 INFO LOG: May_30_22:46: Loading editor/editor.socials.rb
 INFO LOG: May_30_22:46: Loading socials.rb
 INFO LOG: May_30_22:46: Loading mxp.rb
 INFO LOG: May_30_22:46: Loading mccp.rb
 INFO LOG: May_30_22:46: Loading flags.rb
 INFO LOG: May_30_22:46: Loading areas.rb
 INFO LOG: May_30_22:46: Loading security.rb
 INFO LOG: May_30_22:46: Loading resets.rb
 INFO LOG: May_30_22:46: Loading event.rb
 INFO LOG: May_30_22:46: Loading automap/automap.rb
 INFO LOG: May_30_22:46: Loading cities.rb
 INFO LOG: May_30_22:46: Loading sector definitions.
 INFO LOG: May_30_22:46: Loading help.rb
 INFO LOG: May_30_22:46: Loading imcruby.rb
 INFO LOG: May_30_22:46: Loading player.rb
 INFO LOG: May_30_22:46: Loading commands.rb
 INFO LOG: May_30_22:46: Loading editor/editor.player.rb
 INFO LOG: May_30_22:46: Loading random.rb
 INFO LOG: May_30_22:46: Loading npc.rb
 INFO LOG: May_30_22:46: Loading items/types.rb
 INFO LOG: May_30_22:46: Loading items/items.rb
 INFO LOG: May_30_22:46: Loading spells.rb
 INFO LOG: May_30_22:46: Loading all zones.
 INFO LOG: May_30_22:46: Loading all socials.
 INFO LOG: May_30_22:46: Upgrading database
 INFO LOG: May_30_22:46: Starting server.
 INFO LOG: May_30_22:46: CoralMUD is now up on port 4000.
 INFO LOG: May_30_22:46: -- 76.202.141.206:56400 connected to CoralMUD!
 INFO LOG: May_30_22:46: -- 76.202.141.206:56400: () Invalid name in character creation.
 INFO LOG: May_30_22:46: -- 76.202.141.206:56400: () Invalid name in character creation.
 INFO LOG: May_30_22:46: -- 76.202.141.206:56400: Retnur is trying to connect.
 INFO LOG: May_30_22:46: -- 76.202.141.206:56400: Retnur player file found.
 INFO LOG: May_30_22:46: -- Retnur has entered the game.
 INFO LOG: May_30_22:46: saving #<Player:0x000000011f1200> to database.
ERROR LOG: unexpected return
ERROR LOG: lib/editor/editor.rooms.rb:19:in `block in <class:Room>'
ERROR LOG: lib/editor/editors.rb:198:in `call'
ERROR LOG: lib/editor/editors.rb:198:in `call_fun'
ERROR LOG: lib/commands.rb:286:in `execute_command'
ERROR LOG: core/socketengine.rb:170:in `block in handle_cmd_input'
ERROR LOG: core/socketengine.rb:169:in `times'
ERROR LOG: core/socketengine.rb:169:in `handle_cmd_input'
ERROR LOG: core/socketengine.rb:133:in `receive_data'
ERROR LOG: /home/heath/.rvm/gems/ruby-1.9.2-preview1/gems/eventmachine-0.12.10/lib/eventmachine.rb:256:in `run_machine'
ERROR LOG: /home/heath/.rvm/gems/ruby-1.9.2-preview1/gems/eventmachine-0.12.10/lib/eventmachine.rb:256:in `run'
ERROR LOG: coral.rb:176:in `<main>'
 INFO LOG: May_30_22:48: tick!!!
 INFO LOG: May_30_22:48: saving #<Player:0x000000011f1200> to database.
 INFO LOG: May_30_22:49: Loading cities.rb
 INFO LOG: May_30_22:49: Loading sector definitions.
 INFO LOG: May_30_22:49: -- #<Player:0x000000011f1200>:76.202.141.206:56400 disconnected from CoralMUD!
 INFO LOG: May_30_22:49: Logging enabled.   Loading logs.rb.
 INFO LOG: May_30_22:49: Loading spellcheck.rb
 INFO LOG: May_30_22:49: Loading facade.rb
 INFO LOG: May_30_22:49: Loading query_list.rb
 INFO LOG: May_30_22:49: Loading utils.rb
 INFO LOG: May_30_22:49: Loading constants.rb
 INFO LOG: May_30_22:49: Loading damage.rb
 INFO LOG: May_30_22:49: Loading class_property.rb
 INFO LOG: May_30_22:49: Loading scripts.rb
 INFO LOG: May_30_22:49: Loading tags.rb
 INFO LOG: May_30_22:49: Loading editor/editors.rb
 INFO LOG: May_30_22:49: Loading editor/editor.strings.rb
 INFO LOG: May_30_22:49: Loading editor/editor.rooms.rb
 INFO LOG: May_30_22:49: Loading editor/editor.exits.rb
 INFO LOG: May_30_22:49: Loading editor/editor.zones.rb
 INFO LOG: May_30_22:49: Loading editor/editor.npc.rb
 INFO LOG: May_30_22:49: Loading editor/editor.items.rb
 INFO LOG: May_30_22:49: Loading editor/editor.socials.rb
 INFO LOG: May_30_22:49: Loading socials.rb
 INFO LOG: May_30_22:49: Loading mxp.rb
 INFO LOG: May_30_22:49: Loading mccp.rb
 INFO LOG: May_30_22:49: Loading flags.rb
 INFO LOG: May_30_22:49: Loading areas.rb
 INFO LOG: May_30_22:49: Loading security.rb
 INFO LOG: May_30_22:49: Loading resets.rb
 INFO LOG: May_30_22:49: Loading event.rb
 INFO LOG: May_30_22:49: Loading automap/automap.rb
 INFO LOG: May_30_22:49: Loading cities.rb
 INFO LOG: May_30_22:49: Loading sector definitions.
 INFO LOG: May_30_22:49: Loading help.rb
 INFO LOG: May_30_22:49: Loading imcruby.rb
 INFO LOG: May_30_22:49: Loading player.rb
 INFO LOG: May_30_22:49: Loading commands.rb
 INFO LOG: May_30_22:49: Loading editor/editor.player.rb
 INFO LOG: May_30_22:49: Loading random.rb
 INFO LOG: May_30_22:49: Loading npc.rb
 INFO LOG: May_30_22:49: Loading items/types.rb
 INFO LOG: May_30_22:49: Loading items/items.rb
 INFO LOG: May_30_22:49: Loading spells.rb
 INFO LOG: May_30_22:49: Loading all zones.
 INFO LOG: May_30_22:49: Loading all socials.
 INFO LOG: May_30_22:49: Upgrading database
 INFO LOG: May_30_22:49: Starting server.
 INFO LOG: May_30_22:49: CoralMUD is now up on port 4000.
 INFO LOG: May_30_22:49: -- 76.202.141.206:39367 connected to CoralMUD!
 INFO LOG: May_30_22:49: -- 76.202.141.206:39367: () Invalid name in character creation.
 INFO LOG: May_30_22:49: -- 76.202.141.206:39367: () Invalid name in character creation.
 INFO LOG: May_30_22:49: -- 76.202.141.206:39367: Retnur is trying to connect.
 INFO LOG: May_30_22:49: -- 76.202.141.206:39367: Retnur player file found.
 INFO LOG: May_30_22:49: -- Retnur has entered the game.
 INFO LOG: May_30_22:49: saving #<Player:0x00000002d99598> to database.
ERROR LOG: can't convert Array into String
ERROR LOG: lib/cities.rb:24:in `+'
ERROR LOG: lib/cities.rb:24:in `to_s'
ERROR LOG: lib/editor/editor.rooms.rb:17:in `block (2 levels) in <class:Room>'
ERROR LOG: lib/editor/editor.rooms.rb:16:in `each'
ERROR LOG: lib/editor/editor.rooms.rb:16:in `block in <class:Room>'
ERROR LOG: lib/editor/editors.rb:198:in `call'
ERROR LOG: lib/editor/editors.rb:198:in `call_fun'
ERROR LOG: lib/commands.rb:286:in `execute_command'
ERROR LOG: core/socketengine.rb:170:in `block in handle_cmd_input'
ERROR LOG: core/socketengine.rb:169:in `times'
ERROR LOG: core/socketengine.rb:169:in `handle_cmd_input'
ERROR LOG: core/socketengine.rb:133:in `receive_data'
ERROR LOG: /home/heath/.rvm/gems/ruby-1.9.2-preview1/gems/eventmachine-0.12.10/lib/eventmachine.rb:256:in `run_machine'
ERROR LOG: /home/heath/.rvm/gems/ruby-1.9.2-preview1/gems/eventmachine-0.12.10/lib/eventmachine.rb:256:in `run'
ERROR LOG: coral.rb:176:in `<main>'
 INFO LOG: May_30_22:50: Loading cities.rb
 INFO LOG: May_30_22:50: Loading sector definitions.
 INFO LOG: May_30_22:50: -- #<Player:0x00000002d99598>:76.202.141.206:39367 disconnected from CoralMUD!
 INFO LOG: May_30_22:50: Logging enabled.   Loading logs.rb.
 INFO LOG: May_30_22:50: Loading spellcheck.rb
 INFO LOG: May_30_22:50: Loading facade.rb
 INFO LOG: May_30_22:50: Loading query_list.rb
 INFO LOG: May_30_22:50: Loading utils.rb
 INFO LOG: May_30_22:50: Loading constants.rb
 INFO LOG: May_30_22:50: Loading damage.rb
 INFO LOG: May_30_22:50: Loading class_property.rb
 INFO LOG: May_30_22:50: Loading scripts.rb
 INFO LOG: May_30_22:50: Loading tags.rb
 INFO LOG: May_30_22:50: Loading editor/editors.rb
 INFO LOG: May_30_22:50: Loading editor/editor.strings.rb
 INFO LOG: May_30_22:50: Loading editor/editor.rooms.rb
 INFO LOG: May_30_22:50: Loading editor/editor.exits.rb
 INFO LOG: May_30_22:50: Loading editor/editor.zones.rb
 INFO LOG: May_30_22:50: Loading editor/editor.npc.rb
 INFO LOG: May_30_22:50: Loading editor/editor.items.rb
 INFO LOG: May_30_22:50: Loading editor/editor.socials.rb
 INFO LOG: May_30_22:50: Loading socials.rb
 INFO LOG: May_30_22:50: Loading mxp.rb
 INFO LOG: May_30_22:50: Loading mccp.rb
 INFO LOG: May_30_22:50: Loading flags.rb
 INFO LOG: May_30_22:50: Loading areas.rb
 INFO LOG: May_30_22:50: Loading security.rb
 INFO LOG: May_30_22:50: Loading resets.rb
 INFO LOG: May_30_22:50: Loading event.rb
 INFO LOG: May_30_22:50: Loading automap/automap.rb
 INFO LOG: May_30_22:50: Loading cities.rb
 INFO LOG: May_30_22:50: Loading sector definitions.
 INFO LOG: May_30_22:50: Loading help.rb
 INFO LOG: May_30_22:50: Loading imcruby.rb
 INFO LOG: May_30_22:50: Loading player.rb
 INFO LOG: May_30_22:50: Loading commands.rb
 INFO LOG: May_30_22:50: Loading editor/editor.player.rb
 INFO LOG: May_30_22:50: Loading random.rb
 INFO LOG: May_30_22:50: Loading npc.rb
 INFO LOG: May_30_22:50: Loading items/types.rb
 INFO LOG: May_30_22:50: Loading items/items.rb
 INFO LOG: May_30_22:50: Loading spells.rb
 INFO LOG: May_30_22:50: Loading all zones.
 INFO LOG: May_30_22:50: Loading all socials.
 INFO LOG: May_30_22:50: Upgrading database
 INFO LOG: May_30_22:50: Starting server.
 INFO LOG: May_30_22:50: CoralMUD is now up on port 4000.
 INFO LOG: May_30_22:50: -- 76.202.141.206:38564 connected to CoralMUD!
 INFO LOG: May_30_22:50: -- 76.202.141.206:38564: () Invalid name in character creation.
 INFO LOG: May_30_22:50: -- 76.202.141.206:38564: Retnur is trying to connect.
 INFO LOG: May_30_22:50: -- 76.202.141.206:38564: Retnur player file found.
 INFO LOG: May_30_22:50: -- Retnur has entered the game.
 INFO LOG: May_30_22:50: saving #<Player:0x00000002b79ad8> to database.
ERROR LOG: unexpected return
ERROR LOG: lib/editor/editor.rooms.rb:19:in `block in <class:Room>'
ERROR LOG: lib/editor/editors.rb:198:in `call'
ERROR LOG: lib/editor/editors.rb:198:in `call_fun'
ERROR LOG: lib/commands.rb:286:in `execute_command'
ERROR LOG: core/socketengine.rb:170:in `block in handle_cmd_input'
ERROR LOG: core/socketengine.rb:169:in `times'
ERROR LOG: core/socketengine.rb:169:in `handle_cmd_input'
ERROR LOG: core/socketengine.rb:133:in `receive_data'
ERROR LOG: /home/heath/.rvm/gems/ruby-1.9.2-preview1/gems/eventmachine-0.12.10/lib/eventmachine.rb:256:in `run_machine'
ERROR LOG: /home/heath/.rvm/gems/ruby-1.9.2-preview1/gems/eventmachine-0.12.10/lib/eventmachine.rb:256:in `run'
ERROR LOG: coral.rb:176:in `<main>'
 INFO LOG: May_30_22:51: Loading cities.rb
 INFO LOG: May_30_22:51: Loading sector definitions.
 INFO LOG: May_30_22:51: -- #<Player:0x00000002b79ad8>:76.202.141.206:38564 disconnected from CoralMUD!
 INFO LOG: May_30_22:51: Logging enabled.   Loading logs.rb.
 INFO LOG: May_30_22:51: Loading spellcheck.rb
 INFO LOG: May_30_22:51: Loading facade.rb
 INFO LOG: May_30_22:51: Loading query_list.rb
 INFO LOG: May_30_22:51: Loading utils.rb
 INFO LOG: May_30_22:51: Loading constants.rb
 INFO LOG: May_30_22:51: Loading damage.rb
 INFO LOG: May_30_22:51: Loading class_property.rb
 INFO LOG: May_30_22:51: Loading scripts.rb
 INFO LOG: May_30_22:51: Loading tags.rb
 INFO LOG: May_30_22:51: Loading editor/editors.rb
 INFO LOG: May_30_22:51: Loading editor/editor.strings.rb
 INFO LOG: May_30_22:51: Loading editor/editor.rooms.rb
 INFO LOG: May_30_22:51: Loading editor/editor.exits.rb
 INFO LOG: May_30_22:51: Loading editor/editor.zones.rb
 INFO LOG: May_30_22:51: Loading editor/editor.npc.rb
 INFO LOG: May_30_22:51: Loading editor/editor.items.rb
 INFO LOG: May_30_22:51: Loading editor/editor.socials.rb
 INFO LOG: May_30_22:51: Loading socials.rb
 INFO LOG: May_30_22:51: Loading mxp.rb
 INFO LOG: May_30_22:51: Loading mccp.rb
 INFO LOG: May_30_22:51: Loading flags.rb
 INFO LOG: May_30_22:51: Loading areas.rb
 INFO LOG: May_30_22:51: Loading security.rb
 INFO LOG: May_30_22:51: Loading resets.rb
 INFO LOG: May_30_22:51: Loading event.rb
 INFO LOG: May_30_22:51: Loading automap/automap.rb
 INFO LOG: May_30_22:51: Loading cities.rb
 INFO LOG: May_30_22:51: Loading sector definitions.
 INFO LOG: May_30_22:51: Loading help.rb
 INFO LOG: May_30_22:51: Loading imcruby.rb
 INFO LOG: May_30_22:51: Loading player.rb
 INFO LOG: May_30_22:51: Loading commands.rb
 INFO LOG: May_30_22:51: Loading editor/editor.player.rb
 INFO LOG: May_30_22:51: Loading random.rb
 INFO LOG: May_30_22:51: Loading npc.rb
 INFO LOG: May_30_22:51: Loading items/types.rb
 INFO LOG: May_30_22:51: Loading items/items.rb
 INFO LOG: May_30_22:51: Loading spells.rb
 INFO LOG: May_30_22:51: Loading all zones.
 INFO LOG: May_30_22:51: Loading all socials.
 INFO LOG: May_30_22:51: Upgrading database
 INFO LOG: May_30_22:51: Starting server.
 INFO LOG: May_30_22:51: CoralMUD is now up on port 4000.
 INFO LOG: May_30_22:51: -- 76.202.141.206:52028 connected to CoralMUD!
 INFO LOG: May_30_22:51: -- 76.202.141.206:52028: () Invalid name in character creation.
 INFO LOG: May_30_22:51: -- 76.202.141.206:52028: () Invalid name in character creation.
 INFO LOG: May_30_22:51: -- 76.202.141.206:52028: Retnur is trying to connect.
 INFO LOG: May_30_22:51: -- 76.202.141.206:52028: Retnur player file found.
 INFO LOG: May_30_22:51: -- Retnur has entered the game.
 INFO LOG: May_30_22:51: saving #<Player:0x00000002711cc0> to database.
ERROR LOG: unexpected return
ERROR LOG: lib/editor/editor.rooms.rb:19:in `block in <class:Room>'
ERROR LOG: lib/editor/editors.rb:198:in `call'
ERROR LOG: lib/editor/editors.rb:198:in `call_fun'
ERROR LOG: lib/commands.rb:286:in `execute_command'
ERROR LOG: core/socketengine.rb:170:in `block in handle_cmd_input'
ERROR LOG: core/socketengine.rb:169:in `times'
ERROR LOG: core/socketengine.rb:169:in `handle_cmd_input'
ERROR LOG: core/socketengine.rb:133:in `receive_data'
ERROR LOG: /home/heath/.rvm/gems/ruby-1.9.2-preview1/gems/eventmachine-0.12.10/lib/eventmachine.rb:256:in `run_machine'
ERROR LOG: /home/heath/.rvm/gems/ruby-1.9.2-preview1/gems/eventmachine-0.12.10/lib/eventmachine.rb:256:in `run'
ERROR LOG: coral.rb:176:in `<main>'
 INFO LOG: May_30_22:52: Loading cities.rb
 INFO LOG: May_30_22:52: Loading sector definitions.
ERROR LOG: unexpected return
ERROR LOG: lib/editor/editor.rooms.rb:19:in `block in <class:Room>'
ERROR LOG: lib/editor/editors.rb:198:in `call'
ERROR LOG: lib/editor/editors.rb:198:in `call_fun'
ERROR LOG: lib/commands.rb:286:in `execute_command'
ERROR LOG: core/socketengine.rb:170:in `block in handle_cmd_input'
ERROR LOG: core/socketengine.rb:169:in `times'
ERROR LOG: core/socketengine.rb:169:in `handle_cmd_input'
ERROR LOG: core/socketengine.rb:133:in `receive_data'
ERROR LOG: /home/heath/.rvm/gems/ruby-1.9.2-preview1/gems/eventmachine-0.12.10/lib/eventmachine.rb:256:in `run_machine'
ERROR LOG: /home/heath/.rvm/gems/ruby-1.9.2-preview1/gems/eventmachine-0.12.10/lib/eventmachine.rb:256:in `run'
ERROR LOG: coral.rb:176:in `<main>'
 INFO LOG: May_30_22:52: -- #<Player:0x00000002711cc0>:76.202.141.206:52028 disconnected from CoralMUD!
 INFO LOG: May_30_22:53: Logging enabled.   Loading logs.rb.
 INFO LOG: May_30_22:53: Loading spellcheck.rb
 INFO LOG: May_30_22:53: Loading facade.rb
 INFO LOG: May_30_22:53: Loading query_list.rb
 INFO LOG: May_30_22:53: Loading utils.rb
 INFO LOG: May_30_22:53: Loading constants.rb
 INFO LOG: May_30_22:53: Loading damage.rb
 INFO LOG: May_30_22:53: Loading class_property.rb
 INFO LOG: May_30_22:53: Loading scripts.rb
 INFO LOG: May_30_22:53: Loading tags.rb
 INFO LOG: May_30_22:53: Loading editor/editors.rb
 INFO LOG: May_30_22:53: Loading editor/editor.strings.rb
 INFO LOG: May_30_22:53: Loading editor/editor.rooms.rb
 INFO LOG: May_30_22:53: Loading editor/editor.exits.rb
 INFO LOG: May_30_22:53: Loading editor/editor.zones.rb
 INFO LOG: May_30_22:53: Loading editor/editor.npc.rb
 INFO LOG: May_30_22:53: Loading editor/editor.items.rb
 INFO LOG: May_30_22:53: Loading editor/editor.socials.rb
 INFO LOG: May_30_22:53: Loading socials.rb
 INFO LOG: May_30_22:53: Loading mxp.rb
 INFO LOG: May_30_22:53: Loading mccp.rb
 INFO LOG: May_30_22:53: Loading flags.rb
 INFO LOG: May_30_22:53: Loading areas.rb
 INFO LOG: May_30_22:53: Loading security.rb
 INFO LOG: May_30_22:53: Loading resets.rb
 INFO LOG: May_30_22:53: Loading event.rb
 INFO LOG: May_30_22:53: Loading automap/automap.rb
 INFO LOG: May_30_22:53: Loading cities.rb
 INFO LOG: May_30_22:53: Loading sector definitions.
 INFO LOG: May_30_22:53: Loading help.rb
 INFO LOG: May_30_22:53: Loading imcruby.rb
 INFO LOG: May_30_22:53: Loading player.rb
 INFO LOG: May_30_22:53: Loading commands.rb
 INFO LOG: May_30_22:53: Loading editor/editor.player.rb
 INFO LOG: May_30_22:53: Loading random.rb
 INFO LOG: May_30_22:53: Loading npc.rb
 INFO LOG: May_30_22:53: Loading items/types.rb
 INFO LOG: May_30_22:53: Loading items/items.rb
 INFO LOG: May_30_22:53: Loading spells.rb
 INFO LOG: May_30_22:53: Loading all zones.
 INFO LOG: May_30_22:53: Loading all socials.
 INFO LOG: May_30_22:53: Upgrading database
 INFO LOG: May_30_22:53: Starting server.
 INFO LOG: May_30_22:53: CoralMUD is now up on port 4000.
 INFO LOG: May_30_22:53: -- 76.202.141.206:38061 connected to CoralMUD!
 INFO LOG: May_30_22:53: -- 76.202.141.206:38061: () Invalid name in character creation.
 INFO LOG: May_30_22:53: -- 76.202.141.206:38061: Retnur is trying to connect.
 INFO LOG: May_30_22:53: -- 76.202.141.206:38061: Retnur player file found.
 INFO LOG: May_30_22:53: -- Retnur has entered the game.
 INFO LOG: May_30_22:53: saving #<Player:0x000000014ded28> to database.
ERROR LOG: unexpected return
ERROR LOG: lib/editor/editor.rooms.rb:19:in `block in <class:Room>'
ERROR LOG: lib/editor/editors.rb:198:in `call'
ERROR LOG: lib/editor/editors.rb:198:in `call_fun'
ERROR LOG: lib/commands.rb:286:in `execute_command'
ERROR LOG: core/socketengine.rb:170:in `block in handle_cmd_input'
ERROR LOG: core/socketengine.rb:169:in `times'
ERROR LOG: core/socketengine.rb:169:in `handle_cmd_input'
ERROR LOG: core/socketengine.rb:133:in `receive_data'
ERROR LOG: /home/heath/.rvm/gems/ruby-1.9.2-preview1/gems/eventmachine-0.12.10/lib/eventmachine.rb:256:in `run_machine'
ERROR LOG: /home/heath/.rvm/gems/ruby-1.9.2-preview1/gems/eventmachine-0.12.10/lib/eventmachine.rb:256:in `run'
ERROR LOG: coral.rb:176:in `<main>'
 INFO LOG: May_30_22:53: -- #<Player:0x000000014ded28>:76.202.141.206:38061 disconnected from CoralMUD!
 INFO LOG: May_30_22:53: Logging enabled.   Loading logs.rb.
 INFO LOG: May_30_22:53: Loading spellcheck.rb
 INFO LOG: May_30_22:53: Loading facade.rb
 INFO LOG: May_30_22:53: Loading query_list.rb
 INFO LOG: May_30_22:53: Loading utils.rb
 INFO LOG: May_30_22:53: Loading constants.rb
 INFO LOG: May_30_22:53: Loading damage.rb
 INFO LOG: May_30_22:53: Loading class_property.rb
 INFO LOG: May_30_22:53: Loading scripts.rb
 INFO LOG: May_30_22:53: Loading tags.rb
 INFO LOG: May_30_22:53: Loading editor/editors.rb
 INFO LOG: May_30_22:53: Loading editor/editor.strings.rb
 INFO LOG: May_30_22:53: Loading editor/editor.rooms.rb
 INFO LOG: May_30_22:53: Loading editor/editor.exits.rb
 INFO LOG: May_30_22:53: Loading editor/editor.zones.rb
 INFO LOG: May_30_22:53: Loading editor/editor.npc.rb
 INFO LOG: May_30_22:53: Loading editor/editor.items.rb
 INFO LOG: May_30_22:53: Loading editor/editor.socials.rb
 INFO LOG: May_30_22:53: Loading socials.rb
 INFO LOG: May_30_22:53: Loading mxp.rb
 INFO LOG: May_30_22:53: Loading mccp.rb
 INFO LOG: May_30_22:53: Loading flags.rb
 INFO LOG: May_30_22:53: Loading areas.rb
 INFO LOG: May_30_22:53: Loading security.rb
 INFO LOG: May_30_22:53: Loading resets.rb
 INFO LOG: May_30_22:53: Loading event.rb
 INFO LOG: May_30_22:53: Loading automap/automap.rb
 INFO LOG: May_30_22:53: Loading cities.rb
 INFO LOG: May_30_22:53: Loading sector definitions.
 INFO LOG: May_30_22:53: Loading help.rb
 INFO LOG: May_30_22:53: Loading imcruby.rb
 INFO LOG: May_30_22:53: Loading player.rb
 INFO LOG: May_30_22:53: Loading commands.rb
 INFO LOG: May_30_22:53: Loading editor/editor.player.rb
 INFO LOG: May_30_22:53: Loading random.rb
 INFO LOG: May_30_22:53: Loading npc.rb
 INFO LOG: May_30_22:53: Loading items/types.rb
 INFO LOG: May_30_22:53: Loading items/items.rb
 INFO LOG: May_30_22:53: Loading spells.rb
 INFO LOG: May_30_22:53: Loading all zones.
 INFO LOG: May_30_22:53: Loading all socials.
 INFO LOG: May_30_22:53: Upgrading database
 INFO LOG: May_30_22:53: Starting server.
 INFO LOG: May_30_22:53: CoralMUD is now up on port 4000.
 INFO LOG: May_30_22:53: -- 76.202.141.206:39347 connected to CoralMUD!
 INFO LOG: May_30_22:53: -- 76.202.141.206:39347: Retnur is trying to connect.
 INFO LOG: May_30_22:53: -- 76.202.141.206:39347: Retnur player file found.
 INFO LOG: May_30_22:53: -- Retnur has entered the game.
 INFO LOG: May_30_22:53: saving #<Player:0x0000000307a730> to database.
 INFO LOG: May_30_22:54: Loading cities.rb
 INFO LOG: May_30_22:54: Loading sector definitions.
 INFO LOG: May_30_22:54: -- #<Player:0x0000000307a730>:76.202.141.206:39347 disconnected from CoralMUD!
 INFO LOG: May_30_22:54: Logging enabled.   Loading logs.rb.
 INFO LOG: May_30_22:54: Loading spellcheck.rb
 INFO LOG: May_30_22:54: Loading facade.rb
 INFO LOG: May_30_22:54: Loading query_list.rb
 INFO LOG: May_30_22:54: Loading utils.rb
 INFO LOG: May_30_22:54: Loading constants.rb
 INFO LOG: May_30_22:54: Loading damage.rb
 INFO LOG: May_30_22:54: Loading class_property.rb
 INFO LOG: May_30_22:54: Loading scripts.rb
 INFO LOG: May_30_22:54: Loading tags.rb
 INFO LOG: May_30_22:54: Loading editor/editors.rb
 INFO LOG: May_30_22:54: Loading editor/editor.strings.rb
 INFO LOG: May_30_22:54: Loading editor/editor.rooms.rb
 INFO LOG: May_30_22:54: Loading editor/editor.exits.rb
 INFO LOG: May_30_22:54: Loading editor/editor.zones.rb
 INFO LOG: May_30_22:54: Loading editor/editor.npc.rb
 INFO LOG: May_30_22:54: Loading editor/editor.items.rb
 INFO LOG: May_30_22:54: Loading editor/editor.socials.rb
 INFO LOG: May_30_22:54: Loading socials.rb
 INFO LOG: May_30_22:54: Loading mxp.rb
 INFO LOG: May_30_22:54: Loading mccp.rb
 INFO LOG: May_30_22:54: Loading flags.rb
 INFO LOG: May_30_22:54: Loading areas.rb
 INFO LOG: May_30_22:54: Loading security.rb
 INFO LOG: May_30_22:54: Loading resets.rb
 INFO LOG: May_30_22:54: Loading event.rb
 INFO LOG: May_30_22:54: Loading automap/automap.rb
 INFO LOG: May_30_22:54: Loading cities.rb
 INFO LOG: May_30_22:54: Loading sector definitions.
 INFO LOG: May_30_22:54: Loading help.rb
 INFO LOG: May_30_22:54: Loading imcruby.rb
 INFO LOG: May_30_22:54: Loading player.rb
 INFO LOG: May_30_22:54: Loading commands.rb
 INFO LOG: May_30_22:54: Loading editor/editor.player.rb
 INFO LOG: May_30_22:54: Loading random.rb
 INFO LOG: May_30_22:54: Loading npc.rb
 INFO LOG: May_30_22:54: Loading items/types.rb
 INFO LOG: May_30_22:54: Loading items/items.rb
 INFO LOG: May_30_22:54: Loading spells.rb
 INFO LOG: May_30_22:54: Loading all zones.
 INFO LOG: May_30_22:54: Loading all socials.
 INFO LOG: May_30_22:54: Upgrading database
 INFO LOG: May_30_22:54: Starting server.
 INFO LOG: May_30_22:54: CoralMUD is now up on port 4000.
 INFO LOG: May_30_22:54: -- 76.202.141.206:43757 connected to CoralMUD!
 INFO LOG: May_30_22:54: -- 76.202.141.206:43757: () Invalid name in character creation.
 INFO LOG: May_30_22:54: -- 76.202.141.206:43757: () Invalid name in character creation.
 INFO LOG: May_30_22:54: -- 76.202.141.206:43757: Retnur is trying to connect.
 INFO LOG: May_30_22:54: -- 76.202.141.206:43757: Retnur player file found.
 INFO LOG: May_30_22:54: -- Retnur has entered the game.
 INFO LOG: May_30_22:54: saving #<Player:0x00000002cdb0c0> to database.
 INFO LOG: May_30_22:56: tick!!!
 INFO LOG: May_30_22:56: saving #<Player:0x00000002cdb0c0> to database.
 INFO LOG: May_30_22:58: tick!!!
 INFO LOG: May_30_22:58: saving #<Player:0x00000002cdb0c0> to database.
 INFO LOG: May_30_23:00: tick!!!
 INFO LOG: May_30_23:00: saving #<Player:0x00000002cdb0c0> to database.
 INFO LOG: May_30_23:00: Loading cities.rb
 INFO LOG: May_30_23:00: Loading sector definitions.
 INFO LOG: May_30_23:00: Loading cities.rb
 INFO LOG: May_30_23:00: Loading sector definitions.
 INFO LOG: May_30_23:02: tick!!!
 INFO LOG: May_30_23:02: saving #<Player:0x00000002cdb0c0> to database.
 INFO LOG: May_30_23:02: Loading commands.rb
 INFO LOG: May_30_23:02: -- #<Player:0x00000002cdb0c0>:76.202.141.206:43757 disconnected from CoralMUD!
 INFO LOG: May_30_23:02: Logging enabled.   Loading logs.rb.
 INFO LOG: May_30_23:02: Loading spellcheck.rb
 INFO LOG: May_30_23:02: Loading facade.rb
 INFO LOG: May_30_23:02: Loading query_list.rb
 INFO LOG: May_30_23:02: Loading utils.rb
 INFO LOG: May_30_23:02: Loading constants.rb
 INFO LOG: May_30_23:02: Loading damage.rb
 INFO LOG: May_30_23:02: Loading class_property.rb
 INFO LOG: May_30_23:02: Loading scripts.rb
 INFO LOG: May_30_23:02: Loading tags.rb
 INFO LOG: May_30_23:02: Loading editor/editors.rb
 INFO LOG: May_30_23:02: Loading editor/editor.strings.rb
 INFO LOG: May_30_23:02: Loading editor/editor.rooms.rb
 INFO LOG: May_30_23:02: Loading editor/editor.exits.rb
 INFO LOG: May_30_23:02: Loading editor/editor.zones.rb
 INFO LOG: May_30_23:02: Loading editor/editor.npc.rb
 INFO LOG: May_30_23:02: Loading editor/editor.items.rb
 INFO LOG: May_30_23:02: Loading editor/editor.socials.rb
 INFO LOG: May_30_23:02: Loading socials.rb
 INFO LOG: May_30_23:02: Loading mxp.rb
 INFO LOG: May_30_23:02: Loading mccp.rb
 INFO LOG: May_30_23:02: Loading flags.rb
 INFO LOG: May_30_23:02: Loading areas.rb
 INFO LOG: May_30_23:02: Loading security.rb
 INFO LOG: May_30_23:02: Loading resets.rb
 INFO LOG: May_30_23:02: Loading event.rb
 INFO LOG: May_30_23:02: Loading automap/automap.rb
 INFO LOG: May_30_23:02: Loading cities.rb
 INFO LOG: May_30_23:02: Loading sector definitions.
 INFO LOG: May_30_23:02: Loading help.rb
 INFO LOG: May_30_23:02: Loading imcruby.rb
 INFO LOG: May_30_23:02: Loading player.rb
 INFO LOG: May_30_23:02: Loading commands.rb
 INFO LOG: May_30_23:02: Loading editor/editor.player.rb
 INFO LOG: May_30_23:02: Loading random.rb
 INFO LOG: May_30_23:02: Loading npc.rb
 INFO LOG: May_30_23:02: Loading items/types.rb
 INFO LOG: May_30_23:02: Loading items/items.rb
 INFO LOG: May_30_23:02: Loading spells.rb
 INFO LOG: May_30_23:02: Loading all zones.
 INFO LOG: May_30_23:02: Loading all socials.
 INFO LOG: May_30_23:02: Upgrading database
 INFO LOG: May_30_23:02: Starting server.
 INFO LOG: May_30_23:02: CoralMUD is now up on port 4000.
 INFO LOG: May_30_23:02: -- 76.202.141.206:53463 connected to CoralMUD!
 INFO LOG: May_30_23:02: -- 76.202.141.206:53463: () Invalid name in character creation.
 INFO LOG: May_30_23:02: -- 76.202.141.206:53463: () Invalid name in character creation.
 INFO LOG: May_30_23:02: -- 76.202.141.206:53463: Retnur is trying to connect.
 INFO LOG: May_30_23:02: -- 76.202.141.206:53463: Retnur player file found.
 INFO LOG: May_30_23:02: -- Retnur has entered the game.
 INFO LOG: May_30_23:02: saving #<Player:0x000000016f0198> to database.
 INFO LOG: May_30_23:04: tick!!!
 INFO LOG: May_30_23:04: saving #<Player:0x000000016f0198> to database.
 INFO LOG: May_30_23:06: tick!!!
 INFO LOG: May_30_23:06: saving #<Player:0x000000016f0198> to database.
 INFO LOG: May_30_23:06: -- #<Player:0x000000016f0198>:76.202.141.206:53463 disconnected from CoralMUD!
 INFO LOG: May_30_23:06: Logging enabled.   Loading logs.rb.
 INFO LOG: May_30_23:06: Loading spellcheck.rb
 INFO LOG: May_30_23:06: Loading facade.rb
 INFO LOG: May_30_23:06: Loading query_list.rb
 INFO LOG: May_30_23:06: Loading utils.rb
 INFO LOG: May_30_23:06: Loading constants.rb
 INFO LOG: May_30_23:06: Loading damage.rb
 INFO LOG: May_30_23:06: Loading class_property.rb
 INFO LOG: May_30_23:06: Loading scripts.rb
 INFO LOG: May_30_23:06: Loading tags.rb
 INFO LOG: May_30_23:06: Loading editor/editors.rb
 INFO LOG: May_30_23:06: Loading editor/editor.strings.rb
 INFO LOG: May_30_23:06: Loading editor/editor.rooms.rb
 INFO LOG: May_30_23:06: Loading editor/editor.exits.rb
 INFO LOG: May_30_23:06: Loading editor/editor.zones.rb
 INFO LOG: May_30_23:06: Loading editor/editor.npc.rb
 INFO LOG: May_30_23:06: Loading editor/editor.items.rb
 INFO LOG: May_30_23:06: Loading editor/editor.socials.rb
 INFO LOG: May_30_23:06: Loading socials.rb
 INFO LOG: May_30_23:06: Loading mxp.rb
 INFO LOG: May_30_23:06: Loading mccp.rb
 INFO LOG: May_30_23:06: Loading flags.rb
 INFO LOG: May_30_23:06: Loading areas.rb
 INFO LOG: May_30_23:06: Loading security.rb
 INFO LOG: May_30_23:06: Loading resets.rb
 INFO LOG: May_30_23:06: Loading event.rb
 INFO LOG: May_30_23:06: Loading automap/automap.rb
 INFO LOG: May_30_23:06: Loading cities.rb
 INFO LOG: May_30_23:06: Loading sector definitions.
 INFO LOG: May_30_23:06: Loading help.rb
 INFO LOG: May_30_23:06: Loading imcruby.rb
 INFO LOG: May_30_23:06: Loading player.rb
 INFO LOG: May_30_23:06: Loading commands.rb
 INFO LOG: May_30_23:06: Loading editor/editor.player.rb
 INFO LOG: May_30_23:06: Loading random.rb
 INFO LOG: May_30_23:06: Loading npc.rb
 INFO LOG: May_30_23:06: Loading items/types.rb
 INFO LOG: May_30_23:06: Loading items/items.rb
 INFO LOG: May_30_23:06: Loading spells.rb
 INFO LOG: May_30_23:06: Loading all zones.
 INFO LOG: May_30_23:06: Loading all socials.
 INFO LOG: May_30_23:06: Upgrading database
 INFO LOG: May_30_23:06: Starting server.
 INFO LOG: May_30_23:06: CoralMUD is now up on port 4000.
 INFO LOG: May_30_23:06: -- 76.202.141.206:58981 connected to CoralMUD!
 INFO LOG: May_30_23:06: -- 76.202.141.206:58981: () Invalid name in character creation.
 INFO LOG: May_30_23:06: -- 76.202.141.206:58981: Retnur is trying to connect.
 INFO LOG: May_30_23:06: -- 76.202.141.206:58981: Retnur player file found.
 INFO LOG: May_30_23:06: -- Retnur has entered the game.
 INFO LOG: May_30_23:06: saving #<Player:0x00000001f02700> to database.
 INFO LOG: May_30_23:08: tick!!!
 INFO LOG: May_30_23:08: saving #<Player:0x00000001f02700> to database.
 INFO LOG: May_30_23:10: tick!!!
 INFO LOG: May_30_23:10: saving #<Player:0x00000001f02700> to database.
 INFO LOG: May_30_23:12: tick!!!
 INFO LOG: May_30_23:12: saving #<Player:0x00000001f02700> to database.
 INFO LOG: May_30_23:14: tick!!!
 INFO LOG: May_30_23:14: saving #<Player:0x00000001f02700> to database.
 INFO LOG: May_30_23:16: tick!!!
 INFO LOG: May_30_23:16: saving #<Player:0x00000001f02700> to database.
 INFO LOG: May_30_23:18: tick!!!
 INFO LOG: May_30_23:18: saving #<Player:0x00000001f02700> to database.
 INFO LOG: May_30_23:20: tick!!!
 INFO LOG: May_30_23:20: saving #<Player:0x00000001f02700> to database.
 INFO LOG: May_30_23:22: tick!!!
 INFO LOG: May_30_23:22: saving #<Player:0x00000001f02700> to database.
 INFO LOG: May_30_23:24: tick!!!
 INFO LOG: May_30_23:24: saving #<Player:0x00000001f02700> to database.
 INFO LOG: May_30_23:26: tick!!!
 INFO LOG: May_30_23:26: saving #<Player:0x00000001f02700> to database.
 INFO LOG: May_30_23:28: tick!!!
 INFO LOG: May_30_23:28: saving #<Player:0x00000001f02700> to database.
 INFO LOG: May_30_23:30: tick!!!
 INFO LOG: May_30_23:30: saving #<Player:0x00000001f02700> to database.
 INFO LOG: May_30_23:32: tick!!!
 INFO LOG: May_30_23:32: saving #<Player:0x00000001f02700> to database.
 INFO LOG: May_30_23:34: tick!!!
 INFO LOG: May_30_23:34: saving #<Player:0x00000001f02700> to database.
 INFO LOG: May_30_23:36: tick!!!
 INFO LOG: May_30_23:36: saving #<Player:0x00000001f02700> to database.
 INFO LOG: May_30_23:38: tick!!!
 INFO LOG: May_30_23:38: saving #<Player:0x00000001f02700> to database.
 INFO LOG: May_30_23:40: tick!!!
 INFO LOG: May_30_23:40: saving #<Player:0x00000001f02700> to database.
 INFO LOG: May_30_23:42: tick!!!
 INFO LOG: May_30_23:42: saving #<Player:0x00000001f02700> to database.
 INFO LOG: May_30_23:44: tick!!!
 INFO LOG: May_30_23:44: saving #<Player:0x00000001f02700> to database.
 INFO LOG: May_30_23:46: tick!!!
 INFO LOG: May_30_23:46: saving #<Player:0x00000001f02700> to database.
 INFO LOG: May_30_23:48: tick!!!
 INFO LOG: May_30_23:48: saving #<Player:0x00000001f02700> to database.
 INFO LOG: May_30_23:50: tick!!!
 INFO LOG: May_30_23:50: saving #<Player:0x00000001f02700> to database.
 INFO LOG: May_30_23:52: tick!!!
 INFO LOG: May_30_23:52: saving #<Player:0x00000001f02700> to database.
 INFO LOG: May_30_23:54: tick!!!
 INFO LOG: May_30_23:54: saving #<Player:0x00000001f02700> to database.
 INFO LOG: May_30_23:56: tick!!!
 INFO LOG: May_30_23:56: saving #<Player:0x00000001f02700> to database.
 INFO LOG: May_30_23:58: tick!!!
 INFO LOG: May_30_23:58: saving #<Player:0x00000001f02700> to database.
 INFO LOG: May_31_00:00: tick!!!
 INFO LOG: May_31_00:00: saving #<Player:0x00000001f02700> to database.
 INFO LOG: May_31_00:02: tick!!!
 INFO LOG: May_31_00:02: saving #<Player:0x00000001f02700> to database.
 INFO LOG: May_31_00:04: tick!!!
 INFO LOG: May_31_00:04: saving #<Player:0x00000001f02700> to database.
 INFO LOG: May_31_00:06: tick!!!
 INFO LOG: May_31_00:06: saving #<Player:0x00000001f02700> to database.
 INFO LOG: May_31_00:08: tick!!!
 INFO LOG: May_31_00:08: saving #<Player:0x00000001f02700> to database.
 INFO LOG: May_31_00:10: tick!!!
 INFO LOG: May_31_00:10: saving #<Player:0x00000001f02700> to database.
 INFO LOG: May_31_00:12: tick!!!
 INFO LOG: May_31_00:12: saving #<Player:0x00000001f02700> to database.
 INFO LOG: May_31_00:14: tick!!!
 INFO LOG: May_31_00:14: saving #<Player:0x00000001f02700> to database.
 INFO LOG: May_31_00:16: tick!!!
 INFO LOG: May_31_00:16: saving #<Player:0x00000001f02700> to database.
 INFO LOG: May_31_00:18: tick!!!
 INFO LOG: May_31_00:18: saving #<Player:0x00000001f02700> to database.
 INFO LOG: May_31_00:20: tick!!!
 INFO LOG: May_31_00:20: saving #<Player:0x00000001f02700> to database.
 INFO LOG: May_31_00:22: tick!!!
 INFO LOG: May_31_00:22: saving #<Player:0x00000001f02700> to database.
 INFO LOG: May_31_00:24: tick!!!
 INFO LOG: May_31_00:24: saving #<Player:0x00000001f02700> to database.
 INFO LOG: May_31_00:26: tick!!!
 INFO LOG: May_31_00:26: saving #<Player:0x00000001f02700> to database.
 INFO LOG: May_31_00:28: tick!!!
 INFO LOG: May_31_00:28: saving #<Player:0x00000001f02700> to database.
 INFO LOG: May_31_00:30: tick!!!
 INFO LOG: May_31_00:30: saving #<Player:0x00000001f02700> to database.
 INFO LOG: May_31_00:32: tick!!!
 INFO LOG: May_31_00:32: saving #<Player:0x00000001f02700> to database.
 INFO LOG: May_31_00:34: tick!!!
 INFO LOG: May_31_00:34: saving #<Player:0x00000001f02700> to database.
 INFO LOG: May_31_00:36: tick!!!
 INFO LOG: May_31_00:36: saving #<Player:0x00000001f02700> to database.
 INFO LOG: May_31_00:38: tick!!!
 INFO LOG: May_31_00:38: saving #<Player:0x00000001f02700> to database.
 INFO LOG: May_31_00:40: tick!!!
 INFO LOG: May_31_00:40: saving #<Player:0x00000001f02700> to database.
 INFO LOG: May_31_00:42: tick!!!
 INFO LOG: May_31_00:42: saving #<Player:0x00000001f02700> to database.
 INFO LOG: May_31_00:44: tick!!!
 INFO LOG: May_31_00:44: saving #<Player:0x00000001f02700> to database.
 INFO LOG: May_31_00:46: tick!!!
 INFO LOG: May_31_00:46: saving #<Player:0x00000001f02700> to database.
 INFO LOG: May_31_00:48: tick!!!
 INFO LOG: May_31_00:48: saving #<Player:0x00000001f02700> to database.
 INFO LOG: May_31_00:50: tick!!!
 INFO LOG: May_31_00:50: saving #<Player:0x00000001f02700> to database.
 INFO LOG: May_31_00:52: tick!!!
 INFO LOG: May_31_00:52: saving #<Player:0x00000001f02700> to database.
 INFO LOG: May_31_00:54: tick!!!
 INFO LOG: May_31_00:54: saving #<Player:0x00000001f02700> to database.
 INFO LOG: May_31_00:56: tick!!!
 INFO LOG: May_31_00:56: saving #<Player:0x00000001f02700> to database.
 INFO LOG: May_31_00:58: tick!!!
 INFO LOG: May_31_00:58: saving #<Player:0x00000001f02700> to database.
 INFO LOG: May_31_01:00: tick!!!
 INFO LOG: May_31_01:00: saving #<Player:0x00000001f02700> to database.
 INFO LOG: May_31_01:02: tick!!!
 INFO LOG: May_31_01:02: saving #<Player:0x00000001f02700> to database.
 INFO LOG: May_31_01:04: tick!!!
 INFO LOG: May_31_01:04: saving #<Player:0x00000001f02700> to database.
 INFO LOG: May_31_01:06: tick!!!
 INFO LOG: May_31_01:06: saving #<Player:0x00000001f02700> to database.
 INFO LOG: May_31_01:08: tick!!!
 INFO LOG: May_31_01:08: saving #<Player:0x00000001f02700> to database.
 INFO LOG: May_31_01:10: tick!!!
 INFO LOG: May_31_01:10: saving #<Player:0x00000001f02700> to database.
 INFO LOG: May_31_01:12: tick!!!
 INFO LOG: May_31_01:12: saving #<Player:0x00000001f02700> to database.
 INFO LOG: May_31_01:14: tick!!!
 INFO LOG: May_31_01:14: saving #<Player:0x00000001f02700> to database.
 INFO LOG: May_31_01:16: tick!!!
 INFO LOG: May_31_01:16: saving #<Player:0x00000001f02700> to database.
 INFO LOG: May_31_01:18: tick!!!
 INFO LOG: May_31_01:18: saving #<Player:0x00000001f02700> to database.
 INFO LOG: May_31_01:20: tick!!!
 INFO LOG: May_31_01:20: saving #<Player:0x00000001f02700> to database.
 INFO LOG: May_31_01:22: tick!!!
 INFO LOG: May_31_01:22: saving #<Player:0x00000001f02700> to database.
 INFO LOG: May_31_01:24: tick!!!
 INFO LOG: May_31_01:24: saving #<Player:0x00000001f02700> to database.
 INFO LOG: May_31_01:26: tick!!!
 INFO LOG: May_31_01:26: saving #<Player:0x00000001f02700> to database.
 INFO LOG: May_31_01:28: tick!!!
 INFO LOG: May_31_01:28: saving #<Player:0x00000001f02700> to database.
 INFO LOG: May_31_01:30: tick!!!
 INFO LOG: May_31_01:30: saving #<Player:0x00000001f02700> to database.
 INFO LOG: May_31_01:32: -- #<Player:0x00000001f02700>:76.202.141.206:58981 disconnected from CoralMUD!
 INFO LOG: May_31_01:32: Program closed.
