 INFO LOG: May_19_08:54: Logging enabled.   Loading logs.rb.
 INFO LOG: May_19_08:54: Loading facade.rb
 INFO LOG: May_19_08:54: Loading query_list.rb
 INFO LOG: May_19_08:54: Loading utils.rb
 INFO LOG: May_19_08:54: Loading constants.rb
 INFO LOG: May_19_08:54: Loading damage.rb
 INFO LOG: May_19_08:54: Loading class_property.rb
 INFO LOG: May_19_08:54: Loading scripts.rb
 INFO LOG: May_19_08:54: Loading tags.rb
 INFO LOG: May_19_08:54: Loading editor/editors.rb
 INFO LOG: May_19_08:54: Loading editor/editor.strings.rb
 INFO LOG: May_19_08:54: Loading editor/editor.rooms.rb
 INFO LOG: May_19_08:54: Loading editor/editor.exits.rb
 INFO LOG: May_19_08:54: Loading editor/editor.zones.rb
 INFO LOG: May_19_08:54: Loading editor/editor.npc.rb
 INFO LOG: May_19_08:54: Loading editor/editor.items.rb
 INFO LOG: May_19_08:54: Loading mxp.rb
 INFO LOG: May_19_08:54: Loading mccp.rb
 INFO LOG: May_19_08:54: Loading flags.rb
 INFO LOG: May_19_08:54: Loading areas.rb
 INFO LOG: May_19_08:54: Loading security.rb
 INFO LOG: May_19_08:54: Loading event.rb
 INFO LOG: May_19_08:54: Loading automap/automap.rb
 INFO LOG: May_19_08:54: Loading cities.olc.rb
 INFO LOG: May_19_08:54: Loading cities.rb
 INFO LOG: May_19_08:54: Loading sector definitions.
 INFO LOG: May_19_08:54: Loading help.rb
 INFO LOG: May_19_08:54: Loading imcruby.rb
 INFO LOG: May_19_08:54: Loading player.rb
 INFO LOG: May_19_08:54: Loading commands.rb
 INFO LOG: May_19_08:54: Loading editor/editor.player.rb
 INFO LOG: May_19_08:54: Loading random.rb
 INFO LOG: May_19_08:54: Loading npc.rb
 INFO LOG: May_19_08:54: Loading items/types.rb
 INFO LOG: May_19_08:54: Loading items/items.rb
 INFO LOG: May_19_08:54: Loading spells.rb
 INFO LOG: May_19_08:54: Loading all zones.
 INFO LOG: May_19_08:54: Starting server.
 INFO LOG: May_19_08:54: CoralMUD is now up on port 4000.
 INFO LOG: May_19_08:54: -- 76.202.141.206:42440 connected to CoralMUD!
 INFO LOG: May_19_08:54: -- 76.202.141.206:42440: () Invalid name in character creation.
 INFO LOG: May_19_08:54: -- 76.202.141.206:42440: Retnur is trying to connect.
 INFO LOG: May_19_08:54: -- 76.202.141.206:42440: Retnur player file found.
 INFO LOG: May_19_08:54: -- Retnur has entered the game.
 INFO LOG: May_19_08:55: -- #<Player:0x00000001fc1060>:76.202.141.206:42440 disconnected from CoralMUD!
 INFO LOG: May_19_08:55: Logging enabled.   Loading logs.rb.
 INFO LOG: May_19_08:55: Loading facade.rb
 INFO LOG: May_19_08:55: Loading query_list.rb
 INFO LOG: May_19_08:55: Loading utils.rb
 INFO LOG: May_19_08:55: Loading constants.rb
 INFO LOG: May_19_08:55: Loading damage.rb
 INFO LOG: May_19_08:55: Loading class_property.rb
 INFO LOG: May_19_08:55: Loading scripts.rb
 INFO LOG: May_19_08:55: Loading tags.rb
 INFO LOG: May_19_08:55: Loading editor/editors.rb
 INFO LOG: May_19_08:55: Loading editor/editor.strings.rb
 INFO LOG: May_19_08:55: Loading editor/editor.rooms.rb
 INFO LOG: May_19_08:55: Loading editor/editor.exits.rb
 INFO LOG: May_19_08:55: Loading editor/editor.zones.rb
 INFO LOG: May_19_08:55: Loading editor/editor.npc.rb
 INFO LOG: May_19_08:55: Loading editor/editor.items.rb
 INFO LOG: May_19_08:55: Loading mxp.rb
 INFO LOG: May_19_08:55: Loading mccp.rb
 INFO LOG: May_19_08:55: Loading flags.rb
 INFO LOG: May_19_08:55: Loading areas.rb
 INFO LOG: May_19_08:55: Loading security.rb
 INFO LOG: May_19_08:55: Loading event.rb
 INFO LOG: May_19_08:55: Loading automap/automap.rb
 INFO LOG: May_19_08:55: Loading cities.olc.rb
 INFO LOG: May_19_08:55: Loading cities.rb
 INFO LOG: May_19_08:55: Loading sector definitions.
 INFO LOG: May_19_08:55: Loading help.rb
 INFO LOG: May_19_08:55: Loading imcruby.rb
 INFO LOG: May_19_08:55: Loading player.rb
 INFO LOG: May_19_08:55: Loading commands.rb
 INFO LOG: May_19_08:55: Loading editor/editor.player.rb
 INFO LOG: May_19_08:55: Loading random.rb
 INFO LOG: May_19_08:55: Loading npc.rb
 INFO LOG: May_19_08:55: Loading items/types.rb
 INFO LOG: May_19_08:55: Loading items/items.rb
 INFO LOG: May_19_08:55: Loading spells.rb
 INFO LOG: May_19_08:55: Loading all zones.
 INFO LOG: May_19_08:55: Starting server.
 INFO LOG: May_19_08:55: CoralMUD is now up on port 4000.
 INFO LOG: May_19_08:55: -- 76.202.141.206:59420 connected to CoralMUD!
 INFO LOG: May_19_08:55: -- 76.202.141.206:59420: Retnur is trying to connect.
 INFO LOG: May_19_08:55: -- 76.202.141.206:59420: Retnur player file found.
 INFO LOG: May_19_08:55: -- Retnur has entered the game.
 INFO LOG: May_19_08:57: tick!!!
 INFO LOG: May_19_08:59: tick!!!
 INFO LOG: May_19_09:01: tick!!!
 INFO LOG: May_19_09:03: tick!!!
 INFO LOG: May_19_09:05: tick!!!
 INFO LOG: May_19_09:07: tick!!!
 INFO LOG: May_19_09:09: tick!!!
 INFO LOG: May_19_09:11: tick!!!
 INFO LOG: May_19_09:13: tick!!!
 INFO LOG: May_19_09:15: tick!!!
 INFO LOG: May_19_09:17: tick!!!
 INFO LOG: May_19_09:19: tick!!!
 INFO LOG: May_19_09:21: tick!!!
 INFO LOG: May_19_09:23: tick!!!
 INFO LOG: May_19_09:25: tick!!!
 INFO LOG: May_19_09:27: tick!!!
 INFO LOG: May_19_09:29: tick!!!
 INFO LOG: May_19_09:31: tick!!!
 INFO LOG: May_19_09:33: tick!!!
 INFO LOG: May_19_09:35: tick!!!
 INFO LOG: May_19_09:37: tick!!!
 INFO LOG: May_19_09:39: tick!!!
 INFO LOG: May_19_09:41: tick!!!
 INFO LOG: May_19_09:43: tick!!!
 INFO LOG: May_19_09:45: tick!!!
 INFO LOG: May_19_09:47: tick!!!
 INFO LOG: May_19_09:49: tick!!!
 INFO LOG: May_19_09:51: tick!!!
 INFO LOG: May_19_09:53: tick!!!
 INFO LOG: May_19_09:55: tick!!!
 INFO LOG: May_19_09:57: tick!!!
 INFO LOG: May_19_09:59: tick!!!
 INFO LOG: May_19_10:01: tick!!!
 INFO LOG: May_19_10:03: tick!!!
 INFO LOG: May_19_10:05: tick!!!
 INFO LOG: May_19_10:07: tick!!!
 INFO LOG: May_19_10:09: tick!!!
 INFO LOG: May_19_10:11: tick!!!
 INFO LOG: May_19_10:13: tick!!!
 INFO LOG: May_19_10:15: tick!!!
 INFO LOG: May_19_10:17: tick!!!
 INFO LOG: May_19_10:19: tick!!!
 INFO LOG: May_19_10:21: tick!!!
 INFO LOG: May_19_10:23: tick!!!
 INFO LOG: May_19_10:25: tick!!!
 INFO LOG: May_19_10:27: tick!!!
 INFO LOG: May_19_10:29: tick!!!
 INFO LOG: May_19_10:31: tick!!!
 INFO LOG: May_19_10:33: tick!!!
 INFO LOG: May_19_10:35: tick!!!
 INFO LOG: May_19_10:37: tick!!!
 INFO LOG: May_19_10:39: tick!!!
 INFO LOG: May_19_10:41: tick!!!
 INFO LOG: May_19_10:43: tick!!!
 INFO LOG: May_19_10:45: tick!!!
 INFO LOG: May_19_10:47: tick!!!
 INFO LOG: May_19_10:49: tick!!!
 INFO LOG: May_19_10:51: tick!!!
 INFO LOG: May_19_10:53: tick!!!
 INFO LOG: May_19_10:55: tick!!!
 INFO LOG: May_19_10:57: tick!!!
 INFO LOG: May_19_10:59: tick!!!
 INFO LOG: May_19_11:01: tick!!!
 INFO LOG: May_19_11:03: tick!!!
 INFO LOG: May_19_11:05: tick!!!
 INFO LOG: May_19_11:07: tick!!!
 INFO LOG: May_19_11:09: tick!!!
 INFO LOG: May_19_11:11: tick!!!
 INFO LOG: May_19_11:13: tick!!!
 INFO LOG: May_19_11:15: tick!!!
 INFO LOG: May_19_11:17: tick!!!
 INFO LOG: May_19_11:19: tick!!!
 INFO LOG: May_19_11:21: tick!!!
 INFO LOG: May_19_11:23: tick!!!
 INFO LOG: May_19_11:25: tick!!!
 INFO LOG: May_19_11:27: tick!!!
 INFO LOG: May_19_11:29: tick!!!
 INFO LOG: May_19_11:31: tick!!!
 INFO LOG: May_19_11:33: tick!!!
 INFO LOG: May_19_11:35: tick!!!
 INFO LOG: May_19_11:37: tick!!!
 INFO LOG: May_19_11:39: tick!!!
 INFO LOG: May_19_11:41: tick!!!
 INFO LOG: May_19_11:43: tick!!!
 INFO LOG: May_19_11:45: tick!!!
 INFO LOG: May_19_11:47: tick!!!
 INFO LOG: May_19_11:49: tick!!!
 INFO LOG: May_19_11:51: -- #<Player:0x0000000300e300>:76.202.141.206:59420 disconnected from CoralMUD!
